/home/amit/muse/output/afh_download/schemas/TAINTSINK/afh_download
In file: ApplicationTest.java
Input operator: TAINTSINK
ApplicationTest
In file: AlarmReceiver.java
Input operator: TAINTSINK
onReceive
buildPath
leak-2-1: AlarmReceiver.onReceive
leak-1-1: AlarmReceiver.onReceive
leak-2-2: AlarmReceiver.buildPath
leak-1-2: AlarmReceiver.buildPath
In file: LogUtil.java
Input operator: TAINTSINK
In file: Download.java
Input operator: TAINTSINK
onStartCommand
onBind
doInBackground
onPostExecute
parseUrl
getFirstUrl
getBaseUrl
getMD5
getDLUrl
doInBackground
doInBackground
onPostExecute
doInBackground
onPostExecute
download
leak-10-3: Download.onStartCommand
leak-9-3: Download.onStartCommand
leak-10-4: Download.onBind
leak-9-4: Download.onBind
leak-10-7: Download.parseUrl
leak-9-7: Download.parseUrl
leak-10-8: Download.getFirstUrl
leak-9-8: Download.getFirstUrl
leak-10-9: Download.getBaseUrl
leak-9-9: Download.getBaseUrl
leak-10-10: Download.getMD5
leak-9-10: Download.getMD5
leak-10-11: Download.getDLUrl
leak-9-11: Download.getDLUrl
leak-10-17: Download.download
leak-9-17: Download.download
leak-8-3: Download.onStartCommand
leak-8-4: Download.onBind
leak-8-7: Download.parseUrl
leak-8-8: Download.getFirstUrl
leak-8-9: Download.getBaseUrl
leak-8-10: Download.getMD5
leak-8-11: Download.getDLUrl
leak-8-17: Download.download
leak-7-3: Download.onStartCommand
leak-7-4: Download.onBind
leak-7-7: Download.parseUrl
leak-7-8: Download.getFirstUrl
leak-7-9: Download.getBaseUrl
leak-7-10: Download.getMD5
leak-7-11: Download.getDLUrl
leak-7-17: Download.download
leak-6-3: Download.onStartCommand
leak-6-4: Download.onBind
leak-6-7: Download.parseUrl
leak-6-8: Download.getFirstUrl
leak-6-9: Download.getBaseUrl
leak-6-10: Download.getMD5
leak-6-11: Download.getDLUrl
leak-6-17: Download.download
leak-5-3: Download.onStartCommand
leak-5-4: Download.onBind
leak-5-7: Download.parseUrl
leak-5-8: Download.getFirstUrl
leak-5-9: Download.getBaseUrl
leak-5-10: Download.getMD5
leak-5-11: Download.getDLUrl
leak-5-17: Download.download
leak-4-3: Download.onStartCommand
leak-4-4: Download.onBind
leak-4-7: Download.parseUrl
leak-4-8: Download.getFirstUrl
leak-4-9: Download.getBaseUrl
leak-4-10: Download.getMD5
leak-4-11: Download.getDLUrl
leak-4-17: Download.download
leak-3-3: Download.onStartCommand
leak-3-4: Download.onBind
leak-3-7: Download.parseUrl
leak-3-8: Download.getFirstUrl
leak-3-9: Download.getBaseUrl
leak-3-10: Download.getMD5
leak-3-11: Download.getDLUrl
leak-3-17: Download.download
In file: DirectoryPicker.java
Input operator: TAINTSINK
onCreate
onClick
onItemClick
onActivityResult
Private method: returnDir
filter
names
leak-18-18: DirectoryPicker.onCreate
SUper found
leak-17-18: DirectoryPicker.onCreate
SUper found
leak-18-19: DirectoryPicker.onActivityResult
leak-17-19: DirectoryPicker.onActivityResult
leak-18-20: DirectoryPicker.returnDir
leak-17-20: DirectoryPicker.returnDir
leak-18-21: DirectoryPicker.filter
leak-17-21: DirectoryPicker.filter
leak-18-22: DirectoryPicker.names
leak-17-22: DirectoryPicker.names
leak-16-18: DirectoryPicker.onCreate
SUper found
leak-16-19: DirectoryPicker.onActivityResult
leak-16-20: DirectoryPicker.returnDir
leak-16-21: DirectoryPicker.filter
leak-16-22: DirectoryPicker.names
leak-15-18: DirectoryPicker.onCreate
SUper found
leak-15-19: DirectoryPicker.onActivityResult
leak-15-20: DirectoryPicker.returnDir
leak-15-21: DirectoryPicker.filter
leak-15-22: DirectoryPicker.names
leak-13-18: DirectoryPicker.onCreate
SUper found
leak-13-19: DirectoryPicker.onActivityResult
leak-13-20: DirectoryPicker.returnDir
leak-13-21: DirectoryPicker.filter
leak-13-22: DirectoryPicker.names
leak-11-18: DirectoryPicker.onCreate
SUper found
leak-11-19: DirectoryPicker.onActivityResult
leak-11-20: DirectoryPicker.returnDir
leak-11-21: DirectoryPicker.filter
leak-11-22: DirectoryPicker.names
In file: PrefsFragment.java
Input operator: TAINTSINK
onCreate
onPreferenceClick
leak-21-23: PrefsFragment.onCreate
SUper found
leak-19-23: PrefsFragment.onCreate
SUper found
In file: SetPreferenceActivity.java
Input operator: TAINTSINK
onCreate
In file: MainActivity.java
Input operator: TAINTSINK
onCreate
onActivityResult
setAlarm
getPref
setRecurringAlarm
CancelAlarm
run
buildPath
onCreateOptionsMenu
onOptionsItemSelected
getCommandsToExecute
onRequestPermissionsResult
onPermissionsGranted
onPermissionsDenied
getBaseUrl
readFile
writeFile
setList
canDismiss
onDismiss
onClick
onItemClick
message_dialog_yes_no
onClick
execute
getCommandsToExecute
onResume
onPause
leak-59-25: MainActivity.onCreate
SUper found
leak-58-25: MainActivity.onCreate
SUper found
leak-59-26: MainActivity.onActivityResult
leak-58-26: MainActivity.onActivityResult
leak-59-27: MainActivity.setAlarm
leak-58-27: MainActivity.setAlarm
leak-59-28: MainActivity.getPref
leak-58-28: MainActivity.getPref
leak-59-29: MainActivity.setRecurringAlarm
leak-58-29: MainActivity.setRecurringAlarm
leak-59-30: MainActivity.CancelAlarm
leak-58-30: MainActivity.CancelAlarm
leak-59-31: MainActivity.run
leak-58-31: MainActivity.run
leak-59-32: MainActivity.buildPath
leak-58-32: MainActivity.buildPath
leak-59-33: MainActivity.onCreateOptionsMenu
leak-58-33: MainActivity.onCreateOptionsMenu
leak-59-34: MainActivity.onOptionsItemSelected
leak-58-34: MainActivity.onOptionsItemSelected
leak-59-35: MainActivity.onRequestPermissionsResult
SUper found
leak-58-35: MainActivity.onRequestPermissionsResult
SUper found
leak-59-36: MainActivity.onPermissionsGranted
leak-58-36: MainActivity.onPermissionsGranted
leak-59-37: MainActivity.onPermissionsDenied
leak-58-37: MainActivity.onPermissionsDenied
leak-59-38: MainActivity.getBaseUrl
leak-58-38: MainActivity.getBaseUrl
leak-59-39: MainActivity.readFile
leak-58-39: MainActivity.readFile
leak-59-40: MainActivity.writeFile
leak-58-40: MainActivity.writeFile
leak-59-41: MainActivity.setList
leak-58-41: MainActivity.setList
leak-59-42: MainActivity.message_dialog_yes_no
leak-58-42: MainActivity.message_dialog_yes_no
leak-59-45: MainActivity.onResume
SUper found
leak-58-45: MainActivity.onResume
SUper found
leak-59-46: MainActivity.onPause
SUper found
leak-58-46: MainActivity.onPause
SUper found
leak-57-25: MainActivity.onCreate
SUper found
leak-57-26: MainActivity.onActivityResult
leak-57-27: MainActivity.setAlarm
leak-57-28: MainActivity.getPref
leak-57-29: MainActivity.setRecurringAlarm
leak-57-30: MainActivity.CancelAlarm
leak-57-31: MainActivity.run
leak-57-32: MainActivity.buildPath
leak-57-33: MainActivity.onCreateOptionsMenu
leak-57-34: MainActivity.onOptionsItemSelected
leak-57-35: MainActivity.onRequestPermissionsResult
SUper found
leak-57-36: MainActivity.onPermissionsGranted
leak-57-37: MainActivity.onPermissionsDenied
leak-57-38: MainActivity.getBaseUrl
leak-57-39: MainActivity.readFile
leak-57-40: MainActivity.writeFile
leak-57-41: MainActivity.setList
leak-57-42: MainActivity.message_dialog_yes_no
leak-57-45: MainActivity.onResume
SUper found
leak-57-46: MainActivity.onPause
SUper found
leak-55-25: MainActivity.onCreate
SUper found
leak-55-26: MainActivity.onActivityResult
leak-55-27: MainActivity.setAlarm
leak-55-28: MainActivity.getPref
leak-55-29: MainActivity.setRecurringAlarm
leak-55-30: MainActivity.CancelAlarm
leak-55-31: MainActivity.run
leak-55-32: MainActivity.buildPath
leak-55-33: MainActivity.onCreateOptionsMenu
leak-55-34: MainActivity.onOptionsItemSelected
leak-55-35: MainActivity.onRequestPermissionsResult
SUper found
leak-55-36: MainActivity.onPermissionsGranted
leak-55-37: MainActivity.onPermissionsDenied
leak-55-38: MainActivity.getBaseUrl
leak-55-39: MainActivity.readFile
leak-55-40: MainActivity.writeFile
leak-55-41: MainActivity.setList
leak-55-42: MainActivity.message_dialog_yes_no
leak-55-45: MainActivity.onResume
SUper found
leak-55-46: MainActivity.onPause
SUper found
leak-53-25: MainActivity.onCreate
SUper found
leak-53-26: MainActivity.onActivityResult
leak-53-27: MainActivity.setAlarm
leak-53-28: MainActivity.getPref
leak-53-29: MainActivity.setRecurringAlarm
leak-53-30: MainActivity.CancelAlarm
leak-53-31: MainActivity.run
leak-53-32: MainActivity.buildPath
leak-53-33: MainActivity.onCreateOptionsMenu
leak-53-34: MainActivity.onOptionsItemSelected
leak-53-35: MainActivity.onRequestPermissionsResult
SUper found
leak-53-36: MainActivity.onPermissionsGranted
leak-53-37: MainActivity.onPermissionsDenied
leak-53-38: MainActivity.getBaseUrl
leak-53-39: MainActivity.readFile
leak-53-40: MainActivity.writeFile
leak-53-41: MainActivity.setList
leak-53-42: MainActivity.message_dialog_yes_no
leak-53-45: MainActivity.onResume
SUper found
leak-53-46: MainActivity.onPause
SUper found
leak-51-25: MainActivity.onCreate
SUper found
leak-51-26: MainActivity.onActivityResult
leak-51-27: MainActivity.setAlarm
leak-51-28: MainActivity.getPref
leak-51-29: MainActivity.setRecurringAlarm
leak-51-30: MainActivity.CancelAlarm
leak-51-31: MainActivity.run
leak-51-32: MainActivity.buildPath
leak-51-33: MainActivity.onCreateOptionsMenu
leak-51-34: MainActivity.onOptionsItemSelected
leak-51-35: MainActivity.onRequestPermissionsResult
SUper found
leak-51-36: MainActivity.onPermissionsGranted
leak-51-37: MainActivity.onPermissionsDenied
leak-51-38: MainActivity.getBaseUrl
leak-51-39: MainActivity.readFile
leak-51-40: MainActivity.writeFile
leak-51-41: MainActivity.setList
leak-51-42: MainActivity.message_dialog_yes_no
leak-51-45: MainActivity.onResume
SUper found
leak-51-46: MainActivity.onPause
SUper found
leak-50-25: MainActivity.onCreate
SUper found
leak-50-26: MainActivity.onActivityResult
leak-50-27: MainActivity.setAlarm
leak-50-28: MainActivity.getPref
leak-50-29: MainActivity.setRecurringAlarm
leak-50-30: MainActivity.CancelAlarm
leak-50-31: MainActivity.run
leak-50-32: MainActivity.buildPath
leak-50-33: MainActivity.onCreateOptionsMenu
leak-50-34: MainActivity.onOptionsItemSelected
leak-50-35: MainActivity.onRequestPermissionsResult
SUper found
leak-50-36: MainActivity.onPermissionsGranted
leak-50-37: MainActivity.onPermissionsDenied
leak-50-38: MainActivity.getBaseUrl
leak-50-39: MainActivity.readFile
leak-50-40: MainActivity.writeFile
leak-50-41: MainActivity.setList
leak-50-42: MainActivity.message_dialog_yes_no
leak-50-45: MainActivity.onResume
SUper found
leak-50-46: MainActivity.onPause
SUper found
leak-48-25: MainActivity.onCreate
SUper found
leak-48-26: MainActivity.onActivityResult
leak-48-27: MainActivity.setAlarm
leak-48-28: MainActivity.getPref
leak-48-29: MainActivity.setRecurringAlarm
leak-48-30: MainActivity.CancelAlarm
leak-48-31: MainActivity.run
leak-48-32: MainActivity.buildPath
leak-48-33: MainActivity.onCreateOptionsMenu
leak-48-34: MainActivity.onOptionsItemSelected
leak-48-35: MainActivity.onRequestPermissionsResult
SUper found
leak-48-36: MainActivity.onPermissionsGranted
leak-48-37: MainActivity.onPermissionsDenied
leak-48-38: MainActivity.getBaseUrl
leak-48-39: MainActivity.readFile
leak-48-40: MainActivity.writeFile
leak-48-41: MainActivity.setList
leak-48-42: MainActivity.message_dialog_yes_no
leak-48-45: MainActivity.onResume
SUper found
leak-48-46: MainActivity.onPause
SUper found
leak-45-25: MainActivity.onCreate
SUper found
leak-45-26: MainActivity.onActivityResult
leak-45-27: MainActivity.setAlarm
leak-45-28: MainActivity.getPref
leak-45-29: MainActivity.setRecurringAlarm
leak-45-30: MainActivity.CancelAlarm
leak-45-31: MainActivity.run
leak-45-32: MainActivity.buildPath
leak-45-33: MainActivity.onCreateOptionsMenu
leak-45-34: MainActivity.onOptionsItemSelected
leak-45-35: MainActivity.onRequestPermissionsResult
SUper found
leak-45-36: MainActivity.onPermissionsGranted
leak-45-37: MainActivity.onPermissionsDenied
leak-45-38: MainActivity.getBaseUrl
leak-45-39: MainActivity.readFile
leak-45-40: MainActivity.writeFile
leak-45-41: MainActivity.setList
leak-45-42: MainActivity.message_dialog_yes_no
leak-45-45: MainActivity.onResume
SUper found
leak-45-46: MainActivity.onPause
SUper found
leak-43-25: MainActivity.onCreate
SUper found
leak-43-26: MainActivity.onActivityResult
leak-43-27: MainActivity.setAlarm
leak-43-28: MainActivity.getPref
leak-43-29: MainActivity.setRecurringAlarm
leak-43-30: MainActivity.CancelAlarm
leak-43-31: MainActivity.run
leak-43-32: MainActivity.buildPath
leak-43-33: MainActivity.onCreateOptionsMenu
leak-43-34: MainActivity.onOptionsItemSelected
leak-43-35: MainActivity.onRequestPermissionsResult
SUper found
leak-43-36: MainActivity.onPermissionsGranted
leak-43-37: MainActivity.onPermissionsDenied
leak-43-38: MainActivity.getBaseUrl
leak-43-39: MainActivity.readFile
leak-43-40: MainActivity.writeFile
leak-43-41: MainActivity.setList
leak-43-42: MainActivity.message_dialog_yes_no
leak-43-45: MainActivity.onResume
SUper found
leak-43-46: MainActivity.onPause
SUper found
leak-41-25: MainActivity.onCreate
SUper found
leak-41-26: MainActivity.onActivityResult
leak-41-27: MainActivity.setAlarm
leak-41-28: MainActivity.getPref
leak-41-29: MainActivity.setRecurringAlarm
leak-41-30: MainActivity.CancelAlarm
leak-41-31: MainActivity.run
leak-41-32: MainActivity.buildPath
leak-41-33: MainActivity.onCreateOptionsMenu
leak-41-34: MainActivity.onOptionsItemSelected
leak-41-35: MainActivity.onRequestPermissionsResult
SUper found
leak-41-36: MainActivity.onPermissionsGranted
leak-41-37: MainActivity.onPermissionsDenied
leak-41-38: MainActivity.getBaseUrl
leak-41-39: MainActivity.readFile
leak-41-40: MainActivity.writeFile
leak-41-41: MainActivity.setList
leak-41-42: MainActivity.message_dialog_yes_no
leak-41-45: MainActivity.onResume
SUper found
leak-41-46: MainActivity.onPause
SUper found
leak-40-25: MainActivity.onCreate
SUper found
leak-40-26: MainActivity.onActivityResult
leak-40-27: MainActivity.setAlarm
leak-40-28: MainActivity.getPref
leak-40-29: MainActivity.setRecurringAlarm
leak-40-30: MainActivity.CancelAlarm
leak-40-31: MainActivity.run
leak-40-32: MainActivity.buildPath
leak-40-33: MainActivity.onCreateOptionsMenu
leak-40-34: MainActivity.onOptionsItemSelected
leak-40-35: MainActivity.onRequestPermissionsResult
SUper found
leak-40-36: MainActivity.onPermissionsGranted
leak-40-37: MainActivity.onPermissionsDenied
leak-40-38: MainActivity.getBaseUrl
leak-40-39: MainActivity.readFile
leak-40-40: MainActivity.writeFile
leak-40-41: MainActivity.setList
leak-40-42: MainActivity.message_dialog_yes_no
leak-40-45: MainActivity.onResume
SUper found
leak-40-46: MainActivity.onPause
SUper found
leak-39-25: MainActivity.onCreate
SUper found
leak-39-26: MainActivity.onActivityResult
leak-39-27: MainActivity.setAlarm
leak-39-28: MainActivity.getPref
leak-39-29: MainActivity.setRecurringAlarm
leak-39-30: MainActivity.CancelAlarm
leak-39-31: MainActivity.run
leak-39-32: MainActivity.buildPath
leak-39-33: MainActivity.onCreateOptionsMenu
leak-39-34: MainActivity.onOptionsItemSelected
leak-39-35: MainActivity.onRequestPermissionsResult
SUper found
leak-39-36: MainActivity.onPermissionsGranted
leak-39-37: MainActivity.onPermissionsDenied
leak-39-38: MainActivity.getBaseUrl
leak-39-39: MainActivity.readFile
leak-39-40: MainActivity.writeFile
leak-39-41: MainActivity.setList
leak-39-42: MainActivity.message_dialog_yes_no
leak-39-45: MainActivity.onResume
SUper found
leak-39-46: MainActivity.onPause
SUper found
leak-38-25: MainActivity.onCreate
SUper found
leak-38-26: MainActivity.onActivityResult
leak-38-27: MainActivity.setAlarm
leak-38-28: MainActivity.getPref
leak-38-29: MainActivity.setRecurringAlarm
leak-38-30: MainActivity.CancelAlarm
leak-38-31: MainActivity.run
leak-38-32: MainActivity.buildPath
leak-38-33: MainActivity.onCreateOptionsMenu
leak-38-34: MainActivity.onOptionsItemSelected
leak-38-35: MainActivity.onRequestPermissionsResult
SUper found
leak-38-36: MainActivity.onPermissionsGranted
leak-38-37: MainActivity.onPermissionsDenied
leak-38-38: MainActivity.getBaseUrl
leak-38-39: MainActivity.readFile
leak-38-40: MainActivity.writeFile
leak-38-41: MainActivity.setList
leak-38-42: MainActivity.message_dialog_yes_no
leak-38-45: MainActivity.onResume
SUper found
leak-38-46: MainActivity.onPause
SUper found
leak-37-25: MainActivity.onCreate
SUper found
leak-37-26: MainActivity.onActivityResult
leak-37-27: MainActivity.setAlarm
leak-37-28: MainActivity.getPref
leak-37-29: MainActivity.setRecurringAlarm
leak-37-30: MainActivity.CancelAlarm
leak-37-31: MainActivity.run
leak-37-32: MainActivity.buildPath
leak-37-33: MainActivity.onCreateOptionsMenu
leak-37-34: MainActivity.onOptionsItemSelected
leak-37-35: MainActivity.onRequestPermissionsResult
SUper found
leak-37-36: MainActivity.onPermissionsGranted
leak-37-37: MainActivity.onPermissionsDenied
leak-37-38: MainActivity.getBaseUrl
leak-37-39: MainActivity.readFile
leak-37-40: MainActivity.writeFile
leak-37-41: MainActivity.setList
leak-37-42: MainActivity.message_dialog_yes_no
leak-37-45: MainActivity.onResume
SUper found
leak-37-46: MainActivity.onPause
SUper found
leak-36-25: MainActivity.onCreate
SUper found
leak-36-26: MainActivity.onActivityResult
leak-36-27: MainActivity.setAlarm
leak-36-28: MainActivity.getPref
leak-36-29: MainActivity.setRecurringAlarm
leak-36-30: MainActivity.CancelAlarm
leak-36-31: MainActivity.run
leak-36-32: MainActivity.buildPath
leak-36-33: MainActivity.onCreateOptionsMenu
leak-36-34: MainActivity.onOptionsItemSelected
leak-36-35: MainActivity.onRequestPermissionsResult
SUper found
leak-36-36: MainActivity.onPermissionsGranted
leak-36-37: MainActivity.onPermissionsDenied
leak-36-38: MainActivity.getBaseUrl
leak-36-39: MainActivity.readFile
leak-36-40: MainActivity.writeFile
leak-36-41: MainActivity.setList
leak-36-42: MainActivity.message_dialog_yes_no
leak-36-45: MainActivity.onResume
SUper found
leak-36-46: MainActivity.onPause
SUper found
leak-35-25: MainActivity.onCreate
SUper found
leak-35-26: MainActivity.onActivityResult
leak-35-27: MainActivity.setAlarm
leak-35-28: MainActivity.getPref
leak-35-29: MainActivity.setRecurringAlarm
leak-35-30: MainActivity.CancelAlarm
leak-35-31: MainActivity.run
leak-35-32: MainActivity.buildPath
leak-35-33: MainActivity.onCreateOptionsMenu
leak-35-34: MainActivity.onOptionsItemSelected
leak-35-35: MainActivity.onRequestPermissionsResult
SUper found
leak-35-36: MainActivity.onPermissionsGranted
leak-35-37: MainActivity.onPermissionsDenied
leak-35-38: MainActivity.getBaseUrl
leak-35-39: MainActivity.readFile
leak-35-40: MainActivity.writeFile
leak-35-41: MainActivity.setList
leak-35-42: MainActivity.message_dialog_yes_no
leak-35-45: MainActivity.onResume
SUper found
leak-35-46: MainActivity.onPause
SUper found
leak-34-25: MainActivity.onCreate
SUper found
leak-34-26: MainActivity.onActivityResult
leak-34-27: MainActivity.setAlarm
leak-34-28: MainActivity.getPref
leak-34-29: MainActivity.setRecurringAlarm
leak-34-30: MainActivity.CancelAlarm
leak-34-31: MainActivity.run
leak-34-32: MainActivity.buildPath
leak-34-33: MainActivity.onCreateOptionsMenu
leak-34-34: MainActivity.onOptionsItemSelected
leak-34-35: MainActivity.onRequestPermissionsResult
SUper found
leak-34-36: MainActivity.onPermissionsGranted
leak-34-37: MainActivity.onPermissionsDenied
leak-34-38: MainActivity.getBaseUrl
leak-34-39: MainActivity.readFile
leak-34-40: MainActivity.writeFile
leak-34-41: MainActivity.setList
leak-34-42: MainActivity.message_dialog_yes_no
leak-34-45: MainActivity.onResume
SUper found
leak-34-46: MainActivity.onPause
SUper found
leak-32-25: MainActivity.onCreate
SUper found
leak-32-26: MainActivity.onActivityResult
leak-32-27: MainActivity.setAlarm
leak-32-28: MainActivity.getPref
leak-32-29: MainActivity.setRecurringAlarm
leak-32-30: MainActivity.CancelAlarm
leak-32-31: MainActivity.run
leak-32-32: MainActivity.buildPath
leak-32-33: MainActivity.onCreateOptionsMenu
leak-32-34: MainActivity.onOptionsItemSelected
leak-32-35: MainActivity.onRequestPermissionsResult
SUper found
leak-32-36: MainActivity.onPermissionsGranted
leak-32-37: MainActivity.onPermissionsDenied
leak-32-38: MainActivity.getBaseUrl
leak-32-39: MainActivity.readFile
leak-32-40: MainActivity.writeFile
leak-32-41: MainActivity.setList
leak-32-42: MainActivity.message_dialog_yes_no
leak-32-45: MainActivity.onResume
SUper found
leak-32-46: MainActivity.onPause
SUper found
leak-31-25: MainActivity.onCreate
SUper found
leak-31-26: MainActivity.onActivityResult
leak-31-27: MainActivity.setAlarm
leak-31-28: MainActivity.getPref
leak-31-29: MainActivity.setRecurringAlarm
leak-31-30: MainActivity.CancelAlarm
leak-31-31: MainActivity.run
leak-31-32: MainActivity.buildPath
leak-31-33: MainActivity.onCreateOptionsMenu
leak-31-34: MainActivity.onOptionsItemSelected
leak-31-35: MainActivity.onRequestPermissionsResult
SUper found
leak-31-36: MainActivity.onPermissionsGranted
leak-31-37: MainActivity.onPermissionsDenied
leak-31-38: MainActivity.getBaseUrl
leak-31-39: MainActivity.readFile
leak-31-40: MainActivity.writeFile
leak-31-41: MainActivity.setList
leak-31-42: MainActivity.message_dialog_yes_no
leak-31-45: MainActivity.onResume
SUper found
leak-31-46: MainActivity.onPause
SUper found
leak-30-25: MainActivity.onCreate
SUper found
leak-30-26: MainActivity.onActivityResult
leak-30-27: MainActivity.setAlarm
leak-30-28: MainActivity.getPref
leak-30-29: MainActivity.setRecurringAlarm
leak-30-30: MainActivity.CancelAlarm
leak-30-31: MainActivity.run
leak-30-32: MainActivity.buildPath
leak-30-33: MainActivity.onCreateOptionsMenu
leak-30-34: MainActivity.onOptionsItemSelected
leak-30-35: MainActivity.onRequestPermissionsResult
SUper found
leak-30-36: MainActivity.onPermissionsGranted
leak-30-37: MainActivity.onPermissionsDenied
leak-30-38: MainActivity.getBaseUrl
leak-30-39: MainActivity.readFile
leak-30-40: MainActivity.writeFile
leak-30-41: MainActivity.setList
leak-30-42: MainActivity.message_dialog_yes_no
leak-30-45: MainActivity.onResume
SUper found
leak-30-46: MainActivity.onPause
SUper found
leak-29-25: MainActivity.onCreate
SUper found
leak-29-26: MainActivity.onActivityResult
leak-29-27: MainActivity.setAlarm
leak-29-28: MainActivity.getPref
leak-29-29: MainActivity.setRecurringAlarm
leak-29-30: MainActivity.CancelAlarm
leak-29-31: MainActivity.run
leak-29-32: MainActivity.buildPath
leak-29-33: MainActivity.onCreateOptionsMenu
leak-29-34: MainActivity.onOptionsItemSelected
leak-29-35: MainActivity.onRequestPermissionsResult
SUper found
leak-29-36: MainActivity.onPermissionsGranted
leak-29-37: MainActivity.onPermissionsDenied
leak-29-38: MainActivity.getBaseUrl
leak-29-39: MainActivity.readFile
leak-29-40: MainActivity.writeFile
leak-29-41: MainActivity.setList
leak-29-42: MainActivity.message_dialog_yes_no
leak-29-45: MainActivity.onResume
SUper found
leak-29-46: MainActivity.onPause
SUper found
leak-28-25: MainActivity.onCreate
SUper found
leak-28-26: MainActivity.onActivityResult
leak-28-27: MainActivity.setAlarm
leak-28-28: MainActivity.getPref
leak-28-29: MainActivity.setRecurringAlarm
leak-28-30: MainActivity.CancelAlarm
leak-28-31: MainActivity.run
leak-28-32: MainActivity.buildPath
leak-28-33: MainActivity.onCreateOptionsMenu
leak-28-34: MainActivity.onOptionsItemSelected
leak-28-35: MainActivity.onRequestPermissionsResult
SUper found
leak-28-36: MainActivity.onPermissionsGranted
leak-28-37: MainActivity.onPermissionsDenied
leak-28-38: MainActivity.getBaseUrl
leak-28-39: MainActivity.readFile
leak-28-40: MainActivity.writeFile
leak-28-41: MainActivity.setList
leak-28-42: MainActivity.message_dialog_yes_no
leak-28-45: MainActivity.onResume
SUper found
leak-28-46: MainActivity.onPause
SUper found
leak-27-25: MainActivity.onCreate
SUper found
leak-27-26: MainActivity.onActivityResult
leak-27-27: MainActivity.setAlarm
leak-27-28: MainActivity.getPref
leak-27-29: MainActivity.setRecurringAlarm
leak-27-30: MainActivity.CancelAlarm
leak-27-31: MainActivity.run
leak-27-32: MainActivity.buildPath
leak-27-33: MainActivity.onCreateOptionsMenu
leak-27-34: MainActivity.onOptionsItemSelected
leak-27-35: MainActivity.onRequestPermissionsResult
SUper found
leak-27-36: MainActivity.onPermissionsGranted
leak-27-37: MainActivity.onPermissionsDenied
leak-27-38: MainActivity.getBaseUrl
leak-27-39: MainActivity.readFile
leak-27-40: MainActivity.writeFile
leak-27-41: MainActivity.setList
leak-27-42: MainActivity.message_dialog_yes_no
leak-27-45: MainActivity.onResume
SUper found
leak-27-46: MainActivity.onPause
SUper found
leak-26-25: MainActivity.onCreate
SUper found
leak-26-26: MainActivity.onActivityResult
leak-26-27: MainActivity.setAlarm
leak-26-28: MainActivity.getPref
leak-26-29: MainActivity.setRecurringAlarm
leak-26-30: MainActivity.CancelAlarm
leak-26-31: MainActivity.run
leak-26-32: MainActivity.buildPath
leak-26-33: MainActivity.onCreateOptionsMenu
leak-26-34: MainActivity.onOptionsItemSelected
leak-26-35: MainActivity.onRequestPermissionsResult
SUper found
leak-26-36: MainActivity.onPermissionsGranted
leak-26-37: MainActivity.onPermissionsDenied
leak-26-38: MainActivity.getBaseUrl
leak-26-39: MainActivity.readFile
leak-26-40: MainActivity.writeFile
leak-26-41: MainActivity.setList
leak-26-42: MainActivity.message_dialog_yes_no
leak-26-45: MainActivity.onResume
SUper found
leak-26-46: MainActivity.onPause
SUper found
leak-25-25: MainActivity.onCreate
SUper found
leak-25-26: MainActivity.onActivityResult
leak-25-27: MainActivity.setAlarm
leak-25-28: MainActivity.getPref
leak-25-29: MainActivity.setRecurringAlarm
leak-25-30: MainActivity.CancelAlarm
leak-25-31: MainActivity.run
leak-25-32: MainActivity.buildPath
leak-25-33: MainActivity.onCreateOptionsMenu
leak-25-34: MainActivity.onOptionsItemSelected
leak-25-35: MainActivity.onRequestPermissionsResult
SUper found
leak-25-36: MainActivity.onPermissionsGranted
leak-25-37: MainActivity.onPermissionsDenied
leak-25-38: MainActivity.getBaseUrl
leak-25-39: MainActivity.readFile
leak-25-40: MainActivity.writeFile
leak-25-41: MainActivity.setList
leak-25-42: MainActivity.message_dialog_yes_no
leak-25-45: MainActivity.onResume
SUper found
leak-25-46: MainActivity.onPause
SUper found
leak-24-25: MainActivity.onCreate
SUper found
leak-24-26: MainActivity.onActivityResult
leak-24-27: MainActivity.setAlarm
leak-24-28: MainActivity.getPref
leak-24-29: MainActivity.setRecurringAlarm
leak-24-30: MainActivity.CancelAlarm
leak-24-31: MainActivity.run
leak-24-32: MainActivity.buildPath
leak-24-33: MainActivity.onCreateOptionsMenu
leak-24-34: MainActivity.onOptionsItemSelected
leak-24-35: MainActivity.onRequestPermissionsResult
SUper found
leak-24-36: MainActivity.onPermissionsGranted
leak-24-37: MainActivity.onPermissionsDenied
leak-24-38: MainActivity.getBaseUrl
leak-24-39: MainActivity.readFile
leak-24-40: MainActivity.writeFile
leak-24-41: MainActivity.setList
leak-24-42: MainActivity.message_dialog_yes_no
leak-24-45: MainActivity.onResume
SUper found
leak-24-46: MainActivity.onPause
SUper found
leak-23-25: MainActivity.onCreate
SUper found
leak-23-26: MainActivity.onActivityResult
leak-23-27: MainActivity.setAlarm
leak-23-28: MainActivity.getPref
leak-23-29: MainActivity.setRecurringAlarm
leak-23-30: MainActivity.CancelAlarm
leak-23-31: MainActivity.run
leak-23-32: MainActivity.buildPath
leak-23-33: MainActivity.onCreateOptionsMenu
leak-23-34: MainActivity.onOptionsItemSelected
leak-23-35: MainActivity.onRequestPermissionsResult
SUper found
leak-23-36: MainActivity.onPermissionsGranted
leak-23-37: MainActivity.onPermissionsDenied
leak-23-38: MainActivity.getBaseUrl
leak-23-39: MainActivity.readFile
leak-23-40: MainActivity.writeFile
leak-23-41: MainActivity.setList
leak-23-42: MainActivity.message_dialog_yes_no
leak-23-45: MainActivity.onResume
SUper found
leak-23-46: MainActivity.onPause
SUper found
leak-59-43: ExecuteAsRootBase.execute
leak-58-43: ExecuteAsRootBase.execute
leak-57-43: ExecuteAsRootBase.execute
leak-55-43: ExecuteAsRootBase.execute
leak-53-43: ExecuteAsRootBase.execute
leak-51-43: ExecuteAsRootBase.execute
leak-50-43: ExecuteAsRootBase.execute
leak-48-43: ExecuteAsRootBase.execute
leak-45-43: ExecuteAsRootBase.execute
leak-43-43: ExecuteAsRootBase.execute
leak-41-43: ExecuteAsRootBase.execute
leak-40-43: ExecuteAsRootBase.execute
leak-39-43: ExecuteAsRootBase.execute
leak-38-43: ExecuteAsRootBase.execute
leak-37-43: ExecuteAsRootBase.execute
leak-36-43: ExecuteAsRootBase.execute
leak-35-43: ExecuteAsRootBase.execute
leak-34-43: ExecuteAsRootBase.execute
leak-32-43: ExecuteAsRootBase.execute
leak-31-43: ExecuteAsRootBase.execute
leak-30-43: ExecuteAsRootBase.execute
leak-29-43: ExecuteAsRootBase.execute
leak-28-43: ExecuteAsRootBase.execute
leak-27-43: ExecuteAsRootBase.execute
leak-26-43: ExecuteAsRootBase.execute
leak-25-43: ExecuteAsRootBase.execute
leak-24-43: ExecuteAsRootBase.execute
leak-23-43: ExecuteAsRootBase.execute
leak-33-43: ExecuteAsRootBase.execute
leak-47-43: ExecuteAsRootBase.execute
leak-44-43: ExecuteAsRootBase.execute
leak-42-43: ExecuteAsRootBase.execute
leak-46-43: ExecuteAsRootBase.execute
leak-59-43: ExecuteAsRootBase.execute
leak-58-43: ExecuteAsRootBase.execute
leak-57-43: ExecuteAsRootBase.execute
leak-55-43: ExecuteAsRootBase.execute
leak-53-43: ExecuteAsRootBase.execute
leak-51-43: ExecuteAsRootBase.execute
leak-50-43: ExecuteAsRootBase.execute
leak-48-43: ExecuteAsRootBase.execute
leak-45-43: ExecuteAsRootBase.execute
leak-43-43: ExecuteAsRootBase.execute
leak-41-43: ExecuteAsRootBase.execute
leak-40-43: ExecuteAsRootBase.execute
leak-39-43: ExecuteAsRootBase.execute
leak-38-43: ExecuteAsRootBase.execute
leak-37-43: ExecuteAsRootBase.execute
leak-36-43: ExecuteAsRootBase.execute
leak-35-43: ExecuteAsRootBase.execute
leak-34-43: ExecuteAsRootBase.execute
leak-32-43: ExecuteAsRootBase.execute
leak-31-43: ExecuteAsRootBase.execute
leak-30-43: ExecuteAsRootBase.execute
leak-29-43: ExecuteAsRootBase.execute
leak-28-43: ExecuteAsRootBase.execute
leak-27-43: ExecuteAsRootBase.execute
leak-26-43: ExecuteAsRootBase.execute
leak-25-43: ExecuteAsRootBase.execute
leak-24-43: ExecuteAsRootBase.execute
leak-23-43: ExecuteAsRootBase.execute
leak-33-43: ExecuteAsRootBase.execute
leak-47-43: ExecuteAsRootBase.execute
leak-44-43: ExecuteAsRootBase.execute
leak-42-43: ExecuteAsRootBase.execute
leak-46-43: ExecuteAsRootBase.execute
leak-49-43: ExecuteAsRootBase.execute
leak-59-43: ExecuteAsRootBase.execute
leak-58-43: ExecuteAsRootBase.execute
leak-57-43: ExecuteAsRootBase.execute
leak-55-43: ExecuteAsRootBase.execute
leak-53-43: ExecuteAsRootBase.execute
leak-51-43: ExecuteAsRootBase.execute
leak-50-43: ExecuteAsRootBase.execute
leak-48-43: ExecuteAsRootBase.execute
leak-45-43: ExecuteAsRootBase.execute
leak-43-43: ExecuteAsRootBase.execute
leak-41-43: ExecuteAsRootBase.execute
leak-40-43: ExecuteAsRootBase.execute
leak-39-43: ExecuteAsRootBase.execute
leak-38-43: ExecuteAsRootBase.execute
leak-37-43: ExecuteAsRootBase.execute
leak-36-43: ExecuteAsRootBase.execute
leak-35-43: ExecuteAsRootBase.execute
leak-34-43: ExecuteAsRootBase.execute
leak-32-43: ExecuteAsRootBase.execute
leak-31-43: ExecuteAsRootBase.execute
leak-30-43: ExecuteAsRootBase.execute
leak-29-43: ExecuteAsRootBase.execute
leak-28-43: ExecuteAsRootBase.execute
leak-27-43: ExecuteAsRootBase.execute
leak-26-43: ExecuteAsRootBase.execute
leak-25-43: ExecuteAsRootBase.execute
leak-24-43: ExecuteAsRootBase.execute
leak-23-43: ExecuteAsRootBase.execute
leak-33-43: ExecuteAsRootBase.execute
leak-47-43: ExecuteAsRootBase.execute
leak-44-43: ExecuteAsRootBase.execute
leak-42-43: ExecuteAsRootBase.execute
leak-46-43: ExecuteAsRootBase.execute
leak-49-43: ExecuteAsRootBase.execute
leak-52-43: ExecuteAsRootBase.execute
leak-59-43: ExecuteAsRootBase.execute
leak-58-43: ExecuteAsRootBase.execute
leak-57-43: ExecuteAsRootBase.execute
leak-55-43: ExecuteAsRootBase.execute
leak-53-43: ExecuteAsRootBase.execute
leak-51-43: ExecuteAsRootBase.execute
leak-50-43: ExecuteAsRootBase.execute
leak-48-43: ExecuteAsRootBase.execute
leak-45-43: ExecuteAsRootBase.execute
leak-43-43: ExecuteAsRootBase.execute
leak-41-43: ExecuteAsRootBase.execute
leak-40-43: ExecuteAsRootBase.execute
leak-39-43: ExecuteAsRootBase.execute
leak-38-43: ExecuteAsRootBase.execute
leak-37-43: ExecuteAsRootBase.execute
leak-36-43: ExecuteAsRootBase.execute
leak-35-43: ExecuteAsRootBase.execute
leak-34-43: ExecuteAsRootBase.execute
leak-32-43: ExecuteAsRootBase.execute
leak-31-43: ExecuteAsRootBase.execute
leak-30-43: ExecuteAsRootBase.execute
leak-29-43: ExecuteAsRootBase.execute
leak-28-43: ExecuteAsRootBase.execute
leak-27-43: ExecuteAsRootBase.execute
leak-26-43: ExecuteAsRootBase.execute
leak-25-43: ExecuteAsRootBase.execute
leak-24-43: ExecuteAsRootBase.execute
leak-23-43: ExecuteAsRootBase.execute
leak-33-43: ExecuteAsRootBase.execute
leak-47-43: ExecuteAsRootBase.execute
leak-44-43: ExecuteAsRootBase.execute
leak-42-43: ExecuteAsRootBase.execute
leak-46-43: ExecuteAsRootBase.execute
leak-59-43: ExecuteAsRootBase.execute
leak-58-43: ExecuteAsRootBase.execute
leak-57-43: ExecuteAsRootBase.execute
leak-55-43: ExecuteAsRootBase.execute
leak-53-43: ExecuteAsRootBase.execute
leak-51-43: ExecuteAsRootBase.execute
leak-50-43: ExecuteAsRootBase.execute
leak-48-43: ExecuteAsRootBase.execute
leak-45-43: ExecuteAsRootBase.execute
leak-43-43: ExecuteAsRootBase.execute
leak-41-43: ExecuteAsRootBase.execute
leak-40-43: ExecuteAsRootBase.execute
leak-39-43: ExecuteAsRootBase.execute
leak-38-43: ExecuteAsRootBase.execute
leak-37-43: ExecuteAsRootBase.execute
leak-36-43: ExecuteAsRootBase.execute
leak-35-43: ExecuteAsRootBase.execute
leak-34-43: ExecuteAsRootBase.execute
leak-32-43: ExecuteAsRootBase.execute
leak-31-43: ExecuteAsRootBase.execute
leak-30-43: ExecuteAsRootBase.execute
leak-29-43: ExecuteAsRootBase.execute
leak-28-43: ExecuteAsRootBase.execute
leak-27-43: ExecuteAsRootBase.execute
leak-26-43: ExecuteAsRootBase.execute
leak-25-43: ExecuteAsRootBase.execute
leak-24-43: ExecuteAsRootBase.execute
leak-23-43: ExecuteAsRootBase.execute
leak-33-43: ExecuteAsRootBase.execute
leak-47-43: ExecuteAsRootBase.execute
leak-44-43: ExecuteAsRootBase.execute
leak-42-43: ExecuteAsRootBase.execute
leak-46-43: ExecuteAsRootBase.execute
leak-49-43: ExecuteAsRootBase.execute
leak-59-43: ExecuteAsRootBase.execute
leak-58-43: ExecuteAsRootBase.execute
leak-57-43: ExecuteAsRootBase.execute
leak-55-43: ExecuteAsRootBase.execute
leak-53-43: ExecuteAsRootBase.execute
leak-51-43: ExecuteAsRootBase.execute
leak-50-43: ExecuteAsRootBase.execute
leak-48-43: ExecuteAsRootBase.execute
leak-45-43: ExecuteAsRootBase.execute
leak-43-43: ExecuteAsRootBase.execute
leak-41-43: ExecuteAsRootBase.execute
leak-40-43: ExecuteAsRootBase.execute
leak-39-43: ExecuteAsRootBase.execute
leak-38-43: ExecuteAsRootBase.execute
leak-37-43: ExecuteAsRootBase.execute
leak-36-43: ExecuteAsRootBase.execute
leak-35-43: ExecuteAsRootBase.execute
leak-34-43: ExecuteAsRootBase.execute
leak-32-43: ExecuteAsRootBase.execute
leak-31-43: ExecuteAsRootBase.execute
leak-30-43: ExecuteAsRootBase.execute
leak-29-43: ExecuteAsRootBase.execute
leak-28-43: ExecuteAsRootBase.execute
leak-27-43: ExecuteAsRootBase.execute
leak-26-43: ExecuteAsRootBase.execute
leak-25-43: ExecuteAsRootBase.execute
leak-24-43: ExecuteAsRootBase.execute
leak-23-43: ExecuteAsRootBase.execute
leak-33-43: ExecuteAsRootBase.execute
leak-47-43: ExecuteAsRootBase.execute
leak-44-43: ExecuteAsRootBase.execute
leak-42-43: ExecuteAsRootBase.execute
leak-46-43: ExecuteAsRootBase.execute
leak-49-43: ExecuteAsRootBase.execute
leak-52-43: ExecuteAsRootBase.execute
leak-59-43: ExecuteAsRootBase.execute
leak-58-43: ExecuteAsRootBase.execute
leak-57-43: ExecuteAsRootBase.execute
leak-55-43: ExecuteAsRootBase.execute
leak-53-43: ExecuteAsRootBase.execute
leak-51-43: ExecuteAsRootBase.execute
leak-50-43: ExecuteAsRootBase.execute
leak-48-43: ExecuteAsRootBase.execute
leak-45-43: ExecuteAsRootBase.execute
leak-43-43: ExecuteAsRootBase.execute
leak-41-43: ExecuteAsRootBase.execute
leak-40-43: ExecuteAsRootBase.execute
leak-39-43: ExecuteAsRootBase.execute
leak-38-43: ExecuteAsRootBase.execute
leak-37-43: ExecuteAsRootBase.execute
leak-36-43: ExecuteAsRootBase.execute
leak-35-43: ExecuteAsRootBase.execute
leak-34-43: ExecuteAsRootBase.execute
leak-32-43: ExecuteAsRootBase.execute
leak-31-43: ExecuteAsRootBase.execute
leak-30-43: ExecuteAsRootBase.execute
leak-29-43: ExecuteAsRootBase.execute
leak-28-43: ExecuteAsRootBase.execute
leak-27-43: ExecuteAsRootBase.execute
leak-26-43: ExecuteAsRootBase.execute
leak-25-43: ExecuteAsRootBase.execute
leak-24-43: ExecuteAsRootBase.execute
leak-23-43: ExecuteAsRootBase.execute
leak-33-43: ExecuteAsRootBase.execute
leak-47-43: ExecuteAsRootBase.execute
leak-44-43: ExecuteAsRootBase.execute
leak-42-43: ExecuteAsRootBase.execute
leak-46-43: ExecuteAsRootBase.execute
leak-49-43: ExecuteAsRootBase.execute
leak-52-43: ExecuteAsRootBase.execute
leak-56-43: ExecuteAsRootBase.execute
leak-54-43: ExecuteAsRootBase.execute
In file: BootReceiver.java
Input operator: TAINTSINK
onReceive
setRecurringAlarm
leak-61-47: BootReceiver.onReceive
leak-60-47: BootReceiver.onReceive
leak-61-48: BootReceiver.setRecurringAlarm
leak-60-48: BootReceiver.setRecurringAlarm
In file: MainActivityFragment.java
Input operator: TAINTSINK
MainActivityFragment
onCreateView
leak-63-49: MainActivityFragment.MainActivityFragment
leak-62-49: MainActivityFragment.MainActivityFragment
leak-63-50: MainActivityFragment.onCreateView
leak-62-50: MainActivityFragment.onCreateView
In file: SwipeDismissTouchListener.java
Input operator: TAINTSINK
canDismiss
onDismiss
SwipeDismissTouchListener
onTouch
onAnimationEnd
Private method: performDismiss
onAnimationEnd
onAnimationUpdate
leak-75-53: SwipeDismissTouchListener.SwipeDismissTouchListener
leak-73-53: SwipeDismissTouchListener.SwipeDismissTouchListener
leak-75-54: SwipeDismissTouchListener.onTouch
leak-73-54: SwipeDismissTouchListener.onTouch
leak-75-55: SwipeDismissTouchListener.performDismiss
leak-73-55: SwipeDismissTouchListener.performDismiss
leak-71-53: SwipeDismissTouchListener.SwipeDismissTouchListener
leak-71-54: SwipeDismissTouchListener.onTouch
leak-71-55: SwipeDismissTouchListener.performDismiss
leak-69-53: SwipeDismissTouchListener.SwipeDismissTouchListener
leak-69-54: SwipeDismissTouchListener.onTouch
leak-69-55: SwipeDismissTouchListener.performDismiss
leak-68-53: SwipeDismissTouchListener.SwipeDismissTouchListener
leak-68-54: SwipeDismissTouchListener.onTouch
leak-68-55: SwipeDismissTouchListener.performDismiss
leak-67-53: SwipeDismissTouchListener.SwipeDismissTouchListener
leak-67-54: SwipeDismissTouchListener.onTouch
leak-67-55: SwipeDismissTouchListener.performDismiss
leak-65-53: SwipeDismissTouchListener.SwipeDismissTouchListener
leak-65-54: SwipeDismissTouchListener.onTouch
leak-65-55: SwipeDismissTouchListener.performDismiss
In file: AfterPermissionGranted.java
Input operator: TAINTSINK
In file: EasyPermissions.java
Input operator: TAINTSINK
onPermissionsGranted
onPermissionsDenied
onClick
onClick
In file: MD5.java
Input operator: TAINTSINK
In file: SwipeDismissListViewTouchListener.java
Input operator: TAINTSINK
canDismiss
onDismiss
SwipeDismissListViewTouchListener
setEnabled
makeScrollListener
onScrollStateChanged
onScroll
onTouch
onAnimationEnd
PendingDismissData
compareTo
Private method: performDismiss
onAnimationEnd
onAnimationUpdate
leak-105-60: SwipeDismissListViewTouchListener.SwipeDismissListViewTouchListener
leak-103-60: SwipeDismissListViewTouchListener.SwipeDismissListViewTouchListener
leak-105-61: SwipeDismissListViewTouchListener.setEnabled
leak-103-61: SwipeDismissListViewTouchListener.setEnabled
leak-105-62: SwipeDismissListViewTouchListener.makeScrollListener
leak-103-62: SwipeDismissListViewTouchListener.makeScrollListener
leak-105-63: SwipeDismissListViewTouchListener.onTouch
leak-103-63: SwipeDismissListViewTouchListener.onTouch
leak-105-66: SwipeDismissListViewTouchListener.performDismiss
leak-103-66: SwipeDismissListViewTouchListener.performDismiss
leak-101-60: SwipeDismissListViewTouchListener.SwipeDismissListViewTouchListener
leak-101-61: SwipeDismissListViewTouchListener.setEnabled
leak-101-62: SwipeDismissListViewTouchListener.makeScrollListener
leak-101-63: SwipeDismissListViewTouchListener.onTouch
leak-101-66: SwipeDismissListViewTouchListener.performDismiss
leak-99-60: SwipeDismissListViewTouchListener.SwipeDismissListViewTouchListener
leak-99-61: SwipeDismissListViewTouchListener.setEnabled
leak-99-62: SwipeDismissListViewTouchListener.makeScrollListener
leak-99-63: SwipeDismissListViewTouchListener.onTouch
leak-99-66: SwipeDismissListViewTouchListener.performDismiss
leak-97-60: SwipeDismissListViewTouchListener.SwipeDismissListViewTouchListener
leak-97-61: SwipeDismissListViewTouchListener.setEnabled
leak-97-62: SwipeDismissListViewTouchListener.makeScrollListener
leak-97-63: SwipeDismissListViewTouchListener.onTouch
leak-97-66: SwipeDismissListViewTouchListener.performDismiss
leak-95-60: SwipeDismissListViewTouchListener.SwipeDismissListViewTouchListener
leak-95-61: SwipeDismissListViewTouchListener.setEnabled
leak-95-62: SwipeDismissListViewTouchListener.makeScrollListener
leak-95-63: SwipeDismissListViewTouchListener.onTouch
leak-95-66: SwipeDismissListViewTouchListener.performDismiss
leak-94-60: SwipeDismissListViewTouchListener.SwipeDismissListViewTouchListener
leak-94-61: SwipeDismissListViewTouchListener.setEnabled
leak-94-62: SwipeDismissListViewTouchListener.makeScrollListener
leak-94-63: SwipeDismissListViewTouchListener.onTouch
leak-94-66: SwipeDismissListViewTouchListener.performDismiss
leak-92-60: SwipeDismissListViewTouchListener.SwipeDismissListViewTouchListener
leak-92-61: SwipeDismissListViewTouchListener.setEnabled
leak-92-62: SwipeDismissListViewTouchListener.makeScrollListener
leak-92-63: SwipeDismissListViewTouchListener.onTouch
leak-92-66: SwipeDismissListViewTouchListener.performDismiss
leak-90-60: SwipeDismissListViewTouchListener.SwipeDismissListViewTouchListener
leak-90-61: SwipeDismissListViewTouchListener.setEnabled
leak-90-62: SwipeDismissListViewTouchListener.makeScrollListener
leak-90-63: SwipeDismissListViewTouchListener.onTouch
leak-90-66: SwipeDismissListViewTouchListener.performDismiss
leak-89-60: SwipeDismissListViewTouchListener.SwipeDismissListViewTouchListener
leak-89-61: SwipeDismissListViewTouchListener.setEnabled
leak-89-62: SwipeDismissListViewTouchListener.makeScrollListener
leak-89-63: SwipeDismissListViewTouchListener.onTouch
leak-89-66: SwipeDismissListViewTouchListener.performDismiss
leak-88-60: SwipeDismissListViewTouchListener.SwipeDismissListViewTouchListener
leak-88-61: SwipeDismissListViewTouchListener.setEnabled
leak-88-62: SwipeDismissListViewTouchListener.makeScrollListener
leak-88-63: SwipeDismissListViewTouchListener.onTouch
leak-88-66: SwipeDismissListViewTouchListener.performDismiss
leak-87-60: SwipeDismissListViewTouchListener.SwipeDismissListViewTouchListener
leak-87-61: SwipeDismissListViewTouchListener.setEnabled
leak-87-62: SwipeDismissListViewTouchListener.makeScrollListener
leak-87-63: SwipeDismissListViewTouchListener.onTouch
leak-87-66: SwipeDismissListViewTouchListener.performDismiss
leak-85-60: SwipeDismissListViewTouchListener.SwipeDismissListViewTouchListener
leak-85-61: SwipeDismissListViewTouchListener.setEnabled
leak-85-62: SwipeDismissListViewTouchListener.makeScrollListener
leak-85-63: SwipeDismissListViewTouchListener.onTouch
leak-85-66: SwipeDismissListViewTouchListener.performDismiss
leak-105-64: PendingDismissData.PendingDismissData
leak-103-64: PendingDismissData.PendingDismissData
leak-101-64: PendingDismissData.PendingDismissData
leak-99-64: PendingDismissData.PendingDismissData
leak-97-64: PendingDismissData.PendingDismissData
leak-95-64: PendingDismissData.PendingDismissData
leak-94-64: PendingDismissData.PendingDismissData
leak-92-64: PendingDismissData.PendingDismissData
leak-90-64: PendingDismissData.PendingDismissData
leak-89-64: PendingDismissData.PendingDismissData
leak-88-64: PendingDismissData.PendingDismissData
leak-87-64: PendingDismissData.PendingDismissData
leak-85-64: PendingDismissData.PendingDismissData
leak-86-64: PendingDismissData.PendingDismissData
leak-84-64: PendingDismissData.PendingDismissData
leak-93-64: PendingDismissData.PendingDismissData
leak-91-64: PendingDismissData.PendingDismissData
leak-96-64: PendingDismissData.PendingDismissData
leak-105-65: PendingDismissData.compareTo
leak-103-65: PendingDismissData.compareTo
leak-101-65: PendingDismissData.compareTo
leak-99-65: PendingDismissData.compareTo
leak-97-65: PendingDismissData.compareTo
leak-95-65: PendingDismissData.compareTo
leak-94-65: PendingDismissData.compareTo
leak-92-65: PendingDismissData.compareTo
leak-90-65: PendingDismissData.compareTo
leak-89-65: PendingDismissData.compareTo
leak-88-65: PendingDismissData.compareTo
leak-87-65: PendingDismissData.compareTo
leak-85-65: PendingDismissData.compareTo
leak-86-65: PendingDismissData.compareTo
leak-84-65: PendingDismissData.compareTo
leak-93-65: PendingDismissData.compareTo
leak-91-65: PendingDismissData.compareTo
leak-96-65: PendingDismissData.compareTo
leak-105-64: PendingDismissData.PendingDismissData
leak-103-64: PendingDismissData.PendingDismissData
leak-101-64: PendingDismissData.PendingDismissData
leak-99-64: PendingDismissData.PendingDismissData
leak-97-64: PendingDismissData.PendingDismissData
leak-95-64: PendingDismissData.PendingDismissData
leak-94-64: PendingDismissData.PendingDismissData
leak-92-64: PendingDismissData.PendingDismissData
leak-90-64: PendingDismissData.PendingDismissData
leak-89-64: PendingDismissData.PendingDismissData
leak-88-64: PendingDismissData.PendingDismissData
leak-87-64: PendingDismissData.PendingDismissData
leak-85-64: PendingDismissData.PendingDismissData
leak-86-64: PendingDismissData.PendingDismissData
leak-84-64: PendingDismissData.PendingDismissData
leak-93-64: PendingDismissData.PendingDismissData
leak-91-64: PendingDismissData.PendingDismissData
leak-96-64: PendingDismissData.PendingDismissData
leak-105-64: PendingDismissData.PendingDismissData
leak-103-64: PendingDismissData.PendingDismissData
leak-101-64: PendingDismissData.PendingDismissData
leak-99-64: PendingDismissData.PendingDismissData
leak-97-64: PendingDismissData.PendingDismissData
leak-95-64: PendingDismissData.PendingDismissData
leak-94-64: PendingDismissData.PendingDismissData
leak-92-64: PendingDismissData.PendingDismissData
leak-90-64: PendingDismissData.PendingDismissData
leak-89-64: PendingDismissData.PendingDismissData
leak-88-64: PendingDismissData.PendingDismissData
leak-87-64: PendingDismissData.PendingDismissData
leak-85-64: PendingDismissData.PendingDismissData
leak-86-64: PendingDismissData.PendingDismissData
leak-84-64: PendingDismissData.PendingDismissData
leak-93-64: PendingDismissData.PendingDismissData
leak-91-64: PendingDismissData.PendingDismissData
leak-96-64: PendingDismissData.PendingDismissData
leak-100-64: PendingDismissData.PendingDismissData
leak-98-64: PendingDismissData.PendingDismissData
leak-105-65: PendingDismissData.compareTo
leak-103-65: PendingDismissData.compareTo
leak-101-65: PendingDismissData.compareTo
leak-99-65: PendingDismissData.compareTo
leak-97-65: PendingDismissData.compareTo
leak-95-65: PendingDismissData.compareTo
leak-94-65: PendingDismissData.compareTo
leak-92-65: PendingDismissData.compareTo
leak-90-65: PendingDismissData.compareTo
leak-89-65: PendingDismissData.compareTo
leak-88-65: PendingDismissData.compareTo
leak-87-65: PendingDismissData.compareTo
leak-85-65: PendingDismissData.compareTo
leak-86-65: PendingDismissData.compareTo
leak-84-65: PendingDismissData.compareTo
leak-93-65: PendingDismissData.compareTo
leak-91-65: PendingDismissData.compareTo
leak-96-65: PendingDismissData.compareTo
leak-105-65: PendingDismissData.compareTo
leak-103-65: PendingDismissData.compareTo
leak-101-65: PendingDismissData.compareTo
leak-99-65: PendingDismissData.compareTo
leak-97-65: PendingDismissData.compareTo
leak-95-65: PendingDismissData.compareTo
leak-94-65: PendingDismissData.compareTo
leak-92-65: PendingDismissData.compareTo
leak-90-65: PendingDismissData.compareTo
leak-89-65: PendingDismissData.compareTo
leak-88-65: PendingDismissData.compareTo
leak-87-65: PendingDismissData.compareTo
leak-85-65: PendingDismissData.compareTo
leak-86-65: PendingDismissData.compareTo
leak-84-65: PendingDismissData.compareTo
leak-93-65: PendingDismissData.compareTo
leak-91-65: PendingDismissData.compareTo
leak-96-65: PendingDismissData.compareTo
leak-100-65: PendingDismissData.compareTo
leak-98-65: PendingDismissData.compareTo
In file: MyCustomAdapter.java
Input operator: TAINTSINK
MyCustomAdapter
getView
leak-107-67: MyCustomAdapter.MyCustomAdapter
SUper found
leak-106-67: MyCustomAdapter.MyCustomAdapter
SUper found
leak-107-68: MyCustomAdapter.getView
leak-106-68: MyCustomAdapter.getView
