/home/amit/muse/output/device-explorer/schemas/TAINTSINK/device-explorer
In file: ItemDetailActivity.java
Input operator: TAINTSINK
onCreate
onOptionsItemSelected
leak-1-0: ItemDetailActivity.onCreate
SUper found
leak-0-0: ItemDetailActivity.onCreate
SUper found
leak-1-1: ItemDetailActivity.onOptionsItemSelected
leak-0-1: ItemDetailActivity.onOptionsItemSelected
In file: ItemListActivity.java
Input operator: TAINTSINK
Private method: weHavePermission
Private method: requestForResultContactsPermission
onRequestPermissionsResult
onClick
Private method: requestPermissionFirst
onClick
onCreate
Private method: getCpuUsageImage
startApp
run
run
onItemSelected
leak-14-2: ItemListActivity.weHavePermission
leak-13-2: ItemListActivity.weHavePermission
leak-14-3: ItemListActivity.requestForResultContactsPermission
leak-13-3: ItemListActivity.requestForResultContactsPermission
leak-14-4: ItemListActivity.onRequestPermissionsResult
SUper found
leak-13-4: ItemListActivity.onRequestPermissionsResult
SUper found
leak-14-5: ItemListActivity.requestPermissionFirst
leak-13-5: ItemListActivity.requestPermissionFirst
leak-14-6: ItemListActivity.onCreate
SUper found
leak-13-6: ItemListActivity.onCreate
SUper found
leak-14-7: ItemListActivity.getCpuUsageImage
leak-13-7: ItemListActivity.getCpuUsageImage
leak-14-8: ItemListActivity.startApp
leak-13-8: ItemListActivity.startApp
leak-14-9: ItemListActivity.onItemSelected
leak-13-9: ItemListActivity.onItemSelected
leak-10-2: ItemListActivity.weHavePermission
leak-10-3: ItemListActivity.requestForResultContactsPermission
leak-10-4: ItemListActivity.onRequestPermissionsResult
SUper found
leak-10-5: ItemListActivity.requestPermissionFirst
leak-10-6: ItemListActivity.onCreate
SUper found
leak-10-7: ItemListActivity.getCpuUsageImage
leak-10-8: ItemListActivity.startApp
leak-10-9: ItemListActivity.onItemSelected
leak-8-2: ItemListActivity.weHavePermission
leak-8-3: ItemListActivity.requestForResultContactsPermission
leak-8-4: ItemListActivity.onRequestPermissionsResult
SUper found
leak-8-5: ItemListActivity.requestPermissionFirst
leak-8-6: ItemListActivity.onCreate
SUper found
leak-8-7: ItemListActivity.getCpuUsageImage
leak-8-8: ItemListActivity.startApp
leak-8-9: ItemListActivity.onItemSelected
leak-7-2: ItemListActivity.weHavePermission
leak-7-3: ItemListActivity.requestForResultContactsPermission
leak-7-4: ItemListActivity.onRequestPermissionsResult
SUper found
leak-7-5: ItemListActivity.requestPermissionFirst
leak-7-6: ItemListActivity.onCreate
SUper found
leak-7-7: ItemListActivity.getCpuUsageImage
leak-7-8: ItemListActivity.startApp
leak-7-9: ItemListActivity.onItemSelected
leak-6-2: ItemListActivity.weHavePermission
leak-6-3: ItemListActivity.requestForResultContactsPermission
leak-6-4: ItemListActivity.onRequestPermissionsResult
SUper found
leak-6-5: ItemListActivity.requestPermissionFirst
leak-6-6: ItemListActivity.onCreate
SUper found
leak-6-7: ItemListActivity.getCpuUsageImage
leak-6-8: ItemListActivity.startApp
leak-6-9: ItemListActivity.onItemSelected
leak-4-2: ItemListActivity.weHavePermission
leak-4-3: ItemListActivity.requestForResultContactsPermission
leak-4-4: ItemListActivity.onRequestPermissionsResult
SUper found
leak-4-5: ItemListActivity.requestPermissionFirst
leak-4-6: ItemListActivity.onCreate
SUper found
leak-4-7: ItemListActivity.getCpuUsageImage
leak-4-8: ItemListActivity.startApp
leak-4-9: ItemListActivity.onItemSelected
leak-2-2: ItemListActivity.weHavePermission
leak-2-3: ItemListActivity.requestForResultContactsPermission
leak-2-4: ItemListActivity.onRequestPermissionsResult
SUper found
leak-2-5: ItemListActivity.requestPermissionFirst
leak-2-6: ItemListActivity.onCreate
SUper found
leak-2-7: ItemListActivity.getCpuUsageImage
leak-2-8: ItemListActivity.startApp
leak-2-9: ItemListActivity.onItemSelected
In file: RVAdapter.java
Input operator: TAINTSINK
RVAdapter
onCreateViewHolder
onBindViewHolder
getItemCount
onAttachedToRecyclerView
PersonViewHolder
leak-19-10: RVAdapter.RVAdapter
leak-18-10: RVAdapter.RVAdapter
leak-19-11: RVAdapter.onCreateViewHolder
leak-18-11: RVAdapter.onCreateViewHolder
leak-19-12: RVAdapter.onBindViewHolder
leak-18-12: RVAdapter.onBindViewHolder
leak-19-13: RVAdapter.getItemCount
leak-18-13: RVAdapter.getItemCount
leak-19-14: RVAdapter.onAttachedToRecyclerView
SUper found
leak-18-14: RVAdapter.onAttachedToRecyclerView
SUper found
leak-17-10: RVAdapter.RVAdapter
leak-17-11: RVAdapter.onCreateViewHolder
leak-17-12: RVAdapter.onBindViewHolder
leak-17-13: RVAdapter.getItemCount
leak-17-14: RVAdapter.onAttachedToRecyclerView
SUper found
leak-16-10: RVAdapter.RVAdapter
leak-16-11: RVAdapter.onCreateViewHolder
leak-16-12: RVAdapter.onBindViewHolder
leak-16-13: RVAdapter.getItemCount
leak-16-14: RVAdapter.onAttachedToRecyclerView
SUper found
leak-15-10: RVAdapter.RVAdapter
leak-15-11: RVAdapter.onCreateViewHolder
leak-15-12: RVAdapter.onBindViewHolder
leak-15-13: RVAdapter.getItemCount
leak-15-14: RVAdapter.onAttachedToRecyclerView
SUper found
leak-19-15: PersonViewHolder.PersonViewHolder
SUper found
leak-18-15: PersonViewHolder.PersonViewHolder
SUper found
leak-17-15: PersonViewHolder.PersonViewHolder
SUper found
leak-16-15: PersonViewHolder.PersonViewHolder
SUper found
leak-15-15: PersonViewHolder.PersonViewHolder
SUper found
In file: Content.java
Input operator: TAINTSINK
ItemDetails
ItemDetails
ItemDetails
ItemDetails
getName
getDetail
Item
getLabel
getContents
getDetailedItems
toString
PIS
getDetailedItems
BuildItem
getContents
RuntimeItem
getDetailedItems
getContents
getDetailedItems
ConfigurationInfoItem
getContents
getDetailedItems
ConfigItem
Private method: getConfig
getContents
OpenGLItem
getDetailedItems
getContents
getDetailedItems
FileInfo
getContents
InputDeviceInfo
getDetailedItems
getContents
SensorsItem
getDetailedItems
getContents
BatteryItem
getDetailedItems
getContents
IdsItem
getDetailedItems
getContents
EncryptItem
getDetailedItems
getContents
RootItem
getDetailedItems
getContents
CamerasItem
getDetailedItems
getContents
DisplayMetricsItem
getDetailedItems
getContents
StorageItem
getDetailedItems
getContents
Private method: formatStorage
In file: ProcessorManager.java
Input operator: TAINTSINK
ProcessorManager
getUsage
destroy
leak-22-75: ProcessorManager.ProcessorManager
leak-21-75: ProcessorManager.ProcessorManager
leak-22-76: ProcessorManager.getUsage
leak-21-76: ProcessorManager.getUsage
leak-22-77: ProcessorManager.destroy
leak-21-77: ProcessorManager.destroy
leak-20-75: ProcessorManager.ProcessorManager
leak-20-76: ProcessorManager.getUsage
leak-20-77: ProcessorManager.destroy
In file: RecyclerItemClickListener.java
Input operator: TAINTSINK
onItemClick
RecyclerItemClickListener
onSingleTapUp
onInterceptTouchEvent
onTouchEvent
onRequestDisallowInterceptTouchEvent
leak-30-79: RecyclerItemClickListener.RecyclerItemClickListener
leak-29-79: RecyclerItemClickListener.RecyclerItemClickListener
leak-30-80: RecyclerItemClickListener.onInterceptTouchEvent
leak-29-80: RecyclerItemClickListener.onInterceptTouchEvent
leak-30-81: RecyclerItemClickListener.onTouchEvent
leak-29-81: RecyclerItemClickListener.onTouchEvent
leak-30-82: RecyclerItemClickListener.onRequestDisallowInterceptTouchEvent
leak-29-82: RecyclerItemClickListener.onRequestDisallowInterceptTouchEvent
leak-28-79: RecyclerItemClickListener.RecyclerItemClickListener
leak-28-80: RecyclerItemClickListener.onInterceptTouchEvent
leak-28-81: RecyclerItemClickListener.onTouchEvent
leak-28-82: RecyclerItemClickListener.onRequestDisallowInterceptTouchEvent
leak-27-79: RecyclerItemClickListener.RecyclerItemClickListener
leak-27-80: RecyclerItemClickListener.onInterceptTouchEvent
leak-27-81: RecyclerItemClickListener.onTouchEvent
leak-27-82: RecyclerItemClickListener.onRequestDisallowInterceptTouchEvent
leak-25-79: RecyclerItemClickListener.RecyclerItemClickListener
leak-25-80: RecyclerItemClickListener.onInterceptTouchEvent
leak-25-81: RecyclerItemClickListener.onTouchEvent
leak-25-82: RecyclerItemClickListener.onRequestDisallowInterceptTouchEvent
leak-24-79: RecyclerItemClickListener.RecyclerItemClickListener
leak-24-80: RecyclerItemClickListener.onInterceptTouchEvent
leak-24-81: RecyclerItemClickListener.onTouchEvent
leak-24-82: RecyclerItemClickListener.onRequestDisallowInterceptTouchEvent
leak-30-79: RecyclerItemClickListener.RecyclerItemClickListener
leak-29-79: RecyclerItemClickListener.RecyclerItemClickListener
leak-28-79: RecyclerItemClickListener.RecyclerItemClickListener
leak-27-79: RecyclerItemClickListener.RecyclerItemClickListener
leak-25-79: RecyclerItemClickListener.RecyclerItemClickListener
leak-24-79: RecyclerItemClickListener.RecyclerItemClickListener
leak-23-79: RecyclerItemClickListener.RecyclerItemClickListener
leak-30-80: RecyclerItemClickListener.onInterceptTouchEvent
leak-29-80: RecyclerItemClickListener.onInterceptTouchEvent
leak-28-80: RecyclerItemClickListener.onInterceptTouchEvent
leak-27-80: RecyclerItemClickListener.onInterceptTouchEvent
leak-25-80: RecyclerItemClickListener.onInterceptTouchEvent
leak-24-80: RecyclerItemClickListener.onInterceptTouchEvent
leak-23-80: RecyclerItemClickListener.onInterceptTouchEvent
leak-30-81: RecyclerItemClickListener.onTouchEvent
leak-29-81: RecyclerItemClickListener.onTouchEvent
leak-28-81: RecyclerItemClickListener.onTouchEvent
leak-27-81: RecyclerItemClickListener.onTouchEvent
leak-25-81: RecyclerItemClickListener.onTouchEvent
leak-24-81: RecyclerItemClickListener.onTouchEvent
leak-23-81: RecyclerItemClickListener.onTouchEvent
leak-30-82: RecyclerItemClickListener.onRequestDisallowInterceptTouchEvent
leak-29-82: RecyclerItemClickListener.onRequestDisallowInterceptTouchEvent
leak-28-82: RecyclerItemClickListener.onRequestDisallowInterceptTouchEvent
leak-27-82: RecyclerItemClickListener.onRequestDisallowInterceptTouchEvent
leak-25-82: RecyclerItemClickListener.onRequestDisallowInterceptTouchEvent
leak-24-82: RecyclerItemClickListener.onRequestDisallowInterceptTouchEvent
leak-23-82: RecyclerItemClickListener.onRequestDisallowInterceptTouchEvent
In file: FrequencyManager.java
Input operator: TAINTSINK
FrequencyManager
getFrequency
destroy
leak-33-83: FrequencyManager.FrequencyManager
leak-32-83: FrequencyManager.FrequencyManager
leak-33-84: FrequencyManager.getFrequency
leak-32-84: FrequencyManager.getFrequency
leak-33-85: FrequencyManager.destroy
leak-32-85: FrequencyManager.destroy
leak-31-83: FrequencyManager.FrequencyManager
leak-31-84: FrequencyManager.getFrequency
leak-31-85: FrequencyManager.destroy
In file: Fragment_RVAdapter.java
Input operator: TAINTSINK
Fragment_RVAdapter
onBindViewHolder
onCreateViewHolder
getItemCount
onAttachedToRecyclerView
ContentViewHolder
leak-38-86: Fragment_RVAdapter.Fragment_RVAdapter
leak-37-86: Fragment_RVAdapter.Fragment_RVAdapter
leak-38-87: Fragment_RVAdapter.onBindViewHolder
leak-37-87: Fragment_RVAdapter.onBindViewHolder
leak-38-88: Fragment_RVAdapter.onCreateViewHolder
leak-37-88: Fragment_RVAdapter.onCreateViewHolder
leak-38-89: Fragment_RVAdapter.getItemCount
leak-37-89: Fragment_RVAdapter.getItemCount
leak-38-90: Fragment_RVAdapter.onAttachedToRecyclerView
SUper found
leak-37-90: Fragment_RVAdapter.onAttachedToRecyclerView
SUper found
leak-36-86: Fragment_RVAdapter.Fragment_RVAdapter
leak-36-87: Fragment_RVAdapter.onBindViewHolder
leak-36-88: Fragment_RVAdapter.onCreateViewHolder
leak-36-89: Fragment_RVAdapter.getItemCount
leak-36-90: Fragment_RVAdapter.onAttachedToRecyclerView
SUper found
leak-35-86: Fragment_RVAdapter.Fragment_RVAdapter
leak-35-87: Fragment_RVAdapter.onBindViewHolder
leak-35-88: Fragment_RVAdapter.onCreateViewHolder
leak-35-89: Fragment_RVAdapter.getItemCount
leak-35-90: Fragment_RVAdapter.onAttachedToRecyclerView
SUper found
leak-34-86: Fragment_RVAdapter.Fragment_RVAdapter
leak-34-87: Fragment_RVAdapter.onBindViewHolder
leak-34-88: Fragment_RVAdapter.onCreateViewHolder
leak-34-89: Fragment_RVAdapter.getItemCount
leak-34-90: Fragment_RVAdapter.onAttachedToRecyclerView
SUper found
leak-38-91: ContentViewHolder.ContentViewHolder
SUper found
leak-37-91: ContentViewHolder.ContentViewHolder
SUper found
leak-36-91: ContentViewHolder.ContentViewHolder
SUper found
leak-35-91: ContentViewHolder.ContentViewHolder
SUper found
leak-34-91: ContentViewHolder.ContentViewHolder
SUper found
In file: ItemListFragment.java
Input operator: TAINTSINK
onItemSelected
onItemSelected
ItemListFragment
onCreateView
onItemClick
onViewCreated
onAttach
onDetach
onListItemClick
onSaveInstanceState
leak-51-93: ItemListFragment.ItemListFragment
leak-50-93: ItemListFragment.ItemListFragment
leak-51-94: ItemListFragment.onCreateView
leak-50-94: ItemListFragment.onCreateView
leak-51-95: ItemListFragment.onViewCreated
SUper found
leak-50-95: ItemListFragment.onViewCreated
SUper found
leak-51-96: ItemListFragment.onAttach
SUper found
leak-50-96: ItemListFragment.onAttach
SUper found
leak-51-97: ItemListFragment.onDetach
SUper found
leak-50-97: ItemListFragment.onDetach
SUper found
leak-51-98: ItemListFragment.onListItemClick
leak-50-98: ItemListFragment.onListItemClick
leak-51-99: ItemListFragment.onSaveInstanceState
SUper found
leak-50-99: ItemListFragment.onSaveInstanceState
SUper found
leak-49-93: ItemListFragment.ItemListFragment
leak-49-94: ItemListFragment.onCreateView
leak-49-95: ItemListFragment.onViewCreated
SUper found
leak-49-96: ItemListFragment.onAttach
SUper found
leak-49-97: ItemListFragment.onDetach
SUper found
leak-49-98: ItemListFragment.onListItemClick
leak-49-99: ItemListFragment.onSaveInstanceState
SUper found
leak-48-93: ItemListFragment.ItemListFragment
leak-48-94: ItemListFragment.onCreateView
leak-48-95: ItemListFragment.onViewCreated
SUper found
leak-48-96: ItemListFragment.onAttach
SUper found
leak-48-97: ItemListFragment.onDetach
SUper found
leak-48-98: ItemListFragment.onListItemClick
leak-48-99: ItemListFragment.onSaveInstanceState
SUper found
leak-47-93: ItemListFragment.ItemListFragment
leak-47-94: ItemListFragment.onCreateView
leak-47-95: ItemListFragment.onViewCreated
SUper found
leak-47-96: ItemListFragment.onAttach
SUper found
leak-47-97: ItemListFragment.onDetach
SUper found
leak-47-98: ItemListFragment.onListItemClick
leak-47-99: ItemListFragment.onSaveInstanceState
SUper found
leak-46-93: ItemListFragment.ItemListFragment
leak-46-94: ItemListFragment.onCreateView
leak-46-95: ItemListFragment.onViewCreated
SUper found
leak-46-96: ItemListFragment.onAttach
SUper found
leak-46-97: ItemListFragment.onDetach
SUper found
leak-46-98: ItemListFragment.onListItemClick
leak-46-99: ItemListFragment.onSaveInstanceState
SUper found
leak-44-93: ItemListFragment.ItemListFragment
leak-44-94: ItemListFragment.onCreateView
leak-44-95: ItemListFragment.onViewCreated
SUper found
leak-44-96: ItemListFragment.onAttach
SUper found
leak-44-97: ItemListFragment.onDetach
SUper found
leak-44-98: ItemListFragment.onListItemClick
leak-44-99: ItemListFragment.onSaveInstanceState
SUper found
leak-43-93: ItemListFragment.ItemListFragment
leak-43-94: ItemListFragment.onCreateView
leak-43-95: ItemListFragment.onViewCreated
SUper found
leak-43-96: ItemListFragment.onAttach
SUper found
leak-43-97: ItemListFragment.onDetach
SUper found
leak-43-98: ItemListFragment.onListItemClick
leak-43-99: ItemListFragment.onSaveInstanceState
SUper found
leak-42-93: ItemListFragment.ItemListFragment
leak-42-94: ItemListFragment.onCreateView
leak-42-95: ItemListFragment.onViewCreated
SUper found
leak-42-96: ItemListFragment.onAttach
SUper found
leak-42-97: ItemListFragment.onDetach
SUper found
leak-42-98: ItemListFragment.onListItemClick
leak-42-99: ItemListFragment.onSaveInstanceState
SUper found
leak-40-93: ItemListFragment.ItemListFragment
leak-40-94: ItemListFragment.onCreateView
leak-40-95: ItemListFragment.onViewCreated
SUper found
leak-40-96: ItemListFragment.onAttach
SUper found
leak-40-97: ItemListFragment.onDetach
SUper found
leak-40-98: ItemListFragment.onListItemClick
leak-40-99: ItemListFragment.onSaveInstanceState
SUper found
leak-51-93: ItemListFragment.ItemListFragment
leak-50-93: ItemListFragment.ItemListFragment
leak-49-93: ItemListFragment.ItemListFragment
leak-48-93: ItemListFragment.ItemListFragment
leak-47-93: ItemListFragment.ItemListFragment
leak-46-93: ItemListFragment.ItemListFragment
leak-44-93: ItemListFragment.ItemListFragment
leak-43-93: ItemListFragment.ItemListFragment
leak-42-93: ItemListFragment.ItemListFragment
leak-40-93: ItemListFragment.ItemListFragment
leak-39-93: ItemListFragment.ItemListFragment
leak-51-94: ItemListFragment.onCreateView
leak-50-94: ItemListFragment.onCreateView
leak-49-94: ItemListFragment.onCreateView
leak-48-94: ItemListFragment.onCreateView
leak-47-94: ItemListFragment.onCreateView
leak-46-94: ItemListFragment.onCreateView
leak-44-94: ItemListFragment.onCreateView
leak-43-94: ItemListFragment.onCreateView
leak-42-94: ItemListFragment.onCreateView
leak-40-94: ItemListFragment.onCreateView
leak-39-94: ItemListFragment.onCreateView
leak-51-95: ItemListFragment.onViewCreated
SUper found
leak-50-95: ItemListFragment.onViewCreated
SUper found
leak-49-95: ItemListFragment.onViewCreated
SUper found
leak-48-95: ItemListFragment.onViewCreated
SUper found
leak-47-95: ItemListFragment.onViewCreated
SUper found
leak-46-95: ItemListFragment.onViewCreated
SUper found
leak-44-95: ItemListFragment.onViewCreated
SUper found
leak-43-95: ItemListFragment.onViewCreated
SUper found
leak-42-95: ItemListFragment.onViewCreated
SUper found
leak-40-95: ItemListFragment.onViewCreated
SUper found
leak-39-95: ItemListFragment.onViewCreated
SUper found
leak-51-96: ItemListFragment.onAttach
SUper found
leak-50-96: ItemListFragment.onAttach
SUper found
leak-49-96: ItemListFragment.onAttach
SUper found
leak-48-96: ItemListFragment.onAttach
SUper found
leak-47-96: ItemListFragment.onAttach
SUper found
leak-46-96: ItemListFragment.onAttach
SUper found
leak-44-96: ItemListFragment.onAttach
SUper found
leak-43-96: ItemListFragment.onAttach
SUper found
leak-42-96: ItemListFragment.onAttach
SUper found
leak-40-96: ItemListFragment.onAttach
SUper found
leak-39-96: ItemListFragment.onAttach
SUper found
leak-51-97: ItemListFragment.onDetach
SUper found
leak-50-97: ItemListFragment.onDetach
SUper found
leak-49-97: ItemListFragment.onDetach
SUper found
leak-48-97: ItemListFragment.onDetach
SUper found
leak-47-97: ItemListFragment.onDetach
SUper found
leak-46-97: ItemListFragment.onDetach
SUper found
leak-44-97: ItemListFragment.onDetach
SUper found
leak-43-97: ItemListFragment.onDetach
SUper found
leak-42-97: ItemListFragment.onDetach
SUper found
leak-40-97: ItemListFragment.onDetach
SUper found
leak-39-97: ItemListFragment.onDetach
SUper found
leak-51-98: ItemListFragment.onListItemClick
leak-50-98: ItemListFragment.onListItemClick
leak-49-98: ItemListFragment.onListItemClick
leak-48-98: ItemListFragment.onListItemClick
leak-47-98: ItemListFragment.onListItemClick
leak-46-98: ItemListFragment.onListItemClick
leak-44-98: ItemListFragment.onListItemClick
leak-43-98: ItemListFragment.onListItemClick
leak-42-98: ItemListFragment.onListItemClick
leak-40-98: ItemListFragment.onListItemClick
leak-39-98: ItemListFragment.onListItemClick
leak-51-99: ItemListFragment.onSaveInstanceState
SUper found
leak-50-99: ItemListFragment.onSaveInstanceState
SUper found
leak-49-99: ItemListFragment.onSaveInstanceState
SUper found
leak-48-99: ItemListFragment.onSaveInstanceState
SUper found
leak-47-99: ItemListFragment.onSaveInstanceState
SUper found
leak-46-99: ItemListFragment.onSaveInstanceState
SUper found
leak-44-99: ItemListFragment.onSaveInstanceState
SUper found
leak-43-99: ItemListFragment.onSaveInstanceState
SUper found
leak-42-99: ItemListFragment.onSaveInstanceState
SUper found
leak-40-99: ItemListFragment.onSaveInstanceState
SUper found
leak-39-99: ItemListFragment.onSaveInstanceState
SUper found
In file: ItemDetailFragment.java
Input operator: TAINTSINK
ItemDetailFragment
onCreate
onCreateView
leak-54-100: ItemDetailFragment.ItemDetailFragment
leak-53-100: ItemDetailFragment.ItemDetailFragment
leak-54-101: ItemDetailFragment.onCreate
SUper found
leak-53-101: ItemDetailFragment.onCreate
SUper found
leak-54-102: ItemDetailFragment.onCreateView
leak-53-102: ItemDetailFragment.onCreateView
leak-52-100: ItemDetailFragment.ItemDetailFragment
leak-52-101: ItemDetailFragment.onCreate
SUper found
leak-52-102: ItemDetailFragment.onCreateView
