/home/amit/muse/output/manman/schemas/TAINTSINK/manman
In file: DonateHelper.java
Input operator: TAINTSINK
DonateHelper
purchaseGift
handleActivityResult
handleActivityDestroy
onClick
donatePayPalOnClick
leak-3-0: DonateHelper.DonateHelper
leak-2-0: DonateHelper.DonateHelper
leak-3-1: DonateHelper.purchaseGift
leak-2-1: DonateHelper.purchaseGift
leak-3-2: DonateHelper.handleActivityResult
leak-2-2: DonateHelper.handleActivityResult
leak-3-3: DonateHelper.handleActivityDestroy
leak-2-3: DonateHelper.handleActivityDestroy
leak-1-0: DonateHelper.DonateHelper
leak-1-1: DonateHelper.purchaseGift
leak-1-2: DonateHelper.handleActivityResult
leak-1-3: DonateHelper.handleActivityDestroy
leak-0-0: DonateHelper.DonateHelper
leak-0-1: DonateHelper.purchaseGift
leak-0-2: DonateHelper.handleActivityResult
leak-0-3: DonateHelper.handleActivityDestroy
In file: Man2HtmlTest.java
Input operator: TAINTSINK
testHtmlOutput
In file: ApplicationTest.java
Input operator: TAINTSINK
unlockScreen
run
espressoPreconditions
checkSearchForCommand
call
call
checkChapter
call
checkLocalArchive
call
checkCachedPage
call
Private method: ManSectionItemMatcher
matches
describeTo
Private method: ManPageMatcher
matches
describeTo
WebViewVisible
call
leak-22-7: ApplicationTest.unlockScreen
leak-20-7: ApplicationTest.unlockScreen
leak-22-8: ApplicationTest.espressoPreconditions
leak-20-8: ApplicationTest.espressoPreconditions
leak-22-9: ApplicationTest.checkSearchForCommand
leak-20-9: ApplicationTest.checkSearchForCommand
leak-22-10: ApplicationTest.checkChapter
leak-20-10: ApplicationTest.checkChapter
leak-22-11: ApplicationTest.checkLocalArchive
leak-20-11: ApplicationTest.checkLocalArchive
leak-22-12: ApplicationTest.checkCachedPage
leak-20-12: ApplicationTest.checkCachedPage
leak-19-7: ApplicationTest.unlockScreen
leak-19-8: ApplicationTest.espressoPreconditions
leak-19-9: ApplicationTest.checkSearchForCommand
leak-19-10: ApplicationTest.checkChapter
leak-19-11: ApplicationTest.checkLocalArchive
leak-19-12: ApplicationTest.checkCachedPage
leak-17-7: ApplicationTest.unlockScreen
leak-17-8: ApplicationTest.espressoPreconditions
leak-17-9: ApplicationTest.checkSearchForCommand
leak-17-10: ApplicationTest.checkChapter
leak-17-11: ApplicationTest.checkLocalArchive
leak-17-12: ApplicationTest.checkCachedPage
leak-16-7: ApplicationTest.unlockScreen
leak-16-8: ApplicationTest.espressoPreconditions
leak-16-9: ApplicationTest.checkSearchForCommand
leak-16-10: ApplicationTest.checkChapter
leak-16-11: ApplicationTest.checkLocalArchive
leak-16-12: ApplicationTest.checkCachedPage
leak-14-7: ApplicationTest.unlockScreen
leak-14-8: ApplicationTest.espressoPreconditions
leak-14-9: ApplicationTest.checkSearchForCommand
leak-14-10: ApplicationTest.checkChapter
leak-14-11: ApplicationTest.checkLocalArchive
leak-14-12: ApplicationTest.checkCachedPage
leak-13-7: ApplicationTest.unlockScreen
leak-13-8: ApplicationTest.espressoPreconditions
leak-13-9: ApplicationTest.checkSearchForCommand
leak-13-10: ApplicationTest.checkChapter
leak-13-11: ApplicationTest.checkLocalArchive
leak-13-12: ApplicationTest.checkCachedPage
leak-11-7: ApplicationTest.unlockScreen
leak-11-8: ApplicationTest.espressoPreconditions
leak-11-9: ApplicationTest.checkSearchForCommand
leak-11-10: ApplicationTest.checkChapter
leak-11-11: ApplicationTest.checkLocalArchive
leak-11-12: ApplicationTest.checkCachedPage
leak-9-7: ApplicationTest.unlockScreen
leak-9-8: ApplicationTest.espressoPreconditions
leak-9-9: ApplicationTest.checkSearchForCommand
leak-9-10: ApplicationTest.checkChapter
leak-9-11: ApplicationTest.checkLocalArchive
leak-9-12: ApplicationTest.checkCachedPage
leak-8-7: ApplicationTest.unlockScreen
leak-8-8: ApplicationTest.espressoPreconditions
leak-8-9: ApplicationTest.checkSearchForCommand
leak-8-10: ApplicationTest.checkChapter
leak-8-11: ApplicationTest.checkLocalArchive
leak-8-12: ApplicationTest.checkCachedPage
leak-7-7: ApplicationTest.unlockScreen
leak-7-8: ApplicationTest.espressoPreconditions
leak-7-9: ApplicationTest.checkSearchForCommand
leak-7-10: ApplicationTest.checkChapter
leak-7-11: ApplicationTest.checkLocalArchive
leak-7-12: ApplicationTest.checkCachedPage
leak-5-7: ApplicationTest.unlockScreen
leak-5-8: ApplicationTest.espressoPreconditions
leak-5-9: ApplicationTest.checkSearchForCommand
leak-5-10: ApplicationTest.checkChapter
leak-5-11: ApplicationTest.checkLocalArchive
leak-5-12: ApplicationTest.checkCachedPage
leak-22-13: ManSectionItemMatcher.ManSectionItemMatcher
leak-20-13: ManSectionItemMatcher.ManSectionItemMatcher
leak-19-13: ManSectionItemMatcher.ManSectionItemMatcher
leak-17-13: ManSectionItemMatcher.ManSectionItemMatcher
leak-16-13: ManSectionItemMatcher.ManSectionItemMatcher
leak-14-13: ManSectionItemMatcher.ManSectionItemMatcher
leak-13-13: ManSectionItemMatcher.ManSectionItemMatcher
leak-11-13: ManSectionItemMatcher.ManSectionItemMatcher
leak-9-13: ManSectionItemMatcher.ManSectionItemMatcher
leak-8-13: ManSectionItemMatcher.ManSectionItemMatcher
leak-7-13: ManSectionItemMatcher.ManSectionItemMatcher
leak-5-13: ManSectionItemMatcher.ManSectionItemMatcher
leak-6-13: ManSectionItemMatcher.ManSectionItemMatcher
leak-22-13: ManSectionItemMatcher.ManSectionItemMatcher
leak-20-13: ManSectionItemMatcher.ManSectionItemMatcher
leak-19-13: ManSectionItemMatcher.ManSectionItemMatcher
leak-17-13: ManSectionItemMatcher.ManSectionItemMatcher
leak-16-13: ManSectionItemMatcher.ManSectionItemMatcher
leak-14-13: ManSectionItemMatcher.ManSectionItemMatcher
leak-13-13: ManSectionItemMatcher.ManSectionItemMatcher
leak-11-13: ManSectionItemMatcher.ManSectionItemMatcher
leak-9-13: ManSectionItemMatcher.ManSectionItemMatcher
leak-8-13: ManSectionItemMatcher.ManSectionItemMatcher
leak-7-13: ManSectionItemMatcher.ManSectionItemMatcher
leak-5-13: ManSectionItemMatcher.ManSectionItemMatcher
leak-6-13: ManSectionItemMatcher.ManSectionItemMatcher
leak-10-13: ManSectionItemMatcher.ManSectionItemMatcher
leak-22-13: ManSectionItemMatcher.ManSectionItemMatcher
leak-20-13: ManSectionItemMatcher.ManSectionItemMatcher
leak-19-13: ManSectionItemMatcher.ManSectionItemMatcher
leak-17-13: ManSectionItemMatcher.ManSectionItemMatcher
leak-16-13: ManSectionItemMatcher.ManSectionItemMatcher
leak-14-13: ManSectionItemMatcher.ManSectionItemMatcher
leak-13-13: ManSectionItemMatcher.ManSectionItemMatcher
leak-11-13: ManSectionItemMatcher.ManSectionItemMatcher
leak-9-13: ManSectionItemMatcher.ManSectionItemMatcher
leak-8-13: ManSectionItemMatcher.ManSectionItemMatcher
leak-7-13: ManSectionItemMatcher.ManSectionItemMatcher
leak-5-13: ManSectionItemMatcher.ManSectionItemMatcher
leak-6-13: ManSectionItemMatcher.ManSectionItemMatcher
leak-10-13: ManSectionItemMatcher.ManSectionItemMatcher
leak-12-13: ManSectionItemMatcher.ManSectionItemMatcher
leak-22-13: ManSectionItemMatcher.ManSectionItemMatcher
leak-20-13: ManSectionItemMatcher.ManSectionItemMatcher
leak-19-13: ManSectionItemMatcher.ManSectionItemMatcher
leak-17-13: ManSectionItemMatcher.ManSectionItemMatcher
leak-16-13: ManSectionItemMatcher.ManSectionItemMatcher
leak-14-13: ManSectionItemMatcher.ManSectionItemMatcher
leak-13-13: ManSectionItemMatcher.ManSectionItemMatcher
leak-11-13: ManSectionItemMatcher.ManSectionItemMatcher
leak-9-13: ManSectionItemMatcher.ManSectionItemMatcher
leak-8-13: ManSectionItemMatcher.ManSectionItemMatcher
leak-7-13: ManSectionItemMatcher.ManSectionItemMatcher
leak-5-13: ManSectionItemMatcher.ManSectionItemMatcher
leak-6-13: ManSectionItemMatcher.ManSectionItemMatcher
leak-10-13: ManSectionItemMatcher.ManSectionItemMatcher
leak-12-13: ManSectionItemMatcher.ManSectionItemMatcher
leak-15-13: ManSectionItemMatcher.ManSectionItemMatcher
leak-22-13: ManSectionItemMatcher.ManSectionItemMatcher
leak-20-13: ManSectionItemMatcher.ManSectionItemMatcher
leak-19-13: ManSectionItemMatcher.ManSectionItemMatcher
leak-17-13: ManSectionItemMatcher.ManSectionItemMatcher
leak-16-13: ManSectionItemMatcher.ManSectionItemMatcher
leak-14-13: ManSectionItemMatcher.ManSectionItemMatcher
leak-13-13: ManSectionItemMatcher.ManSectionItemMatcher
leak-11-13: ManSectionItemMatcher.ManSectionItemMatcher
leak-9-13: ManSectionItemMatcher.ManSectionItemMatcher
leak-8-13: ManSectionItemMatcher.ManSectionItemMatcher
leak-7-13: ManSectionItemMatcher.ManSectionItemMatcher
leak-5-13: ManSectionItemMatcher.ManSectionItemMatcher
leak-6-13: ManSectionItemMatcher.ManSectionItemMatcher
leak-10-13: ManSectionItemMatcher.ManSectionItemMatcher
leak-12-13: ManSectionItemMatcher.ManSectionItemMatcher
leak-15-13: ManSectionItemMatcher.ManSectionItemMatcher
leak-18-13: ManSectionItemMatcher.ManSectionItemMatcher
leak-22-13: ManSectionItemMatcher.ManSectionItemMatcher
leak-20-13: ManSectionItemMatcher.ManSectionItemMatcher
leak-19-13: ManSectionItemMatcher.ManSectionItemMatcher
leak-17-13: ManSectionItemMatcher.ManSectionItemMatcher
leak-16-13: ManSectionItemMatcher.ManSectionItemMatcher
leak-14-13: ManSectionItemMatcher.ManSectionItemMatcher
leak-13-13: ManSectionItemMatcher.ManSectionItemMatcher
leak-11-13: ManSectionItemMatcher.ManSectionItemMatcher
leak-9-13: ManSectionItemMatcher.ManSectionItemMatcher
leak-8-13: ManSectionItemMatcher.ManSectionItemMatcher
leak-7-13: ManSectionItemMatcher.ManSectionItemMatcher
leak-5-13: ManSectionItemMatcher.ManSectionItemMatcher
leak-6-13: ManSectionItemMatcher.ManSectionItemMatcher
leak-10-13: ManSectionItemMatcher.ManSectionItemMatcher
leak-12-13: ManSectionItemMatcher.ManSectionItemMatcher
leak-15-13: ManSectionItemMatcher.ManSectionItemMatcher
leak-18-13: ManSectionItemMatcher.ManSectionItemMatcher
leak-21-13: ManSectionItemMatcher.ManSectionItemMatcher
leak-22-14: ManSectionItemMatcher.matches
leak-20-14: ManSectionItemMatcher.matches
leak-19-14: ManSectionItemMatcher.matches
leak-17-14: ManSectionItemMatcher.matches
leak-16-14: ManSectionItemMatcher.matches
leak-14-14: ManSectionItemMatcher.matches
leak-13-14: ManSectionItemMatcher.matches
leak-11-14: ManSectionItemMatcher.matches
leak-9-14: ManSectionItemMatcher.matches
leak-8-14: ManSectionItemMatcher.matches
leak-7-14: ManSectionItemMatcher.matches
leak-5-14: ManSectionItemMatcher.matches
leak-6-14: ManSectionItemMatcher.matches
leak-22-14: ManSectionItemMatcher.matches
leak-20-14: ManSectionItemMatcher.matches
leak-19-14: ManSectionItemMatcher.matches
leak-17-14: ManSectionItemMatcher.matches
leak-16-14: ManSectionItemMatcher.matches
leak-14-14: ManSectionItemMatcher.matches
leak-13-14: ManSectionItemMatcher.matches
leak-11-14: ManSectionItemMatcher.matches
leak-9-14: ManSectionItemMatcher.matches
leak-8-14: ManSectionItemMatcher.matches
leak-7-14: ManSectionItemMatcher.matches
leak-5-14: ManSectionItemMatcher.matches
leak-6-14: ManSectionItemMatcher.matches
leak-10-14: ManSectionItemMatcher.matches
leak-22-14: ManSectionItemMatcher.matches
leak-20-14: ManSectionItemMatcher.matches
leak-19-14: ManSectionItemMatcher.matches
leak-17-14: ManSectionItemMatcher.matches
leak-16-14: ManSectionItemMatcher.matches
leak-14-14: ManSectionItemMatcher.matches
leak-13-14: ManSectionItemMatcher.matches
leak-11-14: ManSectionItemMatcher.matches
leak-9-14: ManSectionItemMatcher.matches
leak-8-14: ManSectionItemMatcher.matches
leak-7-14: ManSectionItemMatcher.matches
leak-5-14: ManSectionItemMatcher.matches
leak-6-14: ManSectionItemMatcher.matches
leak-10-14: ManSectionItemMatcher.matches
leak-12-14: ManSectionItemMatcher.matches
leak-22-14: ManSectionItemMatcher.matches
leak-20-14: ManSectionItemMatcher.matches
leak-19-14: ManSectionItemMatcher.matches
leak-17-14: ManSectionItemMatcher.matches
leak-16-14: ManSectionItemMatcher.matches
leak-14-14: ManSectionItemMatcher.matches
leak-13-14: ManSectionItemMatcher.matches
leak-11-14: ManSectionItemMatcher.matches
leak-9-14: ManSectionItemMatcher.matches
leak-8-14: ManSectionItemMatcher.matches
leak-7-14: ManSectionItemMatcher.matches
leak-5-14: ManSectionItemMatcher.matches
leak-6-14: ManSectionItemMatcher.matches
leak-10-14: ManSectionItemMatcher.matches
leak-12-14: ManSectionItemMatcher.matches
leak-15-14: ManSectionItemMatcher.matches
leak-22-14: ManSectionItemMatcher.matches
leak-20-14: ManSectionItemMatcher.matches
leak-19-14: ManSectionItemMatcher.matches
leak-17-14: ManSectionItemMatcher.matches
leak-16-14: ManSectionItemMatcher.matches
leak-14-14: ManSectionItemMatcher.matches
leak-13-14: ManSectionItemMatcher.matches
leak-11-14: ManSectionItemMatcher.matches
leak-9-14: ManSectionItemMatcher.matches
leak-8-14: ManSectionItemMatcher.matches
leak-7-14: ManSectionItemMatcher.matches
leak-5-14: ManSectionItemMatcher.matches
leak-6-14: ManSectionItemMatcher.matches
leak-10-14: ManSectionItemMatcher.matches
leak-12-14: ManSectionItemMatcher.matches
leak-15-14: ManSectionItemMatcher.matches
leak-18-14: ManSectionItemMatcher.matches
leak-22-14: ManSectionItemMatcher.matches
leak-20-14: ManSectionItemMatcher.matches
leak-19-14: ManSectionItemMatcher.matches
leak-17-14: ManSectionItemMatcher.matches
leak-16-14: ManSectionItemMatcher.matches
leak-14-14: ManSectionItemMatcher.matches
leak-13-14: ManSectionItemMatcher.matches
leak-11-14: ManSectionItemMatcher.matches
leak-9-14: ManSectionItemMatcher.matches
leak-8-14: ManSectionItemMatcher.matches
leak-7-14: ManSectionItemMatcher.matches
leak-5-14: ManSectionItemMatcher.matches
leak-6-14: ManSectionItemMatcher.matches
leak-10-14: ManSectionItemMatcher.matches
leak-12-14: ManSectionItemMatcher.matches
leak-15-14: ManSectionItemMatcher.matches
leak-18-14: ManSectionItemMatcher.matches
leak-21-14: ManSectionItemMatcher.matches
leak-22-15: ManSectionItemMatcher.describeTo
leak-20-15: ManSectionItemMatcher.describeTo
leak-19-15: ManSectionItemMatcher.describeTo
leak-17-15: ManSectionItemMatcher.describeTo
leak-16-15: ManSectionItemMatcher.describeTo
leak-14-15: ManSectionItemMatcher.describeTo
leak-13-15: ManSectionItemMatcher.describeTo
leak-11-15: ManSectionItemMatcher.describeTo
leak-9-15: ManSectionItemMatcher.describeTo
leak-8-15: ManSectionItemMatcher.describeTo
leak-7-15: ManSectionItemMatcher.describeTo
leak-5-15: ManSectionItemMatcher.describeTo
leak-6-15: ManSectionItemMatcher.describeTo
leak-22-15: ManSectionItemMatcher.describeTo
leak-20-15: ManSectionItemMatcher.describeTo
leak-19-15: ManSectionItemMatcher.describeTo
leak-17-15: ManSectionItemMatcher.describeTo
leak-16-15: ManSectionItemMatcher.describeTo
leak-14-15: ManSectionItemMatcher.describeTo
leak-13-15: ManSectionItemMatcher.describeTo
leak-11-15: ManSectionItemMatcher.describeTo
leak-9-15: ManSectionItemMatcher.describeTo
leak-8-15: ManSectionItemMatcher.describeTo
leak-7-15: ManSectionItemMatcher.describeTo
leak-5-15: ManSectionItemMatcher.describeTo
leak-6-15: ManSectionItemMatcher.describeTo
leak-10-15: ManSectionItemMatcher.describeTo
leak-22-15: ManSectionItemMatcher.describeTo
leak-20-15: ManSectionItemMatcher.describeTo
leak-19-15: ManSectionItemMatcher.describeTo
leak-17-15: ManSectionItemMatcher.describeTo
leak-16-15: ManSectionItemMatcher.describeTo
leak-14-15: ManSectionItemMatcher.describeTo
leak-13-15: ManSectionItemMatcher.describeTo
leak-11-15: ManSectionItemMatcher.describeTo
leak-9-15: ManSectionItemMatcher.describeTo
leak-8-15: ManSectionItemMatcher.describeTo
leak-7-15: ManSectionItemMatcher.describeTo
leak-5-15: ManSectionItemMatcher.describeTo
leak-6-15: ManSectionItemMatcher.describeTo
leak-10-15: ManSectionItemMatcher.describeTo
leak-12-15: ManSectionItemMatcher.describeTo
leak-22-15: ManSectionItemMatcher.describeTo
leak-20-15: ManSectionItemMatcher.describeTo
leak-19-15: ManSectionItemMatcher.describeTo
leak-17-15: ManSectionItemMatcher.describeTo
leak-16-15: ManSectionItemMatcher.describeTo
leak-14-15: ManSectionItemMatcher.describeTo
leak-13-15: ManSectionItemMatcher.describeTo
leak-11-15: ManSectionItemMatcher.describeTo
leak-9-15: ManSectionItemMatcher.describeTo
leak-8-15: ManSectionItemMatcher.describeTo
leak-7-15: ManSectionItemMatcher.describeTo
leak-5-15: ManSectionItemMatcher.describeTo
leak-6-15: ManSectionItemMatcher.describeTo
leak-10-15: ManSectionItemMatcher.describeTo
leak-12-15: ManSectionItemMatcher.describeTo
leak-15-15: ManSectionItemMatcher.describeTo
leak-22-15: ManSectionItemMatcher.describeTo
leak-20-15: ManSectionItemMatcher.describeTo
leak-19-15: ManSectionItemMatcher.describeTo
leak-17-15: ManSectionItemMatcher.describeTo
leak-16-15: ManSectionItemMatcher.describeTo
leak-14-15: ManSectionItemMatcher.describeTo
leak-13-15: ManSectionItemMatcher.describeTo
leak-11-15: ManSectionItemMatcher.describeTo
leak-9-15: ManSectionItemMatcher.describeTo
leak-8-15: ManSectionItemMatcher.describeTo
leak-7-15: ManSectionItemMatcher.describeTo
leak-5-15: ManSectionItemMatcher.describeTo
leak-6-15: ManSectionItemMatcher.describeTo
leak-10-15: ManSectionItemMatcher.describeTo
leak-12-15: ManSectionItemMatcher.describeTo
leak-15-15: ManSectionItemMatcher.describeTo
leak-18-15: ManSectionItemMatcher.describeTo
leak-22-15: ManSectionItemMatcher.describeTo
leak-20-15: ManSectionItemMatcher.describeTo
leak-19-15: ManSectionItemMatcher.describeTo
leak-17-15: ManSectionItemMatcher.describeTo
leak-16-15: ManSectionItemMatcher.describeTo
leak-14-15: ManSectionItemMatcher.describeTo
leak-13-15: ManSectionItemMatcher.describeTo
leak-11-15: ManSectionItemMatcher.describeTo
leak-9-15: ManSectionItemMatcher.describeTo
leak-8-15: ManSectionItemMatcher.describeTo
leak-7-15: ManSectionItemMatcher.describeTo
leak-5-15: ManSectionItemMatcher.describeTo
leak-6-15: ManSectionItemMatcher.describeTo
leak-10-15: ManSectionItemMatcher.describeTo
leak-12-15: ManSectionItemMatcher.describeTo
leak-15-15: ManSectionItemMatcher.describeTo
leak-18-15: ManSectionItemMatcher.describeTo
leak-21-15: ManSectionItemMatcher.describeTo
leak-22-16: ManPageMatcher.ManPageMatcher
leak-20-16: ManPageMatcher.ManPageMatcher
leak-19-16: ManPageMatcher.ManPageMatcher
leak-17-16: ManPageMatcher.ManPageMatcher
leak-16-16: ManPageMatcher.ManPageMatcher
leak-14-16: ManPageMatcher.ManPageMatcher
leak-13-16: ManPageMatcher.ManPageMatcher
leak-11-16: ManPageMatcher.ManPageMatcher
leak-9-16: ManPageMatcher.ManPageMatcher
leak-8-16: ManPageMatcher.ManPageMatcher
leak-7-16: ManPageMatcher.ManPageMatcher
leak-5-16: ManPageMatcher.ManPageMatcher
leak-6-16: ManPageMatcher.ManPageMatcher
leak-22-16: ManPageMatcher.ManPageMatcher
leak-20-16: ManPageMatcher.ManPageMatcher
leak-19-16: ManPageMatcher.ManPageMatcher
leak-17-16: ManPageMatcher.ManPageMatcher
leak-16-16: ManPageMatcher.ManPageMatcher
leak-14-16: ManPageMatcher.ManPageMatcher
leak-13-16: ManPageMatcher.ManPageMatcher
leak-11-16: ManPageMatcher.ManPageMatcher
leak-9-16: ManPageMatcher.ManPageMatcher
leak-8-16: ManPageMatcher.ManPageMatcher
leak-7-16: ManPageMatcher.ManPageMatcher
leak-5-16: ManPageMatcher.ManPageMatcher
leak-6-16: ManPageMatcher.ManPageMatcher
leak-10-16: ManPageMatcher.ManPageMatcher
leak-22-16: ManPageMatcher.ManPageMatcher
leak-20-16: ManPageMatcher.ManPageMatcher
leak-19-16: ManPageMatcher.ManPageMatcher
leak-17-16: ManPageMatcher.ManPageMatcher
leak-16-16: ManPageMatcher.ManPageMatcher
leak-14-16: ManPageMatcher.ManPageMatcher
leak-13-16: ManPageMatcher.ManPageMatcher
leak-11-16: ManPageMatcher.ManPageMatcher
leak-9-16: ManPageMatcher.ManPageMatcher
leak-8-16: ManPageMatcher.ManPageMatcher
leak-7-16: ManPageMatcher.ManPageMatcher
leak-5-16: ManPageMatcher.ManPageMatcher
leak-6-16: ManPageMatcher.ManPageMatcher
leak-10-16: ManPageMatcher.ManPageMatcher
leak-12-16: ManPageMatcher.ManPageMatcher
leak-22-16: ManPageMatcher.ManPageMatcher
leak-20-16: ManPageMatcher.ManPageMatcher
leak-19-16: ManPageMatcher.ManPageMatcher
leak-17-16: ManPageMatcher.ManPageMatcher
leak-16-16: ManPageMatcher.ManPageMatcher
leak-14-16: ManPageMatcher.ManPageMatcher
leak-13-16: ManPageMatcher.ManPageMatcher
leak-11-16: ManPageMatcher.ManPageMatcher
leak-9-16: ManPageMatcher.ManPageMatcher
leak-8-16: ManPageMatcher.ManPageMatcher
leak-7-16: ManPageMatcher.ManPageMatcher
leak-5-16: ManPageMatcher.ManPageMatcher
leak-6-16: ManPageMatcher.ManPageMatcher
leak-10-16: ManPageMatcher.ManPageMatcher
leak-12-16: ManPageMatcher.ManPageMatcher
leak-15-16: ManPageMatcher.ManPageMatcher
leak-22-16: ManPageMatcher.ManPageMatcher
leak-20-16: ManPageMatcher.ManPageMatcher
leak-19-16: ManPageMatcher.ManPageMatcher
leak-17-16: ManPageMatcher.ManPageMatcher
leak-16-16: ManPageMatcher.ManPageMatcher
leak-14-16: ManPageMatcher.ManPageMatcher
leak-13-16: ManPageMatcher.ManPageMatcher
leak-11-16: ManPageMatcher.ManPageMatcher
leak-9-16: ManPageMatcher.ManPageMatcher
leak-8-16: ManPageMatcher.ManPageMatcher
leak-7-16: ManPageMatcher.ManPageMatcher
leak-5-16: ManPageMatcher.ManPageMatcher
leak-6-16: ManPageMatcher.ManPageMatcher
leak-10-16: ManPageMatcher.ManPageMatcher
leak-12-16: ManPageMatcher.ManPageMatcher
leak-15-16: ManPageMatcher.ManPageMatcher
leak-18-16: ManPageMatcher.ManPageMatcher
leak-22-16: ManPageMatcher.ManPageMatcher
leak-20-16: ManPageMatcher.ManPageMatcher
leak-19-16: ManPageMatcher.ManPageMatcher
leak-17-16: ManPageMatcher.ManPageMatcher
leak-16-16: ManPageMatcher.ManPageMatcher
leak-14-16: ManPageMatcher.ManPageMatcher
leak-13-16: ManPageMatcher.ManPageMatcher
leak-11-16: ManPageMatcher.ManPageMatcher
leak-9-16: ManPageMatcher.ManPageMatcher
leak-8-16: ManPageMatcher.ManPageMatcher
leak-7-16: ManPageMatcher.ManPageMatcher
leak-5-16: ManPageMatcher.ManPageMatcher
leak-6-16: ManPageMatcher.ManPageMatcher
leak-10-16: ManPageMatcher.ManPageMatcher
leak-12-16: ManPageMatcher.ManPageMatcher
leak-15-16: ManPageMatcher.ManPageMatcher
leak-18-16: ManPageMatcher.ManPageMatcher
leak-21-16: ManPageMatcher.ManPageMatcher
leak-22-16: ManPageMatcher.ManPageMatcher
leak-20-16: ManPageMatcher.ManPageMatcher
leak-19-16: ManPageMatcher.ManPageMatcher
leak-17-16: ManPageMatcher.ManPageMatcher
leak-16-16: ManPageMatcher.ManPageMatcher
leak-14-16: ManPageMatcher.ManPageMatcher
leak-13-16: ManPageMatcher.ManPageMatcher
leak-11-16: ManPageMatcher.ManPageMatcher
leak-9-16: ManPageMatcher.ManPageMatcher
leak-8-16: ManPageMatcher.ManPageMatcher
leak-7-16: ManPageMatcher.ManPageMatcher
leak-5-16: ManPageMatcher.ManPageMatcher
leak-6-16: ManPageMatcher.ManPageMatcher
leak-10-16: ManPageMatcher.ManPageMatcher
leak-12-16: ManPageMatcher.ManPageMatcher
leak-15-16: ManPageMatcher.ManPageMatcher
leak-18-16: ManPageMatcher.ManPageMatcher
leak-21-16: ManPageMatcher.ManPageMatcher
leak-22-17: ManPageMatcher.matches
leak-20-17: ManPageMatcher.matches
leak-19-17: ManPageMatcher.matches
leak-17-17: ManPageMatcher.matches
leak-16-17: ManPageMatcher.matches
leak-14-17: ManPageMatcher.matches
leak-13-17: ManPageMatcher.matches
leak-11-17: ManPageMatcher.matches
leak-9-17: ManPageMatcher.matches
leak-8-17: ManPageMatcher.matches
leak-7-17: ManPageMatcher.matches
leak-5-17: ManPageMatcher.matches
leak-6-17: ManPageMatcher.matches
leak-22-17: ManPageMatcher.matches
leak-20-17: ManPageMatcher.matches
leak-19-17: ManPageMatcher.matches
leak-17-17: ManPageMatcher.matches
leak-16-17: ManPageMatcher.matches
leak-14-17: ManPageMatcher.matches
leak-13-17: ManPageMatcher.matches
leak-11-17: ManPageMatcher.matches
leak-9-17: ManPageMatcher.matches
leak-8-17: ManPageMatcher.matches
leak-7-17: ManPageMatcher.matches
leak-5-17: ManPageMatcher.matches
leak-6-17: ManPageMatcher.matches
leak-10-17: ManPageMatcher.matches
leak-22-17: ManPageMatcher.matches
leak-20-17: ManPageMatcher.matches
leak-19-17: ManPageMatcher.matches
leak-17-17: ManPageMatcher.matches
leak-16-17: ManPageMatcher.matches
leak-14-17: ManPageMatcher.matches
leak-13-17: ManPageMatcher.matches
leak-11-17: ManPageMatcher.matches
leak-9-17: ManPageMatcher.matches
leak-8-17: ManPageMatcher.matches
leak-7-17: ManPageMatcher.matches
leak-5-17: ManPageMatcher.matches
leak-6-17: ManPageMatcher.matches
leak-10-17: ManPageMatcher.matches
leak-12-17: ManPageMatcher.matches
leak-22-17: ManPageMatcher.matches
leak-20-17: ManPageMatcher.matches
leak-19-17: ManPageMatcher.matches
leak-17-17: ManPageMatcher.matches
leak-16-17: ManPageMatcher.matches
leak-14-17: ManPageMatcher.matches
leak-13-17: ManPageMatcher.matches
leak-11-17: ManPageMatcher.matches
leak-9-17: ManPageMatcher.matches
leak-8-17: ManPageMatcher.matches
leak-7-17: ManPageMatcher.matches
leak-5-17: ManPageMatcher.matches
leak-6-17: ManPageMatcher.matches
leak-10-17: ManPageMatcher.matches
leak-12-17: ManPageMatcher.matches
leak-15-17: ManPageMatcher.matches
leak-22-17: ManPageMatcher.matches
leak-20-17: ManPageMatcher.matches
leak-19-17: ManPageMatcher.matches
leak-17-17: ManPageMatcher.matches
leak-16-17: ManPageMatcher.matches
leak-14-17: ManPageMatcher.matches
leak-13-17: ManPageMatcher.matches
leak-11-17: ManPageMatcher.matches
leak-9-17: ManPageMatcher.matches
leak-8-17: ManPageMatcher.matches
leak-7-17: ManPageMatcher.matches
leak-5-17: ManPageMatcher.matches
leak-6-17: ManPageMatcher.matches
leak-10-17: ManPageMatcher.matches
leak-12-17: ManPageMatcher.matches
leak-15-17: ManPageMatcher.matches
leak-18-17: ManPageMatcher.matches
leak-22-17: ManPageMatcher.matches
leak-20-17: ManPageMatcher.matches
leak-19-17: ManPageMatcher.matches
leak-17-17: ManPageMatcher.matches
leak-16-17: ManPageMatcher.matches
leak-14-17: ManPageMatcher.matches
leak-13-17: ManPageMatcher.matches
leak-11-17: ManPageMatcher.matches
leak-9-17: ManPageMatcher.matches
leak-8-17: ManPageMatcher.matches
leak-7-17: ManPageMatcher.matches
leak-5-17: ManPageMatcher.matches
leak-6-17: ManPageMatcher.matches
leak-10-17: ManPageMatcher.matches
leak-12-17: ManPageMatcher.matches
leak-15-17: ManPageMatcher.matches
leak-18-17: ManPageMatcher.matches
leak-21-17: ManPageMatcher.matches
leak-22-17: ManPageMatcher.matches
leak-20-17: ManPageMatcher.matches
leak-19-17: ManPageMatcher.matches
leak-17-17: ManPageMatcher.matches
leak-16-17: ManPageMatcher.matches
leak-14-17: ManPageMatcher.matches
leak-13-17: ManPageMatcher.matches
leak-11-17: ManPageMatcher.matches
leak-9-17: ManPageMatcher.matches
leak-8-17: ManPageMatcher.matches
leak-7-17: ManPageMatcher.matches
leak-5-17: ManPageMatcher.matches
leak-6-17: ManPageMatcher.matches
leak-10-17: ManPageMatcher.matches
leak-12-17: ManPageMatcher.matches
leak-15-17: ManPageMatcher.matches
leak-18-17: ManPageMatcher.matches
leak-21-17: ManPageMatcher.matches
leak-22-18: ManPageMatcher.describeTo
leak-20-18: ManPageMatcher.describeTo
leak-19-18: ManPageMatcher.describeTo
leak-17-18: ManPageMatcher.describeTo
leak-16-18: ManPageMatcher.describeTo
leak-14-18: ManPageMatcher.describeTo
leak-13-18: ManPageMatcher.describeTo
leak-11-18: ManPageMatcher.describeTo
leak-9-18: ManPageMatcher.describeTo
leak-8-18: ManPageMatcher.describeTo
leak-7-18: ManPageMatcher.describeTo
leak-5-18: ManPageMatcher.describeTo
leak-6-18: ManPageMatcher.describeTo
leak-22-18: ManPageMatcher.describeTo
leak-20-18: ManPageMatcher.describeTo
leak-19-18: ManPageMatcher.describeTo
leak-17-18: ManPageMatcher.describeTo
leak-16-18: ManPageMatcher.describeTo
leak-14-18: ManPageMatcher.describeTo
leak-13-18: ManPageMatcher.describeTo
leak-11-18: ManPageMatcher.describeTo
leak-9-18: ManPageMatcher.describeTo
leak-8-18: ManPageMatcher.describeTo
leak-7-18: ManPageMatcher.describeTo
leak-5-18: ManPageMatcher.describeTo
leak-6-18: ManPageMatcher.describeTo
leak-10-18: ManPageMatcher.describeTo
leak-22-18: ManPageMatcher.describeTo
leak-20-18: ManPageMatcher.describeTo
leak-19-18: ManPageMatcher.describeTo
leak-17-18: ManPageMatcher.describeTo
leak-16-18: ManPageMatcher.describeTo
leak-14-18: ManPageMatcher.describeTo
leak-13-18: ManPageMatcher.describeTo
leak-11-18: ManPageMatcher.describeTo
leak-9-18: ManPageMatcher.describeTo
leak-8-18: ManPageMatcher.describeTo
leak-7-18: ManPageMatcher.describeTo
leak-5-18: ManPageMatcher.describeTo
leak-6-18: ManPageMatcher.describeTo
leak-10-18: ManPageMatcher.describeTo
leak-12-18: ManPageMatcher.describeTo
leak-22-18: ManPageMatcher.describeTo
leak-20-18: ManPageMatcher.describeTo
leak-19-18: ManPageMatcher.describeTo
leak-17-18: ManPageMatcher.describeTo
leak-16-18: ManPageMatcher.describeTo
leak-14-18: ManPageMatcher.describeTo
leak-13-18: ManPageMatcher.describeTo
leak-11-18: ManPageMatcher.describeTo
leak-9-18: ManPageMatcher.describeTo
leak-8-18: ManPageMatcher.describeTo
leak-7-18: ManPageMatcher.describeTo
leak-5-18: ManPageMatcher.describeTo
leak-6-18: ManPageMatcher.describeTo
leak-10-18: ManPageMatcher.describeTo
leak-12-18: ManPageMatcher.describeTo
leak-15-18: ManPageMatcher.describeTo
leak-22-18: ManPageMatcher.describeTo
leak-20-18: ManPageMatcher.describeTo
leak-19-18: ManPageMatcher.describeTo
leak-17-18: ManPageMatcher.describeTo
leak-16-18: ManPageMatcher.describeTo
leak-14-18: ManPageMatcher.describeTo
leak-13-18: ManPageMatcher.describeTo
leak-11-18: ManPageMatcher.describeTo
leak-9-18: ManPageMatcher.describeTo
leak-8-18: ManPageMatcher.describeTo
leak-7-18: ManPageMatcher.describeTo
leak-5-18: ManPageMatcher.describeTo
leak-6-18: ManPageMatcher.describeTo
leak-10-18: ManPageMatcher.describeTo
leak-12-18: ManPageMatcher.describeTo
leak-15-18: ManPageMatcher.describeTo
leak-18-18: ManPageMatcher.describeTo
leak-22-18: ManPageMatcher.describeTo
leak-20-18: ManPageMatcher.describeTo
leak-19-18: ManPageMatcher.describeTo
leak-17-18: ManPageMatcher.describeTo
leak-16-18: ManPageMatcher.describeTo
leak-14-18: ManPageMatcher.describeTo
leak-13-18: ManPageMatcher.describeTo
leak-11-18: ManPageMatcher.describeTo
leak-9-18: ManPageMatcher.describeTo
leak-8-18: ManPageMatcher.describeTo
leak-7-18: ManPageMatcher.describeTo
leak-5-18: ManPageMatcher.describeTo
leak-6-18: ManPageMatcher.describeTo
leak-10-18: ManPageMatcher.describeTo
leak-12-18: ManPageMatcher.describeTo
leak-15-18: ManPageMatcher.describeTo
leak-18-18: ManPageMatcher.describeTo
leak-21-18: ManPageMatcher.describeTo
leak-22-18: ManPageMatcher.describeTo
leak-20-18: ManPageMatcher.describeTo
leak-19-18: ManPageMatcher.describeTo
leak-17-18: ManPageMatcher.describeTo
leak-16-18: ManPageMatcher.describeTo
leak-14-18: ManPageMatcher.describeTo
leak-13-18: ManPageMatcher.describeTo
leak-11-18: ManPageMatcher.describeTo
leak-9-18: ManPageMatcher.describeTo
leak-8-18: ManPageMatcher.describeTo
leak-7-18: ManPageMatcher.describeTo
leak-5-18: ManPageMatcher.describeTo
leak-6-18: ManPageMatcher.describeTo
leak-10-18: ManPageMatcher.describeTo
leak-12-18: ManPageMatcher.describeTo
leak-15-18: ManPageMatcher.describeTo
leak-18-18: ManPageMatcher.describeTo
leak-21-18: ManPageMatcher.describeTo
leak-22-19: WebViewVisible.WebViewVisible
leak-20-19: WebViewVisible.WebViewVisible
leak-19-19: WebViewVisible.WebViewVisible
leak-17-19: WebViewVisible.WebViewVisible
leak-16-19: WebViewVisible.WebViewVisible
leak-14-19: WebViewVisible.WebViewVisible
leak-13-19: WebViewVisible.WebViewVisible
leak-11-19: WebViewVisible.WebViewVisible
leak-9-19: WebViewVisible.WebViewVisible
leak-8-19: WebViewVisible.WebViewVisible
leak-7-19: WebViewVisible.WebViewVisible
leak-5-19: WebViewVisible.WebViewVisible
leak-6-19: WebViewVisible.WebViewVisible
leak-22-19: WebViewVisible.WebViewVisible
leak-20-19: WebViewVisible.WebViewVisible
leak-19-19: WebViewVisible.WebViewVisible
leak-17-19: WebViewVisible.WebViewVisible
leak-16-19: WebViewVisible.WebViewVisible
leak-14-19: WebViewVisible.WebViewVisible
leak-13-19: WebViewVisible.WebViewVisible
leak-11-19: WebViewVisible.WebViewVisible
leak-9-19: WebViewVisible.WebViewVisible
leak-8-19: WebViewVisible.WebViewVisible
leak-7-19: WebViewVisible.WebViewVisible
leak-5-19: WebViewVisible.WebViewVisible
leak-6-19: WebViewVisible.WebViewVisible
leak-10-19: WebViewVisible.WebViewVisible
leak-22-19: WebViewVisible.WebViewVisible
leak-20-19: WebViewVisible.WebViewVisible
leak-19-19: WebViewVisible.WebViewVisible
leak-17-19: WebViewVisible.WebViewVisible
leak-16-19: WebViewVisible.WebViewVisible
leak-14-19: WebViewVisible.WebViewVisible
leak-13-19: WebViewVisible.WebViewVisible
leak-11-19: WebViewVisible.WebViewVisible
leak-9-19: WebViewVisible.WebViewVisible
leak-8-19: WebViewVisible.WebViewVisible
leak-7-19: WebViewVisible.WebViewVisible
leak-5-19: WebViewVisible.WebViewVisible
leak-6-19: WebViewVisible.WebViewVisible
leak-10-19: WebViewVisible.WebViewVisible
leak-12-19: WebViewVisible.WebViewVisible
leak-22-19: WebViewVisible.WebViewVisible
leak-20-19: WebViewVisible.WebViewVisible
leak-19-19: WebViewVisible.WebViewVisible
leak-17-19: WebViewVisible.WebViewVisible
leak-16-19: WebViewVisible.WebViewVisible
leak-14-19: WebViewVisible.WebViewVisible
leak-13-19: WebViewVisible.WebViewVisible
leak-11-19: WebViewVisible.WebViewVisible
leak-9-19: WebViewVisible.WebViewVisible
leak-8-19: WebViewVisible.WebViewVisible
leak-7-19: WebViewVisible.WebViewVisible
leak-5-19: WebViewVisible.WebViewVisible
leak-6-19: WebViewVisible.WebViewVisible
leak-10-19: WebViewVisible.WebViewVisible
leak-12-19: WebViewVisible.WebViewVisible
leak-15-19: WebViewVisible.WebViewVisible
leak-22-19: WebViewVisible.WebViewVisible
leak-20-19: WebViewVisible.WebViewVisible
leak-19-19: WebViewVisible.WebViewVisible
leak-17-19: WebViewVisible.WebViewVisible
leak-16-19: WebViewVisible.WebViewVisible
leak-14-19: WebViewVisible.WebViewVisible
leak-13-19: WebViewVisible.WebViewVisible
leak-11-19: WebViewVisible.WebViewVisible
leak-9-19: WebViewVisible.WebViewVisible
leak-8-19: WebViewVisible.WebViewVisible
leak-7-19: WebViewVisible.WebViewVisible
leak-5-19: WebViewVisible.WebViewVisible
leak-6-19: WebViewVisible.WebViewVisible
leak-10-19: WebViewVisible.WebViewVisible
leak-12-19: WebViewVisible.WebViewVisible
leak-15-19: WebViewVisible.WebViewVisible
leak-18-19: WebViewVisible.WebViewVisible
leak-22-19: WebViewVisible.WebViewVisible
leak-20-19: WebViewVisible.WebViewVisible
leak-19-19: WebViewVisible.WebViewVisible
leak-17-19: WebViewVisible.WebViewVisible
leak-16-19: WebViewVisible.WebViewVisible
leak-14-19: WebViewVisible.WebViewVisible
leak-13-19: WebViewVisible.WebViewVisible
leak-11-19: WebViewVisible.WebViewVisible
leak-9-19: WebViewVisible.WebViewVisible
leak-8-19: WebViewVisible.WebViewVisible
leak-7-19: WebViewVisible.WebViewVisible
leak-5-19: WebViewVisible.WebViewVisible
leak-6-19: WebViewVisible.WebViewVisible
leak-10-19: WebViewVisible.WebViewVisible
leak-12-19: WebViewVisible.WebViewVisible
leak-15-19: WebViewVisible.WebViewVisible
leak-18-19: WebViewVisible.WebViewVisible
leak-21-19: WebViewVisible.WebViewVisible
leak-22-19: WebViewVisible.WebViewVisible
leak-20-19: WebViewVisible.WebViewVisible
leak-19-19: WebViewVisible.WebViewVisible
leak-17-19: WebViewVisible.WebViewVisible
leak-16-19: WebViewVisible.WebViewVisible
leak-14-19: WebViewVisible.WebViewVisible
leak-13-19: WebViewVisible.WebViewVisible
leak-11-19: WebViewVisible.WebViewVisible
leak-9-19: WebViewVisible.WebViewVisible
leak-8-19: WebViewVisible.WebViewVisible
leak-7-19: WebViewVisible.WebViewVisible
leak-5-19: WebViewVisible.WebViewVisible
leak-6-19: WebViewVisible.WebViewVisible
leak-10-19: WebViewVisible.WebViewVisible
leak-12-19: WebViewVisible.WebViewVisible
leak-15-19: WebViewVisible.WebViewVisible
leak-18-19: WebViewVisible.WebViewVisible
leak-21-19: WebViewVisible.WebViewVisible
leak-22-19: WebViewVisible.WebViewVisible
leak-20-19: WebViewVisible.WebViewVisible
leak-19-19: WebViewVisible.WebViewVisible
leak-17-19: WebViewVisible.WebViewVisible
leak-16-19: WebViewVisible.WebViewVisible
leak-14-19: WebViewVisible.WebViewVisible
leak-13-19: WebViewVisible.WebViewVisible
leak-11-19: WebViewVisible.WebViewVisible
leak-9-19: WebViewVisible.WebViewVisible
leak-8-19: WebViewVisible.WebViewVisible
leak-7-19: WebViewVisible.WebViewVisible
leak-5-19: WebViewVisible.WebViewVisible
leak-6-19: WebViewVisible.WebViewVisible
leak-10-19: WebViewVisible.WebViewVisible
leak-12-19: WebViewVisible.WebViewVisible
leak-15-19: WebViewVisible.WebViewVisible
leak-18-19: WebViewVisible.WebViewVisible
leak-21-19: WebViewVisible.WebViewVisible
leak-22-20: WebViewVisible.call
leak-20-20: WebViewVisible.call
leak-19-20: WebViewVisible.call
leak-17-20: WebViewVisible.call
leak-16-20: WebViewVisible.call
leak-14-20: WebViewVisible.call
leak-13-20: WebViewVisible.call
leak-11-20: WebViewVisible.call
leak-9-20: WebViewVisible.call
leak-8-20: WebViewVisible.call
leak-7-20: WebViewVisible.call
leak-5-20: WebViewVisible.call
leak-6-20: WebViewVisible.call
leak-22-20: WebViewVisible.call
leak-20-20: WebViewVisible.call
leak-19-20: WebViewVisible.call
leak-17-20: WebViewVisible.call
leak-16-20: WebViewVisible.call
leak-14-20: WebViewVisible.call
leak-13-20: WebViewVisible.call
leak-11-20: WebViewVisible.call
leak-9-20: WebViewVisible.call
leak-8-20: WebViewVisible.call
leak-7-20: WebViewVisible.call
leak-5-20: WebViewVisible.call
leak-6-20: WebViewVisible.call
leak-10-20: WebViewVisible.call
leak-22-20: WebViewVisible.call
leak-20-20: WebViewVisible.call
leak-19-20: WebViewVisible.call
leak-17-20: WebViewVisible.call
leak-16-20: WebViewVisible.call
leak-14-20: WebViewVisible.call
leak-13-20: WebViewVisible.call
leak-11-20: WebViewVisible.call
leak-9-20: WebViewVisible.call
leak-8-20: WebViewVisible.call
leak-7-20: WebViewVisible.call
leak-5-20: WebViewVisible.call
leak-6-20: WebViewVisible.call
leak-10-20: WebViewVisible.call
leak-12-20: WebViewVisible.call
leak-22-20: WebViewVisible.call
leak-20-20: WebViewVisible.call
leak-19-20: WebViewVisible.call
leak-17-20: WebViewVisible.call
leak-16-20: WebViewVisible.call
leak-14-20: WebViewVisible.call
leak-13-20: WebViewVisible.call
leak-11-20: WebViewVisible.call
leak-9-20: WebViewVisible.call
leak-8-20: WebViewVisible.call
leak-7-20: WebViewVisible.call
leak-5-20: WebViewVisible.call
leak-6-20: WebViewVisible.call
leak-10-20: WebViewVisible.call
leak-12-20: WebViewVisible.call
leak-15-20: WebViewVisible.call
leak-22-20: WebViewVisible.call
leak-20-20: WebViewVisible.call
leak-19-20: WebViewVisible.call
leak-17-20: WebViewVisible.call
leak-16-20: WebViewVisible.call
leak-14-20: WebViewVisible.call
leak-13-20: WebViewVisible.call
leak-11-20: WebViewVisible.call
leak-9-20: WebViewVisible.call
leak-8-20: WebViewVisible.call
leak-7-20: WebViewVisible.call
leak-5-20: WebViewVisible.call
leak-6-20: WebViewVisible.call
leak-10-20: WebViewVisible.call
leak-12-20: WebViewVisible.call
leak-15-20: WebViewVisible.call
leak-18-20: WebViewVisible.call
leak-22-20: WebViewVisible.call
leak-20-20: WebViewVisible.call
leak-19-20: WebViewVisible.call
leak-17-20: WebViewVisible.call
leak-16-20: WebViewVisible.call
leak-14-20: WebViewVisible.call
leak-13-20: WebViewVisible.call
leak-11-20: WebViewVisible.call
leak-9-20: WebViewVisible.call
leak-8-20: WebViewVisible.call
leak-7-20: WebViewVisible.call
leak-5-20: WebViewVisible.call
leak-6-20: WebViewVisible.call
leak-10-20: WebViewVisible.call
leak-12-20: WebViewVisible.call
leak-15-20: WebViewVisible.call
leak-18-20: WebViewVisible.call
leak-21-20: WebViewVisible.call
leak-22-20: WebViewVisible.call
leak-20-20: WebViewVisible.call
leak-19-20: WebViewVisible.call
leak-17-20: WebViewVisible.call
leak-16-20: WebViewVisible.call
leak-14-20: WebViewVisible.call
leak-13-20: WebViewVisible.call
leak-11-20: WebViewVisible.call
leak-9-20: WebViewVisible.call
leak-8-20: WebViewVisible.call
leak-7-20: WebViewVisible.call
leak-5-20: WebViewVisible.call
leak-6-20: WebViewVisible.call
leak-10-20: WebViewVisible.call
leak-12-20: WebViewVisible.call
leak-15-20: WebViewVisible.call
leak-18-20: WebViewVisible.call
leak-21-20: WebViewVisible.call
leak-22-20: WebViewVisible.call
leak-20-20: WebViewVisible.call
leak-19-20: WebViewVisible.call
leak-17-20: WebViewVisible.call
leak-16-20: WebViewVisible.call
leak-14-20: WebViewVisible.call
leak-13-20: WebViewVisible.call
leak-11-20: WebViewVisible.call
leak-9-20: WebViewVisible.call
leak-8-20: WebViewVisible.call
leak-7-20: WebViewVisible.call
leak-5-20: WebViewVisible.call
leak-6-20: WebViewVisible.call
leak-10-20: WebViewVisible.call
leak-12-20: WebViewVisible.call
leak-15-20: WebViewVisible.call
leak-18-20: WebViewVisible.call
leak-21-20: WebViewVisible.call
In file: ManPageDialogFragment.java
Input operator: TAINTSINK
ManPageDialogFragment
onCreate
onCreateView
onResume
onCreateOptionsMenu
onOptionsItemSelected
Private method: toggleSearchBar
onCreateLoader
onLoadFinished
onLoaderReset
Private method: shakeSlider
run
run
Private method: fillLinkPane
onClick
Private method: getFontFromProperties
shouldOverrideUrlLoading
shouldOverrideUrlLoadingOld
onClick
SearchFurtherExecutor
onClick
beforeTextChanged
onTextChanged
afterTextChanged
onSharedPreferenceChanged
leak-34-21: ManPageDialogFragment.ManPageDialogFragment
leak-32-21: ManPageDialogFragment.ManPageDialogFragment
leak-34-22: ManPageDialogFragment.onCreate
SUper found
leak-32-22: ManPageDialogFragment.onCreate
SUper found
leak-34-23: ManPageDialogFragment.onCreateView
leak-32-23: ManPageDialogFragment.onCreateView
leak-34-24: ManPageDialogFragment.onResume
SUper found
leak-32-24: ManPageDialogFragment.onResume
SUper found
leak-34-25: ManPageDialogFragment.onCreateOptionsMenu
SUper found
leak-32-25: ManPageDialogFragment.onCreateOptionsMenu
SUper found
leak-34-26: ManPageDialogFragment.onOptionsItemSelected
leak-32-26: ManPageDialogFragment.onOptionsItemSelected
leak-34-27: ManPageDialogFragment.toggleSearchBar
leak-32-27: ManPageDialogFragment.toggleSearchBar
leak-34-31: ManPageDialogFragment.shakeSlider
leak-32-31: ManPageDialogFragment.shakeSlider
leak-34-32: ManPageDialogFragment.fillLinkPane
leak-32-32: ManPageDialogFragment.fillLinkPane
leak-34-33: ManPageDialogFragment.getFontFromProperties
leak-32-33: ManPageDialogFragment.getFontFromProperties
leak-30-21: ManPageDialogFragment.ManPageDialogFragment
leak-30-22: ManPageDialogFragment.onCreate
SUper found
leak-30-23: ManPageDialogFragment.onCreateView
leak-30-24: ManPageDialogFragment.onResume
SUper found
leak-30-25: ManPageDialogFragment.onCreateOptionsMenu
SUper found
leak-30-26: ManPageDialogFragment.onOptionsItemSelected
leak-30-27: ManPageDialogFragment.toggleSearchBar
leak-30-31: ManPageDialogFragment.shakeSlider
leak-30-32: ManPageDialogFragment.fillLinkPane
leak-30-33: ManPageDialogFragment.getFontFromProperties
leak-28-21: ManPageDialogFragment.ManPageDialogFragment
leak-28-22: ManPageDialogFragment.onCreate
SUper found
leak-28-23: ManPageDialogFragment.onCreateView
leak-28-24: ManPageDialogFragment.onResume
SUper found
leak-28-25: ManPageDialogFragment.onCreateOptionsMenu
SUper found
leak-28-26: ManPageDialogFragment.onOptionsItemSelected
leak-28-27: ManPageDialogFragment.toggleSearchBar
leak-28-31: ManPageDialogFragment.shakeSlider
leak-28-32: ManPageDialogFragment.fillLinkPane
leak-28-33: ManPageDialogFragment.getFontFromProperties
leak-27-21: ManPageDialogFragment.ManPageDialogFragment
leak-27-22: ManPageDialogFragment.onCreate
SUper found
leak-27-23: ManPageDialogFragment.onCreateView
leak-27-24: ManPageDialogFragment.onResume
SUper found
leak-27-25: ManPageDialogFragment.onCreateOptionsMenu
SUper found
leak-27-26: ManPageDialogFragment.onOptionsItemSelected
leak-27-27: ManPageDialogFragment.toggleSearchBar
leak-27-31: ManPageDialogFragment.shakeSlider
leak-27-32: ManPageDialogFragment.fillLinkPane
leak-27-33: ManPageDialogFragment.getFontFromProperties
leak-26-21: ManPageDialogFragment.ManPageDialogFragment
leak-26-22: ManPageDialogFragment.onCreate
SUper found
leak-26-23: ManPageDialogFragment.onCreateView
leak-26-24: ManPageDialogFragment.onResume
SUper found
leak-26-25: ManPageDialogFragment.onCreateOptionsMenu
SUper found
leak-26-26: ManPageDialogFragment.onOptionsItemSelected
leak-26-27: ManPageDialogFragment.toggleSearchBar
leak-26-31: ManPageDialogFragment.shakeSlider
leak-26-32: ManPageDialogFragment.fillLinkPane
leak-26-33: ManPageDialogFragment.getFontFromProperties
leak-25-21: ManPageDialogFragment.ManPageDialogFragment
leak-25-22: ManPageDialogFragment.onCreate
SUper found
leak-25-23: ManPageDialogFragment.onCreateView
leak-25-24: ManPageDialogFragment.onResume
SUper found
leak-25-25: ManPageDialogFragment.onCreateOptionsMenu
SUper found
leak-25-26: ManPageDialogFragment.onOptionsItemSelected
leak-25-27: ManPageDialogFragment.toggleSearchBar
leak-25-31: ManPageDialogFragment.shakeSlider
leak-25-32: ManPageDialogFragment.fillLinkPane
leak-25-33: ManPageDialogFragment.getFontFromProperties
leak-24-21: ManPageDialogFragment.ManPageDialogFragment
leak-24-22: ManPageDialogFragment.onCreate
SUper found
leak-24-23: ManPageDialogFragment.onCreateView
leak-24-24: ManPageDialogFragment.onResume
SUper found
leak-24-25: ManPageDialogFragment.onCreateOptionsMenu
SUper found
leak-24-26: ManPageDialogFragment.onOptionsItemSelected
leak-24-27: ManPageDialogFragment.toggleSearchBar
leak-24-31: ManPageDialogFragment.shakeSlider
leak-24-32: ManPageDialogFragment.fillLinkPane
leak-24-33: ManPageDialogFragment.getFontFromProperties
leak-23-21: ManPageDialogFragment.ManPageDialogFragment
leak-23-22: ManPageDialogFragment.onCreate
SUper found
leak-23-23: ManPageDialogFragment.onCreateView
leak-23-24: ManPageDialogFragment.onResume
SUper found
leak-23-25: ManPageDialogFragment.onCreateOptionsMenu
SUper found
leak-23-26: ManPageDialogFragment.onOptionsItemSelected
leak-23-27: ManPageDialogFragment.toggleSearchBar
leak-23-31: ManPageDialogFragment.shakeSlider
leak-23-32: ManPageDialogFragment.fillLinkPane
leak-23-33: ManPageDialogFragment.getFontFromProperties
leak-34-37: SearchFurtherExecutor.SearchFurtherExecutor
leak-32-37: SearchFurtherExecutor.SearchFurtherExecutor
leak-30-37: SearchFurtherExecutor.SearchFurtherExecutor
leak-28-37: SearchFurtherExecutor.SearchFurtherExecutor
leak-27-37: SearchFurtherExecutor.SearchFurtherExecutor
leak-26-37: SearchFurtherExecutor.SearchFurtherExecutor
leak-25-37: SearchFurtherExecutor.SearchFurtherExecutor
leak-24-37: SearchFurtherExecutor.SearchFurtherExecutor
leak-23-37: SearchFurtherExecutor.SearchFurtherExecutor
leak-29-37: SearchFurtherExecutor.SearchFurtherExecutor
leak-34-37: SearchFurtherExecutor.SearchFurtherExecutor
leak-32-37: SearchFurtherExecutor.SearchFurtherExecutor
leak-30-37: SearchFurtherExecutor.SearchFurtherExecutor
leak-28-37: SearchFurtherExecutor.SearchFurtherExecutor
leak-27-37: SearchFurtherExecutor.SearchFurtherExecutor
leak-26-37: SearchFurtherExecutor.SearchFurtherExecutor
leak-25-37: SearchFurtherExecutor.SearchFurtherExecutor
leak-24-37: SearchFurtherExecutor.SearchFurtherExecutor
leak-23-37: SearchFurtherExecutor.SearchFurtherExecutor
leak-29-37: SearchFurtherExecutor.SearchFurtherExecutor
leak-31-37: SearchFurtherExecutor.SearchFurtherExecutor
leak-34-37: SearchFurtherExecutor.SearchFurtherExecutor
leak-32-37: SearchFurtherExecutor.SearchFurtherExecutor
leak-30-37: SearchFurtherExecutor.SearchFurtherExecutor
leak-28-37: SearchFurtherExecutor.SearchFurtherExecutor
leak-27-37: SearchFurtherExecutor.SearchFurtherExecutor
leak-26-37: SearchFurtherExecutor.SearchFurtherExecutor
leak-25-37: SearchFurtherExecutor.SearchFurtherExecutor
leak-24-37: SearchFurtherExecutor.SearchFurtherExecutor
leak-23-37: SearchFurtherExecutor.SearchFurtherExecutor
leak-29-37: SearchFurtherExecutor.SearchFurtherExecutor
leak-31-37: SearchFurtherExecutor.SearchFurtherExecutor
leak-33-37: SearchFurtherExecutor.SearchFurtherExecutor
leak-34-38: SearchFurtherExecutor.onClick
leak-32-38: SearchFurtherExecutor.onClick
leak-30-38: SearchFurtherExecutor.onClick
leak-28-38: SearchFurtherExecutor.onClick
leak-27-38: SearchFurtherExecutor.onClick
leak-26-38: SearchFurtherExecutor.onClick
leak-25-38: SearchFurtherExecutor.onClick
leak-24-38: SearchFurtherExecutor.onClick
leak-23-38: SearchFurtherExecutor.onClick
leak-29-38: SearchFurtherExecutor.onClick
leak-34-38: SearchFurtherExecutor.onClick
leak-32-38: SearchFurtherExecutor.onClick
leak-30-38: SearchFurtherExecutor.onClick
leak-28-38: SearchFurtherExecutor.onClick
leak-27-38: SearchFurtherExecutor.onClick
leak-26-38: SearchFurtherExecutor.onClick
leak-25-38: SearchFurtherExecutor.onClick
leak-24-38: SearchFurtherExecutor.onClick
leak-23-38: SearchFurtherExecutor.onClick
leak-29-38: SearchFurtherExecutor.onClick
leak-31-38: SearchFurtherExecutor.onClick
leak-34-38: SearchFurtherExecutor.onClick
leak-32-38: SearchFurtherExecutor.onClick
leak-30-38: SearchFurtherExecutor.onClick
leak-28-38: SearchFurtherExecutor.onClick
leak-27-38: SearchFurtherExecutor.onClick
leak-26-38: SearchFurtherExecutor.onClick
leak-25-38: SearchFurtherExecutor.onClick
leak-24-38: SearchFurtherExecutor.onClick
leak-23-38: SearchFurtherExecutor.onClick
leak-29-38: SearchFurtherExecutor.onClick
leak-31-38: SearchFurtherExecutor.onClick
leak-33-38: SearchFurtherExecutor.onClick
In file: ProgressBarWrapper.java
Input operator: TAINTSINK
ProgressBarWrapper
getActionBarSize
Private method: createProgressBar
show
hide
onOrientationChanged
addProgressBarToActivity
run
start
finish
Private method: getDecorView
setIndeterminate
setProgress
leak-42-43: ProgressBarWrapper.ProgressBarWrapper
leak-41-43: ProgressBarWrapper.ProgressBarWrapper
leak-42-44: ProgressBarWrapper.getActionBarSize
leak-41-44: ProgressBarWrapper.getActionBarSize
leak-42-45: ProgressBarWrapper.createProgressBar
leak-41-45: ProgressBarWrapper.createProgressBar
leak-42-46: ProgressBarWrapper.show
leak-41-46: ProgressBarWrapper.show
leak-42-47: ProgressBarWrapper.hide
leak-41-47: ProgressBarWrapper.hide
leak-42-48: ProgressBarWrapper.onOrientationChanged
leak-41-48: ProgressBarWrapper.onOrientationChanged
leak-42-49: ProgressBarWrapper.addProgressBarToActivity
leak-41-49: ProgressBarWrapper.addProgressBarToActivity
leak-42-54: ProgressBarWrapper.setIndeterminate
leak-41-54: ProgressBarWrapper.setIndeterminate
leak-42-55: ProgressBarWrapper.setProgress
leak-41-55: ProgressBarWrapper.setProgress
leak-40-43: ProgressBarWrapper.ProgressBarWrapper
leak-40-44: ProgressBarWrapper.getActionBarSize
leak-40-45: ProgressBarWrapper.createProgressBar
leak-40-46: ProgressBarWrapper.show
leak-40-47: ProgressBarWrapper.hide
leak-40-48: ProgressBarWrapper.onOrientationChanged
leak-40-49: ProgressBarWrapper.addProgressBarToActivity
leak-40-54: ProgressBarWrapper.setIndeterminate
leak-40-55: ProgressBarWrapper.setProgress
leak-39-43: ProgressBarWrapper.ProgressBarWrapper
leak-39-44: ProgressBarWrapper.getActionBarSize
leak-39-45: ProgressBarWrapper.createProgressBar
leak-39-46: ProgressBarWrapper.show
leak-39-47: ProgressBarWrapper.hide
leak-39-48: ProgressBarWrapper.onOrientationChanged
leak-39-49: ProgressBarWrapper.addProgressBarToActivity
leak-39-54: ProgressBarWrapper.setIndeterminate
leak-39-55: ProgressBarWrapper.setProgress
leak-38-43: ProgressBarWrapper.ProgressBarWrapper
leak-38-44: ProgressBarWrapper.getActionBarSize
leak-38-45: ProgressBarWrapper.createProgressBar
leak-38-46: ProgressBarWrapper.show
leak-38-47: ProgressBarWrapper.hide
leak-38-48: ProgressBarWrapper.onOrientationChanged
leak-38-49: ProgressBarWrapper.addProgressBarToActivity
leak-38-54: ProgressBarWrapper.setIndeterminate
leak-38-55: ProgressBarWrapper.setProgress
leak-37-43: ProgressBarWrapper.ProgressBarWrapper
leak-37-44: ProgressBarWrapper.getActionBarSize
leak-37-45: ProgressBarWrapper.createProgressBar
leak-37-46: ProgressBarWrapper.show
leak-37-47: ProgressBarWrapper.hide
leak-37-48: ProgressBarWrapper.onOrientationChanged
leak-37-49: ProgressBarWrapper.addProgressBarToActivity
leak-37-54: ProgressBarWrapper.setIndeterminate
leak-37-55: ProgressBarWrapper.setProgress
leak-36-43: ProgressBarWrapper.ProgressBarWrapper
leak-36-44: ProgressBarWrapper.getActionBarSize
leak-36-45: ProgressBarWrapper.createProgressBar
leak-36-46: ProgressBarWrapper.show
leak-36-47: ProgressBarWrapper.hide
leak-36-48: ProgressBarWrapper.onOrientationChanged
leak-36-49: ProgressBarWrapper.addProgressBarToActivity
leak-36-54: ProgressBarWrapper.setIndeterminate
leak-36-55: ProgressBarWrapper.setProgress
leak-35-43: ProgressBarWrapper.ProgressBarWrapper
leak-35-44: ProgressBarWrapper.getActionBarSize
leak-35-45: ProgressBarWrapper.createProgressBar
leak-35-46: ProgressBarWrapper.show
leak-35-47: ProgressBarWrapper.hide
leak-35-48: ProgressBarWrapper.onOrientationChanged
leak-35-49: ProgressBarWrapper.addProgressBarToActivity
leak-35-54: ProgressBarWrapper.setIndeterminate
leak-35-55: ProgressBarWrapper.setProgress
In file: PassiveSlidingPane.java
Input operator: TAINTSINK
PassiveSlidingPane
PassiveSlidingPane
PassiveSlidingPane
Private method: init
setTrackedView
onInterceptTouchEvent
leak-47-56: PassiveSlidingPane.PassiveSlidingPane
SUper found
leak-46-56: PassiveSlidingPane.PassiveSlidingPane
SUper found
leak-47-57: PassiveSlidingPane.PassiveSlidingPane
SUper found
leak-46-57: PassiveSlidingPane.PassiveSlidingPane
SUper found
leak-47-58: PassiveSlidingPane.PassiveSlidingPane
SUper found
leak-46-58: PassiveSlidingPane.PassiveSlidingPane
SUper found
leak-47-59: PassiveSlidingPane.init
