/home/amit/muse/output/NasaApod/schemas/TAINTSINK/NasaApod
In file: API.java
Input operator: TAINTSINK
In file: Tls12SocketFactory.java
Input operator: TAINTSINK
Tls12SocketFactory
getDefaultCipherSuites
getSupportedCipherSuites
createSocket
createSocket
createSocket
createSocket
createSocket
Private method: patch
leak-7-0: Tls12SocketFactory.Tls12SocketFactory
leak-6-0: Tls12SocketFactory.Tls12SocketFactory
leak-7-1: Tls12SocketFactory.getDefaultCipherSuites
leak-6-1: Tls12SocketFactory.getDefaultCipherSuites
leak-7-2: Tls12SocketFactory.getSupportedCipherSuites
leak-6-2: Tls12SocketFactory.getSupportedCipherSuites
leak-7-3: Tls12SocketFactory.createSocket
leak-6-3: Tls12SocketFactory.createSocket
leak-7-4: Tls12SocketFactory.createSocket
leak-6-4: Tls12SocketFactory.createSocket
leak-7-5: Tls12SocketFactory.createSocket
leak-6-5: Tls12SocketFactory.createSocket
leak-7-6: Tls12SocketFactory.createSocket
leak-6-6: Tls12SocketFactory.createSocket
leak-7-7: Tls12SocketFactory.createSocket
leak-6-7: Tls12SocketFactory.createSocket
leak-7-8: Tls12SocketFactory.patch
leak-6-8: Tls12SocketFactory.patch
leak-5-0: Tls12SocketFactory.Tls12SocketFactory
leak-5-1: Tls12SocketFactory.getDefaultCipherSuites
leak-5-2: Tls12SocketFactory.getSupportedCipherSuites
leak-5-3: Tls12SocketFactory.createSocket
leak-5-4: Tls12SocketFactory.createSocket
leak-5-5: Tls12SocketFactory.createSocket
leak-5-6: Tls12SocketFactory.createSocket
leak-5-7: Tls12SocketFactory.createSocket
leak-5-8: Tls12SocketFactory.patch
leak-4-0: Tls12SocketFactory.Tls12SocketFactory
leak-4-1: Tls12SocketFactory.getDefaultCipherSuites
leak-4-2: Tls12SocketFactory.getSupportedCipherSuites
leak-4-3: Tls12SocketFactory.createSocket
leak-4-4: Tls12SocketFactory.createSocket
leak-4-5: Tls12SocketFactory.createSocket
leak-4-6: Tls12SocketFactory.createSocket
leak-4-7: Tls12SocketFactory.createSocket
leak-4-8: Tls12SocketFactory.patch
leak-3-0: Tls12SocketFactory.Tls12SocketFactory
leak-3-1: Tls12SocketFactory.getDefaultCipherSuites
leak-3-2: Tls12SocketFactory.getSupportedCipherSuites
leak-3-3: Tls12SocketFactory.createSocket
leak-3-4: Tls12SocketFactory.createSocket
leak-3-5: Tls12SocketFactory.createSocket
leak-3-6: Tls12SocketFactory.createSocket
leak-3-7: Tls12SocketFactory.createSocket
leak-3-8: Tls12SocketFactory.patch
leak-2-0: Tls12SocketFactory.Tls12SocketFactory
leak-2-1: Tls12SocketFactory.getDefaultCipherSuites
leak-2-2: Tls12SocketFactory.getSupportedCipherSuites
leak-2-3: Tls12SocketFactory.createSocket
leak-2-4: Tls12SocketFactory.createSocket
leak-2-5: Tls12SocketFactory.createSocket
leak-2-6: Tls12SocketFactory.createSocket
leak-2-7: Tls12SocketFactory.createSocket
leak-2-8: Tls12SocketFactory.patch
leak-1-0: Tls12SocketFactory.Tls12SocketFactory
leak-1-1: Tls12SocketFactory.getDefaultCipherSuites
leak-1-2: Tls12SocketFactory.getSupportedCipherSuites
leak-1-3: Tls12SocketFactory.createSocket
leak-1-4: Tls12SocketFactory.createSocket
leak-1-5: Tls12SocketFactory.createSocket
leak-1-6: Tls12SocketFactory.createSocket
leak-1-7: Tls12SocketFactory.createSocket
leak-1-8: Tls12SocketFactory.patch
leak-0-0: Tls12SocketFactory.Tls12SocketFactory
leak-0-1: Tls12SocketFactory.getDefaultCipherSuites
leak-0-2: Tls12SocketFactory.getSupportedCipherSuites
leak-0-3: Tls12SocketFactory.createSocket
leak-0-4: Tls12SocketFactory.createSocket
leak-0-5: Tls12SocketFactory.createSocket
leak-0-6: Tls12SocketFactory.createSocket
leak-0-7: Tls12SocketFactory.createSocket
leak-0-8: Tls12SocketFactory.patch
In file: NASAServices.java
Input operator: TAINTSINK
getAPOD
In file: MainActivity.java
Input operator: TAINTSINK
onCreate
onItemClick
onCreateOptionsMenu
onOptionsItemSelected
Private method: enforceIconBar
Private method: getNasaAPODS
picassoClearCache
leak-14-10: MainActivity.onCreate
SUper found
leak-13-10: MainActivity.onCreate
SUper found
leak-14-11: MainActivity.onCreateOptionsMenu
leak-13-11: MainActivity.onCreateOptionsMenu
leak-14-12: MainActivity.onOptionsItemSelected
leak-13-12: MainActivity.onOptionsItemSelected
leak-14-13: MainActivity.enforceIconBar
leak-13-13: MainActivity.enforceIconBar
leak-14-14: MainActivity.getNasaAPODS
leak-13-14: MainActivity.getNasaAPODS
leak-14-15: MainActivity.picassoClearCache
leak-13-15: MainActivity.picassoClearCache
leak-12-10: MainActivity.onCreate
SUper found
leak-12-11: MainActivity.onCreateOptionsMenu
leak-12-12: MainActivity.onOptionsItemSelected
leak-12-13: MainActivity.enforceIconBar
leak-12-14: MainActivity.getNasaAPODS
leak-12-15: MainActivity.picassoClearCache
leak-11-10: MainActivity.onCreate
SUper found
leak-11-11: MainActivity.onCreateOptionsMenu
leak-11-12: MainActivity.onOptionsItemSelected
leak-11-13: MainActivity.enforceIconBar
leak-11-14: MainActivity.getNasaAPODS
leak-11-15: MainActivity.picassoClearCache
leak-9-10: MainActivity.onCreate
SUper found
leak-9-11: MainActivity.onCreateOptionsMenu
leak-9-12: MainActivity.onOptionsItemSelected
leak-9-13: MainActivity.enforceIconBar
leak-9-14: MainActivity.getNasaAPODS
leak-9-15: MainActivity.picassoClearCache
In file: ImageActivity.java
Input operator: TAINTSINK
run
run
run
onCreate
onClick
onPostCreate
Private method: toggle
Private method: hide
Private method: show
Private method: delayedHide
leak-24-16: ImageActivity.onCreate
SUper found
leak-23-16: ImageActivity.onCreate
SUper found
leak-24-17: ImageActivity.onPostCreate
SUper found
leak-23-17: ImageActivity.onPostCreate
SUper found
leak-24-18: ImageActivity.toggle
leak-23-18: ImageActivity.toggle
leak-24-19: ImageActivity.hide
leak-23-19: ImageActivity.hide
leak-24-20: ImageActivity.show
leak-23-20: ImageActivity.show
leak-24-21: ImageActivity.delayedHide
leak-23-21: ImageActivity.delayedHide
leak-21-16: ImageActivity.onCreate
SUper found
leak-21-17: ImageActivity.onPostCreate
SUper found
leak-21-18: ImageActivity.toggle
leak-21-19: ImageActivity.hide
leak-21-20: ImageActivity.show
leak-21-21: ImageActivity.delayedHide
leak-20-16: ImageActivity.onCreate
SUper found
leak-20-17: ImageActivity.onPostCreate
SUper found
leak-20-18: ImageActivity.toggle
leak-20-19: ImageActivity.hide
leak-20-20: ImageActivity.show
leak-20-21: ImageActivity.delayedHide
leak-18-16: ImageActivity.onCreate
SUper found
leak-18-17: ImageActivity.onPostCreate
SUper found
leak-18-18: ImageActivity.toggle
leak-18-19: ImageActivity.hide
leak-18-20: ImageActivity.show
leak-18-21: ImageActivity.delayedHide
leak-16-16: ImageActivity.onCreate
SUper found
leak-16-17: ImageActivity.onPostCreate
SUper found
leak-16-18: ImageActivity.toggle
leak-16-19: ImageActivity.hide
leak-16-20: ImageActivity.show
leak-16-21: ImageActivity.delayedHide
leak-24-16: ImageActivity.onCreate
SUper found
leak-23-16: ImageActivity.onCreate
SUper found
leak-21-16: ImageActivity.onCreate
SUper found
leak-20-16: ImageActivity.onCreate
SUper found
leak-18-16: ImageActivity.onCreate
SUper found
leak-16-16: ImageActivity.onCreate
SUper found
leak-15-16: ImageActivity.onCreate
SUper found
leak-24-17: ImageActivity.onPostCreate
SUper found
leak-23-17: ImageActivity.onPostCreate
SUper found
leak-21-17: ImageActivity.onPostCreate
SUper found
leak-20-17: ImageActivity.onPostCreate
SUper found
leak-18-17: ImageActivity.onPostCreate
SUper found
leak-16-17: ImageActivity.onPostCreate
SUper found
leak-15-17: ImageActivity.onPostCreate
SUper found
leak-24-18: ImageActivity.toggle
leak-23-18: ImageActivity.toggle
leak-21-18: ImageActivity.toggle
leak-20-18: ImageActivity.toggle
leak-18-18: ImageActivity.toggle
leak-16-18: ImageActivity.toggle
leak-15-18: ImageActivity.toggle
leak-24-19: ImageActivity.hide
leak-23-19: ImageActivity.hide
leak-21-19: ImageActivity.hide
leak-20-19: ImageActivity.hide
leak-18-19: ImageActivity.hide
leak-16-19: ImageActivity.hide
leak-15-19: ImageActivity.hide
leak-24-20: ImageActivity.show
leak-23-20: ImageActivity.show
leak-21-20: ImageActivity.show
leak-20-20: ImageActivity.show
leak-18-20: ImageActivity.show
leak-16-20: ImageActivity.show
leak-15-20: ImageActivity.show
leak-24-21: ImageActivity.delayedHide
leak-23-21: ImageActivity.delayedHide
leak-21-21: ImageActivity.delayedHide
leak-20-21: ImageActivity.delayedHide
leak-18-21: ImageActivity.delayedHide
leak-16-21: ImageActivity.delayedHide
leak-15-21: ImageActivity.delayedHide
leak-24-16: ImageActivity.onCreate
SUper found
leak-23-16: ImageActivity.onCreate
SUper found
leak-21-16: ImageActivity.onCreate
SUper found
leak-20-16: ImageActivity.onCreate
SUper found
leak-18-16: ImageActivity.onCreate
SUper found
leak-16-16: ImageActivity.onCreate
SUper found
leak-15-16: ImageActivity.onCreate
SUper found
leak-24-16: ImageActivity.onCreate
SUper found
leak-23-16: ImageActivity.onCreate
SUper found
leak-21-16: ImageActivity.onCreate
SUper found
leak-20-16: ImageActivity.onCreate
SUper found
leak-18-16: ImageActivity.onCreate
SUper found
leak-16-16: ImageActivity.onCreate
SUper found
leak-15-16: ImageActivity.onCreate
SUper found
leak-24-17: ImageActivity.onPostCreate
SUper found
leak-23-17: ImageActivity.onPostCreate
SUper found
leak-21-17: ImageActivity.onPostCreate
SUper found
leak-20-17: ImageActivity.onPostCreate
SUper found
leak-18-17: ImageActivity.onPostCreate
SUper found
leak-16-17: ImageActivity.onPostCreate
SUper found
leak-15-17: ImageActivity.onPostCreate
SUper found
leak-24-17: ImageActivity.onPostCreate
SUper found
leak-23-17: ImageActivity.onPostCreate
SUper found
leak-21-17: ImageActivity.onPostCreate
SUper found
leak-20-17: ImageActivity.onPostCreate
SUper found
leak-18-17: ImageActivity.onPostCreate
SUper found
leak-16-17: ImageActivity.onPostCreate
SUper found
leak-15-17: ImageActivity.onPostCreate
SUper found
leak-24-18: ImageActivity.toggle
leak-23-18: ImageActivity.toggle
leak-21-18: ImageActivity.toggle
leak-20-18: ImageActivity.toggle
leak-18-18: ImageActivity.toggle
leak-16-18: ImageActivity.toggle
leak-15-18: ImageActivity.toggle
leak-24-18: ImageActivity.toggle
leak-23-18: ImageActivity.toggle
leak-21-18: ImageActivity.toggle
leak-20-18: ImageActivity.toggle
leak-18-18: ImageActivity.toggle
leak-16-18: ImageActivity.toggle
leak-15-18: ImageActivity.toggle
leak-24-19: ImageActivity.hide
leak-23-19: ImageActivity.hide
leak-21-19: ImageActivity.hide
leak-20-19: ImageActivity.hide
leak-18-19: ImageActivity.hide
leak-16-19: ImageActivity.hide
leak-15-19: ImageActivity.hide
leak-24-19: ImageActivity.hide
leak-23-19: ImageActivity.hide
leak-21-19: ImageActivity.hide
leak-20-19: ImageActivity.hide
leak-18-19: ImageActivity.hide
leak-16-19: ImageActivity.hide
leak-15-19: ImageActivity.hide
leak-24-20: ImageActivity.show
leak-23-20: ImageActivity.show
leak-21-20: ImageActivity.show
leak-20-20: ImageActivity.show
leak-18-20: ImageActivity.show
leak-16-20: ImageActivity.show
leak-15-20: ImageActivity.show
leak-24-20: ImageActivity.show
leak-23-20: ImageActivity.show
leak-21-20: ImageActivity.show
leak-20-20: ImageActivity.show
leak-18-20: ImageActivity.show
leak-16-20: ImageActivity.show
leak-15-20: ImageActivity.show
leak-24-21: ImageActivity.delayedHide
leak-23-21: ImageActivity.delayedHide
leak-21-21: ImageActivity.delayedHide
leak-20-21: ImageActivity.delayedHide
leak-18-21: ImageActivity.delayedHide
leak-16-21: ImageActivity.delayedHide
leak-15-21: ImageActivity.delayedHide
leak-24-21: ImageActivity.delayedHide
leak-23-21: ImageActivity.delayedHide
leak-21-21: ImageActivity.delayedHide
leak-20-21: ImageActivity.delayedHide
leak-18-21: ImageActivity.delayedHide
leak-16-21: ImageActivity.delayedHide
leak-15-21: ImageActivity.delayedHide
leak-24-16: ImageActivity.onCreate
SUper found
leak-23-16: ImageActivity.onCreate
SUper found
leak-21-16: ImageActivity.onCreate
SUper found
leak-20-16: ImageActivity.onCreate
SUper found
leak-18-16: ImageActivity.onCreate
SUper found
leak-16-16: ImageActivity.onCreate
SUper found
leak-15-16: ImageActivity.onCreate
SUper found
leak-17-16: ImageActivity.onCreate
SUper found
leak-24-17: ImageActivity.onPostCreate
SUper found
leak-23-17: ImageActivity.onPostCreate
SUper found
leak-21-17: ImageActivity.onPostCreate
SUper found
leak-20-17: ImageActivity.onPostCreate
SUper found
leak-18-17: ImageActivity.onPostCreate
SUper found
leak-16-17: ImageActivity.onPostCreate
SUper found
leak-15-17: ImageActivity.onPostCreate
SUper found
leak-17-17: ImageActivity.onPostCreate
SUper found
leak-24-18: ImageActivity.toggle
leak-23-18: ImageActivity.toggle
leak-21-18: ImageActivity.toggle
leak-20-18: ImageActivity.toggle
leak-18-18: ImageActivity.toggle
leak-16-18: ImageActivity.toggle
leak-15-18: ImageActivity.toggle
leak-17-18: ImageActivity.toggle
leak-24-19: ImageActivity.hide
leak-23-19: ImageActivity.hide
leak-21-19: ImageActivity.hide
leak-20-19: ImageActivity.hide
leak-18-19: ImageActivity.hide
leak-16-19: ImageActivity.hide
leak-15-19: ImageActivity.hide
leak-17-19: ImageActivity.hide
leak-24-20: ImageActivity.show
leak-23-20: ImageActivity.show
leak-21-20: ImageActivity.show
leak-20-20: ImageActivity.show
leak-18-20: ImageActivity.show
leak-16-20: ImageActivity.show
leak-15-20: ImageActivity.show
leak-17-20: ImageActivity.show
leak-24-21: ImageActivity.delayedHide
leak-23-21: ImageActivity.delayedHide
leak-21-21: ImageActivity.delayedHide
leak-20-21: ImageActivity.delayedHide
leak-18-21: ImageActivity.delayedHide
leak-16-21: ImageActivity.delayedHide
leak-15-21: ImageActivity.delayedHide
leak-17-21: ImageActivity.delayedHide
leak-24-16: ImageActivity.onCreate
SUper found
leak-23-16: ImageActivity.onCreate
SUper found
leak-21-16: ImageActivity.onCreate
SUper found
leak-20-16: ImageActivity.onCreate
SUper found
leak-18-16: ImageActivity.onCreate
SUper found
leak-16-16: ImageActivity.onCreate
SUper found
leak-15-16: ImageActivity.onCreate
SUper found
leak-17-16: ImageActivity.onCreate
SUper found
leak-24-16: ImageActivity.onCreate
SUper found
leak-23-16: ImageActivity.onCreate
SUper found
leak-21-16: ImageActivity.onCreate
SUper found
leak-20-16: ImageActivity.onCreate
SUper found
leak-18-16: ImageActivity.onCreate
SUper found
leak-16-16: ImageActivity.onCreate
SUper found
leak-15-16: ImageActivity.onCreate
SUper found
leak-17-16: ImageActivity.onCreate
SUper found
leak-24-17: ImageActivity.onPostCreate
SUper found
leak-23-17: ImageActivity.onPostCreate
SUper found
leak-21-17: ImageActivity.onPostCreate
SUper found
leak-20-17: ImageActivity.onPostCreate
SUper found
leak-18-17: ImageActivity.onPostCreate
SUper found
leak-16-17: ImageActivity.onPostCreate
SUper found
leak-15-17: ImageActivity.onPostCreate
SUper found
leak-17-17: ImageActivity.onPostCreate
SUper found
leak-24-17: ImageActivity.onPostCreate
SUper found
leak-23-17: ImageActivity.onPostCreate
SUper found
leak-21-17: ImageActivity.onPostCreate
SUper found
leak-20-17: ImageActivity.onPostCreate
SUper found
leak-18-17: ImageActivity.onPostCreate
SUper found
leak-16-17: ImageActivity.onPostCreate
SUper found
leak-15-17: ImageActivity.onPostCreate
SUper found
leak-17-17: ImageActivity.onPostCreate
SUper found
leak-24-18: ImageActivity.toggle
leak-23-18: ImageActivity.toggle
leak-21-18: ImageActivity.toggle
leak-20-18: ImageActivity.toggle
leak-18-18: ImageActivity.toggle
leak-16-18: ImageActivity.toggle
leak-15-18: ImageActivity.toggle
leak-17-18: ImageActivity.toggle
leak-24-18: ImageActivity.toggle
leak-23-18: ImageActivity.toggle
leak-21-18: ImageActivity.toggle
leak-20-18: ImageActivity.toggle
leak-18-18: ImageActivity.toggle
leak-16-18: ImageActivity.toggle
leak-15-18: ImageActivity.toggle
leak-17-18: ImageActivity.toggle
leak-24-19: ImageActivity.hide
leak-23-19: ImageActivity.hide
leak-21-19: ImageActivity.hide
leak-20-19: ImageActivity.hide
leak-18-19: ImageActivity.hide
leak-16-19: ImageActivity.hide
leak-15-19: ImageActivity.hide
leak-17-19: ImageActivity.hide
leak-24-19: ImageActivity.hide
leak-23-19: ImageActivity.hide
leak-21-19: ImageActivity.hide
leak-20-19: ImageActivity.hide
leak-18-19: ImageActivity.hide
leak-16-19: ImageActivity.hide
leak-15-19: ImageActivity.hide
leak-17-19: ImageActivity.hide
leak-24-20: ImageActivity.show
leak-23-20: ImageActivity.show
leak-21-20: ImageActivity.show
leak-20-20: ImageActivity.show
leak-18-20: ImageActivity.show
leak-16-20: ImageActivity.show
leak-15-20: ImageActivity.show
leak-17-20: ImageActivity.show
leak-24-20: ImageActivity.show
leak-23-20: ImageActivity.show
leak-21-20: ImageActivity.show
leak-20-20: ImageActivity.show
leak-18-20: ImageActivity.show
leak-16-20: ImageActivity.show
leak-15-20: ImageActivity.show
leak-17-20: ImageActivity.show
leak-24-21: ImageActivity.delayedHide
leak-23-21: ImageActivity.delayedHide
leak-21-21: ImageActivity.delayedHide
leak-20-21: ImageActivity.delayedHide
leak-18-21: ImageActivity.delayedHide
leak-16-21: ImageActivity.delayedHide
leak-15-21: ImageActivity.delayedHide
leak-17-21: ImageActivity.delayedHide
leak-24-21: ImageActivity.delayedHide
leak-23-21: ImageActivity.delayedHide
leak-21-21: ImageActivity.delayedHide
leak-20-21: ImageActivity.delayedHide
leak-18-21: ImageActivity.delayedHide
leak-16-21: ImageActivity.delayedHide
leak-15-21: ImageActivity.delayedHide
leak-17-21: ImageActivity.delayedHide
In file: ViewActivity.java
Input operator: TAINTSINK
onCreate
onClick
onCreateOptionsMenu
onOptionsItemSelected
Private method: checkPermission
Private method: downloadPicasso
Private method: OlderVersions
onRequestPermissionsResult
Private method: CheckPermission
Private method: getImageNameApod
Private method: setDataNasaAPOD
Private method: getConcat
leak-30-22: ViewActivity.onCreate
SUper found
leak-29-22: ViewActivity.onCreate
SUper found
leak-30-23: ViewActivity.onCreateOptionsMenu
leak-29-23: ViewActivity.onCreateOptionsMenu
leak-30-24: ViewActivity.onOptionsItemSelected
leak-29-24: ViewActivity.onOptionsItemSelected
leak-30-25: ViewActivity.checkPermission
leak-29-25: ViewActivity.checkPermission
leak-30-26: ViewActivity.downloadPicasso
leak-29-26: ViewActivity.downloadPicasso
leak-30-27: ViewActivity.OlderVersions
leak-29-27: ViewActivity.OlderVersions
leak-30-28: ViewActivity.onRequestPermissionsResult
leak-29-28: ViewActivity.onRequestPermissionsResult
leak-30-29: ViewActivity.CheckPermission
leak-29-29: ViewActivity.CheckPermission
leak-30-30: ViewActivity.getImageNameApod
leak-29-30: ViewActivity.getImageNameApod
leak-30-31: ViewActivity.setDataNasaAPOD
leak-29-31: ViewActivity.setDataNasaAPOD
leak-30-32: ViewActivity.getConcat
leak-29-32: ViewActivity.getConcat
leak-28-22: ViewActivity.onCreate
SUper found
leak-28-23: ViewActivity.onCreateOptionsMenu
leak-28-24: ViewActivity.onOptionsItemSelected
leak-28-25: ViewActivity.checkPermission
leak-28-26: ViewActivity.downloadPicasso
leak-28-27: ViewActivity.OlderVersions
leak-28-28: ViewActivity.onRequestPermissionsResult
leak-28-29: ViewActivity.CheckPermission
leak-28-30: ViewActivity.getImageNameApod
leak-28-31: ViewActivity.setDataNasaAPOD
leak-28-32: ViewActivity.getConcat
leak-27-22: ViewActivity.onCreate
SUper found
leak-27-23: ViewActivity.onCreateOptionsMenu
leak-27-24: ViewActivity.onOptionsItemSelected
leak-27-25: ViewActivity.checkPermission
leak-27-26: ViewActivity.downloadPicasso
leak-27-27: ViewActivity.OlderVersions
leak-27-28: ViewActivity.onRequestPermissionsResult
leak-27-29: ViewActivity.CheckPermission
leak-27-30: ViewActivity.getImageNameApod
leak-27-31: ViewActivity.setDataNasaAPOD
leak-27-32: ViewActivity.getConcat
leak-25-22: ViewActivity.onCreate
SUper found
leak-25-23: ViewActivity.onCreateOptionsMenu
leak-25-24: ViewActivity.onOptionsItemSelected
leak-25-25: ViewActivity.checkPermission
leak-25-26: ViewActivity.downloadPicasso
leak-25-27: ViewActivity.OlderVersions
leak-25-28: ViewActivity.onRequestPermissionsResult
leak-25-29: ViewActivity.CheckPermission
leak-25-30: ViewActivity.getImageNameApod
leak-25-31: ViewActivity.setDataNasaAPOD
leak-25-32: ViewActivity.getConcat
In file: NASA.java
Input operator: TAINTSINK
NASA
getCopyright
setCopyright
getDate
setDate
getExplanation
setExplanation
getHdurl
setHdurl
getMedia_type
setMedia_type
getService_version
setService_version
getTitle
setTitle
getUrl
setUrl
leak-47-33: NASA.NASA
leak-46-33: NASA.NASA
leak-47-34: NASA.getCopyright
leak-46-34: NASA.getCopyright
leak-47-35: NASA.setCopyright
leak-46-35: NASA.setCopyright
leak-47-36: NASA.getDate
leak-46-36: NASA.getDate
leak-47-37: NASA.setDate
leak-46-37: NASA.setDate
leak-47-38: NASA.getExplanation
leak-46-38: NASA.getExplanation
leak-47-39: NASA.setExplanation
leak-46-39: NASA.setExplanation
leak-47-40: NASA.getHdurl
leak-46-40: NASA.getHdurl
leak-47-41: NASA.setHdurl
leak-46-41: NASA.setHdurl
leak-47-42: NASA.getMedia_type
leak-46-42: NASA.getMedia_type
leak-47-43: NASA.setMedia_type
leak-46-43: NASA.setMedia_type
leak-47-44: NASA.getService_version
leak-46-44: NASA.getService_version
leak-47-45: NASA.setService_version
leak-46-45: NASA.setService_version
leak-47-46: NASA.getTitle
leak-46-46: NASA.getTitle
leak-47-47: NASA.setTitle
leak-46-47: NASA.setTitle
leak-47-48: NASA.getUrl
leak-46-48: NASA.getUrl
leak-47-49: NASA.setUrl
leak-46-49: NASA.setUrl
leak-45-33: NASA.NASA
leak-45-34: NASA.getCopyright
leak-45-35: NASA.setCopyright
leak-45-36: NASA.getDate
leak-45-37: NASA.setDate
leak-45-38: NASA.getExplanation
leak-45-39: NASA.setExplanation
leak-45-40: NASA.getHdurl
leak-45-41: NASA.setHdurl
leak-45-42: NASA.getMedia_type
leak-45-43: NASA.setMedia_type
leak-45-44: NASA.getService_version
leak-45-45: NASA.setService_version
leak-45-46: NASA.getTitle
leak-45-47: NASA.setTitle
leak-45-48: NASA.getUrl
leak-45-49: NASA.setUrl
leak-44-33: NASA.NASA
leak-44-34: NASA.getCopyright
leak-44-35: NASA.setCopyright
leak-44-36: NASA.getDate
leak-44-37: NASA.setDate
leak-44-38: NASA.getExplanation
leak-44-39: NASA.setExplanation
leak-44-40: NASA.getHdurl
leak-44-41: NASA.setHdurl
leak-44-42: NASA.getMedia_type
leak-44-43: NASA.setMedia_type
leak-44-44: NASA.getService_version
leak-44-45: NASA.setService_version
leak-44-46: NASA.getTitle
leak-44-47: NASA.setTitle
leak-44-48: NASA.getUrl
leak-44-49: NASA.setUrl
leak-43-33: NASA.NASA
leak-43-34: NASA.getCopyright
leak-43-35: NASA.setCopyright
leak-43-36: NASA.getDate
leak-43-37: NASA.setDate
leak-43-38: NASA.getExplanation
leak-43-39: NASA.setExplanation
leak-43-40: NASA.getHdurl
leak-43-41: NASA.setHdurl
leak-43-42: NASA.getMedia_type
leak-43-43: NASA.setMedia_type
leak-43-44: NASA.getService_version
leak-43-45: NASA.setService_version
leak-43-46: NASA.getTitle
leak-43-47: NASA.setTitle
leak-43-48: NASA.getUrl
leak-43-49: NASA.setUrl
leak-42-33: NASA.NASA
leak-42-34: NASA.getCopyright
leak-42-35: NASA.setCopyright
leak-42-36: NASA.getDate
leak-42-37: NASA.setDate
leak-42-38: NASA.getExplanation
leak-42-39: NASA.setExplanation
leak-42-40: NASA.getHdurl
leak-42-41: NASA.setHdurl
leak-42-42: NASA.getMedia_type
leak-42-43: NASA.setMedia_type
leak-42-44: NASA.getService_version
leak-42-45: NASA.setService_version
leak-42-46: NASA.getTitle
leak-42-47: NASA.setTitle
leak-42-48: NASA.getUrl
leak-42-49: NASA.setUrl
leak-41-33: NASA.NASA
leak-41-34: NASA.getCopyright
leak-41-35: NASA.setCopyright
leak-41-36: NASA.getDate
leak-41-37: NASA.setDate
leak-41-38: NASA.getExplanation
leak-41-39: NASA.setExplanation
leak-41-40: NASA.getHdurl
leak-41-41: NASA.setHdurl
leak-41-42: NASA.getMedia_type
leak-41-43: NASA.setMedia_type
leak-41-44: NASA.getService_version
leak-41-45: NASA.setService_version
leak-41-46: NASA.getTitle
leak-41-47: NASA.setTitle
leak-41-48: NASA.getUrl
leak-41-49: NASA.setUrl
leak-40-33: NASA.NASA
leak-40-34: NASA.getCopyright
leak-40-35: NASA.setCopyright
leak-40-36: NASA.getDate
leak-40-37: NASA.setDate
leak-40-38: NASA.getExplanation
leak-40-39: NASA.setExplanation
leak-40-40: NASA.getHdurl
leak-40-41: NASA.setHdurl
leak-40-42: NASA.getMedia_type
leak-40-43: NASA.setMedia_type
leak-40-44: NASA.getService_version
leak-40-45: NASA.setService_version
leak-40-46: NASA.getTitle
leak-40-47: NASA.setTitle
leak-40-48: NASA.getUrl
leak-40-49: NASA.setUrl
leak-39-33: NASA.NASA
leak-39-34: NASA.getCopyright
leak-39-35: NASA.setCopyright
leak-39-36: NASA.getDate
leak-39-37: NASA.setDate
leak-39-38: NASA.getExplanation
leak-39-39: NASA.setExplanation
leak-39-40: NASA.getHdurl
leak-39-41: NASA.setHdurl
leak-39-42: NASA.getMedia_type
leak-39-43: NASA.setMedia_type
leak-39-44: NASA.getService_version
leak-39-45: NASA.setService_version
leak-39-46: NASA.getTitle
leak-39-47: NASA.setTitle
leak-39-48: NASA.getUrl
leak-39-49: NASA.setUrl
leak-38-33: NASA.NASA
leak-38-34: NASA.getCopyright
leak-38-35: NASA.setCopyright
leak-38-36: NASA.getDate
leak-38-37: NASA.setDate
leak-38-38: NASA.getExplanation
leak-38-39: NASA.setExplanation
leak-38-40: NASA.getHdurl
leak-38-41: NASA.setHdurl
leak-38-42: NASA.getMedia_type
leak-38-43: NASA.setMedia_type
leak-38-44: NASA.getService_version
leak-38-45: NASA.setService_version
leak-38-46: NASA.getTitle
leak-38-47: NASA.setTitle
leak-38-48: NASA.getUrl
leak-38-49: NASA.setUrl
leak-37-33: NASA.NASA
leak-37-34: NASA.getCopyright
leak-37-35: NASA.setCopyright
leak-37-36: NASA.getDate
leak-37-37: NASA.setDate
leak-37-38: NASA.getExplanation
leak-37-39: NASA.setExplanation
leak-37-40: NASA.getHdurl
leak-37-41: NASA.setHdurl
leak-37-42: NASA.getMedia_type
leak-37-43: NASA.setMedia_type
leak-37-44: NASA.getService_version
leak-37-45: NASA.setService_version
leak-37-46: NASA.getTitle
leak-37-47: NASA.setTitle
leak-37-48: NASA.getUrl
leak-37-49: NASA.setUrl
leak-36-33: NASA.NASA
leak-36-34: NASA.getCopyright
leak-36-35: NASA.setCopyright
leak-36-36: NASA.getDate
leak-36-37: NASA.setDate
leak-36-38: NASA.getExplanation
leak-36-39: NASA.setExplanation
leak-36-40: NASA.getHdurl
leak-36-41: NASA.setHdurl
leak-36-42: NASA.getMedia_type
leak-36-43: NASA.setMedia_type
leak-36-44: NASA.getService_version
leak-36-45: NASA.setService_version
leak-36-46: NASA.getTitle
leak-36-47: NASA.setTitle
leak-36-48: NASA.getUrl
leak-36-49: NASA.setUrl
leak-35-33: NASA.NASA
leak-35-34: NASA.getCopyright
leak-35-35: NASA.setCopyright
leak-35-36: NASA.getDate
leak-35-37: NASA.setDate
leak-35-38: NASA.getExplanation
leak-35-39: NASA.setExplanation
leak-35-40: NASA.getHdurl
leak-35-41: NASA.setHdurl
leak-35-42: NASA.getMedia_type
leak-35-43: NASA.setMedia_type
leak-35-44: NASA.getService_version
leak-35-45: NASA.setService_version
leak-35-46: NASA.getTitle
leak-35-47: NASA.setTitle
leak-35-48: NASA.getUrl
leak-35-49: NASA.setUrl
leak-34-33: NASA.NASA
leak-34-34: NASA.getCopyright
leak-34-35: NASA.setCopyright
leak-34-36: NASA.getDate
leak-34-37: NASA.setDate
leak-34-38: NASA.getExplanation
leak-34-39: NASA.setExplanation
leak-34-40: NASA.getHdurl
leak-34-41: NASA.setHdurl
leak-34-42: NASA.getMedia_type
leak-34-43: NASA.setMedia_type
leak-34-44: NASA.getService_version
leak-34-45: NASA.setService_version
leak-34-46: NASA.getTitle
leak-34-47: NASA.setTitle
leak-34-48: NASA.getUrl
leak-34-49: NASA.setUrl
leak-33-33: NASA.NASA
leak-33-34: NASA.getCopyright
leak-33-35: NASA.setCopyright
leak-33-36: NASA.getDate
leak-33-37: NASA.setDate
leak-33-38: NASA.getExplanation
leak-33-39: NASA.setExplanation
leak-33-40: NASA.getHdurl
leak-33-41: NASA.setHdurl
leak-33-42: NASA.getMedia_type
leak-33-43: NASA.setMedia_type
leak-33-44: NASA.getService_version
leak-33-45: NASA.setService_version
leak-33-46: NASA.getTitle
leak-33-47: NASA.setTitle
leak-33-48: NASA.getUrl
leak-33-49: NASA.setUrl
leak-32-33: NASA.NASA
leak-32-34: NASA.getCopyright
leak-32-35: NASA.setCopyright
leak-32-36: NASA.getDate
leak-32-37: NASA.setDate
leak-32-38: NASA.getExplanation
leak-32-39: NASA.setExplanation
leak-32-40: NASA.getHdurl
leak-32-41: NASA.setHdurl
leak-32-42: NASA.getMedia_type
leak-32-43: NASA.setMedia_type
leak-32-44: NASA.getService_version
leak-32-45: NASA.setService_version
leak-32-46: NASA.getTitle
leak-32-47: NASA.setTitle
leak-32-48: NASA.getUrl
leak-32-49: NASA.setUrl
leak-31-33: NASA.NASA
leak-31-34: NASA.getCopyright
leak-31-35: NASA.setCopyright
leak-31-36: NASA.getDate
leak-31-37: NASA.setDate
leak-31-38: NASA.getExplanation
leak-31-39: NASA.setExplanation
leak-31-40: NASA.getHdurl
leak-31-41: NASA.setHdurl
leak-31-42: NASA.getMedia_type
leak-31-43: NASA.setMedia_type
leak-31-44: NASA.getService_version
leak-31-45: NASA.setService_version
leak-31-46: NASA.getTitle
leak-31-47: NASA.setTitle
leak-31-48: NASA.getUrl
leak-31-49: NASA.setUrl
In file: PicassoDownloader.java
Input operator: TAINTSINK
PicassoDownloader
onPrepareLoad
onBitmapLoaded
Private method: saveImage
onBitmapFailed
leak-51-50: PicassoDownloader.PicassoDownloader
leak-50-50: PicassoDownloader.PicassoDownloader
leak-51-51: PicassoDownloader.onPrepareLoad
leak-50-51: PicassoDownloader.onPrepareLoad
leak-51-52: PicassoDownloader.onBitmapLoaded
leak-50-52: PicassoDownloader.onBitmapLoaded
leak-51-53: PicassoDownloader.saveImage
leak-50-53: PicassoDownloader.saveImage
leak-51-54: PicassoDownloader.onBitmapFailed
leak-50-54: PicassoDownloader.onBitmapFailed
leak-49-50: PicassoDownloader.PicassoDownloader
leak-49-51: PicassoDownloader.onPrepareLoad
leak-49-52: PicassoDownloader.onBitmapLoaded
leak-49-53: PicassoDownloader.saveImage
leak-49-54: PicassoDownloader.onBitmapFailed
leak-48-50: PicassoDownloader.PicassoDownloader
leak-48-51: PicassoDownloader.onPrepareLoad
leak-48-52: PicassoDownloader.onBitmapLoaded
leak-48-53: PicassoDownloader.saveImage
leak-48-54: PicassoDownloader.onBitmapFailed
In file: MyAdapter.java
Input operator: TAINTSINK
addAll
MyAdapter
onCreateViewHolder
onBindViewHolder
getItemCount
ViewHolder
bind
onClick
onItemClick
leak-65-55: MyAdapter.addAll
leak-63-55: MyAdapter.addAll
leak-65-56: MyAdapter.MyAdapter
leak-63-56: MyAdapter.MyAdapter
leak-65-57: MyAdapter.onCreateViewHolder
leak-63-57: MyAdapter.onCreateViewHolder
leak-65-58: MyAdapter.onBindViewHolder
leak-63-58: MyAdapter.onBindViewHolder
leak-65-59: MyAdapter.getItemCount
leak-63-59: MyAdapter.getItemCount
leak-60-55: MyAdapter.addAll
leak-60-56: MyAdapter.MyAdapter
leak-60-57: MyAdapter.onCreateViewHolder
leak-60-58: MyAdapter.onBindViewHolder
leak-60-59: MyAdapter.getItemCount
leak-58-55: MyAdapter.addAll
leak-58-56: MyAdapter.MyAdapter
leak-58-57: MyAdapter.onCreateViewHolder
leak-58-58: MyAdapter.onBindViewHolder
leak-58-59: MyAdapter.getItemCount
leak-56-55: MyAdapter.addAll
leak-56-56: MyAdapter.MyAdapter
leak-56-57: MyAdapter.onCreateViewHolder
leak-56-58: MyAdapter.onBindViewHolder
leak-56-59: MyAdapter.getItemCount
leak-55-55: MyAdapter.addAll
leak-55-56: MyAdapter.MyAdapter
leak-55-57: MyAdapter.onCreateViewHolder
leak-55-58: MyAdapter.onBindViewHolder
leak-55-59: MyAdapter.getItemCount
leak-54-55: MyAdapter.addAll
leak-54-56: MyAdapter.MyAdapter
leak-54-57: MyAdapter.onCreateViewHolder
leak-54-58: MyAdapter.onBindViewHolder
leak-54-59: MyAdapter.getItemCount
leak-53-55: MyAdapter.addAll
leak-53-56: MyAdapter.MyAdapter
leak-53-57: MyAdapter.onCreateViewHolder
leak-53-58: MyAdapter.onBindViewHolder
leak-53-59: MyAdapter.getItemCount
leak-52-55: MyAdapter.addAll
leak-52-56: MyAdapter.MyAdapter
leak-52-57: MyAdapter.onCreateViewHolder
leak-52-58: MyAdapter.onBindViewHolder
leak-52-59: MyAdapter.getItemCount
leak-65-60: ViewHolder.ViewHolder
SUper found
leak-63-60: ViewHolder.ViewHolder
SUper found
leak-60-60: ViewHolder.ViewHolder
SUper found
leak-58-60: ViewHolder.ViewHolder
SUper found
leak-56-60: ViewHolder.ViewHolder
SUper found
leak-55-60: ViewHolder.ViewHolder
SUper found
leak-54-60: ViewHolder.ViewHolder
SUper found
leak-53-60: ViewHolder.ViewHolder
SUper found
leak-52-60: ViewHolder.ViewHolder
SUper found
leak-62-60: ViewHolder.ViewHolder
SUper found
leak-59-60: ViewHolder.ViewHolder
SUper found
leak-65-61: ViewHolder.bind
leak-63-61: ViewHolder.bind
leak-60-61: ViewHolder.bind
leak-58-61: ViewHolder.bind
leak-56-61: ViewHolder.bind
leak-55-61: ViewHolder.bind
leak-54-61: ViewHolder.bind
leak-53-61: ViewHolder.bind
leak-52-61: ViewHolder.bind
leak-62-61: ViewHolder.bind
leak-59-61: ViewHolder.bind
leak-57-60: ViewHolder.ViewHolder
SUper found
leak-57-61: ViewHolder.bind
In file: NasaController.java
Input operator: TAINTSINK
getNASAAPODS
onResponse
onFailure
leak-70-63: NasaController.getNASAAPODS
leak-68-63: NasaController.getNASAAPODS
leak-66-63: NasaController.getNASAAPODS
