/home/amit/muse/output/activitylauncher/schemas/SINK/activitylauncher
In file: LauncherIconCreator.java
Input operator: SINK
In file: IconPickerDialogFragment.java
Input operator: SINK
leak-5-0: IconPickerDialogFragment.onAttach
leak-2-0: IconPickerDialogFragment.onAttach
leak-1-0: IconPickerDialogFragment.onAttach
leak-0-0: IconPickerDialogFragment.onAttach
leak-5-1: IconPickerDialogFragment.attachIconPickerListener
leak-2-1: IconPickerDialogFragment.attachIconPickerListener
leak-1-1: IconPickerDialogFragment.attachIconPickerListener
leak-0-1: IconPickerDialogFragment.attachIconPickerListener
leak-5-2: IconPickerDialogFragment.onCreateDialog
leak-2-2: IconPickerDialogFragment.onCreateDialog
leak-1-2: IconPickerDialogFragment.onCreateDialog
leak-0-2: IconPickerDialogFragment.onCreateDialog
leak-3-0: 1.onItemClick
leak-7-0: 1.onItemClick
leak-4-0: 1.onClick
leak-8-0: 1.onClick
leak-5-3: IconPickerDialogFragment.onProviderFininshed
leak-2-3: IconPickerDialogFragment.onProviderFininshed
leak-1-3: IconPickerDialogFragment.onProviderFininshed
leak-0-3: IconPickerDialogFragment.onProviderFininshed
In file: MyPackageInfo.java
Input operator: SINK
leak-16-0: MyPackageInfo.MyPackageInfo
leak-15-0: MyPackageInfo.MyPackageInfo
leak-14-0: MyPackageInfo.MyPackageInfo
leak-13-0: MyPackageInfo.MyPackageInfo
leak-12-0: MyPackageInfo.MyPackageInfo
leak-11-0: MyPackageInfo.MyPackageInfo
leak-10-0: MyPackageInfo.MyPackageInfo
leak-9-0: MyPackageInfo.MyPackageInfo
leak-8-0: MyPackageInfo.MyPackageInfo
leak-16-1: MyPackageInfo.getActivitiesCount
leak-15-1: MyPackageInfo.getActivitiesCount
leak-14-1: MyPackageInfo.getActivitiesCount
leak-13-1: MyPackageInfo.getActivitiesCount
leak-12-1: MyPackageInfo.getActivitiesCount
leak-11-1: MyPackageInfo.getActivitiesCount
leak-10-1: MyPackageInfo.getActivitiesCount
leak-9-1: MyPackageInfo.getActivitiesCount
leak-8-1: MyPackageInfo.getActivitiesCount
leak-16-2: MyPackageInfo.getActivity
leak-15-2: MyPackageInfo.getActivity
leak-14-2: MyPackageInfo.getActivity
leak-13-2: MyPackageInfo.getActivity
leak-12-2: MyPackageInfo.getActivity
leak-11-2: MyPackageInfo.getActivity
leak-10-2: MyPackageInfo.getActivity
leak-9-2: MyPackageInfo.getActivity
leak-8-2: MyPackageInfo.getActivity
leak-16-3: MyPackageInfo.getPackageName
leak-15-3: MyPackageInfo.getPackageName
leak-14-3: MyPackageInfo.getPackageName
leak-13-3: MyPackageInfo.getPackageName
leak-12-3: MyPackageInfo.getPackageName
leak-11-3: MyPackageInfo.getPackageName
leak-10-3: MyPackageInfo.getPackageName
leak-9-3: MyPackageInfo.getPackageName
leak-8-3: MyPackageInfo.getPackageName
leak-16-4: MyPackageInfo.getIcon
leak-15-4: MyPackageInfo.getIcon
leak-14-4: MyPackageInfo.getIcon
leak-13-4: MyPackageInfo.getIcon
leak-12-4: MyPackageInfo.getIcon
leak-11-4: MyPackageInfo.getIcon
leak-10-4: MyPackageInfo.getIcon
leak-9-4: MyPackageInfo.getIcon
leak-8-4: MyPackageInfo.getIcon
leak-16-5: MyPackageInfo.getName
leak-15-5: MyPackageInfo.getName
leak-14-5: MyPackageInfo.getName
leak-13-5: MyPackageInfo.getName
leak-12-5: MyPackageInfo.getName
leak-11-5: MyPackageInfo.getName
leak-10-5: MyPackageInfo.getName
leak-9-5: MyPackageInfo.getName
leak-8-5: MyPackageInfo.getName
leak-16-6: MyPackageInfo.getIconResourceName
leak-15-6: MyPackageInfo.getIconResourceName
leak-14-6: MyPackageInfo.getIconResourceName
leak-13-6: MyPackageInfo.getIconResourceName
leak-12-6: MyPackageInfo.getIconResourceName
leak-11-6: MyPackageInfo.getIconResourceName
leak-10-6: MyPackageInfo.getIconResourceName
leak-9-6: MyPackageInfo.getIconResourceName
leak-8-6: MyPackageInfo.getIconResourceName
leak-16-7: MyPackageInfo.compareTo
leak-15-7: MyPackageInfo.compareTo
leak-14-7: MyPackageInfo.compareTo
leak-13-7: MyPackageInfo.compareTo
leak-12-7: MyPackageInfo.compareTo
leak-11-7: MyPackageInfo.compareTo
leak-10-7: MyPackageInfo.compareTo
leak-9-7: MyPackageInfo.compareTo
leak-8-7: MyPackageInfo.compareTo
leak-16-8: MyPackageInfo.equals
leak-15-8: MyPackageInfo.equals
leak-14-8: MyPackageInfo.equals
leak-13-8: MyPackageInfo.equals
leak-12-8: MyPackageInfo.equals
leak-11-8: MyPackageInfo.equals
leak-10-8: MyPackageInfo.equals
leak-9-8: MyPackageInfo.equals
leak-8-8: MyPackageInfo.equals
In file: MainActivity.java
Input operator: SINK
leak-23-0: MainActivity.onCreate
leak-22-0: MainActivity.onCreate
leak-21-0: MainActivity.onCreate
leak-20-0: MainActivity.onCreate
leak-19-0: MainActivity.onCreate
leak-18-0: MainActivity.onCreate
leak-17-0: MainActivity.onCreate
leak-23-1: MainActivity.getActionBarThemedContextCompat
leak-22-1: MainActivity.getActionBarThemedContextCompat
leak-21-1: MainActivity.getActionBarThemedContextCompat
leak-20-1: MainActivity.getActionBarThemedContextCompat
leak-19-1: MainActivity.getActionBarThemedContextCompat
leak-18-1: MainActivity.getActionBarThemedContextCompat
leak-17-1: MainActivity.getActionBarThemedContextCompat
leak-23-2: MainActivity.onRestoreInstanceState
leak-22-2: MainActivity.onRestoreInstanceState
leak-21-2: MainActivity.onRestoreInstanceState
leak-20-2: MainActivity.onRestoreInstanceState
leak-19-2: MainActivity.onRestoreInstanceState
leak-18-2: MainActivity.onRestoreInstanceState
leak-17-2: MainActivity.onRestoreInstanceState
leak-23-3: MainActivity.onCreateOptionsMenu
leak-22-3: MainActivity.onCreateOptionsMenu
leak-21-3: MainActivity.onCreateOptionsMenu
leak-20-3: MainActivity.onCreateOptionsMenu
leak-19-3: MainActivity.onCreateOptionsMenu
leak-18-3: MainActivity.onCreateOptionsMenu
leak-17-3: MainActivity.onCreateOptionsMenu
leak-23-4: MainActivity.onOptionsItemSelected
leak-22-4: MainActivity.onOptionsItemSelected
leak-21-4: MainActivity.onOptionsItemSelected
leak-20-4: MainActivity.onOptionsItemSelected
leak-19-4: MainActivity.onOptionsItemSelected
leak-18-4: MainActivity.onOptionsItemSelected
leak-17-4: MainActivity.onOptionsItemSelected
leak-23-5: MainActivity.onSaveInstanceState
leak-22-5: MainActivity.onSaveInstanceState
leak-21-5: MainActivity.onSaveInstanceState
leak-20-5: MainActivity.onSaveInstanceState
leak-19-5: MainActivity.onSaveInstanceState
leak-18-5: MainActivity.onSaveInstanceState
leak-17-5: MainActivity.onSaveInstanceState
leak-23-6: MainActivity.onNavigationItemSelected
leak-22-6: MainActivity.onNavigationItemSelected
leak-21-6: MainActivity.onNavigationItemSelected
leak-20-6: MainActivity.onNavigationItemSelected
leak-19-6: MainActivity.onNavigationItemSelected
leak-18-6: MainActivity.onNavigationItemSelected
leak-17-6: MainActivity.onNavigationItemSelected
In file: DisclaimerDialogFragment.java
Input operator: SINK
leak-24-0: DisclaimerDialogFragment.onCreateDialog
leak-25-0: 1.onClick
leak-28-0: 1.onClick
leak-26-0: 1.onClick
leak-29-0: 1.onClick
In file: AllTasksListAsyncProvider.java
Input operator: SINK
leak-30-0: AllTasksListAsyncProvider.AllTasksListAsyncProvider
leak-29-0: AllTasksListAsyncProvider.AllTasksListAsyncProvider
leak-30-1: AllTasksListAsyncProvider.run
leak-29-1: AllTasksListAsyncProvider.run
In file: ShortcutEditDialogFragment.java
Input operator: SINK
leak-31-0: ShortcutEditDialogFragment.onCreateDialog
leak-34-0: 1.onTextChanged
leak-33-0: 1.onTextChanged
leak-32-0: 1.onTextChanged
leak-40-0: 1.onTextChanged
leak-34-1: 1.beforeTextChanged
leak-33-1: 1.beforeTextChanged
leak-32-1: 1.beforeTextChanged
leak-41-0: 1.beforeTextChanged
leak-34-2: 1.afterTextChanged
leak-33-2: 1.afterTextChanged
leak-32-2: 1.afterTextChanged
leak-42-0: 1.afterTextChanged
leak-35-0: 1.onClick
leak-43-0: 1.onClick
leak-36-0: 1.iconPicked
leak-44-0: 1.iconPicked
leak-45-0: 1.iconPicked
leak-37-0: 1.onClick
leak-46-0: 1.onClick
leak-38-0: 1.onClick
leak-47-0: 1.onClick
In file: IconPickerFragment.java
Input operator: SINK
leak-50-0: IconPickerFragment.onCreateView
leak-49-0: IconPickerFragment.onCreateView
leak-47-0: IconPickerFragment.onCreateView
leak-48-0: 1.onItemClick
leak-52-0: 1.onItemClick
leak-50-1: IconPickerFragment.onAttach
leak-49-1: IconPickerFragment.onAttach
leak-47-1: IconPickerFragment.onAttach
leak-50-2: IconPickerFragment.onProviderFininshed
leak-49-2: IconPickerFragment.onProviderFininshed
leak-47-2: IconPickerFragment.onProviderFininshed
In file: AllTasksListAdapter.java
Input operator: SINK
leak-62-0: AllTasksListAdapter.AllTasksListAdapter
leak-61-0: AllTasksListAdapter.AllTasksListAdapter
leak-60-0: AllTasksListAdapter.AllTasksListAdapter
leak-59-0: AllTasksListAdapter.AllTasksListAdapter
leak-58-0: AllTasksListAdapter.AllTasksListAdapter
leak-57-0: AllTasksListAdapter.AllTasksListAdapter
leak-56-0: AllTasksListAdapter.AllTasksListAdapter
leak-55-0: AllTasksListAdapter.AllTasksListAdapter
leak-54-0: AllTasksListAdapter.AllTasksListAdapter
leak-53-0: AllTasksListAdapter.AllTasksListAdapter
leak-52-0: AllTasksListAdapter.AllTasksListAdapter
leak-62-1: AllTasksListAdapter.getChild
leak-61-1: AllTasksListAdapter.getChild
leak-60-1: AllTasksListAdapter.getChild
leak-59-1: AllTasksListAdapter.getChild
leak-58-1: AllTasksListAdapter.getChild
leak-57-1: AllTasksListAdapter.getChild
leak-56-1: AllTasksListAdapter.getChild
leak-55-1: AllTasksListAdapter.getChild
leak-54-1: AllTasksListAdapter.getChild
leak-53-1: AllTasksListAdapter.getChild
leak-52-1: AllTasksListAdapter.getChild
leak-62-2: AllTasksListAdapter.getChildId
leak-61-2: AllTasksListAdapter.getChildId
leak-60-2: AllTasksListAdapter.getChildId
leak-59-2: AllTasksListAdapter.getChildId
leak-58-2: AllTasksListAdapter.getChildId
leak-57-2: AllTasksListAdapter.getChildId
leak-56-2: AllTasksListAdapter.getChildId
leak-55-2: AllTasksListAdapter.getChildId
leak-54-2: AllTasksListAdapter.getChildId
leak-53-2: AllTasksListAdapter.getChildId
leak-52-2: AllTasksListAdapter.getChildId
leak-62-3: AllTasksListAdapter.getChildView
leak-61-3: AllTasksListAdapter.getChildView
leak-60-3: AllTasksListAdapter.getChildView
leak-59-3: AllTasksListAdapter.getChildView
leak-58-3: AllTasksListAdapter.getChildView
leak-57-3: AllTasksListAdapter.getChildView
leak-56-3: AllTasksListAdapter.getChildView
leak-55-3: AllTasksListAdapter.getChildView
leak-54-3: AllTasksListAdapter.getChildView
leak-53-3: AllTasksListAdapter.getChildView
leak-52-3: AllTasksListAdapter.getChildView
leak-62-4: AllTasksListAdapter.getChildrenCount
leak-61-4: AllTasksListAdapter.getChildrenCount
leak-60-4: AllTasksListAdapter.getChildrenCount
leak-59-4: AllTasksListAdapter.getChildrenCount
leak-58-4: AllTasksListAdapter.getChildrenCount
leak-57-4: AllTasksListAdapter.getChildrenCount
leak-56-4: AllTasksListAdapter.getChildrenCount
leak-55-4: AllTasksListAdapter.getChildrenCount
leak-54-4: AllTasksListAdapter.getChildrenCount
leak-53-4: AllTasksListAdapter.getChildrenCount
leak-52-4: AllTasksListAdapter.getChildrenCount
leak-62-5: AllTasksListAdapter.getGroup
leak-61-5: AllTasksListAdapter.getGroup
leak-60-5: AllTasksListAdapter.getGroup
leak-59-5: AllTasksListAdapter.getGroup
leak-58-5: AllTasksListAdapter.getGroup
leak-57-5: AllTasksListAdapter.getGroup
leak-56-5: AllTasksListAdapter.getGroup
leak-55-5: AllTasksListAdapter.getGroup
leak-54-5: AllTasksListAdapter.getGroup
leak-53-5: AllTasksListAdapter.getGroup
leak-52-5: AllTasksListAdapter.getGroup
leak-62-6: AllTasksListAdapter.getGroupCount
leak-61-6: AllTasksListAdapter.getGroupCount
leak-60-6: AllTasksListAdapter.getGroupCount
leak-59-6: AllTasksListAdapter.getGroupCount
leak-58-6: AllTasksListAdapter.getGroupCount
leak-57-6: AllTasksListAdapter.getGroupCount
leak-56-6: AllTasksListAdapter.getGroupCount
leak-55-6: AllTasksListAdapter.getGroupCount
leak-54-6: AllTasksListAdapter.getGroupCount
leak-53-6: AllTasksListAdapter.getGroupCount
leak-52-6: AllTasksListAdapter.getGroupCount
leak-62-7: AllTasksListAdapter.getGroupId
leak-61-7: AllTasksListAdapter.getGroupId
leak-60-7: AllTasksListAdapter.getGroupId
leak-59-7: AllTasksListAdapter.getGroupId
leak-58-7: AllTasksListAdapter.getGroupId
leak-57-7: AllTasksListAdapter.getGroupId
leak-56-7: AllTasksListAdapter.getGroupId
leak-55-7: AllTasksListAdapter.getGroupId
leak-54-7: AllTasksListAdapter.getGroupId
leak-53-7: AllTasksListAdapter.getGroupId
leak-52-7: AllTasksListAdapter.getGroupId
leak-62-8: AllTasksListAdapter.getGroupView
leak-61-8: AllTasksListAdapter.getGroupView
leak-60-8: AllTasksListAdapter.getGroupView
leak-59-8: AllTasksListAdapter.getGroupView
leak-58-8: AllTasksListAdapter.getGroupView
leak-57-8: AllTasksListAdapter.getGroupView
leak-56-8: AllTasksListAdapter.getGroupView
leak-55-8: AllTasksListAdapter.getGroupView
leak-54-8: AllTasksListAdapter.getGroupView
leak-53-8: AllTasksListAdapter.getGroupView
leak-52-8: AllTasksListAdapter.getGroupView
leak-62-9: AllTasksListAdapter.hasStableIds
leak-61-9: AllTasksListAdapter.hasStableIds
leak-60-9: AllTasksListAdapter.hasStableIds
leak-59-9: AllTasksListAdapter.hasStableIds
leak-58-9: AllTasksListAdapter.hasStableIds
leak-57-9: AllTasksListAdapter.hasStableIds
leak-56-9: AllTasksListAdapter.hasStableIds
leak-55-9: AllTasksListAdapter.hasStableIds
leak-54-9: AllTasksListAdapter.hasStableIds
leak-53-9: AllTasksListAdapter.hasStableIds
leak-52-9: AllTasksListAdapter.hasStableIds
leak-62-10: AllTasksListAdapter.isChildSelectable
leak-61-10: AllTasksListAdapter.isChildSelectable
leak-60-10: AllTasksListAdapter.isChildSelectable
leak-59-10: AllTasksListAdapter.isChildSelectable
leak-58-10: AllTasksListAdapter.isChildSelectable
leak-57-10: AllTasksListAdapter.isChildSelectable
leak-56-10: AllTasksListAdapter.isChildSelectable
leak-55-10: AllTasksListAdapter.isChildSelectable
leak-54-10: AllTasksListAdapter.isChildSelectable
leak-53-10: AllTasksListAdapter.isChildSelectable
leak-52-10: AllTasksListAdapter.isChildSelectable
In file: RecentTaskListAsyncProvider.java
Input operator: SINK
leak-64-0: RecentTaskListAsyncProvider.RecentTaskListAsyncProvider
leak-63-0: RecentTaskListAsyncProvider.RecentTaskListAsyncProvider
leak-64-1: RecentTaskListAsyncProvider.run
leak-63-1: RecentTaskListAsyncProvider.run
In file: AsyncProvider.java
Input operator: SINK
leak-69-0: Updater.Updater
leak-67-0: Updater.Updater
leak-65-0: Updater.Updater
leak-75-0: Updater.Updater
leak-74-0: Updater.Updater
leak-73-0: Updater.Updater
leak-72-0: Updater.Updater
leak-71-0: Updater.Updater
leak-70-0: Updater.Updater
leak-68-0: Updater.Updater
leak-66-0: Updater.Updater
leak-69-1: Updater.update
leak-67-1: Updater.update
leak-65-1: Updater.update
leak-75-1: Updater.update
leak-74-1: Updater.update
leak-73-1: Updater.update
leak-72-1: Updater.update
leak-71-1: Updater.update
leak-70-1: Updater.update
leak-68-1: Updater.update
leak-66-1: Updater.update
leak-69-2: Updater.updateMax
leak-67-2: Updater.updateMax
leak-65-2: Updater.updateMax
leak-75-2: Updater.updateMax
leak-74-2: Updater.updateMax
leak-73-2: Updater.updateMax
leak-72-2: Updater.updateMax
leak-71-2: Updater.updateMax
leak-70-2: Updater.updateMax
leak-68-2: Updater.updateMax
leak-66-2: Updater.updateMax
leak-75-3: AsyncProvider.AsyncProvider
leak-74-3: AsyncProvider.AsyncProvider
leak-73-3: AsyncProvider.AsyncProvider
leak-72-3: AsyncProvider.AsyncProvider
leak-71-3: AsyncProvider.AsyncProvider
leak-70-3: AsyncProvider.AsyncProvider
leak-68-3: AsyncProvider.AsyncProvider
leak-66-3: AsyncProvider.AsyncProvider
leak-75-4: AsyncProvider.onProgressUpdate
leak-74-4: AsyncProvider.onProgressUpdate
leak-73-4: AsyncProvider.onProgressUpdate
leak-72-4: AsyncProvider.onProgressUpdate
leak-71-4: AsyncProvider.onProgressUpdate
leak-70-4: AsyncProvider.onProgressUpdate
leak-68-4: AsyncProvider.onProgressUpdate
leak-66-4: AsyncProvider.onProgressUpdate
leak-75-5: AsyncProvider.onPreExecute
leak-74-5: AsyncProvider.onPreExecute
leak-73-5: AsyncProvider.onPreExecute
leak-72-5: AsyncProvider.onPreExecute
leak-71-5: AsyncProvider.onPreExecute
leak-70-5: AsyncProvider.onPreExecute
leak-68-5: AsyncProvider.onPreExecute
leak-66-5: AsyncProvider.onPreExecute
leak-75-6: AsyncProvider.onPostExecute
leak-74-6: AsyncProvider.onPostExecute
leak-73-6: AsyncProvider.onPostExecute
leak-72-6: AsyncProvider.onPostExecute
leak-71-6: AsyncProvider.onPostExecute
leak-70-6: AsyncProvider.onPostExecute
leak-68-6: AsyncProvider.onPostExecute
leak-66-6: AsyncProvider.onPostExecute
leak-75-7: AsyncProvider.doInBackground
leak-74-7: AsyncProvider.doInBackground
leak-73-7: AsyncProvider.doInBackground
leak-72-7: AsyncProvider.doInBackground
leak-71-7: AsyncProvider.doInBackground
leak-70-7: AsyncProvider.doInBackground
leak-68-7: AsyncProvider.doInBackground
leak-66-7: AsyncProvider.doInBackground
In file: IconListAdapter.java
Input operator: SINK
leak-80-0: IconListAdapter.IconListAdapter
leak-79-0: IconListAdapter.IconListAdapter
leak-78-0: IconListAdapter.IconListAdapter
leak-77-0: IconListAdapter.IconListAdapter
leak-76-0: IconListAdapter.IconListAdapter
leak-80-1: IconListAdapter.getCount
leak-79-1: IconListAdapter.getCount
leak-78-1: IconListAdapter.getCount
leak-77-1: IconListAdapter.getCount
leak-76-1: IconListAdapter.getCount
leak-80-2: IconListAdapter.getItem
leak-79-2: IconListAdapter.getItem
leak-78-2: IconListAdapter.getItem
leak-77-2: IconListAdapter.getItem
leak-76-2: IconListAdapter.getItem
leak-80-3: IconListAdapter.getItemId
leak-79-3: IconListAdapter.getItemId
leak-78-3: IconListAdapter.getItemId
leak-77-3: IconListAdapter.getItemId
leak-76-3: IconListAdapter.getItemId
leak-80-4: IconListAdapter.getView
leak-79-4: IconListAdapter.getView
leak-78-4: IconListAdapter.getView
leak-77-4: IconListAdapter.getView
leak-76-4: IconListAdapter.getView
In file: RecentTaskListAdapter.java
Input operator: SINK
leak-82-0: RecentTaskListAdapter.RecentTaskListAdapter
leak-81-0: RecentTaskListAdapter.RecentTaskListAdapter
leak-82-1: RecentTaskListAdapter.getView
leak-81-1: RecentTaskListAdapter.getView
In file: IconListAsyncProvider.java
Input operator: SINK
leak-84-0: IconListAsyncProvider.IconListAsyncProvider
leak-83-0: IconListAsyncProvider.IconListAsyncProvider
leak-84-1: IconListAsyncProvider.run
leak-83-1: IconListAsyncProvider.run
In file: MyActivityInfo.java
Input operator: SINK
leak-91-0: MyActivityInfo.MyActivityInfo
leak-90-0: MyActivityInfo.MyActivityInfo
leak-89-0: MyActivityInfo.MyActivityInfo
leak-88-0: MyActivityInfo.MyActivityInfo
leak-87-0: MyActivityInfo.MyActivityInfo
leak-86-0: MyActivityInfo.MyActivityInfo
leak-85-0: MyActivityInfo.MyActivityInfo
leak-91-1: MyActivityInfo.getComponentName
leak-90-1: MyActivityInfo.getComponentName
leak-89-1: MyActivityInfo.getComponentName
leak-88-1: MyActivityInfo.getComponentName
leak-87-1: MyActivityInfo.getComponentName
leak-86-1: MyActivityInfo.getComponentName
leak-85-1: MyActivityInfo.getComponentName
leak-91-2: MyActivityInfo.getIcon
leak-90-2: MyActivityInfo.getIcon
leak-89-2: MyActivityInfo.getIcon
leak-88-2: MyActivityInfo.getIcon
leak-87-2: MyActivityInfo.getIcon
leak-86-2: MyActivityInfo.getIcon
leak-85-2: MyActivityInfo.getIcon
leak-91-3: MyActivityInfo.getName
leak-90-3: MyActivityInfo.getName
leak-89-3: MyActivityInfo.getName
leak-88-3: MyActivityInfo.getName
leak-87-3: MyActivityInfo.getName
leak-86-3: MyActivityInfo.getName
leak-85-3: MyActivityInfo.getName
leak-91-4: MyActivityInfo.getIconResouceName
leak-90-4: MyActivityInfo.getIconResouceName
leak-89-4: MyActivityInfo.getIconResouceName
leak-88-4: MyActivityInfo.getIconResouceName
leak-87-4: MyActivityInfo.getIconResouceName
leak-86-4: MyActivityInfo.getIconResouceName
leak-85-4: MyActivityInfo.getIconResouceName
leak-91-5: MyActivityInfo.compareTo
leak-90-5: MyActivityInfo.compareTo
leak-89-5: MyActivityInfo.compareTo
leak-88-5: MyActivityInfo.compareTo
leak-87-5: MyActivityInfo.compareTo
leak-86-5: MyActivityInfo.compareTo
leak-85-5: MyActivityInfo.compareTo
leak-91-6: MyActivityInfo.equals
leak-90-6: MyActivityInfo.equals
leak-89-6: MyActivityInfo.equals
leak-88-6: MyActivityInfo.equals
leak-87-6: MyActivityInfo.equals
leak-86-6: MyActivityInfo.equals
leak-85-6: MyActivityInfo.equals
In file: AllTasksListFragment.java
Input operator: SINK
leak-97-0: AllTasksListFragment.onCreateView
leak-96-0: AllTasksListFragment.onCreateView
leak-95-0: AllTasksListFragment.onCreateView
leak-94-0: AllTasksListFragment.onCreateView
leak-92-0: AllTasksListFragment.onCreateView
leak-93-0: 1.onChildClick
leak-99-0: 1.onChildClick
leak-97-1: AllTasksListFragment.onActivityCreated
leak-96-1: AllTasksListFragment.onActivityCreated
leak-95-1: AllTasksListFragment.onActivityCreated
leak-94-1: AllTasksListFragment.onActivityCreated
leak-92-1: AllTasksListFragment.onActivityCreated
leak-97-2: AllTasksListFragment.onCreateContextMenu
leak-96-2: AllTasksListFragment.onCreateContextMenu
leak-95-2: AllTasksListFragment.onCreateContextMenu
leak-94-2: AllTasksListFragment.onCreateContextMenu
leak-92-2: AllTasksListFragment.onCreateContextMenu
leak-97-3: AllTasksListFragment.onContextItemSelected
leak-96-3: AllTasksListFragment.onContextItemSelected
leak-95-3: AllTasksListFragment.onContextItemSelected
leak-94-3: AllTasksListFragment.onContextItemSelected
leak-92-3: AllTasksListFragment.onContextItemSelected
leak-97-4: AllTasksListFragment.onProviderFininshed
leak-96-4: AllTasksListFragment.onProviderFininshed
leak-95-4: AllTasksListFragment.onProviderFininshed
leak-94-4: AllTasksListFragment.onProviderFininshed
leak-92-4: AllTasksListFragment.onProviderFininshed
In file: PackageManagerCache.java
Input operator: SINK
leak-102-0: PackageManagerCache.PackageManagerCache
leak-101-0: PackageManagerCache.PackageManagerCache
leak-100-0: PackageManagerCache.PackageManagerCache
leak-99-0: PackageManagerCache.PackageManagerCache
leak-102-1: PackageManagerCache.getPackageInfo
leak-101-1: PackageManagerCache.getPackageInfo
leak-100-1: PackageManagerCache.getPackageInfo
leak-99-1: PackageManagerCache.getPackageInfo
leak-102-2: PackageManagerCache.getAllPackageInfo
leak-101-2: PackageManagerCache.getAllPackageInfo
leak-100-2: PackageManagerCache.getAllPackageInfo
leak-99-2: PackageManagerCache.getAllPackageInfo
leak-102-3: PackageManagerCache.getActivityInfo
leak-101-3: PackageManagerCache.getActivityInfo
leak-100-3: PackageManagerCache.getActivityInfo
leak-99-3: PackageManagerCache.getActivityInfo
In file: RecentTaskListFragment.java
Input operator: SINK
leak-108-0: RecentTaskListFragment.onCreate
leak-107-0: RecentTaskListFragment.onCreate
leak-106-0: RecentTaskListFragment.onCreate
leak-105-0: RecentTaskListFragment.onCreate
leak-104-0: RecentTaskListFragment.onCreate
leak-103-0: RecentTaskListFragment.onCreate
leak-108-1: RecentTaskListFragment.onActivityCreated
leak-107-1: RecentTaskListFragment.onActivityCreated
leak-106-1: RecentTaskListFragment.onActivityCreated
leak-105-1: RecentTaskListFragment.onActivityCreated
leak-104-1: RecentTaskListFragment.onActivityCreated
leak-103-1: RecentTaskListFragment.onActivityCreated
leak-108-2: RecentTaskListFragment.onListItemClick
leak-107-2: RecentTaskListFragment.onListItemClick
leak-106-2: RecentTaskListFragment.onListItemClick
leak-105-2: RecentTaskListFragment.onListItemClick
leak-104-2: RecentTaskListFragment.onListItemClick
leak-103-2: RecentTaskListFragment.onListItemClick
leak-108-3: RecentTaskListFragment.onCreateContextMenu
leak-107-3: RecentTaskListFragment.onCreateContextMenu
leak-106-3: RecentTaskListFragment.onCreateContextMenu
leak-105-3: RecentTaskListFragment.onCreateContextMenu
leak-104-3: RecentTaskListFragment.onCreateContextMenu
leak-103-3: RecentTaskListFragment.onCreateContextMenu
leak-108-4: RecentTaskListFragment.onContextItemSelected
leak-107-4: RecentTaskListFragment.onContextItemSelected
leak-106-4: RecentTaskListFragment.onContextItemSelected
leak-105-4: RecentTaskListFragment.onContextItemSelected
leak-104-4: RecentTaskListFragment.onContextItemSelected
leak-103-4: RecentTaskListFragment.onContextItemSelected
leak-108-5: RecentTaskListFragment.onProviderFininshed
leak-107-5: RecentTaskListFragment.onProviderFininshed
leak-106-5: RecentTaskListFragment.onProviderFininshed
leak-105-5: RecentTaskListFragment.onProviderFininshed
leak-104-5: RecentTaskListFragment.onProviderFininshed
leak-103-5: RecentTaskListFragment.onProviderFininshed
