/home/amit/muse/output/babymonitor/schemas/SINK/babymonitor
In file: DiscoverActivity.java
Input operator: SINK
leak-18-0: DiscoverActivity.onCreate
leak-7-0: DiscoverActivity.onCreate
leak-6-0: DiscoverActivity.onCreate
leak-4-0: DiscoverActivity.onCreate
leak-3-0: DiscoverActivity.onCreate
leak-0-0: DiscoverActivity.onCreate
leak-1-0: 1.onClick
leak-25-0: 1.onClick
leak-2-0: 1.onClick
leak-26-0: 1.onClick
leak-18-1: DiscoverActivity.loadDiscoveryViaMdns
leak-7-1: DiscoverActivity.loadDiscoveryViaMdns
leak-6-1: DiscoverActivity.loadDiscoveryViaMdns
leak-4-1: DiscoverActivity.loadDiscoveryViaMdns
leak-3-1: DiscoverActivity.loadDiscoveryViaMdns
leak-0-1: DiscoverActivity.loadDiscoveryViaMdns
leak-18-2: DiscoverActivity.loadDiscoveryViaAddress
leak-7-2: DiscoverActivity.loadDiscoveryViaAddress
leak-6-2: DiscoverActivity.loadDiscoveryViaAddress
leak-4-2: DiscoverActivity.loadDiscoveryViaAddress
leak-3-2: DiscoverActivity.loadDiscoveryViaAddress
leak-0-2: DiscoverActivity.loadDiscoveryViaAddress
leak-5-0: 1.onClick
leak-27-0: 1.onClick
leak-18-3: DiscoverActivity.onDestroy
leak-7-3: DiscoverActivity.onDestroy
leak-6-3: DiscoverActivity.onDestroy
leak-4-3: DiscoverActivity.onDestroy
leak-3-3: DiscoverActivity.onDestroy
leak-0-3: DiscoverActivity.onDestroy
leak-18-4: DiscoverActivity.startServiceDiscovery
leak-7-4: DiscoverActivity.startServiceDiscovery
leak-6-4: DiscoverActivity.startServiceDiscovery
leak-4-4: DiscoverActivity.startServiceDiscovery
leak-3-4: DiscoverActivity.startServiceDiscovery
leak-0-4: DiscoverActivity.startServiceDiscovery
leak-8-0: 1.onItemClick
leak-28-0: 1.onItemClick
leak-17-0: 1.onDiscoveryStarted
leak-16-0: 1.onDiscoveryStarted
leak-15-0: 1.onDiscoveryStarted
leak-14-0: 1.onDiscoveryStarted
leak-10-0: 1.onDiscoveryStarted
leak-9-0: 1.onDiscoveryStarted
leak-29-0: 1.onDiscoveryStarted
leak-17-1: 1.onServiceFound
leak-16-1: 1.onServiceFound
leak-15-1: 1.onServiceFound
leak-14-1: 1.onServiceFound
leak-10-1: 1.onServiceFound
leak-9-1: 1.onServiceFound
leak-30-0: 1.onServiceFound
leak-12-0: 1.onResolveFailed
leak-11-0: 1.onResolveFailed
leak-31-0: 1.onResolveFailed
leak-32-0: 1.onResolveFailed
leak-12-1: 1.onServiceResolved
leak-11-1: 1.onServiceResolved
leak-33-0: 1.onServiceResolved
leak-34-0: 1.onServiceResolved
leak-13-0: 1.run
leak-35-0: 1.run
leak-36-0: 1.run
leak-37-0: 1.run
leak-17-2: 1.onServiceLost
leak-16-2: 1.onServiceLost
leak-15-2: 1.onServiceLost
leak-14-2: 1.onServiceLost
leak-10-2: 1.onServiceLost
leak-9-2: 1.onServiceLost
leak-38-0: 1.onServiceLost
leak-17-3: 1.onDiscoveryStopped
leak-16-3: 1.onDiscoveryStopped
leak-15-3: 1.onDiscoveryStopped
leak-14-3: 1.onDiscoveryStopped
leak-10-3: 1.onDiscoveryStopped
leak-9-3: 1.onDiscoveryStopped
leak-39-0: 1.onDiscoveryStopped
leak-17-4: 1.onStartDiscoveryFailed
leak-16-4: 1.onStartDiscoveryFailed
leak-15-4: 1.onStartDiscoveryFailed
leak-14-4: 1.onStartDiscoveryFailed
leak-10-4: 1.onStartDiscoveryFailed
leak-9-4: 1.onStartDiscoveryFailed
leak-40-0: 1.onStartDiscoveryFailed
leak-17-5: 1.onStopDiscoveryFailed
leak-16-5: 1.onStopDiscoveryFailed
leak-15-5: 1.onStopDiscoveryFailed
leak-14-5: 1.onStopDiscoveryFailed
leak-10-5: 1.onStopDiscoveryFailed
leak-9-5: 1.onStopDiscoveryFailed
leak-41-0: 1.onStopDiscoveryFailed
leak-18-5: DiscoverActivity.connectToChild
leak-7-5: DiscoverActivity.connectToChild
leak-6-5: DiscoverActivity.connectToChild
leak-4-5: DiscoverActivity.connectToChild
leak-3-5: DiscoverActivity.connectToChild
leak-0-5: DiscoverActivity.connectToChild
leak-23-0: ServiceInfoWrapper.ServiceInfoWrapper
leak-22-0: ServiceInfoWrapper.ServiceInfoWrapper
leak-21-0: ServiceInfoWrapper.ServiceInfoWrapper
leak-20-0: ServiceInfoWrapper.ServiceInfoWrapper
leak-19-0: ServiceInfoWrapper.ServiceInfoWrapper
leak-23-1: ServiceInfoWrapper.getAddress
leak-22-1: ServiceInfoWrapper.getAddress
leak-21-1: ServiceInfoWrapper.getAddress
leak-20-1: ServiceInfoWrapper.getAddress
leak-19-1: ServiceInfoWrapper.getAddress
leak-23-2: ServiceInfoWrapper.getPort
leak-22-2: ServiceInfoWrapper.getPort
leak-21-2: ServiceInfoWrapper.getPort
leak-20-2: ServiceInfoWrapper.getPort
leak-19-2: ServiceInfoWrapper.getPort
leak-23-3: ServiceInfoWrapper.getName
leak-22-3: ServiceInfoWrapper.getName
leak-21-3: ServiceInfoWrapper.getName
leak-20-3: ServiceInfoWrapper.getName
leak-19-3: ServiceInfoWrapper.getName
leak-23-4: ServiceInfoWrapper.toString
leak-22-4: ServiceInfoWrapper.toString
leak-21-4: ServiceInfoWrapper.toString
leak-20-4: ServiceInfoWrapper.toString
leak-19-4: ServiceInfoWrapper.toString
In file: MonitorActivity.java
Input operator: SINK
leak-55-0: MonitorActivity.serviceConnection
leak-49-0: MonitorActivity.serviceConnection
leak-48-0: MonitorActivity.serviceConnection
leak-47-0: MonitorActivity.serviceConnection
leak-46-0: MonitorActivity.serviceConnection
leak-43-0: MonitorActivity.serviceConnection
leak-41-0: MonitorActivity.serviceConnection
leak-42-0: 1.run
leak-57-0: 1.run
leak-55-1: MonitorActivity.onCreate
leak-49-1: MonitorActivity.onCreate
leak-48-1: MonitorActivity.onCreate
leak-47-1: MonitorActivity.onCreate
leak-46-1: MonitorActivity.onCreate
leak-43-1: MonitorActivity.onCreate
leak-41-1: MonitorActivity.onCreate
leak-44-0: 1.run
leak-58-0: 1.run
leak-45-0: 1.run
leak-59-0: 1.run
leak-55-2: MonitorActivity.onDestroy
leak-49-2: MonitorActivity.onDestroy
leak-48-2: MonitorActivity.onDestroy
leak-47-2: MonitorActivity.onDestroy
leak-46-2: MonitorActivity.onDestroy
leak-43-2: MonitorActivity.onDestroy
leak-41-2: MonitorActivity.onDestroy
leak-55-3: MonitorActivity.onCreateOptionsMenu
leak-49-3: MonitorActivity.onCreateOptionsMenu
leak-48-3: MonitorActivity.onCreateOptionsMenu
leak-47-3: MonitorActivity.onCreateOptionsMenu
leak-46-3: MonitorActivity.onCreateOptionsMenu
leak-43-3: MonitorActivity.onCreateOptionsMenu
leak-41-3: MonitorActivity.onCreateOptionsMenu
leak-55-4: MonitorActivity.onOptionsItemSelected
leak-49-4: MonitorActivity.onOptionsItemSelected
leak-48-4: MonitorActivity.onOptionsItemSelected
leak-47-4: MonitorActivity.onOptionsItemSelected
leak-46-4: MonitorActivity.onOptionsItemSelected
leak-43-4: MonitorActivity.onOptionsItemSelected
leak-41-4: MonitorActivity.onOptionsItemSelected
leak-55-5: MonitorActivity.registerService
leak-49-5: MonitorActivity.registerService
leak-48-5: MonitorActivity.registerService
leak-47-5: MonitorActivity.registerService
leak-46-5: MonitorActivity.registerService
leak-43-5: MonitorActivity.registerService
leak-41-5: MonitorActivity.registerService
leak-54-0: 1.onServiceRegistered
leak-53-0: 1.onServiceRegistered
leak-52-0: 1.onServiceRegistered
leak-50-0: 1.onServiceRegistered
leak-60-0: 1.onServiceRegistered
leak-51-0: 1.run
leak-61-0: 1.run
leak-62-0: 1.run
leak-54-1: 1.onRegistrationFailed
leak-53-1: 1.onRegistrationFailed
leak-52-1: 1.onRegistrationFailed
leak-50-1: 1.onRegistrationFailed
leak-63-0: 1.onRegistrationFailed
leak-54-2: 1.onServiceUnregistered
leak-53-2: 1.onServiceUnregistered
leak-52-2: 1.onServiceUnregistered
leak-50-2: 1.onServiceUnregistered
leak-64-0: 1.onServiceUnregistered
leak-54-3: 1.onUnregistrationFailed
leak-53-3: 1.onUnregistrationFailed
leak-52-3: 1.onUnregistrationFailed
leak-50-3: 1.onUnregistrationFailed
leak-65-0: 1.onUnregistrationFailed
leak-55-6: MonitorActivity.unregisterService
leak-49-6: MonitorActivity.unregisterService
leak-48-6: MonitorActivity.unregisterService
leak-47-6: MonitorActivity.unregisterService
leak-46-6: MonitorActivity.unregisterService
leak-43-6: MonitorActivity.unregisterService
leak-41-6: MonitorActivity.unregisterService
In file: ListenActivity.java
Input operator: SINK
leak-71-0: ListenActivity.streamAudio
leak-70-0: ListenActivity.streamAudio
leak-66-0: ListenActivity.streamAudio
leak-65-0: ListenActivity.streamAudio
leak-71-1: ListenActivity.onCreate
leak-70-1: ListenActivity.onCreate
leak-66-1: ListenActivity.onCreate
leak-65-1: ListenActivity.onCreate
leak-67-0: 1.run
leak-74-0: 1.run
leak-68-0: 1.run
leak-75-0: 1.run
leak-69-0: 1.run
leak-76-0: 1.run
leak-77-0: 1.run
leak-71-2: ListenActivity.onDestroy
leak-70-2: ListenActivity.onDestroy
leak-66-2: ListenActivity.onDestroy
leak-65-2: ListenActivity.onDestroy
leak-71-3: ListenActivity.playAlert
leak-70-3: ListenActivity.playAlert
leak-66-3: ListenActivity.playAlert
leak-65-3: ListenActivity.playAlert
leak-72-0: 1.onCompletion
leak-78-0: 1.onCompletion
In file: StartActivity.java
Input operator: SINK
leak-78-0: StartActivity.onCreate
leak-79-0: 1.onClick
leak-82-0: 1.onClick
leak-80-0: 1.onClick
leak-83-0: 1.onClick
