/home/amit/muse/output/LocationShare/schemas/SINK/LocationShare
In file: MainActivity.java
Input operator: SINK
leak-3-0: 1.onLocationChanged
leak-2-0: 1.onLocationChanged
leak-1-0: 1.onLocationChanged
leak-0-0: 1.onLocationChanged
leak-25-0: 1.onLocationChanged
leak-3-1: 1.onProviderEnabled
leak-2-1: 1.onProviderEnabled
leak-1-1: 1.onProviderEnabled
leak-0-1: 1.onProviderEnabled
leak-26-0: 1.onProviderEnabled
leak-3-2: 1.onProviderDisabled
leak-2-2: 1.onProviderDisabled
leak-1-2: 1.onProviderDisabled
leak-0-2: 1.onProviderDisabled
leak-27-0: 1.onProviderDisabled
leak-3-3: 1.onStatusChanged
leak-2-3: 1.onStatusChanged
leak-1-3: 1.onStatusChanged
leak-0-3: 1.onStatusChanged
leak-28-0: 1.onStatusChanged
leak-23-0: MainActivity.onCreate
leak-22-0: MainActivity.onCreate
leak-21-0: MainActivity.onCreate
leak-20-0: MainActivity.onCreate
leak-19-0: MainActivity.onCreate
leak-18-0: MainActivity.onCreate
leak-17-0: MainActivity.onCreate
leak-16-0: MainActivity.onCreate
leak-15-0: MainActivity.onCreate
leak-14-0: MainActivity.onCreate
leak-13-0: MainActivity.onCreate
leak-11-0: MainActivity.onCreate
leak-9-0: MainActivity.onCreate
leak-8-0: MainActivity.onCreate
leak-7-0: MainActivity.onCreate
leak-6-0: MainActivity.onCreate
leak-5-0: MainActivity.onCreate
leak-4-0: MainActivity.onCreate
leak-23-1: MainActivity.onStop
leak-22-1: MainActivity.onStop
leak-21-1: MainActivity.onStop
leak-20-1: MainActivity.onStop
leak-19-1: MainActivity.onStop
leak-18-1: MainActivity.onStop
leak-17-1: MainActivity.onStop
leak-16-1: MainActivity.onStop
leak-15-1: MainActivity.onStop
leak-14-1: MainActivity.onStop
leak-13-1: MainActivity.onStop
leak-11-1: MainActivity.onStop
leak-9-1: MainActivity.onStop
leak-8-1: MainActivity.onStop
leak-7-1: MainActivity.onStop
leak-6-1: MainActivity.onStop
leak-5-1: MainActivity.onStop
leak-4-1: MainActivity.onStop
leak-23-2: MainActivity.onResume
leak-22-2: MainActivity.onResume
leak-21-2: MainActivity.onResume
leak-20-2: MainActivity.onResume
leak-19-2: MainActivity.onResume
leak-18-2: MainActivity.onResume
leak-17-2: MainActivity.onResume
leak-16-2: MainActivity.onResume
leak-15-2: MainActivity.onResume
leak-14-2: MainActivity.onResume
leak-13-2: MainActivity.onResume
leak-11-2: MainActivity.onResume
leak-9-2: MainActivity.onResume
leak-8-2: MainActivity.onResume
leak-7-2: MainActivity.onResume
leak-6-2: MainActivity.onResume
leak-5-2: MainActivity.onResume
leak-4-2: MainActivity.onResume
leak-23-3: MainActivity.onRequestPermissionsResult
leak-22-3: MainActivity.onRequestPermissionsResult
leak-21-3: MainActivity.onRequestPermissionsResult
leak-20-3: MainActivity.onRequestPermissionsResult
leak-19-3: MainActivity.onRequestPermissionsResult
leak-18-3: MainActivity.onRequestPermissionsResult
leak-17-3: MainActivity.onRequestPermissionsResult
leak-16-3: MainActivity.onRequestPermissionsResult
leak-15-3: MainActivity.onRequestPermissionsResult
leak-14-3: MainActivity.onRequestPermissionsResult
leak-13-3: MainActivity.onRequestPermissionsResult
leak-11-3: MainActivity.onRequestPermissionsResult
leak-9-3: MainActivity.onRequestPermissionsResult
leak-8-3: MainActivity.onRequestPermissionsResult
leak-7-3: MainActivity.onRequestPermissionsResult
leak-6-3: MainActivity.onRequestPermissionsResult
leak-5-3: MainActivity.onRequestPermissionsResult
leak-4-3: MainActivity.onRequestPermissionsResult
leak-23-4: MainActivity.updateLocation
leak-22-4: MainActivity.updateLocation
leak-21-4: MainActivity.updateLocation
leak-20-4: MainActivity.updateLocation
leak-19-4: MainActivity.updateLocation
leak-18-4: MainActivity.updateLocation
leak-17-4: MainActivity.updateLocation
leak-16-4: MainActivity.updateLocation
leak-15-4: MainActivity.updateLocation
leak-14-4: MainActivity.updateLocation
leak-13-4: MainActivity.updateLocation
leak-11-4: MainActivity.updateLocation
leak-9-4: MainActivity.updateLocation
leak-8-4: MainActivity.updateLocation
leak-7-4: MainActivity.updateLocation
leak-6-4: MainActivity.updateLocation
leak-5-4: MainActivity.updateLocation
leak-4-4: MainActivity.updateLocation
leak-23-5: MainActivity.updateLocation
leak-22-5: MainActivity.updateLocation
leak-21-5: MainActivity.updateLocation
leak-20-5: MainActivity.updateLocation
leak-19-5: MainActivity.updateLocation
leak-18-5: MainActivity.updateLocation
leak-17-5: MainActivity.updateLocation
leak-16-5: MainActivity.updateLocation
leak-15-5: MainActivity.updateLocation
leak-14-5: MainActivity.updateLocation
leak-13-5: MainActivity.updateLocation
leak-11-5: MainActivity.updateLocation
leak-9-5: MainActivity.updateLocation
leak-8-5: MainActivity.updateLocation
leak-7-5: MainActivity.updateLocation
leak-6-5: MainActivity.updateLocation
leak-5-5: MainActivity.updateLocation
leak-4-5: MainActivity.updateLocation
leak-10-0: onClickShareListener.onClick
leak-23-6: onClickShareListener.onClick
leak-22-6: onClickShareListener.onClick
leak-21-6: onClickShareListener.onClick
leak-20-6: onClickShareListener.onClick
leak-19-6: onClickShareListener.onClick
leak-18-6: onClickShareListener.onClick
leak-17-6: onClickShareListener.onClick
leak-16-6: onClickShareListener.onClick
leak-15-6: onClickShareListener.onClick
leak-14-6: onClickShareListener.onClick
leak-13-6: onClickShareListener.onClick
leak-11-6: onClickShareListener.onClick
leak-9-6: onClickShareListener.onClick
leak-8-6: onClickShareListener.onClick
leak-7-6: onClickShareListener.onClick
leak-6-6: onClickShareListener.onClick
leak-5-6: onClickShareListener.onClick
leak-4-6: onClickShareListener.onClick
leak-12-0: onClickCopyListener.onClick
leak-23-7: onClickCopyListener.onClick
leak-22-7: onClickCopyListener.onClick
leak-21-7: onClickCopyListener.onClick
leak-20-7: onClickCopyListener.onClick
leak-19-7: onClickCopyListener.onClick
leak-18-7: onClickCopyListener.onClick
leak-17-7: onClickCopyListener.onClick
leak-16-7: onClickCopyListener.onClick
leak-15-7: onClickCopyListener.onClick
leak-14-7: onClickCopyListener.onClick
leak-13-7: onClickCopyListener.onClick
leak-11-7: onClickCopyListener.onClick
leak-9-7: onClickCopyListener.onClick
leak-8-7: onClickCopyListener.onClick
leak-7-7: onClickCopyListener.onClick
leak-6-7: onClickCopyListener.onClick
leak-5-7: onClickCopyListener.onClick
leak-4-7: onClickCopyListener.onClick
leak-23-8: MainActivity.shareLocation
leak-22-8: MainActivity.shareLocation
leak-21-8: MainActivity.shareLocation
leak-20-8: MainActivity.shareLocation
leak-19-8: MainActivity.shareLocation
leak-18-8: MainActivity.shareLocation
leak-17-8: MainActivity.shareLocation
leak-16-8: MainActivity.shareLocation
leak-15-8: MainActivity.shareLocation
leak-14-8: MainActivity.shareLocation
leak-13-8: MainActivity.shareLocation
leak-11-8: MainActivity.shareLocation
leak-9-8: MainActivity.shareLocation
leak-8-8: MainActivity.shareLocation
leak-7-8: MainActivity.shareLocation
leak-6-8: MainActivity.shareLocation
leak-5-8: MainActivity.shareLocation
leak-4-8: MainActivity.shareLocation
leak-23-9: MainActivity.copyLocation
leak-22-9: MainActivity.copyLocation
leak-21-9: MainActivity.copyLocation
leak-20-9: MainActivity.copyLocation
leak-19-9: MainActivity.copyLocation
leak-18-9: MainActivity.copyLocation
leak-17-9: MainActivity.copyLocation
leak-16-9: MainActivity.copyLocation
leak-15-9: MainActivity.copyLocation
leak-14-9: MainActivity.copyLocation
leak-13-9: MainActivity.copyLocation
leak-11-9: MainActivity.copyLocation
leak-9-9: MainActivity.copyLocation
leak-8-9: MainActivity.copyLocation
leak-7-9: MainActivity.copyLocation
leak-6-9: MainActivity.copyLocation
leak-5-9: MainActivity.copyLocation
leak-4-9: MainActivity.copyLocation
leak-23-10: MainActivity.viewLocation
leak-22-10: MainActivity.viewLocation
leak-21-10: MainActivity.viewLocation
leak-20-10: MainActivity.viewLocation
leak-19-10: MainActivity.viewLocation
leak-18-10: MainActivity.viewLocation
leak-17-10: MainActivity.viewLocation
leak-16-10: MainActivity.viewLocation
leak-15-10: MainActivity.viewLocation
leak-14-10: MainActivity.viewLocation
leak-13-10: MainActivity.viewLocation
leak-11-10: MainActivity.viewLocation
leak-9-10: MainActivity.viewLocation
leak-8-10: MainActivity.viewLocation
leak-7-10: MainActivity.viewLocation
leak-6-10: MainActivity.viewLocation
leak-5-10: MainActivity.viewLocation
leak-4-10: MainActivity.viewLocation
leak-23-11: MainActivity.openLocationSettings
leak-22-11: MainActivity.openLocationSettings
leak-21-11: MainActivity.openLocationSettings
leak-20-11: MainActivity.openLocationSettings
leak-19-11: MainActivity.openLocationSettings
leak-18-11: MainActivity.openLocationSettings
leak-17-11: MainActivity.openLocationSettings
leak-16-11: MainActivity.openLocationSettings
leak-15-11: MainActivity.openLocationSettings
leak-14-11: MainActivity.openLocationSettings
leak-13-11: MainActivity.openLocationSettings
leak-11-11: MainActivity.openLocationSettings
leak-9-11: MainActivity.openLocationSettings
leak-8-11: MainActivity.openLocationSettings
leak-7-11: MainActivity.openLocationSettings
leak-6-11: MainActivity.openLocationSettings
leak-5-11: MainActivity.openLocationSettings
leak-4-11: MainActivity.openLocationSettings
leak-23-12: MainActivity.startRequestingLocation
leak-22-12: MainActivity.startRequestingLocation
leak-21-12: MainActivity.startRequestingLocation
leak-20-12: MainActivity.startRequestingLocation
leak-19-12: MainActivity.startRequestingLocation
leak-18-12: MainActivity.startRequestingLocation
leak-17-12: MainActivity.startRequestingLocation
leak-16-12: MainActivity.startRequestingLocation
leak-15-12: MainActivity.startRequestingLocation
leak-14-12: MainActivity.startRequestingLocation
leak-13-12: MainActivity.startRequestingLocation
leak-11-12: MainActivity.startRequestingLocation
leak-9-12: MainActivity.startRequestingLocation
leak-8-12: MainActivity.startRequestingLocation
leak-7-12: MainActivity.startRequestingLocation
leak-6-12: MainActivity.startRequestingLocation
leak-5-12: MainActivity.startRequestingLocation
leak-4-12: MainActivity.startRequestingLocation
leak-23-13: MainActivity.validLocation
leak-22-13: MainActivity.validLocation
leak-21-13: MainActivity.validLocation
leak-20-13: MainActivity.validLocation
leak-19-13: MainActivity.validLocation
leak-18-13: MainActivity.validLocation
leak-17-13: MainActivity.validLocation
leak-16-13: MainActivity.validLocation
leak-15-13: MainActivity.validLocation
leak-14-13: MainActivity.validLocation
leak-13-13: MainActivity.validLocation
leak-11-13: MainActivity.validLocation
leak-9-13: MainActivity.validLocation
leak-8-13: MainActivity.validLocation
leak-7-13: MainActivity.validLocation
leak-6-13: MainActivity.validLocation
leak-5-13: MainActivity.validLocation
leak-4-13: MainActivity.validLocation
leak-23-14: MainActivity.getAccuracy
leak-22-14: MainActivity.getAccuracy
leak-21-14: MainActivity.getAccuracy
leak-20-14: MainActivity.getAccuracy
leak-19-14: MainActivity.getAccuracy
leak-18-14: MainActivity.getAccuracy
leak-17-14: MainActivity.getAccuracy
leak-16-14: MainActivity.getAccuracy
leak-15-14: MainActivity.getAccuracy
leak-14-14: MainActivity.getAccuracy
leak-13-14: MainActivity.getAccuracy
leak-11-14: MainActivity.getAccuracy
leak-9-14: MainActivity.getAccuracy
leak-8-14: MainActivity.getAccuracy
leak-7-14: MainActivity.getAccuracy
leak-6-14: MainActivity.getAccuracy
leak-5-14: MainActivity.getAccuracy
leak-4-14: MainActivity.getAccuracy
leak-23-15: MainActivity.getLatitude
leak-22-15: MainActivity.getLatitude
leak-21-15: MainActivity.getLatitude
leak-20-15: MainActivity.getLatitude
leak-19-15: MainActivity.getLatitude
leak-18-15: MainActivity.getLatitude
leak-17-15: MainActivity.getLatitude
leak-16-15: MainActivity.getLatitude
leak-15-15: MainActivity.getLatitude
leak-14-15: MainActivity.getLatitude
leak-13-15: MainActivity.getLatitude
leak-11-15: MainActivity.getLatitude
leak-9-15: MainActivity.getLatitude
leak-8-15: MainActivity.getLatitude
leak-7-15: MainActivity.getLatitude
leak-6-15: MainActivity.getLatitude
leak-5-15: MainActivity.getLatitude
leak-4-15: MainActivity.getLatitude
leak-23-16: MainActivity.getLongitude
leak-22-16: MainActivity.getLongitude
leak-21-16: MainActivity.getLongitude
leak-20-16: MainActivity.getLongitude
leak-19-16: MainActivity.getLongitude
leak-18-16: MainActivity.getLongitude
leak-17-16: MainActivity.getLongitude
leak-16-16: MainActivity.getLongitude
leak-15-16: MainActivity.getLongitude
leak-14-16: MainActivity.getLongitude
leak-13-16: MainActivity.getLongitude
leak-11-16: MainActivity.getLongitude
leak-9-16: MainActivity.getLongitude
leak-8-16: MainActivity.getLongitude
leak-7-16: MainActivity.getLongitude
leak-6-16: MainActivity.getLongitude
leak-5-16: MainActivity.getLongitude
leak-4-16: MainActivity.getLongitude
leak-23-17: MainActivity.formatLocation
leak-22-17: MainActivity.formatLocation
leak-21-17: MainActivity.formatLocation
leak-20-17: MainActivity.formatLocation
leak-19-17: MainActivity.formatLocation
leak-18-17: MainActivity.formatLocation
leak-17-17: MainActivity.formatLocation
leak-16-17: MainActivity.formatLocation
leak-15-17: MainActivity.formatLocation
leak-14-17: MainActivity.formatLocation
leak-13-17: MainActivity.formatLocation
leak-11-17: MainActivity.formatLocation
leak-9-17: MainActivity.formatLocation
leak-8-17: MainActivity.formatLocation
leak-7-17: MainActivity.formatLocation
leak-6-17: MainActivity.formatLocation
leak-5-17: MainActivity.formatLocation
leak-4-17: MainActivity.formatLocation
