/home/amit/muse/output/privacyqr/schemas/SINK/privacyqr
In file: MainActivity.java
Input operator: SINK
leak-21-0: MainActivity.onCreate
leak-20-0: MainActivity.onCreate
leak-19-0: MainActivity.onCreate
leak-17-0: MainActivity.onCreate
leak-16-0: MainActivity.onCreate
leak-15-0: MainActivity.onCreate
leak-14-0: MainActivity.onCreate
leak-13-0: MainActivity.onCreate
leak-12-0: MainActivity.onCreate
leak-11-0: MainActivity.onCreate
leak-10-0: MainActivity.onCreate
leak-9-0: MainActivity.onCreate
leak-1-0: MainActivity.onCreate
leak-0-0: MainActivity.onCreate
leak-21-1: MainActivity.onOptionsItemSelected
leak-20-1: MainActivity.onOptionsItemSelected
leak-19-1: MainActivity.onOptionsItemSelected
leak-17-1: MainActivity.onOptionsItemSelected
leak-16-1: MainActivity.onOptionsItemSelected
leak-15-1: MainActivity.onOptionsItemSelected
leak-14-1: MainActivity.onOptionsItemSelected
leak-13-1: MainActivity.onOptionsItemSelected
leak-12-1: MainActivity.onOptionsItemSelected
leak-11-1: MainActivity.onOptionsItemSelected
leak-10-1: MainActivity.onOptionsItemSelected
leak-9-1: MainActivity.onOptionsItemSelected
leak-1-1: MainActivity.onOptionsItemSelected
leak-0-1: MainActivity.onOptionsItemSelected
leak-2-0: 1.onCancel
leak-23-0: 1.onCancel
leak-3-0: 1.onClick
leak-24-0: 1.onClick
leak-4-0: 1.onClick
leak-25-0: 1.onClick
leak-6-0: WelcomeDialog.onAttach
leak-5-0: WelcomeDialog.onAttach
leak-6-1: WelcomeDialog.onCreateDialog
leak-5-1: WelcomeDialog.onCreateDialog
leak-7-0: 1.onClick
leak-26-0: 1.onClick
leak-8-0: 1.onClick
leak-27-0: 1.onClick
leak-21-2: MainActivity.switchToFragment
leak-20-2: MainActivity.switchToFragment
leak-19-2: MainActivity.switchToFragment
leak-17-2: MainActivity.switchToFragment
leak-16-2: MainActivity.switchToFragment
leak-15-2: MainActivity.switchToFragment
leak-14-2: MainActivity.switchToFragment
leak-13-2: MainActivity.switchToFragment
leak-12-2: MainActivity.switchToFragment
leak-11-2: MainActivity.switchToFragment
leak-10-2: MainActivity.switchToFragment
leak-9-2: MainActivity.switchToFragment
leak-1-2: MainActivity.switchToFragment
leak-0-2: MainActivity.switchToFragment
leak-21-3: MainActivity.onResume
leak-20-3: MainActivity.onResume
leak-19-3: MainActivity.onResume
leak-17-3: MainActivity.onResume
leak-16-3: MainActivity.onResume
leak-15-3: MainActivity.onResume
leak-14-3: MainActivity.onResume
leak-13-3: MainActivity.onResume
leak-12-3: MainActivity.onResume
leak-11-3: MainActivity.onResume
leak-10-3: MainActivity.onResume
leak-9-3: MainActivity.onResume
leak-1-3: MainActivity.onResume
leak-0-3: MainActivity.onResume
leak-21-4: MainActivity.onBackPressed
leak-20-4: MainActivity.onBackPressed
leak-19-4: MainActivity.onBackPressed
leak-17-4: MainActivity.onBackPressed
leak-16-4: MainActivity.onBackPressed
leak-15-4: MainActivity.onBackPressed
leak-14-4: MainActivity.onBackPressed
leak-13-4: MainActivity.onBackPressed
leak-12-4: MainActivity.onBackPressed
leak-11-4: MainActivity.onBackPressed
leak-10-4: MainActivity.onBackPressed
leak-9-4: MainActivity.onBackPressed
leak-1-4: MainActivity.onBackPressed
leak-0-4: MainActivity.onBackPressed
leak-21-5: MainActivity.goBack
leak-20-5: MainActivity.goBack
leak-19-5: MainActivity.goBack
leak-17-5: MainActivity.goBack
leak-16-5: MainActivity.goBack
leak-15-5: MainActivity.goBack
leak-14-5: MainActivity.goBack
leak-13-5: MainActivity.goBack
leak-12-5: MainActivity.goBack
leak-11-5: MainActivity.goBack
leak-10-5: MainActivity.goBack
leak-9-5: MainActivity.goBack
leak-1-5: MainActivity.goBack
leak-0-5: MainActivity.goBack
leak-21-6: MainActivity.onPostCreate
leak-20-6: MainActivity.onPostCreate
leak-19-6: MainActivity.onPostCreate
leak-17-6: MainActivity.onPostCreate
leak-16-6: MainActivity.onPostCreate
leak-15-6: MainActivity.onPostCreate
leak-14-6: MainActivity.onPostCreate
leak-13-6: MainActivity.onPostCreate
leak-12-6: MainActivity.onPostCreate
leak-11-6: MainActivity.onPostCreate
leak-10-6: MainActivity.onPostCreate
leak-9-6: MainActivity.onPostCreate
leak-1-6: MainActivity.onPostCreate
leak-0-6: MainActivity.onPostCreate
leak-21-7: MainActivity.selectNavigationItem
leak-20-7: MainActivity.selectNavigationItem
leak-19-7: MainActivity.selectNavigationItem
leak-17-7: MainActivity.selectNavigationItem
leak-16-7: MainActivity.selectNavigationItem
leak-15-7: MainActivity.selectNavigationItem
leak-14-7: MainActivity.selectNavigationItem
leak-13-7: MainActivity.selectNavigationItem
leak-12-7: MainActivity.selectNavigationItem
leak-11-7: MainActivity.selectNavigationItem
leak-10-7: MainActivity.selectNavigationItem
leak-9-7: MainActivity.selectNavigationItem
leak-1-7: MainActivity.selectNavigationItem
leak-0-7: MainActivity.selectNavigationItem
leak-21-8: MainActivity.getNavigationDrawerID
leak-20-8: MainActivity.getNavigationDrawerID
leak-19-8: MainActivity.getNavigationDrawerID
leak-17-8: MainActivity.getNavigationDrawerID
leak-16-8: MainActivity.getNavigationDrawerID
leak-15-8: MainActivity.getNavigationDrawerID
leak-14-8: MainActivity.getNavigationDrawerID
leak-13-8: MainActivity.getNavigationDrawerID
leak-12-8: MainActivity.getNavigationDrawerID
leak-11-8: MainActivity.getNavigationDrawerID
leak-10-8: MainActivity.getNavigationDrawerID
leak-9-8: MainActivity.getNavigationDrawerID
leak-1-8: MainActivity.getNavigationDrawerID
leak-0-8: MainActivity.getNavigationDrawerID
leak-21-9: MainActivity.onNavigationItemSelected
leak-20-9: MainActivity.onNavigationItemSelected
leak-19-9: MainActivity.onNavigationItemSelected
leak-17-9: MainActivity.onNavigationItemSelected
leak-16-9: MainActivity.onNavigationItemSelected
leak-15-9: MainActivity.onNavigationItemSelected
leak-14-9: MainActivity.onNavigationItemSelected
leak-13-9: MainActivity.onNavigationItemSelected
leak-12-9: MainActivity.onNavigationItemSelected
leak-11-9: MainActivity.onNavigationItemSelected
leak-10-9: MainActivity.onNavigationItemSelected
leak-9-9: MainActivity.onNavigationItemSelected
leak-1-9: MainActivity.onNavigationItemSelected
leak-0-9: MainActivity.onNavigationItemSelected
leak-21-10: MainActivity.goToNavigationItem
leak-20-10: MainActivity.goToNavigationItem
leak-19-10: MainActivity.goToNavigationItem
leak-17-10: MainActivity.goToNavigationItem
leak-16-10: MainActivity.goToNavigationItem
leak-15-10: MainActivity.goToNavigationItem
leak-14-10: MainActivity.goToNavigationItem
leak-13-10: MainActivity.goToNavigationItem
leak-12-10: MainActivity.goToNavigationItem
leak-11-10: MainActivity.goToNavigationItem
leak-10-10: MainActivity.goToNavigationItem
leak-9-10: MainActivity.goToNavigationItem
leak-1-10: MainActivity.goToNavigationItem
leak-0-10: MainActivity.goToNavigationItem
leak-18-0: 1.run
leak-28-0: 1.run
leak-21-11: MainActivity.callDrawerItem
leak-20-11: MainActivity.callDrawerItem
leak-19-11: MainActivity.callDrawerItem
leak-17-11: MainActivity.callDrawerItem
leak-16-11: MainActivity.callDrawerItem
leak-15-11: MainActivity.callDrawerItem
leak-14-11: MainActivity.callDrawerItem
leak-13-11: MainActivity.callDrawerItem
leak-12-11: MainActivity.callDrawerItem
leak-11-11: MainActivity.callDrawerItem
leak-10-11: MainActivity.callDrawerItem
leak-9-11: MainActivity.callDrawerItem
leak-1-11: MainActivity.callDrawerItem
leak-0-11: MainActivity.callDrawerItem
leak-21-12: MainActivity.onConfigurationChanged
leak-20-12: MainActivity.onConfigurationChanged
leak-19-12: MainActivity.onConfigurationChanged
leak-17-12: MainActivity.onConfigurationChanged
leak-16-12: MainActivity.onConfigurationChanged
leak-15-12: MainActivity.onConfigurationChanged
leak-14-12: MainActivity.onConfigurationChanged
leak-13-12: MainActivity.onConfigurationChanged
leak-12-12: MainActivity.onConfigurationChanged
leak-11-12: MainActivity.onConfigurationChanged
leak-10-12: MainActivity.onConfigurationChanged
leak-9-12: MainActivity.onConfigurationChanged
leak-1-12: MainActivity.onConfigurationChanged
leak-0-12: MainActivity.onConfigurationChanged
leak-21-13: MainActivity.selectItem
leak-20-13: MainActivity.selectItem
leak-19-13: MainActivity.selectItem
leak-17-13: MainActivity.selectItem
leak-16-13: MainActivity.selectItem
leak-15-13: MainActivity.selectItem
leak-14-13: MainActivity.selectItem
leak-13-13: MainActivity.selectItem
leak-12-13: MainActivity.selectItem
leak-11-13: MainActivity.selectItem
leak-10-13: MainActivity.selectItem
leak-9-13: MainActivity.selectItem
leak-1-13: MainActivity.selectItem
leak-0-13: MainActivity.selectItem
In file: MyCaptureActivity.java
Input operator: SINK
leak-28-0: MyCaptureActivity.onCreate
In file: SplashActivity.java
Input operator: SINK
leak-29-0: SplashActivity.onCreate
In file: MyCaptureFragment.java
Input operator: SINK
leak-42-0: MyCaptureFragment.onCreateView
leak-41-0: MyCaptureFragment.onCreateView
leak-38-0: MyCaptureFragment.onCreateView
leak-37-0: MyCaptureFragment.onCreateView
leak-36-0: MyCaptureFragment.onCreateView
leak-35-0: MyCaptureFragment.onCreateView
leak-34-0: MyCaptureFragment.onCreateView
leak-33-0: MyCaptureFragment.onCreateView
leak-30-0: MyCaptureFragment.onCreateView
leak-32-0: 1.onTorchOn
leak-31-0: 1.onTorchOn
leak-44-0: 1.onTorchOn
leak-32-1: 1.onTorchOff
leak-31-1: 1.onTorchOff
leak-45-0: 1.onTorchOff
leak-42-1: MyCaptureFragment.onCreate
leak-41-1: MyCaptureFragment.onCreate
leak-38-1: MyCaptureFragment.onCreate
leak-37-1: MyCaptureFragment.onCreate
leak-36-1: MyCaptureFragment.onCreate
leak-35-1: MyCaptureFragment.onCreate
leak-34-1: MyCaptureFragment.onCreate
leak-33-1: MyCaptureFragment.onCreate
leak-30-1: MyCaptureFragment.onCreate
leak-42-2: MyCaptureFragment.onCreateOptionsMenu
leak-41-2: MyCaptureFragment.onCreateOptionsMenu
leak-38-2: MyCaptureFragment.onCreateOptionsMenu
leak-37-2: MyCaptureFragment.onCreateOptionsMenu
leak-36-2: MyCaptureFragment.onCreateOptionsMenu
leak-35-2: MyCaptureFragment.onCreateOptionsMenu
leak-34-2: MyCaptureFragment.onCreateOptionsMenu
leak-33-2: MyCaptureFragment.onCreateOptionsMenu
leak-30-2: MyCaptureFragment.onCreateOptionsMenu
leak-42-3: MyCaptureFragment.onOptionsItemSelected
leak-41-3: MyCaptureFragment.onOptionsItemSelected
leak-38-3: MyCaptureFragment.onOptionsItemSelected
leak-37-3: MyCaptureFragment.onOptionsItemSelected
leak-36-3: MyCaptureFragment.onOptionsItemSelected
leak-35-3: MyCaptureFragment.onOptionsItemSelected
leak-34-3: MyCaptureFragment.onOptionsItemSelected
leak-33-3: MyCaptureFragment.onOptionsItemSelected
leak-30-3: MyCaptureFragment.onOptionsItemSelected
leak-42-4: MyCaptureFragment.toggleLight
leak-41-4: MyCaptureFragment.toggleLight
leak-38-4: MyCaptureFragment.toggleLight
leak-37-4: MyCaptureFragment.toggleLight
leak-36-4: MyCaptureFragment.toggleLight
leak-35-4: MyCaptureFragment.toggleLight
leak-34-4: MyCaptureFragment.toggleLight
leak-33-4: MyCaptureFragment.toggleLight
leak-30-4: MyCaptureFragment.toggleLight
leak-42-5: MyCaptureFragment.onResume
leak-41-5: MyCaptureFragment.onResume
leak-38-5: MyCaptureFragment.onResume
leak-37-5: MyCaptureFragment.onResume
leak-36-5: MyCaptureFragment.onResume
leak-35-5: MyCaptureFragment.onResume
leak-34-5: MyCaptureFragment.onResume
leak-33-5: MyCaptureFragment.onResume
leak-30-5: MyCaptureFragment.onResume
leak-42-6: MyCaptureFragment.onPause
leak-41-6: MyCaptureFragment.onPause
leak-38-6: MyCaptureFragment.onPause
leak-37-6: MyCaptureFragment.onPause
leak-36-6: MyCaptureFragment.onPause
leak-35-6: MyCaptureFragment.onPause
leak-34-6: MyCaptureFragment.onPause
leak-33-6: MyCaptureFragment.onPause
leak-30-6: MyCaptureFragment.onPause
leak-40-0: 1.barcodeResult
leak-39-0: 1.barcodeResult
leak-46-0: 1.barcodeResult
leak-40-1: 1.possibleResultPoints
leak-39-1: 1.possibleResultPoints
leak-47-0: 1.possibleResultPoints
leak-42-7: MyCaptureFragment.hasFlash
leak-41-7: MyCaptureFragment.hasFlash
leak-38-7: MyCaptureFragment.hasFlash
leak-37-7: MyCaptureFragment.hasFlash
leak-36-7: MyCaptureFragment.hasFlash
leak-35-7: MyCaptureFragment.hasFlash
leak-34-7: MyCaptureFragment.hasFlash
leak-33-7: MyCaptureFragment.hasFlash
leak-30-7: MyCaptureFragment.hasFlash
leak-42-8: MyCaptureFragment.onAttach
leak-41-8: MyCaptureFragment.onAttach
leak-38-8: MyCaptureFragment.onAttach
leak-37-8: MyCaptureFragment.onAttach
leak-36-8: MyCaptureFragment.onAttach
leak-35-8: MyCaptureFragment.onAttach
leak-34-8: MyCaptureFragment.onAttach
leak-33-8: MyCaptureFragment.onAttach
leak-30-8: MyCaptureFragment.onAttach
In file: SettingsFragment.java
Input operator: SINK
leak-49-0: SettingsFragment.SettingsFragment
leak-48-0: SettingsFragment.SettingsFragment
leak-47-0: SettingsFragment.SettingsFragment
leak-49-1: SettingsFragment.onActivityCreated
leak-48-1: SettingsFragment.onActivityCreated
leak-47-1: SettingsFragment.onActivityCreated
leak-49-2: SettingsFragment.onCreate
leak-48-2: SettingsFragment.onCreate
leak-47-2: SettingsFragment.onCreate
In file: AboutFragment.java
Input operator: SINK
leak-51-0: AboutFragment.onCreateView
leak-50-0: AboutFragment.onCreateView
leak-51-1: AboutFragment.onAttach
leak-50-1: AboutFragment.onAttach
In file: HistoryFragment.java
Input operator: SINK
leak-67-0: HistoryFragment.HistoryFragment
leak-66-0: HistoryFragment.HistoryFragment
leak-65-0: HistoryFragment.HistoryFragment
leak-64-0: HistoryFragment.HistoryFragment
leak-63-0: HistoryFragment.HistoryFragment
leak-62-0: HistoryFragment.HistoryFragment
leak-61-0: HistoryFragment.HistoryFragment
leak-60-0: HistoryFragment.HistoryFragment
leak-58-0: HistoryFragment.HistoryFragment
leak-56-0: HistoryFragment.HistoryFragment
leak-54-0: HistoryFragment.HistoryFragment
leak-52-0: HistoryFragment.HistoryFragment
leak-59-0: HistoryViewElement.HistoryViewElement
leak-57-0: HistoryViewElement.HistoryViewElement
leak-55-0: HistoryViewElement.HistoryViewElement
leak-53-0: HistoryViewElement.HistoryViewElement
leak-67-1: HistoryViewElement.HistoryViewElement
leak-66-1: HistoryViewElement.HistoryViewElement
leak-65-1: HistoryViewElement.HistoryViewElement
leak-64-1: HistoryViewElement.HistoryViewElement
leak-63-1: HistoryViewElement.HistoryViewElement
leak-62-1: HistoryViewElement.HistoryViewElement
leak-61-1: HistoryViewElement.HistoryViewElement
leak-60-1: HistoryViewElement.HistoryViewElement
leak-58-1: HistoryViewElement.HistoryViewElement
leak-56-1: HistoryViewElement.HistoryViewElement
leak-54-1: HistoryViewElement.HistoryViewElement
leak-52-1: HistoryViewElement.HistoryViewElement
leak-59-1: HistoryViewElement.setArgs
leak-57-1: HistoryViewElement.setArgs
leak-55-1: HistoryViewElement.setArgs
leak-53-1: HistoryViewElement.setArgs
leak-67-2: HistoryViewElement.setArgs
leak-66-2: HistoryViewElement.setArgs
leak-65-2: HistoryViewElement.setArgs
leak-64-2: HistoryViewElement.setArgs
leak-63-2: HistoryViewElement.setArgs
leak-62-2: HistoryViewElement.setArgs
leak-61-2: HistoryViewElement.setArgs
leak-60-2: HistoryViewElement.setArgs
leak-58-2: HistoryViewElement.setArgs
leak-56-2: HistoryViewElement.setArgs
leak-54-2: HistoryViewElement.setArgs
leak-52-2: HistoryViewElement.setArgs
leak-59-2: HistoryViewElement.setView
leak-57-2: HistoryViewElement.setView
leak-55-2: HistoryViewElement.setView
leak-53-2: HistoryViewElement.setView
leak-67-3: HistoryViewElement.setView
leak-66-3: HistoryViewElement.setView
leak-65-3: HistoryViewElement.setView
leak-64-3: HistoryViewElement.setView
leak-63-3: HistoryViewElement.setView
leak-62-3: HistoryViewElement.setView
leak-61-3: HistoryViewElement.setView
leak-60-3: HistoryViewElement.setView
leak-58-3: HistoryViewElement.setView
leak-56-3: HistoryViewElement.setView
leak-54-3: HistoryViewElement.setView
leak-52-3: HistoryViewElement.setView
leak-59-3: HistoryViewElement.setId
leak-57-3: HistoryViewElement.setId
leak-55-3: HistoryViewElement.setId
leak-53-3: HistoryViewElement.setId
leak-67-4: HistoryViewElement.setId
leak-66-4: HistoryViewElement.setId
leak-65-4: HistoryViewElement.setId
leak-64-4: HistoryViewElement.setId
leak-63-4: HistoryViewElement.setId
leak-62-4: HistoryViewElement.setId
leak-61-4: HistoryViewElement.setId
leak-60-4: HistoryViewElement.setId
leak-58-4: HistoryViewElement.setId
leak-56-4: HistoryViewElement.setId
leak-54-4: HistoryViewElement.setId
leak-52-4: HistoryViewElement.setId
leak-67-5: HistoryFragment.onCreateView
leak-66-5: HistoryFragment.onCreateView
leak-65-5: HistoryFragment.onCreateView
leak-64-5: HistoryFragment.onCreateView
leak-63-5: HistoryFragment.onCreateView
leak-62-5: HistoryFragment.onCreateView
leak-61-5: HistoryFragment.onCreateView
leak-60-5: HistoryFragment.onCreateView
leak-58-5: HistoryFragment.onCreateView
leak-56-5: HistoryFragment.onCreateView
leak-54-5: HistoryFragment.onCreateView
leak-52-5: HistoryFragment.onCreateView
leak-67-6: HistoryFragment.onCreate
leak-66-6: HistoryFragment.onCreate
leak-65-6: HistoryFragment.onCreate
leak-64-6: HistoryFragment.onCreate
leak-63-6: HistoryFragment.onCreate
leak-62-6: HistoryFragment.onCreate
leak-61-6: HistoryFragment.onCreate
leak-60-6: HistoryFragment.onCreate
leak-58-6: HistoryFragment.onCreate
leak-56-6: HistoryFragment.onCreate
leak-54-6: HistoryFragment.onCreate
leak-52-6: HistoryFragment.onCreate
leak-67-7: HistoryFragment.onCreateOptionsMenu
leak-66-7: HistoryFragment.onCreateOptionsMenu
leak-65-7: HistoryFragment.onCreateOptionsMenu
leak-64-7: HistoryFragment.onCreateOptionsMenu
leak-63-7: HistoryFragment.onCreateOptionsMenu
leak-62-7: HistoryFragment.onCreateOptionsMenu
leak-61-7: HistoryFragment.onCreateOptionsMenu
leak-60-7: HistoryFragment.onCreateOptionsMenu
leak-58-7: HistoryFragment.onCreateOptionsMenu
leak-56-7: HistoryFragment.onCreateOptionsMenu
leak-54-7: HistoryFragment.onCreateOptionsMenu
leak-52-7: HistoryFragment.onCreateOptionsMenu
leak-67-8: HistoryFragment.createViews
leak-66-8: HistoryFragment.createViews
leak-65-8: HistoryFragment.createViews
leak-64-8: HistoryFragment.createViews
leak-63-8: HistoryFragment.createViews
leak-62-8: HistoryFragment.createViews
leak-61-8: HistoryFragment.createViews
leak-60-8: HistoryFragment.createViews
leak-58-8: HistoryFragment.createViews
leak-56-8: HistoryFragment.createViews
leak-54-8: HistoryFragment.createViews
leak-52-8: HistoryFragment.createViews
leak-67-9: HistoryFragment.refresh
leak-66-9: HistoryFragment.refresh
leak-65-9: HistoryFragment.refresh
leak-64-9: HistoryFragment.refresh
leak-63-9: HistoryFragment.refresh
leak-62-9: HistoryFragment.refresh
leak-61-9: HistoryFragment.refresh
leak-60-9: HistoryFragment.refresh
leak-58-9: HistoryFragment.refresh
leak-56-9: HistoryFragment.refresh
leak-54-9: HistoryFragment.refresh
leak-52-9: HistoryFragment.refresh
leak-67-10: HistoryFragment.remove
leak-66-10: HistoryFragment.remove
leak-65-10: HistoryFragment.remove
leak-64-10: HistoryFragment.remove
leak-63-10: HistoryFragment.remove
leak-62-10: HistoryFragment.remove
leak-61-10: HistoryFragment.remove
leak-60-10: HistoryFragment.remove
leak-58-10: HistoryFragment.remove
leak-56-10: HistoryFragment.remove
leak-54-10: HistoryFragment.remove
leak-52-10: HistoryFragment.remove
leak-67-11: HistoryFragment.loadPreviousScanned
leak-66-11: HistoryFragment.loadPreviousScanned
leak-65-11: HistoryFragment.loadPreviousScanned
leak-64-11: HistoryFragment.loadPreviousScanned
leak-63-11: HistoryFragment.loadPreviousScanned
leak-62-11: HistoryFragment.loadPreviousScanned
leak-61-11: HistoryFragment.loadPreviousScanned
leak-60-11: HistoryFragment.loadPreviousScanned
leak-58-11: HistoryFragment.loadPreviousScanned
leak-56-11: HistoryFragment.loadPreviousScanned
leak-54-11: HistoryFragment.loadPreviousScanned
leak-52-11: HistoryFragment.loadPreviousScanned
leak-68-0: 1.onClick
leak-73-0: 1.onClick
leak-69-0: 1.onLongClick
leak-74-0: 1.onLongClick
leak-70-0: 1.onClick
leak-75-0: 1.onClick
leak-76-0: 1.onClick
leak-71-0: 1.onCancel
leak-77-0: 1.onCancel
leak-78-0: 1.onCancel
In file: IntroFragment.java
Input operator: SINK
leak-80-0: IntroFragment.IntroFragment
leak-79-0: IntroFragment.IntroFragment
leak-78-0: IntroFragment.IntroFragment
leak-80-1: IntroFragment.onActivityCreated
leak-79-1: IntroFragment.onActivityCreated
leak-78-1: IntroFragment.onActivityCreated
leak-80-2: IntroFragment.onCreateView
leak-79-2: IntroFragment.onCreateView
leak-78-2: IntroFragment.onCreateView
In file: HelpFragment.java
Input operator: SINK
leak-82-0: HelpFragment.HelpFragment
leak-81-0: HelpFragment.HelpFragment
leak-82-1: HelpFragment.onCreate
leak-81-1: HelpFragment.onCreate
In file: ScanFragment.java
Input operator: SINK
leak-89-0: ScanFragment.ScanFragment
leak-88-0: ScanFragment.ScanFragment
leak-87-0: ScanFragment.ScanFragment
leak-86-0: ScanFragment.ScanFragment
leak-85-0: ScanFragment.ScanFragment
leak-84-0: ScanFragment.ScanFragment
leak-83-0: ScanFragment.ScanFragment
leak-89-1: ScanFragment.onActivityCreated
leak-88-1: ScanFragment.onActivityCreated
leak-87-1: ScanFragment.onActivityCreated
leak-86-1: ScanFragment.onActivityCreated
leak-85-1: ScanFragment.onActivityCreated
leak-84-1: ScanFragment.onActivityCreated
leak-83-1: ScanFragment.onActivityCreated
leak-89-2: ScanFragment.onCreateView
leak-88-2: ScanFragment.onCreateView
leak-87-2: ScanFragment.onCreateView
leak-86-2: ScanFragment.onCreateView
leak-85-2: ScanFragment.onCreateView
leak-84-2: ScanFragment.onCreateView
leak-83-2: ScanFragment.onCreateView
leak-89-3: ScanFragment.scanFromFragment
leak-88-3: ScanFragment.scanFromFragment
leak-87-3: ScanFragment.scanFromFragment
leak-86-3: ScanFragment.scanFromFragment
leak-85-3: ScanFragment.scanFromFragment
leak-84-3: ScanFragment.scanFromFragment
leak-83-3: ScanFragment.scanFromFragment
leak-89-4: ScanFragment.displayToast
leak-88-4: ScanFragment.displayToast
leak-87-4: ScanFragment.displayToast
leak-86-4: ScanFragment.displayToast
leak-85-4: ScanFragment.displayToast
leak-84-4: ScanFragment.displayToast
leak-83-4: ScanFragment.displayToast
leak-89-5: ScanFragment.onActivityResult
leak-88-5: ScanFragment.onActivityResult
leak-87-5: ScanFragment.onActivityResult
leak-86-5: ScanFragment.onActivityResult
leak-85-5: ScanFragment.onActivityResult
leak-84-5: ScanFragment.onActivityResult
leak-83-5: ScanFragment.onActivityResult
leak-89-6: ScanFragment.onAttach
leak-88-6: ScanFragment.onAttach
leak-87-6: ScanFragment.onAttach
leak-86-6: ScanFragment.onAttach
leak-85-6: ScanFragment.onAttach
leak-84-6: ScanFragment.onAttach
leak-83-6: ScanFragment.onAttach
In file: History.java
Input operator: SINK
In file: FragmentGenerator.java
Input operator: SINK
In file: HistoryEntry.java
Input operator: SINK
leak-90-0: HistoryEntry.HistoryEntry
In file: ContactFragment.java
Input operator: SINK
leak-95-0: ContactFragment.ContactFragment
leak-92-0: ContactFragment.ContactFragment
leak-91-0: ContactFragment.ContactFragment
leak-95-1: ContactFragment.onCreateView
leak-92-1: ContactFragment.onCreateView
leak-91-1: ContactFragment.onCreateView
leak-93-0: 1.onClick
leak-97-0: 1.onClick
leak-94-0: 1.onClick
leak-98-0: 1.onClick
leak-99-0: 1.onClick
leak-95-2: ContactFragment.createVCard
leak-92-2: ContactFragment.createVCard
leak-91-2: ContactFragment.createVCard
In file: SendEmailFragment.java
Input operator: SINK
leak-100-0: SendEmailFragment.SendEmailFragment
leak-99-0: SendEmailFragment.SendEmailFragment
leak-100-1: SendEmailFragment.onCreateView
leak-99-1: SendEmailFragment.onCreateView
leak-101-0: 1.onClick
leak-104-0: 1.onClick
leak-102-0: 1.onClick
leak-105-0: 1.onClick
leak-106-0: 1.onClick
In file: EmailFragment.java
Input operator: SINK
leak-107-0: EmailFragment.EmailFragment
leak-106-0: EmailFragment.EmailFragment
leak-107-1: EmailFragment.onCreateView
leak-106-1: EmailFragment.onCreateView
leak-108-0: 1.onClick
leak-111-0: 1.onClick
leak-109-0: 1.onClick
leak-112-0: 1.onClick
leak-113-0: 1.onClick
In file: ProductFragment.java
Input operator: SINK
leak-114-0: ProductFragment.ProductFragment
leak-113-0: ProductFragment.ProductFragment
leak-114-1: ProductFragment.onCreateView
leak-113-1: ProductFragment.onCreateView
leak-115-0: 1.onClick
leak-118-0: 1.onClick
leak-116-0: 1.onClick
leak-119-0: 1.onClick
leak-120-0: 1.onClick
In file: SmsFragment.java
Input operator: SINK
leak-121-0: SmsFragment.SmsFragment
leak-120-0: SmsFragment.SmsFragment
leak-121-1: SmsFragment.onCreateView
leak-120-1: SmsFragment.onCreateView
leak-122-0: 1.onClick
leak-125-0: 1.onClick
leak-123-0: 1.onClick
leak-126-0: 1.onClick
leak-127-0: 1.onClick
In file: UrlFragment.java
Input operator: SINK
leak-128-0: UrlFragment.UrlFragment
leak-127-0: UrlFragment.UrlFragment
leak-128-1: UrlFragment.onCreateView
leak-127-1: UrlFragment.onCreateView
leak-129-0: 1.onClick
leak-133-0: 1.onClick
leak-130-0: 1.onClick
leak-134-0: 1.onClick
leak-131-0: 1.onClick
leak-135-0: 1.onClick
leak-136-0: 1.onClick
In file: TextFragment.java
Input operator: SINK
leak-137-0: TextFragment.TextFragment
leak-136-0: TextFragment.TextFragment
leak-137-1: TextFragment.onCreateView
leak-136-1: TextFragment.onCreateView
leak-138-0: 1.onClick
leak-141-0: 1.onClick
leak-139-0: 1.onClick
leak-142-0: 1.onClick
leak-143-0: 1.onClick
In file: WifiFragment.java
Input operator: SINK
leak-144-0: WifiFragment.WifiFragment
leak-143-0: WifiFragment.WifiFragment
leak-144-1: WifiFragment.onCreateView
leak-143-1: WifiFragment.onCreateView
leak-145-0: 1.onClick
leak-148-0: 1.onClick
leak-146-0: 1.onClick
leak-149-0: 1.onClick
leak-150-0: 1.onClick
In file: ResultFragment.java
Input operator: SINK
leak-155-0: ResultFragment.ResultFragment
leak-154-0: ResultFragment.ResultFragment
leak-152-0: ResultFragment.ResultFragment
leak-151-0: ResultFragment.ResultFragment
leak-150-0: ResultFragment.ResultFragment
leak-155-1: ResultFragment.createBitmap
leak-154-1: ResultFragment.createBitmap
leak-152-1: ResultFragment.createBitmap
leak-151-1: ResultFragment.createBitmap
leak-150-1: ResultFragment.createBitmap
leak-155-2: ResultFragment.setResult
leak-154-2: ResultFragment.setResult
leak-152-2: ResultFragment.setResult
leak-151-2: ResultFragment.setResult
leak-150-2: ResultFragment.setResult
leak-153-0: 1.onClick
leak-157-0: 1.onClick
leak-155-3: ResultFragment.saveScanned
leak-154-3: ResultFragment.saveScanned
leak-152-3: ResultFragment.saveScanned
leak-151-3: ResultFragment.saveScanned
leak-150-3: ResultFragment.saveScanned
leak-155-4: ResultFragment.displayToast
leak-154-4: ResultFragment.displayToast
leak-152-4: ResultFragment.displayToast
leak-151-4: ResultFragment.displayToast
leak-150-4: ResultFragment.displayToast
In file: TelFragment.java
Input operator: SINK
leak-158-0: TelFragment.TelFragment
leak-157-0: TelFragment.TelFragment
leak-158-1: TelFragment.onCreateView
leak-157-1: TelFragment.onCreateView
leak-159-0: 1.onClick
leak-162-0: 1.onClick
leak-160-0: 1.onClick
leak-163-0: 1.onClick
leak-164-0: 1.onClick
