2019-47-26 20:47:12.073 [main] INFO  com.horndroid.Main - Starting fsHornDroid...
2019-47-26 20:47:12.080 [main] INFO  com.horndroid.Main - Flow Sensitive Analysis on 64 bitvectors size
2019-47-26 20:47:12.081 [main] INFO  com.horndroid.Main - Provided apktool.jar path is not correct, falling back to default
2019-47-26 20:47:12.093 [main] DEBUG com.horndroid.executors.HorndroidExecutor - Parsing sources and sinks...
2019-47-26 20:47:12.659 [main] DEBUG com.horndroid.executors.HorndroidExecutor - done in 566 milliseconds
2019-47-26 20:47:12.660 [main] DEBUG com.horndroid.executors.HorndroidExecutor - Collecting apk files to process...
2019-47-26 20:47:12.661 [main] DEBUG com.horndroid.executors.HorndroidExecutor - done in 0 milliseconds
2019-47-26 20:47:12.734 [main] INFO  com.horndroid.executors.HorndroidExecutor - Analysing BroadcastReceiver.apk
2019-47-26 20:47:12.796 [main] DEBUG com.horndroid.executors.HorndroidExecutor - Parsing entry points...
2019-47-26 20:47:12.803 [main] DEBUG com.horndroid.executors.HorndroidExecutor - done in 6 milliseconds
2019-47-26 20:47:12.803 [main] DEBUG com.horndroid.executors.HorndroidExecutor - Parsing callbacks and disabled activities...
2019-47-26 20:47:12.803 [main] INFO  com.horndroid.util.SourceSinkParser - Running apktool to obtain manifest xml and layout files
2019-47-26 20:47:17.409 [main] INFO  com.horndroid.util.SourceSinkParser - Exit Code:0
2019-47-26 20:47:17.409 [main] INFO  com.horndroid.util.SourceSinkParser - STDOUT:I: Using Apktool 2.3.0 on BroadcastReceiver.apk
2019-47-26 20:47:17.409 [main] INFO  com.horndroid.util.SourceSinkParser - STDOUT:I: Loading resource table...
2019-47-26 20:47:17.410 [main] INFO  com.horndroid.util.SourceSinkParser - STDOUT:I: Decoding AndroidManifest.xml with resources...
2019-47-26 20:47:17.410 [main] INFO  com.horndroid.util.SourceSinkParser - STDOUT:I: Loading resource table from file: /home/f85/kkafle/.local/share/apktool/framework/1.apk
2019-47-26 20:47:17.410 [main] INFO  com.horndroid.util.SourceSinkParser - STDOUT:I: Regular manifest package...
2019-47-26 20:47:17.410 [main] INFO  com.horndroid.util.SourceSinkParser - STDOUT:I: Decoding file-resources...
2019-47-26 20:47:17.410 [main] INFO  com.horndroid.util.SourceSinkParser - STDOUT:I: Decoding values */* XMLs...
2019-47-26 20:47:17.410 [main] INFO  com.horndroid.util.SourceSinkParser - STDOUT:I: Copying raw classes.dex file...
2019-47-26 20:47:17.410 [main] INFO  com.horndroid.util.SourceSinkParser - STDOUT:I: Copying assets and libs...
2019-47-26 20:47:17.410 [main] INFO  com.horndroid.util.SourceSinkParser - STDOUT:I: Copying unknown files...
2019-47-26 20:47:17.410 [main] INFO  com.horndroid.util.SourceSinkParser - STDOUT:I: Copying original files...
2019-47-26 20:47:17.943 [main] DEBUG com.horndroid.executors.HorndroidExecutor - ...done in 5139 milliseconds
2019-47-26 20:47:17.943 [main] DEBUG com.horndroid.executors.HorndroidExecutor - Sorting classes...
2019-47-26 20:47:17.977 [main] DEBUG com.horndroid.executors.HorndroidExecutor - done in 33 milliseconds
2019-47-26 20:47:17.978 [main] DEBUG com.horndroid.executors.HorndroidExecutor - Collecting data for Horn Clause generation...
2019-47-26 20:47:18.554 [main] DEBUG com.horndroid.executors.HorndroidExecutor - done in 576 milliseconds
2019-47-26 20:47:18.554 [main] DEBUG com.horndroid.executors.HorndroidExecutor - Generating Horn Clauses..
2019-47-26 20:47:18.554 [main] INFO  com.horndroid.analysis.Analysis - Ready to start generating Horn Clauses:
2019-47-26 20:47:18.569 [main] INFO  com.horndroid.analysis.Analysis - Number of classes in APK : 66
2019-47-26 20:47:18.570 [main] INFO  com.horndroid.analysis.Analysis - Number of methods in APK: 157
2019-47-26 20:47:18.570 [main] INFO  com.horndroid.analysis.Analysis - Number of instructions in APK: 2183
2019-47-26 20:47:18.570 [main] INFO  com.horndroid.analysis.Analysis - Number of instances in APK: 360
2019-47-26 20:47:18.795 [main] INFO  com.horndroid.analysis.Analysis - Number of sources: 54
2019-47-26 20:47:18.795 [main] INFO  com.horndroid.analysis.Analysis - Number of sinks: 37
2019-47-26 20:47:18.796 [main] INFO  com.horndroid.analysis.Analysis - Number of classes : 66
2019-47-26 20:47:18.796 [main] INFO  com.horndroid.analysis.Analysis - Number of methods: 157
2019-47-26 20:47:18.796 [main] INFO  com.horndroid.analysis.Analysis - Number of instructions: 2183
2019-47-26 20:47:18.797 [main] INFO  com.horndroid.analysis.Analysis - Number of instances : 360
2019-47-26 20:47:42.903 [main] DEBUG com.horndroid.executors.HorndroidExecutor - ...done in 24347 milliseconds
2019-47-26 20:47:42.905 [main] DEBUG com.horndroid.executors.HorndroidExecutor - Waiting for treads to terminate...
2019-47-26 20:47:42.906 [main] DEBUG com.horndroid.executors.HorndroidExecutor - ...done in 0 milliseconds
2019-47-26 20:47:42.906 [main] DEBUG com.horndroid.executors.HorndroidExecutor - Executing all queries...
2019-47-26 20:47:42.908 [main] INFO  com.horndroid.z3.FSEngine - Number of the generated queries: 38
2019-51-26 20:51:24.694 [main] INFO  com.horndroid.z3.FSEngine - 1 Test if register 2 leaks at line 12 in method onReceive(Landroid/content/Context;Landroid/content/Intent;)V of the class Ledu/wm/cs/semeru/exampleapp/MainActivity$1; to the sink registerReceiver(Landroid/content/BroadcastReceiver;Landroid/content/IntentFilter;)Landroid/content/Intent;:NO LEAK
2019-55-26 20:55:30.263 [main] INFO  com.horndroid.z3.FSEngine - 2 [REF] Test if register 2 leaks at line 12 in method onReceive(Landroid/content/Context;Landroid/content/Intent;)V of the class Ledu/wm/cs/semeru/exampleapp/MainActivity$1; to the sink registerReceiver(Landroid/content/BroadcastReceiver;Landroid/content/IntentFilter;)Landroid/content/Intent;:NO LEAK
2019-59-26 20:59:50.346 [main] INFO  com.horndroid.z3.FSEngine - 3 Test if register 0 leaks at line 12 in method onReceive(Landroid/content/Context;Landroid/content/Intent;)V of the class Ledu/wm/cs/semeru/exampleapp/MainActivity$1; to the sink registerReceiver(Landroid/content/BroadcastReceiver;Landroid/content/IntentFilter;)Landroid/content/Intent;:NO LEAK
2019-04-26 21:04:46.347 [main] INFO  com.horndroid.z3.FSEngine - 4 [REF] Test if register 0 leaks at line 12 in method onReceive(Landroid/content/Context;Landroid/content/Intent;)V of the class Ledu/wm/cs/semeru/exampleapp/MainActivity$1; to the sink registerReceiver(Landroid/content/BroadcastReceiver;Landroid/content/IntentFilter;)Landroid/content/Intent;:POTENTIAL LEAK
2019-09-26 21:09:21.372 [main] INFO  com.horndroid.z3.FSEngine - 5 Test if register 1 leaks at line 12 in method onReceive(Landroid/content/Context;Landroid/content/Intent;)V of the class Ledu/wm/cs/semeru/exampleapp/MainActivity$1; to the sink registerReceiver(Landroid/content/BroadcastReceiver;Landroid/content/IntentFilter;)Landroid/content/Intent;:POTENTIAL LEAK
2019-13-26 21:13:55.793 [main] INFO  com.horndroid.z3.FSEngine - 6 [REF] Test if register 1 leaks at line 12 in method onReceive(Landroid/content/Context;Landroid/content/Intent;)V of the class Ledu/wm/cs/semeru/exampleapp/MainActivity$1; to the sink registerReceiver(Landroid/content/BroadcastReceiver;Landroid/content/IntentFilter;)Landroid/content/Intent;:POTENTIAL LEAK
2019-17-26 21:17:30.417 [main] INFO  com.horndroid.z3.FSEngine - 7 Test if register 3 leaks at line 13 in method invokeCallback(Landroid/arch/lifecycle/ReflectiveGenericLifecycleObserver$MethodReference;Landroid/arch/lifecycle/LifecycleOwner;Landroid/arch/lifecycle/Lifecycle$Event;)V of the class Landroid/arch/lifecycle/ReflectiveGenericLifecycleObserver; to the sink invoke(Ljava/lang/Object;[Ljava/lang/Object;)Ljava/lang/Object;:NO LEAK
2019-21-26 21:21:09.628 [main] INFO  com.horndroid.z3.FSEngine - 8 [REF] Test if register 3 leaks at line 13 in method invokeCallback(Landroid/arch/lifecycle/ReflectiveGenericLifecycleObserver$MethodReference;Landroid/arch/lifecycle/LifecycleOwner;Landroid/arch/lifecycle/Lifecycle$Event;)V of the class Landroid/arch/lifecycle/ReflectiveGenericLifecycleObserver; to the sink invoke(Ljava/lang/Object;[Ljava/lang/Object;)Ljava/lang/Object;:NO LEAK
2019-24-26 21:24:45.460 [main] INFO  com.horndroid.z3.FSEngine - 9 Test if register 2 leaks at line 13 in method invokeCallback(Landroid/arch/lifecycle/ReflectiveGenericLifecycleObserver$MethodReference;Landroid/arch/lifecycle/LifecycleOwner;Landroid/arch/lifecycle/Lifecycle$Event;)V of the class Landroid/arch/lifecycle/ReflectiveGenericLifecycleObserver; to the sink invoke(Ljava/lang/Object;[Ljava/lang/Object;)Ljava/lang/Object;:NO LEAK
2019-28-26 21:28:24.344 [main] INFO  com.horndroid.z3.FSEngine - 10 [REF] Test if register 2 leaks at line 13 in method invokeCallback(Landroid/arch/lifecycle/ReflectiveGenericLifecycleObserver$MethodReference;Landroid/arch/lifecycle/LifecycleOwner;Landroid/arch/lifecycle/Lifecycle$Event;)V of the class Landroid/arch/lifecycle/ReflectiveGenericLifecycleObserver; to the sink invoke(Ljava/lang/Object;[Ljava/lang/Object;)Ljava/lang/Object;:NO LEAK
2019-31-26 21:31:59.863 [main] INFO  com.horndroid.z3.FSEngine - 11 Test if register 1 leaks at line 13 in method invokeCallback(Landroid/arch/lifecycle/ReflectiveGenericLifecycleObserver$MethodReference;Landroid/arch/lifecycle/LifecycleOwner;Landroid/arch/lifecycle/Lifecycle$Event;)V of the class Landroid/arch/lifecycle/ReflectiveGenericLifecycleObserver; to the sink invoke(Ljava/lang/Object;[Ljava/lang/Object;)Ljava/lang/Object;:NO LEAK
2019-35-26 21:35:35.985 [main] INFO  com.horndroid.z3.FSEngine - 12 [REF] Test if register 1 leaks at line 13 in method invokeCallback(Landroid/arch/lifecycle/ReflectiveGenericLifecycleObserver$MethodReference;Landroid/arch/lifecycle/LifecycleOwner;Landroid/arch/lifecycle/Lifecycle$Event;)V of the class Landroid/arch/lifecycle/ReflectiveGenericLifecycleObserver; to the sink invoke(Ljava/lang/Object;[Ljava/lang/Object;)Ljava/lang/Object;:NO LEAK
2019-39-26 21:39:10.164 [main] INFO  com.horndroid.z3.FSEngine - 13 Test if register 3 leaks at line 41 in method invokeCallback(Landroid/arch/lifecycle/ReflectiveGenericLifecycleObserver$MethodReference;Landroid/arch/lifecycle/LifecycleOwner;Landroid/arch/lifecycle/Lifecycle$Event;)V of the class Landroid/arch/lifecycle/ReflectiveGenericLifecycleObserver; to the sink invoke(Ljava/lang/Object;[Ljava/lang/Object;)Ljava/lang/Object;:NO LEAK
2019-42-26 21:42:42.950 [main] INFO  com.horndroid.z3.FSEngine - 14 [REF] Test if register 3 leaks at line 41 in method invokeCallback(Landroid/arch/lifecycle/ReflectiveGenericLifecycleObserver$MethodReference;Landroid/arch/lifecycle/LifecycleOwner;Landroid/arch/lifecycle/Lifecycle$Event;)V of the class Landroid/arch/lifecycle/ReflectiveGenericLifecycleObserver; to the sink invoke(Ljava/lang/Object;[Ljava/lang/Object;)Ljava/lang/Object;:NO LEAK
2019-46-26 21:46:17.916 [main] INFO  com.horndroid.z3.FSEngine - 15 Test if register 2 leaks at line 41 in method invokeCallback(Landroid/arch/lifecycle/ReflectiveGenericLifecycleObserver$MethodReference;Landroid/arch/lifecycle/LifecycleOwner;Landroid/arch/lifecycle/Lifecycle$Event;)V of the class Landroid/arch/lifecycle/ReflectiveGenericLifecycleObserver; to the sink invoke(Ljava/lang/Object;[Ljava/lang/Object;)Ljava/lang/Object;:NO LEAK
2019-49-26 21:49:53.838 [main] INFO  com.horndroid.z3.FSEngine - 16 [REF] Test if register 2 leaks at line 41 in method invokeCallback(Landroid/arch/lifecycle/ReflectiveGenericLifecycleObserver$MethodReference;Landroid/arch/lifecycle/LifecycleOwner;Landroid/arch/lifecycle/Lifecycle$Event;)V of the class Landroid/arch/lifecycle/ReflectiveGenericLifecycleObserver; to the sink invoke(Ljava/lang/Object;[Ljava/lang/Object;)Ljava/lang/Object;:NO LEAK
2019-53-26 21:53:26.494 [main] INFO  com.horndroid.z3.FSEngine - 17 Test if register 1 leaks at line 41 in method invokeCallback(Landroid/arch/lifecycle/ReflectiveGenericLifecycleObserver$MethodReference;Landroid/arch/lifecycle/LifecycleOwner;Landroid/arch/lifecycle/Lifecycle$Event;)V of the class Landroid/arch/lifecycle/ReflectiveGenericLifecycleObserver; to the sink invoke(Ljava/lang/Object;[Ljava/lang/Object;)Ljava/lang/Object;:NO LEAK
2019-57-26 21:57:02.548 [main] INFO  com.horndroid.z3.FSEngine - 18 [REF] Test if register 1 leaks at line 41 in method invokeCallback(Landroid/arch/lifecycle/ReflectiveGenericLifecycleObserver$MethodReference;Landroid/arch/lifecycle/LifecycleOwner;Landroid/arch/lifecycle/Lifecycle$Event;)V of the class Landroid/arch/lifecycle/ReflectiveGenericLifecycleObserver; to the sink invoke(Ljava/lang/Object;[Ljava/lang/Object;)Ljava/lang/Object;:NO LEAK
2019-00-26 22:00:37.574 [main] INFO  com.horndroid.z3.FSEngine - 19 Test if register 3 leaks at line 65 in method invokeCallback(Landroid/arch/lifecycle/ReflectiveGenericLifecycleObserver$MethodReference;Landroid/arch/lifecycle/LifecycleOwner;Landroid/arch/lifecycle/Lifecycle$Event;)V of the class Landroid/arch/lifecycle/ReflectiveGenericLifecycleObserver; to the sink invoke(Ljava/lang/Object;[Ljava/lang/Object;)Ljava/lang/Object;:NO LEAK
2019-04-26 22:04:12.488 [main] INFO  com.horndroid.z3.FSEngine - 20 [REF] Test if register 3 leaks at line 65 in method invokeCallback(Landroid/arch/lifecycle/ReflectiveGenericLifecycleObserver$MethodReference;Landroid/arch/lifecycle/LifecycleOwner;Landroid/arch/lifecycle/Lifecycle$Event;)V of the class Landroid/arch/lifecycle/ReflectiveGenericLifecycleObserver; to the sink invoke(Ljava/lang/Object;[Ljava/lang/Object;)Ljava/lang/Object;:NO LEAK
2019-07-26 22:07:47.625 [main] INFO  com.horndroid.z3.FSEngine - 21 Test if register 2 leaks at line 65 in method invokeCallback(Landroid/arch/lifecycle/ReflectiveGenericLifecycleObserver$MethodReference;Landroid/arch/lifecycle/LifecycleOwner;Landroid/arch/lifecycle/Lifecycle$Event;)V of the class Landroid/arch/lifecycle/ReflectiveGenericLifecycleObserver; to the sink invoke(Ljava/lang/Object;[Ljava/lang/Object;)Ljava/lang/Object;:NO LEAK
2019-11-26 22:11:28.281 [main] INFO  com.horndroid.z3.FSEngine - 22 [REF] Test if register 2 leaks at line 65 in method invokeCallback(Landroid/arch/lifecycle/ReflectiveGenericLifecycleObserver$MethodReference;Landroid/arch/lifecycle/LifecycleOwner;Landroid/arch/lifecycle/Lifecycle$Event;)V of the class Landroid/arch/lifecycle/ReflectiveGenericLifecycleObserver; to the sink invoke(Ljava/lang/Object;[Ljava/lang/Object;)Ljava/lang/Object;:NO LEAK
2019-15-26 22:15:01.159 [main] INFO  com.horndroid.z3.FSEngine - 23 Test if register 1 leaks at line 65 in method invokeCallback(Landroid/arch/lifecycle/ReflectiveGenericLifecycleObserver$MethodReference;Landroid/arch/lifecycle/LifecycleOwner;Landroid/arch/lifecycle/Lifecycle$Event;)V of the class Landroid/arch/lifecycle/ReflectiveGenericLifecycleObserver; to the sink invoke(Ljava/lang/Object;[Ljava/lang/Object;)Ljava/lang/Object;:NO LEAK
2019-18-26 22:18:37.235 [main] INFO  com.horndroid.z3.FSEngine - 24 [REF] Test if register 1 leaks at line 65 in method invokeCallback(Landroid/arch/lifecycle/ReflectiveGenericLifecycleObserver$MethodReference;Landroid/arch/lifecycle/LifecycleOwner;Landroid/arch/lifecycle/Lifecycle$Event;)V of the class Landroid/arch/lifecycle/ReflectiveGenericLifecycleObserver; to the sink invoke(Ljava/lang/Object;[Ljava/lang/Object;)Ljava/lang/Object;:NO LEAK
2019-19-26 22:19:54.847 [main] INFO  com.horndroid.z3.FSEngine - 25 Test if register 0 leaks at line 15 in method onClick(Landroid/content/DialogInterface;I)V of the class Ledu/wm/cs/semeru/testapp/MainActivity$1; to the sink d(Ljava/lang/String;Ljava/lang/String;)I:POTENTIAL LEAK
2019-24-26 22:24:25.707 [main] INFO  com.horndroid.z3.FSEngine - 26 [REF] Test if register 0 leaks at line 15 in method onClick(Landroid/content/DialogInterface;I)V of the class Ledu/wm/cs/semeru/testapp/MainActivity$1; to the sink d(Ljava/lang/String;Ljava/lang/String;)I:POTENTIAL LEAK
2019-25-26 22:25:43.694 [main] INFO  com.horndroid.z3.FSEngine - 27 Test if register 1 leaks at line 15 in method onClick(Landroid/content/DialogInterface;I)V of the class Ledu/wm/cs/semeru/testapp/MainActivity$1; to the sink d(Ljava/lang/String;Ljava/lang/String;)I:NO LEAK
2019-30-26 22:30:19.551 [main] INFO  com.horndroid.z3.FSEngine - 28 [REF] Test if register 1 leaks at line 15 in method onClick(Landroid/content/DialogInterface;I)V of the class Ledu/wm/cs/semeru/testapp/MainActivity$1; to the sink d(Ljava/lang/String;Ljava/lang/String;)I:POTENTIAL LEAK
2019-31-26 22:31:37.351 [main] INFO  com.horndroid.z3.FSEngine - 29 Test if register 2 leaks at line 19 in method onCreate(Landroid/os/Bundle;)V of the class Ledu/wm/cs/semeru/exampleapp/MainActivity; to the sink registerReceiver(Landroid/content/BroadcastReceiver;Landroid/content/IntentFilter;)Landroid/content/Intent;:NO LEAK
2019-35-26 22:35:12.254 [main] INFO  com.horndroid.z3.FSEngine - 30 [REF] Test if register 2 leaks at line 19 in method onCreate(Landroid/os/Bundle;)V of the class Ledu/wm/cs/semeru/exampleapp/MainActivity; to the sink registerReceiver(Landroid/content/BroadcastReceiver;Landroid/content/IntentFilter;)Landroid/content/Intent;:NO LEAK
2019-36-26 22:36:31.024 [main] INFO  com.horndroid.z3.FSEngine - 31 Test if register 0 leaks at line 19 in method onCreate(Landroid/os/Bundle;)V of the class Ledu/wm/cs/semeru/exampleapp/MainActivity; to the sink registerReceiver(Landroid/content/BroadcastReceiver;Landroid/content/IntentFilter;)Landroid/content/Intent;:NO LEAK
2019-40-26 22:40:06.305 [main] INFO  com.horndroid.z3.FSEngine - 32 [REF] Test if register 0 leaks at line 19 in method onCreate(Landroid/os/Bundle;)V of the class Ledu/wm/cs/semeru/exampleapp/MainActivity; to the sink registerReceiver(Landroid/content/BroadcastReceiver;Landroid/content/IntentFilter;)Landroid/content/Intent;:NO LEAK
2019-41-26 22:41:24.513 [main] INFO  com.horndroid.z3.FSEngine - 33 Test if register 1 leaks at line 19 in method onCreate(Landroid/os/Bundle;)V of the class Ledu/wm/cs/semeru/exampleapp/MainActivity; to the sink registerReceiver(Landroid/content/BroadcastReceiver;Landroid/content/IntentFilter;)Landroid/content/Intent;:NO LEAK
2019-44-26 22:44:58.269 [main] INFO  com.horndroid.z3.FSEngine - 34 [REF] Test if register 1 leaks at line 19 in method onCreate(Landroid/os/Bundle;)V of the class Ledu/wm/cs/semeru/exampleapp/MainActivity; to the sink registerReceiver(Landroid/content/BroadcastReceiver;Landroid/content/IntentFilter;)Landroid/content/Intent;:NO LEAK
2019-46-26 22:46:16.469 [main] INFO  com.horndroid.z3.FSEngine - 35 Test if register 0 leaks at line 15 in method onReceive(Landroid/content/Context;Landroid/content/Intent;)V of the class Ledu/wm/cs/semeru/exampleapp/MainActivity$1$1; to the sink d(Ljava/lang/String;Ljava/lang/String;)I:POTENTIAL LEAK
2019-50-26 22:50:48.641 [main] INFO  com.horndroid.z3.FSEngine - 36 [REF] Test if register 0 leaks at line 15 in method onReceive(Landroid/content/Context;Landroid/content/Intent;)V of the class Ledu/wm/cs/semeru/exampleapp/MainActivity$1$1; to the sink d(Ljava/lang/String;Ljava/lang/String;)I:POTENTIAL LEAK
2019-52-26 22:52:06.919 [main] INFO  com.horndroid.z3.FSEngine - 37 Test if register 1 leaks at line 15 in method onReceive(Landroid/content/Context;Landroid/content/Intent;)V of the class Ledu/wm/cs/semeru/exampleapp/MainActivity$1$1; to the sink d(Ljava/lang/String;Ljava/lang/String;)I:NO LEAK
2019-56-26 22:56:40.861 [main] INFO  com.horndroid.z3.FSEngine - 38 [REF] Test if register 1 leaks at line 15 in method onReceive(Landroid/content/Context;Landroid/content/Intent;)V of the class Ledu/wm/cs/semeru/exampleapp/MainActivity$1$1; to the sink d(Ljava/lang/String;Ljava/lang/String;)I:POTENTIAL LEAK
2019-56-26 22:56:40.862 [main] DEBUG com.horndroid.executors.HorndroidExecutor - ...done in 7737956 milliseconds
