2019-40-26 13:40:10.253 [main] INFO  com.horndroid.Main - Starting fsHornDroid...
2019-40-26 13:40:10.256 [main] INFO  com.horndroid.Main - Flow Sensitive Analysis on 64 bitvectors size
2019-40-26 13:40:10.257 [main] INFO  com.horndroid.Main - Provided apktool.jar path is not correct, falling back to default
2019-40-26 13:40:10.258 [main] DEBUG com.horndroid.executors.HorndroidExecutor - Parsing sources and sinks...
2019-40-26 13:40:10.500 [main] DEBUG com.horndroid.executors.HorndroidExecutor - done in 242 milliseconds
2019-40-26 13:40:10.500 [main] DEBUG com.horndroid.executors.HorndroidExecutor - Collecting apk files to process...
2019-40-26 13:40:10.500 [main] DEBUG com.horndroid.executors.HorndroidExecutor - done in 0 milliseconds
2019-40-26 13:40:10.529 [main] INFO  com.horndroid.executors.HorndroidExecutor - Analysing DialogFragmentShow.apk
2019-40-26 13:40:10.557 [main] DEBUG com.horndroid.executors.HorndroidExecutor - Parsing entry points...
2019-40-26 13:40:10.561 [main] DEBUG com.horndroid.executors.HorndroidExecutor - done in 3 milliseconds
2019-40-26 13:40:10.561 [main] DEBUG com.horndroid.executors.HorndroidExecutor - Parsing callbacks and disabled activities...
2019-40-26 13:40:10.561 [main] INFO  com.horndroid.util.SourceSinkParser - Running apktool to obtain manifest xml and layout files
2019-40-26 13:40:12.835 [main] INFO  com.horndroid.util.SourceSinkParser - Exit Code:0
2019-40-26 13:40:12.835 [main] INFO  com.horndroid.util.SourceSinkParser - STDOUT:I: Using Apktool 2.3.0 on DialogFragmentShow.apk
2019-40-26 13:40:12.836 [main] INFO  com.horndroid.util.SourceSinkParser - STDOUT:I: Loading resource table...
2019-40-26 13:40:12.836 [main] INFO  com.horndroid.util.SourceSinkParser - STDOUT:I: Decoding AndroidManifest.xml with resources...
2019-40-26 13:40:12.836 [main] INFO  com.horndroid.util.SourceSinkParser - STDOUT:I: Loading resource table from file: /home/f85/kkafle/.local/share/apktool/framework/1.apk
2019-40-26 13:40:12.836 [main] INFO  com.horndroid.util.SourceSinkParser - STDOUT:I: Regular manifest package...
2019-40-26 13:40:12.836 [main] INFO  com.horndroid.util.SourceSinkParser - STDOUT:I: Decoding file-resources...
2019-40-26 13:40:12.836 [main] INFO  com.horndroid.util.SourceSinkParser - STDOUT:I: Decoding values */* XMLs...
2019-40-26 13:40:12.837 [main] INFO  com.horndroid.util.SourceSinkParser - STDOUT:I: Copying raw classes.dex file...
2019-40-26 13:40:12.837 [main] INFO  com.horndroid.util.SourceSinkParser - STDOUT:I: Copying assets and libs...
2019-40-26 13:40:12.837 [main] INFO  com.horndroid.util.SourceSinkParser - STDOUT:I: Copying unknown files...
2019-40-26 13:40:12.837 [main] INFO  com.horndroid.util.SourceSinkParser - STDOUT:I: Copying original files...
2019-40-26 13:40:13.032 [main] DEBUG com.horndroid.executors.HorndroidExecutor - ...done in 2470 milliseconds
2019-40-26 13:40:13.032 [main] DEBUG com.horndroid.executors.HorndroidExecutor - Sorting classes...
2019-40-26 13:40:13.050 [main] DEBUG com.horndroid.executors.HorndroidExecutor - done in 18 milliseconds
2019-40-26 13:40:13.051 [main] DEBUG com.horndroid.executors.HorndroidExecutor - Collecting data for Horn Clause generation...
2019-40-26 13:40:13.220 [main] DEBUG com.horndroid.executors.HorndroidExecutor - done in 169 milliseconds
2019-40-26 13:40:13.220 [main] DEBUG com.horndroid.executors.HorndroidExecutor - Generating Horn Clauses..
2019-40-26 13:40:13.220 [main] INFO  com.horndroid.analysis.Analysis - Ready to start generating Horn Clauses:
2019-40-26 13:40:13.223 [main] INFO  com.horndroid.analysis.Analysis - Number of classes in APK : 64
2019-40-26 13:40:13.224 [main] INFO  com.horndroid.analysis.Analysis - Number of methods in APK: 154
2019-40-26 13:40:13.224 [main] INFO  com.horndroid.analysis.Analysis - Number of instructions in APK: 2077
2019-40-26 13:40:13.224 [main] INFO  com.horndroid.analysis.Analysis - Number of instances in APK: 333
2019-40-26 13:40:13.333 [main] INFO  com.horndroid.analysis.Analysis - Number of sources: 17
2019-40-26 13:40:13.334 [main] INFO  com.horndroid.analysis.Analysis - Number of sinks: 16
2019-40-26 13:40:13.334 [main] INFO  com.horndroid.analysis.Analysis - Number of classes : 64
2019-40-26 13:40:13.334 [main] INFO  com.horndroid.analysis.Analysis - Number of methods: 154
2019-40-26 13:40:13.334 [main] INFO  com.horndroid.analysis.Analysis - Number of instructions: 2077
2019-40-26 13:40:13.334 [main] INFO  com.horndroid.analysis.Analysis - Number of instances : 333
2019-40-26 13:40:25.968 [main] DEBUG com.horndroid.executors.HorndroidExecutor - ...done in 12747 milliseconds
2019-40-26 13:40:25.969 [main] DEBUG com.horndroid.executors.HorndroidExecutor - Waiting for treads to terminate...
2019-40-26 13:40:25.969 [main] DEBUG com.horndroid.executors.HorndroidExecutor - ...done in 0 milliseconds
2019-40-26 13:40:25.969 [main] DEBUG com.horndroid.executors.HorndroidExecutor - Executing all queries...
2019-40-26 13:40:25.970 [main] INFO  com.horndroid.z3.FSEngine - Number of the generated queries: 26
2019-40-26 13:40:58.499 [main] INFO  com.horndroid.z3.FSEngine - 1 Test if register 0 leaks at line 15 in method onCreateDialog(Landroid/os/Bundle;)Landroid/app/Dialog; of the class Ledu/wm/cs/semeru/exampleapp/MainActivity$ExampleDialogFragment; to the sink d(Ljava/lang/String;Ljava/lang/String;)I:NO LEAK
2019-42-26 13:42:41.638 [main] INFO  com.horndroid.z3.FSEngine - 2 [REF] Test if register 0 leaks at line 15 in method onCreateDialog(Landroid/os/Bundle;)Landroid/app/Dialog; of the class Ledu/wm/cs/semeru/exampleapp/MainActivity$ExampleDialogFragment; to the sink d(Ljava/lang/String;Ljava/lang/String;)I:NO LEAK
2019-43-26 13:43:16.925 [main] INFO  com.horndroid.z3.FSEngine - 3 Test if register 1 leaks at line 15 in method onCreateDialog(Landroid/os/Bundle;)Landroid/app/Dialog; of the class Ledu/wm/cs/semeru/exampleapp/MainActivity$ExampleDialogFragment; to the sink d(Ljava/lang/String;Ljava/lang/String;)I:NO LEAK
2019-45-26 13:45:02.002 [main] INFO  com.horndroid.z3.FSEngine - 4 [REF] Test if register 1 leaks at line 15 in method onCreateDialog(Landroid/os/Bundle;)Landroid/app/Dialog; of the class Ledu/wm/cs/semeru/exampleapp/MainActivity$ExampleDialogFragment; to the sink d(Ljava/lang/String;Ljava/lang/String;)I:NO LEAK
2019-46-26 13:46:33.025 [main] INFO  com.horndroid.z3.FSEngine - 5 Test if register 3 leaks at line 13 in method invokeCallback(Landroid/arch/lifecycle/ReflectiveGenericLifecycleObserver$MethodReference;Landroid/arch/lifecycle/LifecycleOwner;Landroid/arch/lifecycle/Lifecycle$Event;)V of the class Landroid/arch/lifecycle/ReflectiveGenericLifecycleObserver; to the sink invoke(Ljava/lang/Object;[Ljava/lang/Object;)Ljava/lang/Object;:NO LEAK
2019-48-26 13:48:04.539 [main] INFO  com.horndroid.z3.FSEngine - 6 [REF] Test if register 3 leaks at line 13 in method invokeCallback(Landroid/arch/lifecycle/ReflectiveGenericLifecycleObserver$MethodReference;Landroid/arch/lifecycle/LifecycleOwner;Landroid/arch/lifecycle/Lifecycle$Event;)V of the class Landroid/arch/lifecycle/ReflectiveGenericLifecycleObserver; to the sink invoke(Ljava/lang/Object;[Ljava/lang/Object;)Ljava/lang/Object;:NO LEAK
2019-49-26 13:49:35.748 [main] INFO  com.horndroid.z3.FSEngine - 7 Test if register 2 leaks at line 13 in method invokeCallback(Landroid/arch/lifecycle/ReflectiveGenericLifecycleObserver$MethodReference;Landroid/arch/lifecycle/LifecycleOwner;Landroid/arch/lifecycle/Lifecycle$Event;)V of the class Landroid/arch/lifecycle/ReflectiveGenericLifecycleObserver; to the sink invoke(Ljava/lang/Object;[Ljava/lang/Object;)Ljava/lang/Object;:NO LEAK
2019-51-26 13:51:07.595 [main] INFO  com.horndroid.z3.FSEngine - 8 [REF] Test if register 2 leaks at line 13 in method invokeCallback(Landroid/arch/lifecycle/ReflectiveGenericLifecycleObserver$MethodReference;Landroid/arch/lifecycle/LifecycleOwner;Landroid/arch/lifecycle/Lifecycle$Event;)V of the class Landroid/arch/lifecycle/ReflectiveGenericLifecycleObserver; to the sink invoke(Ljava/lang/Object;[Ljava/lang/Object;)Ljava/lang/Object;:NO LEAK
2019-52-26 13:52:38.356 [main] INFO  com.horndroid.z3.FSEngine - 9 Test if register 1 leaks at line 13 in method invokeCallback(Landroid/arch/lifecycle/ReflectiveGenericLifecycleObserver$MethodReference;Landroid/arch/lifecycle/LifecycleOwner;Landroid/arch/lifecycle/Lifecycle$Event;)V of the class Landroid/arch/lifecycle/ReflectiveGenericLifecycleObserver; to the sink invoke(Ljava/lang/Object;[Ljava/lang/Object;)Ljava/lang/Object;:NO LEAK
2019-54-26 13:54:09.616 [main] INFO  com.horndroid.z3.FSEngine - 10 [REF] Test if register 1 leaks at line 13 in method invokeCallback(Landroid/arch/lifecycle/ReflectiveGenericLifecycleObserver$MethodReference;Landroid/arch/lifecycle/LifecycleOwner;Landroid/arch/lifecycle/Lifecycle$Event;)V of the class Landroid/arch/lifecycle/ReflectiveGenericLifecycleObserver; to the sink invoke(Ljava/lang/Object;[Ljava/lang/Object;)Ljava/lang/Object;:NO LEAK
2019-55-26 13:55:39.900 [main] INFO  com.horndroid.z3.FSEngine - 11 Test if register 3 leaks at line 41 in method invokeCallback(Landroid/arch/lifecycle/ReflectiveGenericLifecycleObserver$MethodReference;Landroid/arch/lifecycle/LifecycleOwner;Landroid/arch/lifecycle/Lifecycle$Event;)V of the class Landroid/arch/lifecycle/ReflectiveGenericLifecycleObserver; to the sink invoke(Ljava/lang/Object;[Ljava/lang/Object;)Ljava/lang/Object;:NO LEAK
2019-57-26 13:57:10.597 [main] INFO  com.horndroid.z3.FSEngine - 12 [REF] Test if register 3 leaks at line 41 in method invokeCallback(Landroid/arch/lifecycle/ReflectiveGenericLifecycleObserver$MethodReference;Landroid/arch/lifecycle/LifecycleOwner;Landroid/arch/lifecycle/Lifecycle$Event;)V of the class Landroid/arch/lifecycle/ReflectiveGenericLifecycleObserver; to the sink invoke(Ljava/lang/Object;[Ljava/lang/Object;)Ljava/lang/Object;:NO LEAK
2019-58-26 13:58:41.597 [main] INFO  com.horndroid.z3.FSEngine - 13 Test if register 2 leaks at line 41 in method invokeCallback(Landroid/arch/lifecycle/ReflectiveGenericLifecycleObserver$MethodReference;Landroid/arch/lifecycle/LifecycleOwner;Landroid/arch/lifecycle/Lifecycle$Event;)V of the class Landroid/arch/lifecycle/ReflectiveGenericLifecycleObserver; to the sink invoke(Ljava/lang/Object;[Ljava/lang/Object;)Ljava/lang/Object;:NO LEAK
2019-00-26 14:00:12.658 [main] INFO  com.horndroid.z3.FSEngine - 14 [REF] Test if register 2 leaks at line 41 in method invokeCallback(Landroid/arch/lifecycle/ReflectiveGenericLifecycleObserver$MethodReference;Landroid/arch/lifecycle/LifecycleOwner;Landroid/arch/lifecycle/Lifecycle$Event;)V of the class Landroid/arch/lifecycle/ReflectiveGenericLifecycleObserver; to the sink invoke(Ljava/lang/Object;[Ljava/lang/Object;)Ljava/lang/Object;:NO LEAK
2019-01-26 14:01:43.334 [main] INFO  com.horndroid.z3.FSEngine - 15 Test if register 1 leaks at line 41 in method invokeCallback(Landroid/arch/lifecycle/ReflectiveGenericLifecycleObserver$MethodReference;Landroid/arch/lifecycle/LifecycleOwner;Landroid/arch/lifecycle/Lifecycle$Event;)V of the class Landroid/arch/lifecycle/ReflectiveGenericLifecycleObserver; to the sink invoke(Ljava/lang/Object;[Ljava/lang/Object;)Ljava/lang/Object;:NO LEAK
2019-03-26 14:03:14.927 [main] INFO  com.horndroid.z3.FSEngine - 16 [REF] Test if register 1 leaks at line 41 in method invokeCallback(Landroid/arch/lifecycle/ReflectiveGenericLifecycleObserver$MethodReference;Landroid/arch/lifecycle/LifecycleOwner;Landroid/arch/lifecycle/Lifecycle$Event;)V of the class Landroid/arch/lifecycle/ReflectiveGenericLifecycleObserver; to the sink invoke(Ljava/lang/Object;[Ljava/lang/Object;)Ljava/lang/Object;:NO LEAK
2019-04-26 14:04:45.632 [main] INFO  com.horndroid.z3.FSEngine - 17 Test if register 3 leaks at line 65 in method invokeCallback(Landroid/arch/lifecycle/ReflectiveGenericLifecycleObserver$MethodReference;Landroid/arch/lifecycle/LifecycleOwner;Landroid/arch/lifecycle/Lifecycle$Event;)V of the class Landroid/arch/lifecycle/ReflectiveGenericLifecycleObserver; to the sink invoke(Ljava/lang/Object;[Ljava/lang/Object;)Ljava/lang/Object;:NO LEAK
2019-06-26 14:06:20.131 [main] INFO  com.horndroid.z3.FSEngine - 18 [REF] Test if register 3 leaks at line 65 in method invokeCallback(Landroid/arch/lifecycle/ReflectiveGenericLifecycleObserver$MethodReference;Landroid/arch/lifecycle/LifecycleOwner;Landroid/arch/lifecycle/Lifecycle$Event;)V of the class Landroid/arch/lifecycle/ReflectiveGenericLifecycleObserver; to the sink invoke(Ljava/lang/Object;[Ljava/lang/Object;)Ljava/lang/Object;:NO LEAK
2019-07-26 14:07:51.112 [main] INFO  com.horndroid.z3.FSEngine - 19 Test if register 2 leaks at line 65 in method invokeCallback(Landroid/arch/lifecycle/ReflectiveGenericLifecycleObserver$MethodReference;Landroid/arch/lifecycle/LifecycleOwner;Landroid/arch/lifecycle/Lifecycle$Event;)V of the class Landroid/arch/lifecycle/ReflectiveGenericLifecycleObserver; to the sink invoke(Ljava/lang/Object;[Ljava/lang/Object;)Ljava/lang/Object;:NO LEAK
2019-09-26 14:09:21.618 [main] INFO  com.horndroid.z3.FSEngine - 20 [REF] Test if register 2 leaks at line 65 in method invokeCallback(Landroid/arch/lifecycle/ReflectiveGenericLifecycleObserver$MethodReference;Landroid/arch/lifecycle/LifecycleOwner;Landroid/arch/lifecycle/Lifecycle$Event;)V of the class Landroid/arch/lifecycle/ReflectiveGenericLifecycleObserver; to the sink invoke(Ljava/lang/Object;[Ljava/lang/Object;)Ljava/lang/Object;:NO LEAK
2019-10-26 14:10:51.852 [main] INFO  com.horndroid.z3.FSEngine - 21 Test if register 1 leaks at line 65 in method invokeCallback(Landroid/arch/lifecycle/ReflectiveGenericLifecycleObserver$MethodReference;Landroid/arch/lifecycle/LifecycleOwner;Landroid/arch/lifecycle/Lifecycle$Event;)V of the class Landroid/arch/lifecycle/ReflectiveGenericLifecycleObserver; to the sink invoke(Ljava/lang/Object;[Ljava/lang/Object;)Ljava/lang/Object;:NO LEAK
2019-12-26 14:12:22.904 [main] INFO  com.horndroid.z3.FSEngine - 22 [REF] Test if register 1 leaks at line 65 in method invokeCallback(Landroid/arch/lifecycle/ReflectiveGenericLifecycleObserver$MethodReference;Landroid/arch/lifecycle/LifecycleOwner;Landroid/arch/lifecycle/Lifecycle$Event;)V of the class Landroid/arch/lifecycle/ReflectiveGenericLifecycleObserver; to the sink invoke(Ljava/lang/Object;[Ljava/lang/Object;)Ljava/lang/Object;:NO LEAK
2019-12-26 14:12:57.428 [main] INFO  com.horndroid.z3.FSEngine - 23 Test if register 0 leaks at line 15 in method onClick(Landroid/content/DialogInterface;I)V of the class Ledu/wm/cs/semeru/testapp/MainActivity$1; to the sink d(Ljava/lang/String;Ljava/lang/String;)I:POTENTIAL LEAK
2019-14-26 14:14:59.345 [main] INFO  com.horndroid.z3.FSEngine - 24 [REF] Test if register 0 leaks at line 15 in method onClick(Landroid/content/DialogInterface;I)V of the class Ledu/wm/cs/semeru/testapp/MainActivity$1; to the sink d(Ljava/lang/String;Ljava/lang/String;)I:POTENTIAL LEAK
2019-15-26 14:15:32.958 [main] INFO  com.horndroid.z3.FSEngine - 25 Test if register 1 leaks at line 15 in method onClick(Landroid/content/DialogInterface;I)V of the class Ledu/wm/cs/semeru/testapp/MainActivity$1; to the sink d(Ljava/lang/String;Ljava/lang/String;)I:NO LEAK
2019-17-26 14:17:35.770 [main] INFO  com.horndroid.z3.FSEngine - 26 [REF] Test if register 1 leaks at line 15 in method onClick(Landroid/content/DialogInterface;I)V of the class Ledu/wm/cs/semeru/testapp/MainActivity$1; to the sink d(Ljava/lang/String;Ljava/lang/String;)I:POTENTIAL LEAK
2019-17-26 14:17:35.770 [main] DEBUG com.horndroid.executors.HorndroidExecutor - ...done in 2229801 milliseconds
