2019-13-26 12:13:57.301 [main] INFO  com.horndroid.Main - Starting fsHornDroid...
2019-13-26 12:13:57.304 [main] INFO  com.horndroid.Main - Flow Sensitive Analysis on 64 bitvectors size
2019-13-26 12:13:57.304 [main] INFO  com.horndroid.Main - Provided apktool.jar path is not correct, falling back to default
2019-13-26 12:13:57.305 [main] DEBUG com.horndroid.executors.HorndroidExecutor - Parsing sources and sinks...
2019-13-26 12:13:57.549 [main] DEBUG com.horndroid.executors.HorndroidExecutor - done in 243 milliseconds
2019-13-26 12:13:57.549 [main] DEBUG com.horndroid.executors.HorndroidExecutor - Collecting apk files to process...
2019-13-26 12:13:57.549 [main] DEBUG com.horndroid.executors.HorndroidExecutor - done in 0 milliseconds
2019-13-26 12:13:57.578 [main] INFO  com.horndroid.executors.HorndroidExecutor - Analysing NavigationView.apk
2019-13-26 12:13:57.610 [main] DEBUG com.horndroid.executors.HorndroidExecutor - Parsing entry points...
2019-13-26 12:13:57.613 [main] DEBUG com.horndroid.executors.HorndroidExecutor - done in 3 milliseconds
2019-13-26 12:13:57.613 [main] DEBUG com.horndroid.executors.HorndroidExecutor - Parsing callbacks and disabled activities...
2019-13-26 12:13:57.613 [main] INFO  com.horndroid.util.SourceSinkParser - Running apktool to obtain manifest xml and layout files
2019-13-26 12:13:59.988 [main] INFO  com.horndroid.util.SourceSinkParser - Exit Code:0
2019-13-26 12:13:59.989 [main] INFO  com.horndroid.util.SourceSinkParser - STDOUT:I: Using Apktool 2.3.0 on NavigationView.apk
2019-13-26 12:13:59.989 [main] INFO  com.horndroid.util.SourceSinkParser - STDOUT:I: Loading resource table...
2019-13-26 12:13:59.989 [main] INFO  com.horndroid.util.SourceSinkParser - STDOUT:I: Decoding AndroidManifest.xml with resources...
2019-13-26 12:13:59.989 [main] INFO  com.horndroid.util.SourceSinkParser - STDOUT:I: Loading resource table from file: /home/f85/kkafle/.local/share/apktool/framework/1.apk
2019-13-26 12:13:59.989 [main] INFO  com.horndroid.util.SourceSinkParser - STDOUT:I: Regular manifest package...
2019-13-26 12:13:59.989 [main] INFO  com.horndroid.util.SourceSinkParser - STDOUT:I: Decoding file-resources...
2019-13-26 12:13:59.990 [main] INFO  com.horndroid.util.SourceSinkParser - STDOUT:I: Decoding values */* XMLs...
2019-13-26 12:13:59.990 [main] INFO  com.horndroid.util.SourceSinkParser - STDOUT:I: Copying raw classes.dex file...
2019-13-26 12:13:59.990 [main] INFO  com.horndroid.util.SourceSinkParser - STDOUT:I: Copying assets and libs...
2019-13-26 12:13:59.990 [main] INFO  com.horndroid.util.SourceSinkParser - STDOUT:I: Copying unknown files...
2019-13-26 12:13:59.990 [main] INFO  com.horndroid.util.SourceSinkParser - STDOUT:I: Copying original files...
2019-14-26 12:14:00.220 [main] DEBUG com.horndroid.executors.HorndroidExecutor - ...done in 2606 milliseconds
2019-14-26 12:14:00.220 [main] DEBUG com.horndroid.executors.HorndroidExecutor - Sorting classes...
2019-14-26 12:14:00.241 [main] DEBUG com.horndroid.executors.HorndroidExecutor - done in 21 milliseconds
2019-14-26 12:14:00.242 [main] DEBUG com.horndroid.executors.HorndroidExecutor - Collecting data for Horn Clause generation...
2019-14-26 12:14:00.498 [main] DEBUG com.horndroid.executors.HorndroidExecutor - done in 256 milliseconds
2019-14-26 12:14:00.498 [main] DEBUG com.horndroid.executors.HorndroidExecutor - Generating Horn Clauses..
2019-14-26 12:14:00.499 [main] INFO  com.horndroid.analysis.Analysis - Ready to start generating Horn Clauses:
2019-14-26 12:14:00.504 [main] INFO  com.horndroid.analysis.Analysis - Number of classes in APK : 64
2019-14-26 12:14:00.504 [main] INFO  com.horndroid.analysis.Analysis - Number of methods in APK: 154
2019-14-26 12:14:00.504 [main] INFO  com.horndroid.analysis.Analysis - Number of instructions in APK: 2164
2019-14-26 12:14:00.504 [main] INFO  com.horndroid.analysis.Analysis - Number of instances in APK: 352
2019-14-26 12:14:00.623 [main] INFO  com.horndroid.analysis.Analysis - Number of sources: 54
2019-14-26 12:14:00.623 [main] INFO  com.horndroid.analysis.Analysis - Number of sinks: 36
2019-14-26 12:14:00.624 [main] INFO  com.horndroid.analysis.Analysis - Number of classes : 64
2019-14-26 12:14:00.624 [main] INFO  com.horndroid.analysis.Analysis - Number of methods: 154
2019-14-26 12:14:00.624 [main] INFO  com.horndroid.analysis.Analysis - Number of instructions: 2164
2019-14-26 12:14:00.624 [main] INFO  com.horndroid.analysis.Analysis - Number of instances : 352
2019-14-26 12:14:14.183 [main] DEBUG com.horndroid.executors.HorndroidExecutor - ...done in 13684 milliseconds
2019-14-26 12:14:14.183 [main] DEBUG com.horndroid.executors.HorndroidExecutor - Waiting for treads to terminate...
2019-14-26 12:14:14.183 [main] DEBUG com.horndroid.executors.HorndroidExecutor - ...done in 0 milliseconds
2019-14-26 12:14:14.183 [main] DEBUG com.horndroid.executors.HorndroidExecutor - Executing all queries...
2019-14-26 12:14:14.185 [main] INFO  com.horndroid.z3.FSEngine - Number of the generated queries: 26
2019-15-26 12:15:59.292 [main] INFO  com.horndroid.z3.FSEngine - 1 Test if register 3 leaks at line 13 in method invokeCallback(Landroid/arch/lifecycle/ReflectiveGenericLifecycleObserver$MethodReference;Landroid/arch/lifecycle/LifecycleOwner;Landroid/arch/lifecycle/Lifecycle$Event;)V of the class Landroid/arch/lifecycle/ReflectiveGenericLifecycleObserver; to the sink invoke(Ljava/lang/Object;[Ljava/lang/Object;)Ljava/lang/Object;:NO LEAK
2019-17-26 12:17:51.936 [main] INFO  com.horndroid.z3.FSEngine - 2 [REF] Test if register 3 leaks at line 13 in method invokeCallback(Landroid/arch/lifecycle/ReflectiveGenericLifecycleObserver$MethodReference;Landroid/arch/lifecycle/LifecycleOwner;Landroid/arch/lifecycle/Lifecycle$Event;)V of the class Landroid/arch/lifecycle/ReflectiveGenericLifecycleObserver; to the sink invoke(Ljava/lang/Object;[Ljava/lang/Object;)Ljava/lang/Object;:NO LEAK
2019-19-26 12:19:42.461 [main] INFO  com.horndroid.z3.FSEngine - 3 Test if register 2 leaks at line 13 in method invokeCallback(Landroid/arch/lifecycle/ReflectiveGenericLifecycleObserver$MethodReference;Landroid/arch/lifecycle/LifecycleOwner;Landroid/arch/lifecycle/Lifecycle$Event;)V of the class Landroid/arch/lifecycle/ReflectiveGenericLifecycleObserver; to the sink invoke(Ljava/lang/Object;[Ljava/lang/Object;)Ljava/lang/Object;:NO LEAK
2019-21-26 12:21:32.003 [main] INFO  com.horndroid.z3.FSEngine - 4 [REF] Test if register 2 leaks at line 13 in method invokeCallback(Landroid/arch/lifecycle/ReflectiveGenericLifecycleObserver$MethodReference;Landroid/arch/lifecycle/LifecycleOwner;Landroid/arch/lifecycle/Lifecycle$Event;)V of the class Landroid/arch/lifecycle/ReflectiveGenericLifecycleObserver; to the sink invoke(Ljava/lang/Object;[Ljava/lang/Object;)Ljava/lang/Object;:NO LEAK
2019-23-26 12:23:21.109 [main] INFO  com.horndroid.z3.FSEngine - 5 Test if register 1 leaks at line 13 in method invokeCallback(Landroid/arch/lifecycle/ReflectiveGenericLifecycleObserver$MethodReference;Landroid/arch/lifecycle/LifecycleOwner;Landroid/arch/lifecycle/Lifecycle$Event;)V of the class Landroid/arch/lifecycle/ReflectiveGenericLifecycleObserver; to the sink invoke(Ljava/lang/Object;[Ljava/lang/Object;)Ljava/lang/Object;:NO LEAK
2019-25-26 12:25:10.357 [main] INFO  com.horndroid.z3.FSEngine - 6 [REF] Test if register 1 leaks at line 13 in method invokeCallback(Landroid/arch/lifecycle/ReflectiveGenericLifecycleObserver$MethodReference;Landroid/arch/lifecycle/LifecycleOwner;Landroid/arch/lifecycle/Lifecycle$Event;)V of the class Landroid/arch/lifecycle/ReflectiveGenericLifecycleObserver; to the sink invoke(Ljava/lang/Object;[Ljava/lang/Object;)Ljava/lang/Object;:NO LEAK
2019-26-26 12:26:59.299 [main] INFO  com.horndroid.z3.FSEngine - 7 Test if register 3 leaks at line 41 in method invokeCallback(Landroid/arch/lifecycle/ReflectiveGenericLifecycleObserver$MethodReference;Landroid/arch/lifecycle/LifecycleOwner;Landroid/arch/lifecycle/Lifecycle$Event;)V of the class Landroid/arch/lifecycle/ReflectiveGenericLifecycleObserver; to the sink invoke(Ljava/lang/Object;[Ljava/lang/Object;)Ljava/lang/Object;:NO LEAK
2019-28-26 12:28:48.689 [main] INFO  com.horndroid.z3.FSEngine - 8 [REF] Test if register 3 leaks at line 41 in method invokeCallback(Landroid/arch/lifecycle/ReflectiveGenericLifecycleObserver$MethodReference;Landroid/arch/lifecycle/LifecycleOwner;Landroid/arch/lifecycle/Lifecycle$Event;)V of the class Landroid/arch/lifecycle/ReflectiveGenericLifecycleObserver; to the sink invoke(Ljava/lang/Object;[Ljava/lang/Object;)Ljava/lang/Object;:NO LEAK
2019-30-26 12:30:36.867 [main] INFO  com.horndroid.z3.FSEngine - 9 Test if register 2 leaks at line 41 in method invokeCallback(Landroid/arch/lifecycle/ReflectiveGenericLifecycleObserver$MethodReference;Landroid/arch/lifecycle/LifecycleOwner;Landroid/arch/lifecycle/Lifecycle$Event;)V of the class Landroid/arch/lifecycle/ReflectiveGenericLifecycleObserver; to the sink invoke(Ljava/lang/Object;[Ljava/lang/Object;)Ljava/lang/Object;:NO LEAK
2019-32-26 12:32:26.622 [main] INFO  com.horndroid.z3.FSEngine - 10 [REF] Test if register 2 leaks at line 41 in method invokeCallback(Landroid/arch/lifecycle/ReflectiveGenericLifecycleObserver$MethodReference;Landroid/arch/lifecycle/LifecycleOwner;Landroid/arch/lifecycle/Lifecycle$Event;)V of the class Landroid/arch/lifecycle/ReflectiveGenericLifecycleObserver; to the sink invoke(Ljava/lang/Object;[Ljava/lang/Object;)Ljava/lang/Object;:NO LEAK
2019-34-26 12:34:15.407 [main] INFO  com.horndroid.z3.FSEngine - 11 Test if register 1 leaks at line 41 in method invokeCallback(Landroid/arch/lifecycle/ReflectiveGenericLifecycleObserver$MethodReference;Landroid/arch/lifecycle/LifecycleOwner;Landroid/arch/lifecycle/Lifecycle$Event;)V of the class Landroid/arch/lifecycle/ReflectiveGenericLifecycleObserver; to the sink invoke(Ljava/lang/Object;[Ljava/lang/Object;)Ljava/lang/Object;:NO LEAK
2019-36-26 12:36:04.136 [main] INFO  com.horndroid.z3.FSEngine - 12 [REF] Test if register 1 leaks at line 41 in method invokeCallback(Landroid/arch/lifecycle/ReflectiveGenericLifecycleObserver$MethodReference;Landroid/arch/lifecycle/LifecycleOwner;Landroid/arch/lifecycle/Lifecycle$Event;)V of the class Landroid/arch/lifecycle/ReflectiveGenericLifecycleObserver; to the sink invoke(Ljava/lang/Object;[Ljava/lang/Object;)Ljava/lang/Object;:NO LEAK
2019-37-26 12:37:52.382 [main] INFO  com.horndroid.z3.FSEngine - 13 Test if register 3 leaks at line 65 in method invokeCallback(Landroid/arch/lifecycle/ReflectiveGenericLifecycleObserver$MethodReference;Landroid/arch/lifecycle/LifecycleOwner;Landroid/arch/lifecycle/Lifecycle$Event;)V of the class Landroid/arch/lifecycle/ReflectiveGenericLifecycleObserver; to the sink invoke(Ljava/lang/Object;[Ljava/lang/Object;)Ljava/lang/Object;:NO LEAK
2019-39-26 12:39:40.773 [main] INFO  com.horndroid.z3.FSEngine - 14 [REF] Test if register 3 leaks at line 65 in method invokeCallback(Landroid/arch/lifecycle/ReflectiveGenericLifecycleObserver$MethodReference;Landroid/arch/lifecycle/LifecycleOwner;Landroid/arch/lifecycle/Lifecycle$Event;)V of the class Landroid/arch/lifecycle/ReflectiveGenericLifecycleObserver; to the sink invoke(Ljava/lang/Object;[Ljava/lang/Object;)Ljava/lang/Object;:NO LEAK
2019-41-26 12:41:29.129 [main] INFO  com.horndroid.z3.FSEngine - 15 Test if register 2 leaks at line 65 in method invokeCallback(Landroid/arch/lifecycle/ReflectiveGenericLifecycleObserver$MethodReference;Landroid/arch/lifecycle/LifecycleOwner;Landroid/arch/lifecycle/Lifecycle$Event;)V of the class Landroid/arch/lifecycle/ReflectiveGenericLifecycleObserver; to the sink invoke(Ljava/lang/Object;[Ljava/lang/Object;)Ljava/lang/Object;:NO LEAK
2019-43-26 12:43:17.406 [main] INFO  com.horndroid.z3.FSEngine - 16 [REF] Test if register 2 leaks at line 65 in method invokeCallback(Landroid/arch/lifecycle/ReflectiveGenericLifecycleObserver$MethodReference;Landroid/arch/lifecycle/LifecycleOwner;Landroid/arch/lifecycle/Lifecycle$Event;)V of the class Landroid/arch/lifecycle/ReflectiveGenericLifecycleObserver; to the sink invoke(Ljava/lang/Object;[Ljava/lang/Object;)Ljava/lang/Object;:NO LEAK
2019-45-26 12:45:06.020 [main] INFO  com.horndroid.z3.FSEngine - 17 Test if register 1 leaks at line 65 in method invokeCallback(Landroid/arch/lifecycle/ReflectiveGenericLifecycleObserver$MethodReference;Landroid/arch/lifecycle/LifecycleOwner;Landroid/arch/lifecycle/Lifecycle$Event;)V of the class Landroid/arch/lifecycle/ReflectiveGenericLifecycleObserver; to the sink invoke(Ljava/lang/Object;[Ljava/lang/Object;)Ljava/lang/Object;:NO LEAK
2019-46-26 12:46:54.882 [main] INFO  com.horndroid.z3.FSEngine - 18 [REF] Test if register 1 leaks at line 65 in method invokeCallback(Landroid/arch/lifecycle/ReflectiveGenericLifecycleObserver$MethodReference;Landroid/arch/lifecycle/LifecycleOwner;Landroid/arch/lifecycle/Lifecycle$Event;)V of the class Landroid/arch/lifecycle/ReflectiveGenericLifecycleObserver; to the sink invoke(Ljava/lang/Object;[Ljava/lang/Object;)Ljava/lang/Object;:NO LEAK
2019-47-26 12:47:37.736 [main] INFO  com.horndroid.z3.FSEngine - 19 Test if register 0 leaks at line 15 in method onClick(Landroid/content/DialogInterface;I)V of the class Ledu/wm/cs/semeru/testapp/MainActivity$1; to the sink d(Ljava/lang/String;Ljava/lang/String;)I:POTENTIAL LEAK
2019-49-26 12:49:54.081 [main] INFO  com.horndroid.z3.FSEngine - 20 [REF] Test if register 0 leaks at line 15 in method onClick(Landroid/content/DialogInterface;I)V of the class Ledu/wm/cs/semeru/testapp/MainActivity$1; to the sink d(Ljava/lang/String;Ljava/lang/String;)I:POTENTIAL LEAK
2019-50-26 12:50:32.280 [main] INFO  com.horndroid.z3.FSEngine - 21 Test if register 1 leaks at line 15 in method onClick(Landroid/content/DialogInterface;I)V of the class Ledu/wm/cs/semeru/testapp/MainActivity$1; to the sink d(Ljava/lang/String;Ljava/lang/String;)I:NO LEAK
2019-52-26 12:52:42.094 [main] INFO  com.horndroid.z3.FSEngine - 22 [REF] Test if register 1 leaks at line 15 in method onClick(Landroid/content/DialogInterface;I)V of the class Ledu/wm/cs/semeru/testapp/MainActivity$1; to the sink d(Ljava/lang/String;Ljava/lang/String;)I:POTENTIAL LEAK
2019-53-26 12:53:20.706 [main] INFO  com.horndroid.z3.FSEngine - 23 Test if register 0 leaks at line 15 in method onNavigationItemSelected(Landroid/view/MenuItem;)Z of the class Ledu/wm/cs/semeru/exampleapp/MainActivity; to the sink d(Ljava/lang/String;Ljava/lang/String;)I:NO LEAK
2019-55-26 12:55:10.353 [main] INFO  com.horndroid.z3.FSEngine - 24 [REF] Test if register 0 leaks at line 15 in method onNavigationItemSelected(Landroid/view/MenuItem;)Z of the class Ledu/wm/cs/semeru/exampleapp/MainActivity; to the sink d(Ljava/lang/String;Ljava/lang/String;)I:NO LEAK
2019-55-26 12:55:49.194 [main] INFO  com.horndroid.z3.FSEngine - 25 Test if register 1 leaks at line 15 in method onNavigationItemSelected(Landroid/view/MenuItem;)Z of the class Ledu/wm/cs/semeru/exampleapp/MainActivity; to the sink d(Ljava/lang/String;Ljava/lang/String;)I:NO LEAK
2019-57-26 12:57:38.400 [main] INFO  com.horndroid.z3.FSEngine - 26 [REF] Test if register 1 leaks at line 15 in method onNavigationItemSelected(Landroid/view/MenuItem;)Z of the class Ledu/wm/cs/semeru/exampleapp/MainActivity; to the sink d(Ljava/lang/String;Ljava/lang/String;)I:NO LEAK
2019-57-26 12:57:38.401 [main] DEBUG com.horndroid.executors.HorndroidExecutor - ...done in 2604217 milliseconds
