/home/amit/muse/output/afh_download/schemas/REACHABILITY/afh_download
In file: ApplicationTest.java
Input operator: REACHABILITY
leak-0: <ApplicationTest.<init>>
leak-1: ApplicationTest.ApplicationTest
In file: AlarmReceiver.java
Input operator: REACHABILITY
leak-2: <AlarmReceiver.<init>>
leak-3: AlarmReceiver.onReceive
leak-4: AlarmReceiver.buildPath
In file: LogUtil.java
Input operator: REACHABILITY
leak-5: <LogUtil.<init>>
leak-6: LogUtil.makeLogTag
In file: Download.java
Input operator: REACHABILITY
leak-7: <Download.<init>>
leak-8: Download.onStartCommand
leak-9: Download.onStartCommand
leak-10: Download.onStartCommand
leak-11: Download.onStartCommand
leak-12: Download.onBind
leak-13: <ParseURL.<init>>
leak-14: ParseURL.doInBackground
leak-15: ParseURL.onPostExecute
leak-16: ParseURL.onPostExecute
leak-17: Download.parseUrl
leak-18: Download.parseUrl
leak-19: Download.parseUrl
leak-20: Download.parseUrl
leak-21: Download.parseUrl
leak-22: Download.parseUrl
leak-23: Download.getFirstUrl
leak-24: Download.getFirstUrl
leak-25: Download.getBaseUrl
leak-26: Download.getMD5
leak-27: Download.getMD5
leak-28: Download.getMD5
leak-29: Download.getMD5
leak-30: Download.getDLUrl
leak-31: Download.getDLUrl
leak-32: Download.getDLUrl
leak-33: Download.getDLUrl
leak-34: Download.getDLUrl
leak-35: <dlMd5.<init>>
leak-36: dlMd5.doInBackground
leak-37: dlMd5.doInBackground
leak-38: dlMd5.doInBackground
leak-39: <downloadFirstThread.<init>>
leak-40: downloadFirstThread.doInBackground
leak-41: downloadFirstThread.onPostExecute
leak-42: <ParseURLDownload.<init>>
leak-43: ParseURLDownload.doInBackground
leak-44: ParseURLDownload.onPostExecute
leak-45: ParseURLDownload.onPostExecute
leak-46: Download.download
leak-47: Download.download
leak-48: Download.download
leak-49: Download.download
leak-50: Download.download
leak-51: Download.download
leak-52: Download.download
leak-53: Download.download
leak-54: Download.download
leak-55: Download.download
leak-56: Download.download
leak-57: Download.download
leak-58: Download.download
leak-59: Download.download
leak-60: Download.download
leak-61: Download.download
In file: DirectoryPicker.java
Input operator: REACHABILITY
leak-62: <DirectoryPicker.<init>>
leak-63: DirectoryPicker.onCreate
leak-64: DirectoryPicker.onCreate
leak-65: DirectoryPicker.onCreate
leak-66: DirectoryPicker.onCreate
leak-67: <1.<init>>
leak-68: 1.onClick
leak-69: DirectoryPicker.onCreate
leak-70: <1.<init>>
leak-71: 1.onItemClick
leak-72: DirectoryPicker.onActivityResult
leak-73: DirectoryPicker.onActivityResult
leak-74: DirectoryPicker.returnDir
leak-75: DirectoryPicker.returnDir
leak-76: DirectoryPicker.filter
leak-77: DirectoryPicker.filter
leak-78: DirectoryPicker.names
leak-79: DirectoryPicker.names
In file: PrefsFragment.java
Input operator: REACHABILITY
leak-80: <PrefsFragment.<init>>
leak-81: PrefsFragment.onCreate
leak-82: <1.<init>>
leak-83: 1.onPreferenceClick
In file: SetPreferenceActivity.java
Input operator: REACHABILITY
leak-84: <SetPreferenceActivity.<init>>
leak-85: SetPreferenceActivity.onCreate
In file: MainActivity.java
Input operator: REACHABILITY
leak-86: <MainActivity.<init>>
leak-87: MainActivity.onCreate
leak-88: MainActivity.onCreate
leak-89: MainActivity.onCreate
leak-90: MainActivity.onActivityResult
leak-91: MainActivity.setAlarm
leak-92: MainActivity.setAlarm
leak-93: MainActivity.setAlarm
leak-94: MainActivity.getPref
leak-95: MainActivity.setRecurringAlarm
leak-96: MainActivity.CancelAlarm
leak-97: MainActivity.run
leak-98: MainActivity.buildPath
leak-99: MainActivity.onCreateOptionsMenu
leak-100: MainActivity.onOptionsItemSelected
leak-101: MainActivity.onOptionsItemSelected
leak-102: MainActivity.onOptionsItemSelected
leak-103: MainActivity.onOptionsItemSelected
leak-104: <1.<init>>
leak-105: 1.getCommandsToExecute
leak-106: MainActivity.onRequestPermissionsResult
leak-107: MainActivity.onPermissionsGranted
leak-108: MainActivity.onPermissionsDenied
leak-109: MainActivity.getBaseUrl
leak-110: MainActivity.readFile
leak-111: MainActivity.readFile
leak-112: MainActivity.readFile
leak-113: MainActivity.readFile
leak-114: MainActivity.writeFile
leak-115: MainActivity.writeFile
leak-116: MainActivity.writeFile
leak-117: MainActivity.setList
leak-118: MainActivity.setList
leak-119: MainActivity.setList
leak-120: MainActivity.setList
leak-121: MainActivity.setList
leak-122: MainActivity.setList
leak-123: MainActivity.setList
leak-124: MainActivity.setList
leak-125: MainActivity.setList
leak-126: MainActivity.setList
leak-127: MainActivity.setList
leak-128: MainActivity.setList
leak-129: MainActivity.setList
leak-130: MainActivity.setList
leak-131: MainActivity.setList
leak-132: MainActivity.setList
leak-133: <1.<init>>
leak-134: 1.canDismiss
leak-135: 1.canDismiss
leak-136: 1.onDismiss
leak-137: 1.onDismiss
leak-138: <1.<init>>
leak-139: 1.onClick
leak-140: 1.onClick
leak-141: 1.onClick
leak-142: 1.onClick
leak-143: <1.<init>>
leak-144: 1.onItemClick
leak-145: 1.onItemClick
leak-146: 1.onItemClick
leak-147: MainActivity.message_dialog_yes_no
leak-148: <1.<init>>
leak-149: 1.onClick
leak-150: <ExecuteAsRootBase.<init>>
leak-151: ExecuteAsRootBase.execute
leak-152: ExecuteAsRootBase.execute
leak-153: ExecuteAsRootBase.execute
leak-154: ExecuteAsRootBase.execute
leak-155: ExecuteAsRootBase.execute
leak-156: ExecuteAsRootBase.execute
leak-157: ExecuteAsRootBase.execute
leak-158: ExecuteAsRootBase.execute
leak-159: ExecuteAsRootBase.execute
leak-160: ExecuteAsRootBase.execute
leak-161: ExecuteAsRootBase.execute
leak-162: MainActivity.onResume
leak-163: MainActivity.onPause
In file: BootReceiver.java
Input operator: REACHABILITY
leak-164: <BootReceiver.<init>>
leak-165: BootReceiver.onReceive
leak-166: BootReceiver.onReceive
leak-167: BootReceiver.onReceive
leak-168: BootReceiver.setRecurringAlarm
In file: MainActivityFragment.java
Input operator: REACHABILITY
leak-169: <MainActivityFragment.<init>>
leak-170: MainActivityFragment.MainActivityFragment
leak-171: MainActivityFragment.onCreateView
In file: SwipeDismissTouchListener.java
Input operator: REACHABILITY
leak-172: <SwipeDismissTouchListener.<init>>
leak-173: SwipeDismissTouchListener.SwipeDismissTouchListener
leak-174: SwipeDismissTouchListener.onTouch
leak-175: SwipeDismissTouchListener.onTouch
leak-176: SwipeDismissTouchListener.onTouch
leak-177: SwipeDismissTouchListener.onTouch
leak-178: SwipeDismissTouchListener.onTouch
leak-179: SwipeDismissTouchListener.onTouch
leak-180: SwipeDismissTouchListener.onTouch
leak-181: SwipeDismissTouchListener.onTouch
leak-182: SwipeDismissTouchListener.onTouch
leak-183: SwipeDismissTouchListener.onTouch
leak-184: <1.<init>>
leak-185: 1.onAnimationEnd
leak-186: SwipeDismissTouchListener.onTouch
leak-187: SwipeDismissTouchListener.onTouch
leak-188: SwipeDismissTouchListener.onTouch
leak-189: SwipeDismissTouchListener.onTouch
leak-190: SwipeDismissTouchListener.onTouch
leak-191: SwipeDismissTouchListener.onTouch
leak-192: SwipeDismissTouchListener.onTouch
leak-193: SwipeDismissTouchListener.onTouch
leak-194: SwipeDismissTouchListener.onTouch
leak-195: SwipeDismissTouchListener.onTouch
leak-196: SwipeDismissTouchListener.performDismiss
leak-197: <1.<init>>
leak-198: 1.onAnimationEnd
leak-199: <1.<init>>
leak-200: 1.onAnimationUpdate
In file: AfterPermissionGranted.java
Input operator: REACHABILITY
In file: EasyPermissions.java
Input operator: REACHABILITY
leak-201: <EasyPermissions.<init>>
leak-202: EasyPermissions.hasPermissions
leak-203: EasyPermissions.hasPermissions
leak-204: EasyPermissions.hasPermissions
leak-205: EasyPermissions.requestPermissions
leak-206: EasyPermissions.requestPermissions
leak-207: EasyPermissions.requestPermissions
leak-208: EasyPermissions.requestPermissions
leak-209: <1.<init>>
leak-210: 1.onClick
leak-211: <1.<init>>
leak-212: 1.onClick
leak-213: EasyPermissions.requestPermissions
leak-214: EasyPermissions.onRequestPermissionsResult
leak-215: EasyPermissions.onRequestPermissionsResult
leak-216: EasyPermissions.onRequestPermissionsResult
leak-217: EasyPermissions.onRequestPermissionsResult
leak-218: EasyPermissions.onRequestPermissionsResult
leak-219: EasyPermissions.onRequestPermissionsResult
leak-220: EasyPermissions.onRequestPermissionsResult
leak-221: EasyPermissions.shouldShowRequestPermissionRationale
leak-222: EasyPermissions.shouldShowRequestPermissionRationale
leak-223: EasyPermissions.shouldShowRequestPermissionRationale
leak-224: EasyPermissions.shouldShowRequestPermissionRationale
leak-225: EasyPermissions.executePermissionsRequest
leak-226: EasyPermissions.executePermissionsRequest
leak-227: EasyPermissions.executePermissionsRequest
leak-228: EasyPermissions.getActivity
leak-229: EasyPermissions.getActivity
leak-230: EasyPermissions.getActivity
leak-231: EasyPermissions.getActivity
leak-232: EasyPermissions.runAnnotatedMethods
leak-233: EasyPermissions.runAnnotatedMethods
leak-234: EasyPermissions.runAnnotatedMethods
leak-235: EasyPermissions.runAnnotatedMethods
leak-236: EasyPermissions.runAnnotatedMethods
leak-237: EasyPermissions.runAnnotatedMethods
leak-238: EasyPermissions.runAnnotatedMethods
leak-239: EasyPermissions.runAnnotatedMethods
leak-240: EasyPermissions.runAnnotatedMethods
leak-241: EasyPermissions.checkCallingObjectSuitability
leak-242: EasyPermissions.checkCallingObjectSuitability
leak-243: EasyPermissions.checkCallingObjectSuitability
In file: MD5.java
Input operator: REACHABILITY
leak-244: <MD5.<init>>
leak-245: MD5.checkMD5
leak-246: MD5.checkMD5
leak-247: MD5.checkMD5
leak-248: MD5.calculateMD5
leak-249: MD5.calculateMD5
leak-250: MD5.calculateMD5
leak-251: MD5.calculateMD5
leak-252: MD5.calculateMD5
leak-253: MD5.calculateMD5
leak-254: MD5.calculateMD5
leak-255: MD5.calculateMD5
leak-256: MD5.calculateMD5
leak-257: MD5.calculateMD5
leak-258: MD5.calculateMD5
In file: SwipeDismissListViewTouchListener.java
Input operator: REACHABILITY
leak-259: <SwipeDismissListViewTouchListener.<init>>
leak-260: SwipeDismissListViewTouchListener.SwipeDismissListViewTouchListener
leak-261: SwipeDismissListViewTouchListener.setEnabled
leak-262: SwipeDismissListViewTouchListener.makeScrollListener
leak-263: <1.<init>>
leak-264: 1.onScrollStateChanged
leak-265: 1.onScroll
leak-266: SwipeDismissListViewTouchListener.onTouch
leak-267: SwipeDismissListViewTouchListener.onTouch
leak-268: SwipeDismissListViewTouchListener.onTouch
leak-269: SwipeDismissListViewTouchListener.onTouch
leak-270: SwipeDismissListViewTouchListener.onTouch
leak-271: SwipeDismissListViewTouchListener.onTouch
leak-272: SwipeDismissListViewTouchListener.onTouch
leak-273: SwipeDismissListViewTouchListener.onTouch
leak-274: SwipeDismissListViewTouchListener.onTouch
leak-275: SwipeDismissListViewTouchListener.onTouch
leak-276: SwipeDismissListViewTouchListener.onTouch
leak-277: SwipeDismissListViewTouchListener.onTouch
leak-278: SwipeDismissListViewTouchListener.onTouch
leak-279: SwipeDismissListViewTouchListener.onTouch
leak-280: SwipeDismissListViewTouchListener.onTouch
leak-281: SwipeDismissListViewTouchListener.onTouch
leak-282: SwipeDismissListViewTouchListener.onTouch
leak-283: SwipeDismissListViewTouchListener.onTouch
leak-284: <1.<init>>
leak-285: 1.onAnimationEnd
leak-286: SwipeDismissListViewTouchListener.onTouch
leak-287: SwipeDismissListViewTouchListener.onTouch
leak-288: SwipeDismissListViewTouchListener.onTouch
leak-289: SwipeDismissListViewTouchListener.onTouch
leak-290: SwipeDismissListViewTouchListener.onTouch
leak-291: SwipeDismissListViewTouchListener.onTouch
leak-292: SwipeDismissListViewTouchListener.onTouch
leak-293: <PendingDismissData.<init>>
leak-294: PendingDismissData.PendingDismissData
leak-295: PendingDismissData.compareTo
leak-296: SwipeDismissListViewTouchListener.performDismiss
leak-297: <1.<init>>
leak-298: 1.onAnimationEnd
leak-299: 1.onAnimationEnd
leak-300: 1.onAnimationEnd
leak-301: 1.onAnimationEnd
leak-302: <1.<init>>
leak-303: 1.onAnimationUpdate
In file: MyCustomAdapter.java
Input operator: REACHABILITY
leak-304: <MyCustomAdapter.<init>>
leak-305: MyCustomAdapter.MyCustomAdapter
leak-306: MyCustomAdapter.getView
leak-307: MyCustomAdapter.getView
leak-308: MyCustomAdapter.getView
leak-309: MyCustomAdapter.getView
leak-310: MyCustomAdapter.getView
leak-311: MyCustomAdapter.getView
leak-312: MyCustomAdapter.getView
leak-313: MyCustomAdapter.getView
leak-314: MyCustomAdapter.getView
leak-315: <ViewHolder.<init>>
