/home/amit/muse/output/android-timetracker/schemas/REACHABILITY/android-timetracker
In file: TimeRangeTest.java
Input operator: REACHABILITY
leak-0: <TimeRangeTest.<init>>
leak-1: TimeRangeTest.testTimeRange
leak-2: TimeRangeTest.testSetters
leak-3: TimeRangeTest.testGetTotal
leak-4: TimeRangeTest.testToString
In file: TimeRange.java
Input operator: REACHABILITY
leak-5: <TimeRange.<init>>
leak-6: TimeRange.TimeRange
leak-7: TimeRange.getStart
leak-8: TimeRange.setStart
leak-9: TimeRange.getEnd
leak-10: TimeRange.setEnd
leak-11: TimeRange.getTotal
leak-12: TimeRange.getTotal
leak-13: TimeRange.toString
leak-14: TimeRange.toString
leak-15: TimeRange.toString
leak-16: TimeRange.format
leak-17: TimeRange.format
leak-18: TimeRange.format
leak-19: TimeRange.compareTo
leak-20: TimeRange.compareTo
leak-21: TimeRange.compareTo
leak-22: TimeRange.compareTo
leak-23: TimeRange.compareTo
leak-24: TimeRange.compareTo
leak-25: TimeRange.compareTo
leak-26: TimeRange.compareTo
leak-27: TimeRange.compareTo
leak-28: TimeRange.equals
leak-29: TimeRange.equals
leak-30: TimeRange.equals
leak-31: TimeRange.hashCode
leak-32: TimeRange.overlap
leak-33: TimeRange.overlap
leak-34: TimeRange.overlap
In file: Activities.java
Input operator: REACHABILITY
leak-35: <Activities.<init>>
leak-36: Activities.onCreate
leak-37: Activities.onCreate
leak-38: Activities.onCreate
leak-39: Activities.onCreate
leak-40: <1.<init>>
leak-41: 1.run
leak-42: 1.run
leak-43: Activities.onCreate
leak-44: Activities.onCreate
leak-45: Activities.onCreate
leak-46: Activities.onCreate
leak-47: Activities.onPause
leak-48: Activities.onPause
leak-49: Activities.onStop
leak-50: Activities.onStop
leak-51: Activities.onStop
leak-52: Activities.onResume
leak-53: Activities.onResume
leak-54: Activities.onCreateOptionsMenu
leak-55: Activities.onCreateContextMenu
leak-56: Activities.onContextItemSelected
leak-57: Activities.onContextItemSelected
leak-58: Activities.onMenuItemSelected
leak-59: Activities.onCreateDialog
leak-60: Activities.onCreateDialog
leak-61: Activities.onCreateDialog
leak-62: Activities.onCreateDialog
leak-63: Activities.onCreateDialog
leak-64: Activities.perform
leak-65: Activities.perform
leak-66: Activities.perform
leak-67: Activities.perform
leak-68: Activities.perform
leak-69: Activities.openChangeViewDialog
leak-70: <1.<init>>
leak-71: 1.onClick
leak-72: 1.onClick
leak-73: <1.<init>>
leak-74: 1.onDateSet
leak-75: <1.<init>>
leak-76: 1.onDateSet
leak-77: 1.onClick
leak-78: Activities.switchView
leak-79: Activities.setTitle
leak-80: Activities.setTitle
leak-81: Activities.openNewActivityDialog
leak-82: <1.<init>>
leak-83: 1.onClick
leak-84: 1.onClick
leak-85: Activities.openEditActivityDialog
leak-86: Activities.openEditActivityDialog
leak-87: <1.<init>>
leak-88: 1.onClick
leak-89: 1.onClick
leak-90: Activities.openDeleteActivityDialog
leak-91: Activities.openDeleteActivityDialog
leak-92: <1.<init>>
leak-93: 1.onClick
leak-94: Activities.export
leak-95: Activities.export
leak-96: Activities.export
leak-97: Activities.export
leak-98: Activities.export
leak-99: Activities.getRangeName
leak-100: Activities.getRangeName
leak-101: Activities.getVersionName
leak-102: Activities.getVersionName
leak-103: Activities.getVersionName
leak-104: Activities.getVersionName
leak-105: Activities.openAboutDialog
leak-106: Activities.onPrepareDialog
leak-107: Activities.requestExport
leak-108: Activities.requestExport
leak-109: <1.<init>>
leak-110: 1.onClick
leak-111: Activities.requestExport
leak-112: Activities.requestBackupRestore
leak-113: Activities.requestBackupRestore
leak-114: <1.<init>>
leak-115: 1.onClick
leak-116: Activities.requestBackupRestore
leak-117: Activities.requestBackupCreation
leak-118: Activities.requestBackupCreation
leak-119: <1.<init>>
leak-120: 1.onClick
leak-121: Activities.requestBackupCreation
leak-122: Activities.doExport
leak-123: Activities.doBackupRestore
leak-124: Activities.doBackupRestore
leak-125: Activities.doBackupRestore
leak-126: Activities.doBackupRestore
leak-127: Activities.doBackupRestore
leak-128: Activities.doBackupCreation
leak-129: Activities.doBackupCreation
leak-130: Activities.doBackupCreation
leak-131: Activities.doBackupCreation
leak-132: Activities.doBackupCreation
leak-133: Activities.doBackupCreation
leak-134: Activities.doBackupCreation
leak-135: Activities.doBackupCreation
leak-136: Activities.doBackupCreation
leak-137: Activities.doBackupCreation
leak-138: Activities.doBackupCreation
leak-139: Activities.doBackupCreation
leak-140: Activities.doBackupCreation
leak-141: Activities.onRequestPermissionsResult
leak-142: Activities.onRequestPermissionsResult
leak-143: Activities.onRequestPermissionsResult
leak-144: Activities.onRequestPermissionsResult
leak-145: <ActivityView.<init>>
leak-146: ActivityView.ActivityView
leak-147: ActivityView.setActivity
leak-148: ActivityView.markupSelectedActivity
leak-149: ActivityView.markupSelectedActivity
leak-150: ActivityView.markupSelectedActivity
leak-151: Activities.formatTotal
leak-152: Activities.formatTotal
leak-153: Activities.formatTotal
leak-154: Activities.formatTotal
leak-155: Activities.formatTotal
leak-156: Activities.formatTotal
leak-157: <ActivityAdapter.<init>>
leak-158: ActivityAdapter.ActivityAdapter
leak-159: ActivityAdapter.close
leak-160: ActivityAdapter.loadActivities
leak-161: ActivityAdapter.loadActivity
leak-162: ActivityAdapter.loadActivities
leak-163: ActivityAdapter.makeWhereClause
leak-164: ActivityAdapter.makeWhereClause
leak-165: ActivityAdapter.makeWhereClause
leak-166: ActivityAdapter.loadActivities
leak-167: ActivityAdapter.loadActivities
leak-168: ActivityAdapter.loadActivities
leak-169: ActivityAdapter.loadActivities
leak-170: ActivityAdapter.loadActivities
leak-171: ActivityAdapter.loadActivities
leak-172: ActivityAdapter.getCurrentRange
leak-173: ActivityAdapter.getCurrentRange
leak-174: ActivityAdapter.findCurrentlyActive
leak-175: ActivityAdapter.findCurrentlyActive
leak-176: ActivityAdapter.findCurrentlyActive
leak-177: ActivityAdapter.addActivity
leak-178: ActivityAdapter.updateActivity
leak-179: ActivityAdapter.updateActivity
leak-180: ActivityAdapter.updateActivity
leak-181: ActivityAdapter.updateActivity
leak-182: ActivityAdapter.deleteActivity
leak-183: ActivityAdapter.getCount
leak-184: ActivityAdapter.getItem
leak-185: ActivityAdapter.getItemId
leak-186: ActivityAdapter.getView
leak-187: ActivityAdapter.getView
leak-188: ActivityAdapter.getView
leak-189: ActivityAdapter.getView
leak-190: ActivityAdapter.getView
leak-191: Activities.onListItemClick
leak-192: Activities.onListItemClick
leak-193: Activities.onListItemClick
leak-194: Activities.onListItemClick
leak-195: Activities.onListItemClick
leak-196: Activities.onListItemClick
leak-197: Activities.onListItemClick
leak-198: Activities.onListItemClick
leak-199: Activities.onListItemClick
leak-200: Activities.onListItemClick
leak-201: Activities.onListItemClick
leak-202: Activities.onListItemClick
leak-203: Activities.onListItemClick
leak-204: Activities.onListItemClick
leak-205: Activities.onListItemClick
leak-206: Activities.onActivityResult
leak-207: Activities.onActivityResult
leak-208: Activities.onActivityResult
leak-209: Activities.onActivityResult
leak-210: Activities.onActivityResult
leak-211: Activities.onActivityResult
leak-212: Activities.onActivityResult
leak-213: Activities.onActivityResult
leak-214: Activities.onActivityResult
leak-215: Activities.onActivityResult
leak-216: Activities.onActivityResult
leak-217: Activities.onActivityResult
leak-218: Activities.finishedCopy
leak-219: Activities.finishedCopy
In file: Settings.java
Input operator: REACHABILITY
leak-220: <Settings.<init>>
leak-221: Settings.onCreate
leak-222: Settings.onCreate
leak-223: Settings.onCreate
leak-224: Settings.onCreate
leak-225: Settings.addBooleanPreference
leak-226: Settings.updateFontPrefs
leak-227: Settings.onListItemClick
leak-228: Settings.onListItemClick
leak-229: Settings.onListItemClick
leak-230: Settings.onListItemClick
leak-231: Settings.onListItemClick
leak-232: Settings.onClick
leak-233: Settings.onClick
leak-234: Settings.onClick
leak-235: Settings.onClick
leak-236: Settings.onClick
leak-237: Settings.onClick
leak-238: Settings.<init>
leak-239: Settings.<init>
leak-240: Settings.onCreateDialog
leak-241: <1.<init>>
leak-242: 1.onClick
leak-243: <1.<init>>
leak-244: 1.onClick
In file: DBBackup.java
Input operator: REACHABILITY
leak-245: <DBBackup.<init>>
leak-246: DBBackup.DBBackup
leak-247: DBBackup.doInBackground
leak-248: DBBackup.doInBackground
leak-249: DBBackup.doInBackground
leak-250: DBBackup.doInBackground
leak-251: DBBackup.doInBackground
leak-252: DBBackup.doInBackground
leak-253: DBBackup.onPostExecute
leak-254: DBBackup.onProgressUpdate
leak-255: DBBackup.onProgressUpdate
leak-256: DBBackup.onProgressUpdate
leak-257: DBBackup.onProgressUpdate
leak-258: DBBackup.onProgressUpdate
leak-259: DBBackup.onCancelled
leak-260: DBBackup.copyTimes
leak-261: DBBackup.copyTimes
leak-262: DBBackup.copyTimes
leak-263: DBBackup.copyTimes
leak-264: DBBackup.copyTimes
leak-265: DBBackup.copyTimes
leak-266: DBBackup.copyTimes
leak-267: DBBackup.copyTimes
leak-268: DBBackup.copyTimes
leak-269: DBBackup.copyTimes
leak-270: DBBackup.copyActivity
leak-271: DBBackup.copyActivity
leak-272: DBBackup.readActivities
leak-273: DBBackup.readActivities
leak-274: DBBackup.readActivities
In file: DBHelper.java
Input operator: REACHABILITY
leak-275: <DBHelper.<init>>
leak-276: DBHelper.DBHelper
leak-277: DBHelper.onCreate
leak-278: DBHelper.onUpgrade
leak-279: DBHelper.onUpgrade
leak-280: DBHelper.onUpgrade
In file: CSVExporter.java
Input operator: REACHABILITY
leak-281: <CSVExporter.<init>>
leak-282: CSVExporter.escape
leak-283: CSVExporter.escape
leak-284: CSVExporter.escape
leak-285: CSVExporter.exportRows
leak-286: CSVExporter.exportRows
leak-287: CSVExporter.exportRows
leak-288: CSVExporter.exportRows
leak-289: CSVExporter.exportRows
leak-290: CSVExporter.exportRows
leak-291: CSVExporter.exportRows
leak-292: CSVExporter.exportRows
leak-293: CSVExporter.exportRows
leak-294: CSVExporter.exportRows
leak-295: CSVExporter.exportRows
leak-296: CSVExporter.exportRows
leak-297: CSVExporter.exportRows
In file: Activity.java
Input operator: REACHABILITY
leak-298: <Activity.<init>>
leak-299: Activity.Activity
leak-300: Activity.getId
leak-301: Activity.getName
leak-302: Activity.setName
leak-303: Activity.getTotal
leak-304: Activity.getTotal
leak-305: Activity.setCollapsed
leak-306: Activity.getCollapsed
leak-307: Activity.start
leak-308: Activity.start
leak-309: Activity.stop
leak-310: Activity.stop
leak-311: Activity.getStartTime
leak-312: Activity.setStartTime
leak-313: Activity.getEndTime
leak-314: Activity.setEndTime
leak-315: Activity.hashCode
leak-316: Activity.equals
leak-317: Activity.equals
leak-318: Activity.equals
leak-319: Activity.equals
leak-320: Activity.compareTo
leak-321: Activity.isRunning
In file: Report.java
Input operator: REACHABILITY
leak-322: <Report.<init>>
leak-323: Report.Day
leak-324: Report.fromCalEnum
leak-325: Report.fromCalEnum
leak-326: Report.fromCalEnum
leak-327: Report.toString
leak-328: Report.calEnum
leak-329: Report.onCreate
leak-330: Report.onStop
leak-331: Report.onCreateOptionsMenu
leak-332: Report.onMenuItemSelected
leak-333: Report.onCreateDialog
leak-334: Report.requestExport
leak-335: Report.requestExport
leak-336: <1.<init>>
leak-337: 1.onClick
leak-338: Report.requestExport
leak-339: Report.export
leak-340: Report.export
leak-341: Report.export
leak-342: Report.export
leak-343: Report.doExport
leak-344: Report.doExport
leak-345: Report.doExport
leak-346: Report.doExport
leak-347: Report.onRequestPermissionsResult
leak-348: Report.onRequestPermissionsResult
leak-349: Report.getCurrentRange
leak-350: Report.getCurrentRange
leak-351: Report.getCurrentRange
leak-352: Report.getCurrentRange
leak-353: Report.getCurrentRange
leak-354: Report.getCurrentRange
leak-355: Report.getCurrentRange
leak-356: Report.getCurrentRange
leak-357: Report.getCurrentRange
leak-358: Report.getCurrentRange
leak-359: Report.getRangeName
leak-360: Report.createTotals
leak-361: Report.createTotals
leak-362: Report.createTotals
leak-363: Report.createTotals
leak-364: Report.onResume
leak-365: Report.onPause
leak-366: Report.createHeader
leak-367: Report.createHeader
leak-368: Report.createHeader
leak-369: Report.createHeader
leak-370: Report.createReport
leak-371: Report.createReport
leak-372: Report.createReport
leak-373: Report.createReport
leak-374: Report.createReport
leak-375: Report.weekStart
leak-376: Report.weekEnd
leak-377: Report.onClick
leak-378: Report.fillInActivitiesAndRanges
leak-379: Report.fillInActivitiesAndRanges
leak-380: Report.fillInActivitiesAndRanges
leak-381: Report.fillInActivitiesAndRanges
leak-382: Report.fillInActivitiesAndRanges
leak-383: Report.getDays
leak-384: Report.getDays
leak-385: Report.getDays
leak-386: Report.getDays
leak-387: Report.getDays
leak-388: Report.getDays
leak-389: Report.getDays
In file: EditTime.java
Input operator: REACHABILITY
leak-390: <EditTime.<init>>
leak-391: EditTime.onCreate
leak-392: EditTime.onCreate
leak-393: EditTime.onCreate
leak-394: EditTime.onCreate
leak-395: EditTime.onResume
leak-396: EditTime.onResume
leak-397: EditTime.onResume
leak-398: EditTime.onResume
leak-399: EditTime.onResume
leak-400: EditTime.onClick
leak-401: EditTime.onClick
leak-402: EditTime.onClick
leak-403: EditTime.onCreateDialog
In file: ActivityTimes.java
Input operator: REACHABILITY
leak-404: <ActivityTimes.<init>>
leak-405: ActivityTimes.onCreate
leak-406: ActivityTimes.onCreate
leak-407: ActivityTimes.onCreate
leak-408: ActivityTimes.onCreate
leak-409: ActivityTimes.onCreate
leak-410: ActivityTimes.onCreate
leak-411: ActivityTimes.onStop
leak-412: ActivityTimes.onResume
leak-413: ActivityTimes.onCreateOptionsMenu
leak-414: ActivityTimes.onOptionsItemSelected
leak-415: ActivityTimes.onOptionsItemSelected
leak-416: ActivityTimes.onCreateContextMenu
leak-417: ActivityTimes.onContextItemSelected
leak-418: ActivityTimes.onClick
leak-419: ActivityTimes.onCreateDialog
leak-420: <TimesAdapter.<init>>
leak-421: TimesAdapter.TimesAdapter
leak-422: TimesAdapter.areAllItemsEnabled
leak-423: TimesAdapter.isEnabled
leak-424: TimesAdapter.close
leak-425: TimesAdapter.deleteTimeRange
leak-426: TimesAdapter.deleteTimeRange
leak-427: TimesAdapter.deleteTimeRange
leak-428: TimesAdapter.deleteTimeRange
leak-429: TimesAdapter.deleteTimeRange
leak-430: TimesAdapter.loadTimes
leak-431: TimesAdapter.loadTimes
leak-432: TimesAdapter.loadTimes
leak-433: TimesAdapter.loadTimes
leak-434: TimesAdapter.loadTimes
leak-435: TimesAdapter.getView
leak-436: TimesAdapter.getView
leak-437: TimesAdapter.getView
leak-438: TimesAdapter.getView
leak-439: TimesAdapter.getView
leak-440: TimesAdapter.getView
leak-441: TimesAdapter.getView
leak-442: TimesAdapter.getCount
leak-443: TimesAdapter.getItem
leak-444: TimesAdapter.getItemId
leak-445: TimesAdapter.assignTimeToActivityAt
leak-446: TimesAdapter.assignTimeToActivityAt
leak-447: TimesAdapter.assignTimeToActivityAt
leak-448: TimesAdapter.assignTimeToActivityAt
leak-449: TimesAdapter.assignTimeToActivityAt
leak-450: TimesAdapter.assignTimeToActivityAt
leak-451: TimesAdapter.assignTimeToActivityAt
leak-452: <TimeView.<init>>
leak-453: TimeView.TimeView
leak-454: TimeView.setTimeRange
leak-455: TimesAdapter.clear
leak-456: TimesAdapter.addTimeRange
leak-457: TimesAdapter.insert
leak-458: TimesAdapter.insert
leak-459: TimesAdapter.insert
leak-460: TimesAdapter.insert
leak-461: TimesAdapter.insert
leak-462: TimesAdapter.insert
leak-463: TimesAdapter.startOfDay
leak-464: TimesAdapter.addSeparators
leak-465: TimesAdapter.addSeparators
leak-466: TimesAdapter.addSeparators
leak-467: TimesAdapter.updateTimeRange
leak-468: TimesAdapter.updateTimeRange
leak-469: TimesAdapter.updateTimeRange
leak-470: TimesAdapter.updateTimeRange
leak-471: TimesAdapter.updateTimeRange
leak-472: TimesAdapter.getActivityNames
leak-473: ActivityTimes.onActivityResult
leak-474: ActivityTimes.onActivityResult
leak-475: ActivityTimes.onListItemClick
leak-476: ActivityTimes.onListItemClick
