/home/amit/muse/output/CalendarTrigger/schemas/REACHABILITY/CalendarTrigger
In file: MyLog.java
Input operator: REACHABILITY
leak-0: <MyLog.<init>>
leak-1: <notDirectoryException.<init>>
leak-2: <cannotCreateException.<init>>
leak-3: MyLog.LogFileName
leak-4: MyLog.SettingsFileName
leak-5: MyLog.ensureLogDirectory
leak-6: MyLog.ensureLogDirectory
leak-7: MyLog.ensureLogDirectory
leak-8: MyLog.ensureLogDirectory
leak-9: MyLog.MyLog
leak-10: MyLog.MyLog
leak-11: MyLog.MyLog
leak-12: MyLog.MyLog
leak-13: MyLog.MyLog
leak-14: MyLog.MyLog
leak-15: MyLog.MyLog
In file: ComparatorChain.java
Input operator: REACHABILITY
leak-16: <ComparatorChain.<init>>
leak-17: ComparatorChain.ComparatorChain
leak-18: ComparatorChain.ComparatorChain
leak-19: ComparatorChain.ComparatorChain
leak-20: ComparatorChain.ComparatorChain
leak-21: ComparatorChain.ComparatorChain
leak-22: ComparatorChain.ComparatorChain
leak-23: ComparatorChain.addComparator
leak-24: ComparatorChain.addComparator
leak-25: ComparatorChain.addComparator
leak-26: ComparatorChain.setComparator
leak-27: ComparatorChain.setComparator
leak-28: ComparatorChain.setComparator
leak-29: ComparatorChain.setComparator
leak-30: ComparatorChain.setForwardSort
leak-31: ComparatorChain.setReverseSort
leak-32: ComparatorChain.size
leak-33: ComparatorChain.isLocked
leak-34: ComparatorChain.checkLocked
leak-35: ComparatorChain.checkLocked
leak-36: ComparatorChain.checkChainIntegrity
leak-37: ComparatorChain.checkChainIntegrity
leak-38: ComparatorChain.compare
leak-39: ComparatorChain.compare
leak-40: ComparatorChain.compare
leak-41: ComparatorChain.compare
leak-42: ComparatorChain.compare
leak-43: ComparatorChain.compare
leak-44: ComparatorChain.compare
leak-45: ComparatorChain.hashCode
leak-46: ComparatorChain.hashCode
leak-47: ComparatorChain.hashCode
leak-48: ComparatorChain.equals
leak-49: ComparatorChain.equals
leak-50: ComparatorChain.equals
leak-51: ComparatorChain.equals
leak-52: ComparatorChain.clear
In file: DirectoryFileComparator.java
Input operator: REACHABILITY
leak-53: <DirectoryFileComparator.<init>>
leak-54: DirectoryFileComparator.compare
leak-55: DirectoryFileComparator.compare
leak-56: DirectoryFileComparator.compare
In file: NameComparator.java
Input operator: REACHABILITY
leak-57: <NameComparator.<init>>
leak-58: NameComparator.compare
In file: CreateClassDialog.java
Input operator: REACHABILITY
leak-59: <CreateClassDialog.<init>>
leak-60: CreateClassDialog.CreateClassDialog
leak-61: CreateClassDialog.onCreateView
leak-62: <1.<init>>
leak-63: 1.onClick
leak-64: <1.<init>>
leak-65: 1.onTextChanged
leak-66: 1.beforeTextChanged
leak-67: 1.afterTextChanged
leak-68: 1.afterTextChanged
leak-69: 1.afterTextChanged
leak-70: <1.<init>>
leak-71: 1.onClick
In file: ActionStopFragment.java
Input operator: REACHABILITY
leak-72: <ActionStopFragment.<init>>
leak-73: ActionStopFragment.ActionStopFragment
leak-74: ActionStopFragment.newInstance
leak-75: ActionStopFragment.openThis
leak-76: ActionStopFragment.onCreateView
leak-77: ActionStopFragment.onResume
leak-78: <1.<init>>
leak-79: 1.onLongClick
leak-80: <1.<init>>
leak-81: 1.onLongClick
leak-82: <1.<init>>
leak-83: 1.onLongClick
leak-84: <1.<init>>
leak-85: 1.onCheckedChanged
leak-86: <1.<init>>
leak-87: 1.onLongClick
leak-88: ActionStopFragment.onResume
leak-89: ActionStopFragment.onResume
leak-90: <1.<init>>
leak-91: 1.onClick
leak-92: <1.<init>>
leak-93: 1.onLongClick
leak-94: 1.onLongClick
leak-95: 1.onLongClick
leak-96: ActionStopFragment.onPause
leak-97: ActionStopFragment.onPause
leak-98: ActionStopFragment.onPause
leak-99: ActionStopFragment.onPause
In file: DisabledRadioButton.java
Input operator: REACHABILITY
leak-100: <DisabledRadioButton.<init>>
leak-101: DisabledRadioButton.DisabledRadioButton
leak-102: DisabledRadioButton.DisabledRadioButton
leak-103: DisabledRadioButton.DisabledRadioButton
leak-104: DisabledRadioButton.DisabledRadioButton
leak-105: DisabledRadioButton.performClick
In file: FakeContact.java
Input operator: REACHABILITY
leak-106: <FakeContact.<init>>
leak-107: FakeContact.onCreate
leak-108: FakeContact.doDumpOne
leak-109: FakeContact.doDumpOne
leak-110: FakeContact.doDumpOne
leak-111: FakeContact.doDumpOne
leak-112: FakeContact.doDumpOne
leak-113: FakeContact.doLogAll
leak-114: FakeContact.doLogAll
leak-115: FakeContact.doDumpAll
leak-116: FakeContact.doDumpAll
leak-117: FakeContact.doDumpAll
leak-118: FakeContact.doDumpAll
leak-119: FakeContact.doDumpAll
leak-120: FakeContact.reResume
leak-121: FakeContact.reResume
leak-122: FakeContact.reResume
leak-123: FakeContact.reResume
leak-124: FakeContact.reResume
leak-125: FakeContact.reResume
leak-126: FakeContact.reResume
leak-127: FakeContact.reResume
leak-128: FakeContact.reResume
leak-129: FakeContact.reResume
leak-130: FakeContact.reResume
leak-131: <1.<init>>
leak-132: 1.onClick
leak-133: <1.<init>>
leak-134: 1.onClick
leak-135: <1.<init>>
leak-136: 1.onClick
leak-137: <1.<init>>
leak-138: 1.onClick
leak-139: <1.<init>>
leak-140: 1.onClick
leak-141: FakeContact.onResume
leak-142: FakeContact.onResume
leak-143: FakeContact.onResume
leak-144: FakeContact.onResume
leak-145: FakeContact.onBackPressed
leak-146: FakeContact.onBackPressed
leak-147: FakeContact.onBackPressed
leak-148: FakeContact.onPause
leak-149: FakeContact.onPause
leak-150: FakeContact.onPause
leak-151: FakeContact.onPause
leak-152: FakeContact.onPause
leak-153: FakeContact.onPause
leak-154: FakeContact.onPause
leak-155: FakeContact.onPause
leak-156: FakeContact.onPause
leak-157: FakeContact.onPause
leak-158: FakeContact.onPause
leak-159: FakeContact.onPause
leak-160: FakeContact.onPause
leak-161: FakeContact.onPause
leak-162: FakeContact.onPause
leak-163: FakeContact.onPause
leak-164: FakeContact.onPause
leak-165: FakeContact.onPause
leak-166: FakeContact.onPause
In file: ActionStartFragment.java
Input operator: REACHABILITY
leak-167: <ActionStartFragment.<init>>
leak-168: ActionStartFragment.ActionStartFragment
leak-169: ActionStartFragment.newInstance
leak-170: ActionStartFragment.openThis
leak-171: ActionStartFragment.onCreateView
leak-172: ActionStartFragment.onResume
leak-173: ActionStartFragment.onResume
leak-174: ActionStartFragment.onResume
leak-175: <1.<init>>
leak-176: 1.onLongClick
leak-177: <1.<init>>
leak-178: 1.onLongClick
leak-179: <1.<init>>
leak-180: 1.onLongClick
leak-181: ActionStartFragment.onResume
leak-182: <1.<init>>
leak-183: 1.onLongClick
leak-184: ActionStartFragment.onResume
leak-185: ActionStartFragment.onResume
leak-186: ActionStartFragment.onResume
leak-187: <1.<init>>
leak-188: 1.onLongClick
leak-189: ActionStartFragment.onResume
leak-190: <1.<init>>
leak-191: 1.onLongClick
leak-192: ActionStartFragment.onResume
leak-193: <1.<init>>
leak-194: 1.onLongClick
leak-195: ActionStartFragment.onResume
leak-196: <1.<init>>
leak-197: 1.onLongClick
leak-198: ActionStartFragment.onResume
leak-199: ActionStartFragment.onResume
leak-200: ActionStartFragment.onResume
leak-201: <1.<init>>
leak-202: 1.onLongClick
leak-203: ActionStartFragment.onResume
leak-204: <1.<init>>
leak-205: 1.onLongClick
leak-206: ActionStartFragment.onResume
leak-207: <1.<init>>
leak-208: 1.onLongClick
leak-209: ActionStartFragment.onResume
leak-210: ActionStartFragment.onResume
leak-211: ActionStartFragment.onResume
leak-212: <1.<init>>
leak-213: 1.onLongClick
leak-214: ActionStartFragment.onResume
leak-215: <1.<init>>
leak-216: 1.onLongClick
leak-217: ActionStartFragment.onResume
leak-218: <1.<init>>
leak-219: 1.onLongClick
leak-220: ActionStartFragment.onResume
leak-221: <1.<init>>
leak-222: 1.onLongClick
leak-223: <1.<init>>
leak-224: 1.onCheckedChanged
leak-225: <1.<init>>
leak-226: 1.onLongClick
leak-227: ActionStartFragment.onResume
leak-228: ActionStartFragment.onResume
leak-229: <1.<init>>
leak-230: 1.onClick
leak-231: <1.<init>>
leak-232: 1.onLongClick
leak-233: 1.onLongClick
leak-234: 1.onLongClick
leak-235: ActionStartFragment.onPause
leak-236: ActionStartFragment.onPause
leak-237: ActionStartFragment.onPause
leak-238: ActionStartFragment.onPause
In file: ActionFragment.java
Input operator: REACHABILITY
leak-239: <ActionFragment.<init>>
leak-240: ActionFragment.ActionFragment
leak-241: ActionFragment.getDefaultDir
leak-242: ActionFragment.getFile
leak-243: ActionFragment.openThis
In file: ArrayAdapter.java
Input operator: REACHABILITY
leak-244: <ArrayAdapter.<init>>
leak-245: ArrayAdapter.ArrayAdapter
leak-246: ArrayAdapter.ArrayAdapter
leak-247: ArrayAdapter.ArrayAdapter
leak-248: ArrayAdapter.ArrayAdapter
leak-249: ArrayAdapter.ArrayAdapter
leak-250: ArrayAdapter.ArrayAdapter
leak-251: ArrayAdapter.add
leak-252: ArrayAdapter.add
leak-253: ArrayAdapter.add
leak-254: ArrayAdapter.add
leak-255: ArrayAdapter.addAll
leak-256: ArrayAdapter.addAll
leak-257: ArrayAdapter.addAll
leak-258: ArrayAdapter.addAll
leak-259: ArrayAdapter.addAll
leak-260: ArrayAdapter.addAll
leak-261: ArrayAdapter.addAll
leak-262: ArrayAdapter.addAll
leak-263: ArrayAdapter.insert
leak-264: ArrayAdapter.insert
leak-265: ArrayAdapter.insert
leak-266: ArrayAdapter.insert
leak-267: ArrayAdapter.remove
leak-268: ArrayAdapter.remove
leak-269: ArrayAdapter.remove
leak-270: ArrayAdapter.remove
leak-271: ArrayAdapter.clear
leak-272: ArrayAdapter.clear
leak-273: ArrayAdapter.clear
leak-274: ArrayAdapter.clear
leak-275: ArrayAdapter.clearNoNotification
leak-276: ArrayAdapter.clearNoNotification
leak-277: ArrayAdapter.clearNoNotification
leak-278: ArrayAdapter.clearNoNotification
leak-279: ArrayAdapter.sort
leak-280: ArrayAdapter.sort
leak-281: ArrayAdapter.sort
leak-282: ArrayAdapter.sort
leak-283: ArrayAdapter.notifyDataSetChanged
leak-284: ArrayAdapter.setNotifyOnChange
leak-285: ArrayAdapter.init
leak-286: ArrayAdapter.getContext
leak-287: ArrayAdapter.getCount
leak-288: ArrayAdapter.getItem
leak-289: ArrayAdapter.getPosition
leak-290: ArrayAdapter.getItemId
leak-291: ArrayAdapter.getView
leak-292: ArrayAdapter.createViewFromResource
leak-293: ArrayAdapter.createViewFromResource
leak-294: ArrayAdapter.createViewFromResource
leak-295: ArrayAdapter.createViewFromResource
leak-296: ArrayAdapter.createViewFromResource
leak-297: ArrayAdapter.createViewFromResource
leak-298: ArrayAdapter.createViewFromResource
leak-299: ArrayAdapter.createViewFromResource
leak-300: ArrayAdapter.createViewFromResource
leak-301: ArrayAdapter.setDropDownViewResource
leak-302: ArrayAdapter.getDropDownView
leak-303: ArrayAdapter.createFromResource
leak-304: ArrayAdapter.getFilter
leak-305: ArrayAdapter.getFilter
leak-306: <ArrayFilter.<init>>
leak-307: ArrayFilter.performFiltering
leak-308: ArrayFilter.performFiltering
leak-309: ArrayFilter.performFiltering
leak-310: ArrayFilter.performFiltering
leak-311: ArrayFilter.performFiltering
leak-312: ArrayFilter.performFiltering
leak-313: ArrayFilter.performFiltering
leak-314: ArrayFilter.performFiltering
leak-315: ArrayFilter.performFiltering
leak-316: ArrayFilter.performFiltering
leak-317: ArrayFilter.performFiltering
leak-318: ArrayFilter.performFiltering
leak-319: ArrayFilter.publishResults
leak-320: ArrayFilter.publishResults
leak-321: ArrayFilter.publishResults
In file: MainActivity.java
Input operator: REACHABILITY
leak-322: <MainActivity.<init>>
leak-323: MainActivity.onCreate
leak-324: MainActivity.onCreate
leak-325: MainActivity.onCreate
leak-326: MainActivity.onBackPressed
leak-327: MainActivity.onPrepareOptionsMenu
leak-328: MainActivity.onPrepareOptionsMenu
leak-329: MainActivity.onPrepareOptionsMenu
leak-330: MainActivity.onResume
leak-331: MainActivity.onOptionsItemSelected
leak-332: MainActivity.onOptionsItemSelected
leak-333: MainActivity.onOptionsItemSelected
leak-334: MainActivity.onOptionsItemSelected
In file: FileBrowserFragment.java
Input operator: REACHABILITY
leak-335: <FileBrowserFragment.<init>>
leak-336: FileBrowserFragment.FileBrowserFragment
leak-337: FileBrowserFragment.setOwner
leak-338: FileBrowserFragment.onCreateView
leak-339: FileBrowserFragment.onViewCreated
leak-340: <1.<init>>
leak-341: 1.onDirectoryOrFileClick
leak-342: 1.onDirectoryOrFileClick
leak-343: FileBrowserFragment.onViewCreated
leak-344: FileBrowserFragment.onViewCreated
In file: FileListView.java
Input operator: REACHABILITY
leak-345: <FileListView.<init>>
leak-346: FileListView.FileListView
leak-347: FileListView.setRowView
leak-348: FileListView.init
leak-349: FileListView.init
leak-350: FileListView.init
leak-351: FileListView.getAdapter
leak-352: FileListView.setDefaultFileExtentions
leak-353: FileListView.onItemClick
leak-354: FileListView.onItemClick
leak-355: FileListView.onItemClick
leak-356: FileListView.onItemClick
leak-357: FileListView.updateUI
leak-358: FileListView.updateUI
leak-359: FileListView.updateUI
leak-360: FileListView.updateUI
leak-361: FileListView.updateUI
leak-362: FileListView.updateUI
leak-363: FileListView.updateUI
leak-364: FileListView.updateUI
leak-365: FileListView.setTextViewDirectory
leak-366: FileListView.setTextViewFile
leak-367: FileListView.setOnDirectoryOrFileClickListener
leak-368: FileListView.getComparator
leak-369: FileListView.setComparator
leak-370: FileListView.setOnGetView
In file: DefineStartFragment.java
Input operator: REACHABILITY
leak-371: <DefineStartFragment.<init>>
leak-372: DefineStartFragment.DefineStartFragment
leak-373: DefineStartFragment.newInstance
leak-374: DefineStartFragment.onCreateView
leak-375: DefineStartFragment.onResume
leak-376: <1.<init>>
leak-377: 1.onLongClick
leak-378: <1.<init>>
leak-379: 1.onLongClick
leak-380: <1.<init>>
leak-381: 1.onLongClick
leak-382: <1.<init>>
leak-383: 1.onLongClick
leak-384: <1.<init>>
leak-385: 1.onLongClick
leak-386: <1.<init>>
leak-387: 1.onLongClick
leak-388: <1.<init>>
leak-389: 1.onLongClick
leak-390: <1.<init>>
leak-391: 1.onLongClick
leak-392: <1.<init>>
leak-393: 1.onLongClick
leak-394: <1.<init>>
leak-395: 1.onLongClick
leak-396: <1.<init>>
leak-397: 1.onLongClick
leak-398: <1.<init>>
leak-399: 1.onLongClick
leak-400: <1.<init>>
leak-401: 1.onLongClick
leak-402: DefineStartFragment.onPause
leak-403: DefineStartFragment.onPause
leak-404: DefineStartFragment.onPause
leak-405: DefineStartFragment.onPause
leak-406: DefineStartFragment.onPause
leak-407: DefineStartFragment.onPause
leak-408: DefineStartFragment.onPause
leak-409: DefineStartFragment.onPause
leak-410: DefineStartFragment.onPause
leak-411: DefineStartFragment.onPause
In file: SettingsActivity.java
Input operator: REACHABILITY
leak-412: <SettingsActivity.<init>>
leak-413: SettingsActivity.onCreate
leak-414: SettingsActivity.doReset
leak-415: SettingsActivity.setNextLocationState
leak-416: SettingsActivity.setNextLocationState
leak-417: <1.<init>>
leak-418: 1.onLongClick
leak-419: SettingsActivity.setNextLocationState
leak-420: <1.<init>>
leak-421: 1.onLongClick
leak-422: SettingsActivity.showLog
leak-423: SettingsActivity.showLog
leak-424: SettingsActivity.showLog
leak-425: SettingsActivity.showLog
leak-426: SettingsActivity.showLog
leak-427: SettingsActivity.showLog
leak-428: SettingsActivity.reResume
leak-429: SettingsActivity.reResume
leak-430: SettingsActivity.reResume
leak-431: <1.<init>>
leak-432: 1.onLongClick
leak-433: <1.<init>>
leak-434: 1.onLongClick
leak-435: <1.<init>>
leak-436: 1.onLongClick
leak-437: <1.<init>>
leak-438: 1.onLongClick
leak-439: <1.<init>>
leak-440: 1.onLongClick
leak-441: <1.<init>>
leak-442: 1.onLongClick
leak-443: SettingsActivity.reResume
leak-444: SettingsActivity.reResume
leak-445: <1.<init>>
leak-446: 1.onLongClick
leak-447: SettingsActivity.reResume
leak-448: <1.<init>>
leak-449: 1.onClick
leak-450: <1.<init>>
leak-451: 1.onLongClick
leak-452: SettingsActivity.reResume
leak-453: <1.<init>>
leak-454: 1.onClick
leak-455: <1.<init>>
leak-456: 1.onLongClick
leak-457: <1.<init>>
leak-458: 1.onClick
leak-459: <1.<init>>
leak-460: 1.onLongClick
leak-461: SettingsActivity.reResume
leak-462: <1.<init>>
leak-463: 1.onClick
leak-464: <1.<init>>
leak-465: 1.onLongClick
leak-466: SettingsActivity.reResume
leak-467: <1.<init>>
leak-468: 1.onClick
leak-469: <1.<init>>
leak-470: 1.onLongClick
leak-471: SettingsActivity.reResume
leak-472: <1.<init>>
leak-473: 1.onClick
leak-474: <1.<init>>
leak-475: 1.onLongClick
leak-476: SettingsActivity.reResume
leak-477: <1.<init>>
leak-478: 1.onClick
leak-479: <1.<init>>
leak-480: 1.onLongClick
leak-481: SettingsActivity.reResume
leak-482: SettingsActivity.reResume
leak-483: <1.<init>>
leak-484: 1.onClick
leak-485: 1.onClick
leak-486: 1.onClick
leak-487: <1.<init>>
leak-488: 1.onLongClick
leak-489: 1.onLongClick
leak-490: 1.onLongClick
leak-491: <1.<init>>
leak-492: 1.onClick
leak-493: <1.<init>>
leak-494: 1.onClick
leak-495: <1.<init>>
leak-496: 1.onLongClick
leak-497: <1.<init>>
leak-498: 1.onClick
leak-499: <1.<init>>
leak-500: 1.onLongClick
leak-501: SettingsActivity.reResume
leak-502: <1.<init>>
leak-503: 1.onClick
leak-504: 1.onClick
leak-505: 1.onClick
leak-506: 1.onClick
leak-507: <1.<init>>
leak-508: 1.onLongClick
leak-509: SettingsActivity.reResume
leak-510: <1.<init>>
leak-511: 1.onClick
leak-512: <1.<init>>
leak-513: 1.onLongClick
leak-514: SettingsActivity.reResume
leak-515: <1.<init>>
leak-516: 1.onClick
leak-517: 1.onClick
leak-518: 1.onClick
leak-519: <1.<init>>
leak-520: 1.onLongClick
leak-521: SettingsActivity.reResume
leak-522: <1.<init>>
leak-523: 1.onClick
leak-524: <1.<init>>
leak-525: 1.onLongClick
leak-526: SettingsActivity.reResume
leak-527: SettingsActivity.reResume
leak-528: <1.<init>>
leak-529: 1.onClick
leak-530: SettingsActivity.onResume
leak-531: SettingsActivity.onResume
leak-532: SettingsActivity.onBackPressed
leak-533: SettingsActivity.onBackPressed
leak-534: SettingsActivity.onBackPressed
In file: FileSystemAdapter.java
Input operator: REACHABILITY
leak-535: <FileSystemAdapter.<init>>
leak-536: FileSystemAdapter.FileSystemAdapter
leak-537: FileSystemAdapter.getView
leak-538: FileSystemAdapter.getView
leak-539: FileSystemAdapter.getView
leak-540: FileSystemAdapter.getView
leak-541: FileSystemAdapter.getView
leak-542: FileSystemAdapter.getView
leak-543: FileSystemAdapter.getView
leak-544: FileSystemAdapter.getView
leak-545: FileSystemAdapter.getView
leak-546: FileSystemAdapter.getView
leak-547: FileSystemAdapter.getFileExtention
leak-548: FileSystemAdapter.getFileExtention
leak-549: FileSystemAdapter.showFileSystem
leak-550: FileSystemAdapter.showFileSystem
leak-551: FileSystemAdapter.showFileSystem
leak-552: FileSystemAdapter.showFileSystem
leak-553: FileSystemAdapter.showFileSystem
leak-554: FileSystemAdapter.showFileSystem
leak-555: FileSystemAdapter.showFileSystem
leak-556: FileSystemAdapter.getRoot
leak-557: FileSystemAdapter.move
leak-558: FileSystemAdapter.move
leak-559: FileSystemAdapter.move
leak-560: FileSystemAdapter.move
leak-561: FileSystemAdapter.move
leak-562: FileSystemAdapter.move
leak-563: FileSystemAdapter.move
leak-564: FileSystemAdapter.move
leak-565: FileSystemAdapter.move
leak-566: FileSystemAdapter.addExtention
leak-567: FileSystemAdapter.clearExtentionMapping
leak-568: FileSystemAdapter.hasExtentions
leak-569: FileSystemAdapter.getPath
leak-570: FileSystemAdapter.setPath
leak-571: FileSystemAdapter.setOnGetView
In file: DefineClassFragment.java
Input operator: REACHABILITY
leak-572: <DefineClassFragment.<init>>
leak-573: <calendarCheck.<init>>
leak-574: calendarCheck.calendarCheck
leak-575: DefineClassFragment.DefineClassFragment
leak-576: DefineClassFragment.newInstance
leak-577: DefineClassFragment.onCreateView
leak-578: DefineClassFragment.onResume
leak-579: <1.<init>>
leak-580: 1.onLongClick
leak-581: DefineClassFragment.onResume
leak-582: <1.<init>>
leak-583: 1.onLongClick
leak-584: DefineClassFragment.onResume
leak-585: <1.<init>>
leak-586: 1.onLongClick
leak-587: DefineClassFragment.onResume
leak-588: DefineClassFragment.onResume
leak-589: <1.<init>>
leak-590: 1.onLongClick
leak-591: DefineClassFragment.onResume
leak-592: DefineClassFragment.onResume
leak-593: <1.<init>>
leak-594: 1.onLongClick
leak-595: <1.<init>>
leak-596: 1.onLongClick
leak-597: DefineClassFragment.onResume
leak-598: DefineClassFragment.onResume
leak-599: DefineClassFragment.onResume
leak-600: DefineClassFragment.onResume
leak-601: DefineClassFragment.onResume
leak-602: <1.<init>>
leak-603: 1.onLongClick
leak-604: DefineClassFragment.onResume
leak-605: DefineClassFragment.onResume
leak-606: DefineClassFragment.onResume
leak-607: DefineClassFragment.onResume
leak-608: DefineClassFragment.onResume
leak-609: <1.<init>>
leak-610: 1.onLongClick
leak-611: DefineClassFragment.onResume
leak-612: DefineClassFragment.onResume
leak-613: DefineClassFragment.onResume
leak-614: DefineClassFragment.onResume
leak-615: DefineClassFragment.onResume
leak-616: <1.<init>>
leak-617: 1.onLongClick
leak-618: DefineClassFragment.onResume
leak-619: DefineClassFragment.onResume
leak-620: DefineClassFragment.onResume
leak-621: DefineClassFragment.onResume
leak-622: DefineClassFragment.onResume
leak-623: <1.<init>>
leak-624: 1.onLongClick
leak-625: DefineClassFragment.onResume
leak-626: DefineClassFragment.onResume
leak-627: DefineClassFragment.onResume
leak-628: DefineClassFragment.onResume
leak-629: DefineClassFragment.onResume
leak-630: DefineClassFragment.onPause
leak-631: DefineClassFragment.onPause
leak-632: DefineClassFragment.onPause
leak-633: DefineClassFragment.onPause
leak-634: DefineClassFragment.onPause
leak-635: DefineClassFragment.onPause
leak-636: DefineClassFragment.onPause
leak-637: DefineClassFragment.onPause
leak-638: DefineClassFragment.onPause
leak-639: DefineClassFragment.onPause
leak-640: DefineClassFragment.onPause
leak-641: DefineClassFragment.onPause
leak-642: DefineClassFragment.onPause
In file: DefineStopFragment.java
Input operator: REACHABILITY
leak-643: <DefineStopFragment.<init>>
leak-644: DefineStopFragment.DefineStopFragment
leak-645: DefineStopFragment.newInstance
leak-646: DefineStopFragment.onCreateView
leak-647: DefineStopFragment.onResume
leak-648: <1.<init>>
leak-649: 1.onLongClick
leak-650: <1.<init>>
leak-651: 1.onLongClick
leak-652: <1.<init>>
leak-653: 1.onLongClick
leak-654: <1.<init>>
leak-655: 1.onLongClick
leak-656: <1.<init>>
leak-657: 1.onLongClick
leak-658: <1.<init>>
leak-659: 1.onLongClick
leak-660: <1.<init>>
leak-661: 1.onLongClick
leak-662: <1.<init>>
leak-663: 1.onLongClick
leak-664: <1.<init>>
leak-665: 1.onLongClick
leak-666: <1.<init>>
leak-667: 1.onLongClick
leak-668: <1.<init>>
leak-669: 1.onLongClick
leak-670: <1.<init>>
leak-671: 1.onLongClick
leak-672: <1.<init>>
leak-673: 1.onLongClick
leak-674: <1.<init>>
leak-675: 1.onLongClick
leak-676: <1.<init>>
leak-677: 1.onLongClick
leak-678: DefineStopFragment.onPause
leak-679: DefineStopFragment.onPause
leak-680: DefineStopFragment.onPause
leak-681: DefineStopFragment.onPause
leak-682: DefineStopFragment.onPause
leak-683: DefineStopFragment.onPause
leak-684: DefineStopFragment.onPause
leak-685: DefineStopFragment.onPause
leak-686: DefineStopFragment.onPause
leak-687: DefineStopFragment.onPause
leak-688: DefineStopFragment.onPause
leak-689: DefineStopFragment.onPause
In file: FileData.java
Input operator: REACHABILITY
leak-690: <FileData.<init>>
leak-691: FileData.FileData
In file: EditActivity.java
Input operator: REACHABILITY
leak-692: <EditActivity.<init>>
leak-693: EditActivity.onCreate
leak-694: EditActivity.setButtonVisibility
leak-695: EditActivity.onResume
leak-696: <1.<init>>
leak-697: 1.onLongClick
leak-698: <1.<init>>
leak-699: 1.onClick
leak-700: <1.<init>>
leak-701: 1.onLongClick
leak-702: <1.<init>>
leak-703: 1.onClick
leak-704: <1.<init>>
leak-705: 1.onLongClick
leak-706: <1.<init>>
leak-707: 1.onClick
leak-708: <1.<init>>
leak-709: 1.onLongClick
leak-710: <1.<init>>
leak-711: 1.onClick
leak-712: <1.<init>>
leak-713: 1.onLongClick
leak-714: <1.<init>>
leak-715: 1.onClick
leak-716: <1.<init>>
leak-717: 1.onLongClick
leak-718: <1.<init>>
leak-719: 1.onClick
leak-720: <1.<init>>
leak-721: 1.onLongClick
leak-722: <1.<init>>
leak-723: 1.onClick
leak-724: <1.<init>>
leak-725: 1.onLongClick
In file: CalendarProvider.java
Input operator: REACHABILITY
leak-726: <CalendarProvider.<init>>
leak-727: CalendarProvider.CalendarProvider
leak-728: CalendarProvider.getInstancesQueryUri
leak-729: CalendarProvider.likeQuote
leak-730: CalendarProvider.selection
leak-731: CalendarProvider.selection
leak-732: CalendarProvider.selection
leak-733: CalendarProvider.selection
leak-734: CalendarProvider.selection
leak-735: CalendarProvider.selection
leak-736: CalendarProvider.selection
leak-737: CalendarProvider.selection
leak-738: CalendarProvider.selection
leak-739: <startAndEnd.<init>>
leak-740: CalendarProvider.nextActionTimes
leak-741: CalendarProvider.nextActionTimes
leak-742: CalendarProvider.nextActionTimes
leak-743: CalendarProvider.nextActionTimes
leak-744: CalendarProvider.nextActionTimes
leak-745: CalendarProvider.nextActionTimes
leak-746: CalendarProvider.nextActionTimes
leak-747: CalendarProvider.nextActionTimes
leak-748: CalendarProvider.nextActionTimes
leak-749: <StartAndLocation.<init>>
leak-750: CalendarProvider.nextLocation
leak-751: CalendarProvider.nextLocation
leak-752: CalendarProvider.nextLocation
In file: ContactCreator.java
Input operator: REACHABILITY
leak-753: <ContactCreator.<init>>
leak-754: ContactCreator.ContactCreator
leak-755: ContactCreator.isUSstate
leak-756: ContactCreator.isUSstate
leak-757: ContactCreator.isUSstate
leak-758: ContactCreator.isUKcounty
leak-759: ContactCreator.isUKcounty
leak-760: ContactCreator.isUKcounty
leak-761: ContactCreator.isUKregion
leak-762: ContactCreator.isUKregion
leak-763: ContactCreator.isUKregion
leak-764: ContactCreator.lookupCountry
leak-765: <mccEntry.<init>>
leak-766: mccEntry.mccEntry
leak-767: ContactCreator.lookupCountry
leak-768: ContactCreator.lookupCountry
leak-769: ContactCreator.createOrUpdateContact
leak-770: ContactCreator.createOrUpdateContact
leak-771: ContactCreator.createOrUpdateContact
leak-772: ContactCreator.createOrUpdateContact
leak-773: ContactCreator.createOrUpdateContact
leak-774: ContactCreator.isAtContact
leak-775: ContactCreator.isAtContact
leak-776: ContactCreator.isAtContact
leak-777: ContactCreator.isAtContact
leak-778: ContactCreator.isAtContact
leak-779: ContactCreator.isAtContact
leak-780: ContactCreator.isAtContact
leak-781: ContactCreator.isAtContact
leak-782: ContactCreator.isAtContact
leak-783: ContactCreator.isAtContact
leak-784: ContactCreator.splitAddress
leak-785: ContactCreator.splitAddress
leak-786: ContactCreator.splitAddress
leak-787: ContactCreator.splitAddress
leak-788: ContactCreator.splitAddress
leak-789: ContactCreator.splitAddress
leak-790: ContactCreator.splitAddress
leak-791: ContactCreator.splitAddress
leak-792: ContactCreator.splitAddress
leak-793: ContactCreator.splitAddress
leak-794: ContactCreator.splitAddress
leak-795: ContactCreator.splitAddress
leak-796: ContactCreator.splitAddress
leak-797: ContactCreator.splitAddress
leak-798: ContactCreator.splitAddress
leak-799: ContactCreator.splitAddress
leak-800: ContactCreator.splitAddress
leak-801: ContactCreator.splitAddress
leak-802: ContactCreator.splitAddress
leak-803: ContactCreator.splitAddress
leak-804: ContactCreator.splitAddress
leak-805: ContactCreator.splitAddress
leak-806: ContactCreator.splitAddress
leak-807: ContactCreator.splitAddress
leak-808: ContactCreator.splitAddress
leak-809: ContactCreator.splitAddress
leak-810: ContactCreator.splitAddress
leak-811: ContactCreator.makeContact
leak-812: ContactCreator.makeContact
leak-813: ContactCreator.makeContact
leak-814: ContactCreator.makeContact
leak-815: ContactCreator.makeContact
leak-816: ContactCreator.makeContact
leak-817: ContactCreator.makeContact
leak-818: ContactCreator.makeContact
leak-819: ContactCreator.makeContact
leak-820: ContactCreator.makeContact
leak-821: ContactCreator.makeContact
leak-822: ContactCreator.makeContact
leak-823: ContactCreator.makeContact
leak-824: ContactCreator.makeContact
leak-825: ContactCreator.makeContact
leak-826: ContactCreator.makeContact
leak-827: ContactCreator.makeContact
leak-828: ContactCreator.makeContact
leak-829: ContactCreator.makeContact
leak-830: ContactCreator.makeContact
leak-831: ContactCreator.makeContact
leak-832: ContactCreator.makeContact
leak-833: ContactCreator.makeContact
leak-834: ContactCreator.makeContact
leak-835: ContactCreator.makeContact
leak-836: ContactCreator.makeContact
leak-837: ContactCreator.makeContact
leak-838: ContactCreator.makeContact
leak-839: ContactCreator.makeContact
leak-840: ContactCreator.makeContact
leak-841: ContactCreator.makeContact
leak-842: ContactCreator.makeContact
leak-843: ContactCreator.makeContact
leak-844: ContactCreator.makeContact
leak-845: ContactCreator.makeContact
leak-846: ContactCreator.makeContact
leak-847: ContactCreator.makeContact
leak-848: ContactCreator.makeContact
leak-849: ContactCreator.makeContact
leak-850: ContactCreator.makeContact
leak-851: ContactCreator.makeContact
leak-852: ContactCreator.makeContact
leak-853: ContactCreator.makeContact
leak-854: ContactCreator.makeContact
leak-855: ContactCreator.makeContact
leak-856: ContactCreator.makeContact
leak-857: ContactCreator.makeContact
leak-858: ContactCreator.makeContact
leak-859: ContactCreator.makeContact
leak-860: ContactCreator.makeContact
leak-861: ContactCreator.makeContact
leak-862: ContactCreator.makeContact
leak-863: ContactCreator.makeContact
leak-864: ContactCreator.makeContact
leak-865: ContactCreator.makeContact
leak-866: ContactCreator.makeContact
leak-867: ContactCreator.makeContact
leak-868: ContactCreator.makeContact
leak-869: ContactCreator.makeContact
leak-870: ContactCreator.makeContact
leak-871: ContactCreator.makeContact
leak-872: ContactCreator.makeContact
leak-873: ContactCreator.putline
leak-874: ContactCreator.putline
leak-875: ContactCreator.putline
leak-876: ContactCreator.putline
leak-877: ContactCreator.addLine
leak-878: ContactCreator.addLine
leak-879: ContactCreator.dumpSingle
leak-880: ContactCreator.dumpSingle
leak-881: ContactCreator.dumpSingle
leak-882: ContactCreator.dumpSingle
leak-883: ContactCreator.dumpSingle
leak-884: ContactCreator.dumpSingle
leak-885: ContactCreator.dumpSingle
leak-886: ContactCreator.dumpSingle
leak-887: ContactCreator.dumpSingle
leak-888: ContactCreator.dumpSingle
leak-889: ContactCreator.dumpSingle
leak-890: ContactCreator.dumpSingle
leak-891: ContactCreator.dumpSingle
leak-892: ContactCreator.dumpSingle
leak-893: ContactCreator.dumpOneContact
leak-894: ContactCreator.dumpOneContact
leak-895: ContactCreator.dumpOneContact
leak-896: ContactCreator.dumpOneContact
leak-897: ContactCreator.dumpOneContact
leak-898: ContactCreator.dumpOneContact
leak-899: ContactCreator.dumpOneContact
leak-900: ContactCreator.dumpOneContact
leak-901: ContactCreator.dumpOneContact
leak-902: ContactCreator.dumpOneContact
leak-903: ContactCreator.dumpOneContact
leak-904: ContactCreator.dumpAllContacts
leak-905: ContactCreator.dumpAllContacts
leak-906: ContactCreator.dumpAllContacts
leak-907: ContactCreator.dumpAllContacts
leak-908: ContactCreator.logAllContacts
leak-909: ContactCreator.logAllContacts
leak-910: ContactCreator.logAllContacts
leak-911: ContactCreator.logAllContacts
In file: PrefsManager.java
Input operator: REACHABILITY
leak-912: <PrefsManager.<init>>
leak-913: PrefsManager.setDefaultDir
leak-914: PrefsManager.getDefaultDir
leak-915: PrefsManager.setLoggingMode
leak-916: PrefsManager.getLoggingMode
leak-917: PrefsManager.setLogCycleMode
leak-918: PrefsManager.getLogcycleMode
leak-919: PrefsManager.setLastCycleDate
leak-920: PrefsManager.getLastcycleDate
leak-921: PrefsManager.setNextLocationMode
leak-922: PrefsManager.getNextLocationMode
leak-923: PrefsManager.setMuteResult
leak-924: PrefsManager.getMuteResult
leak-925: PrefsManager.setPhoneState
leak-926: PrefsManager.getPhoneState
leak-927: PrefsManager.setNotifiedCannotReadPhoneState
leak-928: PrefsManager.getNotifiedCannotReadPhoneState
leak-929: PrefsManager.setLocationState
leak-930: PrefsManager.getLocationState
leak-931: PrefsManager.setStepCount
leak-932: PrefsManager.getStepCount
leak-933: PrefsManager.setOrientationState
leak-934: PrefsManager.getOrientationState
leak-935: PrefsManager.getNumClasses
leak-936: PrefsManager.getNumClasses
leak-937: PrefsManager.getNumClasses
leak-938: PrefsManager.isClassUsed
leak-939: PrefsManager.isClassUsed
leak-940: PrefsManager.getNewClass
leak-941: PrefsManager.getNewClass
leak-942: PrefsManager.getNewClass
leak-943: PrefsManager.setLastInvocationTime
leak-944: PrefsManager.getLastInvocationTime
leak-945: PrefsManager.setLastAlarmTime
leak-946: PrefsManager.getLastAlarmTime
leak-947: PrefsManager.getCurrentMode
leak-948: PrefsManager.getCurrentMode
leak-949: PrefsManager.getRingerStateName
leak-950: PrefsManager.getEnglishStateName
leak-951: PrefsManager.getRingerSetting
leak-952: PrefsManager.setUserRinger
leak-953: PrefsManager.getUserRinger
leak-954: PrefsManager.setLastRinger
leak-955: PrefsManager.getLastRinger
leak-956: PrefsManager.setClassName
leak-957: PrefsManager.getClassName
leak-958: PrefsManager.getClassName
leak-959: PrefsManager.getClassNum
leak-960: PrefsManager.getClassNum
leak-961: PrefsManager.getClassNum
leak-962: PrefsManager.getClassNum
leak-963: PrefsManager.setEventName
leak-964: PrefsManager.getEventName
leak-965: PrefsManager.setEventLocation
leak-966: PrefsManager.getEventLocation
leak-967: PrefsManager.setEventDescription
leak-968: PrefsManager.getEventDescription
leak-969: PrefsManager.setEventColour
leak-970: PrefsManager.getEventColour
leak-971: PrefsManager.putCalendars
leak-972: PrefsManager.putCalendars
leak-973: PrefsManager.getCalendars
leak-974: PrefsManager.getCalendars
leak-975: PrefsManager.setWhetherBusy
leak-976: PrefsManager.getWhetherBusy
leak-977: PrefsManager.setWhetherRecurrent
leak-978: PrefsManager.getWhetherRecurrent
leak-979: PrefsManager.setWhetherOrganiser
leak-980: PrefsManager.getWhetherOrganiser
leak-981: PrefsManager.setWhetherPublic
leak-982: PrefsManager.getWhetherPublic
leak-983: PrefsManager.setWhetherAttendees
leak-984: PrefsManager.getWhetherAttendees
leak-985: PrefsManager.setRingerAction
leak-986: PrefsManager.getRingerAction
leak-987: PrefsManager.setRestoreRinger
leak-988: PrefsManager.getRestoreRinger
leak-989: PrefsManager.setBeforeMinutes
leak-990: PrefsManager.getBeforeMinutes
leak-991: PrefsManager.setAfterOrientation
leak-992: PrefsManager.getAfterOrientation
leak-993: PrefsManager.setBeforeOrientation
leak-994: PrefsManager.getBeforeOrientation
leak-995: PrefsManager.setAfterConnection
leak-996: PrefsManager.getAfterConnection
leak-997: PrefsManager.setBeforeConnection
leak-998: PrefsManager.getBeforeConnection
leak-999: PrefsManager.setAfterMinutes
leak-1000: PrefsManager.getAfterMinutes
leak-1001: PrefsManager.setAfterSteps
leak-1002: PrefsManager.getAfterSteps
leak-1003: PrefsManager.setTargetSteps
leak-1004: PrefsManager.getTargetSteps
leak-1005: PrefsManager.setAfterMetres
leak-1006: PrefsManager.getAfterMetres
leak-1007: PrefsManager.setLatitude
leak-1008: PrefsManager.getLatitude
leak-1009: PrefsManager.setLongitude
leak-1010: PrefsManager.getLongitude
leak-1011: PrefsManager.setNotifyStart
leak-1012: PrefsManager.getNotifyStart
leak-1013: PrefsManager.setPlaysoundStart
leak-1014: PrefsManager.getPlaysoundStart
leak-1015: PrefsManager.setSoundFileStart
leak-1016: PrefsManager.getSoundFileStart
leak-1017: PrefsManager.setNotifyEnd
leak-1018: PrefsManager.getNotifyEnd
leak-1019: PrefsManager.setPlaysoundEnd
leak-1020: PrefsManager.getPlaysoundEnd
leak-1021: PrefsManager.setSoundFileEnd
leak-1022: PrefsManager.getSoundFileEnd
leak-1023: PrefsManager.setClassTriggered
leak-1024: PrefsManager.isClassTriggered
leak-1025: PrefsManager.setLastTriggerEnd
leak-1026: PrefsManager.getLastTriggerEnd
leak-1027: PrefsManager.setClassActive
leak-1028: PrefsManager.isClassActive
leak-1029: PrefsManager.setClassWaiting
leak-1030: PrefsManager.isClassWaiting
leak-1031: PrefsManager.setLastActive
leak-1032: PrefsManager.getLastActive
leak-1033: PrefsManager.removeClass
leak-1034: PrefsManager.removeClass
leak-1035: PrefsManager.saveClassSettings
leak-1036: PrefsManager.saveSettings
leak-1037: PrefsManager.saveSettings
leak-1038: PrefsManager.saveSettings
leak-1039: PrefsManager.saveSettings
leak-1040: PrefsManager.saveSettings
leak-1041: PrefsManager.saveSettings
leak-1042: PrefsManager.loadSettings
leak-1043: PrefsManager.loadSettings
leak-1044: PrefsManager.loadSettings
leak-1045: PrefsManager.loadSettings
leak-1046: PrefsManager.loadSettings
leak-1047: PrefsManager.loadSettings
leak-1048: PrefsManager.loadSettings
leak-1049: PrefsManager.loadSettings
leak-1050: PrefsManager.loadSettings
leak-1051: PrefsManager.loadSettings
leak-1052: PrefsManager.loadSettings
leak-1053: PrefsManager.loadSettings
leak-1054: PrefsManager.loadSettings
leak-1055: PrefsManager.loadSettings
leak-1056: PrefsManager.loadSettings
leak-1057: PrefsManager.loadSettings
leak-1058: PrefsManager.loadSettings
leak-1059: PrefsManager.loadSettings
leak-1060: PrefsManager.loadSettings
leak-1061: PrefsManager.loadSettings
leak-1062: PrefsManager.loadSettings
leak-1063: PrefsManager.loadSettings
leak-1064: PrefsManager.loadSettings
leak-1065: PrefsManager.loadSettings
leak-1066: PrefsManager.loadSettings
leak-1067: PrefsManager.loadSettings
leak-1068: PrefsManager.loadSettings
leak-1069: PrefsManager.loadSettings
leak-1070: PrefsManager.loadSettings
leak-1071: PrefsManager.loadSettings
leak-1072: PrefsManager.loadSettings
leak-1073: PrefsManager.loadSettings
leak-1074: PrefsManager.loadSettings
leak-1075: PrefsManager.loadSettings
leak-1076: PrefsManager.loadSettings
leak-1077: PrefsManager.loadSettings
leak-1078: PrefsManager.loadSettings
leak-1079: PrefsManager.loadSettings
leak-1080: PrefsManager.loadSettings
leak-1081: PrefsManager.loadSettings
leak-1082: PrefsManager.loadSettings
leak-1083: PrefsManager.loadSettings
leak-1084: PrefsManager.loadSettings
leak-1085: PrefsManager.loadSettings
leak-1086: PrefsManager.loadSettings
leak-1087: PrefsManager.loadSettings
leak-1088: PrefsManager.loadSettings
leak-1089: PrefsManager.loadSettings
leak-1090: PrefsManager.loadSettings
leak-1091: PrefsManager.loadSettings
leak-1092: PrefsManager.loadSettings
leak-1093: PrefsManager.loadSettings
leak-1094: PrefsManager.loadSettings
leak-1095: PrefsManager.loadSettings
leak-1096: PrefsManager.loadSettings
leak-1097: PrefsManager.loadSettings
leak-1098: PrefsManager.loadSettings
leak-1099: PrefsManager.loadSettings
leak-1100: PrefsManager.loadSettings
leak-1101: PrefsManager.loadSettings
leak-1102: PrefsManager.loadSettings
leak-1103: PrefsManager.loadSettings
leak-1104: PrefsManager.loadSettings
leak-1105: PrefsManager.loadSettings
leak-1106: PrefsManager.loadSettings
leak-1107: PrefsManager.loadSettings
leak-1108: PrefsManager.loadSettings
leak-1109: PrefsManager.loadSettings
leak-1110: PrefsManager.loadSettings
leak-1111: PrefsManager.loadSettings
leak-1112: PrefsManager.loadSettings
leak-1113: PrefsManager.loadSettings
leak-1114: PrefsManager.loadSettings
leak-1115: PrefsManager.loadSettings
leak-1116: PrefsManager.loadSettings
leak-1117: PrefsManager.loadSettings
In file: MuteService.java
Input operator: REACHABILITY
leak-1118: <MuteService.<init>>
leak-1119: MuteService.MuteService
leak-1120: <1.<init>>
leak-1121: 1.handleMessage
leak-1122: 1.handleMessage
leak-1123: 1.handleMessage
leak-1124: 1.handleMessage
leak-1125: MuteService.lock
leak-1126: MuteService.lock
leak-1127: MuteService.unlock
leak-1128: MuteService.unlock
leak-1129: MuteService.unlock
leak-1130: MuteService.unlock
leak-1131: MuteService.unlock
leak-1132: MuteService.doReset
leak-1133: MuteService.doReset
leak-1134: MuteService.doReset
leak-1135: MuteService.onAccuracyChanged
leak-1136: MuteService.onSensorChanged
leak-1137: MuteService.onSensorChanged
leak-1138: MuteService.onSensorChanged
leak-1139: <StartServiceReceiver.<init>>
leak-1140: StartServiceReceiver.onReceive
leak-1141: MuteService.emitNotification
leak-1142: MuteService.emitNotification
leak-1143: MuteService.PermissionFail
leak-1144: MuteService.UpdatePhoneState
leak-1145: MuteService.UpdatePhoneState
leak-1146: MuteService.UpdatePhoneState
leak-1147: MuteService.UpdatePhoneState
leak-1148: MuteService.UpdatePhoneState
leak-1149: MuteService.UpdatePhoneState
leak-1150: MuteService.doLogCycling
leak-1151: MuteService.doLogCycling
leak-1152: MuteService.doLogCycling
leak-1153: MuteService.doLogCycling
leak-1154: MuteService.doLogCycling
leak-1155: MuteService.doLogCycling
leak-1156: MuteService.doLogCycling
leak-1157: MuteService.doLogCycling
leak-1158: MuteService.doLogCycling
leak-1159: MuteService.doLogCycling
leak-1160: MuteService.doLogCycling
leak-1161: MuteService.StartStepCounter
leak-1162: MuteService.StartStepCounter
leak-1163: MuteService.StartStepCounter
leak-1164: MuteService.StartStepCounter
leak-1165: MuteService.StartStepCounter
leak-1166: MuteService.StartStepCounter
leak-1167: MuteService.StartStepCounter
leak-1168: MuteService.StartStepCounter
leak-1169: MuteService.StartStepCounter
leak-1170: MuteService.LocationUpdates
leak-1171: MuteService.LocationUpdates
leak-1172: MuteService.LocationUpdates
leak-1173: MuteService.LocationUpdates
leak-1174: MuteService.LocationUpdates
leak-1175: MuteService.LocationUpdates
leak-1176: MuteService.LocationUpdates
leak-1177: MuteService.LocationUpdates
leak-1178: MuteService.LocationUpdates
leak-1179: MuteService.startLocationWait
leak-1180: MuteService.startLocationWait
leak-1181: MuteService.startLocationWait
leak-1182: MuteService.startLocationWait
leak-1183: MuteService.checkLocationWait
leak-1184: MuteService.checkLocationWait
leak-1185: MuteService.checkLocationWait
leak-1186: MuteService.checkLocationWait
leak-1187: MuteService.checkLocationWait
leak-1188: MuteService.checkLocationWait
leak-1189: MuteService.checkOrientationWait
leak-1190: MuteService.checkOrientationWait
leak-1191: MuteService.checkOrientationWait
leak-1192: MuteService.checkOrientationWait
leak-1193: MuteService.checkOrientationWait
leak-1194: MuteService.checkOrientationWait
leak-1195: MuteService.checkOrientationWait
leak-1196: MuteService.checkOrientationWait
leak-1197: MuteService.checkOrientationWait
leak-1198: MuteService.checkOrientationWait
leak-1199: MuteService.checkConnectionWait
leak-1200: MuteService.checkConnectionWait
leak-1201: MuteService.checkConnectionWait
leak-1202: MuteService.checkConnectionWait
leak-1203: MuteService.checkConnectionWait
leak-1204: MuteService.checkConnectionWait
leak-1205: MuteService.checkConnectionWait
leak-1206: MuteService.checkConnectionWait
leak-1207: MuteService.checkConnectionWait
leak-1208: MuteService.checkConnectionWait
leak-1209: MuteService.setCurrentRinger
leak-1210: MuteService.setCurrentRinger
leak-1211: MuteService.setCurrentRinger
leak-1212: MuteService.setCurrentRinger
leak-1213: MuteService.setCurrentRinger
leak-1214: MuteService.setCurrentRinger
leak-1215: MuteService.setCurrentRinger
leak-1216: MuteService.setCurrentRinger
leak-1217: MuteService.setCurrentRinger
leak-1218: MuteService.setCurrentRinger
leak-1219: MuteService.setCurrentRinger
leak-1220: MuteService.updateState
leak-1221: MuteService.updateState
leak-1222: MuteService.updateState
leak-1223: MuteService.updateState
leak-1224: MuteService.updateState
leak-1225: MuteService.updateState
leak-1226: MuteService.updateState
leak-1227: MuteService.updateState
leak-1228: MuteService.updateState
leak-1229: MuteService.updateState
leak-1230: MuteService.updateState
leak-1231: MuteService.updateState
leak-1232: MuteService.updateState
leak-1233: MuteService.updateState
leak-1234: MuteService.updateState
leak-1235: MuteService.updateState
leak-1236: MuteService.updateState
leak-1237: MuteService.updateState
leak-1238: MuteService.updateState
leak-1239: MuteService.updateState
leak-1240: MuteService.updateState
leak-1241: MuteService.updateState
leak-1242: MuteService.updateState
leak-1243: MuteService.updateState
leak-1244: MuteService.updateState
leak-1245: MuteService.updateState
leak-1246: MuteService.updateState
leak-1247: MuteService.updateState
leak-1248: MuteService.updateState
leak-1249: MuteService.updateState
leak-1250: MuteService.updateState
leak-1251: MuteService.updateState
leak-1252: MuteService.updateState
leak-1253: MuteService.updateState
leak-1254: MuteService.updateState
leak-1255: MuteService.updateState
leak-1256: MuteService.updateState
leak-1257: MuteService.updateState
leak-1258: MuteService.updateState
leak-1259: MuteService.updateState
leak-1260: MuteService.updateState
leak-1261: MuteService.updateState
leak-1262: MuteService.updateState
leak-1263: MuteService.updateState
leak-1264: MuteService.updateState
leak-1265: MuteService.updateState
leak-1266: MuteService.updateState
leak-1267: MuteService.updateState
leak-1268: MuteService.updateState
leak-1269: MuteService.updateState
leak-1270: MuteService.updateState
leak-1271: MuteService.updateState
leak-1272: MuteService.updateState
leak-1273: MuteService.updateState
leak-1274: MuteService.updateState
leak-1275: MuteService.updateState
leak-1276: MuteService.updateState
leak-1277: MuteService.updateState
leak-1278: MuteService.updateState
leak-1279: MuteService.updateState
leak-1280: MuteService.updateState
leak-1281: MuteService.updateState
leak-1282: MuteService.updateState
leak-1283: MuteService.updateState
leak-1284: MuteService.updateState
leak-1285: MuteService.updateState
leak-1286: MuteService.updateState
leak-1287: MuteService.updateState
leak-1288: MuteService.updateState
leak-1289: MuteService.updateState
leak-1290: MuteService.updateState
leak-1291: MuteService.updateState
leak-1292: MuteService.updateState
leak-1293: MuteService.updateState
leak-1294: MuteService.updateState
leak-1295: MuteService.updateState
leak-1296: MuteService.updateState
leak-1297: MuteService.updateState
leak-1298: MuteService.updateState
leak-1299: MuteService.updateState
leak-1300: MuteService.updateState
leak-1301: MuteService.onHandleIntent
leak-1302: MuteService.onHandleIntent
leak-1303: MuteService.startIfNecessary
