/home/amit/muse/output/device-explorer/schemas/REACHABILITY/device-explorer
In file: ItemDetailActivity.java
Input operator: REACHABILITY
leak-0: <ItemDetailActivity.<init>>
leak-1: ItemDetailActivity.onCreate
leak-2: ItemDetailActivity.onCreate
leak-3: ItemDetailActivity.onCreate
leak-4: ItemDetailActivity.onOptionsItemSelected
In file: ItemListActivity.java
Input operator: REACHABILITY
leak-5: <ItemListActivity.<init>>
leak-6: ItemListActivity.weHavePermission
leak-7: ItemListActivity.requestForResultContactsPermission
leak-8: ItemListActivity.onRequestPermissionsResult
leak-9: ItemListActivity.onRequestPermissionsResult
leak-10: ItemListActivity.onRequestPermissionsResult
leak-11: <1.<init>>
leak-12: 1.onClick
leak-13: ItemListActivity.requestPermissionFirst
leak-14: ItemListActivity.requestPermissionFirst
leak-15: <1.<init>>
leak-16: 1.onClick
leak-17: ItemListActivity.requestPermissionFirst
leak-18: ItemListActivity.onCreate
leak-19: ItemListActivity.onCreate
leak-20: ItemListActivity.onCreate
leak-21: ItemListActivity.onCreate
leak-22: ItemListActivity.onCreate
leak-23: ItemListActivity.getCpuUsageImage
leak-24: ItemListActivity.getCpuUsageImage
leak-25: ItemListActivity.getCpuUsageImage
leak-26: ItemListActivity.getCpuUsageImage
leak-27: ItemListActivity.getCpuUsageImage
leak-28: ItemListActivity.getCpuUsageImage
leak-29: ItemListActivity.getCpuUsageImage
leak-30: ItemListActivity.getCpuUsageImage
leak-31: ItemListActivity.getCpuUsageImage
leak-32: ItemListActivity.getCpuUsageImage
leak-33: ItemListActivity.getCpuUsageImage
leak-34: ItemListActivity.startApp
leak-35: <1.<init>>
leak-36: 1.run
leak-37: 1.run
leak-38: 1.run
leak-39: <1.<init>>
leak-40: 1.run
leak-41: 1.run
leak-42: ItemListActivity.startApp
leak-43: ItemListActivity.onItemSelected
leak-44: ItemListActivity.onItemSelected
leak-45: ItemListActivity.onItemSelected
In file: RVAdapter.java
Input operator: REACHABILITY
leak-46: <RVAdapter.<init>>
leak-47: RVAdapter.RVAdapter
leak-48: RVAdapter.onCreateViewHolder
leak-49: RVAdapter.onBindViewHolder
leak-50: RVAdapter.getItemCount
leak-51: RVAdapter.onAttachedToRecyclerView
leak-52: <PersonViewHolder.<init>>
leak-53: PersonViewHolder.PersonViewHolder
In file: Content.java
Input operator: REACHABILITY
leak-54: <Content.<init>>
leak-55: Content.addItem
leak-56: <ItemDetails.<init>>
leak-57: ItemDetails.ItemDetails
leak-58: ItemDetails.ItemDetails
leak-59: ItemDetails.ItemDetails
leak-60: ItemDetails.ItemDetails
leak-61: ItemDetails.getName
leak-62: ItemDetails.getDetail
leak-63: <Item.<init>>
leak-64: Item.Item
leak-65: Item.getLabel
leak-66: Item.getDetailedItems
leak-67: Item.toString
leak-68: <PIS.<init>>
leak-69: PIS.PIS
leak-70: Content.formatBitmask
leak-71: Content.formatBitmask
leak-72: Content.formatBitmask
leak-73: Content.formatBitmask
leak-74: Content.formatBitmask
leak-75: <BuildItem.<init>>
leak-76: BuildItem.getDetailedItems
leak-77: BuildItem.getDetailedItems
leak-78: BuildItem.getDetailedItems
leak-79: BuildItem.BuildItem
leak-80: BuildItem.getContents
leak-81: <RuntimeItem.<init>>
leak-82: RuntimeItem.RuntimeItem
leak-83: RuntimeItem.getDetailedItems
leak-84: RuntimeItem.getContents
leak-85: <ConfigurationInfoItem.<init>>
leak-86: ConfigurationInfoItem.getDetailedItems
leak-87: ConfigurationInfoItem.ConfigurationInfoItem
leak-88: ConfigurationInfoItem.getContents
leak-89: <ConfigItem.<init>>
leak-90: ConfigItem.getDetailedItems
leak-91: ConfigItem.ConfigItem
leak-92: ConfigItem.getConfig
leak-93: ConfigItem.getContents
leak-94: <OpenGLItem.<init>>
leak-95: OpenGLItem.OpenGLItem
leak-96: OpenGLItem.getDetailedItems
leak-97: OpenGLItem.getDetailedItems
leak-98: OpenGLItem.getContents
leak-99: OpenGLItem.getContents
leak-100: OpenGLItem.getContents
leak-101: <FileInfo.<init>>
leak-102: FileInfo.getDetailedItems
leak-103: FileInfo.FileInfo
leak-104: FileInfo.getContents
leak-105: <InputDeviceInfo.<init>>
leak-106: InputDeviceInfo.InputDeviceInfo
leak-107: InputDeviceInfo.getDetailedItems
leak-108: InputDeviceInfo.getDetailedItems
leak-109: InputDeviceInfo.getContents
leak-110: InputDeviceInfo.getContents
leak-111: <SensorsItem.<init>>
leak-112: SensorsItem.SensorsItem
leak-113: SensorsItem.getDetailedItems
leak-114: SensorsItem.getDetailedItems
leak-115: SensorsItem.getContents
leak-116: SensorsItem.getContents
leak-117: <BatteryItem.<init>>
leak-118: BatteryItem.BatteryItem
leak-119: BatteryItem.getDetailedItems
leak-120: BatteryItem.getDetailedItems
leak-121: BatteryItem.getDetailedItems
leak-122: BatteryItem.getDetailedItems
leak-123: BatteryItem.getDetailedItems
leak-124: BatteryItem.getDetailedItems
leak-125: BatteryItem.getDetailedItems
leak-126: BatteryItem.getDetailedItems
leak-127: BatteryItem.getDetailedItems
leak-128: BatteryItem.getDetailedItems
leak-129: BatteryItem.getDetailedItems
leak-130: BatteryItem.getContents
leak-131: Content.weHavePermission
leak-132: <IdsItem.<init>>
leak-133: IdsItem.IdsItem
leak-134: IdsItem.getDetailedItems
leak-135: IdsItem.getDetailedItems
leak-136: IdsItem.getDetailedItems
leak-137: IdsItem.getDetailedItems
leak-138: IdsItem.getContents
leak-139: <EncryptItem.<init>>
leak-140: EncryptItem.EncryptItem
leak-141: EncryptItem.getDetailedItems
leak-142: EncryptItem.getContents
leak-143: <RootItem.<init>>
leak-144: RootItem.RootItem
leak-145: RootItem.getDetailedItems
leak-146: RootItem.getContents
leak-147: Content.suAvailable
leak-148: Content.suAvailable
leak-149: Content.suAvailable
leak-150: Content.checkFile
leak-151: Content.checkFile
leak-152: Content.checkFile
leak-153: Content.checkFile
leak-154: Content.checkFile
leak-155: Content.checkRoot
leak-156: Content.checkRoot
leak-157: Content.checkRoot
leak-158: Content.checkRoot
leak-159: Content.checkRoot
leak-160: Content.checkRoot
leak-161: Content.checkRoot
leak-162: Content.getSystemProperty
leak-163: Content.getSystemProperty
leak-164: Content.getSystemProperty
leak-165: <CamerasItem.<init>>
leak-166: CamerasItem.CamerasItem
leak-167: CamerasItem.getDetailedItems
leak-168: CamerasItem.getDetailedItems
leak-169: CamerasItem.getContents
leak-170: CamerasItem.getContents
leak-171: <DisplayMetricsItem.<init>>
leak-172: DisplayMetricsItem.DisplayMetricsItem
leak-173: DisplayMetricsItem.getDetailedItems
leak-174: DisplayMetricsItem.getContents
leak-175: <StorageItem.<init>>
leak-176: StorageItem.StorageItem
leak-177: StorageItem.getDetailedItems
leak-178: StorageItem.getContents
leak-179: StorageItem.formatStorage
leak-180: Content.readFile
leak-181: Content.readFile
leak-182: Content.readFile
leak-183: Content.readFile
leak-184: Content.readFile
leak-185: Content.readFile
leak-186: Content.init
leak-187: Content.formatFileSize
In file: ProcessorManager.java
Input operator: REACHABILITY
leak-188: <ProcessorManager.<init>>
leak-189: ProcessorManager.ProcessorManager
leak-190: ProcessorManager.ProcessorManager
leak-191: ProcessorManager.ProcessorManager
leak-192: ProcessorManager.getUsage
leak-193: ProcessorManager.getUsage
leak-194: ProcessorManager.getUsage
leak-195: ProcessorManager.getUsage
leak-196: ProcessorManager.getUsage
leak-197: ProcessorManager.getUsage
leak-198: ProcessorManager.destroy
leak-199: ProcessorManager.destroy
leak-200: ProcessorManager.destroy
leak-201: ProcessorManager.destroy
In file: RecyclerItemClickListener.java
Input operator: REACHABILITY
leak-202: <RecyclerItemClickListener.<init>>
leak-203: RecyclerItemClickListener.RecyclerItemClickListener
leak-204: <1.<init>>
leak-205: 1.onSingleTapUp
leak-206: RecyclerItemClickListener.onInterceptTouchEvent
leak-207: RecyclerItemClickListener.onInterceptTouchEvent
leak-208: RecyclerItemClickListener.onTouchEvent
leak-209: RecyclerItemClickListener.onRequestDisallowInterceptTouchEvent
In file: FrequencyManager.java
Input operator: REACHABILITY
leak-210: <FrequencyManager.<init>>
leak-211: FrequencyManager.FrequencyManager
leak-212: FrequencyManager.FrequencyManager
leak-213: FrequencyManager.FrequencyManager
leak-214: FrequencyManager.getFrequency
leak-215: FrequencyManager.getFrequency
leak-216: FrequencyManager.getFrequency
leak-217: FrequencyManager.getFrequency
leak-218: FrequencyManager.destroy
leak-219: FrequencyManager.destroy
leak-220: FrequencyManager.destroy
leak-221: FrequencyManager.destroy
In file: Fragment_RVAdapter.java
Input operator: REACHABILITY
leak-222: <Fragment_RVAdapter.<init>>
leak-223: Fragment_RVAdapter.Fragment_RVAdapter
leak-224: Fragment_RVAdapter.onBindViewHolder
leak-225: Fragment_RVAdapter.onCreateViewHolder
leak-226: Fragment_RVAdapter.getItemCount
leak-227: Fragment_RVAdapter.onAttachedToRecyclerView
leak-228: <ContentViewHolder.<init>>
leak-229: ContentViewHolder.ContentViewHolder
In file: ItemListFragment.java
Input operator: REACHABILITY
leak-230: <ItemListFragment.<init>>
leak-231: <1.<init>>
leak-232: 1.onItemSelected
leak-233: ItemListFragment.ItemListFragment
leak-234: ItemListFragment.onCreateView
leak-235: <1.<init>>
leak-236: 1.onItemClick
leak-237: ItemListFragment.onViewCreated
leak-238: ItemListFragment.onViewCreated
leak-239: ItemListFragment.onAttach
leak-240: ItemListFragment.onAttach
leak-241: ItemListFragment.onDetach
leak-242: ItemListFragment.onListItemClick
leak-243: ItemListFragment.onSaveInstanceState
leak-244: ItemListFragment.onSaveInstanceState
In file: ItemDetailFragment.java
Input operator: REACHABILITY
leak-245: <ItemDetailFragment.<init>>
leak-246: ItemDetailFragment.ItemDetailFragment
leak-247: ItemDetailFragment.onCreate
leak-248: ItemDetailFragment.onCreate
leak-249: ItemDetailFragment.onCreateView
