/home/amit/muse/output/manman/schemas/REACHABILITY/manman
In file: DonateHelper.java
Input operator: REACHABILITY
leak-0: <DonateHelper.<init>>
leak-1: DonateHelper.DonateHelper
leak-2: DonateHelper.purchaseGift
leak-3: DonateHelper.handleActivityResult
leak-4: DonateHelper.handleActivityDestroy
leak-5: <PaypalDonateListener.<init>>
leak-6: PaypalDonateListener.onClick
leak-7: PaypalDonateListener.donatePayPalOnClick
leak-8: PaypalDonateListener.donatePayPalOnClick
leak-9: PaypalDonateListener.donatePayPalOnClick
In file: Man2HtmlTest.java
Input operator: REACHABILITY
leak-10: <Man2HtmlTest.<init>>
leak-11: Man2HtmlTest.testHtmlOutput
In file: ApplicationTest.java
Input operator: REACHABILITY
leak-12: <ApplicationTest.<init>>
leak-13: ApplicationTest.unlockScreen
leak-14: <1.<init>>
leak-15: 1.run
leak-16: ApplicationTest.espressoPreconditions
leak-17: ApplicationTest.checkSearchForCommand
leak-18: <1.<init>>
leak-19: 1.call
leak-20: <1.<init>>
leak-21: 1.call
leak-22: ApplicationTest.checkChapter
leak-23: <1.<init>>
leak-24: 1.call
leak-25: ApplicationTest.checkLocalArchive
leak-26: <1.<init>>
leak-27: 1.call
leak-28: ApplicationTest.checkCachedPage
leak-29: <1.<init>>
leak-30: 1.call
leak-31: <ManSectionItemMatcher.<init>>
leak-32: ManSectionItemMatcher.ManSectionItemMatcher
leak-33: ManSectionItemMatcher.matches
leak-34: ManSectionItemMatcher.describeTo
leak-35: <ManPageMatcher.<init>>
leak-36: ManPageMatcher.ManPageMatcher
leak-37: ManPageMatcher.matches
leak-38: ManPageMatcher.describeTo
leak-39: <WebViewVisible.<init>>
leak-40: WebViewVisible.WebViewVisible
leak-41: WebViewVisible.call
In file: ManPageDialogFragment.java
Input operator: REACHABILITY
leak-42: <ManPageDialogFragment.<init>>
leak-43: ManPageDialogFragment.newInstance
leak-44: ManPageDialogFragment.ManPageDialogFragment
leak-45: ManPageDialogFragment.onCreate
leak-46: ManPageDialogFragment.onCreate
leak-47: ManPageDialogFragment.onCreateView
leak-48: ManPageDialogFragment.onCreateView
leak-49: ManPageDialogFragment.onResume
leak-50: ManPageDialogFragment.onCreateOptionsMenu
leak-51: ManPageDialogFragment.onOptionsItemSelected
leak-52: ManPageDialogFragment.toggleSearchBar
leak-53: ManPageDialogFragment.toggleSearchBar
leak-54: ManPageDialogFragment.toggleSearchBar
leak-55: <RetrieveManPageCallback.<init>>
leak-56: RetrieveManPageCallback.onCreateLoader
leak-57: <1.<init>>
leak-58: 1.loadInBackground
leak-59: 1.loadInBackground
leak-60: 1.loadInBackground
leak-61: 1.loadInBackground
leak-62: 1.loadInBackground
leak-63: 1.loadInBackground
leak-64: 1.loadInBackground
leak-65: 1.loadInBackground
leak-66: 1.loadInBackground
leak-67: 1.loadInBackground
leak-68: 1.loadInBackground
leak-69: 1.loadInBackground
leak-70: 1.loadInBackground
leak-71: 1.loadInBackground
leak-72: 1.loadInBackground
leak-73: 1.getLinks
leak-74: 1.getLinks
leak-75: 1.getLinks
leak-76: RetrieveManPageCallback.onLoadFinished
leak-77: RetrieveManPageCallback.onLoadFinished
leak-78: RetrieveManPageCallback.onLoadFinished
leak-79: <1.<init>>
leak-80: 1.run
leak-81: RetrieveManPageCallback.onLoaderReset
leak-82: ManPageDialogFragment.shakeSlider
leak-83: <1.<init>>
leak-84: 1.run
leak-85: <1.<init>>
leak-86: 1.run
leak-87: ManPageDialogFragment.fillLinkPane
leak-88: ManPageDialogFragment.fillLinkPane
leak-89: <1.<init>>
leak-90: 1.onClick
leak-91: ManPageDialogFragment.getFontFromProperties
leak-92: ManPageDialogFragment.getFontFromProperties
leak-93: ManPageDialogFragment.getFontFromProperties
leak-94: <ManPageChromeClient.<init>>
leak-95: ManPageChromeClient.shouldOverrideUrlLoading
leak-96: ManPageChromeClient.shouldOverrideUrlLoading
leak-97: ManPageChromeClient.shouldOverrideUrlLoadingOld
leak-98: ManPageChromeClient.shouldOverrideUrlLoadingOld
leak-99: ManPageChromeClient.shouldOverrideUrlLoadingOld
leak-100: ManPageChromeClient.shouldOverrideUrlLoadingOld
leak-101: ManPageChromeClient.shouldOverrideUrlLoadingOld
leak-102: <SearchBarCloser.<init>>
leak-103: SearchBarCloser.onClick
leak-104: <SearchFurtherExecutor.<init>>
leak-105: SearchFurtherExecutor.SearchFurtherExecutor
leak-106: SearchFurtherExecutor.onClick
leak-107: <SearchExecutor.<init>>
leak-108: SearchExecutor.beforeTextChanged
leak-109: SearchExecutor.onTextChanged
leak-110: SearchExecutor.afterTextChanged
leak-111: <FontChangeListener.<init>>
leak-112: FontChangeListener.onSharedPreferenceChanged
In file: ProgressBarWrapper.java
Input operator: REACHABILITY
leak-113: <ProgressBarWrapper.<init>>
leak-114: ProgressBarWrapper.ProgressBarWrapper
leak-115: ProgressBarWrapper.getActionBarSize
leak-116: ProgressBarWrapper.getActionBarSize
leak-117: ProgressBarWrapper.getActionBarSize
leak-118: ProgressBarWrapper.createProgressBar
leak-119: ProgressBarWrapper.show
leak-120: ProgressBarWrapper.show
leak-121: ProgressBarWrapper.show
leak-122: ProgressBarWrapper.show
leak-123: ProgressBarWrapper.hide
leak-124: ProgressBarWrapper.hide
leak-125: ProgressBarWrapper.onOrientationChanged
leak-126: ProgressBarWrapper.onOrientationChanged
leak-127: ProgressBarWrapper.addProgressBarToActivity
leak-128: <AddHeaderViewRunnable.<init>>
leak-129: AddHeaderViewRunnable.run
leak-130: AddHeaderViewRunnable.run
leak-131: AddHeaderViewRunnable.run
leak-132: AddHeaderViewRunnable.start
leak-133: AddHeaderViewRunnable.finish
leak-134: AddHeaderViewRunnable.getDecorView
leak-135: ProgressBarWrapper.setIndeterminate
leak-136: ProgressBarWrapper.setProgress
In file: PassiveSlidingPane.java
Input operator: REACHABILITY
leak-137: <PassiveSlidingPane.<init>>
leak-138: PassiveSlidingPane.PassiveSlidingPane
leak-139: PassiveSlidingPane.PassiveSlidingPane
leak-140: PassiveSlidingPane.PassiveSlidingPane
leak-141: PassiveSlidingPane.init
leak-142: PassiveSlidingPane.setTrackedView
leak-143: PassiveSlidingPane.onInterceptTouchEvent
leak-144: PassiveSlidingPane.onInterceptTouchEvent
leak-145: PassiveSlidingPane.onInterceptTouchEvent
In file: FolderChooseFragment.java
Input operator: REACHABILITY
leak-146: <FolderChooseFragment.<init>>
leak-147: FolderChooseFragment.onCreate
leak-148: FolderChooseFragment.onCreateDialog
leak-149: <AddFolderClickListener.<init>>
leak-150: AddFolderClickListener.onClick
leak-151: <1.<init>>
leak-152: 1.receiveResult
leak-153: <FolderListArrayAdapter.<init>>
leak-154: FolderListArrayAdapter.FolderListArrayAdapter
leak-155: FolderListArrayAdapter.getView
leak-156: <1.<init>>
leak-157: 1.onClick
leak-158: FolderChooseFragment.syncFolderList
In file: ChapterContentsArrayAdapter.java
Input operator: REACHABILITY
leak-159: <ChapterContentsArrayAdapter.<init>>
leak-160: ChapterContentsArrayAdapter.ChapterContentsArrayAdapter
leak-161: ChapterContentsArrayAdapter.getView
leak-162: ChapterContentsArrayAdapter.getSections
leak-163: ChapterContentsArrayAdapter.getSections
leak-164: ChapterContentsArrayAdapter.getPositionForSection
leak-165: ChapterContentsArrayAdapter.getSectionForPosition
leak-166: ChapterContentsArrayAdapter.getSectionForPosition
In file: ChapterContentsCursorAdapter.java
Input operator: REACHABILITY
leak-167: <ChapterContentsCursorAdapter.<init>>
leak-168: ChapterContentsCursorAdapter.ChapterContentsCursorAdapter
leak-169: ChapterContentsCursorAdapter.getView
leak-170: ChapterContentsCursorAdapter.getSections
leak-171: ChapterContentsCursorAdapter.getSections
leak-172: ChapterContentsCursorAdapter.getPositionForSection
leak-173: ChapterContentsCursorAdapter.getSectionForPosition
leak-174: ChapterContentsCursorAdapter.getSectionForPosition
In file: CachedCommandsArrayAdapter.java
Input operator: REACHABILITY
leak-175: <CachedCommandsArrayAdapter.<init>>
leak-176: CachedCommandsArrayAdapter.CachedCommandsArrayAdapter
leak-177: CachedCommandsArrayAdapter.getView
leak-178: <1.<init>>
leak-179: 1.onClick
leak-180: <1.<init>>
leak-181: 1.onMenuItemClick
In file: ChaptersArrayAdapter.java
Input operator: REACHABILITY
leak-182: <ChaptersArrayAdapter.<init>>
leak-183: ChaptersArrayAdapter.ChaptersArrayAdapter
leak-184: ChaptersArrayAdapter.getView
In file: OrmLiteCursorAdapter.java
Input operator: REACHABILITY
leak-185: <OrmLiteCursorAdapter.<init>>
leak-186: OrmLiteCursorAdapter.OrmLiteCursorAdapter
leak-187: OrmLiteCursorAdapter.getCount
leak-188: OrmLiteCursorAdapter.getItem
leak-189: OrmLiteCursorAdapter.getItem
leak-190: OrmLiteCursorAdapter.getItem
leak-191: OrmLiteCursorAdapter.getRawCursor
leak-192: OrmLiteCursorAdapter.getItemId
leak-193: OrmLiteCursorAdapter.updateQuery
leak-194: OrmLiteCursorAdapter.updateQuery
leak-195: OrmLiteCursorAdapter.updateQuery
leak-196: OrmLiteCursorAdapter.updateQuery
leak-197: OrmLiteCursorAdapter.closeCursor
In file: LocalArchiveArrayAdapter.java
Input operator: REACHABILITY
leak-198: <LocalArchiveArrayAdapter.<init>>
leak-199: LocalArchiveArrayAdapter.LocalArchiveArrayAdapter
leak-200: LocalArchiveArrayAdapter.getCount
leak-201: LocalArchiveArrayAdapter.getItem
leak-202: LocalArchiveArrayAdapter.getView
leak-203: LocalArchiveArrayAdapter.getFilter
leak-204: <1.<init>>
leak-205: 1.performFiltering
leak-206: 1.performFiltering
leak-207: 1.performFiltering
leak-208: 1.performFiltering
leak-209: 1.publishResults
In file: ManChaptersFragment.java
Input operator: REACHABILITY
leak-210: <ManChaptersFragment.<init>>
leak-211: <1.<init>>
leak-212: 1.onItemClick
leak-213: <1.<init>>
leak-214: 1.onItemClick
leak-215: ManChaptersFragment.newInstance
leak-216: ManChaptersFragment.ManChaptersFragment
leak-217: ManChaptersFragment.onCreateView
leak-218: <RetrieveChapterContentsCallback.<init>>
leak-219: RetrieveChapterContentsCallback.onCreateLoader
leak-220: <1.<init>>
leak-221: 1.onStartLoading
leak-222: 1.onStartLoading
leak-223: 1.loadInBackground
leak-224: 1.loadInBackground
leak-225: 1.loadInBackground
leak-226: 1.loadInBackground
leak-227: 1.loadFromNetwork
leak-228: 1.loadFromNetwork
leak-229: 1.loadFromNetwork
leak-230: 1.loadFromNetwork
leak-231: 1.loadFromNetwork
leak-232: 1.loadFromNetwork
leak-233: 1.loadFromNetwork
leak-234: 1.saveToDb
leak-235: 1.saveToDb
leak-236: <1.<init>>
leak-237: 1.call
leak-238: 1.call
leak-239: 1.call
leak-240: 1.saveToDb
leak-241: 1.deliverResult
leak-242: RetrieveChapterContentsCallback.onLoadFinished
leak-243: RetrieveChapterContentsCallback.onLoadFinished
leak-244: RetrieveChapterContentsCallback.onLoadFinished
leak-245: RetrieveChapterContentsCallback.onLoadFinished
leak-246: RetrieveChapterContentsCallback.onLoadFinished
leak-247: RetrieveChapterContentsCallback.onLoaderReset
leak-248: <RetrievePackageContentsCallback.<init>>
leak-249: RetrievePackageContentsCallback.onCreateLoader
leak-250: <1.<init>>
leak-251: 1.onStartLoading
leak-252: 1.onStartLoading
leak-253: 1.loadInBackground
leak-254: 1.loadInBackground
leak-255: 1.loadInBackground
leak-256: 1.loadInBackground
leak-257: 1.loadInBackground
leak-258: 1.deliverResult
leak-259: RetrievePackageContentsCallback.onLoadFinished
leak-260: <1.<init>>
leak-261: 1.onClick
leak-262: RetrievePackageContentsCallback.onLoaderReset
leak-263: ManChaptersFragment.sectionItemFromRow
leak-264: ManChaptersFragment.onDestroyView
leak-265: ManChaptersFragment.onConfigurationChanged
leak-266: ManChaptersFragment.onPause
leak-267: ManChaptersFragment.onPause
leak-268: ManChaptersFragment.onResume
leak-269: ManChaptersFragment.onResume
leak-270: ManChaptersFragment.onDestroy
leak-271: <CountingInputStream.<init>>
leak-272: CountingInputStream.CountingInputStream
leak-273: CountingInputStream.read
leak-274: CountingInputStream.read
leak-275: CountingInputStream.read
leak-276: CountingInputStream.read
leak-277: CountingInputStream.read
leak-278: <1.<init>>
leak-279: 1.run
leak-280: 1.run
leak-281: 1.run
leak-282: CountingInputStream.stopCounting
leak-283: <ManPageContentsResult.<init>>
leak-284: ManPageContentsResult.ManPageContentsResult
leak-285: ManPageContentsResult.ManPageContentsResult
leak-286: <BackButtonBroadcastReceiver.<init>>
leak-287: BackButtonBroadcastReceiver.onReceive
leak-288: ManChaptersFragment.swapListView
leak-289: ManChaptersFragment.swapListView
leak-290: ManChaptersFragment.swapListView
In file: ManLocalArchiveFragment.java
Input operator: REACHABILITY
leak-291: <ManLocalArchiveFragment.<init>>
leak-292: <1.<init>>
leak-293: 1.onItemClick
leak-294: 1.onItemClick
leak-295: 1.onItemClick
leak-296: ManLocalArchiveFragment.newInstance
leak-297: ManLocalArchiveFragment.ManLocalArchiveFragment
leak-298: ManLocalArchiveFragment.onCreateView
leak-299: ManLocalArchiveFragment.onConfigurationChanged
leak-300: ManLocalArchiveFragment.onDestroyView
leak-301: ManLocalArchiveFragment.onCreateOptionsMenu
leak-302: ManLocalArchiveFragment.onPrepareOptionsMenu
leak-303: ManLocalArchiveFragment.onOptionsItemSelected
leak-304: ManLocalArchiveFragment.onSharedPreferenceChanged
leak-305: ManLocalArchiveFragment.onSharedPreferenceChanged
leak-306: ManLocalArchiveFragment.showFolderSettingsDialog
leak-307: <LocalArchiveParserCallback.<init>>
leak-308: LocalArchiveParserCallback.onCreateLoader
leak-309: <1.<init>>
leak-310: 1.loadInBackground
leak-311: 1.loadInBackground
leak-312: 1.loadInBackground
leak-313: 1.loadInBackground
leak-314: <1.<init>>
leak-315: 1.run
leak-316: 1.populateWithLocal
leak-317: 1.populateWithLocal
leak-318: 1.populateWithLocal
leak-319: 1.populateWithLocal
leak-320: 1.walkFileTree
leak-321: 1.walkFileTree
leak-322: 1.walkFileTree
leak-323: 1.walkFileTree
leak-324: 1.deliverResult
leak-325: LocalArchiveParserCallback.onLoadFinished
leak-326: LocalArchiveParserCallback.onLoadFinished
leak-327: LocalArchiveParserCallback.onLoadFinished
leak-328: LocalArchiveParserCallback.onLoadFinished
leak-329: LocalArchiveParserCallback.onLoaderReset
leak-330: ManLocalArchiveFragment.downloadArchive
leak-331: ManLocalArchiveFragment.downloadArchive
leak-332: ManLocalArchiveFragment.downloadArchive
leak-333: <1.<init>>
leak-334: 1.onClick
leak-335: <1.<init>>
leak-336: 1.onPreExecute
leak-337: 1.doInBackground
leak-338: 1.doInBackground
leak-339: 1.doInBackground
leak-340: 1.doInBackground
leak-341: 1.doInBackground
leak-342: 1.onProgressUpdate
leak-343: 1.onProgressUpdate
leak-344: 1.onProgressUpdate
leak-345: 1.onPostExecute
leak-346: <FilterLocalStorage.<init>>
leak-347: FilterLocalStorage.onQueryTextSubmit
leak-348: FilterLocalStorage.onQueryTextChange
leak-349: FilterLocalStorage.applyFilter
leak-350: FilterLocalStorage.applyFilter
leak-351: <LocalArchiveBroadcastReceiver.<init>>
leak-352: LocalArchiveBroadcastReceiver.onReceive
In file: PreferencesActivity.java
Input operator: REACHABILITY
leak-353: <PreferencesActivity.<init>>
leak-354: PreferencesActivity.onCreate
In file: GlobalPrefsFragment.java
Input operator: REACHABILITY
leak-355: <GlobalPrefsFragment.<init>>
leak-356: GlobalPrefsFragment.onCreate
leak-357: <1.<init>>
leak-358: 1.onPreferenceClick
leak-359: <1.<init>>
leak-360: 1.onClick
leak-361: <1.<init>>
leak-362: 1.onPreferenceClick
leak-363: 1.onPreferenceClick
In file: AbstractNetworkAsyncLoader.java
Input operator: REACHABILITY
leak-364: <AbstractNetworkAsyncLoader.<init>>
leak-365: AbstractNetworkAsyncLoader.AbstractNetworkAsyncLoader
leak-366: AbstractNetworkAsyncLoader.onStopLoading
leak-367: AbstractNetworkAsyncLoader.onStartLoading
leak-368: AbstractNetworkAsyncLoader.onStartLoading
leak-369: AbstractNetworkAsyncLoader.onStartLoading
leak-370: AbstractNetworkAsyncLoader.onLoadInBackground
leak-371: AbstractNetworkAsyncLoader.deliverResult
leak-372: AbstractNetworkAsyncLoader.deliverResult
leak-373: AbstractNetworkAsyncLoader.deliverResult
leak-374: AbstractNetworkAsyncLoader.onReset
In file: FolderAddDialog.java
Input operator: REACHABILITY
leak-375: <FolderAddDialog.<init>>
leak-376: FolderAddDialog.newInstance
leak-377: FolderAddDialog.onCreateDialog
leak-378: FolderAddDialog.onStart
leak-379: FolderAddDialog.cdInto
leak-380: FolderAddDialog.cdInto
leak-381: FolderAddDialog.cdInto
leak-382: FolderAddDialog.cdInto
leak-383: FolderAddDialog.onClick
leak-384: FolderAddDialog.onItemClick
leak-385: <FolderArrayAdapter.<init>>
leak-386: FolderArrayAdapter.FolderArrayAdapter
leak-387: FolderArrayAdapter.getView
leak-388: FolderArrayAdapter.getView
leak-389: FolderArrayAdapter.getView
In file: CircularFragReveal.java
Input operator: REACHABILITY
leak-390: <CircularFragReveal.<init>>
leak-391: CircularFragReveal.CircularFragReveal
leak-392: CircularFragReveal.startReveal
leak-393: CircularFragReveal.cancelReveal
leak-394: CircularFragReveal.isRevealing
leak-395: CircularFragReveal.isUnrevealing
leak-396: CircularFragReveal.startUnreveal
leak-397: CircularFragReveal.startUnreveal
leak-398: CircularFragReveal.startUnreveal
leak-399: CircularFragReveal.cancelUnreveal
leak-400: <Builder.<init>>
leak-401: Builder.Builder
leak-402: Builder.setRevealTime
leak-403: Builder.setUnrevealTime
leak-404: Builder.setRevelInt
leak-405: Builder.setUnrevealInt
leak-406: Builder.setRevealColor
leak-407: Builder.setOnToouchUnreveal
leak-408: Builder.build
leak-409: Builder.getRootView
leak-410: Builder.getREVEAL_DURATION
leak-411: Builder.getRevealInterpolator
leak-412: Builder.getUNREVEAL_DURATION
leak-413: Builder.getUnrevealInterpolator
leak-414: Builder.getRevealBgColor
leak-415: Builder.isTouchUnreveal
leak-416: CircularFragReveal.startRevealAnimation
leak-417: CircularFragReveal.startRevealAnimation
leak-418: <1.<init>>
leak-419: 1.onLayoutChange
leak-420: CircularFragReveal.startRevealAnimation
leak-421: CircularFragReveal.getView
leak-422: CircularFragReveal.prepareUnrevealAnimator
leak-423: CircularFragReveal.prepareUnrevealAnimator
leak-424: CircularFragReveal.getEnclosingCircleRadius
leak-425: <1.<init>>
leak-426: 1.onTouch
leak-427: CircularFragReveal.onTouchUnRevealOn
leak-428: CircularFragReveal.onTouchUnRevealOff
leak-429: <1.<init>>
leak-430: 1.onAnimationStart
leak-431: 1.onAnimationEnd
leak-432: 1.onAnimationCancel
leak-433: 1.onAnimationRepeat
leak-434: <1.<init>>
leak-435: 1.onAnimationStart
leak-436: 1.onAnimationEnd
leak-437: 1.onAnimationEnd
leak-438: 1.onAnimationCancel
leak-439: 1.onAnimationRepeat
In file: ManChapterItemOnClickListener.java
Input operator: REACHABILITY
leak-440: <ManChapterItemOnClickListener.<init>>
leak-441: ManChapterItemOnClickListener.ManChapterItemOnClickListener
leak-442: ManChapterItemOnClickListener.onClick
leak-443: <1.<init>>
leak-444: 1.onMenuItemClick
In file: ManApplication.java
Input operator: REACHABILITY
leak-445: <ManApplication.<init>>
leak-446: ManApplication.onCreate
leak-447: ManApplication.onTerminate
In file: MainPagerActivity.java
Input operator: REACHABILITY
leak-448: <MainPagerActivity.<init>>
leak-449: MainPagerActivity.onCreate
leak-450: MainPagerActivity.onCreateOptionsMenu
leak-451: MainPagerActivity.onOptionsItemSelected
leak-452: <ManFragmentPagerAdapter.<init>>
leak-453: ManFragmentPagerAdapter.ManFragmentPagerAdapter
leak-454: ManFragmentPagerAdapter.getItem
leak-455: ManFragmentPagerAdapter.getCount
leak-456: ManFragmentPagerAdapter.getPageTitle
leak-457: ManFragmentPagerAdapter.setPrimaryItem
leak-458: ManFragmentPagerAdapter.setPrimaryItem
leak-459: ManFragmentPagerAdapter.setPrimaryItem
leak-460: MainPagerActivity.showAbout
leak-461: MainPagerActivity.onActivityResult
leak-462: MainPagerActivity.onActivityResult
leak-463: MainPagerActivity.onBackPressed
leak-464: MainPagerActivity.onBackPressed
leak-465: MainPagerActivity.onDestroy
In file: HtmlEscaper.java
Input operator: REACHABILITY
leak-466: <HtmlEscaper.<init>>
leak-467: HtmlEscaper.escapeHtml
leak-468: HtmlEscaper.withinStyle
leak-469: HtmlEscaper.withinStyle
leak-470: HtmlEscaper.withinStyle
leak-471: HtmlEscaper.withinStyle
leak-472: HtmlEscaper.withinStyle
leak-473: HtmlEscaper.withinStyle
leak-474: HtmlEscaper.withinStyle
leak-475: HtmlEscaper.withinStyle
leak-476: HtmlEscaper.withinStyle
leak-477: HtmlEscaper.withinStyle
leak-478: HtmlEscaper.withinStyle
leak-479: HtmlEscaper.withinStyle
In file: SpecialsHandler.java
Input operator: REACHABILITY
leak-480: <SpecialsHandler.<init>>
leak-481: SpecialsHandler.parseSpecial
In file: Man2Html.java
Input operator: REACHABILITY
leak-482: <Man2Html.<init>>
leak-483: Man2Html.Command
leak-484: Man2Html.Command
leak-485: Man2Html.Man2Html
leak-486: Man2Html.getHtml
leak-487: Man2Html.getDoc
leak-488: Man2Html.doParse
leak-489: Man2Html.doParse
leak-490: Man2Html.doParse
leak-491: Man2Html.doParse
leak-492: Man2Html.doParse
leak-493: Man2Html.doParse
leak-494: Man2Html.handleSpecialConditions
leak-495: Man2Html.handleSpecialConditions
leak-496: Man2Html.evaluateCommand
leak-497: Man2Html.evaluateCommand
leak-498: Man2Html.evaluateCommand
leak-499: Man2Html.evaluateCommand
leak-500: Man2Html.evaluateCommand
leak-501: Man2Html.evaluateCommand
leak-502: Man2Html.evaluateCommand
leak-503: Man2Html.executeCommand
leak-504: Man2Html.executeCommand
leak-505: Man2Html.executeCommand
leak-506: Man2Html.executeCommand
leak-507: Man2Html.executeCommand
leak-508: Man2Html.executeCommand
leak-509: Man2Html.executeCommand
leak-510: Man2Html.executeCommand
leak-511: Man2Html.executeCommand
leak-512: Man2Html.executeCommand
leak-513: Man2Html.executeCommand
leak-514: Man2Html.executeCommand
leak-515: Man2Html.executeCommand
leak-516: Man2Html.executeCommand
leak-517: Man2Html.executeCommand
leak-518: Man2Html.executeCommand
leak-519: Man2Html.executeCommand
leak-520: Man2Html.executeCommand
leak-521: Man2Html.executeCommand
leak-522: Man2Html.executeCommand
leak-523: Man2Html.executeCommand
leak-524: Man2Html.executeCommand
leak-525: Man2Html.executeCommand
leak-526: Man2Html.executeCommand
leak-527: Man2Html.parseQuotedCommandArguments
leak-528: Man2Html.parseQuotedCommandArguments
leak-529: Man2Html.postprocessInDocLinks
leak-530: Man2Html.postprocessInDocLinks
leak-531: Man2Html.postprocessInDocLinks
leak-532: Man2Html.postprocessInDocLinks
leak-533: Man2Html.parseTextField
leak-534: Man2Html.parseTextField
leak-535: Man2Html.parseTextField
leak-536: Man2Html.parseTextField
leak-537: Man2Html.parseTextField
leak-538: Man2Html.parseTextField
leak-539: Man2Html.parseTextField
leak-540: Man2Html.parseTextField
leak-541: Man2Html.parseTextField
leak-542: Man2Html.parseTextField
leak-543: Man2Html.isControl
In file: ManCacheFragment.java
Input operator: REACHABILITY
leak-544: <ManCacheFragment.<init>>
leak-545: ManCacheFragment.newInstance
leak-546: ManCacheFragment.ManCacheFragment
leak-547: ManCacheFragment.onCreateView
leak-548: ManCacheFragment.onDestroyView
leak-549: ManCacheFragment.onItemClick
leak-550: <CacheBrowseCallback.<init>>
leak-551: CacheBrowseCallback.onCreateLoader
leak-552: <1.<init>>
leak-553: 1.loadInBackground
leak-554: 1.loadInBackground
leak-555: 1.loadInBackground
leak-556: CacheBrowseCallback.onLoadFinished
leak-557: CacheBrowseCallback.onLoadFinished
leak-558: CacheBrowseCallback.onLoaderReset
leak-559: <SearchInCacheListener.<init>>
leak-560: SearchInCacheListener.onQueryTextSubmit
leak-561: SearchInCacheListener.onQueryTextChange
leak-562: SearchInCacheListener.fireLoader
leak-563: <DbBroadcastReceiver.<init>>
leak-564: DbBroadcastReceiver.onReceive
In file: SearchResultList.java
Input operator: REACHABILITY
leak-565: <SearchResultList.<init>>
leak-566: SearchResultList.getQuery
leak-567: SearchResultList.setQuery
leak-568: SearchResultList.getTruncated
leak-569: SearchResultList.setTruncated
leak-570: SearchResultList.getResults
leak-571: SearchResultList.setResults
In file: ManPage.java
Input operator: REACHABILITY
leak-572: <ManPage.<init>>
leak-573: ManPage.ManPage
leak-574: ManPage.ManPage
leak-575: ManPage.getName
leak-576: ManPage.setName
leak-577: ManPage.getUrl
leak-578: ManPage.setUrl
leak-579: ManPage.getWebContent
leak-580: ManPage.setWebContent
leak-581: ManPage.getLinks
leak-582: ManPage.setLinks
In file: SearchResult.java
Input operator: REACHABILITY
leak-583: <SearchResult.<init>>
leak-584: SearchResult.getName
leak-585: SearchResult.setName
leak-586: SearchResult.getSection
leak-587: SearchResult.setSection
leak-588: SearchResult.getDescription
leak-589: SearchResult.setDescription
leak-590: SearchResult.getUrl
leak-591: SearchResult.setUrl
In file: ManPageInfo.java
Input operator: REACHABILITY
leak-592: <ManPageInfo.<init>>
leak-593: ManPageInfo.getName
leak-594: ManPageInfo.setName
leak-595: ManPageInfo.getSection
leak-596: ManPageInfo.setSection
leak-597: ManPageInfo.getDescription
leak-598: ManPageInfo.setDescription
leak-599: ManPageInfo.getUrl
leak-600: ManPageInfo.setUrl
leak-601: ManPageInfo.getSections
leak-602: ManPageInfo.setSections
leak-603: ManPageInfo.getAnchors
leak-604: ManPageInfo.setAnchors
leak-605: <InfoSection.<init>>
leak-606: InfoSection.getId
leak-607: InfoSection.setId
leak-608: InfoSection.getTitle
leak-609: InfoSection.setTitle
leak-610: InfoSection.getUrl
leak-611: InfoSection.setUrl
leak-612: InfoSection.getSections
leak-613: InfoSection.setSections
leak-614: <InfoAnchor.<init>>
leak-615: InfoAnchor.getAnchor
leak-616: InfoAnchor.setAnchor
leak-617: InfoAnchor.getDescription
leak-618: InfoAnchor.setDescription
leak-619: InfoAnchor.getUrl
leak-620: InfoAnchor.setUrl
In file: ManSectionIndex.java
Input operator: REACHABILITY
leak-621: <ManSectionIndex.<init>>
leak-622: ManSectionIndex.ManSectionIndex
leak-623: ManSectionIndex.ManSectionIndex
leak-624: ManSectionIndex.getLetter
leak-625: ManSectionIndex.setLetter
leak-626: ManSectionIndex.getIndex
leak-627: ManSectionIndex.setIndex
leak-628: ManSectionIndex.getParentChapter
leak-629: ManSectionIndex.setParentChapter
In file: ManSectionItem.java
Input operator: REACHABILITY
leak-630: <ManSectionItem.<init>>
leak-631: ManSectionItem.getName
leak-632: ManSectionItem.setName
leak-633: ManSectionItem.getDescription
leak-634: ManSectionItem.setDescription
leak-635: ManSectionItem.getUrl
leak-636: ManSectionItem.setUrl
leak-637: ManSectionItem.getParentChapter
leak-638: ManSectionItem.setParentChapter
leak-639: ManSectionItem.compareTo
In file: ManPageSearchFragment.java
Input operator: REACHABILITY
leak-640: <ManPageSearchFragment.<init>>
leak-641: <1.<init>>
leak-642: 1.onItemClick
leak-643: ManPageSearchFragment.newInstance
leak-644: ManPageSearchFragment.ManPageSearchFragment
leak-645: ManPageSearchFragment.onCreateView
leak-646: <SearchLoaderCallback.<init>>
leak-647: SearchLoaderCallback.onCreateLoader
leak-648: <1.<init>>
leak-649: 1.onStartLoading
leak-650: 1.onStartLoading
leak-651: 1.loadInBackground
leak-652: 1.loadInBackground
leak-653: 1.loadInBackground
leak-654: 1.loadInBackground
leak-655: 1.deliverResult
leak-656: SearchLoaderCallback.onLoadFinished
leak-657: SearchLoaderCallback.onLoadFinished
leak-658: SearchLoaderCallback.onLoaderReset
leak-659: <SearchOneLinerLoaderCallback.<init>>
leak-660: SearchOneLinerLoaderCallback.onCreateLoader
leak-661: <1.<init>>
leak-662: 1.onStartLoading
leak-663: 1.onStartLoading
leak-664: 1.loadInBackground
leak-665: 1.loadInBackground
leak-666: 1.loadInBackground
leak-667: 1.loadInBackground
leak-668: 1.deliverResult
leak-669: SearchOneLinerLoaderCallback.onLoadFinished
leak-670: SearchOneLinerLoaderCallback.onLoadFinished
leak-671: SearchOneLinerLoaderCallback.onLoaderReset
leak-672: <SearchQueryTextListener.<init>>
leak-673: SearchQueryTextListener.onQueryTextSubmit
leak-674: SearchQueryTextListener.onQueryTextChange
leak-675: SearchQueryTextListener.onQueryTextChange
leak-676: SearchQueryTextListener.fireLoader
leak-677: <1.<init>>
leak-678: 1.run
leak-679: 1.run
leak-680: 1.run
leak-681: <OnelinerArrayAdapter.<init>>
leak-682: OnelinerArrayAdapter.OnelinerArrayAdapter
leak-683: OnelinerArrayAdapter.getView
leak-684: <SearchResultArrayAdapter.<init>>
leak-685: SearchResultArrayAdapter.SearchResultArrayAdapter
leak-686: SearchResultArrayAdapter.getView
leak-687: SearchResultArrayAdapter.getView
leak-688: <1.<init>>
leak-689: 1.onClick
leak-690: 1.onClick
leak-691: <1.<init>>
leak-692: 1.onMenuItemClick
In file: Utils.java
Input operator: REACHABILITY
leak-693: <Utils.<init>>
leak-694: Utils.parseStringArray
leak-695: Utils.parseStringArray
leak-696: Utils.showToastFromAnyThread
leak-697: <1.<init>>
leak-698: 1.run
leak-699: Utils.showToastFromAnyThread
leak-700: <1.<init>>
leak-701: 1.run
leak-702: Utils.createIndexer
leak-703: Utils.createIndexer
leak-704: Utils.createIndexer
leak-705: Utils.getThemedValue
leak-706: Utils.getThemedResource
leak-707: Utils.getWebWithCss
leak-708: Utils.detectEncodingOfArchive
leak-709: Utils.detectEncodingOfArchive
leak-710: Utils.setupTheme
leak-711: <HideKeyboardOnFocusLost.<init>>
leak-712: HideKeyboardOnFocusLost.onFocusChange
leak-713: HideKeyboardOnFocusLost.onFocusChange
In file: DbProvider.java
Input operator: REACHABILITY
leak-714: <DbProvider.<init>>
leak-715: DbProvider.getHelper
leak-716: DbProvider.setHelper
leak-717: DbProvider.releaseHelper
In file: PersistManager.java
Input operator: REACHABILITY
leak-718: <PersistManager.<init>>
leak-719: PersistManager.PersistManager
leak-720: PersistManager.onCreate
leak-721: PersistManager.onCreate
leak-722: PersistManager.onCreate
leak-723: PersistManager.onUpgrade
leak-724: PersistManager.getManChaptersDao
leak-725: PersistManager.getManChaptersDao
leak-726: PersistManager.getManPagesDao
leak-727: PersistManager.getManPagesDao
leak-728: PersistManager.getManChapterIndexesDao
leak-729: PersistManager.getManChapterIndexesDao
leak-730: PersistManager.clearAllTables
leak-731: PersistManager.clearAllTables
leak-732: PersistManager.clearAllTables
leak-733: PersistManager.close
In file: Base64.java
Input operator: REACHABILITY
leak-734: <Base64.<init>>
leak-735: Base64.Base64
leak-736: Base64.encode3to4
leak-737: Base64.encode
leak-738: Base64.encodeWebSafe
leak-739: Base64.encode
leak-740: Base64.encode
leak-741: Base64.encode
leak-742: Base64.encode
leak-743: Base64.encode
leak-744: Base64.encode
leak-745: Base64.encode
leak-746: Base64.encode
leak-747: Base64.decode4to3
leak-748: Base64.decode4to3
leak-749: Base64.decode4to3
leak-750: Base64.decode4to3
leak-751: Base64.decode
leak-752: Base64.decodeWebSafe
leak-753: Base64.decode
leak-754: Base64.decodeWebSafe
leak-755: Base64.decode
leak-756: Base64.decodeWebSafe
leak-757: Base64.decode
leak-758: Base64.decode
leak-759: Base64.decode
leak-760: Base64.decode
leak-761: Base64.decode
leak-762: Base64.decode
leak-763: Base64.decode
leak-764: Base64.decode
leak-765: Base64.decode
leak-766: Base64.decode
leak-767: Base64.decode
leak-768: Base64.decode
In file: Purchase.java
Input operator: REACHABILITY
leak-769: <Purchase.<init>>
leak-770: Purchase.Purchase
leak-771: Purchase.getItemType
leak-772: Purchase.getOrderId
leak-773: Purchase.getPackageName
leak-774: Purchase.getSku
leak-775: Purchase.getPurchaseTime
leak-776: Purchase.getPurchaseState
leak-777: Purchase.getDeveloperPayload
leak-778: Purchase.getToken
leak-779: Purchase.getOriginalJson
leak-780: Purchase.getSignature
leak-781: Purchase.toString
In file: Inventory.java
Input operator: REACHABILITY
leak-782: <Inventory.<init>>
leak-783: Inventory.Inventory
leak-784: Inventory.getSkuDetails
leak-785: Inventory.getPurchase
leak-786: Inventory.hasPurchase
leak-787: Inventory.hasDetails
leak-788: Inventory.erasePurchase
leak-789: Inventory.getAllOwnedSkus
leak-790: Inventory.getAllOwnedSkus
leak-791: Inventory.getAllOwnedSkus
leak-792: Inventory.getAllPurchases
leak-793: Inventory.addSkuDetails
leak-794: Inventory.addPurchase
In file: SkuDetails.java
Input operator: REACHABILITY
leak-795: <SkuDetails.<init>>
leak-796: SkuDetails.SkuDetails
leak-797: SkuDetails.SkuDetails
leak-798: SkuDetails.getSku
leak-799: SkuDetails.getType
leak-800: SkuDetails.getPrice
leak-801: SkuDetails.getTitle
leak-802: SkuDetails.getDescription
leak-803: SkuDetails.toString
In file: Security.java
Input operator: REACHABILITY
leak-804: <Security.<init>>
leak-805: Security.verifyPurchase
leak-806: Security.verifyPurchase
leak-807: Security.generatePublicKey
leak-808: Security.generatePublicKey
leak-809: Security.generatePublicKey
leak-810: Security.generatePublicKey
leak-811: Security.generatePublicKey
leak-812: Security.verify
leak-813: Security.verify
leak-814: Security.verify
leak-815: Security.verify
leak-816: Security.verify
leak-817: Security.verify
leak-818: Security.verify
In file: IabResult.java
Input operator: REACHABILITY
leak-819: <IabResult.<init>>
leak-820: IabResult.IabResult
leak-821: IabResult.IabResult
leak-822: IabResult.IabResult
leak-823: IabResult.getResponse
leak-824: IabResult.getMessage
leak-825: IabResult.isSuccess
leak-826: IabResult.isFailure
leak-827: IabResult.toString
In file: IabException.java
Input operator: REACHABILITY
leak-828: <IabException.<init>>
leak-829: IabException.IabException
leak-830: IabException.IabException
leak-831: IabException.IabException
leak-832: IabException.IabException
leak-833: IabException.getResult
In file: IabHelper.java
Input operator: REACHABILITY
leak-834: <IabHelper.<init>>
leak-835: IabHelper.IabHelper
leak-836: IabHelper.enableDebugLogging
leak-837: IabHelper.enableDebugLogging
leak-838: IabHelper.startSetup
leak-839: <1.<init>>
leak-840: 1.onServiceDisconnected
leak-841: 1.onServiceConnected
leak-842: 1.onServiceConnected
leak-843: 1.onServiceConnected
leak-844: 1.onServiceConnected
leak-845: 1.onServiceConnected
leak-846: 1.onServiceConnected
leak-847: 1.onServiceConnected
leak-848: 1.onServiceConnected
leak-849: IabHelper.startSetup
leak-850: IabHelper.startSetup
leak-851: IabHelper.startSetup
leak-852: IabHelper.dispose
leak-853: IabHelper.dispose
leak-854: IabHelper.checkNotDisposed
leak-855: IabHelper.subscriptionsSupported
leak-856: IabHelper.launchPurchaseFlow
leak-857: IabHelper.launchPurchaseFlow
leak-858: IabHelper.launchSubscriptionPurchaseFlow
leak-859: IabHelper.launchSubscriptionPurchaseFlow
leak-860: IabHelper.launchPurchaseFlow
leak-861: IabHelper.launchPurchaseFlow
leak-862: IabHelper.launchPurchaseFlow
leak-863: IabHelper.launchPurchaseFlow
leak-864: IabHelper.launchPurchaseFlow
leak-865: IabHelper.launchPurchaseFlow
leak-866: IabHelper.handleActivityResult
leak-867: IabHelper.handleActivityResult
leak-868: IabHelper.handleActivityResult
leak-869: IabHelper.handleActivityResult
leak-870: IabHelper.handleActivityResult
leak-871: IabHelper.handleActivityResult
leak-872: IabHelper.handleActivityResult
leak-873: IabHelper.handleActivityResult
leak-874: IabHelper.handleActivityResult
leak-875: IabHelper.handleActivityResult
leak-876: IabHelper.handleActivityResult
leak-877: IabHelper.handleActivityResult
leak-878: IabHelper.queryInventory
leak-879: IabHelper.queryInventory
leak-880: IabHelper.queryInventory
leak-881: IabHelper.queryInventory
leak-882: IabHelper.queryInventory
leak-883: IabHelper.queryInventory
leak-884: IabHelper.queryInventory
leak-885: IabHelper.queryInventory
leak-886: IabHelper.queryInventory
leak-887: IabHelper.queryInventory
leak-888: IabHelper.queryInventory
leak-889: IabHelper.queryInventory
leak-890: IabHelper.queryInventoryAsync
leak-891: <1.<init>>
leak-892: 1.run
leak-893: 1.run
leak-894: 1.run
leak-895: 1.run
leak-896: <1.<init>>
leak-897: 1.run
leak-898: IabHelper.queryInventoryAsync
leak-899: IabHelper.queryInventoryAsync
leak-900: IabHelper.consume
leak-901: IabHelper.consume
leak-902: IabHelper.consume
leak-903: IabHelper.consume
leak-904: IabHelper.consume
leak-905: IabHelper.consume
leak-906: IabHelper.consume
leak-907: IabHelper.consumeAsync
leak-908: IabHelper.consumeAsync
leak-909: IabHelper.getResponseDesc
leak-910: IabHelper.getResponseDesc
leak-911: IabHelper.checkSetupDone
leak-912: IabHelper.checkSetupDone
leak-913: IabHelper.getResponseCodeFromBundle
leak-914: IabHelper.getResponseCodeFromBundle
leak-915: IabHelper.getResponseCodeFromBundle
leak-916: IabHelper.getResponseCodeFromIntent
leak-917: IabHelper.getResponseCodeFromIntent
leak-918: IabHelper.getResponseCodeFromIntent
leak-919: IabHelper.flagStartAsync
leak-920: IabHelper.flagEndAsync
leak-921: IabHelper.queryPurchases
leak-922: IabHelper.queryPurchases
leak-923: IabHelper.queryPurchases
leak-924: IabHelper.queryPurchases
leak-925: IabHelper.queryPurchases
leak-926: IabHelper.queryPurchases
leak-927: IabHelper.queryPurchases
leak-928: IabHelper.queryPurchases
leak-929: IabHelper.querySkuDetails
leak-930: IabHelper.querySkuDetails
leak-931: IabHelper.querySkuDetails
leak-932: IabHelper.querySkuDetails
leak-933: IabHelper.querySkuDetails
leak-934: IabHelper.querySkuDetails
leak-935: IabHelper.querySkuDetails
leak-936: IabHelper.querySkuDetails
leak-937: IabHelper.querySkuDetails
leak-938: IabHelper.querySkuDetails
leak-939: IabHelper.querySkuDetails
leak-940: IabHelper.querySkuDetails
leak-941: IabHelper.querySkuDetails
leak-942: IabHelper.querySkuDetails
leak-943: IabHelper.consumeAsyncInternal
leak-944: <1.<init>>
leak-945: 1.run
leak-946: 1.run
leak-947: 1.run
leak-948: 1.run
leak-949: 1.run
leak-950: <1.<init>>
leak-951: 1.run
leak-952: 1.run
leak-953: <1.<init>>
leak-954: 1.run
leak-955: IabHelper.logDebug
leak-956: IabHelper.logError
leak-957: IabHelper.logWarn
In file: Base64DecoderException.java
Input operator: REACHABILITY
leak-958: <Base64DecoderException.<init>>
leak-959: Base64DecoderException.Base64DecoderException
leak-960: Base64DecoderException.Base64DecoderException
In file: DonateHelper.java
Input operator: REACHABILITY
leak-961: <DonateHelper.<init>>
leak-962: DonateHelper.DonateHelper
leak-963: <1.<init>>
leak-964: 1.onIabSetupFinished
leak-965: DonateHelper.purchaseGift
leak-966: DonateHelper.purchaseGift
leak-967: <1.<init>>
leak-968: 1.onIabPurchaseFinished
leak-969: 1.onIabPurchaseFinished
leak-970: <1.<init>>
leak-971: 1.onQueryInventoryFinished
leak-972: 1.onQueryInventoryFinished
leak-973: DonateHelper.handleActivityResult
leak-974: DonateHelper.handleActivityDestroy
