apks/activitylauncher-reachability.apk started
2019-43-04 15:43:05.491 [main] INFO  com.horndroid.Main - Starting fsHornDroid...
2019-43-04 15:43:05.495 [main] INFO  com.horndroid.Main - Flow Sensitive Analysis on 64 bitvectors size
2019-43-04 15:43:05.496 [main] DEBUG com.horndroid.executors.HorndroidExecutor - Parsing sources and sinks...
2019-43-04 15:43:05.994 [main] DEBUG com.horndroid.executors.HorndroidExecutor - done in 498 milliseconds
2019-43-04 15:43:05.995 [main] DEBUG com.horndroid.executors.HorndroidExecutor - Collecting apk files to process...
2019-43-04 15:43:05.995 [main] DEBUG com.horndroid.executors.HorndroidExecutor - done in 0 milliseconds
2019-43-04 15:43:06.047 [main] INFO  com.horndroid.executors.HorndroidExecutor - Analysing activitylauncher-reachability.apk
2019-43-04 15:43:06.081 [main] DEBUG com.horndroid.executors.HorndroidExecutor - Parsing entry points...
2019-43-04 15:43:06.085 [main] DEBUG com.horndroid.executors.HorndroidExecutor - done in 3 milliseconds
2019-43-04 15:43:06.085 [main] DEBUG com.horndroid.executors.HorndroidExecutor - Parsing callbacks and disabled activities...
2019-43-04 15:43:06.085 [main] INFO  com.horndroid.util.SourceSinkParser - Running apktool to obtain manifest xml and layout files
2019-43-04 15:43:07.872 [main] INFO  com.horndroid.util.SourceSinkParser - Exit Code:0
2019-43-04 15:43:07.873 [main] INFO  com.horndroid.util.SourceSinkParser - STDOUT:I: Using Apktool 2.3.0 on activitylauncher-reachability.apk
2019-43-04 15:43:07.873 [main] INFO  com.horndroid.util.SourceSinkParser - STDOUT:I: Loading resource table...
2019-43-04 15:43:07.873 [main] INFO  com.horndroid.util.SourceSinkParser - STDOUT:I: Decoding AndroidManifest.xml with resources...
2019-43-04 15:43:07.874 [main] INFO  com.horndroid.util.SourceSinkParser - STDOUT:I: Loading resource table from file: /tmp/1.apk
2019-43-04 15:43:07.874 [main] INFO  com.horndroid.util.SourceSinkParser - STDOUT:I: Regular manifest package...
2019-43-04 15:43:07.874 [main] INFO  com.horndroid.util.SourceSinkParser - STDOUT:I: Decoding file-resources...
2019-43-04 15:43:07.874 [main] INFO  com.horndroid.util.SourceSinkParser - STDOUT:I: Decoding values */* XMLs...
2019-43-04 15:43:07.874 [main] INFO  com.horndroid.util.SourceSinkParser - STDOUT:I: Copying raw classes.dex file...
2019-43-04 15:43:07.874 [main] INFO  com.horndroid.util.SourceSinkParser - STDOUT:I: Copying assets and libs...
2019-43-04 15:43:07.874 [main] INFO  com.horndroid.util.SourceSinkParser - STDOUT:I: Copying unknown files...
2019-43-04 15:43:07.875 [main] INFO  com.horndroid.util.SourceSinkParser - STDOUT:I: Copying original files...
2019-43-04 15:43:07.875 [main] INFO  com.horndroid.util.SourceSinkParser - Here is the standard error of the command (if any):

2019-43-04 15:43:07.875 [main] INFO  com.horndroid.util.SourceSinkParser - S: Please be aware this is a volatile directory and frameworks could go missing, please utilize --frame-path if the default storage directory is unavailable
2019-43-04 15:43:08.085 [main] DEBUG com.horndroid.executors.HorndroidExecutor - ...done in 2000 milliseconds
2019-43-04 15:43:08.086 [main] DEBUG com.horndroid.executors.HorndroidExecutor - Sorting classes...
2019-43-04 15:43:08.120 [main] DEBUG com.horndroid.executors.HorndroidExecutor - done in 32 milliseconds
2019-43-04 15:43:08.120 [main] DEBUG com.horndroid.executors.HorndroidExecutor - Collecting data for Horn Clause generation...
2019-43-04 15:43:08.270 [main] DEBUG com.horndroid.executors.HorndroidExecutor - done in 150 milliseconds
2019-43-04 15:43:08.271 [main] DEBUG com.horndroid.executors.HorndroidExecutor - Generating Horn Clauses..
2019-43-04 15:43:08.271 [main] INFO  com.horndroid.analysis.Analysis - Ready to start generating Horn Clauses:
2019-43-04 15:43:08.275 [main] INFO  com.horndroid.analysis.Analysis - Number of classes in APK : 46
2019-43-04 15:43:08.275 [main] INFO  com.horndroid.analysis.Analysis - Number of methods in APK: 151
2019-43-04 15:43:08.276 [main] INFO  com.horndroid.analysis.Analysis - Number of instructions in APK: 4193
2019-43-04 15:43:08.276 [main] INFO  com.horndroid.analysis.Analysis - Number of instances in APK: 1204
2019-43-04 15:43:08.338 [main] INFO  com.horndroid.analysis.Analysis - Number of sources: 15
2019-43-04 15:43:08.338 [main] INFO  com.horndroid.analysis.Analysis - Number of sinks: 7
2019-43-04 15:43:08.338 [main] INFO  com.horndroid.analysis.Analysis - Number of classes : 46
2019-43-04 15:43:08.338 [main] INFO  com.horndroid.analysis.Analysis - Number of methods: 151
2019-43-04 15:43:08.338 [main] INFO  com.horndroid.analysis.Analysis - Number of instructions: 4193
2019-43-04 15:43:08.338 [main] INFO  com.horndroid.analysis.Analysis - Number of instances : 1204
2019-43-04 15:43:20.810 [main] DEBUG com.horndroid.executors.HorndroidExecutor - ...done in 12539 milliseconds
2019-43-04 15:43:20.811 [main] DEBUG com.horndroid.executors.HorndroidExecutor - Waiting for treads to terminate...
2019-43-04 15:43:20.811 [main] DEBUG com.horndroid.executors.HorndroidExecutor - ...done in 0 milliseconds
2019-43-04 15:43:20.811 [main] DEBUG com.horndroid.executors.HorndroidExecutor - Executing all queries...
2019-43-04 15:43:20.812 [main] INFO  com.horndroid.z3.FSEngine - Number of the generated queries: 836
2019-48-04 15:48:30.137 [main] INFO  com.horndroid.z3.FSEngine - 1 Test if register 0 leaks at line 19 in method <init>(Lde/szalkowski/activitylauncher/DisclaimerDialogFragment;)V of the class Lde/szalkowski/activitylauncher/DisclaimerDialogFragment$2; to the sink d(Ljava/lang/String;Ljava/lang/String;)I:POTENTIAL LEAK
2019-56-04 15:56:01.850 [main] INFO  com.horndroid.z3.FSEngine - 2 [REF] Test if register 0 leaks at line 19 in method <init>(Lde/szalkowski/activitylauncher/DisclaimerDialogFragment;)V of the class Lde/szalkowski/activitylauncher/DisclaimerDialogFragment$2; to the sink d(Ljava/lang/String;Ljava/lang/String;)I:POTENTIAL LEAK
2019-01-04 16:01:14.189 [main] INFO  com.horndroid.z3.FSEngine - 3 Test if register 1 leaks at line 19 in method <init>(Lde/szalkowski/activitylauncher/DisclaimerDialogFragment;)V of the class Lde/szalkowski/activitylauncher/DisclaimerDialogFragment$2; to the sink d(Ljava/lang/String;Ljava/lang/String;)I:NO LEAK
2019-08-04 16:08:41.129 [main] INFO  com.horndroid.z3.FSEngine - 4 [REF] Test if register 1 leaks at line 19 in method <init>(Lde/szalkowski/activitylauncher/DisclaimerDialogFragment;)V of the class Lde/szalkowski/activitylauncher/DisclaimerDialogFragment$2; to the sink d(Ljava/lang/String;Ljava/lang/String;)I:POTENTIAL LEAK
2019-09-04 16:09:31.427 [main] INFO  com.horndroid.z3.FSEngine - 5 Test if register 0 leaks at line 14 in method onClick(Landroid/content/DialogInterface;I)V of the class Lde/szalkowski/activitylauncher/DisclaimerDialogFragment$2; to the sink d(Ljava/lang/String;Ljava/lang/String;)I:POTENTIAL LEAK
