apks/afh_download_COMPLEX.apk started
2019-31-31 07:31:41.722 [main] INFO  com.horndroid.Main - Starting fsHornDroid...
2019-31-31 07:31:41.726 [main] INFO  com.horndroid.Main - Flow Sensitive Analysis on 64 bitvectors size
2019-31-31 07:31:41.727 [main] DEBUG com.horndroid.executors.HorndroidExecutor - Parsing sources and sinks...
2019-31-31 07:31:42.292 [main] DEBUG com.horndroid.executors.HorndroidExecutor - done in 564 milliseconds
2019-31-31 07:31:42.292 [main] DEBUG com.horndroid.executors.HorndroidExecutor - Collecting apk files to process...
2019-31-31 07:31:42.293 [main] DEBUG com.horndroid.executors.HorndroidExecutor - done in 0 milliseconds
2019-31-31 07:31:42.348 [main] INFO  com.horndroid.executors.HorndroidExecutor - Analysing afh_download_COMPLEX.apk
2019-31-31 07:31:42.396 [main] DEBUG com.horndroid.executors.HorndroidExecutor - Parsing entry points...
2019-31-31 07:31:42.400 [main] DEBUG com.horndroid.executors.HorndroidExecutor - done in 3 milliseconds
2019-31-31 07:31:42.400 [main] DEBUG com.horndroid.executors.HorndroidExecutor - Parsing callbacks and disabled activities...
2019-31-31 07:31:42.400 [main] INFO  com.horndroid.util.SourceSinkParser - Running apktool to obtain manifest xml and layout files
2019-31-31 07:31:44.789 [main] INFO  com.horndroid.util.SourceSinkParser - Exit Code:0
2019-31-31 07:31:44.789 [main] INFO  com.horndroid.util.SourceSinkParser - STDOUT:I: Using Apktool 2.3.0 on afh_download_COMPLEX.apk
2019-31-31 07:31:44.789 [main] INFO  com.horndroid.util.SourceSinkParser - STDOUT:I: Loading resource table...
2019-31-31 07:31:44.789 [main] INFO  com.horndroid.util.SourceSinkParser - STDOUT:I: Decoding AndroidManifest.xml with resources...
2019-31-31 07:31:44.789 [main] INFO  com.horndroid.util.SourceSinkParser - STDOUT:I: Loading resource table from file: /tmp/1.apk
2019-31-31 07:31:44.789 [main] INFO  com.horndroid.util.SourceSinkParser - STDOUT:I: Regular manifest package...
2019-31-31 07:31:44.790 [main] INFO  com.horndroid.util.SourceSinkParser - STDOUT:I: Decoding file-resources...
2019-31-31 07:31:44.790 [main] INFO  com.horndroid.util.SourceSinkParser - STDOUT:I: Decoding values */* XMLs...
2019-31-31 07:31:44.790 [main] INFO  com.horndroid.util.SourceSinkParser - STDOUT:I: Copying raw classes.dex file...
2019-31-31 07:31:44.790 [main] INFO  com.horndroid.util.SourceSinkParser - STDOUT:I: Copying assets and libs...
2019-31-31 07:31:44.790 [main] INFO  com.horndroid.util.SourceSinkParser - STDOUT:I: Copying unknown files...
2019-31-31 07:31:44.790 [main] INFO  com.horndroid.util.SourceSinkParser - STDOUT:I: Copying original files...
2019-31-31 07:31:44.790 [main] INFO  com.horndroid.util.SourceSinkParser - Here is the standard error of the command (if any):

2019-31-31 07:31:44.790 [main] INFO  com.horndroid.util.SourceSinkParser - S: Please be aware this is a volatile directory and frameworks could go missing, please utilize --frame-path if the default storage directory is unavailable
2019-31-31 07:31:45.117 [main] DEBUG com.horndroid.executors.HorndroidExecutor - ...done in 2716 milliseconds
2019-31-31 07:31:45.117 [main] DEBUG com.horndroid.executors.HorndroidExecutor - Sorting classes...
2019-31-31 07:31:45.143 [main] DEBUG com.horndroid.executors.HorndroidExecutor - done in 25 milliseconds
2019-31-31 07:31:45.143 [main] DEBUG com.horndroid.executors.HorndroidExecutor - Collecting data for Horn Clause generation...
2019-31-31 07:31:45.475 [main] DEBUG com.horndroid.executors.HorndroidExecutor - done in 332 milliseconds
2019-31-31 07:31:45.475 [main] DEBUG com.horndroid.executors.HorndroidExecutor - Generating Horn Clauses..
2019-31-31 07:31:45.475 [main] INFO  com.horndroid.analysis.Analysis - Ready to start generating Horn Clauses:
2019-31-31 07:31:45.497 [main] INFO  com.horndroid.analysis.Analysis - Number of classes in APK : 296
2019-31-31 07:31:45.497 [main] INFO  com.horndroid.analysis.Analysis - Number of methods in APK: 1591
2019-31-31 07:31:45.497 [main] INFO  com.horndroid.analysis.Analysis - Number of instructions in APK: 34741
2019-31-31 07:31:45.498 [main] INFO  com.horndroid.analysis.Analysis - Number of instances in APK: 5657
2019-31-31 07:31:56.663 [main] INFO  com.horndroid.analysis.Analysis - Number of sources: 87
2019-31-31 07:31:56.663 [main] INFO  com.horndroid.analysis.Analysis - Number of sinks: 45
2019-31-31 07:31:56.663 [main] INFO  com.horndroid.analysis.Analysis - Number of classes : 296
2019-31-31 07:31:56.663 [main] INFO  com.horndroid.analysis.Analysis - Number of methods: 1591
2019-31-31 07:31:56.663 [main] INFO  com.horndroid.analysis.Analysis - Number of instructions: 34741
2019-31-31 07:31:56.663 [main] INFO  com.horndroid.analysis.Analysis - Number of instances : 5657
2019-41-31 08:41:00.079 [main] ERROR com.horndroid.analysis.FSInstructionAnalysis - Wrong offset for the parameters in the unknown method call!
2019-42-31 08:42:05.191 [main] ERROR com.horndroid.analysis.FSInstructionAnalysis - Wrong offset for the parameters in the unknown method call!
2019-42-31 08:42:24.847 [main] ERROR com.horndroid.analysis.FSInstructionAnalysis - Wrong offset for the parameters in the unknown method call!
2019-42-31 08:42:34.414 [main] ERROR com.horndroid.analysis.FSInstructionAnalysis - Wrong offset for the parameters in the unknown method call!
2019-42-31 08:42:40.077 [main] ERROR com.horndroid.analysis.FSInstructionAnalysis - Wrong offset for the parameters in the unknown method call!
