apks/androidpn-client-reachability.apk started
2019-02-04 17:02:33.574 [main] INFO  com.horndroid.Main - Starting fsHornDroid...
2019-02-04 17:02:33.577 [main] INFO  com.horndroid.Main - Flow Sensitive Analysis on 64 bitvectors size
2019-02-04 17:02:33.578 [main] DEBUG com.horndroid.executors.HorndroidExecutor - Parsing sources and sinks...
2019-02-04 17:02:34.131 [main] DEBUG com.horndroid.executors.HorndroidExecutor - done in 552 milliseconds
2019-02-04 17:02:34.131 [main] DEBUG com.horndroid.executors.HorndroidExecutor - Collecting apk files to process...
2019-02-04 17:02:34.132 [main] DEBUG com.horndroid.executors.HorndroidExecutor - done in 0 milliseconds
2019-02-04 17:02:34.190 [main] INFO  com.horndroid.executors.HorndroidExecutor - Analysing androidpn-client-reachability.apk
2019-02-04 17:02:34.237 [main] DEBUG com.horndroid.executors.HorndroidExecutor - Parsing entry points...
2019-02-04 17:02:34.241 [main] DEBUG com.horndroid.executors.HorndroidExecutor - done in 3 milliseconds
2019-02-04 17:02:34.241 [main] DEBUG com.horndroid.executors.HorndroidExecutor - Parsing callbacks and disabled activities...
2019-02-04 17:02:34.241 [main] INFO  com.horndroid.util.SourceSinkParser - Running apktool to obtain manifest xml and layout files
2019-02-04 17:02:36.662 [main] INFO  com.horndroid.util.SourceSinkParser - Exit Code:0
2019-02-04 17:02:36.663 [main] INFO  com.horndroid.util.SourceSinkParser - STDOUT:I: Using Apktool 2.3.0 on androidpn-client-reachability.apk
2019-02-04 17:02:36.663 [main] INFO  com.horndroid.util.SourceSinkParser - STDOUT:I: Loading resource table...
2019-02-04 17:02:36.664 [main] INFO  com.horndroid.util.SourceSinkParser - STDOUT:I: Decoding AndroidManifest.xml with resources...
2019-02-04 17:02:36.664 [main] INFO  com.horndroid.util.SourceSinkParser - STDOUT:I: Loading resource table from file: /tmp/1.apk
2019-02-04 17:02:36.664 [main] INFO  com.horndroid.util.SourceSinkParser - STDOUT:I: Regular manifest package...
2019-02-04 17:02:36.664 [main] INFO  com.horndroid.util.SourceSinkParser - STDOUT:I: Decoding file-resources...
2019-02-04 17:02:36.664 [main] INFO  com.horndroid.util.SourceSinkParser - STDOUT:I: Decoding values */* XMLs...
2019-02-04 17:02:36.665 [main] INFO  com.horndroid.util.SourceSinkParser - STDOUT:I: Copying raw classes.dex file...
2019-02-04 17:02:36.665 [main] INFO  com.horndroid.util.SourceSinkParser - STDOUT:I: Copying assets and libs...
2019-02-04 17:02:36.665 [main] INFO  com.horndroid.util.SourceSinkParser - STDOUT:I: Copying unknown files...
2019-02-04 17:02:36.665 [main] INFO  com.horndroid.util.SourceSinkParser - STDOUT:I: Copying original files...
2019-02-04 17:02:36.665 [main] INFO  com.horndroid.util.SourceSinkParser - Here is the standard error of the command (if any):

2019-02-04 17:02:36.665 [main] INFO  com.horndroid.util.SourceSinkParser - S: Please be aware this is a volatile directory and frameworks could go missing, please utilize --frame-path if the default storage directory is unavailable
2019-02-04 17:02:37.035 [main] DEBUG com.horndroid.executors.HorndroidExecutor - ...done in 2793 milliseconds
2019-02-04 17:02:37.035 [main] DEBUG com.horndroid.executors.HorndroidExecutor - Sorting classes...
2019-02-04 17:02:37.078 [main] DEBUG com.horndroid.executors.HorndroidExecutor - done in 42 milliseconds
2019-02-04 17:02:37.078 [main] DEBUG com.horndroid.executors.HorndroidExecutor - Collecting data for Horn Clause generation...
2019-02-04 17:02:37.575 [main] DEBUG com.horndroid.executors.HorndroidExecutor - done in 496 milliseconds
2019-02-04 17:02:37.575 [main] DEBUG com.horndroid.executors.HorndroidExecutor - Generating Horn Clauses..
2019-02-04 17:02:37.575 [main] INFO  com.horndroid.analysis.Analysis - Ready to start generating Horn Clauses:
2019-02-04 17:02:37.611 [main] INFO  com.horndroid.analysis.Analysis - Number of classes in APK : 268
2019-02-04 17:02:37.611 [main] INFO  com.horndroid.analysis.Analysis - Number of methods in APK: 1678
2019-02-04 17:02:37.611 [main] INFO  com.horndroid.analysis.Analysis - Number of instructions in APK: 35405
2019-02-04 17:02:37.611 [main] INFO  com.horndroid.analysis.Analysis - Number of instances in APK: 6216
2019-02-04 17:02:44.684 [main] INFO  com.horndroid.analysis.Analysis - Number of sources: 89
2019-02-04 17:02:44.685 [main] INFO  com.horndroid.analysis.Analysis - Number of sinks: 66
2019-02-04 17:02:44.685 [main] INFO  com.horndroid.analysis.Analysis - Number of classes : 268
2019-02-04 17:02:44.685 [main] INFO  com.horndroid.analysis.Analysis - Number of methods: 1678
2019-02-04 17:02:44.685 [main] INFO  com.horndroid.analysis.Analysis - Number of instructions: 35405
2019-02-04 17:02:44.685 [main] INFO  com.horndroid.analysis.Analysis - Number of instances : 6216
2019-05-04 17:05:56.498 [main] ERROR com.horndroid.analysis.FSInstructionAnalysis - Wrong offset for the parameters in the unknown method call!
2019-06-04 17:06:06.071 [main] ERROR com.horndroid.analysis.FSInstructionAnalysis - Wrong offset for the parameters in the unknown method call!
2019-06-04 17:06:12.316 [main] ERROR com.horndroid.analysis.FSInstructionAnalysis - Wrong offset for the parameters in the unknown method call!
2019-06-04 17:06:15.351 [main] ERROR com.horndroid.analysis.FSInstructionAnalysis - Wrong offset for the parameters in the unknown method call!
2019-26-04 17:26:26.266 [main] ERROR com.horndroid.analysis.FSInstructionAnalysis - Wrong offset for the parameters in the unknown method call!
2019-27-04 17:27:44.856 [main] ERROR com.horndroid.analysis.FSInstructionAnalysis - Wrong offset for the parameters in the unknown method call!
2019-27-04 17:27:48.570 [main] ERROR com.horndroid.analysis.FSInstructionAnalysis - Wrong offset for the parameters in the unknown method call!
2019-27-04 17:27:49.019 [main] ERROR com.horndroid.analysis.FSInstructionAnalysis - Wrong offset for the parameters in the unknown method call!
