apks/BMI-release-unsigned_COMPLEX.apk started
2019-40-28 18:40:31.615 [main] INFO  com.horndroid.Main - Starting fsHornDroid...
2019-40-28 18:40:31.621 [main] INFO  com.horndroid.Main - Flow Sensitive Analysis on 64 bitvectors size
2019-40-28 18:40:31.623 [main] DEBUG com.horndroid.executors.HorndroidExecutor - Parsing sources and sinks...
2019-40-28 18:40:32.097 [main] DEBUG com.horndroid.executors.HorndroidExecutor - done in 473 milliseconds
2019-40-28 18:40:32.097 [main] DEBUG com.horndroid.executors.HorndroidExecutor - Collecting apk files to process...
2019-40-28 18:40:32.097 [main] DEBUG com.horndroid.executors.HorndroidExecutor - done in 0 milliseconds
2019-40-28 18:40:32.141 [main] INFO  com.horndroid.executors.HorndroidExecutor - Analysing BMI-release-unsigned_COMPLEX.apk
2019-40-28 18:40:32.214 [main] DEBUG com.horndroid.executors.HorndroidExecutor - Parsing entry points...
2019-40-28 18:40:32.220 [main] DEBUG com.horndroid.executors.HorndroidExecutor - done in 6 milliseconds
2019-40-28 18:40:32.220 [main] DEBUG com.horndroid.executors.HorndroidExecutor - Parsing callbacks and disabled activities...
2019-40-28 18:40:32.221 [main] INFO  com.horndroid.util.SourceSinkParser - Running apktool to obtain manifest xml and layout files
2019-40-28 18:40:34.555 [main] INFO  com.horndroid.util.SourceSinkParser - Exit Code:0
2019-40-28 18:40:34.556 [main] INFO  com.horndroid.util.SourceSinkParser - STDOUT:I: Using Apktool 2.3.0 on BMI-release-unsigned_COMPLEX.apk
2019-40-28 18:40:34.556 [main] INFO  com.horndroid.util.SourceSinkParser - STDOUT:I: Loading resource table...
2019-40-28 18:40:34.556 [main] INFO  com.horndroid.util.SourceSinkParser - STDOUT:I: Decoding AndroidManifest.xml with resources...
2019-40-28 18:40:34.556 [main] INFO  com.horndroid.util.SourceSinkParser - STDOUT:I: Loading resource table from file: /tmp/1.apk
2019-40-28 18:40:34.556 [main] INFO  com.horndroid.util.SourceSinkParser - STDOUT:I: Regular manifest package...
2019-40-28 18:40:34.556 [main] INFO  com.horndroid.util.SourceSinkParser - STDOUT:I: Decoding file-resources...
2019-40-28 18:40:34.556 [main] INFO  com.horndroid.util.SourceSinkParser - STDOUT:I: Decoding values */* XMLs...
2019-40-28 18:40:34.557 [main] INFO  com.horndroid.util.SourceSinkParser - STDOUT:I: Copying raw classes.dex file...
2019-40-28 18:40:34.557 [main] INFO  com.horndroid.util.SourceSinkParser - STDOUT:I: Copying assets and libs...
2019-40-28 18:40:34.557 [main] INFO  com.horndroid.util.SourceSinkParser - STDOUT:I: Copying unknown files...
2019-40-28 18:40:34.557 [main] INFO  com.horndroid.util.SourceSinkParser - STDOUT:I: Copying original files...
2019-40-28 18:40:34.557 [main] INFO  com.horndroid.util.SourceSinkParser - Here is the standard error of the command (if any):

2019-40-28 18:40:34.557 [main] INFO  com.horndroid.util.SourceSinkParser - S: Please be aware this is a volatile directory and frameworks could go missing, please utilize --frame-path if the default storage directory is unavailable
2019-40-28 18:40:34.887 [main] DEBUG com.horndroid.executors.HorndroidExecutor - ...done in 2666 milliseconds
2019-40-28 18:40:34.887 [main] DEBUG com.horndroid.executors.HorndroidExecutor - Sorting classes...
2019-40-28 18:40:34.916 [main] DEBUG com.horndroid.executors.HorndroidExecutor - done in 28 milliseconds
2019-40-28 18:40:34.916 [main] DEBUG com.horndroid.executors.HorndroidExecutor - Collecting data for Horn Clause generation...
2019-40-28 18:40:35.072 [main] DEBUG com.horndroid.executors.HorndroidExecutor - done in 155 milliseconds
2019-40-28 18:40:35.072 [main] DEBUG com.horndroid.executors.HorndroidExecutor - Generating Horn Clauses..
2019-40-28 18:40:35.072 [main] INFO  com.horndroid.analysis.Analysis - Ready to start generating Horn Clauses:
2019-40-28 18:40:35.074 [main] INFO  com.horndroid.analysis.Analysis - Number of classes in APK : 18
2019-40-28 18:40:35.074 [main] INFO  com.horndroid.analysis.Analysis - Number of methods in APK: 24
2019-40-28 18:40:35.074 [main] INFO  com.horndroid.analysis.Analysis - Number of instructions in APK: 957
2019-40-28 18:40:35.074 [main] INFO  com.horndroid.analysis.Analysis - Number of instances in APK: 201
2019-40-28 18:40:35.121 [main] INFO  com.horndroid.analysis.Analysis - Number of sources: 17
2019-40-28 18:40:35.121 [main] INFO  com.horndroid.analysis.Analysis - Number of sinks: 8
2019-40-28 18:40:35.121 [main] INFO  com.horndroid.analysis.Analysis - Number of classes : 18
2019-40-28 18:40:35.121 [main] INFO  com.horndroid.analysis.Analysis - Number of methods: 24
2019-40-28 18:40:35.121 [main] INFO  com.horndroid.analysis.Analysis - Number of instructions: 957
2019-40-28 18:40:35.121 [main] INFO  com.horndroid.analysis.Analysis - Number of instances : 201
2019-40-28 18:40:35.977 [main] ERROR com.horndroid.analysis.FSInstructionAnalysis - Wrong offset for the parameters in the unknown method call!
2019-40-28 18:40:36.310 [main] DEBUG com.horndroid.executors.HorndroidExecutor - ...done in 1237 milliseconds
2019-40-28 18:40:36.310 [main] DEBUG com.horndroid.executors.HorndroidExecutor - Waiting for treads to terminate...
2019-40-28 18:40:36.310 [main] DEBUG com.horndroid.executors.HorndroidExecutor - ...done in 0 milliseconds
2019-40-28 18:40:36.311 [main] DEBUG com.horndroid.executors.HorndroidExecutor - Executing all queries...
2019-40-28 18:40:36.312 [main] INFO  com.horndroid.z3.FSEngine - Number of the generated queries: 84
2019-40-28 18:40:47.315 [main] INFO  com.horndroid.z3.FSEngine - 1 Test if register 2 leaks at line 33 in method onCreate(Landroid/os/Bundle;)V of the class Lcom/zola/bmi/BMIMain; to the sink d(Ljava/lang/String;Ljava/lang/String;)I:NO LEAK
2019-40-28 18:40:59.031 [main] INFO  com.horndroid.z3.FSEngine - 2 [REF] Test if register 2 leaks at line 33 in method onCreate(Landroid/os/Bundle;)V of the class Lcom/zola/bmi/BMIMain; to the sink d(Ljava/lang/String;Ljava/lang/String;)I:NO LEAK
2019-41-28 18:41:10.322 [main] INFO  com.horndroid.z3.FSEngine - 3 Test if register 6 leaks at line 33 in method onCreate(Landroid/os/Bundle;)V of the class Lcom/zola/bmi/BMIMain; to the sink d(Ljava/lang/String;Ljava/lang/String;)I:NO LEAK
2019-41-28 18:41:21.645 [main] INFO  com.horndroid.z3.FSEngine - 4 [REF] Test if register 6 leaks at line 33 in method onCreate(Landroid/os/Bundle;)V of the class Lcom/zola/bmi/BMIMain; to the sink d(Ljava/lang/String;Ljava/lang/String;)I:NO LEAK
2019-41-28 18:41:32.908 [main] INFO  com.horndroid.z3.FSEngine - 5 Test if register 3 leaks at line 102 in method onCreate(Landroid/os/Bundle;)V of the class Lcom/zola/bmi/BMIMain; to the sink d(Ljava/lang/String;Ljava/lang/String;)I:NO LEAK
2019-41-28 18:41:43.959 [main] INFO  com.horndroid.z3.FSEngine - 6 [REF] Test if register 3 leaks at line 102 in method onCreate(Landroid/os/Bundle;)V of the class Lcom/zola/bmi/BMIMain; to the sink d(Ljava/lang/String;Ljava/lang/String;)I:NO LEAK
2019-41-28 18:41:55.083 [main] INFO  com.horndroid.z3.FSEngine - 7 Test if register 6 leaks at line 102 in method onCreate(Landroid/os/Bundle;)V of the class Lcom/zola/bmi/BMIMain; to the sink d(Ljava/lang/String;Ljava/lang/String;)I:NO LEAK
2019-42-28 18:42:06.083 [main] INFO  com.horndroid.z3.FSEngine - 8 [REF] Test if register 6 leaks at line 102 in method onCreate(Landroid/os/Bundle;)V of the class Lcom/zola/bmi/BMIMain; to the sink d(Ljava/lang/String;Ljava/lang/String;)I:NO LEAK
2019-42-28 18:42:06.083 [main] INFO  com.horndroid.z3.FSEngine - 10% of queries handled
2019-42-28 18:42:17.114 [main] INFO  com.horndroid.z3.FSEngine - 9 Test if register 14 leaks at line 29 in method interpretBMI(D)Ljava/lang/String; of the class Lcom/zola/bmi/BMIMain; to the sink d(Ljava/lang/String;Ljava/lang/String;)I:NO LEAK
2019-42-28 18:42:28.180 [main] INFO  com.horndroid.z3.FSEngine - 10 [REF] Test if register 14 leaks at line 29 in method interpretBMI(D)Ljava/lang/String; of the class Lcom/zola/bmi/BMIMain; to the sink d(Ljava/lang/String;Ljava/lang/String;)I:NO LEAK
2019-42-28 18:42:39.360 [main] INFO  com.horndroid.z3.FSEngine - 11 Test if register 0 leaks at line 29 in method interpretBMI(D)Ljava/lang/String; of the class Lcom/zola/bmi/BMIMain; to the sink d(Ljava/lang/String;Ljava/lang/String;)I:NO LEAK
2019-42-28 18:42:50.418 [main] INFO  com.horndroid.z3.FSEngine - 12 [REF] Test if register 0 leaks at line 29 in method interpretBMI(D)Ljava/lang/String; of the class Lcom/zola/bmi/BMIMain; to the sink d(Ljava/lang/String;Ljava/lang/String;)I:NO LEAK
2019-43-28 18:43:01.501 [main] INFO  com.horndroid.z3.FSEngine - 13 Test if register 15 leaks at line 81 in method interpretBMI(D)Ljava/lang/String; of the class Lcom/zola/bmi/BMIMain; to the sink d(Ljava/lang/String;Ljava/lang/String;)I:NO LEAK
2019-43-28 18:43:12.646 [main] INFO  com.horndroid.z3.FSEngine - 14 [REF] Test if register 15 leaks at line 81 in method interpretBMI(D)Ljava/lang/String; of the class Lcom/zola/bmi/BMIMain; to the sink d(Ljava/lang/String;Ljava/lang/String;)I:NO LEAK
2019-43-28 18:43:23.805 [main] INFO  com.horndroid.z3.FSEngine - 15 Test if register 0 leaks at line 81 in method interpretBMI(D)Ljava/lang/String; of the class Lcom/zola/bmi/BMIMain; to the sink d(Ljava/lang/String;Ljava/lang/String;)I:NO LEAK
2019-43-28 18:43:34.839 [main] INFO  com.horndroid.z3.FSEngine - 16 [REF] Test if register 0 leaks at line 81 in method interpretBMI(D)Ljava/lang/String; of the class Lcom/zola/bmi/BMIMain; to the sink d(Ljava/lang/String;Ljava/lang/String;)I:NO LEAK
2019-43-28 18:43:34.839 [main] INFO  com.horndroid.z3.FSEngine - 20% of queries handled
2019-43-28 18:43:45.976 [main] INFO  com.horndroid.z3.FSEngine - 17 Test if register 1 leaks at line 176 in method interpretBMI(D)Ljava/lang/String; of the class Lcom/zola/bmi/BMIMain; to the sink d(Ljava/lang/String;Ljava/lang/String;)I:NO LEAK
2019-43-28 18:43:57.120 [main] INFO  com.horndroid.z3.FSEngine - 18 [REF] Test if register 1 leaks at line 176 in method interpretBMI(D)Ljava/lang/String; of the class Lcom/zola/bmi/BMIMain; to the sink d(Ljava/lang/String;Ljava/lang/String;)I:NO LEAK
2019-44-28 18:44:08.208 [main] INFO  com.horndroid.z3.FSEngine - 19 Test if register 0 leaks at line 176 in method interpretBMI(D)Ljava/lang/String; of the class Lcom/zola/bmi/BMIMain; to the sink d(Ljava/lang/String;Ljava/lang/String;)I:NO LEAK
2019-44-28 18:44:19.393 [main] INFO  com.horndroid.z3.FSEngine - 20 [REF] Test if register 0 leaks at line 176 in method interpretBMI(D)Ljava/lang/String; of the class Lcom/zola/bmi/BMIMain; to the sink d(Ljava/lang/String;Ljava/lang/String;)I:NO LEAK
2019-44-28 18:44:30.504 [main] INFO  com.horndroid.z3.FSEngine - 21 Test if register 1 leaks at line 242 in method interpretBMI(D)Ljava/lang/String; of the class Lcom/zola/bmi/BMIMain; to the sink d(Ljava/lang/String;Ljava/lang/String;)I:NO LEAK
2019-44-28 18:44:41.620 [main] INFO  com.horndroid.z3.FSEngine - 22 [REF] Test if register 1 leaks at line 242 in method interpretBMI(D)Ljava/lang/String; of the class Lcom/zola/bmi/BMIMain; to the sink d(Ljava/lang/String;Ljava/lang/String;)I:NO LEAK
2019-44-28 18:44:52.716 [main] INFO  com.horndroid.z3.FSEngine - 23 Test if register 0 leaks at line 242 in method interpretBMI(D)Ljava/lang/String; of the class Lcom/zola/bmi/BMIMain; to the sink d(Ljava/lang/String;Ljava/lang/String;)I:NO LEAK
2019-45-28 18:45:03.869 [main] INFO  com.horndroid.z3.FSEngine - 24 [REF] Test if register 0 leaks at line 242 in method interpretBMI(D)Ljava/lang/String; of the class Lcom/zola/bmi/BMIMain; to the sink d(Ljava/lang/String;Ljava/lang/String;)I:NO LEAK
2019-45-28 18:45:03.869 [main] INFO  com.horndroid.z3.FSEngine - 30% of queries handled
2019-45-28 18:45:14.917 [main] INFO  com.horndroid.z3.FSEngine - 25 Test if register 1 leaks at line 286 in method interpretBMI(D)Ljava/lang/String; of the class Lcom/zola/bmi/BMIMain; to the sink d(Ljava/lang/String;Ljava/lang/String;)I:NO LEAK
2019-45-28 18:45:26.039 [main] INFO  com.horndroid.z3.FSEngine - 26 [REF] Test if register 1 leaks at line 286 in method interpretBMI(D)Ljava/lang/String; of the class Lcom/zola/bmi/BMIMain; to the sink d(Ljava/lang/String;Ljava/lang/String;)I:NO LEAK
2019-45-28 18:45:37.172 [main] INFO  com.horndroid.z3.FSEngine - 27 Test if register 0 leaks at line 286 in method interpretBMI(D)Ljava/lang/String; of the class Lcom/zola/bmi/BMIMain; to the sink d(Ljava/lang/String;Ljava/lang/String;)I:NO LEAK
2019-45-28 18:45:48.366 [main] INFO  com.horndroid.z3.FSEngine - 28 [REF] Test if register 0 leaks at line 286 in method interpretBMI(D)Ljava/lang/String; of the class Lcom/zola/bmi/BMIMain; to the sink d(Ljava/lang/String;Ljava/lang/String;)I:NO LEAK
2019-45-28 18:45:59.481 [main] INFO  com.horndroid.z3.FSEngine - 29 Test if register 1 leaks at line 344 in method interpretBMI(D)Ljava/lang/String; of the class Lcom/zola/bmi/BMIMain; to the sink d(Ljava/lang/String;Ljava/lang/String;)I:NO LEAK
2019-46-28 18:46:10.609 [main] INFO  com.horndroid.z3.FSEngine - 30 [REF] Test if register 1 leaks at line 344 in method interpretBMI(D)Ljava/lang/String; of the class Lcom/zola/bmi/BMIMain; to the sink d(Ljava/lang/String;Ljava/lang/String;)I:NO LEAK
2019-46-28 18:46:21.769 [main] INFO  com.horndroid.z3.FSEngine - 31 Test if register 0 leaks at line 344 in method interpretBMI(D)Ljava/lang/String; of the class Lcom/zola/bmi/BMIMain; to the sink d(Ljava/lang/String;Ljava/lang/String;)I:NO LEAK
2019-46-28 18:46:32.868 [main] INFO  com.horndroid.z3.FSEngine - 32 [REF] Test if register 0 leaks at line 344 in method interpretBMI(D)Ljava/lang/String; of the class Lcom/zola/bmi/BMIMain; to the sink d(Ljava/lang/String;Ljava/lang/String;)I:NO LEAK
2019-46-28 18:46:32.869 [main] INFO  com.horndroid.z3.FSEngine - 40% of queries handled
2019-46-28 18:46:43.944 [main] INFO  com.horndroid.z3.FSEngine - 33 Test if register 1 leaks at line 423 in method interpretBMI(D)Ljava/lang/String; of the class Lcom/zola/bmi/BMIMain; to the sink d(Ljava/lang/String;Ljava/lang/String;)I:NO LEAK
2019-46-28 18:46:55.026 [main] INFO  com.horndroid.z3.FSEngine - 34 [REF] Test if register 1 leaks at line 423 in method interpretBMI(D)Ljava/lang/String; of the class Lcom/zola/bmi/BMIMain; to the sink d(Ljava/lang/String;Ljava/lang/String;)I:NO LEAK
2019-47-28 18:47:06.096 [main] INFO  com.horndroid.z3.FSEngine - 35 Test if register 0 leaks at line 423 in method interpretBMI(D)Ljava/lang/String; of the class Lcom/zola/bmi/BMIMain; to the sink d(Ljava/lang/String;Ljava/lang/String;)I:NO LEAK
2019-47-28 18:47:17.193 [main] INFO  com.horndroid.z3.FSEngine - 36 [REF] Test if register 0 leaks at line 423 in method interpretBMI(D)Ljava/lang/String; of the class Lcom/zola/bmi/BMIMain; to the sink d(Ljava/lang/String;Ljava/lang/String;)I:NO LEAK
2019-47-28 18:47:28.293 [main] INFO  com.horndroid.z3.FSEngine - 37 Test if register 1 leaks at line 484 in method interpretBMI(D)Ljava/lang/String; of the class Lcom/zola/bmi/BMIMain; to the sink d(Ljava/lang/String;Ljava/lang/String;)I:NO LEAK
2019-47-28 18:47:39.392 [main] INFO  com.horndroid.z3.FSEngine - 38 [REF] Test if register 1 leaks at line 484 in method interpretBMI(D)Ljava/lang/String; of the class Lcom/zola/bmi/BMIMain; to the sink d(Ljava/lang/String;Ljava/lang/String;)I:NO LEAK
2019-47-28 18:47:50.514 [main] INFO  com.horndroid.z3.FSEngine - 39 Test if register 0 leaks at line 484 in method interpretBMI(D)Ljava/lang/String; of the class Lcom/zola/bmi/BMIMain; to the sink d(Ljava/lang/String;Ljava/lang/String;)I:NO LEAK
2019-48-28 18:48:01.602 [main] INFO  com.horndroid.z3.FSEngine - 40 [REF] Test if register 0 leaks at line 484 in method interpretBMI(D)Ljava/lang/String; of the class Lcom/zola/bmi/BMIMain; to the sink d(Ljava/lang/String;Ljava/lang/String;)I:NO LEAK
2019-48-28 18:48:01.602 [main] INFO  com.horndroid.z3.FSEngine - 50% of queries handled
2019-48-28 18:48:12.766 [main] INFO  com.horndroid.z3.FSEngine - 41 Test if register 1 leaks at line 54 in method calculateClickHandler(Landroid/view/View;)V of the class Lcom/zola/bmi/BMIMain; to the sink d(Ljava/lang/String;Ljava/lang/String;)I:NO LEAK
2019-48-28 18:48:23.896 [main] INFO  com.horndroid.z3.FSEngine - 42 [REF] Test if register 1 leaks at line 54 in method calculateClickHandler(Landroid/view/View;)V of the class Lcom/zola/bmi/BMIMain; to the sink d(Ljava/lang/String;Ljava/lang/String;)I:NO LEAK
2019-48-28 18:48:35.020 [main] INFO  com.horndroid.z3.FSEngine - 43 Test if register 0 leaks at line 54 in method calculateClickHandler(Landroid/view/View;)V of the class Lcom/zola/bmi/BMIMain; to the sink d(Ljava/lang/String;Ljava/lang/String;)I:NO LEAK
2019-48-28 18:48:46.075 [main] INFO  com.horndroid.z3.FSEngine - 44 [REF] Test if register 0 leaks at line 54 in method calculateClickHandler(Landroid/view/View;)V of the class Lcom/zola/bmi/BMIMain; to the sink d(Ljava/lang/String;Ljava/lang/String;)I:NO LEAK
2019-48-28 18:48:57.129 [main] INFO  com.horndroid.z3.FSEngine - 45 Test if register 1 leaks at line 101 in method calculateClickHandler(Landroid/view/View;)V of the class Lcom/zola/bmi/BMIMain; to the sink d(Ljava/lang/String;Ljava/lang/String;)I:NO LEAK
2019-49-28 18:49:08.289 [main] INFO  com.horndroid.z3.FSEngine - 46 [REF] Test if register 1 leaks at line 101 in method calculateClickHandler(Landroid/view/View;)V of the class Lcom/zola/bmi/BMIMain; to the sink d(Ljava/lang/String;Ljava/lang/String;)I:NO LEAK
2019-49-28 18:49:19.378 [main] INFO  com.horndroid.z3.FSEngine - 47 Test if register 0 leaks at line 101 in method calculateClickHandler(Landroid/view/View;)V of the class Lcom/zola/bmi/BMIMain; to the sink d(Ljava/lang/String;Ljava/lang/String;)I:NO LEAK
2019-49-28 18:49:30.554 [main] INFO  com.horndroid.z3.FSEngine - 48 [REF] Test if register 0 leaks at line 101 in method calculateClickHandler(Landroid/view/View;)V of the class Lcom/zola/bmi/BMIMain; to the sink d(Ljava/lang/String;Ljava/lang/String;)I:NO LEAK
2019-49-28 18:49:30.554 [main] INFO  com.horndroid.z3.FSEngine - 60% of queries handled
2019-49-28 18:49:41.664 [main] INFO  com.horndroid.z3.FSEngine - 49 Test if register 1 leaks at line 250 in method calculateClickHandler(Landroid/view/View;)V of the class Lcom/zola/bmi/BMIMain; to the sink d(Ljava/lang/String;Ljava/lang/String;)I:NO LEAK
2019-49-28 18:49:52.737 [main] INFO  com.horndroid.z3.FSEngine - 50 [REF] Test if register 1 leaks at line 250 in method calculateClickHandler(Landroid/view/View;)V of the class Lcom/zola/bmi/BMIMain; to the sink d(Ljava/lang/String;Ljava/lang/String;)I:NO LEAK
2019-50-28 18:50:03.847 [main] INFO  com.horndroid.z3.FSEngine - 51 Test if register 0 leaks at line 250 in method calculateClickHandler(Landroid/view/View;)V of the class Lcom/zola/bmi/BMIMain; to the sink d(Ljava/lang/String;Ljava/lang/String;)I:NO LEAK
2019-50-28 18:50:15.611 [main] INFO  com.horndroid.z3.FSEngine - 52 [REF] Test if register 0 leaks at line 250 in method calculateClickHandler(Landroid/view/View;)V of the class Lcom/zola/bmi/BMIMain; to the sink d(Ljava/lang/String;Ljava/lang/String;)I:NO LEAK
2019-50-28 18:50:28.215 [main] INFO  com.horndroid.z3.FSEngine - 53 Test if register 1 leaks at line 361 in method calculateClickHandler(Landroid/view/View;)V of the class Lcom/zola/bmi/BMIMain; to the sink d(Ljava/lang/String;Ljava/lang/String;)I:NO LEAK
2019-50-28 18:50:40.370 [main] INFO  com.horndroid.z3.FSEngine - 54 [REF] Test if register 1 leaks at line 361 in method calculateClickHandler(Landroid/view/View;)V of the class Lcom/zola/bmi/BMIMain; to the sink d(Ljava/lang/String;Ljava/lang/String;)I:NO LEAK
2019-50-28 18:50:52.515 [main] INFO  com.horndroid.z3.FSEngine - 55 Test if register 0 leaks at line 361 in method calculateClickHandler(Landroid/view/View;)V of the class Lcom/zola/bmi/BMIMain; to the sink d(Ljava/lang/String;Ljava/lang/String;)I:NO LEAK
2019-51-28 18:51:04.625 [main] INFO  com.horndroid.z3.FSEngine - 56 [REF] Test if register 0 leaks at line 361 in method calculateClickHandler(Landroid/view/View;)V of the class Lcom/zola/bmi/BMIMain; to the sink d(Ljava/lang/String;Ljava/lang/String;)I:NO LEAK
2019-51-28 18:51:04.625 [main] INFO  com.horndroid.z3.FSEngine - 70% of queries handled
2019-51-28 18:51:16.744 [main] INFO  com.horndroid.z3.FSEngine - 57 Test if register 1 leaks at line 450 in method calculateClickHandler(Landroid/view/View;)V of the class Lcom/zola/bmi/BMIMain; to the sink d(Ljava/lang/String;Ljava/lang/String;)I:NO LEAK
2019-51-28 18:51:28.748 [main] INFO  com.horndroid.z3.FSEngine - 58 [REF] Test if register 1 leaks at line 450 in method calculateClickHandler(Landroid/view/View;)V of the class Lcom/zola/bmi/BMIMain; to the sink d(Ljava/lang/String;Ljava/lang/String;)I:NO LEAK
2019-51-28 18:51:40.717 [main] INFO  com.horndroid.z3.FSEngine - 59 Test if register 0 leaks at line 450 in method calculateClickHandler(Landroid/view/View;)V of the class Lcom/zola/bmi/BMIMain; to the sink d(Ljava/lang/String;Ljava/lang/String;)I:NO LEAK
2019-51-28 18:51:52.593 [main] INFO  com.horndroid.z3.FSEngine - 60 [REF] Test if register 0 leaks at line 450 in method calculateClickHandler(Landroid/view/View;)V of the class Lcom/zola/bmi/BMIMain; to the sink d(Ljava/lang/String;Ljava/lang/String;)I:NO LEAK
2019-52-28 18:52:04.472 [main] INFO  com.horndroid.z3.FSEngine - 61 Test if register 1 leaks at line 597 in method calculateClickHandler(Landroid/view/View;)V of the class Lcom/zola/bmi/BMIMain; to the sink d(Ljava/lang/String;Ljava/lang/String;)I:NO LEAK
2019-52-28 18:52:16.291 [main] INFO  com.horndroid.z3.FSEngine - 62 [REF] Test if register 1 leaks at line 597 in method calculateClickHandler(Landroid/view/View;)V of the class Lcom/zola/bmi/BMIMain; to the sink d(Ljava/lang/String;Ljava/lang/String;)I:NO LEAK
2019-52-28 18:52:28.108 [main] INFO  com.horndroid.z3.FSEngine - 63 Test if register 0 leaks at line 597 in method calculateClickHandler(Landroid/view/View;)V of the class Lcom/zola/bmi/BMIMain; to the sink d(Ljava/lang/String;Ljava/lang/String;)I:NO LEAK
2019-52-28 18:52:39.878 [main] INFO  com.horndroid.z3.FSEngine - 64 [REF] Test if register 0 leaks at line 597 in method calculateClickHandler(Landroid/view/View;)V of the class Lcom/zola/bmi/BMIMain; to the sink d(Ljava/lang/String;Ljava/lang/String;)I:NO LEAK
2019-52-28 18:52:39.879 [main] INFO  com.horndroid.z3.FSEngine - 80% of queries handled
2019-52-28 18:52:51.622 [main] INFO  com.horndroid.z3.FSEngine - 65 Test if register 1 leaks at line 684 in method calculateClickHandler(Landroid/view/View;)V of the class Lcom/zola/bmi/BMIMain; to the sink d(Ljava/lang/String;Ljava/lang/String;)I:NO LEAK
2019-53-28 18:53:03.357 [main] INFO  com.horndroid.z3.FSEngine - 66 [REF] Test if register 1 leaks at line 684 in method calculateClickHandler(Landroid/view/View;)V of the class Lcom/zola/bmi/BMIMain; to the sink d(Ljava/lang/String;Ljava/lang/String;)I:NO LEAK
2019-53-28 18:53:15.112 [main] INFO  com.horndroid.z3.FSEngine - 67 Test if register 0 leaks at line 684 in method calculateClickHandler(Landroid/view/View;)V of the class Lcom/zola/bmi/BMIMain; to the sink d(Ljava/lang/String;Ljava/lang/String;)I:NO LEAK
2019-53-28 18:53:26.822 [main] INFO  com.horndroid.z3.FSEngine - 68 [REF] Test if register 0 leaks at line 684 in method calculateClickHandler(Landroid/view/View;)V of the class Lcom/zola/bmi/BMIMain; to the sink d(Ljava/lang/String;Ljava/lang/String;)I:NO LEAK
2019-53-28 18:53:38.496 [main] INFO  com.horndroid.z3.FSEngine - 69 Test if register 1 leaks at line 788 in method calculateClickHandler(Landroid/view/View;)V of the class Lcom/zola/bmi/BMIMain; to the sink d(Ljava/lang/String;Ljava/lang/String;)I:NO LEAK
2019-53-28 18:53:50.129 [main] INFO  com.horndroid.z3.FSEngine - 70 [REF] Test if register 1 leaks at line 788 in method calculateClickHandler(Landroid/view/View;)V of the class Lcom/zola/bmi/BMIMain; to the sink d(Ljava/lang/String;Ljava/lang/String;)I:NO LEAK
2019-54-28 18:54:01.738 [main] INFO  com.horndroid.z3.FSEngine - 71 Test if register 0 leaks at line 788 in method calculateClickHandler(Landroid/view/View;)V of the class Lcom/zola/bmi/BMIMain; to the sink d(Ljava/lang/String;Ljava/lang/String;)I:NO LEAK
2019-54-28 18:54:13.251 [main] INFO  com.horndroid.z3.FSEngine - 72 [REF] Test if register 0 leaks at line 788 in method calculateClickHandler(Landroid/view/View;)V of the class Lcom/zola/bmi/BMIMain; to the sink d(Ljava/lang/String;Ljava/lang/String;)I:NO LEAK
2019-54-28 18:54:13.251 [main] INFO  com.horndroid.z3.FSEngine - 90% of queries handled
2019-54-28 18:54:24.793 [main] INFO  com.horndroid.z3.FSEngine - 73 Test if register 2 leaks at line 44 in method calculateBMI(DD)D of the class Lcom/zola/bmi/BMIMain; to the sink d(Ljava/lang/String;Ljava/lang/String;)I:NO LEAK
2019-54-28 18:54:36.334 [main] INFO  com.horndroid.z3.FSEngine - 74 [REF] Test if register 2 leaks at line 44 in method calculateBMI(DD)D of the class Lcom/zola/bmi/BMIMain; to the sink d(Ljava/lang/String;Ljava/lang/String;)I:NO LEAK
2019-54-28 18:54:47.870 [main] INFO  com.horndroid.z3.FSEngine - 75 Test if register 4 leaks at line 44 in method calculateBMI(DD)D of the class Lcom/zola/bmi/BMIMain; to the sink d(Ljava/lang/String;Ljava/lang/String;)I:NO LEAK
2019-54-28 18:54:59.354 [main] INFO  com.horndroid.z3.FSEngine - 76 [REF] Test if register 4 leaks at line 44 in method calculateBMI(DD)D of the class Lcom/zola/bmi/BMIMain; to the sink d(Ljava/lang/String;Ljava/lang/String;)I:NO LEAK
2019-55-28 18:55:10.786 [main] INFO  com.horndroid.z3.FSEngine - 77 Test if register 1 leaks at line 28 in method <init>()V of the class Lcom/zola/bmi/BMIMain$PlaceholderFragment; to the sink d(Ljava/lang/String;Ljava/lang/String;)I:NO LEAK
2019-55-28 18:55:22.275 [main] INFO  com.horndroid.z3.FSEngine - 78 [REF] Test if register 1 leaks at line 28 in method <init>()V of the class Lcom/zola/bmi/BMIMain$PlaceholderFragment; to the sink d(Ljava/lang/String;Ljava/lang/String;)I:POTENTIAL LEAK
2019-55-28 18:55:33.592 [main] INFO  com.horndroid.z3.FSEngine - 79 Test if register 3 leaks at line 28 in method <init>()V of the class Lcom/zola/bmi/BMIMain$PlaceholderFragment; to the sink d(Ljava/lang/String;Ljava/lang/String;)I:NO LEAK
2019-55-28 18:55:45.036 [main] INFO  com.horndroid.z3.FSEngine - 80 [REF] Test if register 3 leaks at line 28 in method <init>()V of the class Lcom/zola/bmi/BMIMain$PlaceholderFragment; to the sink d(Ljava/lang/String;Ljava/lang/String;)I:POTENTIAL LEAK
2019-55-28 18:55:45.036 [main] INFO  com.horndroid.z3.FSEngine - 100% of queries handled
2019-55-28 18:55:56.387 [main] INFO  com.horndroid.z3.FSEngine - 81 Test if register 1 leaks at line 30 in method onCreateView(Landroid/view/LayoutInflater;Landroid/view/ViewGroup;Landroid/os/Bundle;)Landroid/view/View; of the class Lcom/zola/bmi/BMIMain$PlaceholderFragment; to the sink d(Ljava/lang/String;Ljava/lang/String;)I:NO LEAK
2019-56-28 18:56:07.777 [main] INFO  com.horndroid.z3.FSEngine - 82 [REF] Test if register 1 leaks at line 30 in method onCreateView(Landroid/view/LayoutInflater;Landroid/view/ViewGroup;Landroid/os/Bundle;)Landroid/view/View; of the class Lcom/zola/bmi/BMIMain$PlaceholderFragment; to the sink d(Ljava/lang/String;Ljava/lang/String;)I:NO LEAK
2019-56-28 18:56:19.199 [main] INFO  com.horndroid.z3.FSEngine - 83 Test if register 4 leaks at line 30 in method onCreateView(Landroid/view/LayoutInflater;Landroid/view/ViewGroup;Landroid/os/Bundle;)Landroid/view/View; of the class Lcom/zola/bmi/BMIMain$PlaceholderFragment; to the sink d(Ljava/lang/String;Ljava/lang/String;)I:NO LEAK
2019-56-28 18:56:30.599 [main] INFO  com.horndroid.z3.FSEngine - 84 [REF] Test if register 4 leaks at line 30 in method onCreateView(Landroid/view/LayoutInflater;Landroid/view/ViewGroup;Landroid/os/Bundle;)Landroid/view/View; of the class Lcom/zola/bmi/BMIMain$PlaceholderFragment; to the sink d(Ljava/lang/String;Ljava/lang/String;)I:NO LEAK
2019-56-28 18:56:30.599 [main] DEBUG com.horndroid.executors.HorndroidExecutor - ...done in 954288 milliseconds
