apks/BroadcastReceiver.apk started
2019-40-27 09:40:53.563 [main] INFO  com.horndroid.Main - Starting fsHornDroid...
2019-40-27 09:40:53.566 [main] INFO  com.horndroid.Main - Flow Sensitive Analysis on 64 bitvectors size
2019-40-27 09:40:53.568 [main] DEBUG com.horndroid.executors.HorndroidExecutor - Parsing sources and sinks...
2019-40-27 09:40:54.048 [main] DEBUG com.horndroid.executors.HorndroidExecutor - done in 479 milliseconds
2019-40-27 09:40:54.048 [main] DEBUG com.horndroid.executors.HorndroidExecutor - Collecting apk files to process...
2019-40-27 09:40:54.048 [main] DEBUG com.horndroid.executors.HorndroidExecutor - done in 0 milliseconds
2019-40-27 09:40:54.082 [main] INFO  com.horndroid.executors.HorndroidExecutor - Analysing BroadcastReceiver.apk
2019-40-27 09:40:54.121 [main] DEBUG com.horndroid.executors.HorndroidExecutor - Parsing entry points...
2019-40-27 09:40:54.124 [main] DEBUG com.horndroid.executors.HorndroidExecutor - done in 3 milliseconds
2019-40-27 09:40:54.124 [main] DEBUG com.horndroid.executors.HorndroidExecutor - Parsing callbacks and disabled activities...
2019-40-27 09:40:54.125 [main] INFO  com.horndroid.util.SourceSinkParser - Running apktool to obtain manifest xml and layout files
2019-40-27 09:40:56.332 [main] INFO  com.horndroid.util.SourceSinkParser - Exit Code:0
2019-40-27 09:40:56.333 [main] INFO  com.horndroid.util.SourceSinkParser - STDOUT:I: Using Apktool 2.3.0 on BroadcastReceiver.apk
2019-40-27 09:40:56.333 [main] INFO  com.horndroid.util.SourceSinkParser - STDOUT:I: Loading resource table...
2019-40-27 09:40:56.333 [main] INFO  com.horndroid.util.SourceSinkParser - STDOUT:I: Decoding AndroidManifest.xml with resources...
2019-40-27 09:40:56.333 [main] INFO  com.horndroid.util.SourceSinkParser - STDOUT:I: Loading resource table from file: /tmp/1.apk
2019-40-27 09:40:56.333 [main] INFO  com.horndroid.util.SourceSinkParser - STDOUT:I: Regular manifest package...
2019-40-27 09:40:56.333 [main] INFO  com.horndroid.util.SourceSinkParser - STDOUT:I: Decoding file-resources...
2019-40-27 09:40:56.333 [main] INFO  com.horndroid.util.SourceSinkParser - STDOUT:I: Decoding values */* XMLs...
2019-40-27 09:40:56.333 [main] INFO  com.horndroid.util.SourceSinkParser - STDOUT:I: Copying raw classes.dex file...
2019-40-27 09:40:56.334 [main] INFO  com.horndroid.util.SourceSinkParser - STDOUT:I: Copying assets and libs...
2019-40-27 09:40:56.334 [main] INFO  com.horndroid.util.SourceSinkParser - STDOUT:I: Copying unknown files...
2019-40-27 09:40:56.334 [main] INFO  com.horndroid.util.SourceSinkParser - STDOUT:I: Copying original files...
2019-40-27 09:40:56.334 [main] INFO  com.horndroid.util.SourceSinkParser - Here is the standard error of the command (if any):

2019-40-27 09:40:56.334 [main] INFO  com.horndroid.util.SourceSinkParser - S: Please be aware this is a volatile directory and frameworks could go missing, please utilize --frame-path if the default storage directory is unavailable
2019-40-27 09:40:56.648 [main] DEBUG com.horndroid.executors.HorndroidExecutor - ...done in 2523 milliseconds
2019-40-27 09:40:56.648 [main] DEBUG com.horndroid.executors.HorndroidExecutor - Sorting classes...
2019-40-27 09:40:56.673 [main] DEBUG com.horndroid.executors.HorndroidExecutor - done in 24 milliseconds
2019-40-27 09:40:56.673 [main] DEBUG com.horndroid.executors.HorndroidExecutor - Collecting data for Horn Clause generation...
2019-40-27 09:40:56.965 [main] DEBUG com.horndroid.executors.HorndroidExecutor - done in 291 milliseconds
2019-40-27 09:40:56.965 [main] DEBUG com.horndroid.executors.HorndroidExecutor - Generating Horn Clauses..
2019-40-27 09:40:56.965 [main] INFO  com.horndroid.analysis.Analysis - Ready to start generating Horn Clauses:
2019-40-27 09:40:56.972 [main] INFO  com.horndroid.analysis.Analysis - Number of classes in APK : 66
2019-40-27 09:40:56.972 [main] INFO  com.horndroid.analysis.Analysis - Number of methods in APK: 157
2019-40-27 09:40:56.972 [main] INFO  com.horndroid.analysis.Analysis - Number of instructions in APK: 2183
2019-40-27 09:40:56.972 [main] INFO  com.horndroid.analysis.Analysis - Number of instances in APK: 360
2019-40-27 09:40:57.100 [main] INFO  com.horndroid.analysis.Analysis - Number of sources: 54
2019-40-27 09:40:57.100 [main] INFO  com.horndroid.analysis.Analysis - Number of sinks: 37
2019-40-27 09:40:57.100 [main] INFO  com.horndroid.analysis.Analysis - Number of classes : 66
2019-40-27 09:40:57.100 [main] INFO  com.horndroid.analysis.Analysis - Number of methods: 157
2019-40-27 09:40:57.100 [main] INFO  com.horndroid.analysis.Analysis - Number of instructions: 2183
2019-40-27 09:40:57.100 [main] INFO  com.horndroid.analysis.Analysis - Number of instances : 360
2019-41-27 09:41:09.443 [main] DEBUG com.horndroid.executors.HorndroidExecutor - ...done in 12478 milliseconds
2019-41-27 09:41:09.444 [main] DEBUG com.horndroid.executors.HorndroidExecutor - Waiting for treads to terminate...
2019-41-27 09:41:09.444 [main] DEBUG com.horndroid.executors.HorndroidExecutor - ...done in 0 milliseconds
2019-41-27 09:41:09.444 [main] DEBUG com.horndroid.executors.HorndroidExecutor - Executing all queries...
2019-41-27 09:41:09.445 [main] INFO  com.horndroid.z3.FSEngine - Number of the generated queries: 38
2019-43-27 09:43:01.294 [main] INFO  com.horndroid.z3.FSEngine - 1 Test if register 2 leaks at line 12 in method onReceive(Landroid/content/Context;Landroid/content/Intent;)V of the class Ledu/wm/cs/semeru/exampleapp/MainActivity$1; to the sink registerReceiver(Landroid/content/BroadcastReceiver;Landroid/content/IntentFilter;)Landroid/content/Intent;:NO LEAK
2019-45-27 09:45:12.836 [main] INFO  com.horndroid.z3.FSEngine - 2 [REF] Test if register 2 leaks at line 12 in method onReceive(Landroid/content/Context;Landroid/content/Intent;)V of the class Ledu/wm/cs/semeru/exampleapp/MainActivity$1; to the sink registerReceiver(Landroid/content/BroadcastReceiver;Landroid/content/IntentFilter;)Landroid/content/Intent;:NO LEAK
2019-47-27 09:47:30.895 [main] INFO  com.horndroid.z3.FSEngine - 3 Test if register 0 leaks at line 12 in method onReceive(Landroid/content/Context;Landroid/content/Intent;)V of the class Ledu/wm/cs/semeru/exampleapp/MainActivity$1; to the sink registerReceiver(Landroid/content/BroadcastReceiver;Landroid/content/IntentFilter;)Landroid/content/Intent;:NO LEAK
2019-50-27 09:50:09.659 [main] INFO  com.horndroid.z3.FSEngine - 4 [REF] Test if register 0 leaks at line 12 in method onReceive(Landroid/content/Context;Landroid/content/Intent;)V of the class Ledu/wm/cs/semeru/exampleapp/MainActivity$1; to the sink registerReceiver(Landroid/content/BroadcastReceiver;Landroid/content/IntentFilter;)Landroid/content/Intent;:POTENTIAL LEAK
