apks/ButtonOnClickToDialogOnClick-subtype.apk started
2019-16-04 09:16:03.503 [main] INFO  com.horndroid.Main - Starting fsHornDroid...
2019-16-04 09:16:03.507 [main] INFO  com.horndroid.Main - Flow Sensitive Analysis on 64 bitvectors size
2019-16-04 09:16:03.508 [main] DEBUG com.horndroid.executors.HorndroidExecutor - Parsing sources and sinks...
2019-16-04 09:16:04.160 [main] DEBUG com.horndroid.executors.HorndroidExecutor - done in 651 milliseconds
2019-16-04 09:16:04.160 [main] DEBUG com.horndroid.executors.HorndroidExecutor - Collecting apk files to process...
2019-16-04 09:16:04.160 [main] DEBUG com.horndroid.executors.HorndroidExecutor - done in 0 milliseconds
2019-16-04 09:16:04.191 [main] INFO  com.horndroid.executors.HorndroidExecutor - Analysing ButtonOnClickToDialogOnClick-subtype.apk
2019-16-04 09:16:04.220 [main] DEBUG com.horndroid.executors.HorndroidExecutor - Parsing entry points...
2019-16-04 09:16:04.223 [main] DEBUG com.horndroid.executors.HorndroidExecutor - done in 3 milliseconds
2019-16-04 09:16:04.223 [main] DEBUG com.horndroid.executors.HorndroidExecutor - Parsing callbacks and disabled activities...
2019-16-04 09:16:04.223 [main] INFO  com.horndroid.util.SourceSinkParser - Running apktool to obtain manifest xml and layout files
2019-16-04 09:16:07.025 [main] INFO  com.horndroid.util.SourceSinkParser - Exit Code:0
2019-16-04 09:16:07.025 [main] INFO  com.horndroid.util.SourceSinkParser - STDOUT:I: Using Apktool 2.3.0 on ButtonOnClickToDialogOnClick-subtype.apk
2019-16-04 09:16:07.025 [main] INFO  com.horndroid.util.SourceSinkParser - STDOUT:I: Loading resource table...
2019-16-04 09:16:07.026 [main] INFO  com.horndroid.util.SourceSinkParser - STDOUT:I: Decoding AndroidManifest.xml with resources...
2019-16-04 09:16:07.026 [main] INFO  com.horndroid.util.SourceSinkParser - STDOUT:I: Loading resource table from file: /tmp/1.apk
2019-16-04 09:16:07.026 [main] INFO  com.horndroid.util.SourceSinkParser - STDOUT:I: Regular manifest package...
2019-16-04 09:16:07.026 [main] INFO  com.horndroid.util.SourceSinkParser - STDOUT:I: Decoding file-resources...
2019-16-04 09:16:07.026 [main] INFO  com.horndroid.util.SourceSinkParser - STDOUT:I: Decoding values */* XMLs...
2019-16-04 09:16:07.026 [main] INFO  com.horndroid.util.SourceSinkParser - STDOUT:I: Copying raw classes.dex file...
2019-16-04 09:16:07.027 [main] INFO  com.horndroid.util.SourceSinkParser - STDOUT:I: Copying assets and libs...
2019-16-04 09:16:07.027 [main] INFO  com.horndroid.util.SourceSinkParser - STDOUT:I: Copying unknown files...
2019-16-04 09:16:07.027 [main] INFO  com.horndroid.util.SourceSinkParser - STDOUT:I: Copying original files...
2019-16-04 09:16:07.027 [main] INFO  com.horndroid.util.SourceSinkParser - Here is the standard error of the command (if any):

2019-16-04 09:16:07.027 [main] INFO  com.horndroid.util.SourceSinkParser - S: Please be aware this is a volatile directory and frameworks could go missing, please utilize --frame-path if the default storage directory is unavailable
2019-16-04 09:16:07.350 [main] DEBUG com.horndroid.executors.HorndroidExecutor - ...done in 3126 milliseconds
2019-16-04 09:16:07.350 [main] DEBUG com.horndroid.executors.HorndroidExecutor - Sorting classes...
2019-16-04 09:16:07.374 [main] DEBUG com.horndroid.executors.HorndroidExecutor - done in 24 milliseconds
2019-16-04 09:16:07.374 [main] DEBUG com.horndroid.executors.HorndroidExecutor - Collecting data for Horn Clause generation...
2019-16-04 09:16:07.594 [main] DEBUG com.horndroid.executors.HorndroidExecutor - done in 219 milliseconds
2019-16-04 09:16:07.594 [main] DEBUG com.horndroid.executors.HorndroidExecutor - Generating Horn Clauses..
2019-16-04 09:16:07.594 [main] INFO  com.horndroid.analysis.Analysis - Ready to start generating Horn Clauses:
2019-16-04 09:16:07.598 [main] INFO  com.horndroid.analysis.Analysis - Number of classes in APK : 45
2019-16-04 09:16:07.599 [main] INFO  com.horndroid.analysis.Analysis - Number of methods in APK: 129
2019-16-04 09:16:07.599 [main] INFO  com.horndroid.analysis.Analysis - Number of instructions in APK: 1817
2019-16-04 09:16:07.599 [main] INFO  com.horndroid.analysis.Analysis - Number of instances in APK: 284
2019-16-04 09:16:07.691 [main] INFO  com.horndroid.analysis.Analysis - Number of sources: 17
2019-16-04 09:16:07.692 [main] INFO  com.horndroid.analysis.Analysis - Number of sinks: 16
2019-16-04 09:16:07.692 [main] INFO  com.horndroid.analysis.Analysis - Number of classes : 45
2019-16-04 09:16:07.692 [main] INFO  com.horndroid.analysis.Analysis - Number of methods: 129
2019-16-04 09:16:07.692 [main] INFO  com.horndroid.analysis.Analysis - Number of instructions: 1817
2019-16-04 09:16:07.692 [main] INFO  com.horndroid.analysis.Analysis - Number of instances : 284
2019-16-04 09:16:15.393 [main] DEBUG com.horndroid.executors.HorndroidExecutor - ...done in 7799 milliseconds
2019-16-04 09:16:15.393 [main] DEBUG com.horndroid.executors.HorndroidExecutor - Waiting for treads to terminate...
2019-16-04 09:16:15.394 [main] DEBUG com.horndroid.executors.HorndroidExecutor - ...done in 0 milliseconds
2019-16-04 09:16:15.394 [main] DEBUG com.horndroid.executors.HorndroidExecutor - Executing all queries...
2019-16-04 09:16:15.395 [main] INFO  com.horndroid.z3.FSEngine - Number of the generated queries: 22
2019-17-04 09:17:18.230 [main] INFO  com.horndroid.z3.FSEngine - 1 Test if register 3 leaks at line 13 in method invokeCallback(Landroid/arch/lifecycle/ReflectiveGenericLifecycleObserver$MethodReference;Landroid/arch/lifecycle/LifecycleOwner;Landroid/arch/lifecycle/Lifecycle$Event;)V of the class Landroid/arch/lifecycle/ReflectiveGenericLifecycleObserver; to the sink invoke(Ljava/lang/Object;[Ljava/lang/Object;)Ljava/lang/Object;:NO LEAK
2019-18-04 09:18:24.837 [main] INFO  com.horndroid.z3.FSEngine - 2 [REF] Test if register 3 leaks at line 13 in method invokeCallback(Landroid/arch/lifecycle/ReflectiveGenericLifecycleObserver$MethodReference;Landroid/arch/lifecycle/LifecycleOwner;Landroid/arch/lifecycle/Lifecycle$Event;)V of the class Landroid/arch/lifecycle/ReflectiveGenericLifecycleObserver; to the sink invoke(Ljava/lang/Object;[Ljava/lang/Object;)Ljava/lang/Object;:NO LEAK
2019-19-04 09:19:30.385 [main] INFO  com.horndroid.z3.FSEngine - 3 Test if register 2 leaks at line 13 in method invokeCallback(Landroid/arch/lifecycle/ReflectiveGenericLifecycleObserver$MethodReference;Landroid/arch/lifecycle/LifecycleOwner;Landroid/arch/lifecycle/Lifecycle$Event;)V of the class Landroid/arch/lifecycle/ReflectiveGenericLifecycleObserver; to the sink invoke(Ljava/lang/Object;[Ljava/lang/Object;)Ljava/lang/Object;:NO LEAK
2019-20-04 09:20:35.667 [main] INFO  com.horndroid.z3.FSEngine - 4 [REF] Test if register 2 leaks at line 13 in method invokeCallback(Landroid/arch/lifecycle/ReflectiveGenericLifecycleObserver$MethodReference;Landroid/arch/lifecycle/LifecycleOwner;Landroid/arch/lifecycle/Lifecycle$Event;)V of the class Landroid/arch/lifecycle/ReflectiveGenericLifecycleObserver; to the sink invoke(Ljava/lang/Object;[Ljava/lang/Object;)Ljava/lang/Object;:NO LEAK
2019-21-04 09:21:40.941 [main] INFO  com.horndroid.z3.FSEngine - 5 Test if register 1 leaks at line 13 in method invokeCallback(Landroid/arch/lifecycle/ReflectiveGenericLifecycleObserver$MethodReference;Landroid/arch/lifecycle/LifecycleOwner;Landroid/arch/lifecycle/Lifecycle$Event;)V of the class Landroid/arch/lifecycle/ReflectiveGenericLifecycleObserver; to the sink invoke(Ljava/lang/Object;[Ljava/lang/Object;)Ljava/lang/Object;:NO LEAK
2019-22-04 09:22:45.565 [main] INFO  com.horndroid.z3.FSEngine - 6 [REF] Test if register 1 leaks at line 13 in method invokeCallback(Landroid/arch/lifecycle/ReflectiveGenericLifecycleObserver$MethodReference;Landroid/arch/lifecycle/LifecycleOwner;Landroid/arch/lifecycle/Lifecycle$Event;)V of the class Landroid/arch/lifecycle/ReflectiveGenericLifecycleObserver; to the sink invoke(Ljava/lang/Object;[Ljava/lang/Object;)Ljava/lang/Object;:NO LEAK
2019-23-04 09:23:50.315 [main] INFO  com.horndroid.z3.FSEngine - 7 Test if register 3 leaks at line 41 in method invokeCallback(Landroid/arch/lifecycle/ReflectiveGenericLifecycleObserver$MethodReference;Landroid/arch/lifecycle/LifecycleOwner;Landroid/arch/lifecycle/Lifecycle$Event;)V of the class Landroid/arch/lifecycle/ReflectiveGenericLifecycleObserver; to the sink invoke(Ljava/lang/Object;[Ljava/lang/Object;)Ljava/lang/Object;:NO LEAK
2019-24-04 09:24:55.017 [main] INFO  com.horndroid.z3.FSEngine - 8 [REF] Test if register 3 leaks at line 41 in method invokeCallback(Landroid/arch/lifecycle/ReflectiveGenericLifecycleObserver$MethodReference;Landroid/arch/lifecycle/LifecycleOwner;Landroid/arch/lifecycle/Lifecycle$Event;)V of the class Landroid/arch/lifecycle/ReflectiveGenericLifecycleObserver; to the sink invoke(Ljava/lang/Object;[Ljava/lang/Object;)Ljava/lang/Object;:NO LEAK
2019-25-04 09:25:59.395 [main] INFO  com.horndroid.z3.FSEngine - 9 Test if register 2 leaks at line 41 in method invokeCallback(Landroid/arch/lifecycle/ReflectiveGenericLifecycleObserver$MethodReference;Landroid/arch/lifecycle/LifecycleOwner;Landroid/arch/lifecycle/Lifecycle$Event;)V of the class Landroid/arch/lifecycle/ReflectiveGenericLifecycleObserver; to the sink invoke(Ljava/lang/Object;[Ljava/lang/Object;)Ljava/lang/Object;:NO LEAK
2019-27-04 09:27:03.463 [main] INFO  com.horndroid.z3.FSEngine - 10 [REF] Test if register 2 leaks at line 41 in method invokeCallback(Landroid/arch/lifecycle/ReflectiveGenericLifecycleObserver$MethodReference;Landroid/arch/lifecycle/LifecycleOwner;Landroid/arch/lifecycle/Lifecycle$Event;)V of the class Landroid/arch/lifecycle/ReflectiveGenericLifecycleObserver; to the sink invoke(Ljava/lang/Object;[Ljava/lang/Object;)Ljava/lang/Object;:NO LEAK
2019-28-04 09:28:08.008 [main] INFO  com.horndroid.z3.FSEngine - 11 Test if register 1 leaks at line 41 in method invokeCallback(Landroid/arch/lifecycle/ReflectiveGenericLifecycleObserver$MethodReference;Landroid/arch/lifecycle/LifecycleOwner;Landroid/arch/lifecycle/Lifecycle$Event;)V of the class Landroid/arch/lifecycle/ReflectiveGenericLifecycleObserver; to the sink invoke(Ljava/lang/Object;[Ljava/lang/Object;)Ljava/lang/Object;:NO LEAK
2019-29-04 09:29:12.194 [main] INFO  com.horndroid.z3.FSEngine - 12 [REF] Test if register 1 leaks at line 41 in method invokeCallback(Landroid/arch/lifecycle/ReflectiveGenericLifecycleObserver$MethodReference;Landroid/arch/lifecycle/LifecycleOwner;Landroid/arch/lifecycle/Lifecycle$Event;)V of the class Landroid/arch/lifecycle/ReflectiveGenericLifecycleObserver; to the sink invoke(Ljava/lang/Object;[Ljava/lang/Object;)Ljava/lang/Object;:NO LEAK
2019-30-04 09:30:16.495 [main] INFO  com.horndroid.z3.FSEngine - 13 Test if register 3 leaks at line 65 in method invokeCallback(Landroid/arch/lifecycle/ReflectiveGenericLifecycleObserver$MethodReference;Landroid/arch/lifecycle/LifecycleOwner;Landroid/arch/lifecycle/Lifecycle$Event;)V of the class Landroid/arch/lifecycle/ReflectiveGenericLifecycleObserver; to the sink invoke(Ljava/lang/Object;[Ljava/lang/Object;)Ljava/lang/Object;:NO LEAK
2019-31-04 09:31:21.344 [main] INFO  com.horndroid.z3.FSEngine - 14 [REF] Test if register 3 leaks at line 65 in method invokeCallback(Landroid/arch/lifecycle/ReflectiveGenericLifecycleObserver$MethodReference;Landroid/arch/lifecycle/LifecycleOwner;Landroid/arch/lifecycle/Lifecycle$Event;)V of the class Landroid/arch/lifecycle/ReflectiveGenericLifecycleObserver; to the sink invoke(Ljava/lang/Object;[Ljava/lang/Object;)Ljava/lang/Object;:NO LEAK
2019-32-04 09:32:25.680 [main] INFO  com.horndroid.z3.FSEngine - 15 Test if register 2 leaks at line 65 in method invokeCallback(Landroid/arch/lifecycle/ReflectiveGenericLifecycleObserver$MethodReference;Landroid/arch/lifecycle/LifecycleOwner;Landroid/arch/lifecycle/Lifecycle$Event;)V of the class Landroid/arch/lifecycle/ReflectiveGenericLifecycleObserver; to the sink invoke(Ljava/lang/Object;[Ljava/lang/Object;)Ljava/lang/Object;:NO LEAK
2019-33-04 09:33:29.782 [main] INFO  com.horndroid.z3.FSEngine - 16 [REF] Test if register 2 leaks at line 65 in method invokeCallback(Landroid/arch/lifecycle/ReflectiveGenericLifecycleObserver$MethodReference;Landroid/arch/lifecycle/LifecycleOwner;Landroid/arch/lifecycle/Lifecycle$Event;)V of the class Landroid/arch/lifecycle/ReflectiveGenericLifecycleObserver; to the sink invoke(Ljava/lang/Object;[Ljava/lang/Object;)Ljava/lang/Object;:NO LEAK
2019-34-04 09:34:34.152 [main] INFO  com.horndroid.z3.FSEngine - 17 Test if register 1 leaks at line 65 in method invokeCallback(Landroid/arch/lifecycle/ReflectiveGenericLifecycleObserver$MethodReference;Landroid/arch/lifecycle/LifecycleOwner;Landroid/arch/lifecycle/Lifecycle$Event;)V of the class Landroid/arch/lifecycle/ReflectiveGenericLifecycleObserver; to the sink invoke(Ljava/lang/Object;[Ljava/lang/Object;)Ljava/lang/Object;:NO LEAK
2019-35-04 09:35:38.365 [main] INFO  com.horndroid.z3.FSEngine - 18 [REF] Test if register 1 leaks at line 65 in method invokeCallback(Landroid/arch/lifecycle/ReflectiveGenericLifecycleObserver$MethodReference;Landroid/arch/lifecycle/LifecycleOwner;Landroid/arch/lifecycle/Lifecycle$Event;)V of the class Landroid/arch/lifecycle/ReflectiveGenericLifecycleObserver; to the sink invoke(Ljava/lang/Object;[Ljava/lang/Object;)Ljava/lang/Object;:NO LEAK
2019-36-04 09:36:02.852 [main] INFO  com.horndroid.z3.FSEngine - 19 Test if register 0 leaks at line 18 in method onCreate(Landroid/os/Bundle;)V of the class Ledu/wm/cs/semeru/exampleapp/MainActivity; to the sink d(Ljava/lang/String;Ljava/lang/String;)I:NO LEAK
2019-37-04 09:37:11.894 [main] INFO  com.horndroid.z3.FSEngine - 20 [REF] Test if register 0 leaks at line 18 in method onCreate(Landroid/os/Bundle;)V of the class Ledu/wm/cs/semeru/exampleapp/MainActivity; to the sink d(Ljava/lang/String;Ljava/lang/String;)I:NO LEAK
2019-37-04 09:37:36.701 [main] INFO  com.horndroid.z3.FSEngine - 21 Test if register 1 leaks at line 18 in method onCreate(Landroid/os/Bundle;)V of the class Ledu/wm/cs/semeru/exampleapp/MainActivity; to the sink d(Ljava/lang/String;Ljava/lang/String;)I:NO LEAK
2019-38-04 09:38:45.647 [main] INFO  com.horndroid.z3.FSEngine - 22 [REF] Test if register 1 leaks at line 18 in method onCreate(Landroid/os/Bundle;)V of the class Ledu/wm/cs/semeru/exampleapp/MainActivity; to the sink d(Ljava/lang/String;Ljava/lang/String;)I:NO LEAK
2019-38-04 09:38:45.648 [main] DEBUG com.horndroid.executors.HorndroidExecutor - ...done in 1350254 milliseconds
