apks/device_explorer_COMPLEX.apk started
2019-43-01 06:43:25.005 [main] INFO  com.horndroid.Main - Starting fsHornDroid...
2019-43-01 06:43:25.009 [main] INFO  com.horndroid.Main - Flow Sensitive Analysis on 64 bitvectors size
2019-43-01 06:43:25.010 [main] DEBUG com.horndroid.executors.HorndroidExecutor - Parsing sources and sinks...
2019-43-01 06:43:25.647 [main] DEBUG com.horndroid.executors.HorndroidExecutor - done in 637 milliseconds
2019-43-01 06:43:25.648 [main] DEBUG com.horndroid.executors.HorndroidExecutor - Collecting apk files to process...
2019-43-01 06:43:25.648 [main] DEBUG com.horndroid.executors.HorndroidExecutor - done in 0 milliseconds
2019-43-01 06:43:25.703 [main] INFO  com.horndroid.executors.HorndroidExecutor - Analysing device_explorer_COMPLEX.apk
2019-43-01 06:43:25.765 [main] DEBUG com.horndroid.executors.HorndroidExecutor - Parsing entry points...
2019-43-01 06:43:25.771 [main] DEBUG com.horndroid.executors.HorndroidExecutor - done in 6 milliseconds
2019-43-01 06:43:25.771 [main] DEBUG com.horndroid.executors.HorndroidExecutor - Parsing callbacks and disabled activities...
2019-43-01 06:43:25.771 [main] INFO  com.horndroid.util.SourceSinkParser - Running apktool to obtain manifest xml and layout files
2019-43-01 06:43:28.604 [main] INFO  com.horndroid.util.SourceSinkParser - Exit Code:0
2019-43-01 06:43:28.604 [main] INFO  com.horndroid.util.SourceSinkParser - STDOUT:I: Using Apktool 2.3.0 on device_explorer_COMPLEX.apk
2019-43-01 06:43:28.605 [main] INFO  com.horndroid.util.SourceSinkParser - STDOUT:I: Loading resource table...
2019-43-01 06:43:28.605 [main] INFO  com.horndroid.util.SourceSinkParser - STDOUT:I: Decoding AndroidManifest.xml with resources...
2019-43-01 06:43:28.605 [main] INFO  com.horndroid.util.SourceSinkParser - STDOUT:I: Loading resource table from file: /tmp/1.apk
2019-43-01 06:43:28.605 [main] INFO  com.horndroid.util.SourceSinkParser - STDOUT:I: Regular manifest package...
2019-43-01 06:43:28.605 [main] INFO  com.horndroid.util.SourceSinkParser - STDOUT:I: Decoding file-resources...
2019-43-01 06:43:28.605 [main] INFO  com.horndroid.util.SourceSinkParser - STDOUT:I: Decoding values */* XMLs...
2019-43-01 06:43:28.606 [main] INFO  com.horndroid.util.SourceSinkParser - STDOUT:I: Copying raw classes.dex file...
2019-43-01 06:43:28.606 [main] INFO  com.horndroid.util.SourceSinkParser - STDOUT:I: Copying assets and libs...
2019-43-01 06:43:28.606 [main] INFO  com.horndroid.util.SourceSinkParser - STDOUT:I: Copying unknown files...
2019-43-01 06:43:28.606 [main] INFO  com.horndroid.util.SourceSinkParser - STDOUT:I: Copying original files...
2019-43-01 06:43:28.606 [main] INFO  com.horndroid.util.SourceSinkParser - Here is the standard error of the command (if any):

2019-43-01 06:43:28.607 [main] INFO  com.horndroid.util.SourceSinkParser - S: Please be aware this is a volatile directory and frameworks could go missing, please utilize --frame-path if the default storage directory is unavailable
2019-43-01 06:43:28.890 [main] DEBUG com.horndroid.executors.HorndroidExecutor - ...done in 3118 milliseconds
2019-43-01 06:43:28.890 [main] DEBUG com.horndroid.executors.HorndroidExecutor - Sorting classes...
2019-43-01 06:43:28.913 [main] DEBUG com.horndroid.executors.HorndroidExecutor - done in 22 milliseconds
2019-43-01 06:43:28.913 [main] DEBUG com.horndroid.executors.HorndroidExecutor - Collecting data for Horn Clause generation...
2019-43-01 06:43:29.173 [main] DEBUG com.horndroid.executors.HorndroidExecutor - done in 259 milliseconds
2019-43-01 06:43:29.173 [main] DEBUG com.horndroid.executors.HorndroidExecutor - Generating Horn Clauses..
2019-43-01 06:43:29.173 [main] INFO  com.horndroid.analysis.Analysis - Ready to start generating Horn Clauses:
2019-43-01 06:43:29.180 [main] INFO  com.horndroid.analysis.Analysis - Number of classes in APK : 54
2019-43-01 06:43:29.180 [main] INFO  com.horndroid.analysis.Analysis - Number of methods in APK: 164
2019-43-01 06:43:29.180 [main] INFO  com.horndroid.analysis.Analysis - Number of instructions in APK: 8364
2019-43-01 06:43:29.180 [main] INFO  com.horndroid.analysis.Analysis - Number of instances in APK: 2207
2019-43-01 06:43:29.763 [main] INFO  com.horndroid.analysis.Analysis - Number of sources: 64
2019-43-01 06:43:29.763 [main] INFO  com.horndroid.analysis.Analysis - Number of sinks: 21
2019-43-01 06:43:29.763 [main] INFO  com.horndroid.analysis.Analysis - Number of classes : 54
2019-43-01 06:43:29.763 [main] INFO  com.horndroid.analysis.Analysis - Number of methods: 164
2019-43-01 06:43:29.764 [main] INFO  com.horndroid.analysis.Analysis - Number of instructions: 8364
2019-43-01 06:43:29.764 [main] INFO  com.horndroid.analysis.Analysis - Number of instances : 2207
2019-43-01 06:43:58.227 [main] ERROR com.horndroid.analysis.FSInstructionAnalysis - Wrong offset for the parameters in the unknown method call!
2019-44-01 06:44:24.075 [main] ERROR com.horndroid.analysis.FSInstructionAnalysis - Wrong offset for the parameters in the unknown method call!
2019-45-01 06:45:24.575 [main] DEBUG com.horndroid.executors.HorndroidExecutor - ...done in 115401 milliseconds
2019-45-01 06:45:24.575 [main] DEBUG com.horndroid.executors.HorndroidExecutor - Waiting for treads to terminate...
2019-45-01 06:45:24.576 [main] DEBUG com.horndroid.executors.HorndroidExecutor - ...done in 0 milliseconds
2019-45-01 06:45:24.576 [main] DEBUG com.horndroid.executors.HorndroidExecutor - Executing all queries...
2019-45-01 06:45:24.578 [main] INFO  com.horndroid.z3.FSEngine - Number of the generated queries: 964
