apks/device_explorer_TAINT.apk started
2019-31-02 07:31:50.970 [main] INFO  com.horndroid.Main - Starting fsHornDroid...
2019-31-02 07:31:50.974 [main] INFO  com.horndroid.Main - Flow Sensitive Analysis on 64 bitvectors size
2019-31-02 07:31:50.976 [main] DEBUG com.horndroid.executors.HorndroidExecutor - Parsing sources and sinks...
2019-31-02 07:31:51.570 [main] DEBUG com.horndroid.executors.HorndroidExecutor - done in 594 milliseconds
2019-31-02 07:31:51.571 [main] DEBUG com.horndroid.executors.HorndroidExecutor - Collecting apk files to process...
2019-31-02 07:31:51.571 [main] DEBUG com.horndroid.executors.HorndroidExecutor - done in 0 milliseconds
2019-31-02 07:31:51.624 [main] INFO  com.horndroid.executors.HorndroidExecutor - Analysing device_explorer_TAINT.apk
2019-31-02 07:31:51.666 [main] DEBUG com.horndroid.executors.HorndroidExecutor - Parsing entry points...
2019-31-02 07:31:51.670 [main] DEBUG com.horndroid.executors.HorndroidExecutor - done in 3 milliseconds
2019-31-02 07:31:51.670 [main] DEBUG com.horndroid.executors.HorndroidExecutor - Parsing callbacks and disabled activities...
2019-31-02 07:31:51.670 [main] INFO  com.horndroid.util.SourceSinkParser - Running apktool to obtain manifest xml and layout files
2019-31-02 07:31:54.142 [main] INFO  com.horndroid.util.SourceSinkParser - Exit Code:0
2019-31-02 07:31:54.143 [main] INFO  com.horndroid.util.SourceSinkParser - STDOUT:I: Using Apktool 2.3.0 on device_explorer_TAINT.apk
2019-31-02 07:31:54.143 [main] INFO  com.horndroid.util.SourceSinkParser - STDOUT:I: Loading resource table...
2019-31-02 07:31:54.143 [main] INFO  com.horndroid.util.SourceSinkParser - STDOUT:I: Decoding AndroidManifest.xml with resources...
2019-31-02 07:31:54.144 [main] INFO  com.horndroid.util.SourceSinkParser - STDOUT:I: Loading resource table from file: /tmp/1.apk
2019-31-02 07:31:54.144 [main] INFO  com.horndroid.util.SourceSinkParser - STDOUT:I: Regular manifest package...
2019-31-02 07:31:54.144 [main] INFO  com.horndroid.util.SourceSinkParser - STDOUT:I: Decoding file-resources...
2019-31-02 07:31:54.144 [main] INFO  com.horndroid.util.SourceSinkParser - STDOUT:I: Decoding values */* XMLs...
2019-31-02 07:31:54.144 [main] INFO  com.horndroid.util.SourceSinkParser - STDOUT:I: Copying raw classes.dex file...
2019-31-02 07:31:54.144 [main] INFO  com.horndroid.util.SourceSinkParser - STDOUT:I: Copying assets and libs...
2019-31-02 07:31:54.145 [main] INFO  com.horndroid.util.SourceSinkParser - STDOUT:I: Copying unknown files...
2019-31-02 07:31:54.145 [main] INFO  com.horndroid.util.SourceSinkParser - STDOUT:I: Copying original files...
2019-31-02 07:31:54.145 [main] INFO  com.horndroid.util.SourceSinkParser - Here is the standard error of the command (if any):

2019-31-02 07:31:54.145 [main] INFO  com.horndroid.util.SourceSinkParser - S: Please be aware this is a volatile directory and frameworks could go missing, please utilize --frame-path if the default storage directory is unavailable
2019-31-02 07:31:54.449 [main] DEBUG com.horndroid.executors.HorndroidExecutor - ...done in 2778 milliseconds
2019-31-02 07:31:54.449 [main] DEBUG com.horndroid.executors.HorndroidExecutor - Sorting classes...
2019-31-02 07:31:54.473 [main] DEBUG com.horndroid.executors.HorndroidExecutor - done in 24 milliseconds
2019-31-02 07:31:54.473 [main] DEBUG com.horndroid.executors.HorndroidExecutor - Collecting data for Horn Clause generation...
2019-31-02 07:31:54.653 [main] DEBUG com.horndroid.executors.HorndroidExecutor - done in 179 milliseconds
2019-31-02 07:31:54.653 [main] DEBUG com.horndroid.executors.HorndroidExecutor - Generating Horn Clauses..
2019-31-02 07:31:54.653 [main] INFO  com.horndroid.analysis.Analysis - Ready to start generating Horn Clauses:
2019-31-02 07:31:54.657 [main] INFO  com.horndroid.analysis.Analysis - Number of classes in APK : 54
2019-31-02 07:31:54.657 [main] INFO  com.horndroid.analysis.Analysis - Number of methods in APK: 166
2019-31-02 07:31:54.657 [main] INFO  com.horndroid.analysis.Analysis - Number of instructions in APK: 4908
2019-31-02 07:31:54.658 [main] INFO  com.horndroid.analysis.Analysis - Number of instances in APK: 975
2019-31-02 07:31:54.936 [main] INFO  com.horndroid.analysis.Analysis - Number of sources: 64
2019-31-02 07:31:54.936 [main] INFO  com.horndroid.analysis.Analysis - Number of sinks: 21
2019-31-02 07:31:54.936 [main] INFO  com.horndroid.analysis.Analysis - Number of classes : 54
2019-31-02 07:31:54.936 [main] INFO  com.horndroid.analysis.Analysis - Number of methods: 166
2019-31-02 07:31:54.936 [main] INFO  com.horndroid.analysis.Analysis - Number of instructions: 4908
2019-31-02 07:31:54.936 [main] INFO  com.horndroid.analysis.Analysis - Number of instances : 975
2019-32-02 07:32:12.150 [main] ERROR com.horndroid.analysis.FSInstructionAnalysis - Wrong offset for the parameters in the unknown method call!
2019-32-02 07:32:21.768 [main] ERROR com.horndroid.analysis.FSInstructionAnalysis - Wrong offset for the parameters in the unknown method call!
2019-32-02 07:32:45.003 [main] DEBUG com.horndroid.executors.HorndroidExecutor - ...done in 50349 milliseconds
2019-32-02 07:32:45.003 [main] DEBUG com.horndroid.executors.HorndroidExecutor - Waiting for treads to terminate...
2019-32-02 07:32:45.003 [main] DEBUG com.horndroid.executors.HorndroidExecutor - ...done in 0 milliseconds
2019-32-02 07:32:45.003 [main] DEBUG com.horndroid.executors.HorndroidExecutor - Executing all queries...
2019-32-02 07:32:45.005 [main] INFO  com.horndroid.z3.FSEngine - Number of the generated queries: 1500
