apks/device_explorer_SINK.apk started
2019-41-01 17:41:13.478 [main] INFO  com.horndroid.Main - Starting fsHornDroid...
2019-41-01 17:41:13.482 [main] INFO  com.horndroid.Main - Flow Sensitive Analysis on 64 bitvectors size
2019-41-01 17:41:13.483 [main] DEBUG com.horndroid.executors.HorndroidExecutor - Parsing sources and sinks...
2019-41-01 17:41:14.073 [main] DEBUG com.horndroid.executors.HorndroidExecutor - done in 589 milliseconds
2019-41-01 17:41:14.073 [main] DEBUG com.horndroid.executors.HorndroidExecutor - Collecting apk files to process...
2019-41-01 17:41:14.073 [main] DEBUG com.horndroid.executors.HorndroidExecutor - done in 0 milliseconds
2019-41-01 17:41:14.127 [main] INFO  com.horndroid.executors.HorndroidExecutor - Analysing device_explorer_SINK.apk
2019-41-01 17:41:14.170 [main] DEBUG com.horndroid.executors.HorndroidExecutor - Parsing entry points...
2019-41-01 17:41:14.173 [main] DEBUG com.horndroid.executors.HorndroidExecutor - done in 3 milliseconds
2019-41-01 17:41:14.174 [main] DEBUG com.horndroid.executors.HorndroidExecutor - Parsing callbacks and disabled activities...
2019-41-01 17:41:14.174 [main] INFO  com.horndroid.util.SourceSinkParser - Running apktool to obtain manifest xml and layout files
2019-41-01 17:41:16.798 [main] INFO  com.horndroid.util.SourceSinkParser - Exit Code:0
2019-41-01 17:41:16.798 [main] INFO  com.horndroid.util.SourceSinkParser - STDOUT:I: Using Apktool 2.3.0 on device_explorer_SINK.apk
2019-41-01 17:41:16.798 [main] INFO  com.horndroid.util.SourceSinkParser - STDOUT:I: Loading resource table...
2019-41-01 17:41:16.798 [main] INFO  com.horndroid.util.SourceSinkParser - STDOUT:I: Decoding AndroidManifest.xml with resources...
2019-41-01 17:41:16.798 [main] INFO  com.horndroid.util.SourceSinkParser - STDOUT:I: Loading resource table from file: /tmp/1.apk
2019-41-01 17:41:16.799 [main] INFO  com.horndroid.util.SourceSinkParser - STDOUT:I: Regular manifest package...
2019-41-01 17:41:16.799 [main] INFO  com.horndroid.util.SourceSinkParser - STDOUT:I: Decoding file-resources...
2019-41-01 17:41:16.799 [main] INFO  com.horndroid.util.SourceSinkParser - STDOUT:I: Decoding values */* XMLs...
2019-41-01 17:41:16.799 [main] INFO  com.horndroid.util.SourceSinkParser - STDOUT:I: Copying raw classes.dex file...
2019-41-01 17:41:16.799 [main] INFO  com.horndroid.util.SourceSinkParser - STDOUT:I: Copying assets and libs...
2019-41-01 17:41:16.799 [main] INFO  com.horndroid.util.SourceSinkParser - STDOUT:I: Copying unknown files...
2019-41-01 17:41:16.799 [main] INFO  com.horndroid.util.SourceSinkParser - STDOUT:I: Copying original files...
2019-41-01 17:41:16.799 [main] INFO  com.horndroid.util.SourceSinkParser - Here is the standard error of the command (if any):

2019-41-01 17:41:16.799 [main] INFO  com.horndroid.util.SourceSinkParser - S: Please be aware this is a volatile directory and frameworks could go missing, please utilize --frame-path if the default storage directory is unavailable
2019-41-01 17:41:17.081 [main] DEBUG com.horndroid.executors.HorndroidExecutor - ...done in 2907 milliseconds
2019-41-01 17:41:17.082 [main] DEBUG com.horndroid.executors.HorndroidExecutor - Sorting classes...
2019-41-01 17:41:17.102 [main] DEBUG com.horndroid.executors.HorndroidExecutor - done in 20 milliseconds
2019-41-01 17:41:17.102 [main] DEBUG com.horndroid.executors.HorndroidExecutor - Collecting data for Horn Clause generation...
2019-41-01 17:41:17.302 [main] DEBUG com.horndroid.executors.HorndroidExecutor - done in 199 milliseconds
2019-41-01 17:41:17.303 [main] DEBUG com.horndroid.executors.HorndroidExecutor - Generating Horn Clauses..
2019-41-01 17:41:17.303 [main] INFO  com.horndroid.analysis.Analysis - Ready to start generating Horn Clauses:
2019-41-01 17:41:17.308 [main] INFO  com.horndroid.analysis.Analysis - Number of classes in APK : 54
2019-41-01 17:41:17.308 [main] INFO  com.horndroid.analysis.Analysis - Number of methods in APK: 164
2019-41-01 17:41:17.308 [main] INFO  com.horndroid.analysis.Analysis - Number of instructions in APK: 5746
2019-41-01 17:41:17.308 [main] INFO  com.horndroid.analysis.Analysis - Number of instances in APK: 1167
2019-41-01 17:41:18.012 [main] INFO  com.horndroid.analysis.Analysis - Number of sources: 64
2019-41-01 17:41:18.012 [main] INFO  com.horndroid.analysis.Analysis - Number of sinks: 21
2019-41-01 17:41:18.013 [main] INFO  com.horndroid.analysis.Analysis - Number of classes : 54
2019-41-01 17:41:18.013 [main] INFO  com.horndroid.analysis.Analysis - Number of methods: 164
2019-41-01 17:41:18.013 [main] INFO  com.horndroid.analysis.Analysis - Number of instructions: 5746
2019-41-01 17:41:18.013 [main] INFO  com.horndroid.analysis.Analysis - Number of instances : 1167
2019-41-01 17:41:41.768 [main] ERROR com.horndroid.analysis.FSInstructionAnalysis - Wrong offset for the parameters in the unknown method call!
2019-41-01 17:41:58.235 [main] ERROR com.horndroid.analysis.FSInstructionAnalysis - Wrong offset for the parameters in the unknown method call!
2019-42-01 17:42:46.193 [main] DEBUG com.horndroid.executors.HorndroidExecutor - ...done in 88889 milliseconds
2019-42-01 17:42:46.193 [main] DEBUG com.horndroid.executors.HorndroidExecutor - Waiting for treads to terminate...
2019-42-01 17:42:46.194 [main] DEBUG com.horndroid.executors.HorndroidExecutor - ...done in 0 milliseconds
2019-42-01 17:42:46.194 [main] DEBUG com.horndroid.executors.HorndroidExecutor - Executing all queries...
2019-42-01 17:42:46.195 [main] INFO  com.horndroid.z3.FSEngine - Number of the generated queries: 1824
