apks/DialogFragmentShow.apk started
2019-33-03 17:33:48.606 [main] INFO  com.horndroid.Main - Starting fsHornDroid...
2019-33-03 17:33:48.611 [main] INFO  com.horndroid.Main - Flow Sensitive Analysis on 64 bitvectors size
2019-33-03 17:33:48.613 [main] DEBUG com.horndroid.executors.HorndroidExecutor - Parsing sources and sinks...
2019-33-03 17:33:49.139 [main] DEBUG com.horndroid.executors.HorndroidExecutor - done in 525 milliseconds
2019-33-03 17:33:49.140 [main] DEBUG com.horndroid.executors.HorndroidExecutor - Collecting apk files to process...
2019-33-03 17:33:49.140 [main] DEBUG com.horndroid.executors.HorndroidExecutor - done in 0 milliseconds
2019-33-03 17:33:49.196 [main] INFO  com.horndroid.executors.HorndroidExecutor - Analysing DialogFragmentShow.apk
2019-33-03 17:33:49.257 [main] DEBUG com.horndroid.executors.HorndroidExecutor - Parsing entry points...
2019-33-03 17:33:49.267 [main] DEBUG com.horndroid.executors.HorndroidExecutor - done in 9 milliseconds
2019-33-03 17:33:49.268 [main] DEBUG com.horndroid.executors.HorndroidExecutor - Parsing callbacks and disabled activities...
2019-33-03 17:33:49.268 [main] INFO  com.horndroid.util.SourceSinkParser - Running apktool to obtain manifest xml and layout files
2019-33-03 17:33:51.982 [main] INFO  com.horndroid.util.SourceSinkParser - Exit Code:0
2019-33-03 17:33:51.983 [main] INFO  com.horndroid.util.SourceSinkParser - STDOUT:I: Using Apktool 2.3.0 on DialogFragmentShow.apk
2019-33-03 17:33:51.983 [main] INFO  com.horndroid.util.SourceSinkParser - STDOUT:I: Loading resource table...
2019-33-03 17:33:51.983 [main] INFO  com.horndroid.util.SourceSinkParser - STDOUT:I: Decoding AndroidManifest.xml with resources...
2019-33-03 17:33:51.983 [main] INFO  com.horndroid.util.SourceSinkParser - STDOUT:I: Loading resource table from file: /tmp/1.apk
2019-33-03 17:33:51.984 [main] INFO  com.horndroid.util.SourceSinkParser - STDOUT:I: Regular manifest package...
2019-33-03 17:33:51.984 [main] INFO  com.horndroid.util.SourceSinkParser - STDOUT:I: Decoding file-resources...
2019-33-03 17:33:51.984 [main] INFO  com.horndroid.util.SourceSinkParser - STDOUT:I: Decoding values */* XMLs...
2019-33-03 17:33:51.984 [main] INFO  com.horndroid.util.SourceSinkParser - STDOUT:I: Copying raw classes.dex file...
2019-33-03 17:33:51.984 [main] INFO  com.horndroid.util.SourceSinkParser - STDOUT:I: Copying assets and libs...
2019-33-03 17:33:51.985 [main] INFO  com.horndroid.util.SourceSinkParser - STDOUT:I: Copying unknown files...
2019-33-03 17:33:51.985 [main] INFO  com.horndroid.util.SourceSinkParser - STDOUT:I: Copying original files...
2019-33-03 17:33:51.985 [main] INFO  com.horndroid.util.SourceSinkParser - Here is the standard error of the command (if any):

2019-33-03 17:33:51.985 [main] INFO  com.horndroid.util.SourceSinkParser - S: Please be aware this is a volatile directory and frameworks could go missing, please utilize --frame-path if the default storage directory is unavailable
2019-33-03 17:33:52.342 [main] DEBUG com.horndroid.executors.HorndroidExecutor - ...done in 3073 milliseconds
2019-33-03 17:33:52.342 [main] DEBUG com.horndroid.executors.HorndroidExecutor - Sorting classes...
2019-33-03 17:33:52.369 [main] DEBUG com.horndroid.executors.HorndroidExecutor - done in 26 milliseconds
2019-33-03 17:33:52.369 [main] DEBUG com.horndroid.executors.HorndroidExecutor - Collecting data for Horn Clause generation...
2019-33-03 17:33:52.639 [main] DEBUG com.horndroid.executors.HorndroidExecutor - done in 269 milliseconds
2019-33-03 17:33:52.639 [main] DEBUG com.horndroid.executors.HorndroidExecutor - Generating Horn Clauses..
2019-33-03 17:33:52.639 [main] INFO  com.horndroid.analysis.Analysis - Ready to start generating Horn Clauses:
2019-33-03 17:33:52.646 [main] INFO  com.horndroid.analysis.Analysis - Number of classes in APK : 64
2019-33-03 17:33:52.646 [main] INFO  com.horndroid.analysis.Analysis - Number of methods in APK: 154
2019-33-03 17:33:52.646 [main] INFO  com.horndroid.analysis.Analysis - Number of instructions in APK: 2077
2019-33-03 17:33:52.646 [main] INFO  com.horndroid.analysis.Analysis - Number of instances in APK: 333
2019-33-03 17:33:52.803 [main] INFO  com.horndroid.analysis.Analysis - Number of sources: 17
2019-33-03 17:33:52.811 [main] INFO  com.horndroid.analysis.Analysis - Number of sinks: 16
2019-33-03 17:33:52.812 [main] INFO  com.horndroid.analysis.Analysis - Number of classes : 64
2019-33-03 17:33:52.812 [main] INFO  com.horndroid.analysis.Analysis - Number of methods: 154
2019-33-03 17:33:52.812 [main] INFO  com.horndroid.analysis.Analysis - Number of instructions: 2077
2019-33-03 17:33:52.813 [main] INFO  com.horndroid.analysis.Analysis - Number of instances : 333
2019-34-03 17:34:04.307 [main] DEBUG com.horndroid.executors.HorndroidExecutor - ...done in 11667 milliseconds
2019-34-03 17:34:04.307 [main] DEBUG com.horndroid.executors.HorndroidExecutor - Waiting for treads to terminate...
2019-34-03 17:34:04.307 [main] DEBUG com.horndroid.executors.HorndroidExecutor - ...done in 0 milliseconds
2019-34-03 17:34:04.307 [main] DEBUG com.horndroid.executors.HorndroidExecutor - Executing all queries...
2019-34-03 17:34:04.308 [main] INFO  com.horndroid.z3.FSEngine - Number of the generated queries: 26
2019-34-03 17:34:38.637 [main] INFO  com.horndroid.z3.FSEngine - 1 Test if register 0 leaks at line 15 in method onCreateDialog(Landroid/os/Bundle;)Landroid/app/Dialog; of the class Ledu/wm/cs/semeru/exampleapp/MainActivity$ExampleDialogFragment; to the sink d(Ljava/lang/String;Ljava/lang/String;)I:NO LEAK
2019-36-03 17:36:26.852 [main] INFO  com.horndroid.z3.FSEngine - 2 [REF] Test if register 0 leaks at line 15 in method onCreateDialog(Landroid/os/Bundle;)Landroid/app/Dialog; of the class Ledu/wm/cs/semeru/exampleapp/MainActivity$ExampleDialogFragment; to the sink d(Ljava/lang/String;Ljava/lang/String;)I:NO LEAK
2019-37-03 17:37:11.349 [main] INFO  com.horndroid.z3.FSEngine - 3 Test if register 1 leaks at line 15 in method onCreateDialog(Landroid/os/Bundle;)Landroid/app/Dialog; of the class Ledu/wm/cs/semeru/exampleapp/MainActivity$ExampleDialogFragment; to the sink d(Ljava/lang/String;Ljava/lang/String;)I:NO LEAK
2019-39-03 17:39:08.033 [main] INFO  com.horndroid.z3.FSEngine - 4 [REF] Test if register 1 leaks at line 15 in method onCreateDialog(Landroid/os/Bundle;)Landroid/app/Dialog; of the class Ledu/wm/cs/semeru/exampleapp/MainActivity$ExampleDialogFragment; to the sink d(Ljava/lang/String;Ljava/lang/String;)I:NO LEAK
2019-40-03 17:40:51.541 [main] INFO  com.horndroid.z3.FSEngine - 5 Test if register 3 leaks at line 13 in method invokeCallback(Landroid/arch/lifecycle/ReflectiveGenericLifecycleObserver$MethodReference;Landroid/arch/lifecycle/LifecycleOwner;Landroid/arch/lifecycle/Lifecycle$Event;)V of the class Landroid/arch/lifecycle/ReflectiveGenericLifecycleObserver; to the sink invoke(Ljava/lang/Object;[Ljava/lang/Object;)Ljava/lang/Object;:NO LEAK
2019-42-03 17:42:35.015 [main] INFO  com.horndroid.z3.FSEngine - 6 [REF] Test if register 3 leaks at line 13 in method invokeCallback(Landroid/arch/lifecycle/ReflectiveGenericLifecycleObserver$MethodReference;Landroid/arch/lifecycle/LifecycleOwner;Landroid/arch/lifecycle/Lifecycle$Event;)V of the class Landroid/arch/lifecycle/ReflectiveGenericLifecycleObserver; to the sink invoke(Ljava/lang/Object;[Ljava/lang/Object;)Ljava/lang/Object;:NO LEAK
2019-44-03 17:44:18.102 [main] INFO  com.horndroid.z3.FSEngine - 7 Test if register 2 leaks at line 13 in method invokeCallback(Landroid/arch/lifecycle/ReflectiveGenericLifecycleObserver$MethodReference;Landroid/arch/lifecycle/LifecycleOwner;Landroid/arch/lifecycle/Lifecycle$Event;)V of the class Landroid/arch/lifecycle/ReflectiveGenericLifecycleObserver; to the sink invoke(Ljava/lang/Object;[Ljava/lang/Object;)Ljava/lang/Object;:NO LEAK
2019-46-03 17:46:01.232 [main] INFO  com.horndroid.z3.FSEngine - 8 [REF] Test if register 2 leaks at line 13 in method invokeCallback(Landroid/arch/lifecycle/ReflectiveGenericLifecycleObserver$MethodReference;Landroid/arch/lifecycle/LifecycleOwner;Landroid/arch/lifecycle/Lifecycle$Event;)V of the class Landroid/arch/lifecycle/ReflectiveGenericLifecycleObserver; to the sink invoke(Ljava/lang/Object;[Ljava/lang/Object;)Ljava/lang/Object;:NO LEAK
2019-47-03 17:47:44.659 [main] INFO  com.horndroid.z3.FSEngine - 9 Test if register 1 leaks at line 13 in method invokeCallback(Landroid/arch/lifecycle/ReflectiveGenericLifecycleObserver$MethodReference;Landroid/arch/lifecycle/LifecycleOwner;Landroid/arch/lifecycle/Lifecycle$Event;)V of the class Landroid/arch/lifecycle/ReflectiveGenericLifecycleObserver; to the sink invoke(Ljava/lang/Object;[Ljava/lang/Object;)Ljava/lang/Object;:NO LEAK
2019-49-03 17:49:27.999 [main] INFO  com.horndroid.z3.FSEngine - 10 [REF] Test if register 1 leaks at line 13 in method invokeCallback(Landroid/arch/lifecycle/ReflectiveGenericLifecycleObserver$MethodReference;Landroid/arch/lifecycle/LifecycleOwner;Landroid/arch/lifecycle/Lifecycle$Event;)V of the class Landroid/arch/lifecycle/ReflectiveGenericLifecycleObserver; to the sink invoke(Ljava/lang/Object;[Ljava/lang/Object;)Ljava/lang/Object;:NO LEAK
2019-51-03 17:51:10.879 [main] INFO  com.horndroid.z3.FSEngine - 11 Test if register 3 leaks at line 41 in method invokeCallback(Landroid/arch/lifecycle/ReflectiveGenericLifecycleObserver$MethodReference;Landroid/arch/lifecycle/LifecycleOwner;Landroid/arch/lifecycle/Lifecycle$Event;)V of the class Landroid/arch/lifecycle/ReflectiveGenericLifecycleObserver; to the sink invoke(Ljava/lang/Object;[Ljava/lang/Object;)Ljava/lang/Object;:NO LEAK
2019-52-03 17:52:58.417 [main] INFO  com.horndroid.z3.FSEngine - 12 [REF] Test if register 3 leaks at line 41 in method invokeCallback(Landroid/arch/lifecycle/ReflectiveGenericLifecycleObserver$MethodReference;Landroid/arch/lifecycle/LifecycleOwner;Landroid/arch/lifecycle/Lifecycle$Event;)V of the class Landroid/arch/lifecycle/ReflectiveGenericLifecycleObserver; to the sink invoke(Ljava/lang/Object;[Ljava/lang/Object;)Ljava/lang/Object;:NO LEAK
2019-54-03 17:54:47.153 [main] INFO  com.horndroid.z3.FSEngine - 13 Test if register 2 leaks at line 41 in method invokeCallback(Landroid/arch/lifecycle/ReflectiveGenericLifecycleObserver$MethodReference;Landroid/arch/lifecycle/LifecycleOwner;Landroid/arch/lifecycle/Lifecycle$Event;)V of the class Landroid/arch/lifecycle/ReflectiveGenericLifecycleObserver; to the sink invoke(Ljava/lang/Object;[Ljava/lang/Object;)Ljava/lang/Object;:NO LEAK
2019-56-03 17:56:35.510 [main] INFO  com.horndroid.z3.FSEngine - 14 [REF] Test if register 2 leaks at line 41 in method invokeCallback(Landroid/arch/lifecycle/ReflectiveGenericLifecycleObserver$MethodReference;Landroid/arch/lifecycle/LifecycleOwner;Landroid/arch/lifecycle/Lifecycle$Event;)V of the class Landroid/arch/lifecycle/ReflectiveGenericLifecycleObserver; to the sink invoke(Ljava/lang/Object;[Ljava/lang/Object;)Ljava/lang/Object;:NO LEAK
2019-58-03 17:58:25.647 [main] INFO  com.horndroid.z3.FSEngine - 15 Test if register 1 leaks at line 41 in method invokeCallback(Landroid/arch/lifecycle/ReflectiveGenericLifecycleObserver$MethodReference;Landroid/arch/lifecycle/LifecycleOwner;Landroid/arch/lifecycle/Lifecycle$Event;)V of the class Landroid/arch/lifecycle/ReflectiveGenericLifecycleObserver; to the sink invoke(Ljava/lang/Object;[Ljava/lang/Object;)Ljava/lang/Object;:NO LEAK
2019-00-03 18:00:15.597 [main] INFO  com.horndroid.z3.FSEngine - 16 [REF] Test if register 1 leaks at line 41 in method invokeCallback(Landroid/arch/lifecycle/ReflectiveGenericLifecycleObserver$MethodReference;Landroid/arch/lifecycle/LifecycleOwner;Landroid/arch/lifecycle/Lifecycle$Event;)V of the class Landroid/arch/lifecycle/ReflectiveGenericLifecycleObserver; to the sink invoke(Ljava/lang/Object;[Ljava/lang/Object;)Ljava/lang/Object;:NO LEAK
2019-02-03 18:02:02.165 [main] INFO  com.horndroid.z3.FSEngine - 17 Test if register 3 leaks at line 65 in method invokeCallback(Landroid/arch/lifecycle/ReflectiveGenericLifecycleObserver$MethodReference;Landroid/arch/lifecycle/LifecycleOwner;Landroid/arch/lifecycle/Lifecycle$Event;)V of the class Landroid/arch/lifecycle/ReflectiveGenericLifecycleObserver; to the sink invoke(Ljava/lang/Object;[Ljava/lang/Object;)Ljava/lang/Object;:NO LEAK
2019-03-03 18:03:50.456 [main] INFO  com.horndroid.z3.FSEngine - 18 [REF] Test if register 3 leaks at line 65 in method invokeCallback(Landroid/arch/lifecycle/ReflectiveGenericLifecycleObserver$MethodReference;Landroid/arch/lifecycle/LifecycleOwner;Landroid/arch/lifecycle/Lifecycle$Event;)V of the class Landroid/arch/lifecycle/ReflectiveGenericLifecycleObserver; to the sink invoke(Ljava/lang/Object;[Ljava/lang/Object;)Ljava/lang/Object;:NO LEAK
2019-05-03 18:05:39.824 [main] INFO  com.horndroid.z3.FSEngine - 19 Test if register 2 leaks at line 65 in method invokeCallback(Landroid/arch/lifecycle/ReflectiveGenericLifecycleObserver$MethodReference;Landroid/arch/lifecycle/LifecycleOwner;Landroid/arch/lifecycle/Lifecycle$Event;)V of the class Landroid/arch/lifecycle/ReflectiveGenericLifecycleObserver; to the sink invoke(Ljava/lang/Object;[Ljava/lang/Object;)Ljava/lang/Object;:NO LEAK
2019-07-03 18:07:27.264 [main] INFO  com.horndroid.z3.FSEngine - 20 [REF] Test if register 2 leaks at line 65 in method invokeCallback(Landroid/arch/lifecycle/ReflectiveGenericLifecycleObserver$MethodReference;Landroid/arch/lifecycle/LifecycleOwner;Landroid/arch/lifecycle/Lifecycle$Event;)V of the class Landroid/arch/lifecycle/ReflectiveGenericLifecycleObserver; to the sink invoke(Ljava/lang/Object;[Ljava/lang/Object;)Ljava/lang/Object;:NO LEAK
2019-09-03 18:09:10.808 [main] INFO  com.horndroid.z3.FSEngine - 21 Test if register 1 leaks at line 65 in method invokeCallback(Landroid/arch/lifecycle/ReflectiveGenericLifecycleObserver$MethodReference;Landroid/arch/lifecycle/LifecycleOwner;Landroid/arch/lifecycle/Lifecycle$Event;)V of the class Landroid/arch/lifecycle/ReflectiveGenericLifecycleObserver; to the sink invoke(Ljava/lang/Object;[Ljava/lang/Object;)Ljava/lang/Object;:NO LEAK
2019-10-03 18:10:52.382 [main] INFO  com.horndroid.z3.FSEngine - 22 [REF] Test if register 1 leaks at line 65 in method invokeCallback(Landroid/arch/lifecycle/ReflectiveGenericLifecycleObserver$MethodReference;Landroid/arch/lifecycle/LifecycleOwner;Landroid/arch/lifecycle/Lifecycle$Event;)V of the class Landroid/arch/lifecycle/ReflectiveGenericLifecycleObserver; to the sink invoke(Ljava/lang/Object;[Ljava/lang/Object;)Ljava/lang/Object;:NO LEAK
2019-11-03 18:11:34.948 [main] INFO  com.horndroid.z3.FSEngine - 23 Test if register 0 leaks at line 15 in method onClick(Landroid/content/DialogInterface;I)V of the class Ledu/wm/cs/semeru/testapp/MainActivity$1; to the sink d(Ljava/lang/String;Ljava/lang/String;)I:POTENTIAL LEAK
2019-13-03 18:13:48.695 [main] INFO  com.horndroid.z3.FSEngine - 24 [REF] Test if register 0 leaks at line 15 in method onClick(Landroid/content/DialogInterface;I)V of the class Ledu/wm/cs/semeru/testapp/MainActivity$1; to the sink d(Ljava/lang/String;Ljava/lang/String;)I:POTENTIAL LEAK
2019-14-03 18:14:30.625 [main] INFO  com.horndroid.z3.FSEngine - 25 Test if register 1 leaks at line 15 in method onClick(Landroid/content/DialogInterface;I)V of the class Ledu/wm/cs/semeru/testapp/MainActivity$1; to the sink d(Ljava/lang/String;Ljava/lang/String;)I:NO LEAK
2019-16-03 18:16:44.278 [main] INFO  com.horndroid.z3.FSEngine - 26 [REF] Test if register 1 leaks at line 15 in method onClick(Landroid/content/DialogInterface;I)V of the class Ledu/wm/cs/semeru/testapp/MainActivity$1; to the sink d(Ljava/lang/String;Ljava/lang/String;)I:POTENTIAL LEAK
2019-16-03 18:16:44.278 [main] DEBUG com.horndroid.executors.HorndroidExecutor - ...done in 2559971 milliseconds
