apks/NoFragment0Sub0.apk started
2019-20-03 05:20:14.037 [main] INFO  com.horndroid.Main - Starting fsHornDroid...
2019-20-03 05:20:14.041 [main] INFO  com.horndroid.Main - Flow Sensitive Analysis on 64 bitvectors size
2019-20-03 05:20:14.042 [main] DEBUG com.horndroid.executors.HorndroidExecutor - Parsing sources and sinks...
2019-20-03 05:20:14.587 [main] DEBUG com.horndroid.executors.HorndroidExecutor - done in 544 milliseconds
2019-20-03 05:20:14.587 [main] DEBUG com.horndroid.executors.HorndroidExecutor - Collecting apk files to process...
2019-20-03 05:20:14.587 [main] DEBUG com.horndroid.executors.HorndroidExecutor - done in 0 milliseconds
2019-20-03 05:20:14.647 [main] INFO  com.horndroid.executors.HorndroidExecutor - Analysing NoFragment0Sub0.apk
2019-20-03 05:20:14.689 [main] DEBUG com.horndroid.executors.HorndroidExecutor - Parsing entry points...
2019-20-03 05:20:14.693 [main] DEBUG com.horndroid.executors.HorndroidExecutor - done in 4 milliseconds
2019-20-03 05:20:14.693 [main] DEBUG com.horndroid.executors.HorndroidExecutor - Parsing callbacks and disabled activities...
2019-20-03 05:20:14.693 [main] INFO  com.horndroid.util.SourceSinkParser - Running apktool to obtain manifest xml and layout files
2019-20-03 05:20:17.358 [main] INFO  com.horndroid.util.SourceSinkParser - Exit Code:0
2019-20-03 05:20:17.359 [main] INFO  com.horndroid.util.SourceSinkParser - STDOUT:I: Using Apktool 2.3.0 on NoFragment0Sub0.apk
2019-20-03 05:20:17.359 [main] INFO  com.horndroid.util.SourceSinkParser - STDOUT:I: Loading resource table...
2019-20-03 05:20:17.360 [main] INFO  com.horndroid.util.SourceSinkParser - STDOUT:I: Decoding AndroidManifest.xml with resources...
2019-20-03 05:20:17.360 [main] INFO  com.horndroid.util.SourceSinkParser - STDOUT:I: Loading resource table from file: /tmp/1.apk
2019-20-03 05:20:17.360 [main] INFO  com.horndroid.util.SourceSinkParser - STDOUT:I: Regular manifest package...
2019-20-03 05:20:17.360 [main] INFO  com.horndroid.util.SourceSinkParser - STDOUT:I: Decoding file-resources...
2019-20-03 05:20:17.360 [main] INFO  com.horndroid.util.SourceSinkParser - STDOUT:I: Decoding values */* XMLs...
2019-20-03 05:20:17.361 [main] INFO  com.horndroid.util.SourceSinkParser - STDOUT:I: Copying raw classes.dex file...
2019-20-03 05:20:17.361 [main] INFO  com.horndroid.util.SourceSinkParser - STDOUT:I: Copying assets and libs...
2019-20-03 05:20:17.361 [main] INFO  com.horndroid.util.SourceSinkParser - STDOUT:I: Copying unknown files...
2019-20-03 05:20:17.361 [main] INFO  com.horndroid.util.SourceSinkParser - STDOUT:I: Copying original files...
2019-20-03 05:20:17.361 [main] INFO  com.horndroid.util.SourceSinkParser - Here is the standard error of the command (if any):

2019-20-03 05:20:17.361 [main] INFO  com.horndroid.util.SourceSinkParser - S: Please be aware this is a volatile directory and frameworks could go missing, please utilize --frame-path if the default storage directory is unavailable
2019-20-03 05:20:17.700 [main] DEBUG com.horndroid.executors.HorndroidExecutor - ...done in 3006 milliseconds
2019-20-03 05:20:17.700 [main] DEBUG com.horndroid.executors.HorndroidExecutor - Sorting classes...
2019-20-03 05:20:17.728 [main] DEBUG com.horndroid.executors.HorndroidExecutor - done in 27 milliseconds
2019-20-03 05:20:17.728 [main] DEBUG com.horndroid.executors.HorndroidExecutor - Collecting data for Horn Clause generation...
2019-20-03 05:20:17.857 [main] DEBUG com.horndroid.executors.HorndroidExecutor - done in 128 milliseconds
2019-20-03 05:20:17.857 [main] DEBUG com.horndroid.executors.HorndroidExecutor - Generating Horn Clauses..
2019-20-03 05:20:17.858 [main] INFO  com.horndroid.analysis.Analysis - Ready to start generating Horn Clauses:
2019-20-03 05:20:17.860 [main] INFO  com.horndroid.analysis.Analysis - Number of classes in APK : 16
2019-20-03 05:20:17.861 [main] INFO  com.horndroid.analysis.Analysis - Number of methods in APK: 21
2019-20-03 05:20:17.861 [main] INFO  com.horndroid.analysis.Analysis - Number of instructions in APK: 241
2019-20-03 05:20:17.861 [main] INFO  com.horndroid.analysis.Analysis - Number of instances in APK: 43
2019-20-03 05:20:17.919 [main] INFO  com.horndroid.analysis.Analysis - Number of sources: 15
2019-20-03 05:20:17.919 [main] INFO  com.horndroid.analysis.Analysis - Number of sinks: 8
2019-20-03 05:20:17.919 [main] INFO  com.horndroid.analysis.Analysis - Number of classes : 16
2019-20-03 05:20:17.919 [main] INFO  com.horndroid.analysis.Analysis - Number of methods: 21
2019-20-03 05:20:17.919 [main] INFO  com.horndroid.analysis.Analysis - Number of instructions: 241
2019-20-03 05:20:17.919 [main] INFO  com.horndroid.analysis.Analysis - Number of instances : 43
2019-20-03 05:20:18.091 [main] DEBUG com.horndroid.executors.HorndroidExecutor - ...done in 233 milliseconds
2019-20-03 05:20:18.091 [main] DEBUG com.horndroid.executors.HorndroidExecutor - Waiting for treads to terminate...
2019-20-03 05:20:18.091 [main] DEBUG com.horndroid.executors.HorndroidExecutor - ...done in 0 milliseconds
2019-20-03 05:20:18.091 [main] DEBUG com.horndroid.executors.HorndroidExecutor - Executing all queries...
2019-20-03 05:20:18.092 [main] INFO  com.horndroid.z3.FSEngine - Number of the generated queries: 8
2019-20-03 05:20:18.417 [main] INFO  com.horndroid.z3.FSEngine - 1 Test if register 1 leaks at line 22 in method onCreate(Landroid/os/Bundle;)V of the class Lcom/example/variantroute/MainActivity; to the sink d(Ljava/lang/String;Ljava/lang/String;)I:NO LEAK
2019-20-03 05:20:18.885 [main] INFO  com.horndroid.z3.FSEngine - 2 [REF] Test if register 1 leaks at line 22 in method onCreate(Landroid/os/Bundle;)V of the class Lcom/example/variantroute/MainActivity; to the sink d(Ljava/lang/String;Ljava/lang/String;)I:NO LEAK
2019-20-03 05:20:19.101 [main] INFO  com.horndroid.z3.FSEngine - 3 Test if register 0 leaks at line 22 in method onCreate(Landroid/os/Bundle;)V of the class Lcom/example/variantroute/MainActivity; to the sink d(Ljava/lang/String;Ljava/lang/String;)I:NO LEAK
2019-20-03 05:20:19.318 [main] INFO  com.horndroid.z3.FSEngine - 4 [REF] Test if register 0 leaks at line 22 in method onCreate(Landroid/os/Bundle;)V of the class Lcom/example/variantroute/MainActivity; to the sink d(Ljava/lang/String;Ljava/lang/String;)I:NO LEAK
2019-20-03 05:20:19.487 [main] INFO  com.horndroid.z3.FSEngine - 5 Test if register 3 leaks at line 6 in method buttonClicked(Landroid/view/View;)V of the class Lcom/example/variantroute/MainActivity; to the sink d(Ljava/lang/String;Ljava/lang/String;)I:NO LEAK
2019-20-03 05:20:19.698 [main] INFO  com.horndroid.z3.FSEngine - 6 [REF] Test if register 3 leaks at line 6 in method buttonClicked(Landroid/view/View;)V of the class Lcom/example/variantroute/MainActivity; to the sink d(Ljava/lang/String;Ljava/lang/String;)I:NO LEAK
2019-20-03 05:20:19.871 [main] INFO  com.horndroid.z3.FSEngine - 7 Test if register 2 leaks at line 6 in method buttonClicked(Landroid/view/View;)V of the class Lcom/example/variantroute/MainActivity; to the sink d(Ljava/lang/String;Ljava/lang/String;)I:NO LEAK
2019-20-03 05:20:20.085 [main] INFO  com.horndroid.z3.FSEngine - 8 [REF] Test if register 2 leaks at line 6 in method buttonClicked(Landroid/view/View;)V of the class Lcom/example/variantroute/MainActivity; to the sink d(Ljava/lang/String;Ljava/lang/String;)I:NO LEAK
2019-20-03 05:20:20.085 [main] DEBUG com.horndroid.executors.HorndroidExecutor - ...done in 1993 milliseconds
