apks/timetracker_SINK.apk started
2019-10-29 08:10:58.476 [main] INFO  com.horndroid.Main - Starting fsHornDroid...
2019-10-29 08:10:58.480 [main] INFO  com.horndroid.Main - Flow Sensitive Analysis on 64 bitvectors size
2019-10-29 08:10:58.481 [main] DEBUG com.horndroid.executors.HorndroidExecutor - Parsing sources and sinks...
2019-10-29 08:10:59.079 [main] DEBUG com.horndroid.executors.HorndroidExecutor - done in 598 milliseconds
2019-10-29 08:10:59.080 [main] DEBUG com.horndroid.executors.HorndroidExecutor - Collecting apk files to process...
2019-10-29 08:10:59.080 [main] DEBUG com.horndroid.executors.HorndroidExecutor - done in 0 milliseconds
2019-10-29 08:10:59.137 [main] INFO  com.horndroid.executors.HorndroidExecutor - Analysing timetracker_SINK.apk
2019-10-29 08:10:59.182 [main] DEBUG com.horndroid.executors.HorndroidExecutor - Parsing entry points...
2019-10-29 08:10:59.186 [main] DEBUG com.horndroid.executors.HorndroidExecutor - done in 4 milliseconds
2019-10-29 08:10:59.186 [main] DEBUG com.horndroid.executors.HorndroidExecutor - Parsing callbacks and disabled activities...
2019-10-29 08:10:59.186 [main] INFO  com.horndroid.util.SourceSinkParser - Running apktool to obtain manifest xml and layout files
2019-11-29 08:11:01.517 [main] INFO  com.horndroid.util.SourceSinkParser - Exit Code:0
2019-11-29 08:11:01.517 [main] INFO  com.horndroid.util.SourceSinkParser - STDOUT:I: Using Apktool 2.3.0 on timetracker_SINK.apk
2019-11-29 08:11:01.517 [main] INFO  com.horndroid.util.SourceSinkParser - STDOUT:I: Loading resource table...
2019-11-29 08:11:01.517 [main] INFO  com.horndroid.util.SourceSinkParser - STDOUT:I: Decoding AndroidManifest.xml with resources...
2019-11-29 08:11:01.518 [main] INFO  com.horndroid.util.SourceSinkParser - STDOUT:I: Loading resource table from file: /tmp/1.apk
2019-11-29 08:11:01.518 [main] INFO  com.horndroid.util.SourceSinkParser - STDOUT:I: Regular manifest package...
2019-11-29 08:11:01.518 [main] INFO  com.horndroid.util.SourceSinkParser - STDOUT:I: Decoding file-resources...
2019-11-29 08:11:01.518 [main] INFO  com.horndroid.util.SourceSinkParser - STDOUT:I: Decoding values */* XMLs...
2019-11-29 08:11:01.518 [main] INFO  com.horndroid.util.SourceSinkParser - STDOUT:I: Copying raw classes.dex file...
2019-11-29 08:11:01.518 [main] INFO  com.horndroid.util.SourceSinkParser - STDOUT:I: Copying raw classes2.dex file...
2019-11-29 08:11:01.518 [main] INFO  com.horndroid.util.SourceSinkParser - STDOUT:I: Copying assets and libs...
2019-11-29 08:11:01.519 [main] INFO  com.horndroid.util.SourceSinkParser - STDOUT:I: Copying unknown files...
2019-11-29 08:11:01.519 [main] INFO  com.horndroid.util.SourceSinkParser - STDOUT:I: Copying original files...
2019-11-29 08:11:01.519 [main] INFO  com.horndroid.util.SourceSinkParser - Here is the standard error of the command (if any):

2019-11-29 08:11:01.519 [main] INFO  com.horndroid.util.SourceSinkParser - S: Please be aware this is a volatile directory and frameworks could go missing, please utilize --frame-path if the default storage directory is unavailable
2019-11-29 08:11:01.824 [main] DEBUG com.horndroid.executors.HorndroidExecutor - ...done in 2637 milliseconds
2019-11-29 08:11:01.824 [main] DEBUG com.horndroid.executors.HorndroidExecutor - Sorting classes...
2019-11-29 08:11:01.851 [main] DEBUG com.horndroid.executors.HorndroidExecutor - done in 26 milliseconds
2019-11-29 08:11:01.851 [main] DEBUG com.horndroid.executors.HorndroidExecutor - Collecting data for Horn Clause generation...
