apks/variant0sub2.apk started
2019-19-29 16:19:41.690 [main] INFO  com.horndroid.Main - Starting fsHornDroid...
2019-19-29 16:19:41.693 [main] INFO  com.horndroid.Main - Flow Sensitive Analysis on 64 bitvectors size
2019-19-29 16:19:41.694 [main] DEBUG com.horndroid.executors.HorndroidExecutor - Parsing sources and sinks...
2019-19-29 16:19:42.313 [main] DEBUG com.horndroid.executors.HorndroidExecutor - done in 619 milliseconds
2019-19-29 16:19:42.314 [main] DEBUG com.horndroid.executors.HorndroidExecutor - Collecting apk files to process...
2019-19-29 16:19:42.314 [main] DEBUG com.horndroid.executors.HorndroidExecutor - done in 0 milliseconds
2019-19-29 16:19:42.346 [main] INFO  com.horndroid.executors.HorndroidExecutor - Analysing variant0sub2.apk
2019-19-29 16:19:42.408 [main] DEBUG com.horndroid.executors.HorndroidExecutor - Parsing entry points...
2019-19-29 16:19:42.414 [main] DEBUG com.horndroid.executors.HorndroidExecutor - done in 6 milliseconds
2019-19-29 16:19:42.415 [main] DEBUG com.horndroid.executors.HorndroidExecutor - Parsing callbacks and disabled activities...
2019-19-29 16:19:42.415 [main] INFO  com.horndroid.util.SourceSinkParser - Running apktool to obtain manifest xml and layout files
2019-19-29 16:19:44.998 [main] INFO  com.horndroid.util.SourceSinkParser - Exit Code:0
2019-19-29 16:19:44.999 [main] INFO  com.horndroid.util.SourceSinkParser - STDOUT:I: Using Apktool 2.3.0 on variant0sub2.apk
2019-19-29 16:19:44.999 [main] INFO  com.horndroid.util.SourceSinkParser - STDOUT:I: Loading resource table...
2019-19-29 16:19:44.999 [main] INFO  com.horndroid.util.SourceSinkParser - STDOUT:I: Decoding AndroidManifest.xml with resources...
2019-19-29 16:19:44.999 [main] INFO  com.horndroid.util.SourceSinkParser - STDOUT:I: Loading resource table from file: /tmp/1.apk
2019-19-29 16:19:44.999 [main] INFO  com.horndroid.util.SourceSinkParser - STDOUT:I: Regular manifest package...
2019-19-29 16:19:44.999 [main] INFO  com.horndroid.util.SourceSinkParser - STDOUT:I: Decoding file-resources...
2019-19-29 16:19:44.999 [main] INFO  com.horndroid.util.SourceSinkParser - STDOUT:I: Decoding values */* XMLs...
2019-19-29 16:19:45.000 [main] INFO  com.horndroid.util.SourceSinkParser - STDOUT:I: Copying raw classes.dex file...
2019-19-29 16:19:45.000 [main] INFO  com.horndroid.util.SourceSinkParser - STDOUT:I: Copying assets and libs...
2019-19-29 16:19:45.000 [main] INFO  com.horndroid.util.SourceSinkParser - STDOUT:I: Copying unknown files...
2019-19-29 16:19:45.000 [main] INFO  com.horndroid.util.SourceSinkParser - STDOUT:I: Copying original files...
2019-19-29 16:19:45.000 [main] INFO  com.horndroid.util.SourceSinkParser - Here is the standard error of the command (if any):

2019-19-29 16:19:45.000 [main] INFO  com.horndroid.util.SourceSinkParser - S: Please be aware this is a volatile directory and frameworks could go missing, please utilize --frame-path if the default storage directory is unavailable
2019-19-29 16:19:45.340 [main] DEBUG com.horndroid.executors.HorndroidExecutor - ...done in 2925 milliseconds
2019-19-29 16:19:45.341 [main] DEBUG com.horndroid.executors.HorndroidExecutor - Sorting classes...
2019-19-29 16:19:45.375 [main] DEBUG com.horndroid.executors.HorndroidExecutor - done in 34 milliseconds
2019-19-29 16:19:45.376 [main] DEBUG com.horndroid.executors.HorndroidExecutor - Collecting data for Horn Clause generation...
2019-19-29 16:19:45.564 [main] DEBUG com.horndroid.executors.HorndroidExecutor - done in 188 milliseconds
2019-19-29 16:19:45.565 [main] DEBUG com.horndroid.executors.HorndroidExecutor - Generating Horn Clauses..
2019-19-29 16:19:45.565 [main] INFO  com.horndroid.analysis.Analysis - Ready to start generating Horn Clauses:
2019-19-29 16:19:45.569 [main] INFO  com.horndroid.analysis.Analysis - Number of classes in APK : 45
2019-19-29 16:19:45.569 [main] INFO  com.horndroid.analysis.Analysis - Number of methods in APK: 132
2019-19-29 16:19:45.569 [main] INFO  com.horndroid.analysis.Analysis - Number of instructions in APK: 1848
2019-19-29 16:19:45.569 [main] INFO  com.horndroid.analysis.Analysis - Number of instances in APK: 292
2019-19-29 16:19:45.665 [main] INFO  com.horndroid.analysis.Analysis - Number of sources: 15
2019-19-29 16:19:45.666 [main] INFO  com.horndroid.analysis.Analysis - Number of sinks: 9
2019-19-29 16:19:45.666 [main] INFO  com.horndroid.analysis.Analysis - Number of classes : 45
2019-19-29 16:19:45.666 [main] INFO  com.horndroid.analysis.Analysis - Number of methods: 132
2019-19-29 16:19:45.666 [main] INFO  com.horndroid.analysis.Analysis - Number of instructions: 1848
2019-19-29 16:19:45.666 [main] INFO  com.horndroid.analysis.Analysis - Number of instances : 292
2019-19-29 16:19:52.507 [main] DEBUG com.horndroid.executors.HorndroidExecutor - ...done in 6941 milliseconds
2019-19-29 16:19:52.507 [main] DEBUG com.horndroid.executors.HorndroidExecutor - Waiting for treads to terminate...
2019-19-29 16:19:52.507 [main] DEBUG com.horndroid.executors.HorndroidExecutor - ...done in 0 milliseconds
2019-19-29 16:19:52.507 [main] DEBUG com.horndroid.executors.HorndroidExecutor - Executing all queries...
2019-19-29 16:19:52.508 [main] INFO  com.horndroid.z3.FSEngine - Number of the generated queries: 26
2019-20-29 16:20:56.456 [main] INFO  com.horndroid.z3.FSEngine - 1 Test if register 4 leaks at line 19 in method invokeCallback(Landroid/arch/lifecycle/ReflectiveGenericLifecycleObserver$MethodReference;Landroid/arch/lifecycle/LifecycleOwner;Landroid/arch/lifecycle/Lifecycle$Event;)V of the class Landroid/arch/lifecycle/ReflectiveGenericLifecycleObserver; to the sink invoke(Ljava/lang/Object;[Ljava/lang/Object;)Ljava/lang/Object;:NO LEAK
2019-22-29 16:22:06.064 [main] INFO  com.horndroid.z3.FSEngine - 2 [REF] Test if register 4 leaks at line 19 in method invokeCallback(Landroid/arch/lifecycle/ReflectiveGenericLifecycleObserver$MethodReference;Landroid/arch/lifecycle/LifecycleOwner;Landroid/arch/lifecycle/Lifecycle$Event;)V of the class Landroid/arch/lifecycle/ReflectiveGenericLifecycleObserver; to the sink invoke(Ljava/lang/Object;[Ljava/lang/Object;)Ljava/lang/Object;:NO LEAK
2019-23-29 16:23:14.300 [main] INFO  com.horndroid.z3.FSEngine - 3 Test if register 3 leaks at line 19 in method invokeCallback(Landroid/arch/lifecycle/ReflectiveGenericLifecycleObserver$MethodReference;Landroid/arch/lifecycle/LifecycleOwner;Landroid/arch/lifecycle/Lifecycle$Event;)V of the class Landroid/arch/lifecycle/ReflectiveGenericLifecycleObserver; to the sink invoke(Ljava/lang/Object;[Ljava/lang/Object;)Ljava/lang/Object;:NO LEAK
2019-24-29 16:24:21.609 [main] INFO  com.horndroid.z3.FSEngine - 4 [REF] Test if register 3 leaks at line 19 in method invokeCallback(Landroid/arch/lifecycle/ReflectiveGenericLifecycleObserver$MethodReference;Landroid/arch/lifecycle/LifecycleOwner;Landroid/arch/lifecycle/Lifecycle$Event;)V of the class Landroid/arch/lifecycle/ReflectiveGenericLifecycleObserver; to the sink invoke(Ljava/lang/Object;[Ljava/lang/Object;)Ljava/lang/Object;:NO LEAK
2019-25-29 16:25:29.018 [main] INFO  com.horndroid.z3.FSEngine - 5 Test if register 0 leaks at line 19 in method invokeCallback(Landroid/arch/lifecycle/ReflectiveGenericLifecycleObserver$MethodReference;Landroid/arch/lifecycle/LifecycleOwner;Landroid/arch/lifecycle/Lifecycle$Event;)V of the class Landroid/arch/lifecycle/ReflectiveGenericLifecycleObserver; to the sink invoke(Ljava/lang/Object;[Ljava/lang/Object;)Ljava/lang/Object;:NO LEAK
2019-26-29 16:26:36.464 [main] INFO  com.horndroid.z3.FSEngine - 6 [REF] Test if register 0 leaks at line 19 in method invokeCallback(Landroid/arch/lifecycle/ReflectiveGenericLifecycleObserver$MethodReference;Landroid/arch/lifecycle/LifecycleOwner;Landroid/arch/lifecycle/Lifecycle$Event;)V of the class Landroid/arch/lifecycle/ReflectiveGenericLifecycleObserver; to the sink invoke(Ljava/lang/Object;[Ljava/lang/Object;)Ljava/lang/Object;:NO LEAK
2019-27-29 16:27:43.981 [main] INFO  com.horndroid.z3.FSEngine - 7 Test if register 1 leaks at line 31 in method invokeCallback(Landroid/arch/lifecycle/ReflectiveGenericLifecycleObserver$MethodReference;Landroid/arch/lifecycle/LifecycleOwner;Landroid/arch/lifecycle/Lifecycle$Event;)V of the class Landroid/arch/lifecycle/ReflectiveGenericLifecycleObserver; to the sink invoke(Ljava/lang/Object;[Ljava/lang/Object;)Ljava/lang/Object;:NO LEAK
2019-28-29 16:28:52.381 [main] INFO  com.horndroid.z3.FSEngine - 8 [REF] Test if register 1 leaks at line 31 in method invokeCallback(Landroid/arch/lifecycle/ReflectiveGenericLifecycleObserver$MethodReference;Landroid/arch/lifecycle/LifecycleOwner;Landroid/arch/lifecycle/Lifecycle$Event;)V of the class Landroid/arch/lifecycle/ReflectiveGenericLifecycleObserver; to the sink invoke(Ljava/lang/Object;[Ljava/lang/Object;)Ljava/lang/Object;:NO LEAK
2019-29-29 16:29:59.810 [main] INFO  com.horndroid.z3.FSEngine - 9 Test if register 3 leaks at line 31 in method invokeCallback(Landroid/arch/lifecycle/ReflectiveGenericLifecycleObserver$MethodReference;Landroid/arch/lifecycle/LifecycleOwner;Landroid/arch/lifecycle/Lifecycle$Event;)V of the class Landroid/arch/lifecycle/ReflectiveGenericLifecycleObserver; to the sink invoke(Ljava/lang/Object;[Ljava/lang/Object;)Ljava/lang/Object;:NO LEAK
2019-31-29 16:31:07.726 [main] INFO  com.horndroid.z3.FSEngine - 10 [REF] Test if register 3 leaks at line 31 in method invokeCallback(Landroid/arch/lifecycle/ReflectiveGenericLifecycleObserver$MethodReference;Landroid/arch/lifecycle/LifecycleOwner;Landroid/arch/lifecycle/Lifecycle$Event;)V of the class Landroid/arch/lifecycle/ReflectiveGenericLifecycleObserver; to the sink invoke(Ljava/lang/Object;[Ljava/lang/Object;)Ljava/lang/Object;:NO LEAK
2019-32-29 16:32:15.148 [main] INFO  com.horndroid.z3.FSEngine - 11 Test if register 0 leaks at line 31 in method invokeCallback(Landroid/arch/lifecycle/ReflectiveGenericLifecycleObserver$MethodReference;Landroid/arch/lifecycle/LifecycleOwner;Landroid/arch/lifecycle/Lifecycle$Event;)V of the class Landroid/arch/lifecycle/ReflectiveGenericLifecycleObserver; to the sink invoke(Ljava/lang/Object;[Ljava/lang/Object;)Ljava/lang/Object;:NO LEAK
2019-33-29 16:33:22.383 [main] INFO  com.horndroid.z3.FSEngine - 12 [REF] Test if register 0 leaks at line 31 in method invokeCallback(Landroid/arch/lifecycle/ReflectiveGenericLifecycleObserver$MethodReference;Landroid/arch/lifecycle/LifecycleOwner;Landroid/arch/lifecycle/Lifecycle$Event;)V of the class Landroid/arch/lifecycle/ReflectiveGenericLifecycleObserver; to the sink invoke(Ljava/lang/Object;[Ljava/lang/Object;)Ljava/lang/Object;:NO LEAK
2019-34-29 16:34:29.275 [main] INFO  com.horndroid.z3.FSEngine - 13 Test if register 2 leaks at line 41 in method invokeCallback(Landroid/arch/lifecycle/ReflectiveGenericLifecycleObserver$MethodReference;Landroid/arch/lifecycle/LifecycleOwner;Landroid/arch/lifecycle/Lifecycle$Event;)V of the class Landroid/arch/lifecycle/ReflectiveGenericLifecycleObserver; to the sink invoke(Ljava/lang/Object;[Ljava/lang/Object;)Ljava/lang/Object;:NO LEAK
2019-35-29 16:35:36.281 [main] INFO  com.horndroid.z3.FSEngine - 14 [REF] Test if register 2 leaks at line 41 in method invokeCallback(Landroid/arch/lifecycle/ReflectiveGenericLifecycleObserver$MethodReference;Landroid/arch/lifecycle/LifecycleOwner;Landroid/arch/lifecycle/Lifecycle$Event;)V of the class Landroid/arch/lifecycle/ReflectiveGenericLifecycleObserver; to the sink invoke(Ljava/lang/Object;[Ljava/lang/Object;)Ljava/lang/Object;:NO LEAK
2019-36-29 16:36:43.454 [main] INFO  com.horndroid.z3.FSEngine - 15 Test if register 1 leaks at line 41 in method invokeCallback(Landroid/arch/lifecycle/ReflectiveGenericLifecycleObserver$MethodReference;Landroid/arch/lifecycle/LifecycleOwner;Landroid/arch/lifecycle/Lifecycle$Event;)V of the class Landroid/arch/lifecycle/ReflectiveGenericLifecycleObserver; to the sink invoke(Ljava/lang/Object;[Ljava/lang/Object;)Ljava/lang/Object;:NO LEAK
2019-37-29 16:37:50.321 [main] INFO  com.horndroid.z3.FSEngine - 16 [REF] Test if register 1 leaks at line 41 in method invokeCallback(Landroid/arch/lifecycle/ReflectiveGenericLifecycleObserver$MethodReference;Landroid/arch/lifecycle/LifecycleOwner;Landroid/arch/lifecycle/Lifecycle$Event;)V of the class Landroid/arch/lifecycle/ReflectiveGenericLifecycleObserver; to the sink invoke(Ljava/lang/Object;[Ljava/lang/Object;)Ljava/lang/Object;:NO LEAK
2019-38-29 16:38:57.044 [main] INFO  com.horndroid.z3.FSEngine - 17 Test if register 0 leaks at line 41 in method invokeCallback(Landroid/arch/lifecycle/ReflectiveGenericLifecycleObserver$MethodReference;Landroid/arch/lifecycle/LifecycleOwner;Landroid/arch/lifecycle/Lifecycle$Event;)V of the class Landroid/arch/lifecycle/ReflectiveGenericLifecycleObserver; to the sink invoke(Ljava/lang/Object;[Ljava/lang/Object;)Ljava/lang/Object;:NO LEAK
2019-40-29 16:40:04.047 [main] INFO  com.horndroid.z3.FSEngine - 18 [REF] Test if register 0 leaks at line 41 in method invokeCallback(Landroid/arch/lifecycle/ReflectiveGenericLifecycleObserver$MethodReference;Landroid/arch/lifecycle/LifecycleOwner;Landroid/arch/lifecycle/Lifecycle$Event;)V of the class Landroid/arch/lifecycle/ReflectiveGenericLifecycleObserver; to the sink invoke(Ljava/lang/Object;[Ljava/lang/Object;)Ljava/lang/Object;:NO LEAK
2019-41-29 16:41:11.169 [main] INFO  com.horndroid.z3.FSEngine - 19 Test if register 1 leaks at line 21 in method onCreate(Landroid/os/Bundle;)V of the class Lcom/example/variantroute/MainActivity; to the sink d(Ljava/lang/String;Ljava/lang/String;)I:NO LEAK
2019-42-29 16:42:23.345 [main] INFO  com.horndroid.z3.FSEngine - 20 [REF] Test if register 1 leaks at line 21 in method onCreate(Landroid/os/Bundle;)V of the class Lcom/example/variantroute/MainActivity; to the sink d(Ljava/lang/String;Ljava/lang/String;)I:NO LEAK
2019-43-29 16:43:30.590 [main] INFO  com.horndroid.z3.FSEngine - 21 Test if register 0 leaks at line 21 in method onCreate(Landroid/os/Bundle;)V of the class Lcom/example/variantroute/MainActivity; to the sink d(Ljava/lang/String;Ljava/lang/String;)I:NO LEAK
2019-44-29 16:44:43.441 [main] INFO  com.horndroid.z3.FSEngine - 22 [REF] Test if register 0 leaks at line 21 in method onCreate(Landroid/os/Bundle;)V of the class Lcom/example/variantroute/MainActivity; to the sink d(Ljava/lang/String;Ljava/lang/String;)I:NO LEAK
2019-45-29 16:45:07.102 [main] INFO  com.horndroid.z3.FSEngine - 23 Test if register 1 leaks at line 4 in method buttonClicked(Landroid/view/View;)V of the class Lcom/example/variantroute/MainActivity; to the sink d(Ljava/lang/String;Ljava/lang/String;)I:NO LEAK
