apks/variant0.apk started
2019-59-27 08:59:08.872 [main] INFO  com.horndroid.Main - Starting fsHornDroid...
2019-59-27 08:59:08.876 [main] INFO  com.horndroid.Main - Flow Sensitive Analysis on 64 bitvectors size
2019-59-27 08:59:08.878 [main] DEBUG com.horndroid.executors.HorndroidExecutor - Parsing sources and sinks...
2019-59-27 08:59:09.444 [main] DEBUG com.horndroid.executors.HorndroidExecutor - done in 566 milliseconds
2019-59-27 08:59:09.445 [main] DEBUG com.horndroid.executors.HorndroidExecutor - Collecting apk files to process...
2019-59-27 08:59:09.445 [main] DEBUG com.horndroid.executors.HorndroidExecutor - done in 0 milliseconds
2019-59-27 08:59:09.478 [main] INFO  com.horndroid.executors.HorndroidExecutor - Analysing variant0.apk
2019-59-27 08:59:09.512 [main] DEBUG com.horndroid.executors.HorndroidExecutor - Parsing entry points...
2019-59-27 08:59:09.516 [main] DEBUG com.horndroid.executors.HorndroidExecutor - done in 3 milliseconds
2019-59-27 08:59:09.516 [main] DEBUG com.horndroid.executors.HorndroidExecutor - Parsing callbacks and disabled activities...
2019-59-27 08:59:09.516 [main] INFO  com.horndroid.util.SourceSinkParser - Running apktool to obtain manifest xml and layout files
2019-59-27 08:59:11.605 [main] INFO  com.horndroid.util.SourceSinkParser - Exit Code:0
2019-59-27 08:59:11.605 [main] INFO  com.horndroid.util.SourceSinkParser - STDOUT:I: Using Apktool 2.3.0 on variant0.apk
2019-59-27 08:59:11.606 [main] INFO  com.horndroid.util.SourceSinkParser - STDOUT:I: Loading resource table...
2019-59-27 08:59:11.606 [main] INFO  com.horndroid.util.SourceSinkParser - STDOUT:I: Decoding AndroidManifest.xml with resources...
2019-59-27 08:59:11.606 [main] INFO  com.horndroid.util.SourceSinkParser - STDOUT:I: Loading resource table from file: /tmp/1.apk
2019-59-27 08:59:11.606 [main] INFO  com.horndroid.util.SourceSinkParser - STDOUT:I: Regular manifest package...
2019-59-27 08:59:11.606 [main] INFO  com.horndroid.util.SourceSinkParser - STDOUT:I: Decoding file-resources...
2019-59-27 08:59:11.606 [main] INFO  com.horndroid.util.SourceSinkParser - STDOUT:I: Decoding values */* XMLs...
2019-59-27 08:59:11.607 [main] INFO  com.horndroid.util.SourceSinkParser - STDOUT:I: Copying raw classes.dex file...
2019-59-27 08:59:11.607 [main] INFO  com.horndroid.util.SourceSinkParser - STDOUT:I: Copying assets and libs...
2019-59-27 08:59:11.607 [main] INFO  com.horndroid.util.SourceSinkParser - STDOUT:I: Copying unknown files...
2019-59-27 08:59:11.607 [main] INFO  com.horndroid.util.SourceSinkParser - STDOUT:I: Copying original files...
2019-59-27 08:59:11.607 [main] INFO  com.horndroid.util.SourceSinkParser - Here is the standard error of the command (if any):

2019-59-27 08:59:11.608 [main] INFO  com.horndroid.util.SourceSinkParser - S: Please be aware this is a volatile directory and frameworks could go missing, please utilize --frame-path if the default storage directory is unavailable
2019-59-27 08:59:11.920 [main] DEBUG com.horndroid.executors.HorndroidExecutor - ...done in 2404 milliseconds
2019-59-27 08:59:11.920 [main] DEBUG com.horndroid.executors.HorndroidExecutor - Sorting classes...
2019-59-27 08:59:11.944 [main] DEBUG com.horndroid.executors.HorndroidExecutor - done in 23 milliseconds
2019-59-27 08:59:11.944 [main] DEBUG com.horndroid.executors.HorndroidExecutor - Collecting data for Horn Clause generation...
2019-59-27 08:59:12.223 [main] DEBUG com.horndroid.executors.HorndroidExecutor - done in 279 milliseconds
2019-59-27 08:59:12.224 [main] DEBUG com.horndroid.executors.HorndroidExecutor - Generating Horn Clauses..
2019-59-27 08:59:12.224 [main] INFO  com.horndroid.analysis.Analysis - Ready to start generating Horn Clauses:
2019-59-27 08:59:12.230 [main] INFO  com.horndroid.analysis.Analysis - Number of classes in APK : 46
2019-59-27 08:59:12.230 [main] INFO  com.horndroid.analysis.Analysis - Number of methods in APK: 132
2019-59-27 08:59:12.230 [main] INFO  com.horndroid.analysis.Analysis - Number of instructions in APK: 1835
2019-59-27 08:59:12.231 [main] INFO  com.horndroid.analysis.Analysis - Number of instances in APK: 316
2019-59-27 08:59:12.328 [main] INFO  com.horndroid.analysis.Analysis - Number of sources: 54
2019-59-27 08:59:12.328 [main] INFO  com.horndroid.analysis.Analysis - Number of sinks: 36
2019-59-27 08:59:12.328 [main] INFO  com.horndroid.analysis.Analysis - Number of classes : 46
2019-59-27 08:59:12.328 [main] INFO  com.horndroid.analysis.Analysis - Number of methods: 132
2019-59-27 08:59:12.328 [main] INFO  com.horndroid.analysis.Analysis - Number of instructions: 1835
2019-59-27 08:59:12.328 [main] INFO  com.horndroid.analysis.Analysis - Number of instances : 316
2019-59-27 08:59:20.602 [main] DEBUG com.horndroid.executors.HorndroidExecutor - ...done in 8377 milliseconds
2019-59-27 08:59:20.602 [main] DEBUG com.horndroid.executors.HorndroidExecutor - Waiting for treads to terminate...
2019-59-27 08:59:20.602 [main] DEBUG com.horndroid.executors.HorndroidExecutor - ...done in 0 milliseconds
2019-59-27 08:59:20.602 [main] DEBUG com.horndroid.executors.HorndroidExecutor - Executing all queries...
2019-59-27 08:59:20.603 [main] INFO  com.horndroid.z3.FSEngine - Number of the generated queries: 26
2019-00-27 09:00:42.327 [main] INFO  com.horndroid.z3.FSEngine - 1 Test if register 3 leaks at line 19 in method invokeCallback(Landroid/arch/lifecycle/ReflectiveGenericLifecycleObserver$MethodReference;Landroid/arch/lifecycle/LifecycleOwner;Landroid/arch/lifecycle/Lifecycle$Event;)V of the class Landroid/arch/lifecycle/ReflectiveGenericLifecycleObserver; to the sink invoke(Ljava/lang/Object;[Ljava/lang/Object;)Ljava/lang/Object;:NO LEAK
