apks/variant1.apk started
2019-54-28 07:54:15.953 [main] INFO  com.horndroid.Main - Starting fsHornDroid...
2019-54-28 07:54:15.957 [main] INFO  com.horndroid.Main - Flow Sensitive Analysis on 64 bitvectors size
2019-54-28 07:54:15.958 [main] DEBUG com.horndroid.executors.HorndroidExecutor - Parsing sources and sinks...
2019-54-28 07:54:16.447 [main] DEBUG com.horndroid.executors.HorndroidExecutor - done in 488 milliseconds
2019-54-28 07:54:16.447 [main] DEBUG com.horndroid.executors.HorndroidExecutor - Collecting apk files to process...
2019-54-28 07:54:16.447 [main] DEBUG com.horndroid.executors.HorndroidExecutor - done in 0 milliseconds
2019-54-28 07:54:16.475 [main] INFO  com.horndroid.executors.HorndroidExecutor - Analysing variant1.apk
2019-54-28 07:54:16.507 [main] DEBUG com.horndroid.executors.HorndroidExecutor - Parsing entry points...
2019-54-28 07:54:16.510 [main] DEBUG com.horndroid.executors.HorndroidExecutor - done in 2 milliseconds
2019-54-28 07:54:16.510 [main] DEBUG com.horndroid.executors.HorndroidExecutor - Parsing callbacks and disabled activities...
2019-54-28 07:54:16.510 [main] INFO  com.horndroid.util.SourceSinkParser - Running apktool to obtain manifest xml and layout files
2019-54-28 07:54:18.863 [main] INFO  com.horndroid.util.SourceSinkParser - Exit Code:0
2019-54-28 07:54:18.863 [main] INFO  com.horndroid.util.SourceSinkParser - STDOUT:I: Using Apktool 2.3.0 on variant1.apk
2019-54-28 07:54:18.863 [main] INFO  com.horndroid.util.SourceSinkParser - STDOUT:I: Loading resource table...
2019-54-28 07:54:18.863 [main] INFO  com.horndroid.util.SourceSinkParser - STDOUT:I: Decoding AndroidManifest.xml with resources...
2019-54-28 07:54:18.863 [main] INFO  com.horndroid.util.SourceSinkParser - STDOUT:I: Loading resource table from file: /tmp/1.apk
2019-54-28 07:54:18.863 [main] INFO  com.horndroid.util.SourceSinkParser - STDOUT:I: Regular manifest package...
2019-54-28 07:54:18.864 [main] INFO  com.horndroid.util.SourceSinkParser - STDOUT:I: Decoding file-resources...
2019-54-28 07:54:18.864 [main] INFO  com.horndroid.util.SourceSinkParser - STDOUT:I: Decoding values */* XMLs...
2019-54-28 07:54:18.864 [main] INFO  com.horndroid.util.SourceSinkParser - STDOUT:I: Copying raw classes.dex file...
2019-54-28 07:54:18.864 [main] INFO  com.horndroid.util.SourceSinkParser - STDOUT:I: Copying assets and libs...
2019-54-28 07:54:18.864 [main] INFO  com.horndroid.util.SourceSinkParser - STDOUT:I: Copying unknown files...
2019-54-28 07:54:18.864 [main] INFO  com.horndroid.util.SourceSinkParser - STDOUT:I: Copying original files...
2019-54-28 07:54:18.864 [main] INFO  com.horndroid.util.SourceSinkParser - Here is the standard error of the command (if any):

2019-54-28 07:54:18.864 [main] INFO  com.horndroid.util.SourceSinkParser - S: Please be aware this is a volatile directory and frameworks could go missing, please utilize --frame-path if the default storage directory is unavailable
2019-54-28 07:54:19.114 [main] DEBUG com.horndroid.executors.HorndroidExecutor - ...done in 2604 milliseconds
2019-54-28 07:54:19.115 [main] DEBUG com.horndroid.executors.HorndroidExecutor - Sorting classes...
2019-54-28 07:54:19.135 [main] DEBUG com.horndroid.executors.HorndroidExecutor - done in 20 milliseconds
2019-54-28 07:54:19.135 [main] DEBUG com.horndroid.executors.HorndroidExecutor - Collecting data for Horn Clause generation...
2019-54-28 07:54:19.401 [main] DEBUG com.horndroid.executors.HorndroidExecutor - done in 265 milliseconds
2019-54-28 07:54:19.401 [main] DEBUG com.horndroid.executors.HorndroidExecutor - Generating Horn Clauses..
2019-54-28 07:54:19.401 [main] INFO  com.horndroid.analysis.Analysis - Ready to start generating Horn Clauses:
2019-54-28 07:54:19.408 [main] INFO  com.horndroid.analysis.Analysis - Number of classes in APK : 46
2019-54-28 07:54:19.408 [main] INFO  com.horndroid.analysis.Analysis - Number of methods in APK: 133
2019-54-28 07:54:19.408 [main] INFO  com.horndroid.analysis.Analysis - Number of instructions in APK: 1855
2019-54-28 07:54:19.408 [main] INFO  com.horndroid.analysis.Analysis - Number of instances in APK: 321
2019-54-28 07:54:19.511 [main] INFO  com.horndroid.analysis.Analysis - Number of sources: 54
2019-54-28 07:54:19.511 [main] INFO  com.horndroid.analysis.Analysis - Number of sinks: 36
2019-54-28 07:54:19.511 [main] INFO  com.horndroid.analysis.Analysis - Number of classes : 46
2019-54-28 07:54:19.511 [main] INFO  com.horndroid.analysis.Analysis - Number of methods: 133
2019-54-28 07:54:19.511 [main] INFO  com.horndroid.analysis.Analysis - Number of instructions: 1855
2019-54-28 07:54:19.511 [main] INFO  com.horndroid.analysis.Analysis - Number of instances : 321
2019-54-28 07:54:27.404 [main] DEBUG com.horndroid.executors.HorndroidExecutor - ...done in 8002 milliseconds
2019-54-28 07:54:27.404 [main] DEBUG com.horndroid.executors.HorndroidExecutor - Waiting for treads to terminate...
2019-54-28 07:54:27.404 [main] DEBUG com.horndroid.executors.HorndroidExecutor - ...done in 0 milliseconds
2019-54-28 07:54:27.405 [main] DEBUG com.horndroid.executors.HorndroidExecutor - Executing all queries...
2019-54-28 07:54:27.405 [main] INFO  com.horndroid.z3.FSEngine - Number of the generated queries: 30
2019-55-28 07:55:51.226 [main] INFO  com.horndroid.z3.FSEngine - 1 Test if register 3 leaks at line 19 in method invokeCallback(Landroid/arch/lifecycle/ReflectiveGenericLifecycleObserver$MethodReference;Landroid/arch/lifecycle/LifecycleOwner;Landroid/arch/lifecycle/Lifecycle$Event;)V of the class Landroid/arch/lifecycle/ReflectiveGenericLifecycleObserver; to the sink invoke(Ljava/lang/Object;[Ljava/lang/Object;)Ljava/lang/Object;:NO LEAK
2019-57-28 07:57:21.213 [main] INFO  com.horndroid.z3.FSEngine - 2 [REF] Test if register 3 leaks at line 19 in method invokeCallback(Landroid/arch/lifecycle/ReflectiveGenericLifecycleObserver$MethodReference;Landroid/arch/lifecycle/LifecycleOwner;Landroid/arch/lifecycle/Lifecycle$Event;)V of the class Landroid/arch/lifecycle/ReflectiveGenericLifecycleObserver; to the sink invoke(Ljava/lang/Object;[Ljava/lang/Object;)Ljava/lang/Object;:NO LEAK
2019-58-28 07:58:50.746 [main] INFO  com.horndroid.z3.FSEngine - 3 Test if register 0 leaks at line 19 in method invokeCallback(Landroid/arch/lifecycle/ReflectiveGenericLifecycleObserver$MethodReference;Landroid/arch/lifecycle/LifecycleOwner;Landroid/arch/lifecycle/Lifecycle$Event;)V of the class Landroid/arch/lifecycle/ReflectiveGenericLifecycleObserver; to the sink invoke(Ljava/lang/Object;[Ljava/lang/Object;)Ljava/lang/Object;:NO LEAK
2019-00-28 08:00:20.375 [main] INFO  com.horndroid.z3.FSEngine - 4 [REF] Test if register 0 leaks at line 19 in method invokeCallback(Landroid/arch/lifecycle/ReflectiveGenericLifecycleObserver$MethodReference;Landroid/arch/lifecycle/LifecycleOwner;Landroid/arch/lifecycle/Lifecycle$Event;)V of the class Landroid/arch/lifecycle/ReflectiveGenericLifecycleObserver; to the sink invoke(Ljava/lang/Object;[Ljava/lang/Object;)Ljava/lang/Object;:NO LEAK
2019-01-28 08:01:49.253 [main] INFO  com.horndroid.z3.FSEngine - 5 Test if register 5 leaks at line 19 in method invokeCallback(Landroid/arch/lifecycle/ReflectiveGenericLifecycleObserver$MethodReference;Landroid/arch/lifecycle/LifecycleOwner;Landroid/arch/lifecycle/Lifecycle$Event;)V of the class Landroid/arch/lifecycle/ReflectiveGenericLifecycleObserver; to the sink invoke(Ljava/lang/Object;[Ljava/lang/Object;)Ljava/lang/Object;:NO LEAK
2019-03-28 08:03:18.345 [main] INFO  com.horndroid.z3.FSEngine - 6 [REF] Test if register 5 leaks at line 19 in method invokeCallback(Landroid/arch/lifecycle/ReflectiveGenericLifecycleObserver$MethodReference;Landroid/arch/lifecycle/LifecycleOwner;Landroid/arch/lifecycle/Lifecycle$Event;)V of the class Landroid/arch/lifecycle/ReflectiveGenericLifecycleObserver; to the sink invoke(Ljava/lang/Object;[Ljava/lang/Object;)Ljava/lang/Object;:NO LEAK
2019-04-28 08:04:47.485 [main] INFO  com.horndroid.z3.FSEngine - 7 Test if register 0 leaks at line 31 in method invokeCallback(Landroid/arch/lifecycle/ReflectiveGenericLifecycleObserver$MethodReference;Landroid/arch/lifecycle/LifecycleOwner;Landroid/arch/lifecycle/Lifecycle$Event;)V of the class Landroid/arch/lifecycle/ReflectiveGenericLifecycleObserver; to the sink invoke(Ljava/lang/Object;[Ljava/lang/Object;)Ljava/lang/Object;:NO LEAK
2019-06-28 08:06:18.408 [main] INFO  com.horndroid.z3.FSEngine - 8 [REF] Test if register 0 leaks at line 31 in method invokeCallback(Landroid/arch/lifecycle/ReflectiveGenericLifecycleObserver$MethodReference;Landroid/arch/lifecycle/LifecycleOwner;Landroid/arch/lifecycle/Lifecycle$Event;)V of the class Landroid/arch/lifecycle/ReflectiveGenericLifecycleObserver; to the sink invoke(Ljava/lang/Object;[Ljava/lang/Object;)Ljava/lang/Object;:NO LEAK
2019-07-28 08:07:47.236 [main] INFO  com.horndroid.z3.FSEngine - 9 Test if register 7 leaks at line 31 in method invokeCallback(Landroid/arch/lifecycle/ReflectiveGenericLifecycleObserver$MethodReference;Landroid/arch/lifecycle/LifecycleOwner;Landroid/arch/lifecycle/Lifecycle$Event;)V of the class Landroid/arch/lifecycle/ReflectiveGenericLifecycleObserver; to the sink invoke(Ljava/lang/Object;[Ljava/lang/Object;)Ljava/lang/Object;:NO LEAK
2019-09-28 08:09:15.943 [main] INFO  com.horndroid.z3.FSEngine - 10 [REF] Test if register 7 leaks at line 31 in method invokeCallback(Landroid/arch/lifecycle/ReflectiveGenericLifecycleObserver$MethodReference;Landroid/arch/lifecycle/LifecycleOwner;Landroid/arch/lifecycle/Lifecycle$Event;)V of the class Landroid/arch/lifecycle/ReflectiveGenericLifecycleObserver; to the sink invoke(Ljava/lang/Object;[Ljava/lang/Object;)Ljava/lang/Object;:NO LEAK
2019-10-28 08:10:44.744 [main] INFO  com.horndroid.z3.FSEngine - 11 Test if register 5 leaks at line 31 in method invokeCallback(Landroid/arch/lifecycle/ReflectiveGenericLifecycleObserver$MethodReference;Landroid/arch/lifecycle/LifecycleOwner;Landroid/arch/lifecycle/Lifecycle$Event;)V of the class Landroid/arch/lifecycle/ReflectiveGenericLifecycleObserver; to the sink invoke(Ljava/lang/Object;[Ljava/lang/Object;)Ljava/lang/Object;:NO LEAK
2019-12-28 08:12:13.650 [main] INFO  com.horndroid.z3.FSEngine - 12 [REF] Test if register 5 leaks at line 31 in method invokeCallback(Landroid/arch/lifecycle/ReflectiveGenericLifecycleObserver$MethodReference;Landroid/arch/lifecycle/LifecycleOwner;Landroid/arch/lifecycle/Lifecycle$Event;)V of the class Landroid/arch/lifecycle/ReflectiveGenericLifecycleObserver; to the sink invoke(Ljava/lang/Object;[Ljava/lang/Object;)Ljava/lang/Object;:NO LEAK
2019-13-28 08:13:42.229 [main] INFO  com.horndroid.z3.FSEngine - 13 Test if register 7 leaks at line 41 in method invokeCallback(Landroid/arch/lifecycle/ReflectiveGenericLifecycleObserver$MethodReference;Landroid/arch/lifecycle/LifecycleOwner;Landroid/arch/lifecycle/Lifecycle$Event;)V of the class Landroid/arch/lifecycle/ReflectiveGenericLifecycleObserver; to the sink invoke(Ljava/lang/Object;[Ljava/lang/Object;)Ljava/lang/Object;:NO LEAK
2019-15-28 08:15:11.970 [main] INFO  com.horndroid.z3.FSEngine - 14 [REF] Test if register 7 leaks at line 41 in method invokeCallback(Landroid/arch/lifecycle/ReflectiveGenericLifecycleObserver$MethodReference;Landroid/arch/lifecycle/LifecycleOwner;Landroid/arch/lifecycle/Lifecycle$Event;)V of the class Landroid/arch/lifecycle/ReflectiveGenericLifecycleObserver; to the sink invoke(Ljava/lang/Object;[Ljava/lang/Object;)Ljava/lang/Object;:NO LEAK
2019-16-28 08:16:41.128 [main] INFO  com.horndroid.z3.FSEngine - 15 Test if register 6 leaks at line 41 in method invokeCallback(Landroid/arch/lifecycle/ReflectiveGenericLifecycleObserver$MethodReference;Landroid/arch/lifecycle/LifecycleOwner;Landroid/arch/lifecycle/Lifecycle$Event;)V of the class Landroid/arch/lifecycle/ReflectiveGenericLifecycleObserver; to the sink invoke(Ljava/lang/Object;[Ljava/lang/Object;)Ljava/lang/Object;:NO LEAK
2019-18-28 08:18:09.755 [main] INFO  com.horndroid.z3.FSEngine - 16 [REF] Test if register 6 leaks at line 41 in method invokeCallback(Landroid/arch/lifecycle/ReflectiveGenericLifecycleObserver$MethodReference;Landroid/arch/lifecycle/LifecycleOwner;Landroid/arch/lifecycle/Lifecycle$Event;)V of the class Landroid/arch/lifecycle/ReflectiveGenericLifecycleObserver; to the sink invoke(Ljava/lang/Object;[Ljava/lang/Object;)Ljava/lang/Object;:NO LEAK
2019-19-28 08:19:38.692 [main] INFO  com.horndroid.z3.FSEngine - 17 Test if register 5 leaks at line 41 in method invokeCallback(Landroid/arch/lifecycle/ReflectiveGenericLifecycleObserver$MethodReference;Landroid/arch/lifecycle/LifecycleOwner;Landroid/arch/lifecycle/Lifecycle$Event;)V of the class Landroid/arch/lifecycle/ReflectiveGenericLifecycleObserver; to the sink invoke(Ljava/lang/Object;[Ljava/lang/Object;)Ljava/lang/Object;:NO LEAK
2019-21-28 08:21:07.749 [main] INFO  com.horndroid.z3.FSEngine - 18 [REF] Test if register 5 leaks at line 41 in method invokeCallback(Landroid/arch/lifecycle/ReflectiveGenericLifecycleObserver$MethodReference;Landroid/arch/lifecycle/LifecycleOwner;Landroid/arch/lifecycle/Lifecycle$Event;)V of the class Landroid/arch/lifecycle/ReflectiveGenericLifecycleObserver; to the sink invoke(Ljava/lang/Object;[Ljava/lang/Object;)Ljava/lang/Object;:NO LEAK
2019-21-28 08:21:39.332 [main] INFO  com.horndroid.z3.FSEngine - 19 Test if register 0 leaks at line 4 in method button2Clicked(Landroid/view/View;)V of the class Lcom/example/variantroute/MainActivity; to the sink d(Ljava/lang/String;Ljava/lang/String;)I:NO LEAK
