apks/variant0sub.apk started
2019-50-29 09:50:33.583 [main] INFO  com.horndroid.Main - Starting fsHornDroid...
2019-50-29 09:50:33.586 [main] INFO  com.horndroid.Main - Flow Sensitive Analysis on 64 bitvectors size
2019-50-29 09:50:33.588 [main] DEBUG com.horndroid.executors.HorndroidExecutor - Parsing sources and sinks...
2019-50-29 09:50:34.048 [main] DEBUG com.horndroid.executors.HorndroidExecutor - done in 460 milliseconds
2019-50-29 09:50:34.048 [main] DEBUG com.horndroid.executors.HorndroidExecutor - Collecting apk files to process...
2019-50-29 09:50:34.048 [main] DEBUG com.horndroid.executors.HorndroidExecutor - done in 0 milliseconds
2019-50-29 09:50:34.081 [main] INFO  com.horndroid.executors.HorndroidExecutor - Analysing variant0sub.apk
2019-50-29 09:50:34.114 [main] DEBUG com.horndroid.executors.HorndroidExecutor - Parsing entry points...
2019-50-29 09:50:34.117 [main] DEBUG com.horndroid.executors.HorndroidExecutor - done in 3 milliseconds
2019-50-29 09:50:34.117 [main] DEBUG com.horndroid.executors.HorndroidExecutor - Parsing callbacks and disabled activities...
2019-50-29 09:50:34.117 [main] INFO  com.horndroid.util.SourceSinkParser - Running apktool to obtain manifest xml and layout files
2019-50-29 09:50:36.402 [main] INFO  com.horndroid.util.SourceSinkParser - Exit Code:0
2019-50-29 09:50:36.402 [main] INFO  com.horndroid.util.SourceSinkParser - STDOUT:I: Using Apktool 2.3.0 on variant0sub.apk
2019-50-29 09:50:36.402 [main] INFO  com.horndroid.util.SourceSinkParser - STDOUT:I: Loading resource table...
2019-50-29 09:50:36.402 [main] INFO  com.horndroid.util.SourceSinkParser - STDOUT:I: Decoding AndroidManifest.xml with resources...
2019-50-29 09:50:36.402 [main] INFO  com.horndroid.util.SourceSinkParser - STDOUT:I: Loading resource table from file: /tmp/1.apk
2019-50-29 09:50:36.403 [main] INFO  com.horndroid.util.SourceSinkParser - STDOUT:I: Regular manifest package...
2019-50-29 09:50:36.403 [main] INFO  com.horndroid.util.SourceSinkParser - STDOUT:I: Decoding file-resources...
2019-50-29 09:50:36.403 [main] INFO  com.horndroid.util.SourceSinkParser - STDOUT:I: Decoding values */* XMLs...
2019-50-29 09:50:36.403 [main] INFO  com.horndroid.util.SourceSinkParser - STDOUT:I: Copying raw classes.dex file...
2019-50-29 09:50:36.403 [main] INFO  com.horndroid.util.SourceSinkParser - STDOUT:I: Copying assets and libs...
2019-50-29 09:50:36.403 [main] INFO  com.horndroid.util.SourceSinkParser - STDOUT:I: Copying unknown files...
2019-50-29 09:50:36.403 [main] INFO  com.horndroid.util.SourceSinkParser - STDOUT:I: Copying original files...
2019-50-29 09:50:36.403 [main] INFO  com.horndroid.util.SourceSinkParser - Here is the standard error of the command (if any):

2019-50-29 09:50:36.403 [main] INFO  com.horndroid.util.SourceSinkParser - S: Please be aware this is a volatile directory and frameworks could go missing, please utilize --frame-path if the default storage directory is unavailable
2019-50-29 09:50:36.719 [main] DEBUG com.horndroid.executors.HorndroidExecutor - ...done in 2601 milliseconds
2019-50-29 09:50:36.719 [main] DEBUG com.horndroid.executors.HorndroidExecutor - Sorting classes...
2019-50-29 09:50:36.743 [main] DEBUG com.horndroid.executors.HorndroidExecutor - done in 23 milliseconds
2019-50-29 09:50:36.743 [main] DEBUG com.horndroid.executors.HorndroidExecutor - Collecting data for Horn Clause generation...
2019-50-29 09:50:37.027 [main] DEBUG com.horndroid.executors.HorndroidExecutor - done in 284 milliseconds
2019-50-29 09:50:37.028 [main] DEBUG com.horndroid.executors.HorndroidExecutor - Generating Horn Clauses..
2019-50-29 09:50:37.028 [main] INFO  com.horndroid.analysis.Analysis - Ready to start generating Horn Clauses:
2019-50-29 09:50:37.035 [main] INFO  com.horndroid.analysis.Analysis - Number of classes in APK : 46
2019-50-29 09:50:37.035 [main] INFO  com.horndroid.analysis.Analysis - Number of methods in APK: 133
2019-50-29 09:50:37.035 [main] INFO  com.horndroid.analysis.Analysis - Number of instructions in APK: 1951
2019-50-29 09:50:37.035 [main] INFO  com.horndroid.analysis.Analysis - Number of instances in APK: 316
2019-50-29 09:50:37.150 [main] INFO  com.horndroid.analysis.Analysis - Number of sources: 54
2019-50-29 09:50:37.150 [main] INFO  com.horndroid.analysis.Analysis - Number of sinks: 36
2019-50-29 09:50:37.150 [main] INFO  com.horndroid.analysis.Analysis - Number of classes : 46
2019-50-29 09:50:37.150 [main] INFO  com.horndroid.analysis.Analysis - Number of methods: 133
2019-50-29 09:50:37.150 [main] INFO  com.horndroid.analysis.Analysis - Number of instructions: 1951
2019-50-29 09:50:37.151 [main] INFO  com.horndroid.analysis.Analysis - Number of instances : 316
2019-50-29 09:50:44.752 [main] DEBUG com.horndroid.executors.HorndroidExecutor - ...done in 7724 milliseconds
2019-50-29 09:50:44.752 [main] DEBUG com.horndroid.executors.HorndroidExecutor - Waiting for treads to terminate...
2019-50-29 09:50:44.753 [main] DEBUG com.horndroid.executors.HorndroidExecutor - ...done in 0 milliseconds
2019-50-29 09:50:44.753 [main] DEBUG com.horndroid.executors.HorndroidExecutor - Executing all queries...
2019-50-29 09:50:44.754 [main] INFO  com.horndroid.z3.FSEngine - Number of the generated queries: 26
2019-52-29 09:52:07.034 [main] INFO  com.horndroid.z3.FSEngine - 1 Test if register 4 leaks at line 19 in method invokeCallback(Landroid/arch/lifecycle/ReflectiveGenericLifecycleObserver$MethodReference;Landroid/arch/lifecycle/LifecycleOwner;Landroid/arch/lifecycle/Lifecycle$Event;)V of the class Landroid/arch/lifecycle/ReflectiveGenericLifecycleObserver; to the sink invoke(Ljava/lang/Object;[Ljava/lang/Object;)Ljava/lang/Object;:NO LEAK
2019-53-29 09:53:37.546 [main] INFO  com.horndroid.z3.FSEngine - 2 [REF] Test if register 4 leaks at line 19 in method invokeCallback(Landroid/arch/lifecycle/ReflectiveGenericLifecycleObserver$MethodReference;Landroid/arch/lifecycle/LifecycleOwner;Landroid/arch/lifecycle/Lifecycle$Event;)V of the class Landroid/arch/lifecycle/ReflectiveGenericLifecycleObserver; to the sink invoke(Ljava/lang/Object;[Ljava/lang/Object;)Ljava/lang/Object;:NO LEAK
2019-55-29 09:55:06.719 [main] INFO  com.horndroid.z3.FSEngine - 3 Test if register 3 leaks at line 19 in method invokeCallback(Landroid/arch/lifecycle/ReflectiveGenericLifecycleObserver$MethodReference;Landroid/arch/lifecycle/LifecycleOwner;Landroid/arch/lifecycle/Lifecycle$Event;)V of the class Landroid/arch/lifecycle/ReflectiveGenericLifecycleObserver; to the sink invoke(Ljava/lang/Object;[Ljava/lang/Object;)Ljava/lang/Object;:NO LEAK
2019-56-29 09:56:35.253 [main] INFO  com.horndroid.z3.FSEngine - 4 [REF] Test if register 3 leaks at line 19 in method invokeCallback(Landroid/arch/lifecycle/ReflectiveGenericLifecycleObserver$MethodReference;Landroid/arch/lifecycle/LifecycleOwner;Landroid/arch/lifecycle/Lifecycle$Event;)V of the class Landroid/arch/lifecycle/ReflectiveGenericLifecycleObserver; to the sink invoke(Ljava/lang/Object;[Ljava/lang/Object;)Ljava/lang/Object;:NO LEAK
2019-58-29 09:58:04.005 [main] INFO  com.horndroid.z3.FSEngine - 5 Test if register 0 leaks at line 19 in method invokeCallback(Landroid/arch/lifecycle/ReflectiveGenericLifecycleObserver$MethodReference;Landroid/arch/lifecycle/LifecycleOwner;Landroid/arch/lifecycle/Lifecycle$Event;)V of the class Landroid/arch/lifecycle/ReflectiveGenericLifecycleObserver; to the sink invoke(Ljava/lang/Object;[Ljava/lang/Object;)Ljava/lang/Object;:NO LEAK
2019-59-29 09:59:33.272 [main] INFO  com.horndroid.z3.FSEngine - 6 [REF] Test if register 0 leaks at line 19 in method invokeCallback(Landroid/arch/lifecycle/ReflectiveGenericLifecycleObserver$MethodReference;Landroid/arch/lifecycle/LifecycleOwner;Landroid/arch/lifecycle/Lifecycle$Event;)V of the class Landroid/arch/lifecycle/ReflectiveGenericLifecycleObserver; to the sink invoke(Ljava/lang/Object;[Ljava/lang/Object;)Ljava/lang/Object;:NO LEAK
2019-01-29 10:01:01.874 [main] INFO  com.horndroid.z3.FSEngine - 7 Test if register 1 leaks at line 31 in method invokeCallback(Landroid/arch/lifecycle/ReflectiveGenericLifecycleObserver$MethodReference;Landroid/arch/lifecycle/LifecycleOwner;Landroid/arch/lifecycle/Lifecycle$Event;)V of the class Landroid/arch/lifecycle/ReflectiveGenericLifecycleObserver; to the sink invoke(Ljava/lang/Object;[Ljava/lang/Object;)Ljava/lang/Object;:NO LEAK
2019-02-29 10:02:29.780 [main] INFO  com.horndroid.z3.FSEngine - 8 [REF] Test if register 1 leaks at line 31 in method invokeCallback(Landroid/arch/lifecycle/ReflectiveGenericLifecycleObserver$MethodReference;Landroid/arch/lifecycle/LifecycleOwner;Landroid/arch/lifecycle/Lifecycle$Event;)V of the class Landroid/arch/lifecycle/ReflectiveGenericLifecycleObserver; to the sink invoke(Ljava/lang/Object;[Ljava/lang/Object;)Ljava/lang/Object;:NO LEAK
2019-03-29 10:03:57.731 [main] INFO  com.horndroid.z3.FSEngine - 9 Test if register 3 leaks at line 31 in method invokeCallback(Landroid/arch/lifecycle/ReflectiveGenericLifecycleObserver$MethodReference;Landroid/arch/lifecycle/LifecycleOwner;Landroid/arch/lifecycle/Lifecycle$Event;)V of the class Landroid/arch/lifecycle/ReflectiveGenericLifecycleObserver; to the sink invoke(Ljava/lang/Object;[Ljava/lang/Object;)Ljava/lang/Object;:NO LEAK
2019-05-29 10:05:26.109 [main] INFO  com.horndroid.z3.FSEngine - 10 [REF] Test if register 3 leaks at line 31 in method invokeCallback(Landroid/arch/lifecycle/ReflectiveGenericLifecycleObserver$MethodReference;Landroid/arch/lifecycle/LifecycleOwner;Landroid/arch/lifecycle/Lifecycle$Event;)V of the class Landroid/arch/lifecycle/ReflectiveGenericLifecycleObserver; to the sink invoke(Ljava/lang/Object;[Ljava/lang/Object;)Ljava/lang/Object;:NO LEAK
2019-06-29 10:06:54.413 [main] INFO  com.horndroid.z3.FSEngine - 11 Test if register 0 leaks at line 31 in method invokeCallback(Landroid/arch/lifecycle/ReflectiveGenericLifecycleObserver$MethodReference;Landroid/arch/lifecycle/LifecycleOwner;Landroid/arch/lifecycle/Lifecycle$Event;)V of the class Landroid/arch/lifecycle/ReflectiveGenericLifecycleObserver; to the sink invoke(Ljava/lang/Object;[Ljava/lang/Object;)Ljava/lang/Object;:NO LEAK
2019-08-29 10:08:22.770 [main] INFO  com.horndroid.z3.FSEngine - 12 [REF] Test if register 0 leaks at line 31 in method invokeCallback(Landroid/arch/lifecycle/ReflectiveGenericLifecycleObserver$MethodReference;Landroid/arch/lifecycle/LifecycleOwner;Landroid/arch/lifecycle/Lifecycle$Event;)V of the class Landroid/arch/lifecycle/ReflectiveGenericLifecycleObserver; to the sink invoke(Ljava/lang/Object;[Ljava/lang/Object;)Ljava/lang/Object;:NO LEAK
2019-09-29 10:09:51.778 [main] INFO  com.horndroid.z3.FSEngine - 13 Test if register 2 leaks at line 41 in method invokeCallback(Landroid/arch/lifecycle/ReflectiveGenericLifecycleObserver$MethodReference;Landroid/arch/lifecycle/LifecycleOwner;Landroid/arch/lifecycle/Lifecycle$Event;)V of the class Landroid/arch/lifecycle/ReflectiveGenericLifecycleObserver; to the sink invoke(Ljava/lang/Object;[Ljava/lang/Object;)Ljava/lang/Object;:NO LEAK
2019-11-29 10:11:20.028 [main] INFO  com.horndroid.z3.FSEngine - 14 [REF] Test if register 2 leaks at line 41 in method invokeCallback(Landroid/arch/lifecycle/ReflectiveGenericLifecycleObserver$MethodReference;Landroid/arch/lifecycle/LifecycleOwner;Landroid/arch/lifecycle/Lifecycle$Event;)V of the class Landroid/arch/lifecycle/ReflectiveGenericLifecycleObserver; to the sink invoke(Ljava/lang/Object;[Ljava/lang/Object;)Ljava/lang/Object;:NO LEAK
2019-12-29 10:12:48.621 [main] INFO  com.horndroid.z3.FSEngine - 15 Test if register 1 leaks at line 41 in method invokeCallback(Landroid/arch/lifecycle/ReflectiveGenericLifecycleObserver$MethodReference;Landroid/arch/lifecycle/LifecycleOwner;Landroid/arch/lifecycle/Lifecycle$Event;)V of the class Landroid/arch/lifecycle/ReflectiveGenericLifecycleObserver; to the sink invoke(Ljava/lang/Object;[Ljava/lang/Object;)Ljava/lang/Object;:NO LEAK
2019-14-29 10:14:16.813 [main] INFO  com.horndroid.z3.FSEngine - 16 [REF] Test if register 1 leaks at line 41 in method invokeCallback(Landroid/arch/lifecycle/ReflectiveGenericLifecycleObserver$MethodReference;Landroid/arch/lifecycle/LifecycleOwner;Landroid/arch/lifecycle/Lifecycle$Event;)V of the class Landroid/arch/lifecycle/ReflectiveGenericLifecycleObserver; to the sink invoke(Ljava/lang/Object;[Ljava/lang/Object;)Ljava/lang/Object;:NO LEAK
2019-15-29 10:15:45.560 [main] INFO  com.horndroid.z3.FSEngine - 17 Test if register 0 leaks at line 41 in method invokeCallback(Landroid/arch/lifecycle/ReflectiveGenericLifecycleObserver$MethodReference;Landroid/arch/lifecycle/LifecycleOwner;Landroid/arch/lifecycle/Lifecycle$Event;)V of the class Landroid/arch/lifecycle/ReflectiveGenericLifecycleObserver; to the sink invoke(Ljava/lang/Object;[Ljava/lang/Object;)Ljava/lang/Object;:NO LEAK
2019-17-29 10:17:14.277 [main] INFO  com.horndroid.z3.FSEngine - 18 [REF] Test if register 0 leaks at line 41 in method invokeCallback(Landroid/arch/lifecycle/ReflectiveGenericLifecycleObserver$MethodReference;Landroid/arch/lifecycle/LifecycleOwner;Landroid/arch/lifecycle/Lifecycle$Event;)V of the class Landroid/arch/lifecycle/ReflectiveGenericLifecycleObserver; to the sink invoke(Ljava/lang/Object;[Ljava/lang/Object;)Ljava/lang/Object;:NO LEAK
2019-18-29 10:18:42.667 [main] INFO  com.horndroid.z3.FSEngine - 19 Test if register 1 leaks at line 21 in method onCreate(Landroid/os/Bundle;)V of the class Lcom/example/variantroute/MainActivity; to the sink d(Ljava/lang/String;Ljava/lang/String;)I:NO LEAK
2019-20-29 10:20:17.190 [main] INFO  com.horndroid.z3.FSEngine - 20 [REF] Test if register 1 leaks at line 21 in method onCreate(Landroid/os/Bundle;)V of the class Lcom/example/variantroute/MainActivity; to the sink d(Ljava/lang/String;Ljava/lang/String;)I:NO LEAK
2019-21-29 10:21:45.885 [main] INFO  com.horndroid.z3.FSEngine - 21 Test if register 0 leaks at line 21 in method onCreate(Landroid/os/Bundle;)V of the class Lcom/example/variantroute/MainActivity; to the sink d(Ljava/lang/String;Ljava/lang/String;)I:NO LEAK
2019-23-29 10:23:21.418 [main] INFO  com.horndroid.z3.FSEngine - 22 [REF] Test if register 0 leaks at line 21 in method onCreate(Landroid/os/Bundle;)V of the class Lcom/example/variantroute/MainActivity; to the sink d(Ljava/lang/String;Ljava/lang/String;)I:NO LEAK
2019-23-29 10:23:53.942 [main] INFO  com.horndroid.z3.FSEngine - 23 Test if register 1 leaks at line 4 in method buttonClicked(Landroid/view/View;)V of the class Lcom/example/variantroute/MainActivity; to the sink d(Ljava/lang/String;Ljava/lang/String;)I:NO LEAK
