apks/variant1.apk started
2019-28-28 08:28:49.760 [main] INFO  com.horndroid.Main - Starting fsHornDroid...
2019-28-28 08:28:49.764 [main] INFO  com.horndroid.Main - Flow Sensitive Analysis on 64 bitvectors size
2019-28-28 08:28:49.765 [main] DEBUG com.horndroid.executors.HorndroidExecutor - Parsing sources and sinks...
2019-28-28 08:28:50.297 [main] DEBUG com.horndroid.executors.HorndroidExecutor - done in 531 milliseconds
2019-28-28 08:28:50.297 [main] DEBUG com.horndroid.executors.HorndroidExecutor - Collecting apk files to process...
2019-28-28 08:28:50.297 [main] DEBUG com.horndroid.executors.HorndroidExecutor - done in 0 milliseconds
2019-28-28 08:28:50.326 [main] INFO  com.horndroid.executors.HorndroidExecutor - Analysing variant1.apk
2019-28-28 08:28:50.355 [main] DEBUG com.horndroid.executors.HorndroidExecutor - Parsing entry points...
2019-28-28 08:28:50.358 [main] DEBUG com.horndroid.executors.HorndroidExecutor - done in 3 milliseconds
2019-28-28 08:28:50.358 [main] DEBUG com.horndroid.executors.HorndroidExecutor - Parsing callbacks and disabled activities...
2019-28-28 08:28:50.359 [main] INFO  com.horndroid.util.SourceSinkParser - Running apktool to obtain manifest xml and layout files
2019-28-28 08:28:52.995 [main] INFO  com.horndroid.util.SourceSinkParser - Exit Code:0
2019-28-28 08:28:52.995 [main] INFO  com.horndroid.util.SourceSinkParser - STDOUT:I: Using Apktool 2.3.0 on variant1.apk
2019-28-28 08:28:52.996 [main] INFO  com.horndroid.util.SourceSinkParser - STDOUT:I: Loading resource table...
2019-28-28 08:28:52.996 [main] INFO  com.horndroid.util.SourceSinkParser - STDOUT:I: Decoding AndroidManifest.xml with resources...
2019-28-28 08:28:52.996 [main] INFO  com.horndroid.util.SourceSinkParser - STDOUT:I: Loading resource table from file: /tmp/1.apk
2019-28-28 08:28:52.996 [main] INFO  com.horndroid.util.SourceSinkParser - STDOUT:I: Regular manifest package...
2019-28-28 08:28:52.997 [main] INFO  com.horndroid.util.SourceSinkParser - STDOUT:I: Decoding file-resources...
2019-28-28 08:28:52.997 [main] INFO  com.horndroid.util.SourceSinkParser - STDOUT:I: Decoding values */* XMLs...
2019-28-28 08:28:52.997 [main] INFO  com.horndroid.util.SourceSinkParser - STDOUT:I: Copying raw classes.dex file...
2019-28-28 08:28:52.997 [main] INFO  com.horndroid.util.SourceSinkParser - STDOUT:I: Copying assets and libs...
2019-28-28 08:28:52.997 [main] INFO  com.horndroid.util.SourceSinkParser - STDOUT:I: Copying unknown files...
2019-28-28 08:28:52.997 [main] INFO  com.horndroid.util.SourceSinkParser - STDOUT:I: Copying original files...
2019-28-28 08:28:52.998 [main] INFO  com.horndroid.util.SourceSinkParser - Here is the standard error of the command (if any):

2019-28-28 08:28:52.998 [main] INFO  com.horndroid.util.SourceSinkParser - S: Please be aware this is a volatile directory and frameworks could go missing, please utilize --frame-path if the default storage directory is unavailable
2019-28-28 08:28:53.379 [main] DEBUG com.horndroid.executors.HorndroidExecutor - ...done in 3020 milliseconds
2019-28-28 08:28:53.380 [main] DEBUG com.horndroid.executors.HorndroidExecutor - Sorting classes...
2019-28-28 08:28:53.408 [main] DEBUG com.horndroid.executors.HorndroidExecutor - done in 28 milliseconds
2019-28-28 08:28:53.408 [main] DEBUG com.horndroid.executors.HorndroidExecutor - Collecting data for Horn Clause generation...
2019-28-28 08:28:53.750 [main] DEBUG com.horndroid.executors.HorndroidExecutor - done in 341 milliseconds
2019-28-28 08:28:53.751 [main] DEBUG com.horndroid.executors.HorndroidExecutor - Generating Horn Clauses..
2019-28-28 08:28:53.751 [main] INFO  com.horndroid.analysis.Analysis - Ready to start generating Horn Clauses:
2019-28-28 08:28:53.758 [main] INFO  com.horndroid.analysis.Analysis - Number of classes in APK : 46
2019-28-28 08:28:53.758 [main] INFO  com.horndroid.analysis.Analysis - Number of methods in APK: 133
2019-28-28 08:28:53.758 [main] INFO  com.horndroid.analysis.Analysis - Number of instructions in APK: 1855
2019-28-28 08:28:53.758 [main] INFO  com.horndroid.analysis.Analysis - Number of instances in APK: 321
2019-28-28 08:28:53.946 [main] INFO  com.horndroid.analysis.Analysis - Number of sources: 54
2019-28-28 08:28:53.946 [main] INFO  com.horndroid.analysis.Analysis - Number of sinks: 36
2019-28-28 08:28:53.954 [main] INFO  com.horndroid.analysis.Analysis - Number of classes : 46
2019-28-28 08:28:53.955 [main] INFO  com.horndroid.analysis.Analysis - Number of methods: 133
2019-28-28 08:28:53.955 [main] INFO  com.horndroid.analysis.Analysis - Number of instructions: 1855
2019-28-28 08:28:53.955 [main] INFO  com.horndroid.analysis.Analysis - Number of instances : 321
2019-29-28 08:29:00.684 [main] DEBUG com.horndroid.executors.HorndroidExecutor - ...done in 6933 milliseconds
2019-29-28 08:29:00.684 [main] DEBUG com.horndroid.executors.HorndroidExecutor - Waiting for treads to terminate...
2019-29-28 08:29:00.684 [main] DEBUG com.horndroid.executors.HorndroidExecutor - ...done in 0 milliseconds
2019-29-28 08:29:00.685 [main] DEBUG com.horndroid.executors.HorndroidExecutor - Executing all queries...
2019-29-28 08:29:00.686 [main] INFO  com.horndroid.z3.FSEngine - Number of the generated queries: 30
2019-30-28 08:30:24.470 [main] INFO  com.horndroid.z3.FSEngine - 1 Test if register 3 leaks at line 19 in method invokeCallback(Landroid/arch/lifecycle/ReflectiveGenericLifecycleObserver$MethodReference;Landroid/arch/lifecycle/LifecycleOwner;Landroid/arch/lifecycle/Lifecycle$Event;)V of the class Landroid/arch/lifecycle/ReflectiveGenericLifecycleObserver; to the sink invoke(Ljava/lang/Object;[Ljava/lang/Object;)Ljava/lang/Object;:NO LEAK
2019-31-28 08:31:55.506 [main] INFO  com.horndroid.z3.FSEngine - 2 [REF] Test if register 3 leaks at line 19 in method invokeCallback(Landroid/arch/lifecycle/ReflectiveGenericLifecycleObserver$MethodReference;Landroid/arch/lifecycle/LifecycleOwner;Landroid/arch/lifecycle/Lifecycle$Event;)V of the class Landroid/arch/lifecycle/ReflectiveGenericLifecycleObserver; to the sink invoke(Ljava/lang/Object;[Ljava/lang/Object;)Ljava/lang/Object;:NO LEAK
2019-33-28 08:33:23.963 [main] INFO  com.horndroid.z3.FSEngine - 3 Test if register 0 leaks at line 19 in method invokeCallback(Landroid/arch/lifecycle/ReflectiveGenericLifecycleObserver$MethodReference;Landroid/arch/lifecycle/LifecycleOwner;Landroid/arch/lifecycle/Lifecycle$Event;)V of the class Landroid/arch/lifecycle/ReflectiveGenericLifecycleObserver; to the sink invoke(Ljava/lang/Object;[Ljava/lang/Object;)Ljava/lang/Object;:NO LEAK
2019-34-28 08:34:52.691 [main] INFO  com.horndroid.z3.FSEngine - 4 [REF] Test if register 0 leaks at line 19 in method invokeCallback(Landroid/arch/lifecycle/ReflectiveGenericLifecycleObserver$MethodReference;Landroid/arch/lifecycle/LifecycleOwner;Landroid/arch/lifecycle/Lifecycle$Event;)V of the class Landroid/arch/lifecycle/ReflectiveGenericLifecycleObserver; to the sink invoke(Ljava/lang/Object;[Ljava/lang/Object;)Ljava/lang/Object;:NO LEAK
2019-36-28 08:36:20.609 [main] INFO  com.horndroid.z3.FSEngine - 5 Test if register 5 leaks at line 19 in method invokeCallback(Landroid/arch/lifecycle/ReflectiveGenericLifecycleObserver$MethodReference;Landroid/arch/lifecycle/LifecycleOwner;Landroid/arch/lifecycle/Lifecycle$Event;)V of the class Landroid/arch/lifecycle/ReflectiveGenericLifecycleObserver; to the sink invoke(Ljava/lang/Object;[Ljava/lang/Object;)Ljava/lang/Object;:NO LEAK
2019-37-28 08:37:48.574 [main] INFO  com.horndroid.z3.FSEngine - 6 [REF] Test if register 5 leaks at line 19 in method invokeCallback(Landroid/arch/lifecycle/ReflectiveGenericLifecycleObserver$MethodReference;Landroid/arch/lifecycle/LifecycleOwner;Landroid/arch/lifecycle/Lifecycle$Event;)V of the class Landroid/arch/lifecycle/ReflectiveGenericLifecycleObserver; to the sink invoke(Ljava/lang/Object;[Ljava/lang/Object;)Ljava/lang/Object;:NO LEAK
2019-39-28 08:39:16.499 [main] INFO  com.horndroid.z3.FSEngine - 7 Test if register 0 leaks at line 31 in method invokeCallback(Landroid/arch/lifecycle/ReflectiveGenericLifecycleObserver$MethodReference;Landroid/arch/lifecycle/LifecycleOwner;Landroid/arch/lifecycle/Lifecycle$Event;)V of the class Landroid/arch/lifecycle/ReflectiveGenericLifecycleObserver; to the sink invoke(Ljava/lang/Object;[Ljava/lang/Object;)Ljava/lang/Object;:NO LEAK
2019-40-28 08:40:44.534 [main] INFO  com.horndroid.z3.FSEngine - 8 [REF] Test if register 0 leaks at line 31 in method invokeCallback(Landroid/arch/lifecycle/ReflectiveGenericLifecycleObserver$MethodReference;Landroid/arch/lifecycle/LifecycleOwner;Landroid/arch/lifecycle/Lifecycle$Event;)V of the class Landroid/arch/lifecycle/ReflectiveGenericLifecycleObserver; to the sink invoke(Ljava/lang/Object;[Ljava/lang/Object;)Ljava/lang/Object;:NO LEAK
2019-42-28 08:42:12.738 [main] INFO  com.horndroid.z3.FSEngine - 9 Test if register 7 leaks at line 31 in method invokeCallback(Landroid/arch/lifecycle/ReflectiveGenericLifecycleObserver$MethodReference;Landroid/arch/lifecycle/LifecycleOwner;Landroid/arch/lifecycle/Lifecycle$Event;)V of the class Landroid/arch/lifecycle/ReflectiveGenericLifecycleObserver; to the sink invoke(Ljava/lang/Object;[Ljava/lang/Object;)Ljava/lang/Object;:NO LEAK
2019-43-28 08:43:40.840 [main] INFO  com.horndroid.z3.FSEngine - 10 [REF] Test if register 7 leaks at line 31 in method invokeCallback(Landroid/arch/lifecycle/ReflectiveGenericLifecycleObserver$MethodReference;Landroid/arch/lifecycle/LifecycleOwner;Landroid/arch/lifecycle/Lifecycle$Event;)V of the class Landroid/arch/lifecycle/ReflectiveGenericLifecycleObserver; to the sink invoke(Ljava/lang/Object;[Ljava/lang/Object;)Ljava/lang/Object;:NO LEAK
2019-45-28 08:45:08.720 [main] INFO  com.horndroid.z3.FSEngine - 11 Test if register 5 leaks at line 31 in method invokeCallback(Landroid/arch/lifecycle/ReflectiveGenericLifecycleObserver$MethodReference;Landroid/arch/lifecycle/LifecycleOwner;Landroid/arch/lifecycle/Lifecycle$Event;)V of the class Landroid/arch/lifecycle/ReflectiveGenericLifecycleObserver; to the sink invoke(Ljava/lang/Object;[Ljava/lang/Object;)Ljava/lang/Object;:NO LEAK
2019-46-28 08:46:37.077 [main] INFO  com.horndroid.z3.FSEngine - 12 [REF] Test if register 5 leaks at line 31 in method invokeCallback(Landroid/arch/lifecycle/ReflectiveGenericLifecycleObserver$MethodReference;Landroid/arch/lifecycle/LifecycleOwner;Landroid/arch/lifecycle/Lifecycle$Event;)V of the class Landroid/arch/lifecycle/ReflectiveGenericLifecycleObserver; to the sink invoke(Ljava/lang/Object;[Ljava/lang/Object;)Ljava/lang/Object;:NO LEAK
2019-48-28 08:48:04.853 [main] INFO  com.horndroid.z3.FSEngine - 13 Test if register 7 leaks at line 41 in method invokeCallback(Landroid/arch/lifecycle/ReflectiveGenericLifecycleObserver$MethodReference;Landroid/arch/lifecycle/LifecycleOwner;Landroid/arch/lifecycle/Lifecycle$Event;)V of the class Landroid/arch/lifecycle/ReflectiveGenericLifecycleObserver; to the sink invoke(Ljava/lang/Object;[Ljava/lang/Object;)Ljava/lang/Object;:NO LEAK
2019-49-28 08:49:32.686 [main] INFO  com.horndroid.z3.FSEngine - 14 [REF] Test if register 7 leaks at line 41 in method invokeCallback(Landroid/arch/lifecycle/ReflectiveGenericLifecycleObserver$MethodReference;Landroid/arch/lifecycle/LifecycleOwner;Landroid/arch/lifecycle/Lifecycle$Event;)V of the class Landroid/arch/lifecycle/ReflectiveGenericLifecycleObserver; to the sink invoke(Ljava/lang/Object;[Ljava/lang/Object;)Ljava/lang/Object;:NO LEAK
2019-51-28 08:51:01.015 [main] INFO  com.horndroid.z3.FSEngine - 15 Test if register 6 leaks at line 41 in method invokeCallback(Landroid/arch/lifecycle/ReflectiveGenericLifecycleObserver$MethodReference;Landroid/arch/lifecycle/LifecycleOwner;Landroid/arch/lifecycle/Lifecycle$Event;)V of the class Landroid/arch/lifecycle/ReflectiveGenericLifecycleObserver; to the sink invoke(Ljava/lang/Object;[Ljava/lang/Object;)Ljava/lang/Object;:NO LEAK
2019-52-28 08:52:29.413 [main] INFO  com.horndroid.z3.FSEngine - 16 [REF] Test if register 6 leaks at line 41 in method invokeCallback(Landroid/arch/lifecycle/ReflectiveGenericLifecycleObserver$MethodReference;Landroid/arch/lifecycle/LifecycleOwner;Landroid/arch/lifecycle/Lifecycle$Event;)V of the class Landroid/arch/lifecycle/ReflectiveGenericLifecycleObserver; to the sink invoke(Ljava/lang/Object;[Ljava/lang/Object;)Ljava/lang/Object;:NO LEAK
2019-53-28 08:53:57.881 [main] INFO  com.horndroid.z3.FSEngine - 17 Test if register 5 leaks at line 41 in method invokeCallback(Landroid/arch/lifecycle/ReflectiveGenericLifecycleObserver$MethodReference;Landroid/arch/lifecycle/LifecycleOwner;Landroid/arch/lifecycle/Lifecycle$Event;)V of the class Landroid/arch/lifecycle/ReflectiveGenericLifecycleObserver; to the sink invoke(Ljava/lang/Object;[Ljava/lang/Object;)Ljava/lang/Object;:NO LEAK
2019-55-28 08:55:25.911 [main] INFO  com.horndroid.z3.FSEngine - 18 [REF] Test if register 5 leaks at line 41 in method invokeCallback(Landroid/arch/lifecycle/ReflectiveGenericLifecycleObserver$MethodReference;Landroid/arch/lifecycle/LifecycleOwner;Landroid/arch/lifecycle/Lifecycle$Event;)V of the class Landroid/arch/lifecycle/ReflectiveGenericLifecycleObserver; to the sink invoke(Ljava/lang/Object;[Ljava/lang/Object;)Ljava/lang/Object;:NO LEAK
2019-55-28 08:55:56.950 [main] INFO  com.horndroid.z3.FSEngine - 19 Test if register 0 leaks at line 4 in method button2Clicked(Landroid/view/View;)V of the class Lcom/example/variantroute/MainActivity; to the sink d(Ljava/lang/String;Ljava/lang/String;)I:NO LEAK
