apks/variant2.apk started
2019-23-28 09:23:41.167 [main] INFO  com.horndroid.Main - Starting fsHornDroid...
2019-23-28 09:23:41.173 [main] INFO  com.horndroid.Main - Flow Sensitive Analysis on 64 bitvectors size
2019-23-28 09:23:41.175 [main] DEBUG com.horndroid.executors.HorndroidExecutor - Parsing sources and sinks...
2019-23-28 09:23:41.682 [main] DEBUG com.horndroid.executors.HorndroidExecutor - done in 506 milliseconds
2019-23-28 09:23:41.682 [main] DEBUG com.horndroid.executors.HorndroidExecutor - Collecting apk files to process...
2019-23-28 09:23:41.683 [main] DEBUG com.horndroid.executors.HorndroidExecutor - done in 0 milliseconds
2019-23-28 09:23:41.736 [main] INFO  com.horndroid.executors.HorndroidExecutor - Analysing variant2.apk
2019-23-28 09:23:41.799 [main] DEBUG com.horndroid.executors.HorndroidExecutor - Parsing entry points...
2019-23-28 09:23:41.805 [main] DEBUG com.horndroid.executors.HorndroidExecutor - done in 5 milliseconds
2019-23-28 09:23:41.805 [main] DEBUG com.horndroid.executors.HorndroidExecutor - Parsing callbacks and disabled activities...
2019-23-28 09:23:41.806 [main] INFO  com.horndroid.util.SourceSinkParser - Running apktool to obtain manifest xml and layout files
2019-23-28 09:23:44.469 [main] INFO  com.horndroid.util.SourceSinkParser - Exit Code:0
2019-23-28 09:23:44.470 [main] INFO  com.horndroid.util.SourceSinkParser - STDOUT:I: Using Apktool 2.3.0 on variant2.apk
2019-23-28 09:23:44.470 [main] INFO  com.horndroid.util.SourceSinkParser - STDOUT:I: Loading resource table...
2019-23-28 09:23:44.470 [main] INFO  com.horndroid.util.SourceSinkParser - STDOUT:I: Decoding AndroidManifest.xml with resources...
2019-23-28 09:23:44.470 [main] INFO  com.horndroid.util.SourceSinkParser - STDOUT:I: Loading resource table from file: /tmp/1.apk
2019-23-28 09:23:44.470 [main] INFO  com.horndroid.util.SourceSinkParser - STDOUT:I: Regular manifest package...
2019-23-28 09:23:44.470 [main] INFO  com.horndroid.util.SourceSinkParser - STDOUT:I: Decoding file-resources...
2019-23-28 09:23:44.471 [main] INFO  com.horndroid.util.SourceSinkParser - STDOUT:I: Decoding values */* XMLs...
2019-23-28 09:23:44.471 [main] INFO  com.horndroid.util.SourceSinkParser - STDOUT:I: Copying raw classes.dex file...
2019-23-28 09:23:44.471 [main] INFO  com.horndroid.util.SourceSinkParser - STDOUT:I: Copying assets and libs...
2019-23-28 09:23:44.471 [main] INFO  com.horndroid.util.SourceSinkParser - STDOUT:I: Copying unknown files...
2019-23-28 09:23:44.471 [main] INFO  com.horndroid.util.SourceSinkParser - STDOUT:I: Copying original files...
2019-23-28 09:23:44.471 [main] INFO  com.horndroid.util.SourceSinkParser - Here is the standard error of the command (if any):

2019-23-28 09:23:44.471 [main] INFO  com.horndroid.util.SourceSinkParser - S: Please be aware this is a volatile directory and frameworks could go missing, please utilize --frame-path if the default storage directory is unavailable
2019-23-28 09:23:44.846 [main] DEBUG com.horndroid.executors.HorndroidExecutor - ...done in 3040 milliseconds
2019-23-28 09:23:44.846 [main] DEBUG com.horndroid.executors.HorndroidExecutor - Sorting classes...
2019-23-28 09:23:44.874 [main] DEBUG com.horndroid.executors.HorndroidExecutor - done in 27 milliseconds
2019-23-28 09:23:44.874 [main] DEBUG com.horndroid.executors.HorndroidExecutor - Collecting data for Horn Clause generation...
2019-23-28 09:23:45.148 [main] DEBUG com.horndroid.executors.HorndroidExecutor - done in 273 milliseconds
2019-23-28 09:23:45.148 [main] DEBUG com.horndroid.executors.HorndroidExecutor - Generating Horn Clauses..
2019-23-28 09:23:45.148 [main] INFO  com.horndroid.analysis.Analysis - Ready to start generating Horn Clauses:
2019-23-28 09:23:45.155 [main] INFO  com.horndroid.analysis.Analysis - Number of classes in APK : 46
2019-23-28 09:23:45.155 [main] INFO  com.horndroid.analysis.Analysis - Number of methods in APK: 133
2019-23-28 09:23:45.155 [main] INFO  com.horndroid.analysis.Analysis - Number of instructions in APK: 1847
2019-23-28 09:23:45.155 [main] INFO  com.horndroid.analysis.Analysis - Number of instances in APK: 319
2019-23-28 09:23:45.262 [main] INFO  com.horndroid.analysis.Analysis - Number of sources: 54
2019-23-28 09:23:45.263 [main] INFO  com.horndroid.analysis.Analysis - Number of sinks: 36
2019-23-28 09:23:45.263 [main] INFO  com.horndroid.analysis.Analysis - Number of classes : 46
2019-23-28 09:23:45.263 [main] INFO  com.horndroid.analysis.Analysis - Number of methods: 133
2019-23-28 09:23:45.263 [main] INFO  com.horndroid.analysis.Analysis - Number of instructions: 1847
2019-23-28 09:23:45.263 [main] INFO  com.horndroid.analysis.Analysis - Number of instances : 319
2019-23-28 09:23:53.390 [main] DEBUG com.horndroid.executors.HorndroidExecutor - ...done in 8241 milliseconds
2019-23-28 09:23:53.390 [main] DEBUG com.horndroid.executors.HorndroidExecutor - Waiting for treads to terminate...
2019-23-28 09:23:53.390 [main] DEBUG com.horndroid.executors.HorndroidExecutor - ...done in 0 milliseconds
2019-23-28 09:23:53.390 [main] DEBUG com.horndroid.executors.HorndroidExecutor - Executing all queries...
2019-23-28 09:23:53.391 [main] INFO  com.horndroid.z3.FSEngine - Number of the generated queries: 26
2019-25-28 09:25:17.103 [main] INFO  com.horndroid.z3.FSEngine - 1 Test if register 3 leaks at line 19 in method invokeCallback(Landroid/arch/lifecycle/ReflectiveGenericLifecycleObserver$MethodReference;Landroid/arch/lifecycle/LifecycleOwner;Landroid/arch/lifecycle/Lifecycle$Event;)V of the class Landroid/arch/lifecycle/ReflectiveGenericLifecycleObserver; to the sink invoke(Ljava/lang/Object;[Ljava/lang/Object;)Ljava/lang/Object;:NO LEAK
2019-26-28 09:26:47.718 [main] INFO  com.horndroid.z3.FSEngine - 2 [REF] Test if register 3 leaks at line 19 in method invokeCallback(Landroid/arch/lifecycle/ReflectiveGenericLifecycleObserver$MethodReference;Landroid/arch/lifecycle/LifecycleOwner;Landroid/arch/lifecycle/Lifecycle$Event;)V of the class Landroid/arch/lifecycle/ReflectiveGenericLifecycleObserver; to the sink invoke(Ljava/lang/Object;[Ljava/lang/Object;)Ljava/lang/Object;:NO LEAK
2019-28-28 09:28:16.165 [main] INFO  com.horndroid.z3.FSEngine - 3 Test if register 0 leaks at line 19 in method invokeCallback(Landroid/arch/lifecycle/ReflectiveGenericLifecycleObserver$MethodReference;Landroid/arch/lifecycle/LifecycleOwner;Landroid/arch/lifecycle/Lifecycle$Event;)V of the class Landroid/arch/lifecycle/ReflectiveGenericLifecycleObserver; to the sink invoke(Ljava/lang/Object;[Ljava/lang/Object;)Ljava/lang/Object;:NO LEAK
2019-29-28 09:29:44.048 [main] INFO  com.horndroid.z3.FSEngine - 4 [REF] Test if register 0 leaks at line 19 in method invokeCallback(Landroid/arch/lifecycle/ReflectiveGenericLifecycleObserver$MethodReference;Landroid/arch/lifecycle/LifecycleOwner;Landroid/arch/lifecycle/Lifecycle$Event;)V of the class Landroid/arch/lifecycle/ReflectiveGenericLifecycleObserver; to the sink invoke(Ljava/lang/Object;[Ljava/lang/Object;)Ljava/lang/Object;:NO LEAK
2019-31-28 09:31:12.202 [main] INFO  com.horndroid.z3.FSEngine - 5 Test if register 5 leaks at line 19 in method invokeCallback(Landroid/arch/lifecycle/ReflectiveGenericLifecycleObserver$MethodReference;Landroid/arch/lifecycle/LifecycleOwner;Landroid/arch/lifecycle/Lifecycle$Event;)V of the class Landroid/arch/lifecycle/ReflectiveGenericLifecycleObserver; to the sink invoke(Ljava/lang/Object;[Ljava/lang/Object;)Ljava/lang/Object;:NO LEAK
2019-32-28 09:32:40.173 [main] INFO  com.horndroid.z3.FSEngine - 6 [REF] Test if register 5 leaks at line 19 in method invokeCallback(Landroid/arch/lifecycle/ReflectiveGenericLifecycleObserver$MethodReference;Landroid/arch/lifecycle/LifecycleOwner;Landroid/arch/lifecycle/Lifecycle$Event;)V of the class Landroid/arch/lifecycle/ReflectiveGenericLifecycleObserver; to the sink invoke(Ljava/lang/Object;[Ljava/lang/Object;)Ljava/lang/Object;:NO LEAK
2019-34-28 09:34:08.946 [main] INFO  com.horndroid.z3.FSEngine - 7 Test if register 0 leaks at line 31 in method invokeCallback(Landroid/arch/lifecycle/ReflectiveGenericLifecycleObserver$MethodReference;Landroid/arch/lifecycle/LifecycleOwner;Landroid/arch/lifecycle/Lifecycle$Event;)V of the class Landroid/arch/lifecycle/ReflectiveGenericLifecycleObserver; to the sink invoke(Ljava/lang/Object;[Ljava/lang/Object;)Ljava/lang/Object;:NO LEAK
2019-35-28 09:35:37.165 [main] INFO  com.horndroid.z3.FSEngine - 8 [REF] Test if register 0 leaks at line 31 in method invokeCallback(Landroid/arch/lifecycle/ReflectiveGenericLifecycleObserver$MethodReference;Landroid/arch/lifecycle/LifecycleOwner;Landroid/arch/lifecycle/Lifecycle$Event;)V of the class Landroid/arch/lifecycle/ReflectiveGenericLifecycleObserver; to the sink invoke(Ljava/lang/Object;[Ljava/lang/Object;)Ljava/lang/Object;:NO LEAK
2019-37-28 09:37:05.550 [main] INFO  com.horndroid.z3.FSEngine - 9 Test if register 7 leaks at line 31 in method invokeCallback(Landroid/arch/lifecycle/ReflectiveGenericLifecycleObserver$MethodReference;Landroid/arch/lifecycle/LifecycleOwner;Landroid/arch/lifecycle/Lifecycle$Event;)V of the class Landroid/arch/lifecycle/ReflectiveGenericLifecycleObserver; to the sink invoke(Ljava/lang/Object;[Ljava/lang/Object;)Ljava/lang/Object;:NO LEAK
2019-38-28 09:38:33.779 [main] INFO  com.horndroid.z3.FSEngine - 10 [REF] Test if register 7 leaks at line 31 in method invokeCallback(Landroid/arch/lifecycle/ReflectiveGenericLifecycleObserver$MethodReference;Landroid/arch/lifecycle/LifecycleOwner;Landroid/arch/lifecycle/Lifecycle$Event;)V of the class Landroid/arch/lifecycle/ReflectiveGenericLifecycleObserver; to the sink invoke(Ljava/lang/Object;[Ljava/lang/Object;)Ljava/lang/Object;:NO LEAK
2019-40-28 09:40:02.083 [main] INFO  com.horndroid.z3.FSEngine - 11 Test if register 5 leaks at line 31 in method invokeCallback(Landroid/arch/lifecycle/ReflectiveGenericLifecycleObserver$MethodReference;Landroid/arch/lifecycle/LifecycleOwner;Landroid/arch/lifecycle/Lifecycle$Event;)V of the class Landroid/arch/lifecycle/ReflectiveGenericLifecycleObserver; to the sink invoke(Ljava/lang/Object;[Ljava/lang/Object;)Ljava/lang/Object;:NO LEAK
2019-41-28 09:41:29.861 [main] INFO  com.horndroid.z3.FSEngine - 12 [REF] Test if register 5 leaks at line 31 in method invokeCallback(Landroid/arch/lifecycle/ReflectiveGenericLifecycleObserver$MethodReference;Landroid/arch/lifecycle/LifecycleOwner;Landroid/arch/lifecycle/Lifecycle$Event;)V of the class Landroid/arch/lifecycle/ReflectiveGenericLifecycleObserver; to the sink invoke(Ljava/lang/Object;[Ljava/lang/Object;)Ljava/lang/Object;:NO LEAK
2019-42-28 09:42:57.605 [main] INFO  com.horndroid.z3.FSEngine - 13 Test if register 7 leaks at line 41 in method invokeCallback(Landroid/arch/lifecycle/ReflectiveGenericLifecycleObserver$MethodReference;Landroid/arch/lifecycle/LifecycleOwner;Landroid/arch/lifecycle/Lifecycle$Event;)V of the class Landroid/arch/lifecycle/ReflectiveGenericLifecycleObserver; to the sink invoke(Ljava/lang/Object;[Ljava/lang/Object;)Ljava/lang/Object;:NO LEAK
2019-44-28 09:44:26.236 [main] INFO  com.horndroid.z3.FSEngine - 14 [REF] Test if register 7 leaks at line 41 in method invokeCallback(Landroid/arch/lifecycle/ReflectiveGenericLifecycleObserver$MethodReference;Landroid/arch/lifecycle/LifecycleOwner;Landroid/arch/lifecycle/Lifecycle$Event;)V of the class Landroid/arch/lifecycle/ReflectiveGenericLifecycleObserver; to the sink invoke(Ljava/lang/Object;[Ljava/lang/Object;)Ljava/lang/Object;:NO LEAK
2019-45-28 09:45:54.655 [main] INFO  com.horndroid.z3.FSEngine - 15 Test if register 6 leaks at line 41 in method invokeCallback(Landroid/arch/lifecycle/ReflectiveGenericLifecycleObserver$MethodReference;Landroid/arch/lifecycle/LifecycleOwner;Landroid/arch/lifecycle/Lifecycle$Event;)V of the class Landroid/arch/lifecycle/ReflectiveGenericLifecycleObserver; to the sink invoke(Ljava/lang/Object;[Ljava/lang/Object;)Ljava/lang/Object;:NO LEAK
2019-47-28 09:47:23.044 [main] INFO  com.horndroid.z3.FSEngine - 16 [REF] Test if register 6 leaks at line 41 in method invokeCallback(Landroid/arch/lifecycle/ReflectiveGenericLifecycleObserver$MethodReference;Landroid/arch/lifecycle/LifecycleOwner;Landroid/arch/lifecycle/Lifecycle$Event;)V of the class Landroid/arch/lifecycle/ReflectiveGenericLifecycleObserver; to the sink invoke(Ljava/lang/Object;[Ljava/lang/Object;)Ljava/lang/Object;:NO LEAK
2019-48-28 09:48:51.290 [main] INFO  com.horndroid.z3.FSEngine - 17 Test if register 5 leaks at line 41 in method invokeCallback(Landroid/arch/lifecycle/ReflectiveGenericLifecycleObserver$MethodReference;Landroid/arch/lifecycle/LifecycleOwner;Landroid/arch/lifecycle/Lifecycle$Event;)V of the class Landroid/arch/lifecycle/ReflectiveGenericLifecycleObserver; to the sink invoke(Ljava/lang/Object;[Ljava/lang/Object;)Ljava/lang/Object;:NO LEAK
2019-50-28 09:50:19.590 [main] INFO  com.horndroid.z3.FSEngine - 18 [REF] Test if register 5 leaks at line 41 in method invokeCallback(Landroid/arch/lifecycle/ReflectiveGenericLifecycleObserver$MethodReference;Landroid/arch/lifecycle/LifecycleOwner;Landroid/arch/lifecycle/Lifecycle$Event;)V of the class Landroid/arch/lifecycle/ReflectiveGenericLifecycleObserver; to the sink invoke(Ljava/lang/Object;[Ljava/lang/Object;)Ljava/lang/Object;:NO LEAK
2019-52-28 09:52:10.886 [main] INFO  com.horndroid.z3.FSEngine - 19 Test if register 1 leaks at line 4 in method generateString()Ljava/lang/String; of the class Lcom/example/variantroute/MainActivity; to the sink d(Ljava/lang/String;Ljava/lang/String;)I:POTENTIAL LEAK
2019-54-28 09:54:12.216 [main] INFO  com.horndroid.z3.FSEngine - 20 [REF] Test if register 1 leaks at line 4 in method generateString()Ljava/lang/String; of the class Lcom/example/variantroute/MainActivity; to the sink d(Ljava/lang/String;Ljava/lang/String;)I:POTENTIAL LEAK
2019-55-28 09:55:39.725 [main] INFO  com.horndroid.z3.FSEngine - 21 Test if register 0 leaks at line 4 in method generateString()Ljava/lang/String; of the class Lcom/example/variantroute/MainActivity; to the sink d(Ljava/lang/String;Ljava/lang/String;)I:NO LEAK
2019-58-28 09:58:13.904 [main] INFO  com.horndroid.z3.FSEngine - 22 [REF] Test if register 0 leaks at line 4 in method generateString()Ljava/lang/String; of the class Lcom/example/variantroute/MainActivity; to the sink d(Ljava/lang/String;Ljava/lang/String;)I:POTENTIAL LEAK
2019-58-28 09:58:44.632 [main] INFO  com.horndroid.z3.FSEngine - 23 Test if register 0 leaks at line 4 in method buttonClicked(Landroid/view/View;)V of the class Lcom/example/variantroute/MainActivity; to the sink d(Ljava/lang/String;Ljava/lang/String;)I:NO LEAK
2019-00-28 10:00:37.385 [main] INFO  com.horndroid.z3.FSEngine - 24 [REF] Test if register 0 leaks at line 4 in method buttonClicked(Landroid/view/View;)V of the class Lcom/example/variantroute/MainActivity; to the sink d(Ljava/lang/String;Ljava/lang/String;)I:POTENTIAL LEAK
2019-01-28 10:01:08.841 [main] INFO  com.horndroid.z3.FSEngine - 25 Test if register 2 leaks at line 4 in method buttonClicked(Landroid/view/View;)V of the class Lcom/example/variantroute/MainActivity; to the sink d(Ljava/lang/String;Ljava/lang/String;)I:NO LEAK
2019-03-28 10:03:00.777 [main] INFO  com.horndroid.z3.FSEngine - 26 [REF] Test if register 2 leaks at line 4 in method buttonClicked(Landroid/view/View;)V of the class Lcom/example/variantroute/MainActivity; to the sink d(Ljava/lang/String;Ljava/lang/String;)I:POTENTIAL LEAK
2019-03-28 10:03:00.778 [main] DEBUG com.horndroid.executors.HorndroidExecutor - ...done in 2347387 milliseconds
