apks/2048-android-reachability.apk started
2019-33-04 15:33:58.927 [main] INFO  com.horndroid.Main - Starting fsHornDroid...
2019-33-04 15:33:58.931 [main] INFO  com.horndroid.Main - Flow Sensitive Analysis on 64 bitvectors size
2019-33-04 15:33:58.932 [main] DEBUG com.horndroid.executors.HorndroidExecutor - Parsing sources and sinks...
2019-33-04 15:33:59.449 [main] DEBUG com.horndroid.executors.HorndroidExecutor - done in 517 milliseconds
2019-33-04 15:33:59.450 [main] DEBUG com.horndroid.executors.HorndroidExecutor - Collecting apk files to process...
2019-33-04 15:33:59.450 [main] DEBUG com.horndroid.executors.HorndroidExecutor - done in 0 milliseconds
2019-33-04 15:33:59.505 [main] INFO  com.horndroid.executors.HorndroidExecutor - Analysing 2048-android-reachability.apk
2019-33-04 15:33:59.553 [main] DEBUG com.horndroid.executors.HorndroidExecutor - Parsing entry points...
2019-33-04 15:33:59.559 [main] DEBUG com.horndroid.executors.HorndroidExecutor - done in 5 milliseconds
2019-33-04 15:33:59.559 [main] DEBUG com.horndroid.executors.HorndroidExecutor - Parsing callbacks and disabled activities...
2019-33-04 15:33:59.559 [main] INFO  com.horndroid.util.SourceSinkParser - Running apktool to obtain manifest xml and layout files
2019-34-04 15:34:01.441 [main] INFO  com.horndroid.util.SourceSinkParser - Exit Code:0
2019-34-04 15:34:01.442 [main] INFO  com.horndroid.util.SourceSinkParser - STDOUT:I: Using Apktool 2.3.0 on 2048-android-reachability.apk
2019-34-04 15:34:01.442 [main] INFO  com.horndroid.util.SourceSinkParser - STDOUT:I: Loading resource table...
2019-34-04 15:34:01.442 [main] INFO  com.horndroid.util.SourceSinkParser - STDOUT:I: Decoding AndroidManifest.xml with resources...
2019-34-04 15:34:01.443 [main] INFO  com.horndroid.util.SourceSinkParser - STDOUT:I: Loading resource table from file: /tmp/1.apk
2019-34-04 15:34:01.443 [main] INFO  com.horndroid.util.SourceSinkParser - STDOUT:I: Regular manifest package...
2019-34-04 15:34:01.443 [main] INFO  com.horndroid.util.SourceSinkParser - STDOUT:I: Decoding file-resources...
2019-34-04 15:34:01.443 [main] INFO  com.horndroid.util.SourceSinkParser - STDOUT:I: Decoding values */* XMLs...
2019-34-04 15:34:01.443 [main] INFO  com.horndroid.util.SourceSinkParser - STDOUT:I: Copying raw classes.dex file...
2019-34-04 15:34:01.443 [main] INFO  com.horndroid.util.SourceSinkParser - STDOUT:I: Copying assets and libs...
2019-34-04 15:34:01.444 [main] INFO  com.horndroid.util.SourceSinkParser - STDOUT:I: Copying unknown files...
2019-34-04 15:34:01.444 [main] INFO  com.horndroid.util.SourceSinkParser - STDOUT:I: Copying original files...
2019-34-04 15:34:01.444 [main] INFO  com.horndroid.util.SourceSinkParser - Here is the standard error of the command (if any):

2019-34-04 15:34:01.444 [main] INFO  com.horndroid.util.SourceSinkParser - S: Please be aware this is a volatile directory and frameworks could go missing, please utilize --frame-path if the default storage directory is unavailable
2019-34-04 15:34:01.513 [main] DEBUG com.horndroid.executors.HorndroidExecutor - ...done in 1953 milliseconds
2019-34-04 15:34:01.513 [main] DEBUG com.horndroid.executors.HorndroidExecutor - Sorting classes...
2019-34-04 15:34:01.548 [main] DEBUG com.horndroid.executors.HorndroidExecutor - done in 34 milliseconds
2019-34-04 15:34:01.548 [main] DEBUG com.horndroid.executors.HorndroidExecutor - Collecting data for Horn Clause generation...
2019-34-04 15:34:01.629 [main] DEBUG com.horndroid.executors.HorndroidExecutor - done in 80 milliseconds
2019-34-04 15:34:01.629 [main] DEBUG com.horndroid.executors.HorndroidExecutor - Generating Horn Clauses..
2019-34-04 15:34:01.629 [main] INFO  com.horndroid.analysis.Analysis - Ready to start generating Horn Clauses:
2019-34-04 15:34:01.631 [main] INFO  com.horndroid.analysis.Analysis - Number of classes in APK : 24
2019-34-04 15:34:01.631 [main] INFO  com.horndroid.analysis.Analysis - Number of methods in APK: 63
2019-34-04 15:34:01.631 [main] INFO  com.horndroid.analysis.Analysis - Number of instructions in APK: 872
2019-34-04 15:34:01.631 [main] INFO  com.horndroid.analysis.Analysis - Number of instances in APK: 204
2019-34-04 15:34:01.656 [main] INFO  com.horndroid.analysis.Analysis - Number of sources: 11
2019-34-04 15:34:01.656 [main] INFO  com.horndroid.analysis.Analysis - Number of sinks: 8
2019-34-04 15:34:01.656 [main] INFO  com.horndroid.analysis.Analysis - Number of classes : 24
2019-34-04 15:34:01.656 [main] INFO  com.horndroid.analysis.Analysis - Number of methods: 63
2019-34-04 15:34:01.656 [main] INFO  com.horndroid.analysis.Analysis - Number of instructions: 872
2019-34-04 15:34:01.656 [main] INFO  com.horndroid.analysis.Analysis - Number of instances : 204
2019-34-04 15:34:02.094 [main] DEBUG com.horndroid.executors.HorndroidExecutor - ...done in 465 milliseconds
2019-34-04 15:34:02.095 [main] DEBUG com.horndroid.executors.HorndroidExecutor - Waiting for treads to terminate...
2019-34-04 15:34:02.095 [main] DEBUG com.horndroid.executors.HorndroidExecutor - ...done in 0 milliseconds
2019-34-04 15:34:02.095 [main] DEBUG com.horndroid.executors.HorndroidExecutor - Executing all queries...
2019-34-04 15:34:02.096 [main] INFO  com.horndroid.z3.FSEngine - Number of the generated queries: 146
2019-34-04 15:34:02.719 [main] INFO  com.horndroid.z3.FSEngine - 1 Test if register 2 leaks at line 17 in method onTouch(Landroid/view/View;Landroid/view/MotionEvent;)Z of the class Lcom/uberspot/a2048/MainActivity$1; to the sink d(Ljava/lang/String;Ljava/lang/String;)I:POTENTIAL LEAK
2019-34-04 15:34:14.951 [main] INFO  com.horndroid.z3.FSEngine - 2 [REF] Test if register 2 leaks at line 17 in method onTouch(Landroid/view/View;Landroid/view/MotionEvent;)Z of the class Lcom/uberspot/a2048/MainActivity$1; to the sink d(Ljava/lang/String;Ljava/lang/String;)I:POTENTIAL LEAK
2019-34-04 15:34:15.616 [main] INFO  com.horndroid.z3.FSEngine - 3 Test if register 7 leaks at line 17 in method onTouch(Landroid/view/View;Landroid/view/MotionEvent;)Z of the class Lcom/uberspot/a2048/MainActivity$1; to the sink d(Ljava/lang/String;Ljava/lang/String;)I:NO LEAK
2019-34-04 15:34:26.590 [main] INFO  com.horndroid.z3.FSEngine - 4 [REF] Test if register 7 leaks at line 17 in method onTouch(Landroid/view/View;Landroid/view/MotionEvent;)Z of the class Lcom/uberspot/a2048/MainActivity$1; to the sink d(Ljava/lang/String;Ljava/lang/String;)I:POTENTIAL LEAK
2019-34-04 15:34:54.120 [main] INFO  com.horndroid.z3.FSEngine - 5 Test if register 3 leaks at line 67 in method onTouch(Landroid/view/View;Landroid/view/MotionEvent;)Z of the class Lcom/uberspot/a2048/MainActivity$1; to the sink d(Ljava/lang/String;Ljava/lang/String;)I:POTENTIAL LEAK
2019-35-04 15:35:44.856 [main] INFO  com.horndroid.z3.FSEngine - 6 [REF] Test if register 3 leaks at line 67 in method onTouch(Landroid/view/View;Landroid/view/MotionEvent;)Z of the class Lcom/uberspot/a2048/MainActivity$1; to the sink d(Ljava/lang/String;Ljava/lang/String;)I:POTENTIAL LEAK
2019-35-04 15:35:49.339 [main] INFO  com.horndroid.z3.FSEngine - 7 Test if register 7 leaks at line 67 in method onTouch(Landroid/view/View;Landroid/view/MotionEvent;)Z of the class Lcom/uberspot/a2048/MainActivity$1; to the sink d(Ljava/lang/String;Ljava/lang/String;)I:NO LEAK
2019-36-04 15:36:29.793 [main] INFO  com.horndroid.z3.FSEngine - 8 [REF] Test if register 7 leaks at line 67 in method onTouch(Landroid/view/View;Landroid/view/MotionEvent;)Z of the class Lcom/uberspot/a2048/MainActivity$1; to the sink d(Ljava/lang/String;Ljava/lang/String;)I:POTENTIAL LEAK
2019-36-04 15:36:40.545 [main] INFO  com.horndroid.z3.FSEngine - 9 Test if register 4 leaks at line 116 in method onTouch(Landroid/view/View;Landroid/view/MotionEvent;)Z of the class Lcom/uberspot/a2048/MainActivity$1; to the sink d(Ljava/lang/String;Ljava/lang/String;)I:POTENTIAL LEAK
2019-37-04 15:37:14.272 [main] INFO  com.horndroid.z3.FSEngine - 10 [REF] Test if register 4 leaks at line 116 in method onTouch(Landroid/view/View;Landroid/view/MotionEvent;)Z of the class Lcom/uberspot/a2048/MainActivity$1; to the sink d(Ljava/lang/String;Ljava/lang/String;)I:POTENTIAL LEAK
2019-37-04 15:37:18.733 [main] INFO  com.horndroid.z3.FSEngine - 11 Test if register 7 leaks at line 116 in method onTouch(Landroid/view/View;Landroid/view/MotionEvent;)Z of the class Lcom/uberspot/a2048/MainActivity$1; to the sink d(Ljava/lang/String;Ljava/lang/String;)I:NO LEAK
2019-37-04 15:37:50.903 [main] INFO  com.horndroid.z3.FSEngine - 12 [REF] Test if register 7 leaks at line 116 in method onTouch(Landroid/view/View;Landroid/view/MotionEvent;)Z of the class Lcom/uberspot/a2048/MainActivity$1; to the sink d(Ljava/lang/String;Ljava/lang/String;)I:POTENTIAL LEAK
2019-38-04 15:38:00.530 [main] INFO  com.horndroid.z3.FSEngine - 13 Test if register 0 leaks at line 20 in method <init>(Lcom/uberspot/a2048/MainActivity;)V of the class Lcom/uberspot/a2048/MainActivity$1; to the sink d(Ljava/lang/String;Ljava/lang/String;)I:POTENTIAL LEAK
2019-38-04 15:38:13.171 [main] INFO  com.horndroid.z3.FSEngine - 14 [REF] Test if register 0 leaks at line 20 in method <init>(Lcom/uberspot/a2048/MainActivity;)V of the class Lcom/uberspot/a2048/MainActivity$1; to the sink d(Ljava/lang/String;Ljava/lang/String;)I:POTENTIAL LEAK
2019-38-04 15:38:13.172 [main] INFO  com.horndroid.z3.FSEngine - 10% of queries handled
2019-38-04 15:38:17.420 [main] INFO  com.horndroid.z3.FSEngine - 15 Test if register 1 leaks at line 20 in method <init>(Lcom/uberspot/a2048/MainActivity;)V of the class Lcom/uberspot/a2048/MainActivity$1; to the sink d(Ljava/lang/String;Ljava/lang/String;)I:NO LEAK
2019-38-04 15:38:30.837 [main] INFO  com.horndroid.z3.FSEngine - 16 [REF] Test if register 1 leaks at line 20 in method <init>(Lcom/uberspot/a2048/MainActivity;)V of the class Lcom/uberspot/a2048/MainActivity$1; to the sink d(Ljava/lang/String;Ljava/lang/String;)I:POTENTIAL LEAK
2019-38-04 15:38:31.703 [main] INFO  com.horndroid.z3.FSEngine - 17 Test if register 2 leaks at line 15 in method onCreate(Landroid/os/Bundle;)V of the class Lcom/uberspot/a2048/MainActivity; to the sink d(Ljava/lang/String;Ljava/lang/String;)I:POTENTIAL LEAK
2019-38-04 15:38:44.744 [main] INFO  com.horndroid.z3.FSEngine - 18 [REF] Test if register 2 leaks at line 15 in method onCreate(Landroid/os/Bundle;)V of the class Lcom/uberspot/a2048/MainActivity; to the sink d(Ljava/lang/String;Ljava/lang/String;)I:POTENTIAL LEAK
2019-38-04 15:38:45.519 [main] INFO  com.horndroid.z3.FSEngine - 19 Test if register 14 leaks at line 15 in method onCreate(Landroid/os/Bundle;)V of the class Lcom/uberspot/a2048/MainActivity; to the sink d(Ljava/lang/String;Ljava/lang/String;)I:NO LEAK
2019-38-04 15:38:57.892 [main] INFO  com.horndroid.z3.FSEngine - 20 [REF] Test if register 14 leaks at line 15 in method onCreate(Landroid/os/Bundle;)V of the class Lcom/uberspot/a2048/MainActivity; to the sink d(Ljava/lang/String;Ljava/lang/String;)I:POTENTIAL LEAK
2019-39-04 15:39:03.383 [main] INFO  com.horndroid.z3.FSEngine - 21 Test if register 3 leaks at line 52 in method onCreate(Landroid/os/Bundle;)V of the class Lcom/uberspot/a2048/MainActivity; to the sink d(Ljava/lang/String;Ljava/lang/String;)I:NO LEAK
2019-39-04 15:39:08.860 [main] INFO  com.horndroid.z3.FSEngine - 22 [REF] Test if register 3 leaks at line 52 in method onCreate(Landroid/os/Bundle;)V of the class Lcom/uberspot/a2048/MainActivity; to the sink d(Ljava/lang/String;Ljava/lang/String;)I:NO LEAK
2019-39-04 15:39:13.192 [main] INFO  com.horndroid.z3.FSEngine - 23 Test if register 14 leaks at line 52 in method onCreate(Landroid/os/Bundle;)V of the class Lcom/uberspot/a2048/MainActivity; to the sink d(Ljava/lang/String;Ljava/lang/String;)I:NO LEAK
2019-39-04 15:39:18.713 [main] INFO  com.horndroid.z3.FSEngine - 24 [REF] Test if register 14 leaks at line 52 in method onCreate(Landroid/os/Bundle;)V of the class Lcom/uberspot/a2048/MainActivity; to the sink d(Ljava/lang/String;Ljava/lang/String;)I:NO LEAK
