apks/afh_download_REACH.apk started
2019-45-31 09:45:08.554 [main] INFO  com.horndroid.Main - Starting fsHornDroid...
2019-45-31 09:45:08.559 [main] INFO  com.horndroid.Main - Flow Sensitive Analysis on 64 bitvectors size
2019-45-31 09:45:08.561 [main] DEBUG com.horndroid.executors.HorndroidExecutor - Parsing sources and sinks...
2019-45-31 09:45:09.102 [main] DEBUG com.horndroid.executors.HorndroidExecutor - done in 540 milliseconds
2019-45-31 09:45:09.102 [main] DEBUG com.horndroid.executors.HorndroidExecutor - Collecting apk files to process...
2019-45-31 09:45:09.103 [main] DEBUG com.horndroid.executors.HorndroidExecutor - done in 0 milliseconds
2019-45-31 09:45:09.158 [main] INFO  com.horndroid.executors.HorndroidExecutor - Analysing afh_download_REACH.apk
2019-45-31 09:45:09.209 [main] DEBUG com.horndroid.executors.HorndroidExecutor - Parsing entry points...
2019-45-31 09:45:09.213 [main] DEBUG com.horndroid.executors.HorndroidExecutor - done in 3 milliseconds
2019-45-31 09:45:09.213 [main] DEBUG com.horndroid.executors.HorndroidExecutor - Parsing callbacks and disabled activities...
2019-45-31 09:45:09.213 [main] INFO  com.horndroid.util.SourceSinkParser - Running apktool to obtain manifest xml and layout files
2019-45-31 09:45:11.968 [main] INFO  com.horndroid.util.SourceSinkParser - Exit Code:0
2019-45-31 09:45:11.969 [main] INFO  com.horndroid.util.SourceSinkParser - STDOUT:I: Using Apktool 2.3.0 on afh_download_REACH.apk
2019-45-31 09:45:11.969 [main] INFO  com.horndroid.util.SourceSinkParser - STDOUT:I: Loading resource table...
2019-45-31 09:45:11.969 [main] INFO  com.horndroid.util.SourceSinkParser - STDOUT:I: Decoding AndroidManifest.xml with resources...
2019-45-31 09:45:11.969 [main] INFO  com.horndroid.util.SourceSinkParser - STDOUT:I: Loading resource table from file: /tmp/1.apk
2019-45-31 09:45:11.969 [main] INFO  com.horndroid.util.SourceSinkParser - STDOUT:I: Regular manifest package...
2019-45-31 09:45:11.969 [main] INFO  com.horndroid.util.SourceSinkParser - STDOUT:I: Decoding file-resources...
2019-45-31 09:45:11.970 [main] INFO  com.horndroid.util.SourceSinkParser - STDOUT:I: Decoding values */* XMLs...
2019-45-31 09:45:11.970 [main] INFO  com.horndroid.util.SourceSinkParser - STDOUT:I: Copying raw classes.dex file...
2019-45-31 09:45:11.970 [main] INFO  com.horndroid.util.SourceSinkParser - STDOUT:I: Copying assets and libs...
2019-45-31 09:45:11.970 [main] INFO  com.horndroid.util.SourceSinkParser - STDOUT:I: Copying unknown files...
2019-45-31 09:45:11.970 [main] INFO  com.horndroid.util.SourceSinkParser - STDOUT:I: Copying original files...
2019-45-31 09:45:11.970 [main] INFO  com.horndroid.util.SourceSinkParser - Here is the standard error of the command (if any):

2019-45-31 09:45:11.971 [main] INFO  com.horndroid.util.SourceSinkParser - S: Please be aware this is a volatile directory and frameworks could go missing, please utilize --frame-path if the default storage directory is unavailable
2019-45-31 09:45:12.336 [main] DEBUG com.horndroid.executors.HorndroidExecutor - ...done in 3122 milliseconds
2019-45-31 09:45:12.336 [main] DEBUG com.horndroid.executors.HorndroidExecutor - Sorting classes...
2019-45-31 09:45:12.361 [main] DEBUG com.horndroid.executors.HorndroidExecutor - done in 25 milliseconds
2019-45-31 09:45:12.361 [main] DEBUG com.horndroid.executors.HorndroidExecutor - Collecting data for Horn Clause generation...
2019-45-31 09:45:12.778 [main] DEBUG com.horndroid.executors.HorndroidExecutor - done in 415 milliseconds
2019-45-31 09:45:12.778 [main] DEBUG com.horndroid.executors.HorndroidExecutor - Generating Horn Clauses..
2019-45-31 09:45:12.778 [main] INFO  com.horndroid.analysis.Analysis - Ready to start generating Horn Clauses:
2019-45-31 09:45:12.809 [main] INFO  com.horndroid.analysis.Analysis - Number of classes in APK : 296
2019-45-31 09:45:12.809 [main] INFO  com.horndroid.analysis.Analysis - Number of methods in APK: 1591
2019-45-31 09:45:12.809 [main] INFO  com.horndroid.analysis.Analysis - Number of instructions in APK: 31500
2019-45-31 09:45:12.809 [main] INFO  com.horndroid.analysis.Analysis - Number of instances in APK: 5109
2019-45-31 09:45:21.473 [main] INFO  com.horndroid.analysis.Analysis - Number of sources: 87
2019-45-31 09:45:21.473 [main] INFO  com.horndroid.analysis.Analysis - Number of sinks: 45
2019-45-31 09:45:21.473 [main] INFO  com.horndroid.analysis.Analysis - Number of classes : 296
2019-45-31 09:45:21.473 [main] INFO  com.horndroid.analysis.Analysis - Number of methods: 1591
2019-45-31 09:45:21.473 [main] INFO  com.horndroid.analysis.Analysis - Number of instructions: 31500
2019-45-31 09:45:21.473 [main] INFO  com.horndroid.analysis.Analysis - Number of instances : 5109
2019-49-31 10:49:18.272 [main] ERROR com.horndroid.analysis.FSInstructionAnalysis - Wrong offset for the parameters in the unknown method call!
2019-50-31 10:50:24.797 [main] ERROR com.horndroid.analysis.FSInstructionAnalysis - Wrong offset for the parameters in the unknown method call!
2019-50-31 10:50:38.719 [main] ERROR com.horndroid.analysis.FSInstructionAnalysis - Wrong offset for the parameters in the unknown method call!
2019-50-31 10:50:46.706 [main] ERROR com.horndroid.analysis.FSInstructionAnalysis - Wrong offset for the parameters in the unknown method call!
2019-50-31 10:50:50.246 [main] ERROR com.horndroid.analysis.FSInstructionAnalysis - Wrong offset for the parameters in the unknown method call!
