apks/afh_download_TAINT.apk started
2019-44-31 13:44:34.231 [main] INFO  com.horndroid.Main - Starting fsHornDroid...
2019-44-31 13:44:34.235 [main] INFO  com.horndroid.Main - Flow Sensitive Analysis on 64 bitvectors size
2019-44-31 13:44:34.236 [main] DEBUG com.horndroid.executors.HorndroidExecutor - Parsing sources and sinks...
2019-44-31 13:44:34.809 [main] DEBUG com.horndroid.executors.HorndroidExecutor - done in 572 milliseconds
2019-44-31 13:44:34.809 [main] DEBUG com.horndroid.executors.HorndroidExecutor - Collecting apk files to process...
2019-44-31 13:44:34.809 [main] DEBUG com.horndroid.executors.HorndroidExecutor - done in 0 milliseconds
2019-44-31 13:44:34.867 [main] INFO  com.horndroid.executors.HorndroidExecutor - Analysing afh_download_TAINT.apk
2019-44-31 13:44:34.919 [main] DEBUG com.horndroid.executors.HorndroidExecutor - Parsing entry points...
2019-44-31 13:44:34.923 [main] DEBUG com.horndroid.executors.HorndroidExecutor - done in 4 milliseconds
2019-44-31 13:44:34.923 [main] DEBUG com.horndroid.executors.HorndroidExecutor - Parsing callbacks and disabled activities...
2019-44-31 13:44:34.924 [main] INFO  com.horndroid.util.SourceSinkParser - Running apktool to obtain manifest xml and layout files
2019-44-31 13:44:37.317 [main] INFO  com.horndroid.util.SourceSinkParser - Exit Code:0
2019-44-31 13:44:37.317 [main] INFO  com.horndroid.util.SourceSinkParser - STDOUT:I: Using Apktool 2.3.0 on afh_download_TAINT.apk
2019-44-31 13:44:37.318 [main] INFO  com.horndroid.util.SourceSinkParser - STDOUT:I: Loading resource table...
2019-44-31 13:44:37.318 [main] INFO  com.horndroid.util.SourceSinkParser - STDOUT:I: Decoding AndroidManifest.xml with resources...
2019-44-31 13:44:37.318 [main] INFO  com.horndroid.util.SourceSinkParser - STDOUT:I: Loading resource table from file: /tmp/1.apk
2019-44-31 13:44:37.318 [main] INFO  com.horndroid.util.SourceSinkParser - STDOUT:I: Regular manifest package...
2019-44-31 13:44:37.319 [main] INFO  com.horndroid.util.SourceSinkParser - STDOUT:I: Decoding file-resources...
2019-44-31 13:44:37.319 [main] INFO  com.horndroid.util.SourceSinkParser - STDOUT:I: Decoding values */* XMLs...
2019-44-31 13:44:37.319 [main] INFO  com.horndroid.util.SourceSinkParser - STDOUT:I: Copying raw classes.dex file...
2019-44-31 13:44:37.319 [main] INFO  com.horndroid.util.SourceSinkParser - STDOUT:I: Copying assets and libs...
2019-44-31 13:44:37.319 [main] INFO  com.horndroid.util.SourceSinkParser - STDOUT:I: Copying unknown files...
2019-44-31 13:44:37.319 [main] INFO  com.horndroid.util.SourceSinkParser - STDOUT:I: Copying original files...
2019-44-31 13:44:37.320 [main] INFO  com.horndroid.util.SourceSinkParser - Here is the standard error of the command (if any):

2019-44-31 13:44:37.320 [main] INFO  com.horndroid.util.SourceSinkParser - S: Please be aware this is a volatile directory and frameworks could go missing, please utilize --frame-path if the default storage directory is unavailable
2019-44-31 13:44:37.693 [main] DEBUG com.horndroid.executors.HorndroidExecutor - ...done in 2769 milliseconds
2019-44-31 13:44:37.693 [main] DEBUG com.horndroid.executors.HorndroidExecutor - Sorting classes...
2019-44-31 13:44:37.754 [main] DEBUG com.horndroid.executors.HorndroidExecutor - done in 60 milliseconds
2019-44-31 13:44:37.754 [main] DEBUG com.horndroid.executors.HorndroidExecutor - Collecting data for Horn Clause generation...
2019-44-31 13:44:38.136 [main] DEBUG com.horndroid.executors.HorndroidExecutor - done in 381 milliseconds
2019-44-31 13:44:38.136 [main] DEBUG com.horndroid.executors.HorndroidExecutor - Generating Horn Clauses..
2019-44-31 13:44:38.136 [main] INFO  com.horndroid.analysis.Analysis - Ready to start generating Horn Clauses:
2019-44-31 13:44:38.157 [main] INFO  com.horndroid.analysis.Analysis - Number of classes in APK : 296
2019-44-31 13:44:38.157 [main] INFO  com.horndroid.analysis.Analysis - Number of methods in APK: 1591
2019-44-31 13:44:38.157 [main] INFO  com.horndroid.analysis.Analysis - Number of instructions in APK: 31556
2019-44-31 13:44:38.157 [main] INFO  com.horndroid.analysis.Analysis - Number of instances in APK: 4114
2019-44-31 13:44:46.873 [main] INFO  com.horndroid.analysis.Analysis - Number of sources: 87
2019-44-31 13:44:46.873 [main] INFO  com.horndroid.analysis.Analysis - Number of sinks: 45
2019-44-31 13:44:46.873 [main] INFO  com.horndroid.analysis.Analysis - Number of classes : 296
2019-44-31 13:44:46.873 [main] INFO  com.horndroid.analysis.Analysis - Number of methods: 1591
2019-44-31 13:44:46.873 [main] INFO  com.horndroid.analysis.Analysis - Number of instructions: 31556
2019-44-31 13:44:46.874 [main] INFO  com.horndroid.analysis.Analysis - Number of instances : 4114
2019-50-31 14:50:16.000 [main] ERROR com.horndroid.analysis.FSInstructionAnalysis - Wrong offset for the parameters in the unknown method call!
2019-51-31 14:51:16.399 [main] ERROR com.horndroid.analysis.FSInstructionAnalysis - Wrong offset for the parameters in the unknown method call!
2019-51-31 14:51:24.281 [main] ERROR com.horndroid.analysis.FSInstructionAnalysis - Wrong offset for the parameters in the unknown method call!
2019-51-31 14:51:27.459 [main] ERROR com.horndroid.analysis.FSInstructionAnalysis - Wrong offset for the parameters in the unknown method call!
2019-51-31 14:51:28.075 [main] ERROR com.horndroid.analysis.FSInstructionAnalysis - Wrong offset for the parameters in the unknown method call!
