apks/atimetracker_REACH_VARIANT.apk started
2019-41-30 08:41:57.453 [main] INFO  com.horndroid.Main - Starting fsHornDroid...
2019-41-30 08:41:57.459 [main] INFO  com.horndroid.Main - Flow Sensitive Analysis on 64 bitvectors size
2019-41-30 08:41:57.461 [main] DEBUG com.horndroid.executors.HorndroidExecutor - Parsing sources and sinks...
2019-41-30 08:41:58.091 [main] DEBUG com.horndroid.executors.HorndroidExecutor - done in 629 milliseconds
2019-41-30 08:41:58.091 [main] DEBUG com.horndroid.executors.HorndroidExecutor - Collecting apk files to process...
2019-41-30 08:41:58.091 [main] DEBUG com.horndroid.executors.HorndroidExecutor - done in 0 milliseconds
2019-41-30 08:41:58.149 [main] INFO  com.horndroid.executors.HorndroidExecutor - Analysing atimetracker_REACH_VARIANT.apk
2019-41-30 08:41:58.187 [main] DEBUG com.horndroid.executors.HorndroidExecutor - Parsing entry points...
2019-41-30 08:41:58.192 [main] DEBUG com.horndroid.executors.HorndroidExecutor - done in 4 milliseconds
2019-41-30 08:41:58.192 [main] DEBUG com.horndroid.executors.HorndroidExecutor - Parsing callbacks and disabled activities...
2019-41-30 08:41:58.192 [main] INFO  com.horndroid.util.SourceSinkParser - Running apktool to obtain manifest xml and layout files
2019-42-30 08:42:00.206 [main] INFO  com.horndroid.util.SourceSinkParser - Exit Code:0
2019-42-30 08:42:00.207 [main] INFO  com.horndroid.util.SourceSinkParser - STDOUT:I: Using Apktool 2.3.0 on atimetracker_REACH_VARIANT.apk
2019-42-30 08:42:00.207 [main] INFO  com.horndroid.util.SourceSinkParser - STDOUT:I: Loading resource table...
2019-42-30 08:42:00.207 [main] INFO  com.horndroid.util.SourceSinkParser - STDOUT:I: Decoding AndroidManifest.xml with resources...
2019-42-30 08:42:00.207 [main] INFO  com.horndroid.util.SourceSinkParser - STDOUT:I: Loading resource table from file: /tmp/1.apk
2019-42-30 08:42:00.207 [main] INFO  com.horndroid.util.SourceSinkParser - STDOUT:I: Regular manifest package...
2019-42-30 08:42:00.207 [main] INFO  com.horndroid.util.SourceSinkParser - STDOUT:I: Decoding file-resources...
2019-42-30 08:42:00.207 [main] INFO  com.horndroid.util.SourceSinkParser - STDOUT:I: Decoding values */* XMLs...
2019-42-30 08:42:00.208 [main] INFO  com.horndroid.util.SourceSinkParser - STDOUT:I: Copying raw classes.dex file...
2019-42-30 08:42:00.208 [main] INFO  com.horndroid.util.SourceSinkParser - STDOUT:I: Copying assets and libs...
2019-42-30 08:42:00.208 [main] INFO  com.horndroid.util.SourceSinkParser - STDOUT:I: Copying unknown files...
2019-42-30 08:42:00.208 [main] INFO  com.horndroid.util.SourceSinkParser - STDOUT:I: Copying original files...
2019-42-30 08:42:00.208 [main] INFO  com.horndroid.util.SourceSinkParser - Here is the standard error of the command (if any):

2019-42-30 08:42:00.208 [main] INFO  com.horndroid.util.SourceSinkParser - S: Please be aware this is a volatile directory and frameworks could go missing, please utilize --frame-path if the default storage directory is unavailable
2019-42-30 08:42:00.408 [main] DEBUG com.horndroid.executors.HorndroidExecutor - ...done in 2216 milliseconds
2019-42-30 08:42:00.409 [main] DEBUG com.horndroid.executors.HorndroidExecutor - Sorting classes...
2019-42-30 08:42:00.431 [main] DEBUG com.horndroid.executors.HorndroidExecutor - done in 22 milliseconds
2019-42-30 08:42:00.431 [main] DEBUG com.horndroid.executors.HorndroidExecutor - Collecting data for Horn Clause generation...
2019-42-30 08:42:00.640 [main] DEBUG com.horndroid.executors.HorndroidExecutor - done in 209 milliseconds
2019-42-30 08:42:00.641 [main] DEBUG com.horndroid.executors.HorndroidExecutor - Generating Horn Clauses..
2019-42-30 08:42:00.641 [main] INFO  com.horndroid.analysis.Analysis - Ready to start generating Horn Clauses:
2019-42-30 08:42:00.657 [main] INFO  com.horndroid.analysis.Analysis - Number of classes in APK : 202
2019-42-30 08:42:00.657 [main] INFO  com.horndroid.analysis.Analysis - Number of methods in APK: 1491
2019-42-30 08:42:00.657 [main] INFO  com.horndroid.analysis.Analysis - Number of instructions in APK: 42779
2019-42-30 08:42:00.657 [main] INFO  com.horndroid.analysis.Analysis - Number of instances in APK: 5510
2019-42-30 08:42:06.479 [main] INFO  com.horndroid.analysis.Analysis - Number of sources: 58
2019-42-30 08:42:06.480 [main] INFO  com.horndroid.analysis.Analysis - Number of sinks: 36
2019-42-30 08:42:06.480 [main] INFO  com.horndroid.analysis.Analysis - Number of classes : 202
2019-42-30 08:42:06.480 [main] INFO  com.horndroid.analysis.Analysis - Number of methods: 1491
2019-42-30 08:42:06.480 [main] INFO  com.horndroid.analysis.Analysis - Number of instructions: 42779
2019-42-30 08:42:06.480 [main] INFO  com.horndroid.analysis.Analysis - Number of instances : 5510
2019-53-30 09:53:32.233 [main] ERROR com.horndroid.analysis.FSInstructionAnalysis - Wrong offset for the parameters in the unknown method call!
2019-55-30 09:55:48.629 [main] ERROR com.horndroid.analysis.FSInstructionAnalysis - Wrong offset for the parameters in the unknown method call!
2019-57-30 09:57:09.476 [main] ERROR com.horndroid.analysis.FSInstructionAnalysis - Wrong offset for the parameters in the unknown method call!
2019-15-30 10:15:58.712 [main] ERROR com.horndroid.analysis.FSInstructionAnalysis - Wrong offset for the parameters in the unknown method call!
2019-16-30 10:16:00.473 [main] ERROR com.horndroid.analysis.FSInstructionAnalysis - Wrong offset for the parameters in the unknown method call!
2019-16-30 10:16:27.081 [main] ERROR com.horndroid.analysis.FSInstructionAnalysis - Wrong offset for the parameters in the unknown method call!
2019-16-30 10:16:29.213 [main] ERROR com.horndroid.analysis.FSInstructionAnalysis - Wrong offset for the parameters in the unknown method call!
2019-00-30 12:00:04.532 [main] ERROR com.horndroid.analysis.FSInstructionAnalysis - Wrong offset for the parameters in the unknown method call!
2019-01-30 12:01:32.331 [main] ERROR com.horndroid.analysis.FSInstructionAnalysis - Wrong offset for the parameters in the unknown method call!
2019-01-30 12:01:33.391 [main] ERROR com.horndroid.analysis.FSInstructionAnalysis - Wrong offset for the parameters in the unknown method call!
