apks/BroadcastReceiver.apk started
2019-02-28 05:02:16.826 [main] INFO  com.horndroid.Main - Starting fsHornDroid...
2019-02-28 05:02:16.830 [main] INFO  com.horndroid.Main - Flow Sensitive Analysis on 64 bitvectors size
2019-02-28 05:02:16.833 [main] DEBUG com.horndroid.executors.HorndroidExecutor - Parsing sources and sinks...
2019-02-28 05:02:17.272 [main] DEBUG com.horndroid.executors.HorndroidExecutor - done in 439 milliseconds
2019-02-28 05:02:17.273 [main] DEBUG com.horndroid.executors.HorndroidExecutor - Collecting apk files to process...
2019-02-28 05:02:17.273 [main] DEBUG com.horndroid.executors.HorndroidExecutor - done in 0 milliseconds
2019-02-28 05:02:17.372 [main] INFO  com.horndroid.executors.HorndroidExecutor - Analysing BroadcastReceiver.apk
2019-02-28 05:02:17.448 [main] DEBUG com.horndroid.executors.HorndroidExecutor - Parsing entry points...
2019-02-28 05:02:17.455 [main] DEBUG com.horndroid.executors.HorndroidExecutor - done in 6 milliseconds
2019-02-28 05:02:17.455 [main] DEBUG com.horndroid.executors.HorndroidExecutor - Parsing callbacks and disabled activities...
2019-02-28 05:02:17.455 [main] INFO  com.horndroid.util.SourceSinkParser - Running apktool to obtain manifest xml and layout files
2019-02-28 05:02:20.006 [main] INFO  com.horndroid.util.SourceSinkParser - Exit Code:0
2019-02-28 05:02:20.006 [main] INFO  com.horndroid.util.SourceSinkParser - STDOUT:I: Using Apktool 2.3.0 on BroadcastReceiver.apk
2019-02-28 05:02:20.006 [main] INFO  com.horndroid.util.SourceSinkParser - STDOUT:I: Loading resource table...
2019-02-28 05:02:20.007 [main] INFO  com.horndroid.util.SourceSinkParser - STDOUT:I: Decoding AndroidManifest.xml with resources...
2019-02-28 05:02:20.007 [main] INFO  com.horndroid.util.SourceSinkParser - STDOUT:I: Loading resource table from file: /tmp/1.apk
2019-02-28 05:02:20.007 [main] INFO  com.horndroid.util.SourceSinkParser - STDOUT:I: Regular manifest package...
2019-02-28 05:02:20.007 [main] INFO  com.horndroid.util.SourceSinkParser - STDOUT:I: Decoding file-resources...
2019-02-28 05:02:20.007 [main] INFO  com.horndroid.util.SourceSinkParser - STDOUT:I: Decoding values */* XMLs...
2019-02-28 05:02:20.007 [main] INFO  com.horndroid.util.SourceSinkParser - STDOUT:I: Copying raw classes.dex file...
2019-02-28 05:02:20.008 [main] INFO  com.horndroid.util.SourceSinkParser - STDOUT:I: Copying assets and libs...
2019-02-28 05:02:20.008 [main] INFO  com.horndroid.util.SourceSinkParser - STDOUT:I: Copying unknown files...
2019-02-28 05:02:20.008 [main] INFO  com.horndroid.util.SourceSinkParser - STDOUT:I: Copying original files...
2019-02-28 05:02:20.008 [main] INFO  com.horndroid.util.SourceSinkParser - Here is the standard error of the command (if any):

2019-02-28 05:02:20.008 [main] INFO  com.horndroid.util.SourceSinkParser - S: Please be aware this is a volatile directory and frameworks could go missing, please utilize --frame-path if the default storage directory is unavailable
2019-02-28 05:02:20.344 [main] DEBUG com.horndroid.executors.HorndroidExecutor - ...done in 2889 milliseconds
2019-02-28 05:02:20.345 [main] DEBUG com.horndroid.executors.HorndroidExecutor - Sorting classes...
2019-02-28 05:02:20.395 [main] DEBUG com.horndroid.executors.HorndroidExecutor - done in 50 milliseconds
2019-02-28 05:02:20.395 [main] DEBUG com.horndroid.executors.HorndroidExecutor - Collecting data for Horn Clause generation...
2019-02-28 05:02:20.755 [main] DEBUG com.horndroid.executors.HorndroidExecutor - done in 359 milliseconds
2019-02-28 05:02:20.755 [main] DEBUG com.horndroid.executors.HorndroidExecutor - Generating Horn Clauses..
2019-02-28 05:02:20.755 [main] INFO  com.horndroid.analysis.Analysis - Ready to start generating Horn Clauses:
2019-02-28 05:02:20.767 [main] INFO  com.horndroid.analysis.Analysis - Number of classes in APK : 66
2019-02-28 05:02:20.767 [main] INFO  com.horndroid.analysis.Analysis - Number of methods in APK: 157
2019-02-28 05:02:20.768 [main] INFO  com.horndroid.analysis.Analysis - Number of instructions in APK: 2183
2019-02-28 05:02:20.768 [main] INFO  com.horndroid.analysis.Analysis - Number of instances in APK: 360
2019-02-28 05:02:20.920 [main] INFO  com.horndroid.analysis.Analysis - Number of sources: 54
2019-02-28 05:02:20.920 [main] INFO  com.horndroid.analysis.Analysis - Number of sinks: 37
2019-02-28 05:02:20.920 [main] INFO  com.horndroid.analysis.Analysis - Number of classes : 66
2019-02-28 05:02:20.920 [main] INFO  com.horndroid.analysis.Analysis - Number of methods: 157
2019-02-28 05:02:20.920 [main] INFO  com.horndroid.analysis.Analysis - Number of instructions: 2183
2019-02-28 05:02:20.920 [main] INFO  com.horndroid.analysis.Analysis - Number of instances : 360
2019-02-28 05:02:33.506 [main] DEBUG com.horndroid.executors.HorndroidExecutor - ...done in 12750 milliseconds
2019-02-28 05:02:33.506 [main] DEBUG com.horndroid.executors.HorndroidExecutor - Waiting for treads to terminate...
2019-02-28 05:02:33.506 [main] DEBUG com.horndroid.executors.HorndroidExecutor - ...done in 0 milliseconds
2019-02-28 05:02:33.506 [main] DEBUG com.horndroid.executors.HorndroidExecutor - Executing all queries...
2019-02-28 05:02:33.507 [main] INFO  com.horndroid.z3.FSEngine - Number of the generated queries: 38
2019-04-28 05:04:19.831 [main] INFO  com.horndroid.z3.FSEngine - 1 Test if register 2 leaks at line 12 in method onReceive(Landroid/content/Context;Landroid/content/Intent;)V of the class Ledu/wm/cs/semeru/exampleapp/MainActivity$1; to the sink registerReceiver(Landroid/content/BroadcastReceiver;Landroid/content/IntentFilter;)Landroid/content/Intent;:NO LEAK
2019-06-28 05:06:20.236 [main] INFO  com.horndroid.z3.FSEngine - 2 [REF] Test if register 2 leaks at line 12 in method onReceive(Landroid/content/Context;Landroid/content/Intent;)V of the class Ledu/wm/cs/semeru/exampleapp/MainActivity$1; to the sink registerReceiver(Landroid/content/BroadcastReceiver;Landroid/content/IntentFilter;)Landroid/content/Intent;:NO LEAK
2019-08-28 05:08:25.865 [main] INFO  com.horndroid.z3.FSEngine - 3 Test if register 0 leaks at line 12 in method onReceive(Landroid/content/Context;Landroid/content/Intent;)V of the class Ledu/wm/cs/semeru/exampleapp/MainActivity$1; to the sink registerReceiver(Landroid/content/BroadcastReceiver;Landroid/content/IntentFilter;)Landroid/content/Intent;:NO LEAK
2019-10-28 05:10:59.304 [main] INFO  com.horndroid.z3.FSEngine - 4 [REF] Test if register 0 leaks at line 12 in method onReceive(Landroid/content/Context;Landroid/content/Intent;)V of the class Ledu/wm/cs/semeru/exampleapp/MainActivity$1; to the sink registerReceiver(Landroid/content/BroadcastReceiver;Landroid/content/IntentFilter;)Landroid/content/Intent;:POTENTIAL LEAK
2019-13-28 05:13:26.021 [main] INFO  com.horndroid.z3.FSEngine - 5 Test if register 1 leaks at line 12 in method onReceive(Landroid/content/Context;Landroid/content/Intent;)V of the class Ledu/wm/cs/semeru/exampleapp/MainActivity$1; to the sink registerReceiver(Landroid/content/BroadcastReceiver;Landroid/content/IntentFilter;)Landroid/content/Intent;:POTENTIAL LEAK
2019-15-28 05:15:52.290 [main] INFO  com.horndroid.z3.FSEngine - 6 [REF] Test if register 1 leaks at line 12 in method onReceive(Landroid/content/Context;Landroid/content/Intent;)V of the class Ledu/wm/cs/semeru/exampleapp/MainActivity$1; to the sink registerReceiver(Landroid/content/BroadcastReceiver;Landroid/content/IntentFilter;)Landroid/content/Intent;:POTENTIAL LEAK
2019-17-28 05:17:46.521 [main] INFO  com.horndroid.z3.FSEngine - 7 Test if register 3 leaks at line 13 in method invokeCallback(Landroid/arch/lifecycle/ReflectiveGenericLifecycleObserver$MethodReference;Landroid/arch/lifecycle/LifecycleOwner;Landroid/arch/lifecycle/Lifecycle$Event;)V of the class Landroid/arch/lifecycle/ReflectiveGenericLifecycleObserver; to the sink invoke(Ljava/lang/Object;[Ljava/lang/Object;)Ljava/lang/Object;:NO LEAK
2019-19-28 05:19:43.484 [main] INFO  com.horndroid.z3.FSEngine - 8 [REF] Test if register 3 leaks at line 13 in method invokeCallback(Landroid/arch/lifecycle/ReflectiveGenericLifecycleObserver$MethodReference;Landroid/arch/lifecycle/LifecycleOwner;Landroid/arch/lifecycle/Lifecycle$Event;)V of the class Landroid/arch/lifecycle/ReflectiveGenericLifecycleObserver; to the sink invoke(Ljava/lang/Object;[Ljava/lang/Object;)Ljava/lang/Object;:NO LEAK
2019-21-28 05:21:39.401 [main] INFO  com.horndroid.z3.FSEngine - 9 Test if register 2 leaks at line 13 in method invokeCallback(Landroid/arch/lifecycle/ReflectiveGenericLifecycleObserver$MethodReference;Landroid/arch/lifecycle/LifecycleOwner;Landroid/arch/lifecycle/Lifecycle$Event;)V of the class Landroid/arch/lifecycle/ReflectiveGenericLifecycleObserver; to the sink invoke(Ljava/lang/Object;[Ljava/lang/Object;)Ljava/lang/Object;:NO LEAK
2019-23-28 05:23:35.293 [main] INFO  com.horndroid.z3.FSEngine - 10 [REF] Test if register 2 leaks at line 13 in method invokeCallback(Landroid/arch/lifecycle/ReflectiveGenericLifecycleObserver$MethodReference;Landroid/arch/lifecycle/LifecycleOwner;Landroid/arch/lifecycle/Lifecycle$Event;)V of the class Landroid/arch/lifecycle/ReflectiveGenericLifecycleObserver; to the sink invoke(Ljava/lang/Object;[Ljava/lang/Object;)Ljava/lang/Object;:NO LEAK
2019-25-28 05:25:31.261 [main] INFO  com.horndroid.z3.FSEngine - 11 Test if register 1 leaks at line 13 in method invokeCallback(Landroid/arch/lifecycle/ReflectiveGenericLifecycleObserver$MethodReference;Landroid/arch/lifecycle/LifecycleOwner;Landroid/arch/lifecycle/Lifecycle$Event;)V of the class Landroid/arch/lifecycle/ReflectiveGenericLifecycleObserver; to the sink invoke(Ljava/lang/Object;[Ljava/lang/Object;)Ljava/lang/Object;:NO LEAK
2019-27-28 05:27:27.166 [main] INFO  com.horndroid.z3.FSEngine - 12 [REF] Test if register 1 leaks at line 13 in method invokeCallback(Landroid/arch/lifecycle/ReflectiveGenericLifecycleObserver$MethodReference;Landroid/arch/lifecycle/LifecycleOwner;Landroid/arch/lifecycle/Lifecycle$Event;)V of the class Landroid/arch/lifecycle/ReflectiveGenericLifecycleObserver; to the sink invoke(Ljava/lang/Object;[Ljava/lang/Object;)Ljava/lang/Object;:NO LEAK
2019-29-28 05:29:24.031 [main] INFO  com.horndroid.z3.FSEngine - 13 Test if register 3 leaks at line 41 in method invokeCallback(Landroid/arch/lifecycle/ReflectiveGenericLifecycleObserver$MethodReference;Landroid/arch/lifecycle/LifecycleOwner;Landroid/arch/lifecycle/Lifecycle$Event;)V of the class Landroid/arch/lifecycle/ReflectiveGenericLifecycleObserver; to the sink invoke(Ljava/lang/Object;[Ljava/lang/Object;)Ljava/lang/Object;:NO LEAK
2019-31-28 05:31:20.175 [main] INFO  com.horndroid.z3.FSEngine - 14 [REF] Test if register 3 leaks at line 41 in method invokeCallback(Landroid/arch/lifecycle/ReflectiveGenericLifecycleObserver$MethodReference;Landroid/arch/lifecycle/LifecycleOwner;Landroid/arch/lifecycle/Lifecycle$Event;)V of the class Landroid/arch/lifecycle/ReflectiveGenericLifecycleObserver; to the sink invoke(Ljava/lang/Object;[Ljava/lang/Object;)Ljava/lang/Object;:NO LEAK
2019-33-28 05:33:16.533 [main] INFO  com.horndroid.z3.FSEngine - 15 Test if register 2 leaks at line 41 in method invokeCallback(Landroid/arch/lifecycle/ReflectiveGenericLifecycleObserver$MethodReference;Landroid/arch/lifecycle/LifecycleOwner;Landroid/arch/lifecycle/Lifecycle$Event;)V of the class Landroid/arch/lifecycle/ReflectiveGenericLifecycleObserver; to the sink invoke(Ljava/lang/Object;[Ljava/lang/Object;)Ljava/lang/Object;:NO LEAK
2019-35-28 05:35:13.648 [main] INFO  com.horndroid.z3.FSEngine - 16 [REF] Test if register 2 leaks at line 41 in method invokeCallback(Landroid/arch/lifecycle/ReflectiveGenericLifecycleObserver$MethodReference;Landroid/arch/lifecycle/LifecycleOwner;Landroid/arch/lifecycle/Lifecycle$Event;)V of the class Landroid/arch/lifecycle/ReflectiveGenericLifecycleObserver; to the sink invoke(Ljava/lang/Object;[Ljava/lang/Object;)Ljava/lang/Object;:NO LEAK
2019-37-28 05:37:09.952 [main] INFO  com.horndroid.z3.FSEngine - 17 Test if register 1 leaks at line 41 in method invokeCallback(Landroid/arch/lifecycle/ReflectiveGenericLifecycleObserver$MethodReference;Landroid/arch/lifecycle/LifecycleOwner;Landroid/arch/lifecycle/Lifecycle$Event;)V of the class Landroid/arch/lifecycle/ReflectiveGenericLifecycleObserver; to the sink invoke(Ljava/lang/Object;[Ljava/lang/Object;)Ljava/lang/Object;:NO LEAK
2019-39-28 05:39:06.163 [main] INFO  com.horndroid.z3.FSEngine - 18 [REF] Test if register 1 leaks at line 41 in method invokeCallback(Landroid/arch/lifecycle/ReflectiveGenericLifecycleObserver$MethodReference;Landroid/arch/lifecycle/LifecycleOwner;Landroid/arch/lifecycle/Lifecycle$Event;)V of the class Landroid/arch/lifecycle/ReflectiveGenericLifecycleObserver; to the sink invoke(Ljava/lang/Object;[Ljava/lang/Object;)Ljava/lang/Object;:NO LEAK
2019-41-28 05:41:02.229 [main] INFO  com.horndroid.z3.FSEngine - 19 Test if register 3 leaks at line 65 in method invokeCallback(Landroid/arch/lifecycle/ReflectiveGenericLifecycleObserver$MethodReference;Landroid/arch/lifecycle/LifecycleOwner;Landroid/arch/lifecycle/Lifecycle$Event;)V of the class Landroid/arch/lifecycle/ReflectiveGenericLifecycleObserver; to the sink invoke(Ljava/lang/Object;[Ljava/lang/Object;)Ljava/lang/Object;:NO LEAK
2019-42-28 05:42:59.543 [main] INFO  com.horndroid.z3.FSEngine - 20 [REF] Test if register 3 leaks at line 65 in method invokeCallback(Landroid/arch/lifecycle/ReflectiveGenericLifecycleObserver$MethodReference;Landroid/arch/lifecycle/LifecycleOwner;Landroid/arch/lifecycle/Lifecycle$Event;)V of the class Landroid/arch/lifecycle/ReflectiveGenericLifecycleObserver; to the sink invoke(Ljava/lang/Object;[Ljava/lang/Object;)Ljava/lang/Object;:NO LEAK
2019-44-28 05:44:55.317 [main] INFO  com.horndroid.z3.FSEngine - 21 Test if register 2 leaks at line 65 in method invokeCallback(Landroid/arch/lifecycle/ReflectiveGenericLifecycleObserver$MethodReference;Landroid/arch/lifecycle/LifecycleOwner;Landroid/arch/lifecycle/Lifecycle$Event;)V of the class Landroid/arch/lifecycle/ReflectiveGenericLifecycleObserver; to the sink invoke(Ljava/lang/Object;[Ljava/lang/Object;)Ljava/lang/Object;:NO LEAK
2019-46-28 05:46:51.865 [main] INFO  com.horndroid.z3.FSEngine - 22 [REF] Test if register 2 leaks at line 65 in method invokeCallback(Landroid/arch/lifecycle/ReflectiveGenericLifecycleObserver$MethodReference;Landroid/arch/lifecycle/LifecycleOwner;Landroid/arch/lifecycle/Lifecycle$Event;)V of the class Landroid/arch/lifecycle/ReflectiveGenericLifecycleObserver; to the sink invoke(Ljava/lang/Object;[Ljava/lang/Object;)Ljava/lang/Object;:NO LEAK
2019-48-28 05:48:48.353 [main] INFO  com.horndroid.z3.FSEngine - 23 Test if register 1 leaks at line 65 in method invokeCallback(Landroid/arch/lifecycle/ReflectiveGenericLifecycleObserver$MethodReference;Landroid/arch/lifecycle/LifecycleOwner;Landroid/arch/lifecycle/Lifecycle$Event;)V of the class Landroid/arch/lifecycle/ReflectiveGenericLifecycleObserver; to the sink invoke(Ljava/lang/Object;[Ljava/lang/Object;)Ljava/lang/Object;:NO LEAK
2019-50-28 05:50:45.348 [main] INFO  com.horndroid.z3.FSEngine - 24 [REF] Test if register 1 leaks at line 65 in method invokeCallback(Landroid/arch/lifecycle/ReflectiveGenericLifecycleObserver$MethodReference;Landroid/arch/lifecycle/LifecycleOwner;Landroid/arch/lifecycle/Lifecycle$Event;)V of the class Landroid/arch/lifecycle/ReflectiveGenericLifecycleObserver; to the sink invoke(Ljava/lang/Object;[Ljava/lang/Object;)Ljava/lang/Object;:NO LEAK
2019-51-28 05:51:33.881 [main] INFO  com.horndroid.z3.FSEngine - 25 Test if register 0 leaks at line 15 in method onClick(Landroid/content/DialogInterface;I)V of the class Ledu/wm/cs/semeru/testapp/MainActivity$1; to the sink d(Ljava/lang/String;Ljava/lang/String;)I:POTENTIAL LEAK
2019-54-28 05:54:07.172 [main] INFO  com.horndroid.z3.FSEngine - 26 [REF] Test if register 0 leaks at line 15 in method onClick(Landroid/content/DialogInterface;I)V of the class Ledu/wm/cs/semeru/testapp/MainActivity$1; to the sink d(Ljava/lang/String;Ljava/lang/String;)I:POTENTIAL LEAK
2019-54-28 05:54:54.774 [main] INFO  com.horndroid.z3.FSEngine - 27 Test if register 1 leaks at line 15 in method onClick(Landroid/content/DialogInterface;I)V of the class Ledu/wm/cs/semeru/testapp/MainActivity$1; to the sink d(Ljava/lang/String;Ljava/lang/String;)I:NO LEAK
2019-57-28 05:57:23.075 [main] INFO  com.horndroid.z3.FSEngine - 28 [REF] Test if register 1 leaks at line 15 in method onClick(Landroid/content/DialogInterface;I)V of the class Ledu/wm/cs/semeru/testapp/MainActivity$1; to the sink d(Ljava/lang/String;Ljava/lang/String;)I:POTENTIAL LEAK
2019-58-28 05:58:10.713 [main] INFO  com.horndroid.z3.FSEngine - 29 Test if register 2 leaks at line 19 in method onCreate(Landroid/os/Bundle;)V of the class Ledu/wm/cs/semeru/exampleapp/MainActivity; to the sink registerReceiver(Landroid/content/BroadcastReceiver;Landroid/content/IntentFilter;)Landroid/content/Intent;:NO LEAK
2019-00-28 06:00:06.805 [main] INFO  com.horndroid.z3.FSEngine - 30 [REF] Test if register 2 leaks at line 19 in method onCreate(Landroid/os/Bundle;)V of the class Ledu/wm/cs/semeru/exampleapp/MainActivity; to the sink registerReceiver(Landroid/content/BroadcastReceiver;Landroid/content/IntentFilter;)Landroid/content/Intent;:NO LEAK
2019-00-28 06:00:56.495 [main] INFO  com.horndroid.z3.FSEngine - 31 Test if register 0 leaks at line 19 in method onCreate(Landroid/os/Bundle;)V of the class Ledu/wm/cs/semeru/exampleapp/MainActivity; to the sink registerReceiver(Landroid/content/BroadcastReceiver;Landroid/content/IntentFilter;)Landroid/content/Intent;:NO LEAK
2019-02-28 06:02:53.050 [main] INFO  com.horndroid.z3.FSEngine - 32 [REF] Test if register 0 leaks at line 19 in method onCreate(Landroid/os/Bundle;)V of the class Ledu/wm/cs/semeru/exampleapp/MainActivity; to the sink registerReceiver(Landroid/content/BroadcastReceiver;Landroid/content/IntentFilter;)Landroid/content/Intent;:NO LEAK
2019-03-28 06:03:41.865 [main] INFO  com.horndroid.z3.FSEngine - 33 Test if register 1 leaks at line 19 in method onCreate(Landroid/os/Bundle;)V of the class Ledu/wm/cs/semeru/exampleapp/MainActivity; to the sink registerReceiver(Landroid/content/BroadcastReceiver;Landroid/content/IntentFilter;)Landroid/content/Intent;:NO LEAK
2019-05-28 06:05:38.914 [main] INFO  com.horndroid.z3.FSEngine - 34 [REF] Test if register 1 leaks at line 19 in method onCreate(Landroid/os/Bundle;)V of the class Ledu/wm/cs/semeru/exampleapp/MainActivity; to the sink registerReceiver(Landroid/content/BroadcastReceiver;Landroid/content/IntentFilter;)Landroid/content/Intent;:NO LEAK
2019-06-28 06:06:28.533 [main] INFO  com.horndroid.z3.FSEngine - 35 Test if register 0 leaks at line 15 in method onReceive(Landroid/content/Context;Landroid/content/Intent;)V of the class Ledu/wm/cs/semeru/exampleapp/MainActivity$1$1; to the sink d(Ljava/lang/String;Ljava/lang/String;)I:POTENTIAL LEAK
2019-08-28 06:08:58.318 [main] INFO  com.horndroid.z3.FSEngine - 36 [REF] Test if register 0 leaks at line 15 in method onReceive(Landroid/content/Context;Landroid/content/Intent;)V of the class Ledu/wm/cs/semeru/exampleapp/MainActivity$1$1; to the sink d(Ljava/lang/String;Ljava/lang/String;)I:POTENTIAL LEAK
2019-09-28 06:09:47.217 [main] INFO  com.horndroid.z3.FSEngine - 37 Test if register 1 leaks at line 15 in method onReceive(Landroid/content/Context;Landroid/content/Intent;)V of the class Ledu/wm/cs/semeru/exampleapp/MainActivity$1$1; to the sink d(Ljava/lang/String;Ljava/lang/String;)I:NO LEAK
2019-12-28 06:12:22.719 [main] INFO  com.horndroid.z3.FSEngine - 38 [REF] Test if register 1 leaks at line 15 in method onReceive(Landroid/content/Context;Landroid/content/Intent;)V of the class Ledu/wm/cs/semeru/exampleapp/MainActivity$1$1; to the sink d(Ljava/lang/String;Ljava/lang/String;)I:POTENTIAL LEAK
2019-12-28 06:12:22.720 [main] DEBUG com.horndroid.executors.HorndroidExecutor - ...done in 4189213 milliseconds
