apks/BroadcastReceiver.apk started
2019-20-27 10:20:56.264 [main] INFO  com.horndroid.Main - Starting fsHornDroid...
2019-20-27 10:20:56.267 [main] INFO  com.horndroid.Main - Flow Sensitive Analysis on 64 bitvectors size
2019-20-27 10:20:56.268 [main] DEBUG com.horndroid.executors.HorndroidExecutor - Parsing sources and sinks...
2019-20-27 10:20:56.765 [main] DEBUG com.horndroid.executors.HorndroidExecutor - done in 496 milliseconds
2019-20-27 10:20:56.766 [main] DEBUG com.horndroid.executors.HorndroidExecutor - Collecting apk files to process...
2019-20-27 10:20:56.766 [main] DEBUG com.horndroid.executors.HorndroidExecutor - done in 0 milliseconds
2019-20-27 10:20:56.797 [main] INFO  com.horndroid.executors.HorndroidExecutor - Analysing BroadcastReceiver.apk
2019-20-27 10:20:56.862 [main] DEBUG com.horndroid.executors.HorndroidExecutor - Parsing entry points...
2019-20-27 10:20:56.869 [main] DEBUG com.horndroid.executors.HorndroidExecutor - done in 6 milliseconds
2019-20-27 10:20:56.869 [main] DEBUG com.horndroid.executors.HorndroidExecutor - Parsing callbacks and disabled activities...
2019-20-27 10:20:56.869 [main] INFO  com.horndroid.util.SourceSinkParser - Running apktool to obtain manifest xml and layout files
2019-20-27 10:20:59.191 [main] INFO  com.horndroid.util.SourceSinkParser - Exit Code:0
2019-20-27 10:20:59.192 [main] INFO  com.horndroid.util.SourceSinkParser - STDOUT:I: Using Apktool 2.3.0 on BroadcastReceiver.apk
2019-20-27 10:20:59.192 [main] INFO  com.horndroid.util.SourceSinkParser - STDOUT:I: Loading resource table...
2019-20-27 10:20:59.192 [main] INFO  com.horndroid.util.SourceSinkParser - STDOUT:I: Decoding AndroidManifest.xml with resources...
2019-20-27 10:20:59.192 [main] INFO  com.horndroid.util.SourceSinkParser - STDOUT:I: Loading resource table from file: /tmp/1.apk
2019-20-27 10:20:59.193 [main] INFO  com.horndroid.util.SourceSinkParser - STDOUT:I: Regular manifest package...
2019-20-27 10:20:59.193 [main] INFO  com.horndroid.util.SourceSinkParser - STDOUT:I: Decoding file-resources...
2019-20-27 10:20:59.193 [main] INFO  com.horndroid.util.SourceSinkParser - STDOUT:I: Decoding values */* XMLs...
2019-20-27 10:20:59.193 [main] INFO  com.horndroid.util.SourceSinkParser - STDOUT:I: Copying raw classes.dex file...
2019-20-27 10:20:59.193 [main] INFO  com.horndroid.util.SourceSinkParser - STDOUT:I: Copying assets and libs...
2019-20-27 10:20:59.193 [main] INFO  com.horndroid.util.SourceSinkParser - STDOUT:I: Copying unknown files...
2019-20-27 10:20:59.194 [main] INFO  com.horndroid.util.SourceSinkParser - STDOUT:I: Copying original files...
2019-20-27 10:20:59.194 [main] INFO  com.horndroid.util.SourceSinkParser - Here is the standard error of the command (if any):

2019-20-27 10:20:59.194 [main] INFO  com.horndroid.util.SourceSinkParser - S: Please be aware this is a volatile directory and frameworks could go missing, please utilize --frame-path if the default storage directory is unavailable
2019-20-27 10:20:59.463 [main] DEBUG com.horndroid.executors.HorndroidExecutor - ...done in 2594 milliseconds
2019-20-27 10:20:59.463 [main] DEBUG com.horndroid.executors.HorndroidExecutor - Sorting classes...
2019-20-27 10:20:59.484 [main] DEBUG com.horndroid.executors.HorndroidExecutor - done in 20 milliseconds
2019-20-27 10:20:59.484 [main] DEBUG com.horndroid.executors.HorndroidExecutor - Collecting data for Horn Clause generation...
2019-20-27 10:20:59.769 [main] DEBUG com.horndroid.executors.HorndroidExecutor - done in 284 milliseconds
2019-20-27 10:20:59.769 [main] DEBUG com.horndroid.executors.HorndroidExecutor - Generating Horn Clauses..
2019-20-27 10:20:59.769 [main] INFO  com.horndroid.analysis.Analysis - Ready to start generating Horn Clauses:
2019-20-27 10:20:59.775 [main] INFO  com.horndroid.analysis.Analysis - Number of classes in APK : 66
2019-20-27 10:20:59.775 [main] INFO  com.horndroid.analysis.Analysis - Number of methods in APK: 157
2019-20-27 10:20:59.775 [main] INFO  com.horndroid.analysis.Analysis - Number of instructions in APK: 2183
2019-20-27 10:20:59.775 [main] INFO  com.horndroid.analysis.Analysis - Number of instances in APK: 360
2019-20-27 10:20:59.902 [main] INFO  com.horndroid.analysis.Analysis - Number of sources: 54
2019-20-27 10:20:59.902 [main] INFO  com.horndroid.analysis.Analysis - Number of sinks: 37
2019-20-27 10:20:59.902 [main] INFO  com.horndroid.analysis.Analysis - Number of classes : 66
2019-20-27 10:20:59.902 [main] INFO  com.horndroid.analysis.Analysis - Number of methods: 157
2019-20-27 10:20:59.902 [main] INFO  com.horndroid.analysis.Analysis - Number of instructions: 2183
2019-20-27 10:20:59.902 [main] INFO  com.horndroid.analysis.Analysis - Number of instances : 360
2019-21-27 10:21:12.688 [main] DEBUG com.horndroid.executors.HorndroidExecutor - ...done in 12918 milliseconds
2019-21-27 10:21:12.688 [main] DEBUG com.horndroid.executors.HorndroidExecutor - Waiting for treads to terminate...
2019-21-27 10:21:12.688 [main] DEBUG com.horndroid.executors.HorndroidExecutor - ...done in 0 milliseconds
2019-21-27 10:21:12.688 [main] DEBUG com.horndroid.executors.HorndroidExecutor - Executing all queries...
2019-21-27 10:21:12.690 [main] INFO  com.horndroid.z3.FSEngine - Number of the generated queries: 38
2019-23-27 10:23:04.285 [main] INFO  com.horndroid.z3.FSEngine - 1 Test if register 2 leaks at line 12 in method onReceive(Landroid/content/Context;Landroid/content/Intent;)V of the class Ledu/wm/cs/semeru/exampleapp/MainActivity$1; to the sink registerReceiver(Landroid/content/BroadcastReceiver;Landroid/content/IntentFilter;)Landroid/content/Intent;:NO LEAK
2019-25-27 10:25:14.508 [main] INFO  com.horndroid.z3.FSEngine - 2 [REF] Test if register 2 leaks at line 12 in method onReceive(Landroid/content/Context;Landroid/content/Intent;)V of the class Ledu/wm/cs/semeru/exampleapp/MainActivity$1; to the sink registerReceiver(Landroid/content/BroadcastReceiver;Landroid/content/IntentFilter;)Landroid/content/Intent;:NO LEAK
2019-27-27 10:27:31.850 [main] INFO  com.horndroid.z3.FSEngine - 3 Test if register 0 leaks at line 12 in method onReceive(Landroid/content/Context;Landroid/content/Intent;)V of the class Ledu/wm/cs/semeru/exampleapp/MainActivity$1; to the sink registerReceiver(Landroid/content/BroadcastReceiver;Landroid/content/IntentFilter;)Landroid/content/Intent;:NO LEAK
2019-30-27 10:30:12.290 [main] INFO  com.horndroid.z3.FSEngine - 4 [REF] Test if register 0 leaks at line 12 in method onReceive(Landroid/content/Context;Landroid/content/Intent;)V of the class Ledu/wm/cs/semeru/exampleapp/MainActivity$1; to the sink registerReceiver(Landroid/content/BroadcastReceiver;Landroid/content/IntentFilter;)Landroid/content/Intent;:POTENTIAL LEAK
2019-32-27 10:32:41.806 [main] INFO  com.horndroid.z3.FSEngine - 5 Test if register 1 leaks at line 12 in method onReceive(Landroid/content/Context;Landroid/content/Intent;)V of the class Ledu/wm/cs/semeru/exampleapp/MainActivity$1; to the sink registerReceiver(Landroid/content/BroadcastReceiver;Landroid/content/IntentFilter;)Landroid/content/Intent;:POTENTIAL LEAK
2019-35-27 10:35:14.244 [main] INFO  com.horndroid.z3.FSEngine - 6 [REF] Test if register 1 leaks at line 12 in method onReceive(Landroid/content/Context;Landroid/content/Intent;)V of the class Ledu/wm/cs/semeru/exampleapp/MainActivity$1; to the sink registerReceiver(Landroid/content/BroadcastReceiver;Landroid/content/IntentFilter;)Landroid/content/Intent;:POTENTIAL LEAK
2019-37-27 10:37:14.151 [main] INFO  com.horndroid.z3.FSEngine - 7 Test if register 3 leaks at line 13 in method invokeCallback(Landroid/arch/lifecycle/ReflectiveGenericLifecycleObserver$MethodReference;Landroid/arch/lifecycle/LifecycleOwner;Landroid/arch/lifecycle/Lifecycle$Event;)V of the class Landroid/arch/lifecycle/ReflectiveGenericLifecycleObserver; to the sink invoke(Ljava/lang/Object;[Ljava/lang/Object;)Ljava/lang/Object;:NO LEAK
2019-39-27 10:39:15.208 [main] INFO  com.horndroid.z3.FSEngine - 8 [REF] Test if register 3 leaks at line 13 in method invokeCallback(Landroid/arch/lifecycle/ReflectiveGenericLifecycleObserver$MethodReference;Landroid/arch/lifecycle/LifecycleOwner;Landroid/arch/lifecycle/Lifecycle$Event;)V of the class Landroid/arch/lifecycle/ReflectiveGenericLifecycleObserver; to the sink invoke(Ljava/lang/Object;[Ljava/lang/Object;)Ljava/lang/Object;:NO LEAK
2019-41-27 10:41:16.458 [main] INFO  com.horndroid.z3.FSEngine - 9 Test if register 2 leaks at line 13 in method invokeCallback(Landroid/arch/lifecycle/ReflectiveGenericLifecycleObserver$MethodReference;Landroid/arch/lifecycle/LifecycleOwner;Landroid/arch/lifecycle/Lifecycle$Event;)V of the class Landroid/arch/lifecycle/ReflectiveGenericLifecycleObserver; to the sink invoke(Ljava/lang/Object;[Ljava/lang/Object;)Ljava/lang/Object;:NO LEAK
2019-43-27 10:43:18.593 [main] INFO  com.horndroid.z3.FSEngine - 10 [REF] Test if register 2 leaks at line 13 in method invokeCallback(Landroid/arch/lifecycle/ReflectiveGenericLifecycleObserver$MethodReference;Landroid/arch/lifecycle/LifecycleOwner;Landroid/arch/lifecycle/Lifecycle$Event;)V of the class Landroid/arch/lifecycle/ReflectiveGenericLifecycleObserver; to the sink invoke(Ljava/lang/Object;[Ljava/lang/Object;)Ljava/lang/Object;:NO LEAK
2019-45-27 10:45:20.676 [main] INFO  com.horndroid.z3.FSEngine - 11 Test if register 1 leaks at line 13 in method invokeCallback(Landroid/arch/lifecycle/ReflectiveGenericLifecycleObserver$MethodReference;Landroid/arch/lifecycle/LifecycleOwner;Landroid/arch/lifecycle/Lifecycle$Event;)V of the class Landroid/arch/lifecycle/ReflectiveGenericLifecycleObserver; to the sink invoke(Ljava/lang/Object;[Ljava/lang/Object;)Ljava/lang/Object;:NO LEAK
2019-47-27 10:47:22.576 [main] INFO  com.horndroid.z3.FSEngine - 12 [REF] Test if register 1 leaks at line 13 in method invokeCallback(Landroid/arch/lifecycle/ReflectiveGenericLifecycleObserver$MethodReference;Landroid/arch/lifecycle/LifecycleOwner;Landroid/arch/lifecycle/Lifecycle$Event;)V of the class Landroid/arch/lifecycle/ReflectiveGenericLifecycleObserver; to the sink invoke(Ljava/lang/Object;[Ljava/lang/Object;)Ljava/lang/Object;:NO LEAK
2019-49-27 10:49:42.627 [main] INFO  com.horndroid.z3.FSEngine - 13 Test if register 3 leaks at line 41 in method invokeCallback(Landroid/arch/lifecycle/ReflectiveGenericLifecycleObserver$MethodReference;Landroid/arch/lifecycle/LifecycleOwner;Landroid/arch/lifecycle/Lifecycle$Event;)V of the class Landroid/arch/lifecycle/ReflectiveGenericLifecycleObserver; to the sink invoke(Ljava/lang/Object;[Ljava/lang/Object;)Ljava/lang/Object;:NO LEAK
2019-51-27 10:51:46.921 [main] INFO  com.horndroid.z3.FSEngine - 14 [REF] Test if register 3 leaks at line 41 in method invokeCallback(Landroid/arch/lifecycle/ReflectiveGenericLifecycleObserver$MethodReference;Landroid/arch/lifecycle/LifecycleOwner;Landroid/arch/lifecycle/Lifecycle$Event;)V of the class Landroid/arch/lifecycle/ReflectiveGenericLifecycleObserver; to the sink invoke(Ljava/lang/Object;[Ljava/lang/Object;)Ljava/lang/Object;:NO LEAK
2019-53-27 10:53:50.321 [main] INFO  com.horndroid.z3.FSEngine - 15 Test if register 2 leaks at line 41 in method invokeCallback(Landroid/arch/lifecycle/ReflectiveGenericLifecycleObserver$MethodReference;Landroid/arch/lifecycle/LifecycleOwner;Landroid/arch/lifecycle/Lifecycle$Event;)V of the class Landroid/arch/lifecycle/ReflectiveGenericLifecycleObserver; to the sink invoke(Ljava/lang/Object;[Ljava/lang/Object;)Ljava/lang/Object;:NO LEAK
2019-55-27 10:55:53.787 [main] INFO  com.horndroid.z3.FSEngine - 16 [REF] Test if register 2 leaks at line 41 in method invokeCallback(Landroid/arch/lifecycle/ReflectiveGenericLifecycleObserver$MethodReference;Landroid/arch/lifecycle/LifecycleOwner;Landroid/arch/lifecycle/Lifecycle$Event;)V of the class Landroid/arch/lifecycle/ReflectiveGenericLifecycleObserver; to the sink invoke(Ljava/lang/Object;[Ljava/lang/Object;)Ljava/lang/Object;:NO LEAK
2019-57-27 10:57:57.315 [main] INFO  com.horndroid.z3.FSEngine - 17 Test if register 1 leaks at line 41 in method invokeCallback(Landroid/arch/lifecycle/ReflectiveGenericLifecycleObserver$MethodReference;Landroid/arch/lifecycle/LifecycleOwner;Landroid/arch/lifecycle/Lifecycle$Event;)V of the class Landroid/arch/lifecycle/ReflectiveGenericLifecycleObserver; to the sink invoke(Ljava/lang/Object;[Ljava/lang/Object;)Ljava/lang/Object;:NO LEAK
2019-00-27 11:00:00.179 [main] INFO  com.horndroid.z3.FSEngine - 18 [REF] Test if register 1 leaks at line 41 in method invokeCallback(Landroid/arch/lifecycle/ReflectiveGenericLifecycleObserver$MethodReference;Landroid/arch/lifecycle/LifecycleOwner;Landroid/arch/lifecycle/Lifecycle$Event;)V of the class Landroid/arch/lifecycle/ReflectiveGenericLifecycleObserver; to the sink invoke(Ljava/lang/Object;[Ljava/lang/Object;)Ljava/lang/Object;:NO LEAK
2019-02-27 11:02:04.073 [main] INFO  com.horndroid.z3.FSEngine - 19 Test if register 3 leaks at line 65 in method invokeCallback(Landroid/arch/lifecycle/ReflectiveGenericLifecycleObserver$MethodReference;Landroid/arch/lifecycle/LifecycleOwner;Landroid/arch/lifecycle/Lifecycle$Event;)V of the class Landroid/arch/lifecycle/ReflectiveGenericLifecycleObserver; to the sink invoke(Ljava/lang/Object;[Ljava/lang/Object;)Ljava/lang/Object;:NO LEAK
2019-04-27 11:04:07.095 [main] INFO  com.horndroid.z3.FSEngine - 20 [REF] Test if register 3 leaks at line 65 in method invokeCallback(Landroid/arch/lifecycle/ReflectiveGenericLifecycleObserver$MethodReference;Landroid/arch/lifecycle/LifecycleOwner;Landroid/arch/lifecycle/Lifecycle$Event;)V of the class Landroid/arch/lifecycle/ReflectiveGenericLifecycleObserver; to the sink invoke(Ljava/lang/Object;[Ljava/lang/Object;)Ljava/lang/Object;:NO LEAK
2019-06-27 11:06:13.071 [main] INFO  com.horndroid.z3.FSEngine - 21 Test if register 2 leaks at line 65 in method invokeCallback(Landroid/arch/lifecycle/ReflectiveGenericLifecycleObserver$MethodReference;Landroid/arch/lifecycle/LifecycleOwner;Landroid/arch/lifecycle/Lifecycle$Event;)V of the class Landroid/arch/lifecycle/ReflectiveGenericLifecycleObserver; to the sink invoke(Ljava/lang/Object;[Ljava/lang/Object;)Ljava/lang/Object;:NO LEAK
2019-08-27 11:08:16.017 [main] INFO  com.horndroid.z3.FSEngine - 22 [REF] Test if register 2 leaks at line 65 in method invokeCallback(Landroid/arch/lifecycle/ReflectiveGenericLifecycleObserver$MethodReference;Landroid/arch/lifecycle/LifecycleOwner;Landroid/arch/lifecycle/Lifecycle$Event;)V of the class Landroid/arch/lifecycle/ReflectiveGenericLifecycleObserver; to the sink invoke(Ljava/lang/Object;[Ljava/lang/Object;)Ljava/lang/Object;:NO LEAK
2019-10-27 11:10:19.336 [main] INFO  com.horndroid.z3.FSEngine - 23 Test if register 1 leaks at line 65 in method invokeCallback(Landroid/arch/lifecycle/ReflectiveGenericLifecycleObserver$MethodReference;Landroid/arch/lifecycle/LifecycleOwner;Landroid/arch/lifecycle/Lifecycle$Event;)V of the class Landroid/arch/lifecycle/ReflectiveGenericLifecycleObserver; to the sink invoke(Ljava/lang/Object;[Ljava/lang/Object;)Ljava/lang/Object;:NO LEAK
2019-12-27 11:12:22.015 [main] INFO  com.horndroid.z3.FSEngine - 24 [REF] Test if register 1 leaks at line 65 in method invokeCallback(Landroid/arch/lifecycle/ReflectiveGenericLifecycleObserver$MethodReference;Landroid/arch/lifecycle/LifecycleOwner;Landroid/arch/lifecycle/Lifecycle$Event;)V of the class Landroid/arch/lifecycle/ReflectiveGenericLifecycleObserver; to the sink invoke(Ljava/lang/Object;[Ljava/lang/Object;)Ljava/lang/Object;:NO LEAK
2019-13-27 11:13:14.334 [main] INFO  com.horndroid.z3.FSEngine - 25 Test if register 0 leaks at line 15 in method onClick(Landroid/content/DialogInterface;I)V of the class Ledu/wm/cs/semeru/testapp/MainActivity$1; to the sink d(Ljava/lang/String;Ljava/lang/String;)I:POTENTIAL LEAK
