apks/Camera-Roll-Android-App-reachability.apk started
2019-22-04 16:22:41.379 [main] INFO  com.horndroid.Main - Starting fsHornDroid...
2019-22-04 16:22:41.383 [main] INFO  com.horndroid.Main - Flow Sensitive Analysis on 64 bitvectors size
2019-22-04 16:22:41.384 [main] DEBUG com.horndroid.executors.HorndroidExecutor - Parsing sources and sinks...
2019-22-04 16:22:41.973 [main] DEBUG com.horndroid.executors.HorndroidExecutor - done in 588 milliseconds
2019-22-04 16:22:41.974 [main] DEBUG com.horndroid.executors.HorndroidExecutor - Collecting apk files to process...
2019-22-04 16:22:41.974 [main] DEBUG com.horndroid.executors.HorndroidExecutor - done in 0 milliseconds
2019-22-04 16:22:42.038 [main] INFO  com.horndroid.executors.HorndroidExecutor - Analysing Camera-Roll-Android-App-reachability.apk
2019-22-04 16:22:42.102 [main] DEBUG com.horndroid.executors.HorndroidExecutor - Parsing entry points...
2019-22-04 16:22:42.105 [main] DEBUG com.horndroid.executors.HorndroidExecutor - done in 3 milliseconds
2019-22-04 16:22:42.105 [main] DEBUG com.horndroid.executors.HorndroidExecutor - Parsing callbacks and disabled activities...
2019-22-04 16:22:42.105 [main] INFO  com.horndroid.util.SourceSinkParser - Running apktool to obtain manifest xml and layout files
2019-22-04 16:22:44.795 [main] INFO  com.horndroid.util.SourceSinkParser - Exit Code:0
2019-22-04 16:22:44.795 [main] INFO  com.horndroid.util.SourceSinkParser - STDOUT:I: Using Apktool 2.3.0 on Camera-Roll-Android-App-reachability.apk
2019-22-04 16:22:44.796 [main] INFO  com.horndroid.util.SourceSinkParser - STDOUT:I: Loading resource table...
2019-22-04 16:22:44.796 [main] INFO  com.horndroid.util.SourceSinkParser - STDOUT:I: Decoding AndroidManifest.xml with resources...
2019-22-04 16:22:44.796 [main] INFO  com.horndroid.util.SourceSinkParser - STDOUT:I: Loading resource table from file: /tmp/1.apk
2019-22-04 16:22:44.796 [main] INFO  com.horndroid.util.SourceSinkParser - STDOUT:I: Regular manifest package...
2019-22-04 16:22:44.796 [main] INFO  com.horndroid.util.SourceSinkParser - STDOUT:I: Decoding file-resources...
2019-22-04 16:22:44.796 [main] INFO  com.horndroid.util.SourceSinkParser - STDOUT:I: Decoding values */* XMLs...
2019-22-04 16:22:44.796 [main] INFO  com.horndroid.util.SourceSinkParser - STDOUT:I: Copying raw classes.dex file...
2019-22-04 16:22:44.797 [main] INFO  com.horndroid.util.SourceSinkParser - STDOUT:I: Copying assets and libs...
2019-22-04 16:22:44.797 [main] INFO  com.horndroid.util.SourceSinkParser - STDOUT:I: Copying unknown files...
2019-22-04 16:22:44.797 [main] INFO  com.horndroid.util.SourceSinkParser - STDOUT:I: Copying original files...
2019-22-04 16:22:44.797 [main] INFO  com.horndroid.util.SourceSinkParser - Here is the standard error of the command (if any):

2019-22-04 16:22:44.797 [main] INFO  com.horndroid.util.SourceSinkParser - S: Please be aware this is a volatile directory and frameworks could go missing, please utilize --frame-path if the default storage directory is unavailable
2019-22-04 16:22:44.797 [main] INFO  com.horndroid.util.SourceSinkParser - S: Could not decode file, replacing by FALSE value: font/roboto_mono_regular.ttf
2019-22-04 16:22:45.248 [main] DEBUG com.horndroid.executors.HorndroidExecutor - ...done in 3142 milliseconds
2019-22-04 16:22:45.248 [main] DEBUG com.horndroid.executors.HorndroidExecutor - Sorting classes...
2019-22-04 16:22:45.295 [main] DEBUG com.horndroid.executors.HorndroidExecutor - done in 46 milliseconds
2019-22-04 16:22:45.295 [main] DEBUG com.horndroid.executors.HorndroidExecutor - Collecting data for Horn Clause generation...
2019-22-04 16:22:46.111 [main] DEBUG com.horndroid.executors.HorndroidExecutor - done in 815 milliseconds
2019-22-04 16:22:46.111 [main] DEBUG com.horndroid.executors.HorndroidExecutor - Generating Horn Clauses..
2019-22-04 16:22:46.111 [main] INFO  com.horndroid.analysis.Analysis - Ready to start generating Horn Clauses:
2019-22-04 16:22:46.182 [main] INFO  com.horndroid.analysis.Analysis - Number of classes in APK : 1918
2019-22-04 16:22:46.182 [main] INFO  com.horndroid.analysis.Analysis - Number of methods in APK: 10122
2019-22-04 16:22:46.182 [main] INFO  com.horndroid.analysis.Analysis - Number of instructions in APK: 194135
2019-22-04 16:22:46.183 [main] INFO  com.horndroid.analysis.Analysis - Number of instances in APK: 26136
2019-23-04 16:23:40.029 [main] INFO  com.horndroid.analysis.Analysis - Number of sources: 200
2019-23-04 16:23:40.029 [main] INFO  com.horndroid.analysis.Analysis - Number of sinks: 115
2019-23-04 16:23:40.029 [main] INFO  com.horndroid.analysis.Analysis - Number of classes : 1949
2019-23-04 16:23:40.029 [main] INFO  com.horndroid.analysis.Analysis - Number of methods: 10247
2019-23-04 16:23:40.029 [main] INFO  com.horndroid.analysis.Analysis - Number of instructions: 199438
2019-23-04 16:23:40.030 [main] INFO  com.horndroid.analysis.Analysis - Number of instances : 26136
2019-24-04 16:24:11.378 [main] ERROR com.horndroid.analysis.FSInstructionAnalysis - Wrong offset for the parameters in the unknown method call!
2019-27-04 16:27:56.951 [main] ERROR com.horndroid.analysis.FSInstructionAnalysis - Wrong offset for the parameters in the unknown method call!
2019-27-04 16:27:58.182 [main] ERROR com.horndroid.analysis.FSInstructionAnalysis - Wrong offset for the parameters in the unknown method call!
