apks/device_explorer_REACH.apk started
2019-38-31 15:38:25.764 [main] INFO  com.horndroid.Main - Starting fsHornDroid...
2019-38-31 15:38:25.767 [main] INFO  com.horndroid.Main - Flow Sensitive Analysis on 64 bitvectors size
2019-38-31 15:38:25.768 [main] DEBUG com.horndroid.executors.HorndroidExecutor - Parsing sources and sinks...
2019-38-31 15:38:26.264 [main] DEBUG com.horndroid.executors.HorndroidExecutor - done in 496 milliseconds
2019-38-31 15:38:26.265 [main] DEBUG com.horndroid.executors.HorndroidExecutor - Collecting apk files to process...
2019-38-31 15:38:26.265 [main] DEBUG com.horndroid.executors.HorndroidExecutor - done in 0 milliseconds
2019-38-31 15:38:26.315 [main] INFO  com.horndroid.executors.HorndroidExecutor - Analysing device_explorer_REACH.apk
2019-38-31 15:38:26.355 [main] DEBUG com.horndroid.executors.HorndroidExecutor - Parsing entry points...
2019-38-31 15:38:26.359 [main] DEBUG com.horndroid.executors.HorndroidExecutor - done in 3 milliseconds
2019-38-31 15:38:26.359 [main] DEBUG com.horndroid.executors.HorndroidExecutor - Parsing callbacks and disabled activities...
2019-38-31 15:38:26.359 [main] INFO  com.horndroid.util.SourceSinkParser - Running apktool to obtain manifest xml and layout files
2019-38-31 15:38:28.821 [main] INFO  com.horndroid.util.SourceSinkParser - Exit Code:0
2019-38-31 15:38:28.822 [main] INFO  com.horndroid.util.SourceSinkParser - STDOUT:I: Using Apktool 2.3.0 on device_explorer_REACH.apk
2019-38-31 15:38:28.822 [main] INFO  com.horndroid.util.SourceSinkParser - STDOUT:I: Loading resource table...
2019-38-31 15:38:28.822 [main] INFO  com.horndroid.util.SourceSinkParser - STDOUT:I: Decoding AndroidManifest.xml with resources...
2019-38-31 15:38:28.822 [main] INFO  com.horndroid.util.SourceSinkParser - STDOUT:I: Loading resource table from file: /tmp/1.apk
2019-38-31 15:38:28.822 [main] INFO  com.horndroid.util.SourceSinkParser - STDOUT:I: Regular manifest package...
2019-38-31 15:38:28.822 [main] INFO  com.horndroid.util.SourceSinkParser - STDOUT:I: Decoding file-resources...
2019-38-31 15:38:28.822 [main] INFO  com.horndroid.util.SourceSinkParser - STDOUT:I: Decoding values */* XMLs...
2019-38-31 15:38:28.823 [main] INFO  com.horndroid.util.SourceSinkParser - STDOUT:I: Copying raw classes.dex file...
2019-38-31 15:38:28.823 [main] INFO  com.horndroid.util.SourceSinkParser - STDOUT:I: Copying assets and libs...
2019-38-31 15:38:28.823 [main] INFO  com.horndroid.util.SourceSinkParser - STDOUT:I: Copying unknown files...
2019-38-31 15:38:28.823 [main] INFO  com.horndroid.util.SourceSinkParser - STDOUT:I: Copying original files...
2019-38-31 15:38:28.823 [main] INFO  com.horndroid.util.SourceSinkParser - Here is the standard error of the command (if any):

2019-38-31 15:38:28.823 [main] INFO  com.horndroid.util.SourceSinkParser - S: Please be aware this is a volatile directory and frameworks could go missing, please utilize --frame-path if the default storage directory is unavailable
2019-38-31 15:38:29.130 [main] DEBUG com.horndroid.executors.HorndroidExecutor - ...done in 2771 milliseconds
2019-38-31 15:38:29.130 [main] DEBUG com.horndroid.executors.HorndroidExecutor - Sorting classes...
2019-38-31 15:38:29.165 [main] DEBUG com.horndroid.executors.HorndroidExecutor - done in 34 milliseconds
2019-38-31 15:38:29.166 [main] DEBUG com.horndroid.executors.HorndroidExecutor - Collecting data for Horn Clause generation...
2019-38-31 15:38:29.430 [main] DEBUG com.horndroid.executors.HorndroidExecutor - done in 263 milliseconds
2019-38-31 15:38:29.430 [main] DEBUG com.horndroid.executors.HorndroidExecutor - Generating Horn Clauses..
2019-38-31 15:38:29.430 [main] INFO  com.horndroid.analysis.Analysis - Ready to start generating Horn Clauses:
2019-38-31 15:38:29.437 [main] INFO  com.horndroid.analysis.Analysis - Number of classes in APK : 54
2019-38-31 15:38:29.437 [main] INFO  com.horndroid.analysis.Analysis - Number of methods in APK: 164
2019-38-31 15:38:29.437 [main] INFO  com.horndroid.analysis.Analysis - Number of instructions in APK: 6461
2019-38-31 15:38:29.437 [main] INFO  com.horndroid.analysis.Analysis - Number of instances in APK: 1837
2019-38-31 15:38:29.956 [main] INFO  com.horndroid.analysis.Analysis - Number of sources: 64
2019-38-31 15:38:29.956 [main] INFO  com.horndroid.analysis.Analysis - Number of sinks: 21
2019-38-31 15:38:29.956 [main] INFO  com.horndroid.analysis.Analysis - Number of classes : 54
2019-38-31 15:38:29.956 [main] INFO  com.horndroid.analysis.Analysis - Number of methods: 164
2019-38-31 15:38:29.956 [main] INFO  com.horndroid.analysis.Analysis - Number of instructions: 6461
2019-38-31 15:38:29.957 [main] INFO  com.horndroid.analysis.Analysis - Number of instances : 1837
2019-38-31 15:38:48.591 [main] ERROR com.horndroid.analysis.FSInstructionAnalysis - Wrong offset for the parameters in the unknown method call!
2019-39-31 15:39:07.106 [main] ERROR com.horndroid.analysis.FSInstructionAnalysis - Wrong offset for the parameters in the unknown method call!
2019-39-31 15:39:46.544 [main] DEBUG com.horndroid.executors.HorndroidExecutor - ...done in 77114 milliseconds
2019-39-31 15:39:46.545 [main] DEBUG com.horndroid.executors.HorndroidExecutor - Waiting for treads to terminate...
2019-39-31 15:39:46.545 [main] DEBUG com.horndroid.executors.HorndroidExecutor - ...done in 0 milliseconds
2019-39-31 15:39:46.545 [main] DEBUG com.horndroid.executors.HorndroidExecutor - Executing all queries...
2019-39-31 15:39:46.546 [main] INFO  com.horndroid.z3.FSEngine - Number of the generated queries: 1124
2019-06-31 16:06:38.608 [main] INFO  com.horndroid.z3.FSEngine - 1 Test if register 2 leaks at line 15 in method run()V of the class Lcom/iamtrk/ItemListActivity$3$1; to the sink d(Ljava/lang/String;Ljava/lang/String;)I:NO LEAK
