apks/dialog-to-nofragment.apk started
2019-06-03 19:06:17.812 [main] INFO  com.horndroid.Main - Starting fsHornDroid...
2019-06-03 19:06:17.815 [main] INFO  com.horndroid.Main - Flow Sensitive Analysis on 64 bitvectors size
2019-06-03 19:06:17.816 [main] DEBUG com.horndroid.executors.HorndroidExecutor - Parsing sources and sinks...
2019-06-03 19:06:18.269 [main] DEBUG com.horndroid.executors.HorndroidExecutor - done in 452 milliseconds
2019-06-03 19:06:18.269 [main] DEBUG com.horndroid.executors.HorndroidExecutor - Collecting apk files to process...
2019-06-03 19:06:18.270 [main] DEBUG com.horndroid.executors.HorndroidExecutor - done in 0 milliseconds
2019-06-03 19:06:18.316 [main] INFO  com.horndroid.executors.HorndroidExecutor - Analysing dialog-to-nofragment.apk
2019-06-03 19:06:18.354 [main] DEBUG com.horndroid.executors.HorndroidExecutor - Parsing entry points...
2019-06-03 19:06:18.358 [main] DEBUG com.horndroid.executors.HorndroidExecutor - done in 3 milliseconds
2019-06-03 19:06:18.358 [main] DEBUG com.horndroid.executors.HorndroidExecutor - Parsing callbacks and disabled activities...
2019-06-03 19:06:18.358 [main] INFO  com.horndroid.util.SourceSinkParser - Running apktool to obtain manifest xml and layout files
2019-06-03 19:06:20.936 [main] INFO  com.horndroid.util.SourceSinkParser - Exit Code:0
2019-06-03 19:06:20.936 [main] INFO  com.horndroid.util.SourceSinkParser - STDOUT:I: Using Apktool 2.3.0 on dialog-to-nofragment.apk
2019-06-03 19:06:20.936 [main] INFO  com.horndroid.util.SourceSinkParser - STDOUT:I: Loading resource table...
2019-06-03 19:06:20.937 [main] INFO  com.horndroid.util.SourceSinkParser - STDOUT:I: Decoding AndroidManifest.xml with resources...
2019-06-03 19:06:20.937 [main] INFO  com.horndroid.util.SourceSinkParser - STDOUT:I: Loading resource table from file: /tmp/1.apk
2019-06-03 19:06:20.937 [main] INFO  com.horndroid.util.SourceSinkParser - STDOUT:I: Regular manifest package...
2019-06-03 19:06:20.937 [main] INFO  com.horndroid.util.SourceSinkParser - STDOUT:I: Decoding file-resources...
2019-06-03 19:06:20.937 [main] INFO  com.horndroid.util.SourceSinkParser - STDOUT:I: Decoding values */* XMLs...
2019-06-03 19:06:20.937 [main] INFO  com.horndroid.util.SourceSinkParser - STDOUT:I: Copying raw classes.dex file...
2019-06-03 19:06:20.937 [main] INFO  com.horndroid.util.SourceSinkParser - STDOUT:I: Copying assets and libs...
2019-06-03 19:06:20.937 [main] INFO  com.horndroid.util.SourceSinkParser - STDOUT:I: Copying unknown files...
2019-06-03 19:06:20.937 [main] INFO  com.horndroid.util.SourceSinkParser - STDOUT:I: Copying original files...
2019-06-03 19:06:20.937 [main] INFO  com.horndroid.util.SourceSinkParser - Here is the standard error of the command (if any):

2019-06-03 19:06:20.937 [main] INFO  com.horndroid.util.SourceSinkParser - S: Please be aware this is a volatile directory and frameworks could go missing, please utilize --frame-path if the default storage directory is unavailable
2019-06-03 19:06:21.298 [main] DEBUG com.horndroid.executors.HorndroidExecutor - ...done in 2939 milliseconds
2019-06-03 19:06:21.298 [main] DEBUG com.horndroid.executors.HorndroidExecutor - Sorting classes...
2019-06-03 19:06:21.323 [main] DEBUG com.horndroid.executors.HorndroidExecutor - done in 24 milliseconds
2019-06-03 19:06:21.323 [main] DEBUG com.horndroid.executors.HorndroidExecutor - Collecting data for Horn Clause generation...
2019-06-03 19:06:21.508 [main] DEBUG com.horndroid.executors.HorndroidExecutor - done in 185 milliseconds
2019-06-03 19:06:21.509 [main] DEBUG com.horndroid.executors.HorndroidExecutor - Generating Horn Clauses..
2019-06-03 19:06:21.509 [main] INFO  com.horndroid.analysis.Analysis - Ready to start generating Horn Clauses:
2019-06-03 19:06:21.513 [main] INFO  com.horndroid.analysis.Analysis - Number of classes in APK : 45
2019-06-03 19:06:21.513 [main] INFO  com.horndroid.analysis.Analysis - Number of methods in APK: 129
2019-06-03 19:06:21.514 [main] INFO  com.horndroid.analysis.Analysis - Number of instructions in APK: 1817
2019-06-03 19:06:21.514 [main] INFO  com.horndroid.analysis.Analysis - Number of instances in APK: 284
2019-06-03 19:06:21.650 [main] INFO  com.horndroid.analysis.Analysis - Number of sources: 17
2019-06-03 19:06:21.650 [main] INFO  com.horndroid.analysis.Analysis - Number of sinks: 16
2019-06-03 19:06:21.650 [main] INFO  com.horndroid.analysis.Analysis - Number of classes : 45
2019-06-03 19:06:21.650 [main] INFO  com.horndroid.analysis.Analysis - Number of methods: 129
2019-06-03 19:06:21.651 [main] INFO  com.horndroid.analysis.Analysis - Number of instructions: 1817
2019-06-03 19:06:21.651 [main] INFO  com.horndroid.analysis.Analysis - Number of instances : 284
2019-06-03 19:06:30.278 [main] DEBUG com.horndroid.executors.HorndroidExecutor - ...done in 8768 milliseconds
2019-06-03 19:06:30.278 [main] DEBUG com.horndroid.executors.HorndroidExecutor - Waiting for treads to terminate...
2019-06-03 19:06:30.279 [main] DEBUG com.horndroid.executors.HorndroidExecutor - ...done in 0 milliseconds
2019-06-03 19:06:30.279 [main] DEBUG com.horndroid.executors.HorndroidExecutor - Executing all queries...
2019-06-03 19:06:30.281 [main] INFO  com.horndroid.z3.FSEngine - Number of the generated queries: 22
2019-07-03 19:07:30.450 [main] INFO  com.horndroid.z3.FSEngine - 1 Test if register 3 leaks at line 13 in method invokeCallback(Landroid/arch/lifecycle/ReflectiveGenericLifecycleObserver$MethodReference;Landroid/arch/lifecycle/LifecycleOwner;Landroid/arch/lifecycle/Lifecycle$Event;)V of the class Landroid/arch/lifecycle/ReflectiveGenericLifecycleObserver; to the sink invoke(Ljava/lang/Object;[Ljava/lang/Object;)Ljava/lang/Object;:NO LEAK
2019-08-03 19:08:37.486 [main] INFO  com.horndroid.z3.FSEngine - 2 [REF] Test if register 3 leaks at line 13 in method invokeCallback(Landroid/arch/lifecycle/ReflectiveGenericLifecycleObserver$MethodReference;Landroid/arch/lifecycle/LifecycleOwner;Landroid/arch/lifecycle/Lifecycle$Event;)V of the class Landroid/arch/lifecycle/ReflectiveGenericLifecycleObserver; to the sink invoke(Ljava/lang/Object;[Ljava/lang/Object;)Ljava/lang/Object;:NO LEAK
2019-09-03 19:09:42.938 [main] INFO  com.horndroid.z3.FSEngine - 3 Test if register 2 leaks at line 13 in method invokeCallback(Landroid/arch/lifecycle/ReflectiveGenericLifecycleObserver$MethodReference;Landroid/arch/lifecycle/LifecycleOwner;Landroid/arch/lifecycle/Lifecycle$Event;)V of the class Landroid/arch/lifecycle/ReflectiveGenericLifecycleObserver; to the sink invoke(Ljava/lang/Object;[Ljava/lang/Object;)Ljava/lang/Object;:NO LEAK
2019-10-03 19:10:48.841 [main] INFO  com.horndroid.z3.FSEngine - 4 [REF] Test if register 2 leaks at line 13 in method invokeCallback(Landroid/arch/lifecycle/ReflectiveGenericLifecycleObserver$MethodReference;Landroid/arch/lifecycle/LifecycleOwner;Landroid/arch/lifecycle/Lifecycle$Event;)V of the class Landroid/arch/lifecycle/ReflectiveGenericLifecycleObserver; to the sink invoke(Ljava/lang/Object;[Ljava/lang/Object;)Ljava/lang/Object;:NO LEAK
2019-11-03 19:11:54.875 [main] INFO  com.horndroid.z3.FSEngine - 5 Test if register 1 leaks at line 13 in method invokeCallback(Landroid/arch/lifecycle/ReflectiveGenericLifecycleObserver$MethodReference;Landroid/arch/lifecycle/LifecycleOwner;Landroid/arch/lifecycle/Lifecycle$Event;)V of the class Landroid/arch/lifecycle/ReflectiveGenericLifecycleObserver; to the sink invoke(Ljava/lang/Object;[Ljava/lang/Object;)Ljava/lang/Object;:NO LEAK
2019-13-03 19:13:00.738 [main] INFO  com.horndroid.z3.FSEngine - 6 [REF] Test if register 1 leaks at line 13 in method invokeCallback(Landroid/arch/lifecycle/ReflectiveGenericLifecycleObserver$MethodReference;Landroid/arch/lifecycle/LifecycleOwner;Landroid/arch/lifecycle/Lifecycle$Event;)V of the class Landroid/arch/lifecycle/ReflectiveGenericLifecycleObserver; to the sink invoke(Ljava/lang/Object;[Ljava/lang/Object;)Ljava/lang/Object;:NO LEAK
2019-14-03 19:14:06.500 [main] INFO  com.horndroid.z3.FSEngine - 7 Test if register 3 leaks at line 41 in method invokeCallback(Landroid/arch/lifecycle/ReflectiveGenericLifecycleObserver$MethodReference;Landroid/arch/lifecycle/LifecycleOwner;Landroid/arch/lifecycle/Lifecycle$Event;)V of the class Landroid/arch/lifecycle/ReflectiveGenericLifecycleObserver; to the sink invoke(Ljava/lang/Object;[Ljava/lang/Object;)Ljava/lang/Object;:NO LEAK
2019-15-03 19:15:11.779 [main] INFO  com.horndroid.z3.FSEngine - 8 [REF] Test if register 3 leaks at line 41 in method invokeCallback(Landroid/arch/lifecycle/ReflectiveGenericLifecycleObserver$MethodReference;Landroid/arch/lifecycle/LifecycleOwner;Landroid/arch/lifecycle/Lifecycle$Event;)V of the class Landroid/arch/lifecycle/ReflectiveGenericLifecycleObserver; to the sink invoke(Ljava/lang/Object;[Ljava/lang/Object;)Ljava/lang/Object;:NO LEAK
2019-16-03 19:16:16.103 [main] INFO  com.horndroid.z3.FSEngine - 9 Test if register 2 leaks at line 41 in method invokeCallback(Landroid/arch/lifecycle/ReflectiveGenericLifecycleObserver$MethodReference;Landroid/arch/lifecycle/LifecycleOwner;Landroid/arch/lifecycle/Lifecycle$Event;)V of the class Landroid/arch/lifecycle/ReflectiveGenericLifecycleObserver; to the sink invoke(Ljava/lang/Object;[Ljava/lang/Object;)Ljava/lang/Object;:NO LEAK
2019-17-03 19:17:20.783 [main] INFO  com.horndroid.z3.FSEngine - 10 [REF] Test if register 2 leaks at line 41 in method invokeCallback(Landroid/arch/lifecycle/ReflectiveGenericLifecycleObserver$MethodReference;Landroid/arch/lifecycle/LifecycleOwner;Landroid/arch/lifecycle/Lifecycle$Event;)V of the class Landroid/arch/lifecycle/ReflectiveGenericLifecycleObserver; to the sink invoke(Ljava/lang/Object;[Ljava/lang/Object;)Ljava/lang/Object;:NO LEAK
2019-18-03 19:18:25.165 [main] INFO  com.horndroid.z3.FSEngine - 11 Test if register 1 leaks at line 41 in method invokeCallback(Landroid/arch/lifecycle/ReflectiveGenericLifecycleObserver$MethodReference;Landroid/arch/lifecycle/LifecycleOwner;Landroid/arch/lifecycle/Lifecycle$Event;)V of the class Landroid/arch/lifecycle/ReflectiveGenericLifecycleObserver; to the sink invoke(Ljava/lang/Object;[Ljava/lang/Object;)Ljava/lang/Object;:NO LEAK
2019-19-03 19:19:29.968 [main] INFO  com.horndroid.z3.FSEngine - 12 [REF] Test if register 1 leaks at line 41 in method invokeCallback(Landroid/arch/lifecycle/ReflectiveGenericLifecycleObserver$MethodReference;Landroid/arch/lifecycle/LifecycleOwner;Landroid/arch/lifecycle/Lifecycle$Event;)V of the class Landroid/arch/lifecycle/ReflectiveGenericLifecycleObserver; to the sink invoke(Ljava/lang/Object;[Ljava/lang/Object;)Ljava/lang/Object;:NO LEAK
2019-20-03 19:20:34.574 [main] INFO  com.horndroid.z3.FSEngine - 13 Test if register 3 leaks at line 65 in method invokeCallback(Landroid/arch/lifecycle/ReflectiveGenericLifecycleObserver$MethodReference;Landroid/arch/lifecycle/LifecycleOwner;Landroid/arch/lifecycle/Lifecycle$Event;)V of the class Landroid/arch/lifecycle/ReflectiveGenericLifecycleObserver; to the sink invoke(Ljava/lang/Object;[Ljava/lang/Object;)Ljava/lang/Object;:NO LEAK
2019-21-03 19:21:38.526 [main] INFO  com.horndroid.z3.FSEngine - 14 [REF] Test if register 3 leaks at line 65 in method invokeCallback(Landroid/arch/lifecycle/ReflectiveGenericLifecycleObserver$MethodReference;Landroid/arch/lifecycle/LifecycleOwner;Landroid/arch/lifecycle/Lifecycle$Event;)V of the class Landroid/arch/lifecycle/ReflectiveGenericLifecycleObserver; to the sink invoke(Ljava/lang/Object;[Ljava/lang/Object;)Ljava/lang/Object;:NO LEAK
2019-22-03 19:22:42.477 [main] INFO  com.horndroid.z3.FSEngine - 15 Test if register 2 leaks at line 65 in method invokeCallback(Landroid/arch/lifecycle/ReflectiveGenericLifecycleObserver$MethodReference;Landroid/arch/lifecycle/LifecycleOwner;Landroid/arch/lifecycle/Lifecycle$Event;)V of the class Landroid/arch/lifecycle/ReflectiveGenericLifecycleObserver; to the sink invoke(Ljava/lang/Object;[Ljava/lang/Object;)Ljava/lang/Object;:NO LEAK
2019-23-03 19:23:47.095 [main] INFO  com.horndroid.z3.FSEngine - 16 [REF] Test if register 2 leaks at line 65 in method invokeCallback(Landroid/arch/lifecycle/ReflectiveGenericLifecycleObserver$MethodReference;Landroid/arch/lifecycle/LifecycleOwner;Landroid/arch/lifecycle/Lifecycle$Event;)V of the class Landroid/arch/lifecycle/ReflectiveGenericLifecycleObserver; to the sink invoke(Ljava/lang/Object;[Ljava/lang/Object;)Ljava/lang/Object;:NO LEAK
2019-24-03 19:24:51.566 [main] INFO  com.horndroid.z3.FSEngine - 17 Test if register 1 leaks at line 65 in method invokeCallback(Landroid/arch/lifecycle/ReflectiveGenericLifecycleObserver$MethodReference;Landroid/arch/lifecycle/LifecycleOwner;Landroid/arch/lifecycle/Lifecycle$Event;)V of the class Landroid/arch/lifecycle/ReflectiveGenericLifecycleObserver; to the sink invoke(Ljava/lang/Object;[Ljava/lang/Object;)Ljava/lang/Object;:NO LEAK
2019-25-03 19:25:56.869 [main] INFO  com.horndroid.z3.FSEngine - 18 [REF] Test if register 1 leaks at line 65 in method invokeCallback(Landroid/arch/lifecycle/ReflectiveGenericLifecycleObserver$MethodReference;Landroid/arch/lifecycle/LifecycleOwner;Landroid/arch/lifecycle/Lifecycle$Event;)V of the class Landroid/arch/lifecycle/ReflectiveGenericLifecycleObserver; to the sink invoke(Ljava/lang/Object;[Ljava/lang/Object;)Ljava/lang/Object;:NO LEAK
2019-26-03 19:26:21.419 [main] INFO  com.horndroid.z3.FSEngine - 19 Test if register 0 leaks at line 18 in method onCreate(Landroid/os/Bundle;)V of the class Ledu/wm/cs/semeru/exampleapp/MainActivity; to the sink d(Ljava/lang/String;Ljava/lang/String;)I:NO LEAK
2019-27-03 19:27:30.388 [main] INFO  com.horndroid.z3.FSEngine - 20 [REF] Test if register 0 leaks at line 18 in method onCreate(Landroid/os/Bundle;)V of the class Ledu/wm/cs/semeru/exampleapp/MainActivity; to the sink d(Ljava/lang/String;Ljava/lang/String;)I:NO LEAK
2019-27-03 19:27:55.139 [main] INFO  com.horndroid.z3.FSEngine - 21 Test if register 1 leaks at line 18 in method onCreate(Landroid/os/Bundle;)V of the class Ledu/wm/cs/semeru/exampleapp/MainActivity; to the sink d(Ljava/lang/String;Ljava/lang/String;)I:NO LEAK
2019-29-03 19:29:04.353 [main] INFO  com.horndroid.z3.FSEngine - 22 [REF] Test if register 1 leaks at line 18 in method onCreate(Landroid/os/Bundle;)V of the class Ledu/wm/cs/semeru/exampleapp/MainActivity; to the sink d(Ljava/lang/String;Ljava/lang/String;)I:NO LEAK
2019-29-03 19:29:04.354 [main] DEBUG com.horndroid.executors.HorndroidExecutor - ...done in 1354074 milliseconds
