apks/LocationShare-reachability.apk started
2019-34-04 18:34:32.938 [main] INFO  com.horndroid.Main - Starting fsHornDroid...
2019-34-04 18:34:32.943 [main] INFO  com.horndroid.Main - Flow Sensitive Analysis on 64 bitvectors size
2019-34-04 18:34:32.945 [main] DEBUG com.horndroid.executors.HorndroidExecutor - Parsing sources and sinks...
2019-34-04 18:34:33.511 [main] DEBUG com.horndroid.executors.HorndroidExecutor - done in 565 milliseconds
2019-34-04 18:34:33.511 [main] DEBUG com.horndroid.executors.HorndroidExecutor - Collecting apk files to process...
2019-34-04 18:34:33.512 [main] DEBUG com.horndroid.executors.HorndroidExecutor - done in 0 milliseconds
2019-34-04 18:34:33.570 [main] INFO  com.horndroid.executors.HorndroidExecutor - Analysing LocationShare-reachability.apk
2019-34-04 18:34:33.611 [main] DEBUG com.horndroid.executors.HorndroidExecutor - Parsing entry points...
2019-34-04 18:34:33.615 [main] DEBUG com.horndroid.executors.HorndroidExecutor - done in 4 milliseconds
2019-34-04 18:34:33.615 [main] DEBUG com.horndroid.executors.HorndroidExecutor - Parsing callbacks and disabled activities...
2019-34-04 18:34:33.615 [main] INFO  com.horndroid.util.SourceSinkParser - Running apktool to obtain manifest xml and layout files
2019-34-04 18:34:36.174 [main] INFO  com.horndroid.util.SourceSinkParser - Exit Code:0
2019-34-04 18:34:36.175 [main] INFO  com.horndroid.util.SourceSinkParser - STDOUT:I: Using Apktool 2.3.0 on LocationShare-reachability.apk
2019-34-04 18:34:36.175 [main] INFO  com.horndroid.util.SourceSinkParser - STDOUT:I: Loading resource table...
2019-34-04 18:34:36.175 [main] INFO  com.horndroid.util.SourceSinkParser - STDOUT:I: Decoding AndroidManifest.xml with resources...
2019-34-04 18:34:36.175 [main] INFO  com.horndroid.util.SourceSinkParser - STDOUT:I: Loading resource table from file: /tmp/1.apk
2019-34-04 18:34:36.175 [main] INFO  com.horndroid.util.SourceSinkParser - STDOUT:I: Regular manifest package...
2019-34-04 18:34:36.176 [main] INFO  com.horndroid.util.SourceSinkParser - STDOUT:I: Decoding file-resources...
2019-34-04 18:34:36.176 [main] INFO  com.horndroid.util.SourceSinkParser - STDOUT:I: Decoding values */* XMLs...
2019-34-04 18:34:36.176 [main] INFO  com.horndroid.util.SourceSinkParser - STDOUT:I: Copying raw classes.dex file...
2019-34-04 18:34:36.176 [main] INFO  com.horndroid.util.SourceSinkParser - STDOUT:I: Copying assets and libs...
2019-34-04 18:34:36.176 [main] INFO  com.horndroid.util.SourceSinkParser - STDOUT:I: Copying unknown files...
2019-34-04 18:34:36.176 [main] INFO  com.horndroid.util.SourceSinkParser - STDOUT:I: Copying original files...
2019-34-04 18:34:36.177 [main] INFO  com.horndroid.util.SourceSinkParser - Here is the standard error of the command (if any):

2019-34-04 18:34:36.177 [main] INFO  com.horndroid.util.SourceSinkParser - S: Please be aware this is a volatile directory and frameworks could go missing, please utilize --frame-path if the default storage directory is unavailable
2019-34-04 18:34:36.580 [main] DEBUG com.horndroid.executors.HorndroidExecutor - ...done in 2964 milliseconds
2019-34-04 18:34:36.580 [main] DEBUG com.horndroid.executors.HorndroidExecutor - Sorting classes...
2019-34-04 18:34:36.604 [main] DEBUG com.horndroid.executors.HorndroidExecutor - done in 23 milliseconds
2019-34-04 18:34:36.604 [main] DEBUG com.horndroid.executors.HorndroidExecutor - Collecting data for Horn Clause generation...
2019-34-04 18:34:36.719 [main] DEBUG com.horndroid.executors.HorndroidExecutor - done in 114 milliseconds
2019-34-04 18:34:36.719 [main] DEBUG com.horndroid.executors.HorndroidExecutor - Generating Horn Clauses..
2019-34-04 18:34:36.719 [main] INFO  com.horndroid.analysis.Analysis - Ready to start generating Horn Clauses:
2019-34-04 18:34:36.722 [main] INFO  com.horndroid.analysis.Analysis - Number of classes in APK : 20
2019-34-04 18:34:36.722 [main] INFO  com.horndroid.analysis.Analysis - Number of methods in APK: 50
2019-34-04 18:34:36.722 [main] INFO  com.horndroid.analysis.Analysis - Number of instructions in APK: 1035
2019-34-04 18:34:36.722 [main] INFO  com.horndroid.analysis.Analysis - Number of instances in APK: 258
2019-34-04 18:34:36.772 [main] INFO  com.horndroid.analysis.Analysis - Number of sources: 17
2019-34-04 18:34:36.772 [main] INFO  com.horndroid.analysis.Analysis - Number of sinks: 9
2019-34-04 18:34:36.772 [main] INFO  com.horndroid.analysis.Analysis - Number of classes : 20
2019-34-04 18:34:36.772 [main] INFO  com.horndroid.analysis.Analysis - Number of methods: 50
2019-34-04 18:34:36.772 [main] INFO  com.horndroid.analysis.Analysis - Number of instructions: 1035
2019-34-04 18:34:36.772 [main] INFO  com.horndroid.analysis.Analysis - Number of instances : 258
2019-34-04 18:34:37.029 [main] ERROR com.horndroid.analysis.FSInstructionAnalysis - Wrong offset for the parameters in the unknown method call!
2019-34-04 18:34:37.977 [main] DEBUG com.horndroid.executors.HorndroidExecutor - ...done in 1257 milliseconds
2019-34-04 18:34:37.977 [main] DEBUG com.horndroid.executors.HorndroidExecutor - Waiting for treads to terminate...
2019-34-04 18:34:37.977 [main] DEBUG com.horndroid.executors.HorndroidExecutor - ...done in 0 milliseconds
2019-34-04 18:34:37.978 [main] DEBUG com.horndroid.executors.HorndroidExecutor - Executing all queries...
2019-34-04 18:34:37.979 [main] INFO  com.horndroid.z3.FSEngine - Number of the generated queries: 164
2019-34-04 18:34:39.293 [main] INFO  com.horndroid.z3.FSEngine - 1 Test if register 0 leaks at line 18 in method onStop()V of the class Lca/cmetcalfe/locationshare/MainActivity; to the sink d(Ljava/lang/String;Ljava/lang/String;)I:NO LEAK
2019-34-04 18:34:50.681 [main] INFO  com.horndroid.z3.FSEngine - 2 [REF] Test if register 0 leaks at line 18 in method onStop()V of the class Lca/cmetcalfe/locationshare/MainActivity; to the sink d(Ljava/lang/String;Ljava/lang/String;)I:NO LEAK
2019-34-04 18:34:52.212 [main] INFO  com.horndroid.z3.FSEngine - 3 Test if register 3 leaks at line 18 in method onStop()V of the class Lca/cmetcalfe/locationshare/MainActivity; to the sink d(Ljava/lang/String;Ljava/lang/String;)I:NO LEAK
2019-35-04 18:35:03.699 [main] INFO  com.horndroid.z3.FSEngine - 4 [REF] Test if register 3 leaks at line 18 in method onStop()V of the class Lca/cmetcalfe/locationshare/MainActivity; to the sink d(Ljava/lang/String;Ljava/lang/String;)I:NO LEAK
2019-35-04 18:35:15.194 [main] INFO  com.horndroid.z3.FSEngine - 5 Test if register 1 leaks at line 49 in method onStop()V of the class Lca/cmetcalfe/locationshare/MainActivity; to the sink d(Ljava/lang/String;Ljava/lang/String;)I:NO LEAK
2019-35-04 18:35:26.679 [main] INFO  com.horndroid.z3.FSEngine - 6 [REF] Test if register 1 leaks at line 49 in method onStop()V of the class Lca/cmetcalfe/locationshare/MainActivity; to the sink d(Ljava/lang/String;Ljava/lang/String;)I:NO LEAK
2019-35-04 18:35:36.969 [main] INFO  com.horndroid.z3.FSEngine - 7 Test if register 3 leaks at line 49 in method onStop()V of the class Lca/cmetcalfe/locationshare/MainActivity; to the sink d(Ljava/lang/String;Ljava/lang/String;)I:NO LEAK
2019-35-04 18:35:48.478 [main] INFO  com.horndroid.z3.FSEngine - 8 [REF] Test if register 3 leaks at line 49 in method onStop()V of the class Lca/cmetcalfe/locationshare/MainActivity; to the sink d(Ljava/lang/String;Ljava/lang/String;)I:NO LEAK
2019-35-04 18:35:49.921 [main] INFO  com.horndroid.z3.FSEngine - 9 Test if register 0 leaks at line 15 in method shareLocation(Landroid/view/View;)V of the class Lca/cmetcalfe/locationshare/MainActivity; to the sink d(Ljava/lang/String;Ljava/lang/String;)I:NO LEAK
2019-36-04 18:36:01.497 [main] INFO  com.horndroid.z3.FSEngine - 10 [REF] Test if register 0 leaks at line 15 in method shareLocation(Landroid/view/View;)V of the class Lca/cmetcalfe/locationshare/MainActivity; to the sink d(Ljava/lang/String;Ljava/lang/String;)I:NO LEAK
2019-36-04 18:36:02.953 [main] INFO  com.horndroid.z3.FSEngine - 11 Test if register 2 leaks at line 15 in method shareLocation(Landroid/view/View;)V of the class Lca/cmetcalfe/locationshare/MainActivity; to the sink d(Ljava/lang/String;Ljava/lang/String;)I:NO LEAK
2019-36-04 18:36:14.562 [main] INFO  com.horndroid.z3.FSEngine - 12 [REF] Test if register 2 leaks at line 15 in method shareLocation(Landroid/view/View;)V of the class Lca/cmetcalfe/locationshare/MainActivity; to the sink d(Ljava/lang/String;Ljava/lang/String;)I:NO LEAK
2019-36-04 18:36:26.145 [main] INFO  com.horndroid.z3.FSEngine - 13 Test if register 1 leaks at line 45 in method shareLocation(Landroid/view/View;)V of the class Lca/cmetcalfe/locationshare/MainActivity; to the sink d(Ljava/lang/String;Ljava/lang/String;)I:NO LEAK
2019-36-04 18:36:37.776 [main] INFO  com.horndroid.z3.FSEngine - 14 [REF] Test if register 1 leaks at line 45 in method shareLocation(Landroid/view/View;)V of the class Lca/cmetcalfe/locationshare/MainActivity; to the sink d(Ljava/lang/String;Ljava/lang/String;)I:NO LEAK
2019-36-04 18:36:48.082 [main] INFO  com.horndroid.z3.FSEngine - 15 Test if register 2 leaks at line 45 in method shareLocation(Landroid/view/View;)V of the class Lca/cmetcalfe/locationshare/MainActivity; to the sink d(Ljava/lang/String;Ljava/lang/String;)I:NO LEAK
2019-36-04 18:36:59.599 [main] INFO  com.horndroid.z3.FSEngine - 16 [REF] Test if register 2 leaks at line 45 in method shareLocation(Landroid/view/View;)V of the class Lca/cmetcalfe/locationshare/MainActivity; to the sink d(Ljava/lang/String;Ljava/lang/String;)I:NO LEAK
2019-36-04 18:36:59.600 [main] INFO  com.horndroid.z3.FSEngine - 10% of queries handled
2019-37-04 18:37:18.709 [main] INFO  com.horndroid.z3.FSEngine - 17 Test if register 0 leaks at line 17 in method validLocation(Landroid/location/Location;)Z of the class Lca/cmetcalfe/locationshare/MainActivity; to the sink d(Ljava/lang/String;Ljava/lang/String;)I:POTENTIAL LEAK
2019-37-04 18:37:50.116 [main] INFO  com.horndroid.z3.FSEngine - 18 [REF] Test if register 0 leaks at line 17 in method validLocation(Landroid/location/Location;)Z of the class Lca/cmetcalfe/locationshare/MainActivity; to the sink d(Ljava/lang/String;Ljava/lang/String;)I:POTENTIAL LEAK
2019-38-04 18:38:00.499 [main] INFO  com.horndroid.z3.FSEngine - 19 Test if register 6 leaks at line 17 in method validLocation(Landroid/location/Location;)Z of the class Lca/cmetcalfe/locationshare/MainActivity; to the sink d(Ljava/lang/String;Ljava/lang/String;)I:NO LEAK
2019-38-04 18:38:20.081 [main] INFO  com.horndroid.z3.FSEngine - 20 [REF] Test if register 6 leaks at line 17 in method validLocation(Landroid/location/Location;)Z of the class Lca/cmetcalfe/locationshare/MainActivity; to the sink d(Ljava/lang/String;Ljava/lang/String;)I:POTENTIAL LEAK
2019-39-04 18:39:02.451 [main] INFO  com.horndroid.z3.FSEngine - 21 Test if register 1 leaks at line 41 in method validLocation(Landroid/location/Location;)Z of the class Lca/cmetcalfe/locationshare/MainActivity; to the sink d(Ljava/lang/String;Ljava/lang/String;)I:POTENTIAL LEAK
2019-39-04 18:39:33.777 [main] INFO  com.horndroid.z3.FSEngine - 22 [REF] Test if register 1 leaks at line 41 in method validLocation(Landroid/location/Location;)Z of the class Lca/cmetcalfe/locationshare/MainActivity; to the sink d(Ljava/lang/String;Ljava/lang/String;)I:POTENTIAL LEAK
2019-39-04 18:39:44.489 [main] INFO  com.horndroid.z3.FSEngine - 23 Test if register 4 leaks at line 41 in method validLocation(Landroid/location/Location;)Z of the class Lca/cmetcalfe/locationshare/MainActivity; to the sink d(Ljava/lang/String;Ljava/lang/String;)I:NO LEAK
2019-40-04 18:40:18.245 [main] INFO  com.horndroid.z3.FSEngine - 24 [REF] Test if register 4 leaks at line 41 in method validLocation(Landroid/location/Location;)Z of the class Lca/cmetcalfe/locationshare/MainActivity; to the sink d(Ljava/lang/String;Ljava/lang/String;)I:POTENTIAL LEAK
2019-40-04 18:40:45.711 [main] INFO  com.horndroid.z3.FSEngine - 25 Test if register 2 leaks at line 71 in method validLocation(Landroid/location/Location;)Z of the class Lca/cmetcalfe/locationshare/MainActivity; to the sink d(Ljava/lang/String;Ljava/lang/String;)I:POTENTIAL LEAK
2019-41-04 18:41:10.715 [main] INFO  com.horndroid.z3.FSEngine - 26 [REF] Test if register 2 leaks at line 71 in method validLocation(Landroid/location/Location;)Z of the class Lca/cmetcalfe/locationshare/MainActivity; to the sink d(Ljava/lang/String;Ljava/lang/String;)I:POTENTIAL LEAK
2019-41-04 18:41:22.052 [main] INFO  com.horndroid.z3.FSEngine - 27 Test if register 6 leaks at line 71 in method validLocation(Landroid/location/Location;)Z of the class Lca/cmetcalfe/locationshare/MainActivity; to the sink d(Ljava/lang/String;Ljava/lang/String;)I:NO LEAK
