apks/NoFragment0Sub1.apk started
2019-32-03 05:32:29.128 [main] INFO  com.horndroid.Main - Starting fsHornDroid...
2019-32-03 05:32:29.131 [main] INFO  com.horndroid.Main - Flow Sensitive Analysis on 64 bitvectors size
2019-32-03 05:32:29.132 [main] DEBUG com.horndroid.executors.HorndroidExecutor - Parsing sources and sinks...
2019-32-03 05:32:29.688 [main] DEBUG com.horndroid.executors.HorndroidExecutor - done in 555 milliseconds
2019-32-03 05:32:29.689 [main] DEBUG com.horndroid.executors.HorndroidExecutor - Collecting apk files to process...
2019-32-03 05:32:29.689 [main] DEBUG com.horndroid.executors.HorndroidExecutor - done in 0 milliseconds
2019-32-03 05:32:29.752 [main] INFO  com.horndroid.executors.HorndroidExecutor - Analysing NoFragment0Sub1.apk
2019-32-03 05:32:29.798 [main] DEBUG com.horndroid.executors.HorndroidExecutor - Parsing entry points...
2019-32-03 05:32:29.802 [main] DEBUG com.horndroid.executors.HorndroidExecutor - done in 4 milliseconds
2019-32-03 05:32:29.802 [main] DEBUG com.horndroid.executors.HorndroidExecutor - Parsing callbacks and disabled activities...
2019-32-03 05:32:29.803 [main] INFO  com.horndroid.util.SourceSinkParser - Running apktool to obtain manifest xml and layout files
2019-32-03 05:32:32.094 [main] INFO  com.horndroid.util.SourceSinkParser - Exit Code:0
2019-32-03 05:32:32.095 [main] INFO  com.horndroid.util.SourceSinkParser - STDOUT:I: Using Apktool 2.3.0 on NoFragment0Sub1.apk
2019-32-03 05:32:32.095 [main] INFO  com.horndroid.util.SourceSinkParser - STDOUT:I: Loading resource table...
2019-32-03 05:32:32.095 [main] INFO  com.horndroid.util.SourceSinkParser - STDOUT:I: Decoding AndroidManifest.xml with resources...
2019-32-03 05:32:32.095 [main] INFO  com.horndroid.util.SourceSinkParser - STDOUT:I: Loading resource table from file: /tmp/1.apk
2019-32-03 05:32:32.096 [main] INFO  com.horndroid.util.SourceSinkParser - STDOUT:I: Regular manifest package...
2019-32-03 05:32:32.096 [main] INFO  com.horndroid.util.SourceSinkParser - STDOUT:I: Decoding file-resources...
2019-32-03 05:32:32.096 [main] INFO  com.horndroid.util.SourceSinkParser - STDOUT:I: Decoding values */* XMLs...
2019-32-03 05:32:32.096 [main] INFO  com.horndroid.util.SourceSinkParser - STDOUT:I: Copying raw classes.dex file...
2019-32-03 05:32:32.096 [main] INFO  com.horndroid.util.SourceSinkParser - STDOUT:I: Copying assets and libs...
2019-32-03 05:32:32.096 [main] INFO  com.horndroid.util.SourceSinkParser - STDOUT:I: Copying unknown files...
2019-32-03 05:32:32.097 [main] INFO  com.horndroid.util.SourceSinkParser - STDOUT:I: Copying original files...
2019-32-03 05:32:32.097 [main] INFO  com.horndroid.util.SourceSinkParser - Here is the standard error of the command (if any):

2019-32-03 05:32:32.097 [main] INFO  com.horndroid.util.SourceSinkParser - S: Please be aware this is a volatile directory and frameworks could go missing, please utilize --frame-path if the default storage directory is unavailable
2019-32-03 05:32:32.429 [main] DEBUG com.horndroid.executors.HorndroidExecutor - ...done in 2626 milliseconds
2019-32-03 05:32:32.429 [main] DEBUG com.horndroid.executors.HorndroidExecutor - Sorting classes...
2019-32-03 05:32:32.454 [main] DEBUG com.horndroid.executors.HorndroidExecutor - done in 24 milliseconds
2019-32-03 05:32:32.454 [main] DEBUG com.horndroid.executors.HorndroidExecutor - Collecting data for Horn Clause generation...
2019-32-03 05:32:32.631 [main] DEBUG com.horndroid.executors.HorndroidExecutor - done in 177 milliseconds
2019-32-03 05:32:32.632 [main] DEBUG com.horndroid.executors.HorndroidExecutor - Generating Horn Clauses..
2019-32-03 05:32:32.632 [main] INFO  com.horndroid.analysis.Analysis - Ready to start generating Horn Clauses:
2019-32-03 05:32:32.633 [main] INFO  com.horndroid.analysis.Analysis - Number of classes in APK : 16
2019-32-03 05:32:32.633 [main] INFO  com.horndroid.analysis.Analysis - Number of methods in APK: 21
2019-32-03 05:32:32.633 [main] INFO  com.horndroid.analysis.Analysis - Number of instructions in APK: 241
2019-32-03 05:32:32.634 [main] INFO  com.horndroid.analysis.Analysis - Number of instances in APK: 44
2019-32-03 05:32:32.672 [main] INFO  com.horndroid.analysis.Analysis - Number of sources: 15
2019-32-03 05:32:32.672 [main] INFO  com.horndroid.analysis.Analysis - Number of sinks: 8
2019-32-03 05:32:32.672 [main] INFO  com.horndroid.analysis.Analysis - Number of classes : 16
2019-32-03 05:32:32.672 [main] INFO  com.horndroid.analysis.Analysis - Number of methods: 21
2019-32-03 05:32:32.672 [main] INFO  com.horndroid.analysis.Analysis - Number of instructions: 241
2019-32-03 05:32:32.673 [main] INFO  com.horndroid.analysis.Analysis - Number of instances : 44
2019-32-03 05:32:32.786 [main] DEBUG com.horndroid.executors.HorndroidExecutor - ...done in 154 milliseconds
2019-32-03 05:32:32.787 [main] DEBUG com.horndroid.executors.HorndroidExecutor - Waiting for treads to terminate...
2019-32-03 05:32:32.787 [main] DEBUG com.horndroid.executors.HorndroidExecutor - ...done in 0 milliseconds
2019-32-03 05:32:32.787 [main] DEBUG com.horndroid.executors.HorndroidExecutor - Executing all queries...
2019-32-03 05:32:32.788 [main] INFO  com.horndroid.z3.FSEngine - Number of the generated queries: 8
2019-32-03 05:32:32.995 [main] INFO  com.horndroid.z3.FSEngine - 1 Test if register 1 leaks at line 22 in method onCreate(Landroid/os/Bundle;)V of the class Lcom/example/variantroute/MainActivity; to the sink d(Ljava/lang/String;Ljava/lang/String;)I:POTENTIAL LEAK
2019-32-03 05:32:37.034 [main] INFO  com.horndroid.z3.FSEngine - 2 [REF] Test if register 1 leaks at line 22 in method onCreate(Landroid/os/Bundle;)V of the class Lcom/example/variantroute/MainActivity; to the sink d(Ljava/lang/String;Ljava/lang/String;)I:POTENTIAL LEAK
2019-32-03 05:32:37.253 [main] INFO  com.horndroid.z3.FSEngine - 3 Test if register 0 leaks at line 22 in method onCreate(Landroid/os/Bundle;)V of the class Lcom/example/variantroute/MainActivity; to the sink d(Ljava/lang/String;Ljava/lang/String;)I:NO LEAK
2019-32-03 05:32:39.993 [main] INFO  com.horndroid.z3.FSEngine - 4 [REF] Test if register 0 leaks at line 22 in method onCreate(Landroid/os/Bundle;)V of the class Lcom/example/variantroute/MainActivity; to the sink d(Ljava/lang/String;Ljava/lang/String;)I:POTENTIAL LEAK
2019-32-03 05:32:40.161 [main] INFO  com.horndroid.z3.FSEngine - 5 Test if register 3 leaks at line 6 in method buttonClicked(Landroid/view/View;)V of the class Lcom/example/variantroute/MainActivity; to the sink d(Ljava/lang/String;Ljava/lang/String;)I:NO LEAK
2019-32-03 05:32:40.387 [main] INFO  com.horndroid.z3.FSEngine - 6 [REF] Test if register 3 leaks at line 6 in method buttonClicked(Landroid/view/View;)V of the class Lcom/example/variantroute/MainActivity; to the sink d(Ljava/lang/String;Ljava/lang/String;)I:NO LEAK
2019-32-03 05:32:40.551 [main] INFO  com.horndroid.z3.FSEngine - 7 Test if register 2 leaks at line 6 in method buttonClicked(Landroid/view/View;)V of the class Lcom/example/variantroute/MainActivity; to the sink d(Ljava/lang/String;Ljava/lang/String;)I:NO LEAK
2019-32-03 05:32:40.770 [main] INFO  com.horndroid.z3.FSEngine - 8 [REF] Test if register 2 leaks at line 6 in method buttonClicked(Landroid/view/View;)V of the class Lcom/example/variantroute/MainActivity; to the sink d(Ljava/lang/String;Ljava/lang/String;)I:NO LEAK
2019-32-03 05:32:40.770 [main] DEBUG com.horndroid.executors.HorndroidExecutor - ...done in 7983 milliseconds
