WARNING: unknown parameter 'print_model' at module 'opt'
Legal parameters are:
  dump_benchmarks (bool) (default: false)
  elim_01 (bool) (default: true)
  enable_sat (bool) (default: true)
  enable_sls (bool) (default: false)
  maxres.add_upper_bound_block (bool) (default: false)
  maxres.hill_climb (bool) (default: true)
  maxres.max_core_size (unsigned int) (default: 3)
  maxres.max_correction_set_size (unsigned int) (default: 3)
  maxres.max_num_cores (unsigned int) (default: 4294967295)
  maxres.maximize_assignment (bool) (default: false)
  maxres.pivot_on_correction_set (bool) (default: true)
  maxres.wmax (bool) (default: false)
  maxsat_engine (symbol) (default: maxres)
  optsmt_engine (symbol) (default: basic)
  pb.compile_equality (bool) (default: false)
  pp.neat (bool) (default: true)
  priority (symbol) (default: lex)
  rlimit (unsigned int) (default: 0)
  solution_prefix (symbol) (default: None)
  timeout (unsigned int) (default: 4294967295)

{"tag":"NoFragment0Sub1.apk","numberOfQueries":8,"reportEntries":[{"description":"Test if register 1 leaks at line 22 in method onCreate(Landroid/os/Bundle;)V of the class Lcom/example/variantroute/MainActivity; to the sink d(Ljava/lang/String;Ljava/lang/String;)I","result":"POTENTIAL LEAK","verbose":false},{"description":"[REF] Test if register 1 leaks at line 22 in method onCreate(Landroid/os/Bundle;)V of the class Lcom/example/variantroute/MainActivity; to the sink d(Ljava/lang/String;Ljava/lang/String;)I","result":"POTENTIAL LEAK","verbose":false},{"description":"Test if register 0 leaks at line 22 in method onCreate(Landroid/os/Bundle;)V of the class Lcom/example/variantroute/MainActivity; to the sink d(Ljava/lang/String;Ljava/lang/String;)I","result":"NO LEAK","verbose":false},{"description":"[REF] Test if register 0 leaks at line 22 in method onCreate(Landroid/os/Bundle;)V of the class Lcom/example/variantroute/MainActivity; to the sink d(Ljava/lang/String;Ljava/lang/String;)I","result":"POTENTIAL LEAK","verbose":false},{"description":"Test if register 3 leaks at line 6 in method buttonClicked(Landroid/view/View;)V of the class Lcom/example/variantroute/MainActivity; to the sink d(Ljava/lang/String;Ljava/lang/String;)I","result":"NO LEAK","verbose":false},{"description":"[REF] Test if register 3 leaks at line 6 in method buttonClicked(Landroid/view/View;)V of the class Lcom/example/variantroute/MainActivity; to the sink d(Ljava/lang/String;Ljava/lang/String;)I","result":"NO LEAK","verbose":false},{"description":"Test if register 2 leaks at line 6 in method buttonClicked(Landroid/view/View;)V of the class Lcom/example/variantroute/MainActivity; to the sink d(Ljava/lang/String;Ljava/lang/String;)I","result":"NO LEAK","verbose":false},{"description":"[REF] Test if register 2 leaks at line 6 in method buttonClicked(Landroid/view/View;)V of the class Lcom/example/variantroute/MainActivity; to the sink d(Ljava/lang/String;Ljava/lang/String;)I","result":"NO LEAK","verbose":false}]}
