apks/RecyclerViewMinimal5.apk started
2019-57-28 16:57:41.490 [main] INFO  com.horndroid.Main - Starting fsHornDroid...
2019-57-28 16:57:41.495 [main] INFO  com.horndroid.Main - Flow Sensitive Analysis on 64 bitvectors size
2019-57-28 16:57:41.496 [main] DEBUG com.horndroid.executors.HorndroidExecutor - Parsing sources and sinks...
2019-57-28 16:57:41.875 [main] DEBUG com.horndroid.executors.HorndroidExecutor - done in 378 milliseconds
2019-57-28 16:57:41.875 [main] DEBUG com.horndroid.executors.HorndroidExecutor - Collecting apk files to process...
2019-57-28 16:57:41.875 [main] DEBUG com.horndroid.executors.HorndroidExecutor - done in 0 milliseconds
2019-57-28 16:57:41.905 [main] INFO  com.horndroid.executors.HorndroidExecutor - Analysing RecyclerViewMinimal5.apk
2019-57-28 16:57:41.938 [main] DEBUG com.horndroid.executors.HorndroidExecutor - Parsing entry points...
2019-57-28 16:57:41.941 [main] DEBUG com.horndroid.executors.HorndroidExecutor - done in 2 milliseconds
2019-57-28 16:57:41.941 [main] DEBUG com.horndroid.executors.HorndroidExecutor - Parsing callbacks and disabled activities...
2019-57-28 16:57:41.941 [main] INFO  com.horndroid.util.SourceSinkParser - Running apktool to obtain manifest xml and layout files
2019-57-28 16:57:44.053 [main] INFO  com.horndroid.util.SourceSinkParser - Exit Code:0
2019-57-28 16:57:44.054 [main] INFO  com.horndroid.util.SourceSinkParser - STDOUT:I: Using Apktool 2.3.0 on RecyclerViewMinimal5.apk
2019-57-28 16:57:44.054 [main] INFO  com.horndroid.util.SourceSinkParser - STDOUT:I: Loading resource table...
2019-57-28 16:57:44.054 [main] INFO  com.horndroid.util.SourceSinkParser - STDOUT:I: Decoding AndroidManifest.xml with resources...
2019-57-28 16:57:44.055 [main] INFO  com.horndroid.util.SourceSinkParser - STDOUT:I: Loading resource table from file: /tmp/1.apk
2019-57-28 16:57:44.055 [main] INFO  com.horndroid.util.SourceSinkParser - STDOUT:I: Regular manifest package...
2019-57-28 16:57:44.055 [main] INFO  com.horndroid.util.SourceSinkParser - STDOUT:I: Decoding file-resources...
2019-57-28 16:57:44.055 [main] INFO  com.horndroid.util.SourceSinkParser - STDOUT:I: Decoding values */* XMLs...
2019-57-28 16:57:44.055 [main] INFO  com.horndroid.util.SourceSinkParser - STDOUT:I: Copying raw classes.dex file...
2019-57-28 16:57:44.055 [main] INFO  com.horndroid.util.SourceSinkParser - STDOUT:I: Copying assets and libs...
2019-57-28 16:57:44.055 [main] INFO  com.horndroid.util.SourceSinkParser - STDOUT:I: Copying unknown files...
2019-57-28 16:57:44.056 [main] INFO  com.horndroid.util.SourceSinkParser - STDOUT:I: Copying original files...
2019-57-28 16:57:44.056 [main] INFO  com.horndroid.util.SourceSinkParser - Here is the standard error of the command (if any):

2019-57-28 16:57:44.056 [main] INFO  com.horndroid.util.SourceSinkParser - S: Please be aware this is a volatile directory and frameworks could go missing, please utilize --frame-path if the default storage directory is unavailable
2019-57-28 16:57:44.431 [main] DEBUG com.horndroid.executors.HorndroidExecutor - ...done in 2490 milliseconds
2019-57-28 16:57:44.431 [main] DEBUG com.horndroid.executors.HorndroidExecutor - Sorting classes...
2019-57-28 16:57:44.456 [main] DEBUG com.horndroid.executors.HorndroidExecutor - done in 24 milliseconds
2019-57-28 16:57:44.456 [main] DEBUG com.horndroid.executors.HorndroidExecutor - Collecting data for Horn Clause generation...
2019-57-28 16:57:44.768 [main] DEBUG com.horndroid.executors.HorndroidExecutor - done in 311 milliseconds
2019-57-28 16:57:44.768 [main] DEBUG com.horndroid.executors.HorndroidExecutor - Generating Horn Clauses..
2019-57-28 16:57:44.769 [main] INFO  com.horndroid.analysis.Analysis - Ready to start generating Horn Clauses:
2019-57-28 16:57:44.777 [main] INFO  com.horndroid.analysis.Analysis - Number of classes in APK : 52
2019-57-28 16:57:44.777 [main] INFO  com.horndroid.analysis.Analysis - Number of methods in APK: 154
2019-57-28 16:57:44.777 [main] INFO  com.horndroid.analysis.Analysis - Number of instructions in APK: 2140
2019-57-28 16:57:44.777 [main] INFO  com.horndroid.analysis.Analysis - Number of instances in APK: 345
2019-57-28 16:57:44.912 [main] INFO  com.horndroid.analysis.Analysis - Number of sources: 54
2019-57-28 16:57:44.912 [main] INFO  com.horndroid.analysis.Analysis - Number of sinks: 37
2019-57-28 16:57:44.912 [main] INFO  com.horndroid.analysis.Analysis - Number of classes : 52
2019-57-28 16:57:44.912 [main] INFO  com.horndroid.analysis.Analysis - Number of methods: 154
2019-57-28 16:57:44.912 [main] INFO  com.horndroid.analysis.Analysis - Number of instructions: 2140
2019-57-28 16:57:44.912 [main] INFO  com.horndroid.analysis.Analysis - Number of instances : 345
2019-57-28 16:57:54.971 [main] DEBUG com.horndroid.executors.HorndroidExecutor - ...done in 10201 milliseconds
2019-57-28 16:57:54.971 [main] DEBUG com.horndroid.executors.HorndroidExecutor - Waiting for treads to terminate...
2019-57-28 16:57:54.971 [main] DEBUG com.horndroid.executors.HorndroidExecutor - ...done in 0 milliseconds
2019-57-28 16:57:54.971 [main] DEBUG com.horndroid.executors.HorndroidExecutor - Executing all queries...
2019-57-28 16:57:54.972 [main] INFO  com.horndroid.z3.FSEngine - Number of the generated queries: 22
2019-58-28 16:58:34.241 [main] INFO  com.horndroid.z3.FSEngine - 1 Test if register 0 leaks at line 14 in method getItemCount()I of the class Lcom/example/recyclerviewminimal/ListEntityAdapter; to the sink d(Ljava/lang/String;Ljava/lang/String;)I:NO LEAK
2019-00-28 17:00:29.362 [main] INFO  com.horndroid.z3.FSEngine - 2 [REF] Test if register 0 leaks at line 14 in method getItemCount()I of the class Lcom/example/recyclerviewminimal/ListEntityAdapter; to the sink d(Ljava/lang/String;Ljava/lang/String;)I:NO LEAK
2019-01-28 17:01:17.059 [main] INFO  com.horndroid.z3.FSEngine - 3 Test if register 1 leaks at line 14 in method getItemCount()I of the class Lcom/example/recyclerviewminimal/ListEntityAdapter; to the sink d(Ljava/lang/String;Ljava/lang/String;)I:NO LEAK
2019-03-28 17:03:17.174 [main] INFO  com.horndroid.z3.FSEngine - 4 [REF] Test if register 1 leaks at line 14 in method getItemCount()I of the class Lcom/example/recyclerviewminimal/ListEntityAdapter; to the sink d(Ljava/lang/String;Ljava/lang/String;)I:NO LEAK
2019-05-28 17:05:14.905 [main] INFO  com.horndroid.z3.FSEngine - 5 Test if register 4 leaks at line 19 in method invokeCallback(Landroid/arch/lifecycle/ReflectiveGenericLifecycleObserver$MethodReference;Landroid/arch/lifecycle/LifecycleOwner;Landroid/arch/lifecycle/Lifecycle$Event;)V of the class Landroid/arch/lifecycle/ReflectiveGenericLifecycleObserver; to the sink invoke(Ljava/lang/Object;[Ljava/lang/Object;)Ljava/lang/Object;:NO LEAK
2019-07-28 17:07:13.849 [main] INFO  com.horndroid.z3.FSEngine - 6 [REF] Test if register 4 leaks at line 19 in method invokeCallback(Landroid/arch/lifecycle/ReflectiveGenericLifecycleObserver$MethodReference;Landroid/arch/lifecycle/LifecycleOwner;Landroid/arch/lifecycle/Lifecycle$Event;)V of the class Landroid/arch/lifecycle/ReflectiveGenericLifecycleObserver; to the sink invoke(Ljava/lang/Object;[Ljava/lang/Object;)Ljava/lang/Object;:NO LEAK
2019-09-28 17:09:12.176 [main] INFO  com.horndroid.z3.FSEngine - 7 Test if register 3 leaks at line 19 in method invokeCallback(Landroid/arch/lifecycle/ReflectiveGenericLifecycleObserver$MethodReference;Landroid/arch/lifecycle/LifecycleOwner;Landroid/arch/lifecycle/Lifecycle$Event;)V of the class Landroid/arch/lifecycle/ReflectiveGenericLifecycleObserver; to the sink invoke(Ljava/lang/Object;[Ljava/lang/Object;)Ljava/lang/Object;:NO LEAK
2019-11-28 17:11:10.418 [main] INFO  com.horndroid.z3.FSEngine - 8 [REF] Test if register 3 leaks at line 19 in method invokeCallback(Landroid/arch/lifecycle/ReflectiveGenericLifecycleObserver$MethodReference;Landroid/arch/lifecycle/LifecycleOwner;Landroid/arch/lifecycle/Lifecycle$Event;)V of the class Landroid/arch/lifecycle/ReflectiveGenericLifecycleObserver; to the sink invoke(Ljava/lang/Object;[Ljava/lang/Object;)Ljava/lang/Object;:NO LEAK
2019-13-28 17:13:08.707 [main] INFO  com.horndroid.z3.FSEngine - 9 Test if register 0 leaks at line 19 in method invokeCallback(Landroid/arch/lifecycle/ReflectiveGenericLifecycleObserver$MethodReference;Landroid/arch/lifecycle/LifecycleOwner;Landroid/arch/lifecycle/Lifecycle$Event;)V of the class Landroid/arch/lifecycle/ReflectiveGenericLifecycleObserver; to the sink invoke(Ljava/lang/Object;[Ljava/lang/Object;)Ljava/lang/Object;:NO LEAK
2019-15-28 17:15:07.151 [main] INFO  com.horndroid.z3.FSEngine - 10 [REF] Test if register 0 leaks at line 19 in method invokeCallback(Landroid/arch/lifecycle/ReflectiveGenericLifecycleObserver$MethodReference;Landroid/arch/lifecycle/LifecycleOwner;Landroid/arch/lifecycle/Lifecycle$Event;)V of the class Landroid/arch/lifecycle/ReflectiveGenericLifecycleObserver; to the sink invoke(Ljava/lang/Object;[Ljava/lang/Object;)Ljava/lang/Object;:NO LEAK
2019-17-28 17:17:04.622 [main] INFO  com.horndroid.z3.FSEngine - 11 Test if register 1 leaks at line 31 in method invokeCallback(Landroid/arch/lifecycle/ReflectiveGenericLifecycleObserver$MethodReference;Landroid/arch/lifecycle/LifecycleOwner;Landroid/arch/lifecycle/Lifecycle$Event;)V of the class Landroid/arch/lifecycle/ReflectiveGenericLifecycleObserver; to the sink invoke(Ljava/lang/Object;[Ljava/lang/Object;)Ljava/lang/Object;:NO LEAK
2019-19-28 17:19:02.841 [main] INFO  com.horndroid.z3.FSEngine - 12 [REF] Test if register 1 leaks at line 31 in method invokeCallback(Landroid/arch/lifecycle/ReflectiveGenericLifecycleObserver$MethodReference;Landroid/arch/lifecycle/LifecycleOwner;Landroid/arch/lifecycle/Lifecycle$Event;)V of the class Landroid/arch/lifecycle/ReflectiveGenericLifecycleObserver; to the sink invoke(Ljava/lang/Object;[Ljava/lang/Object;)Ljava/lang/Object;:NO LEAK
2019-21-28 17:21:00.849 [main] INFO  com.horndroid.z3.FSEngine - 13 Test if register 3 leaks at line 31 in method invokeCallback(Landroid/arch/lifecycle/ReflectiveGenericLifecycleObserver$MethodReference;Landroid/arch/lifecycle/LifecycleOwner;Landroid/arch/lifecycle/Lifecycle$Event;)V of the class Landroid/arch/lifecycle/ReflectiveGenericLifecycleObserver; to the sink invoke(Ljava/lang/Object;[Ljava/lang/Object;)Ljava/lang/Object;:NO LEAK
2019-23-28 17:23:00.265 [main] INFO  com.horndroid.z3.FSEngine - 14 [REF] Test if register 3 leaks at line 31 in method invokeCallback(Landroid/arch/lifecycle/ReflectiveGenericLifecycleObserver$MethodReference;Landroid/arch/lifecycle/LifecycleOwner;Landroid/arch/lifecycle/Lifecycle$Event;)V of the class Landroid/arch/lifecycle/ReflectiveGenericLifecycleObserver; to the sink invoke(Ljava/lang/Object;[Ljava/lang/Object;)Ljava/lang/Object;:NO LEAK
2019-24-28 17:24:58.069 [main] INFO  com.horndroid.z3.FSEngine - 15 Test if register 0 leaks at line 31 in method invokeCallback(Landroid/arch/lifecycle/ReflectiveGenericLifecycleObserver$MethodReference;Landroid/arch/lifecycle/LifecycleOwner;Landroid/arch/lifecycle/Lifecycle$Event;)V of the class Landroid/arch/lifecycle/ReflectiveGenericLifecycleObserver; to the sink invoke(Ljava/lang/Object;[Ljava/lang/Object;)Ljava/lang/Object;:NO LEAK
2019-26-28 17:26:56.500 [main] INFO  com.horndroid.z3.FSEngine - 16 [REF] Test if register 0 leaks at line 31 in method invokeCallback(Landroid/arch/lifecycle/ReflectiveGenericLifecycleObserver$MethodReference;Landroid/arch/lifecycle/LifecycleOwner;Landroid/arch/lifecycle/Lifecycle$Event;)V of the class Landroid/arch/lifecycle/ReflectiveGenericLifecycleObserver; to the sink invoke(Ljava/lang/Object;[Ljava/lang/Object;)Ljava/lang/Object;:NO LEAK
2019-28-28 17:28:54.310 [main] INFO  com.horndroid.z3.FSEngine - 17 Test if register 2 leaks at line 41 in method invokeCallback(Landroid/arch/lifecycle/ReflectiveGenericLifecycleObserver$MethodReference;Landroid/arch/lifecycle/LifecycleOwner;Landroid/arch/lifecycle/Lifecycle$Event;)V of the class Landroid/arch/lifecycle/ReflectiveGenericLifecycleObserver; to the sink invoke(Ljava/lang/Object;[Ljava/lang/Object;)Ljava/lang/Object;:NO LEAK
2019-30-28 17:30:52.699 [main] INFO  com.horndroid.z3.FSEngine - 18 [REF] Test if register 2 leaks at line 41 in method invokeCallback(Landroid/arch/lifecycle/ReflectiveGenericLifecycleObserver$MethodReference;Landroid/arch/lifecycle/LifecycleOwner;Landroid/arch/lifecycle/Lifecycle$Event;)V of the class Landroid/arch/lifecycle/ReflectiveGenericLifecycleObserver; to the sink invoke(Ljava/lang/Object;[Ljava/lang/Object;)Ljava/lang/Object;:NO LEAK
2019-32-28 17:32:50.321 [main] INFO  com.horndroid.z3.FSEngine - 19 Test if register 1 leaks at line 41 in method invokeCallback(Landroid/arch/lifecycle/ReflectiveGenericLifecycleObserver$MethodReference;Landroid/arch/lifecycle/LifecycleOwner;Landroid/arch/lifecycle/Lifecycle$Event;)V of the class Landroid/arch/lifecycle/ReflectiveGenericLifecycleObserver; to the sink invoke(Ljava/lang/Object;[Ljava/lang/Object;)Ljava/lang/Object;:NO LEAK
2019-34-28 17:34:48.838 [main] INFO  com.horndroid.z3.FSEngine - 20 [REF] Test if register 1 leaks at line 41 in method invokeCallback(Landroid/arch/lifecycle/ReflectiveGenericLifecycleObserver$MethodReference;Landroid/arch/lifecycle/LifecycleOwner;Landroid/arch/lifecycle/Lifecycle$Event;)V of the class Landroid/arch/lifecycle/ReflectiveGenericLifecycleObserver; to the sink invoke(Ljava/lang/Object;[Ljava/lang/Object;)Ljava/lang/Object;:NO LEAK
2019-36-28 17:36:46.770 [main] INFO  com.horndroid.z3.FSEngine - 21 Test if register 0 leaks at line 41 in method invokeCallback(Landroid/arch/lifecycle/ReflectiveGenericLifecycleObserver$MethodReference;Landroid/arch/lifecycle/LifecycleOwner;Landroid/arch/lifecycle/Lifecycle$Event;)V of the class Landroid/arch/lifecycle/ReflectiveGenericLifecycleObserver; to the sink invoke(Ljava/lang/Object;[Ljava/lang/Object;)Ljava/lang/Object;:NO LEAK
2019-38-28 17:38:44.689 [main] INFO  com.horndroid.z3.FSEngine - 22 [REF] Test if register 0 leaks at line 41 in method invokeCallback(Landroid/arch/lifecycle/ReflectiveGenericLifecycleObserver$MethodReference;Landroid/arch/lifecycle/LifecycleOwner;Landroid/arch/lifecycle/Lifecycle$Event;)V of the class Landroid/arch/lifecycle/ReflectiveGenericLifecycleObserver; to the sink invoke(Ljava/lang/Object;[Ljava/lang/Object;)Ljava/lang/Object;:NO LEAK
2019-38-28 17:38:44.691 [main] DEBUG com.horndroid.executors.HorndroidExecutor - ...done in 2449719 milliseconds
