apks/RecyclerViewMinimal1.apk started
2019-02-28 14:02:25.109 [main] INFO  com.horndroid.Main - Starting fsHornDroid...
2019-02-28 14:02:25.112 [main] INFO  com.horndroid.Main - Flow Sensitive Analysis on 64 bitvectors size
2019-02-28 14:02:25.113 [main] DEBUG com.horndroid.executors.HorndroidExecutor - Parsing sources and sinks...
2019-02-28 14:02:25.595 [main] DEBUG com.horndroid.executors.HorndroidExecutor - done in 481 milliseconds
2019-02-28 14:02:25.595 [main] DEBUG com.horndroid.executors.HorndroidExecutor - Collecting apk files to process...
2019-02-28 14:02:25.595 [main] DEBUG com.horndroid.executors.HorndroidExecutor - done in 0 milliseconds
2019-02-28 14:02:25.627 [main] INFO  com.horndroid.executors.HorndroidExecutor - Analysing RecyclerViewMinimal1.apk
2019-02-28 14:02:25.660 [main] DEBUG com.horndroid.executors.HorndroidExecutor - Parsing entry points...
2019-02-28 14:02:25.663 [main] DEBUG com.horndroid.executors.HorndroidExecutor - done in 3 milliseconds
2019-02-28 14:02:25.663 [main] DEBUG com.horndroid.executors.HorndroidExecutor - Parsing callbacks and disabled activities...
2019-02-28 14:02:25.663 [main] INFO  com.horndroid.util.SourceSinkParser - Running apktool to obtain manifest xml and layout files
2019-02-28 14:02:27.875 [main] INFO  com.horndroid.util.SourceSinkParser - Exit Code:0
2019-02-28 14:02:27.876 [main] INFO  com.horndroid.util.SourceSinkParser - STDOUT:I: Using Apktool 2.3.0 on RecyclerViewMinimal1.apk
2019-02-28 14:02:27.876 [main] INFO  com.horndroid.util.SourceSinkParser - STDOUT:I: Loading resource table...
2019-02-28 14:02:27.876 [main] INFO  com.horndroid.util.SourceSinkParser - STDOUT:I: Decoding AndroidManifest.xml with resources...
2019-02-28 14:02:27.876 [main] INFO  com.horndroid.util.SourceSinkParser - STDOUT:I: Loading resource table from file: /tmp/1.apk
2019-02-28 14:02:27.877 [main] INFO  com.horndroid.util.SourceSinkParser - STDOUT:I: Regular manifest package...
2019-02-28 14:02:27.877 [main] INFO  com.horndroid.util.SourceSinkParser - STDOUT:I: Decoding file-resources...
2019-02-28 14:02:27.877 [main] INFO  com.horndroid.util.SourceSinkParser - STDOUT:I: Decoding values */* XMLs...
2019-02-28 14:02:27.877 [main] INFO  com.horndroid.util.SourceSinkParser - STDOUT:I: Copying raw classes.dex file...
2019-02-28 14:02:27.877 [main] INFO  com.horndroid.util.SourceSinkParser - STDOUT:I: Copying assets and libs...
2019-02-28 14:02:27.878 [main] INFO  com.horndroid.util.SourceSinkParser - STDOUT:I: Copying unknown files...
2019-02-28 14:02:27.878 [main] INFO  com.horndroid.util.SourceSinkParser - STDOUT:I: Copying original files...
2019-02-28 14:02:27.878 [main] INFO  com.horndroid.util.SourceSinkParser - Here is the standard error of the command (if any):

2019-02-28 14:02:27.878 [main] INFO  com.horndroid.util.SourceSinkParser - S: Please be aware this is a volatile directory and frameworks could go missing, please utilize --frame-path if the default storage directory is unavailable
2019-02-28 14:02:28.173 [main] DEBUG com.horndroid.executors.HorndroidExecutor - ...done in 2509 milliseconds
2019-02-28 14:02:28.173 [main] DEBUG com.horndroid.executors.HorndroidExecutor - Sorting classes...
2019-02-28 14:02:28.194 [main] DEBUG com.horndroid.executors.HorndroidExecutor - done in 20 milliseconds
2019-02-28 14:02:28.194 [main] DEBUG com.horndroid.executors.HorndroidExecutor - Collecting data for Horn Clause generation...
2019-02-28 14:02:28.576 [main] DEBUG com.horndroid.executors.HorndroidExecutor - done in 382 milliseconds
2019-02-28 14:02:28.577 [main] DEBUG com.horndroid.executors.HorndroidExecutor - Generating Horn Clauses..
2019-02-28 14:02:28.577 [main] INFO  com.horndroid.analysis.Analysis - Ready to start generating Horn Clauses:
2019-02-28 14:02:28.587 [main] INFO  com.horndroid.analysis.Analysis - Number of classes in APK : 52
2019-02-28 14:02:28.587 [main] INFO  com.horndroid.analysis.Analysis - Number of methods in APK: 154
2019-02-28 14:02:28.587 [main] INFO  com.horndroid.analysis.Analysis - Number of instructions in APK: 2143
2019-02-28 14:02:28.587 [main] INFO  com.horndroid.analysis.Analysis - Number of instances in APK: 345
2019-02-28 14:02:28.757 [main] INFO  com.horndroid.analysis.Analysis - Number of sources: 54
2019-02-28 14:02:28.757 [main] INFO  com.horndroid.analysis.Analysis - Number of sinks: 37
2019-02-28 14:02:28.757 [main] INFO  com.horndroid.analysis.Analysis - Number of classes : 52
2019-02-28 14:02:28.757 [main] INFO  com.horndroid.analysis.Analysis - Number of methods: 154
2019-02-28 14:02:28.758 [main] INFO  com.horndroid.analysis.Analysis - Number of instructions: 2143
2019-02-28 14:02:28.758 [main] INFO  com.horndroid.analysis.Analysis - Number of instances : 345
2019-02-28 14:02:37.987 [main] DEBUG com.horndroid.executors.HorndroidExecutor - ...done in 9409 milliseconds
2019-02-28 14:02:37.987 [main] DEBUG com.horndroid.executors.HorndroidExecutor - Waiting for treads to terminate...
2019-02-28 14:02:37.987 [main] DEBUG com.horndroid.executors.HorndroidExecutor - ...done in 0 milliseconds
2019-02-28 14:02:37.987 [main] DEBUG com.horndroid.executors.HorndroidExecutor - Executing all queries...
2019-02-28 14:02:37.988 [main] INFO  com.horndroid.z3.FSEngine - Number of the generated queries: 22
2019-04-28 14:04:24.796 [main] INFO  com.horndroid.z3.FSEngine - 1 Test if register 4 leaks at line 19 in method invokeCallback(Landroid/arch/lifecycle/ReflectiveGenericLifecycleObserver$MethodReference;Landroid/arch/lifecycle/LifecycleOwner;Landroid/arch/lifecycle/Lifecycle$Event;)V of the class Landroid/arch/lifecycle/ReflectiveGenericLifecycleObserver; to the sink invoke(Ljava/lang/Object;[Ljava/lang/Object;)Ljava/lang/Object;:NO LEAK
2019-06-28 14:06:20.837 [main] INFO  com.horndroid.z3.FSEngine - 2 [REF] Test if register 4 leaks at line 19 in method invokeCallback(Landroid/arch/lifecycle/ReflectiveGenericLifecycleObserver$MethodReference;Landroid/arch/lifecycle/LifecycleOwner;Landroid/arch/lifecycle/Lifecycle$Event;)V of the class Landroid/arch/lifecycle/ReflectiveGenericLifecycleObserver; to the sink invoke(Ljava/lang/Object;[Ljava/lang/Object;)Ljava/lang/Object;:NO LEAK
2019-08-28 14:08:14.790 [main] INFO  com.horndroid.z3.FSEngine - 3 Test if register 3 leaks at line 19 in method invokeCallback(Landroid/arch/lifecycle/ReflectiveGenericLifecycleObserver$MethodReference;Landroid/arch/lifecycle/LifecycleOwner;Landroid/arch/lifecycle/Lifecycle$Event;)V of the class Landroid/arch/lifecycle/ReflectiveGenericLifecycleObserver; to the sink invoke(Ljava/lang/Object;[Ljava/lang/Object;)Ljava/lang/Object;:NO LEAK
2019-10-28 14:10:08.256 [main] INFO  com.horndroid.z3.FSEngine - 4 [REF] Test if register 3 leaks at line 19 in method invokeCallback(Landroid/arch/lifecycle/ReflectiveGenericLifecycleObserver$MethodReference;Landroid/arch/lifecycle/LifecycleOwner;Landroid/arch/lifecycle/Lifecycle$Event;)V of the class Landroid/arch/lifecycle/ReflectiveGenericLifecycleObserver; to the sink invoke(Ljava/lang/Object;[Ljava/lang/Object;)Ljava/lang/Object;:NO LEAK
2019-12-28 14:12:01.783 [main] INFO  com.horndroid.z3.FSEngine - 5 Test if register 0 leaks at line 19 in method invokeCallback(Landroid/arch/lifecycle/ReflectiveGenericLifecycleObserver$MethodReference;Landroid/arch/lifecycle/LifecycleOwner;Landroid/arch/lifecycle/Lifecycle$Event;)V of the class Landroid/arch/lifecycle/ReflectiveGenericLifecycleObserver; to the sink invoke(Ljava/lang/Object;[Ljava/lang/Object;)Ljava/lang/Object;:NO LEAK
2019-13-28 14:13:55.345 [main] INFO  com.horndroid.z3.FSEngine - 6 [REF] Test if register 0 leaks at line 19 in method invokeCallback(Landroid/arch/lifecycle/ReflectiveGenericLifecycleObserver$MethodReference;Landroid/arch/lifecycle/LifecycleOwner;Landroid/arch/lifecycle/Lifecycle$Event;)V of the class Landroid/arch/lifecycle/ReflectiveGenericLifecycleObserver; to the sink invoke(Ljava/lang/Object;[Ljava/lang/Object;)Ljava/lang/Object;:NO LEAK
2019-15-28 14:15:48.835 [main] INFO  com.horndroid.z3.FSEngine - 7 Test if register 1 leaks at line 31 in method invokeCallback(Landroid/arch/lifecycle/ReflectiveGenericLifecycleObserver$MethodReference;Landroid/arch/lifecycle/LifecycleOwner;Landroid/arch/lifecycle/Lifecycle$Event;)V of the class Landroid/arch/lifecycle/ReflectiveGenericLifecycleObserver; to the sink invoke(Ljava/lang/Object;[Ljava/lang/Object;)Ljava/lang/Object;:NO LEAK
2019-17-28 14:17:43.269 [main] INFO  com.horndroid.z3.FSEngine - 8 [REF] Test if register 1 leaks at line 31 in method invokeCallback(Landroid/arch/lifecycle/ReflectiveGenericLifecycleObserver$MethodReference;Landroid/arch/lifecycle/LifecycleOwner;Landroid/arch/lifecycle/Lifecycle$Event;)V of the class Landroid/arch/lifecycle/ReflectiveGenericLifecycleObserver; to the sink invoke(Ljava/lang/Object;[Ljava/lang/Object;)Ljava/lang/Object;:NO LEAK
2019-19-28 14:19:37.247 [main] INFO  com.horndroid.z3.FSEngine - 9 Test if register 3 leaks at line 31 in method invokeCallback(Landroid/arch/lifecycle/ReflectiveGenericLifecycleObserver$MethodReference;Landroid/arch/lifecycle/LifecycleOwner;Landroid/arch/lifecycle/Lifecycle$Event;)V of the class Landroid/arch/lifecycle/ReflectiveGenericLifecycleObserver; to the sink invoke(Ljava/lang/Object;[Ljava/lang/Object;)Ljava/lang/Object;:NO LEAK
2019-21-28 14:21:32.709 [main] INFO  com.horndroid.z3.FSEngine - 10 [REF] Test if register 3 leaks at line 31 in method invokeCallback(Landroid/arch/lifecycle/ReflectiveGenericLifecycleObserver$MethodReference;Landroid/arch/lifecycle/LifecycleOwner;Landroid/arch/lifecycle/Lifecycle$Event;)V of the class Landroid/arch/lifecycle/ReflectiveGenericLifecycleObserver; to the sink invoke(Ljava/lang/Object;[Ljava/lang/Object;)Ljava/lang/Object;:NO LEAK
2019-23-28 14:23:27.199 [main] INFO  com.horndroid.z3.FSEngine - 11 Test if register 0 leaks at line 31 in method invokeCallback(Landroid/arch/lifecycle/ReflectiveGenericLifecycleObserver$MethodReference;Landroid/arch/lifecycle/LifecycleOwner;Landroid/arch/lifecycle/Lifecycle$Event;)V of the class Landroid/arch/lifecycle/ReflectiveGenericLifecycleObserver; to the sink invoke(Ljava/lang/Object;[Ljava/lang/Object;)Ljava/lang/Object;:NO LEAK
2019-25-28 14:25:22.623 [main] INFO  com.horndroid.z3.FSEngine - 12 [REF] Test if register 0 leaks at line 31 in method invokeCallback(Landroid/arch/lifecycle/ReflectiveGenericLifecycleObserver$MethodReference;Landroid/arch/lifecycle/LifecycleOwner;Landroid/arch/lifecycle/Lifecycle$Event;)V of the class Landroid/arch/lifecycle/ReflectiveGenericLifecycleObserver; to the sink invoke(Ljava/lang/Object;[Ljava/lang/Object;)Ljava/lang/Object;:NO LEAK
2019-27-28 14:27:16.505 [main] INFO  com.horndroid.z3.FSEngine - 13 Test if register 2 leaks at line 41 in method invokeCallback(Landroid/arch/lifecycle/ReflectiveGenericLifecycleObserver$MethodReference;Landroid/arch/lifecycle/LifecycleOwner;Landroid/arch/lifecycle/Lifecycle$Event;)V of the class Landroid/arch/lifecycle/ReflectiveGenericLifecycleObserver; to the sink invoke(Ljava/lang/Object;[Ljava/lang/Object;)Ljava/lang/Object;:NO LEAK
2019-29-28 14:29:10.821 [main] INFO  com.horndroid.z3.FSEngine - 14 [REF] Test if register 2 leaks at line 41 in method invokeCallback(Landroid/arch/lifecycle/ReflectiveGenericLifecycleObserver$MethodReference;Landroid/arch/lifecycle/LifecycleOwner;Landroid/arch/lifecycle/Lifecycle$Event;)V of the class Landroid/arch/lifecycle/ReflectiveGenericLifecycleObserver; to the sink invoke(Ljava/lang/Object;[Ljava/lang/Object;)Ljava/lang/Object;:NO LEAK
2019-31-28 14:31:04.410 [main] INFO  com.horndroid.z3.FSEngine - 15 Test if register 1 leaks at line 41 in method invokeCallback(Landroid/arch/lifecycle/ReflectiveGenericLifecycleObserver$MethodReference;Landroid/arch/lifecycle/LifecycleOwner;Landroid/arch/lifecycle/Lifecycle$Event;)V of the class Landroid/arch/lifecycle/ReflectiveGenericLifecycleObserver; to the sink invoke(Ljava/lang/Object;[Ljava/lang/Object;)Ljava/lang/Object;:NO LEAK
2019-32-28 14:32:58.321 [main] INFO  com.horndroid.z3.FSEngine - 16 [REF] Test if register 1 leaks at line 41 in method invokeCallback(Landroid/arch/lifecycle/ReflectiveGenericLifecycleObserver$MethodReference;Landroid/arch/lifecycle/LifecycleOwner;Landroid/arch/lifecycle/Lifecycle$Event;)V of the class Landroid/arch/lifecycle/ReflectiveGenericLifecycleObserver; to the sink invoke(Ljava/lang/Object;[Ljava/lang/Object;)Ljava/lang/Object;:NO LEAK
2019-34-28 14:34:52.119 [main] INFO  com.horndroid.z3.FSEngine - 17 Test if register 0 leaks at line 41 in method invokeCallback(Landroid/arch/lifecycle/ReflectiveGenericLifecycleObserver$MethodReference;Landroid/arch/lifecycle/LifecycleOwner;Landroid/arch/lifecycle/Lifecycle$Event;)V of the class Landroid/arch/lifecycle/ReflectiveGenericLifecycleObserver; to the sink invoke(Ljava/lang/Object;[Ljava/lang/Object;)Ljava/lang/Object;:NO LEAK
2019-36-28 14:36:45.490 [main] INFO  com.horndroid.z3.FSEngine - 18 [REF] Test if register 0 leaks at line 41 in method invokeCallback(Landroid/arch/lifecycle/ReflectiveGenericLifecycleObserver$MethodReference;Landroid/arch/lifecycle/LifecycleOwner;Landroid/arch/lifecycle/Lifecycle$Event;)V of the class Landroid/arch/lifecycle/ReflectiveGenericLifecycleObserver; to the sink invoke(Ljava/lang/Object;[Ljava/lang/Object;)Ljava/lang/Object;:NO LEAK
2019-38-28 14:38:46.273 [main] INFO  com.horndroid.z3.FSEngine - 19 Test if register 1 leaks at line 23 in method <init>(Lcom/example/recyclerviewminimal/ListEntityAdapter;Landroid/view/View;)V of the class Lcom/example/recyclerviewminimal/ListEntityAdapter$ListViewHolder; to the sink d(Ljava/lang/String;Ljava/lang/String;)I:NO LEAK
2019-40-28 14:40:48.894 [main] INFO  com.horndroid.z3.FSEngine - 20 [REF] Test if register 1 leaks at line 23 in method <init>(Lcom/example/recyclerviewminimal/ListEntityAdapter;Landroid/view/View;)V of the class Lcom/example/recyclerviewminimal/ListEntityAdapter$ListViewHolder; to the sink d(Ljava/lang/String;Ljava/lang/String;)I:NO LEAK
2019-42-28 14:42:42.769 [main] INFO  com.horndroid.z3.FSEngine - 21 Test if register 0 leaks at line 23 in method <init>(Lcom/example/recyclerviewminimal/ListEntityAdapter;Landroid/view/View;)V of the class Lcom/example/recyclerviewminimal/ListEntityAdapter$ListViewHolder; to the sink d(Ljava/lang/String;Ljava/lang/String;)I:NO LEAK
2019-44-28 14:44:43.835 [main] INFO  com.horndroid.z3.FSEngine - 22 [REF] Test if register 0 leaks at line 23 in method <init>(Lcom/example/recyclerviewminimal/ListEntityAdapter;Landroid/view/View;)V of the class Lcom/example/recyclerviewminimal/ListEntityAdapter$ListViewHolder; to the sink d(Ljava/lang/String;Ljava/lang/String;)I:NO LEAK
2019-44-28 14:44:43.836 [main] DEBUG com.horndroid.executors.HorndroidExecutor - ...done in 2525848 milliseconds
