apks/RecyclerViewMinimal3.apk started
2019-30-28 15:30:39.138 [main] INFO  com.horndroid.Main - Starting fsHornDroid...
2019-30-28 15:30:39.141 [main] INFO  com.horndroid.Main - Flow Sensitive Analysis on 64 bitvectors size
2019-30-28 15:30:39.142 [main] DEBUG com.horndroid.executors.HorndroidExecutor - Parsing sources and sinks...
2019-30-28 15:30:39.578 [main] DEBUG com.horndroid.executors.HorndroidExecutor - done in 435 milliseconds
2019-30-28 15:30:39.578 [main] DEBUG com.horndroid.executors.HorndroidExecutor - Collecting apk files to process...
2019-30-28 15:30:39.579 [main] DEBUG com.horndroid.executors.HorndroidExecutor - done in 0 milliseconds
2019-30-28 15:30:39.621 [main] INFO  com.horndroid.executors.HorndroidExecutor - Analysing RecyclerViewMinimal3.apk
2019-30-28 15:30:39.660 [main] DEBUG com.horndroid.executors.HorndroidExecutor - Parsing entry points...
2019-30-28 15:30:39.663 [main] DEBUG com.horndroid.executors.HorndroidExecutor - done in 3 milliseconds
2019-30-28 15:30:39.663 [main] DEBUG com.horndroid.executors.HorndroidExecutor - Parsing callbacks and disabled activities...
2019-30-28 15:30:39.663 [main] INFO  com.horndroid.util.SourceSinkParser - Running apktool to obtain manifest xml and layout files
2019-30-28 15:30:42.083 [main] INFO  com.horndroid.util.SourceSinkParser - Exit Code:0
2019-30-28 15:30:42.084 [main] INFO  com.horndroid.util.SourceSinkParser - STDOUT:I: Using Apktool 2.3.0 on RecyclerViewMinimal3.apk
2019-30-28 15:30:42.084 [main] INFO  com.horndroid.util.SourceSinkParser - STDOUT:I: Loading resource table...
2019-30-28 15:30:42.084 [main] INFO  com.horndroid.util.SourceSinkParser - STDOUT:I: Decoding AndroidManifest.xml with resources...
2019-30-28 15:30:42.084 [main] INFO  com.horndroid.util.SourceSinkParser - STDOUT:I: Loading resource table from file: /tmp/1.apk
2019-30-28 15:30:42.085 [main] INFO  com.horndroid.util.SourceSinkParser - STDOUT:I: Regular manifest package...
2019-30-28 15:30:42.085 [main] INFO  com.horndroid.util.SourceSinkParser - STDOUT:I: Decoding file-resources...
2019-30-28 15:30:42.085 [main] INFO  com.horndroid.util.SourceSinkParser - STDOUT:I: Decoding values */* XMLs...
2019-30-28 15:30:42.085 [main] INFO  com.horndroid.util.SourceSinkParser - STDOUT:I: Copying raw classes.dex file...
2019-30-28 15:30:42.085 [main] INFO  com.horndroid.util.SourceSinkParser - STDOUT:I: Copying assets and libs...
2019-30-28 15:30:42.086 [main] INFO  com.horndroid.util.SourceSinkParser - STDOUT:I: Copying unknown files...
2019-30-28 15:30:42.086 [main] INFO  com.horndroid.util.SourceSinkParser - STDOUT:I: Copying original files...
2019-30-28 15:30:42.086 [main] INFO  com.horndroid.util.SourceSinkParser - Here is the standard error of the command (if any):

2019-30-28 15:30:42.086 [main] INFO  com.horndroid.util.SourceSinkParser - S: Please be aware this is a volatile directory and frameworks could go missing, please utilize --frame-path if the default storage directory is unavailable
2019-30-28 15:30:42.499 [main] DEBUG com.horndroid.executors.HorndroidExecutor - ...done in 2835 milliseconds
2019-30-28 15:30:42.499 [main] DEBUG com.horndroid.executors.HorndroidExecutor - Sorting classes...
2019-30-28 15:30:42.524 [main] DEBUG com.horndroid.executors.HorndroidExecutor - done in 24 milliseconds
2019-30-28 15:30:42.524 [main] DEBUG com.horndroid.executors.HorndroidExecutor - Collecting data for Horn Clause generation...
2019-30-28 15:30:42.923 [main] DEBUG com.horndroid.executors.HorndroidExecutor - done in 398 milliseconds
2019-30-28 15:30:42.923 [main] DEBUG com.horndroid.executors.HorndroidExecutor - Generating Horn Clauses..
2019-30-28 15:30:42.923 [main] INFO  com.horndroid.analysis.Analysis - Ready to start generating Horn Clauses:
2019-30-28 15:30:42.931 [main] INFO  com.horndroid.analysis.Analysis - Number of classes in APK : 52
2019-30-28 15:30:42.931 [main] INFO  com.horndroid.analysis.Analysis - Number of methods in APK: 154
2019-30-28 15:30:42.931 [main] INFO  com.horndroid.analysis.Analysis - Number of instructions in APK: 2140
2019-30-28 15:30:42.931 [main] INFO  com.horndroid.analysis.Analysis - Number of instances in APK: 345
2019-30-28 15:30:43.067 [main] INFO  com.horndroid.analysis.Analysis - Number of sources: 54
2019-30-28 15:30:43.067 [main] INFO  com.horndroid.analysis.Analysis - Number of sinks: 37
2019-30-28 15:30:43.067 [main] INFO  com.horndroid.analysis.Analysis - Number of classes : 52
2019-30-28 15:30:43.067 [main] INFO  com.horndroid.analysis.Analysis - Number of methods: 154
2019-30-28 15:30:43.067 [main] INFO  com.horndroid.analysis.Analysis - Number of instructions: 2140
2019-30-28 15:30:43.068 [main] INFO  com.horndroid.analysis.Analysis - Number of instances : 345
2019-30-28 15:30:52.770 [main] DEBUG com.horndroid.executors.HorndroidExecutor - ...done in 9846 milliseconds
2019-30-28 15:30:52.770 [main] DEBUG com.horndroid.executors.HorndroidExecutor - Waiting for treads to terminate...
2019-30-28 15:30:52.770 [main] DEBUG com.horndroid.executors.HorndroidExecutor - ...done in 0 milliseconds
2019-30-28 15:30:52.770 [main] DEBUG com.horndroid.executors.HorndroidExecutor - Executing all queries...
2019-30-28 15:30:52.771 [main] INFO  com.horndroid.z3.FSEngine - Number of the generated queries: 22
2019-31-28 15:31:31.542 [main] INFO  com.horndroid.z3.FSEngine - 1 Test if register 0 leaks at line 14 in method onCreateViewHolder(Landroid/view/ViewGroup;I)Lcom/example/recyclerviewminimal/ListEntityAdapter$ListViewHolder; of the class Lcom/example/recyclerviewminimal/ListEntityAdapter; to the sink d(Ljava/lang/String;Ljava/lang/String;)I:NO LEAK
2019-33-28 15:33:32.725 [main] INFO  com.horndroid.z3.FSEngine - 2 [REF] Test if register 0 leaks at line 14 in method onCreateViewHolder(Landroid/view/ViewGroup;I)Lcom/example/recyclerviewminimal/ListEntityAdapter$ListViewHolder; of the class Lcom/example/recyclerviewminimal/ListEntityAdapter; to the sink d(Ljava/lang/String;Ljava/lang/String;)I:NO LEAK
2019-34-28 15:34:20.898 [main] INFO  com.horndroid.z3.FSEngine - 3 Test if register 1 leaks at line 14 in method onCreateViewHolder(Landroid/view/ViewGroup;I)Lcom/example/recyclerviewminimal/ListEntityAdapter$ListViewHolder; of the class Lcom/example/recyclerviewminimal/ListEntityAdapter; to the sink d(Ljava/lang/String;Ljava/lang/String;)I:NO LEAK
2019-36-28 15:36:27.270 [main] INFO  com.horndroid.z3.FSEngine - 4 [REF] Test if register 1 leaks at line 14 in method onCreateViewHolder(Landroid/view/ViewGroup;I)Lcom/example/recyclerviewminimal/ListEntityAdapter$ListViewHolder; of the class Lcom/example/recyclerviewminimal/ListEntityAdapter; to the sink d(Ljava/lang/String;Ljava/lang/String;)I:NO LEAK
2019-38-28 15:38:29.154 [main] INFO  com.horndroid.z3.FSEngine - 5 Test if register 4 leaks at line 19 in method invokeCallback(Landroid/arch/lifecycle/ReflectiveGenericLifecycleObserver$MethodReference;Landroid/arch/lifecycle/LifecycleOwner;Landroid/arch/lifecycle/Lifecycle$Event;)V of the class Landroid/arch/lifecycle/ReflectiveGenericLifecycleObserver; to the sink invoke(Ljava/lang/Object;[Ljava/lang/Object;)Ljava/lang/Object;:NO LEAK
2019-40-28 15:40:32.195 [main] INFO  com.horndroid.z3.FSEngine - 6 [REF] Test if register 4 leaks at line 19 in method invokeCallback(Landroid/arch/lifecycle/ReflectiveGenericLifecycleObserver$MethodReference;Landroid/arch/lifecycle/LifecycleOwner;Landroid/arch/lifecycle/Lifecycle$Event;)V of the class Landroid/arch/lifecycle/ReflectiveGenericLifecycleObserver; to the sink invoke(Ljava/lang/Object;[Ljava/lang/Object;)Ljava/lang/Object;:NO LEAK
2019-42-28 15:42:34.083 [main] INFO  com.horndroid.z3.FSEngine - 7 Test if register 3 leaks at line 19 in method invokeCallback(Landroid/arch/lifecycle/ReflectiveGenericLifecycleObserver$MethodReference;Landroid/arch/lifecycle/LifecycleOwner;Landroid/arch/lifecycle/Lifecycle$Event;)V of the class Landroid/arch/lifecycle/ReflectiveGenericLifecycleObserver; to the sink invoke(Ljava/lang/Object;[Ljava/lang/Object;)Ljava/lang/Object;:NO LEAK
2019-44-28 15:44:35.868 [main] INFO  com.horndroid.z3.FSEngine - 8 [REF] Test if register 3 leaks at line 19 in method invokeCallback(Landroid/arch/lifecycle/ReflectiveGenericLifecycleObserver$MethodReference;Landroid/arch/lifecycle/LifecycleOwner;Landroid/arch/lifecycle/Lifecycle$Event;)V of the class Landroid/arch/lifecycle/ReflectiveGenericLifecycleObserver; to the sink invoke(Ljava/lang/Object;[Ljava/lang/Object;)Ljava/lang/Object;:NO LEAK
2019-46-28 15:46:37.564 [main] INFO  com.horndroid.z3.FSEngine - 9 Test if register 0 leaks at line 19 in method invokeCallback(Landroid/arch/lifecycle/ReflectiveGenericLifecycleObserver$MethodReference;Landroid/arch/lifecycle/LifecycleOwner;Landroid/arch/lifecycle/Lifecycle$Event;)V of the class Landroid/arch/lifecycle/ReflectiveGenericLifecycleObserver; to the sink invoke(Ljava/lang/Object;[Ljava/lang/Object;)Ljava/lang/Object;:NO LEAK
2019-48-28 15:48:39.691 [main] INFO  com.horndroid.z3.FSEngine - 10 [REF] Test if register 0 leaks at line 19 in method invokeCallback(Landroid/arch/lifecycle/ReflectiveGenericLifecycleObserver$MethodReference;Landroid/arch/lifecycle/LifecycleOwner;Landroid/arch/lifecycle/Lifecycle$Event;)V of the class Landroid/arch/lifecycle/ReflectiveGenericLifecycleObserver; to the sink invoke(Ljava/lang/Object;[Ljava/lang/Object;)Ljava/lang/Object;:NO LEAK
2019-50-28 15:50:41.703 [main] INFO  com.horndroid.z3.FSEngine - 11 Test if register 1 leaks at line 31 in method invokeCallback(Landroid/arch/lifecycle/ReflectiveGenericLifecycleObserver$MethodReference;Landroid/arch/lifecycle/LifecycleOwner;Landroid/arch/lifecycle/Lifecycle$Event;)V of the class Landroid/arch/lifecycle/ReflectiveGenericLifecycleObserver; to the sink invoke(Ljava/lang/Object;[Ljava/lang/Object;)Ljava/lang/Object;:NO LEAK
2019-52-28 15:52:43.101 [main] INFO  com.horndroid.z3.FSEngine - 12 [REF] Test if register 1 leaks at line 31 in method invokeCallback(Landroid/arch/lifecycle/ReflectiveGenericLifecycleObserver$MethodReference;Landroid/arch/lifecycle/LifecycleOwner;Landroid/arch/lifecycle/Lifecycle$Event;)V of the class Landroid/arch/lifecycle/ReflectiveGenericLifecycleObserver; to the sink invoke(Ljava/lang/Object;[Ljava/lang/Object;)Ljava/lang/Object;:NO LEAK
2019-54-28 15:54:45.482 [main] INFO  com.horndroid.z3.FSEngine - 13 Test if register 3 leaks at line 31 in method invokeCallback(Landroid/arch/lifecycle/ReflectiveGenericLifecycleObserver$MethodReference;Landroid/arch/lifecycle/LifecycleOwner;Landroid/arch/lifecycle/Lifecycle$Event;)V of the class Landroid/arch/lifecycle/ReflectiveGenericLifecycleObserver; to the sink invoke(Ljava/lang/Object;[Ljava/lang/Object;)Ljava/lang/Object;:NO LEAK
2019-56-28 15:56:47.637 [main] INFO  com.horndroid.z3.FSEngine - 14 [REF] Test if register 3 leaks at line 31 in method invokeCallback(Landroid/arch/lifecycle/ReflectiveGenericLifecycleObserver$MethodReference;Landroid/arch/lifecycle/LifecycleOwner;Landroid/arch/lifecycle/Lifecycle$Event;)V of the class Landroid/arch/lifecycle/ReflectiveGenericLifecycleObserver; to the sink invoke(Ljava/lang/Object;[Ljava/lang/Object;)Ljava/lang/Object;:NO LEAK
2019-58-28 15:58:49.427 [main] INFO  com.horndroid.z3.FSEngine - 15 Test if register 0 leaks at line 31 in method invokeCallback(Landroid/arch/lifecycle/ReflectiveGenericLifecycleObserver$MethodReference;Landroid/arch/lifecycle/LifecycleOwner;Landroid/arch/lifecycle/Lifecycle$Event;)V of the class Landroid/arch/lifecycle/ReflectiveGenericLifecycleObserver; to the sink invoke(Ljava/lang/Object;[Ljava/lang/Object;)Ljava/lang/Object;:NO LEAK
2019-00-28 16:00:51.421 [main] INFO  com.horndroid.z3.FSEngine - 16 [REF] Test if register 0 leaks at line 31 in method invokeCallback(Landroid/arch/lifecycle/ReflectiveGenericLifecycleObserver$MethodReference;Landroid/arch/lifecycle/LifecycleOwner;Landroid/arch/lifecycle/Lifecycle$Event;)V of the class Landroid/arch/lifecycle/ReflectiveGenericLifecycleObserver; to the sink invoke(Ljava/lang/Object;[Ljava/lang/Object;)Ljava/lang/Object;:NO LEAK
2019-02-28 16:02:52.547 [main] INFO  com.horndroid.z3.FSEngine - 17 Test if register 2 leaks at line 41 in method invokeCallback(Landroid/arch/lifecycle/ReflectiveGenericLifecycleObserver$MethodReference;Landroid/arch/lifecycle/LifecycleOwner;Landroid/arch/lifecycle/Lifecycle$Event;)V of the class Landroid/arch/lifecycle/ReflectiveGenericLifecycleObserver; to the sink invoke(Ljava/lang/Object;[Ljava/lang/Object;)Ljava/lang/Object;:NO LEAK
2019-04-28 16:04:53.836 [main] INFO  com.horndroid.z3.FSEngine - 18 [REF] Test if register 2 leaks at line 41 in method invokeCallback(Landroid/arch/lifecycle/ReflectiveGenericLifecycleObserver$MethodReference;Landroid/arch/lifecycle/LifecycleOwner;Landroid/arch/lifecycle/Lifecycle$Event;)V of the class Landroid/arch/lifecycle/ReflectiveGenericLifecycleObserver; to the sink invoke(Ljava/lang/Object;[Ljava/lang/Object;)Ljava/lang/Object;:NO LEAK
2019-06-28 16:06:55.313 [main] INFO  com.horndroid.z3.FSEngine - 19 Test if register 1 leaks at line 41 in method invokeCallback(Landroid/arch/lifecycle/ReflectiveGenericLifecycleObserver$MethodReference;Landroid/arch/lifecycle/LifecycleOwner;Landroid/arch/lifecycle/Lifecycle$Event;)V of the class Landroid/arch/lifecycle/ReflectiveGenericLifecycleObserver; to the sink invoke(Ljava/lang/Object;[Ljava/lang/Object;)Ljava/lang/Object;:NO LEAK
2019-08-28 16:08:56.963 [main] INFO  com.horndroid.z3.FSEngine - 20 [REF] Test if register 1 leaks at line 41 in method invokeCallback(Landroid/arch/lifecycle/ReflectiveGenericLifecycleObserver$MethodReference;Landroid/arch/lifecycle/LifecycleOwner;Landroid/arch/lifecycle/Lifecycle$Event;)V of the class Landroid/arch/lifecycle/ReflectiveGenericLifecycleObserver; to the sink invoke(Ljava/lang/Object;[Ljava/lang/Object;)Ljava/lang/Object;:NO LEAK
2019-10-28 16:10:58.741 [main] INFO  com.horndroid.z3.FSEngine - 21 Test if register 0 leaks at line 41 in method invokeCallback(Landroid/arch/lifecycle/ReflectiveGenericLifecycleObserver$MethodReference;Landroid/arch/lifecycle/LifecycleOwner;Landroid/arch/lifecycle/Lifecycle$Event;)V of the class Landroid/arch/lifecycle/ReflectiveGenericLifecycleObserver; to the sink invoke(Ljava/lang/Object;[Ljava/lang/Object;)Ljava/lang/Object;:NO LEAK
2019-13-28 16:13:00.724 [main] INFO  com.horndroid.z3.FSEngine - 22 [REF] Test if register 0 leaks at line 41 in method invokeCallback(Landroid/arch/lifecycle/ReflectiveGenericLifecycleObserver$MethodReference;Landroid/arch/lifecycle/LifecycleOwner;Landroid/arch/lifecycle/Lifecycle$Event;)V of the class Landroid/arch/lifecycle/ReflectiveGenericLifecycleObserver; to the sink invoke(Ljava/lang/Object;[Ljava/lang/Object;)Ljava/lang/Object;:NO LEAK
2019-13-28 16:13:00.725 [main] DEBUG com.horndroid.executors.HorndroidExecutor - ...done in 2527954 milliseconds
