apks/RecyclerViewMinimal2.apk started
2019-48-28 14:48:05.368 [main] INFO  com.horndroid.Main - Starting fsHornDroid...
2019-48-28 14:48:05.372 [main] INFO  com.horndroid.Main - Flow Sensitive Analysis on 64 bitvectors size
2019-48-28 14:48:05.373 [main] DEBUG com.horndroid.executors.HorndroidExecutor - Parsing sources and sinks...
2019-48-28 14:48:05.833 [main] DEBUG com.horndroid.executors.HorndroidExecutor - done in 459 milliseconds
2019-48-28 14:48:05.833 [main] DEBUG com.horndroid.executors.HorndroidExecutor - Collecting apk files to process...
2019-48-28 14:48:05.833 [main] DEBUG com.horndroid.executors.HorndroidExecutor - done in 0 milliseconds
2019-48-28 14:48:05.864 [main] INFO  com.horndroid.executors.HorndroidExecutor - Analysing RecyclerViewMinimal2.apk
2019-48-28 14:48:05.898 [main] DEBUG com.horndroid.executors.HorndroidExecutor - Parsing entry points...
2019-48-28 14:48:05.902 [main] DEBUG com.horndroid.executors.HorndroidExecutor - done in 3 milliseconds
2019-48-28 14:48:05.902 [main] DEBUG com.horndroid.executors.HorndroidExecutor - Parsing callbacks and disabled activities...
2019-48-28 14:48:05.902 [main] INFO  com.horndroid.util.SourceSinkParser - Running apktool to obtain manifest xml and layout files
2019-48-28 14:48:08.073 [main] INFO  com.horndroid.util.SourceSinkParser - Exit Code:0
2019-48-28 14:48:08.074 [main] INFO  com.horndroid.util.SourceSinkParser - STDOUT:I: Using Apktool 2.3.0 on RecyclerViewMinimal2.apk
2019-48-28 14:48:08.074 [main] INFO  com.horndroid.util.SourceSinkParser - STDOUT:I: Loading resource table...
2019-48-28 14:48:08.074 [main] INFO  com.horndroid.util.SourceSinkParser - STDOUT:I: Decoding AndroidManifest.xml with resources...
2019-48-28 14:48:08.074 [main] INFO  com.horndroid.util.SourceSinkParser - STDOUT:I: Loading resource table from file: /tmp/1.apk
2019-48-28 14:48:08.075 [main] INFO  com.horndroid.util.SourceSinkParser - STDOUT:I: Regular manifest package...
2019-48-28 14:48:08.075 [main] INFO  com.horndroid.util.SourceSinkParser - STDOUT:I: Decoding file-resources...
2019-48-28 14:48:08.075 [main] INFO  com.horndroid.util.SourceSinkParser - STDOUT:I: Decoding values */* XMLs...
2019-48-28 14:48:08.075 [main] INFO  com.horndroid.util.SourceSinkParser - STDOUT:I: Copying raw classes.dex file...
2019-48-28 14:48:08.075 [main] INFO  com.horndroid.util.SourceSinkParser - STDOUT:I: Copying assets and libs...
2019-48-28 14:48:08.075 [main] INFO  com.horndroid.util.SourceSinkParser - STDOUT:I: Copying unknown files...
2019-48-28 14:48:08.076 [main] INFO  com.horndroid.util.SourceSinkParser - STDOUT:I: Copying original files...
2019-48-28 14:48:08.076 [main] INFO  com.horndroid.util.SourceSinkParser - Here is the standard error of the command (if any):

2019-48-28 14:48:08.076 [main] INFO  com.horndroid.util.SourceSinkParser - S: Please be aware this is a volatile directory and frameworks could go missing, please utilize --frame-path if the default storage directory is unavailable
2019-48-28 14:48:08.375 [main] DEBUG com.horndroid.executors.HorndroidExecutor - ...done in 2473 milliseconds
2019-48-28 14:48:08.375 [main] DEBUG com.horndroid.executors.HorndroidExecutor - Sorting classes...
2019-48-28 14:48:08.396 [main] DEBUG com.horndroid.executors.HorndroidExecutor - done in 20 milliseconds
2019-48-28 14:48:08.396 [main] DEBUG com.horndroid.executors.HorndroidExecutor - Collecting data for Horn Clause generation...
2019-48-28 14:48:08.687 [main] DEBUG com.horndroid.executors.HorndroidExecutor - done in 290 milliseconds
2019-48-28 14:48:08.687 [main] DEBUG com.horndroid.executors.HorndroidExecutor - Generating Horn Clauses..
2019-48-28 14:48:08.687 [main] INFO  com.horndroid.analysis.Analysis - Ready to start generating Horn Clauses:
2019-48-28 14:48:08.695 [main] INFO  com.horndroid.analysis.Analysis - Number of classes in APK : 52
2019-48-28 14:48:08.695 [main] INFO  com.horndroid.analysis.Analysis - Number of methods in APK: 154
2019-48-28 14:48:08.695 [main] INFO  com.horndroid.analysis.Analysis - Number of instructions in APK: 2140
2019-48-28 14:48:08.695 [main] INFO  com.horndroid.analysis.Analysis - Number of instances in APK: 345
2019-48-28 14:48:08.867 [main] INFO  com.horndroid.analysis.Analysis - Number of sources: 54
2019-48-28 14:48:08.867 [main] INFO  com.horndroid.analysis.Analysis - Number of sinks: 37
2019-48-28 14:48:08.867 [main] INFO  com.horndroid.analysis.Analysis - Number of classes : 52
2019-48-28 14:48:08.867 [main] INFO  com.horndroid.analysis.Analysis - Number of methods: 154
2019-48-28 14:48:08.868 [main] INFO  com.horndroid.analysis.Analysis - Number of instructions: 2140
2019-48-28 14:48:08.868 [main] INFO  com.horndroid.analysis.Analysis - Number of instances : 345
2019-48-28 14:48:17.308 [main] DEBUG com.horndroid.executors.HorndroidExecutor - ...done in 8621 milliseconds
2019-48-28 14:48:17.308 [main] DEBUG com.horndroid.executors.HorndroidExecutor - Waiting for treads to terminate...
2019-48-28 14:48:17.308 [main] DEBUG com.horndroid.executors.HorndroidExecutor - ...done in 0 milliseconds
2019-48-28 14:48:17.308 [main] DEBUG com.horndroid.executors.HorndroidExecutor - Executing all queries...
2019-48-28 14:48:17.310 [main] INFO  com.horndroid.z3.FSEngine - Number of the generated queries: 22
2019-50-28 14:50:03.453 [main] INFO  com.horndroid.z3.FSEngine - 1 Test if register 4 leaks at line 19 in method invokeCallback(Landroid/arch/lifecycle/ReflectiveGenericLifecycleObserver$MethodReference;Landroid/arch/lifecycle/LifecycleOwner;Landroid/arch/lifecycle/Lifecycle$Event;)V of the class Landroid/arch/lifecycle/ReflectiveGenericLifecycleObserver; to the sink invoke(Ljava/lang/Object;[Ljava/lang/Object;)Ljava/lang/Object;:NO LEAK
2019-51-28 14:51:59.205 [main] INFO  com.horndroid.z3.FSEngine - 2 [REF] Test if register 4 leaks at line 19 in method invokeCallback(Landroid/arch/lifecycle/ReflectiveGenericLifecycleObserver$MethodReference;Landroid/arch/lifecycle/LifecycleOwner;Landroid/arch/lifecycle/Lifecycle$Event;)V of the class Landroid/arch/lifecycle/ReflectiveGenericLifecycleObserver; to the sink invoke(Ljava/lang/Object;[Ljava/lang/Object;)Ljava/lang/Object;:NO LEAK
2019-53-28 14:53:52.518 [main] INFO  com.horndroid.z3.FSEngine - 3 Test if register 3 leaks at line 19 in method invokeCallback(Landroid/arch/lifecycle/ReflectiveGenericLifecycleObserver$MethodReference;Landroid/arch/lifecycle/LifecycleOwner;Landroid/arch/lifecycle/Lifecycle$Event;)V of the class Landroid/arch/lifecycle/ReflectiveGenericLifecycleObserver; to the sink invoke(Ljava/lang/Object;[Ljava/lang/Object;)Ljava/lang/Object;:NO LEAK
2019-55-28 14:55:45.525 [main] INFO  com.horndroid.z3.FSEngine - 4 [REF] Test if register 3 leaks at line 19 in method invokeCallback(Landroid/arch/lifecycle/ReflectiveGenericLifecycleObserver$MethodReference;Landroid/arch/lifecycle/LifecycleOwner;Landroid/arch/lifecycle/Lifecycle$Event;)V of the class Landroid/arch/lifecycle/ReflectiveGenericLifecycleObserver; to the sink invoke(Ljava/lang/Object;[Ljava/lang/Object;)Ljava/lang/Object;:NO LEAK
2019-57-28 14:57:38.695 [main] INFO  com.horndroid.z3.FSEngine - 5 Test if register 0 leaks at line 19 in method invokeCallback(Landroid/arch/lifecycle/ReflectiveGenericLifecycleObserver$MethodReference;Landroid/arch/lifecycle/LifecycleOwner;Landroid/arch/lifecycle/Lifecycle$Event;)V of the class Landroid/arch/lifecycle/ReflectiveGenericLifecycleObserver; to the sink invoke(Ljava/lang/Object;[Ljava/lang/Object;)Ljava/lang/Object;:NO LEAK
2019-59-28 14:59:32.353 [main] INFO  com.horndroid.z3.FSEngine - 6 [REF] Test if register 0 leaks at line 19 in method invokeCallback(Landroid/arch/lifecycle/ReflectiveGenericLifecycleObserver$MethodReference;Landroid/arch/lifecycle/LifecycleOwner;Landroid/arch/lifecycle/Lifecycle$Event;)V of the class Landroid/arch/lifecycle/ReflectiveGenericLifecycleObserver; to the sink invoke(Ljava/lang/Object;[Ljava/lang/Object;)Ljava/lang/Object;:NO LEAK
2019-01-28 15:01:26.762 [main] INFO  com.horndroid.z3.FSEngine - 7 Test if register 1 leaks at line 31 in method invokeCallback(Landroid/arch/lifecycle/ReflectiveGenericLifecycleObserver$MethodReference;Landroid/arch/lifecycle/LifecycleOwner;Landroid/arch/lifecycle/Lifecycle$Event;)V of the class Landroid/arch/lifecycle/ReflectiveGenericLifecycleObserver; to the sink invoke(Ljava/lang/Object;[Ljava/lang/Object;)Ljava/lang/Object;:NO LEAK
2019-03-28 15:03:21.499 [main] INFO  com.horndroid.z3.FSEngine - 8 [REF] Test if register 1 leaks at line 31 in method invokeCallback(Landroid/arch/lifecycle/ReflectiveGenericLifecycleObserver$MethodReference;Landroid/arch/lifecycle/LifecycleOwner;Landroid/arch/lifecycle/Lifecycle$Event;)V of the class Landroid/arch/lifecycle/ReflectiveGenericLifecycleObserver; to the sink invoke(Ljava/lang/Object;[Ljava/lang/Object;)Ljava/lang/Object;:NO LEAK
2019-05-28 15:05:14.289 [main] INFO  com.horndroid.z3.FSEngine - 9 Test if register 3 leaks at line 31 in method invokeCallback(Landroid/arch/lifecycle/ReflectiveGenericLifecycleObserver$MethodReference;Landroid/arch/lifecycle/LifecycleOwner;Landroid/arch/lifecycle/Lifecycle$Event;)V of the class Landroid/arch/lifecycle/ReflectiveGenericLifecycleObserver; to the sink invoke(Ljava/lang/Object;[Ljava/lang/Object;)Ljava/lang/Object;:NO LEAK
2019-07-28 15:07:07.876 [main] INFO  com.horndroid.z3.FSEngine - 10 [REF] Test if register 3 leaks at line 31 in method invokeCallback(Landroid/arch/lifecycle/ReflectiveGenericLifecycleObserver$MethodReference;Landroid/arch/lifecycle/LifecycleOwner;Landroid/arch/lifecycle/Lifecycle$Event;)V of the class Landroid/arch/lifecycle/ReflectiveGenericLifecycleObserver; to the sink invoke(Ljava/lang/Object;[Ljava/lang/Object;)Ljava/lang/Object;:NO LEAK
2019-09-28 15:09:01.316 [main] INFO  com.horndroid.z3.FSEngine - 11 Test if register 0 leaks at line 31 in method invokeCallback(Landroid/arch/lifecycle/ReflectiveGenericLifecycleObserver$MethodReference;Landroid/arch/lifecycle/LifecycleOwner;Landroid/arch/lifecycle/Lifecycle$Event;)V of the class Landroid/arch/lifecycle/ReflectiveGenericLifecycleObserver; to the sink invoke(Ljava/lang/Object;[Ljava/lang/Object;)Ljava/lang/Object;:NO LEAK
2019-10-28 15:10:53.724 [main] INFO  com.horndroid.z3.FSEngine - 12 [REF] Test if register 0 leaks at line 31 in method invokeCallback(Landroid/arch/lifecycle/ReflectiveGenericLifecycleObserver$MethodReference;Landroid/arch/lifecycle/LifecycleOwner;Landroid/arch/lifecycle/Lifecycle$Event;)V of the class Landroid/arch/lifecycle/ReflectiveGenericLifecycleObserver; to the sink invoke(Ljava/lang/Object;[Ljava/lang/Object;)Ljava/lang/Object;:NO LEAK
2019-12-28 15:12:47.422 [main] INFO  com.horndroid.z3.FSEngine - 13 Test if register 2 leaks at line 41 in method invokeCallback(Landroid/arch/lifecycle/ReflectiveGenericLifecycleObserver$MethodReference;Landroid/arch/lifecycle/LifecycleOwner;Landroid/arch/lifecycle/Lifecycle$Event;)V of the class Landroid/arch/lifecycle/ReflectiveGenericLifecycleObserver; to the sink invoke(Ljava/lang/Object;[Ljava/lang/Object;)Ljava/lang/Object;:NO LEAK
2019-14-28 15:14:42.825 [main] INFO  com.horndroid.z3.FSEngine - 14 [REF] Test if register 2 leaks at line 41 in method invokeCallback(Landroid/arch/lifecycle/ReflectiveGenericLifecycleObserver$MethodReference;Landroid/arch/lifecycle/LifecycleOwner;Landroid/arch/lifecycle/Lifecycle$Event;)V of the class Landroid/arch/lifecycle/ReflectiveGenericLifecycleObserver; to the sink invoke(Ljava/lang/Object;[Ljava/lang/Object;)Ljava/lang/Object;:NO LEAK
2019-16-28 15:16:36.470 [main] INFO  com.horndroid.z3.FSEngine - 15 Test if register 1 leaks at line 41 in method invokeCallback(Landroid/arch/lifecycle/ReflectiveGenericLifecycleObserver$MethodReference;Landroid/arch/lifecycle/LifecycleOwner;Landroid/arch/lifecycle/Lifecycle$Event;)V of the class Landroid/arch/lifecycle/ReflectiveGenericLifecycleObserver; to the sink invoke(Ljava/lang/Object;[Ljava/lang/Object;)Ljava/lang/Object;:NO LEAK
2019-18-28 15:18:29.838 [main] INFO  com.horndroid.z3.FSEngine - 16 [REF] Test if register 1 leaks at line 41 in method invokeCallback(Landroid/arch/lifecycle/ReflectiveGenericLifecycleObserver$MethodReference;Landroid/arch/lifecycle/LifecycleOwner;Landroid/arch/lifecycle/Lifecycle$Event;)V of the class Landroid/arch/lifecycle/ReflectiveGenericLifecycleObserver; to the sink invoke(Ljava/lang/Object;[Ljava/lang/Object;)Ljava/lang/Object;:NO LEAK
2019-20-28 15:20:31.779 [main] INFO  com.horndroid.z3.FSEngine - 17 Test if register 0 leaks at line 41 in method invokeCallback(Landroid/arch/lifecycle/ReflectiveGenericLifecycleObserver$MethodReference;Landroid/arch/lifecycle/LifecycleOwner;Landroid/arch/lifecycle/Lifecycle$Event;)V of the class Landroid/arch/lifecycle/ReflectiveGenericLifecycleObserver; to the sink invoke(Ljava/lang/Object;[Ljava/lang/Object;)Ljava/lang/Object;:NO LEAK
2019-22-28 15:22:24.626 [main] INFO  com.horndroid.z3.FSEngine - 18 [REF] Test if register 0 leaks at line 41 in method invokeCallback(Landroid/arch/lifecycle/ReflectiveGenericLifecycleObserver$MethodReference;Landroid/arch/lifecycle/LifecycleOwner;Landroid/arch/lifecycle/Lifecycle$Event;)V of the class Landroid/arch/lifecycle/ReflectiveGenericLifecycleObserver; to the sink invoke(Ljava/lang/Object;[Ljava/lang/Object;)Ljava/lang/Object;:NO LEAK
2019-24-28 15:24:18.485 [main] INFO  com.horndroid.z3.FSEngine - 19 Test if register 0 leaks at line 19 in method <init>(Lcom/example/recyclerviewminimal/ListEntityAdapter;Landroid/view/View;)V of the class Lcom/example/recyclerviewminimal/ListEntityAdapter$ListViewHolder; to the sink d(Ljava/lang/String;Ljava/lang/String;)I:NO LEAK
2019-26-28 15:26:23.619 [main] INFO  com.horndroid.z3.FSEngine - 20 [REF] Test if register 0 leaks at line 19 in method <init>(Lcom/example/recyclerviewminimal/ListEntityAdapter;Landroid/view/View;)V of the class Lcom/example/recyclerviewminimal/ListEntityAdapter$ListViewHolder; to the sink d(Ljava/lang/String;Ljava/lang/String;)I:NO LEAK
2019-28-28 15:28:17.158 [main] INFO  com.horndroid.z3.FSEngine - 21 Test if register 1 leaks at line 19 in method <init>(Lcom/example/recyclerviewminimal/ListEntityAdapter;Landroid/view/View;)V of the class Lcom/example/recyclerviewminimal/ListEntityAdapter$ListViewHolder; to the sink d(Ljava/lang/String;Ljava/lang/String;)I:NO LEAK
2019-30-28 15:30:22.497 [main] INFO  com.horndroid.z3.FSEngine - 22 [REF] Test if register 1 leaks at line 19 in method <init>(Lcom/example/recyclerviewminimal/ListEntityAdapter;Landroid/view/View;)V of the class Lcom/example/recyclerviewminimal/ListEntityAdapter$ListViewHolder; to the sink d(Ljava/lang/String;Ljava/lang/String;)I:NO LEAK
2019-30-28 15:30:22.498 [main] DEBUG com.horndroid.executors.HorndroidExecutor - ...done in 2525189 milliseconds
