apks/RecyclerViewMinimal4.apk started
2019-14-28 16:14:46.368 [main] INFO  com.horndroid.Main - Starting fsHornDroid...
2019-14-28 16:14:46.372 [main] INFO  com.horndroid.Main - Flow Sensitive Analysis on 64 bitvectors size
2019-14-28 16:14:46.373 [main] DEBUG com.horndroid.executors.HorndroidExecutor - Parsing sources and sinks...
2019-14-28 16:14:46.958 [main] DEBUG com.horndroid.executors.HorndroidExecutor - done in 584 milliseconds
2019-14-28 16:14:46.958 [main] DEBUG com.horndroid.executors.HorndroidExecutor - Collecting apk files to process...
2019-14-28 16:14:46.958 [main] DEBUG com.horndroid.executors.HorndroidExecutor - done in 0 milliseconds
2019-14-28 16:14:47.013 [main] INFO  com.horndroid.executors.HorndroidExecutor - Analysing RecyclerViewMinimal4.apk
2019-14-28 16:14:47.064 [main] DEBUG com.horndroid.executors.HorndroidExecutor - Parsing entry points...
2019-14-28 16:14:47.067 [main] DEBUG com.horndroid.executors.HorndroidExecutor - done in 3 milliseconds
2019-14-28 16:14:47.068 [main] DEBUG com.horndroid.executors.HorndroidExecutor - Parsing callbacks and disabled activities...
2019-14-28 16:14:47.068 [main] INFO  com.horndroid.util.SourceSinkParser - Running apktool to obtain manifest xml and layout files
2019-14-28 16:14:49.753 [main] INFO  com.horndroid.util.SourceSinkParser - Exit Code:0
2019-14-28 16:14:49.754 [main] INFO  com.horndroid.util.SourceSinkParser - STDOUT:I: Using Apktool 2.3.0 on RecyclerViewMinimal4.apk
2019-14-28 16:14:49.754 [main] INFO  com.horndroid.util.SourceSinkParser - STDOUT:I: Loading resource table...
2019-14-28 16:14:49.755 [main] INFO  com.horndroid.util.SourceSinkParser - STDOUT:I: Decoding AndroidManifest.xml with resources...
2019-14-28 16:14:49.755 [main] INFO  com.horndroid.util.SourceSinkParser - STDOUT:I: Loading resource table from file: /tmp/1.apk
2019-14-28 16:14:49.755 [main] INFO  com.horndroid.util.SourceSinkParser - STDOUT:I: Regular manifest package...
2019-14-28 16:14:49.755 [main] INFO  com.horndroid.util.SourceSinkParser - STDOUT:I: Decoding file-resources...
2019-14-28 16:14:49.755 [main] INFO  com.horndroid.util.SourceSinkParser - STDOUT:I: Decoding values */* XMLs...
2019-14-28 16:14:49.755 [main] INFO  com.horndroid.util.SourceSinkParser - STDOUT:I: Copying raw classes.dex file...
2019-14-28 16:14:49.756 [main] INFO  com.horndroid.util.SourceSinkParser - STDOUT:I: Copying assets and libs...
2019-14-28 16:14:49.756 [main] INFO  com.horndroid.util.SourceSinkParser - STDOUT:I: Copying unknown files...
2019-14-28 16:14:49.756 [main] INFO  com.horndroid.util.SourceSinkParser - STDOUT:I: Copying original files...
2019-14-28 16:14:49.756 [main] INFO  com.horndroid.util.SourceSinkParser - Here is the standard error of the command (if any):

2019-14-28 16:14:49.756 [main] INFO  com.horndroid.util.SourceSinkParser - S: Please be aware this is a volatile directory and frameworks could go missing, please utilize --frame-path if the default storage directory is unavailable
2019-14-28 16:14:50.127 [main] DEBUG com.horndroid.executors.HorndroidExecutor - ...done in 3058 milliseconds
2019-14-28 16:14:50.127 [main] DEBUG com.horndroid.executors.HorndroidExecutor - Sorting classes...
2019-14-28 16:14:50.168 [main] DEBUG com.horndroid.executors.HorndroidExecutor - done in 40 milliseconds
2019-14-28 16:14:50.168 [main] DEBUG com.horndroid.executors.HorndroidExecutor - Collecting data for Horn Clause generation...
2019-14-28 16:14:50.609 [main] DEBUG com.horndroid.executors.HorndroidExecutor - done in 440 milliseconds
2019-14-28 16:14:50.609 [main] DEBUG com.horndroid.executors.HorndroidExecutor - Generating Horn Clauses..
2019-14-28 16:14:50.609 [main] INFO  com.horndroid.analysis.Analysis - Ready to start generating Horn Clauses:
2019-14-28 16:14:50.622 [main] INFO  com.horndroid.analysis.Analysis - Number of classes in APK : 52
2019-14-28 16:14:50.624 [main] INFO  com.horndroid.analysis.Analysis - Number of methods in APK: 154
2019-14-28 16:14:50.624 [main] INFO  com.horndroid.analysis.Analysis - Number of instructions in APK: 2140
2019-14-28 16:14:50.624 [main] INFO  com.horndroid.analysis.Analysis - Number of instances in APK: 345
2019-14-28 16:14:50.751 [main] INFO  com.horndroid.analysis.Analysis - Number of sources: 54
2019-14-28 16:14:50.751 [main] INFO  com.horndroid.analysis.Analysis - Number of sinks: 37
2019-14-28 16:14:50.751 [main] INFO  com.horndroid.analysis.Analysis - Number of classes : 52
2019-14-28 16:14:50.751 [main] INFO  com.horndroid.analysis.Analysis - Number of methods: 154
2019-14-28 16:14:50.751 [main] INFO  com.horndroid.analysis.Analysis - Number of instructions: 2140
2019-14-28 16:14:50.751 [main] INFO  com.horndroid.analysis.Analysis - Number of instances : 345
2019-15-28 16:15:00.146 [main] DEBUG com.horndroid.executors.HorndroidExecutor - ...done in 9536 milliseconds
2019-15-28 16:15:00.146 [main] DEBUG com.horndroid.executors.HorndroidExecutor - Waiting for treads to terminate...
2019-15-28 16:15:00.146 [main] DEBUG com.horndroid.executors.HorndroidExecutor - ...done in 0 milliseconds
2019-15-28 16:15:00.146 [main] DEBUG com.horndroid.executors.HorndroidExecutor - Executing all queries...
2019-15-28 16:15:00.148 [main] INFO  com.horndroid.z3.FSEngine - Number of the generated queries: 22
2019-15-28 16:15:38.713 [main] INFO  com.horndroid.z3.FSEngine - 1 Test if register 0 leaks at line 14 in method onBindViewHolder(Lcom/example/recyclerviewminimal/ListEntityAdapter$ListViewHolder;I)V of the class Lcom/example/recyclerviewminimal/ListEntityAdapter; to the sink d(Ljava/lang/String;Ljava/lang/String;)I:NO LEAK
2019-17-28 16:17:46.225 [main] INFO  com.horndroid.z3.FSEngine - 2 [REF] Test if register 0 leaks at line 14 in method onBindViewHolder(Lcom/example/recyclerviewminimal/ListEntityAdapter$ListViewHolder;I)V of the class Lcom/example/recyclerviewminimal/ListEntityAdapter; to the sink d(Ljava/lang/String;Ljava/lang/String;)I:NO LEAK
2019-18-28 16:18:33.756 [main] INFO  com.horndroid.z3.FSEngine - 3 Test if register 1 leaks at line 14 in method onBindViewHolder(Lcom/example/recyclerviewminimal/ListEntityAdapter$ListViewHolder;I)V of the class Lcom/example/recyclerviewminimal/ListEntityAdapter; to the sink d(Ljava/lang/String;Ljava/lang/String;)I:NO LEAK
2019-20-28 16:20:45.717 [main] INFO  com.horndroid.z3.FSEngine - 4 [REF] Test if register 1 leaks at line 14 in method onBindViewHolder(Lcom/example/recyclerviewminimal/ListEntityAdapter$ListViewHolder;I)V of the class Lcom/example/recyclerviewminimal/ListEntityAdapter; to the sink d(Ljava/lang/String;Ljava/lang/String;)I:NO LEAK
2019-22-28 16:22:40.605 [main] INFO  com.horndroid.z3.FSEngine - 5 Test if register 4 leaks at line 19 in method invokeCallback(Landroid/arch/lifecycle/ReflectiveGenericLifecycleObserver$MethodReference;Landroid/arch/lifecycle/LifecycleOwner;Landroid/arch/lifecycle/Lifecycle$Event;)V of the class Landroid/arch/lifecycle/ReflectiveGenericLifecycleObserver; to the sink invoke(Ljava/lang/Object;[Ljava/lang/Object;)Ljava/lang/Object;:NO LEAK
2019-24-28 16:24:35.493 [main] INFO  com.horndroid.z3.FSEngine - 6 [REF] Test if register 4 leaks at line 19 in method invokeCallback(Landroid/arch/lifecycle/ReflectiveGenericLifecycleObserver$MethodReference;Landroid/arch/lifecycle/LifecycleOwner;Landroid/arch/lifecycle/Lifecycle$Event;)V of the class Landroid/arch/lifecycle/ReflectiveGenericLifecycleObserver; to the sink invoke(Ljava/lang/Object;[Ljava/lang/Object;)Ljava/lang/Object;:NO LEAK
2019-26-28 16:26:30.361 [main] INFO  com.horndroid.z3.FSEngine - 7 Test if register 3 leaks at line 19 in method invokeCallback(Landroid/arch/lifecycle/ReflectiveGenericLifecycleObserver$MethodReference;Landroid/arch/lifecycle/LifecycleOwner;Landroid/arch/lifecycle/Lifecycle$Event;)V of the class Landroid/arch/lifecycle/ReflectiveGenericLifecycleObserver; to the sink invoke(Ljava/lang/Object;[Ljava/lang/Object;)Ljava/lang/Object;:NO LEAK
2019-28-28 16:28:24.874 [main] INFO  com.horndroid.z3.FSEngine - 8 [REF] Test if register 3 leaks at line 19 in method invokeCallback(Landroid/arch/lifecycle/ReflectiveGenericLifecycleObserver$MethodReference;Landroid/arch/lifecycle/LifecycleOwner;Landroid/arch/lifecycle/Lifecycle$Event;)V of the class Landroid/arch/lifecycle/ReflectiveGenericLifecycleObserver; to the sink invoke(Ljava/lang/Object;[Ljava/lang/Object;)Ljava/lang/Object;:NO LEAK
2019-30-28 16:30:19.311 [main] INFO  com.horndroid.z3.FSEngine - 9 Test if register 0 leaks at line 19 in method invokeCallback(Landroid/arch/lifecycle/ReflectiveGenericLifecycleObserver$MethodReference;Landroid/arch/lifecycle/LifecycleOwner;Landroid/arch/lifecycle/Lifecycle$Event;)V of the class Landroid/arch/lifecycle/ReflectiveGenericLifecycleObserver; to the sink invoke(Ljava/lang/Object;[Ljava/lang/Object;)Ljava/lang/Object;:NO LEAK
2019-32-28 16:32:14.372 [main] INFO  com.horndroid.z3.FSEngine - 10 [REF] Test if register 0 leaks at line 19 in method invokeCallback(Landroid/arch/lifecycle/ReflectiveGenericLifecycleObserver$MethodReference;Landroid/arch/lifecycle/LifecycleOwner;Landroid/arch/lifecycle/Lifecycle$Event;)V of the class Landroid/arch/lifecycle/ReflectiveGenericLifecycleObserver; to the sink invoke(Ljava/lang/Object;[Ljava/lang/Object;)Ljava/lang/Object;:NO LEAK
2019-34-28 16:34:09.118 [main] INFO  com.horndroid.z3.FSEngine - 11 Test if register 1 leaks at line 31 in method invokeCallback(Landroid/arch/lifecycle/ReflectiveGenericLifecycleObserver$MethodReference;Landroid/arch/lifecycle/LifecycleOwner;Landroid/arch/lifecycle/Lifecycle$Event;)V of the class Landroid/arch/lifecycle/ReflectiveGenericLifecycleObserver; to the sink invoke(Ljava/lang/Object;[Ljava/lang/Object;)Ljava/lang/Object;:NO LEAK
2019-36-28 16:36:04.136 [main] INFO  com.horndroid.z3.FSEngine - 12 [REF] Test if register 1 leaks at line 31 in method invokeCallback(Landroid/arch/lifecycle/ReflectiveGenericLifecycleObserver$MethodReference;Landroid/arch/lifecycle/LifecycleOwner;Landroid/arch/lifecycle/Lifecycle$Event;)V of the class Landroid/arch/lifecycle/ReflectiveGenericLifecycleObserver; to the sink invoke(Ljava/lang/Object;[Ljava/lang/Object;)Ljava/lang/Object;:NO LEAK
2019-37-28 16:37:59.104 [main] INFO  com.horndroid.z3.FSEngine - 13 Test if register 3 leaks at line 31 in method invokeCallback(Landroid/arch/lifecycle/ReflectiveGenericLifecycleObserver$MethodReference;Landroid/arch/lifecycle/LifecycleOwner;Landroid/arch/lifecycle/Lifecycle$Event;)V of the class Landroid/arch/lifecycle/ReflectiveGenericLifecycleObserver; to the sink invoke(Ljava/lang/Object;[Ljava/lang/Object;)Ljava/lang/Object;:NO LEAK
2019-39-28 16:39:54.159 [main] INFO  com.horndroid.z3.FSEngine - 14 [REF] Test if register 3 leaks at line 31 in method invokeCallback(Landroid/arch/lifecycle/ReflectiveGenericLifecycleObserver$MethodReference;Landroid/arch/lifecycle/LifecycleOwner;Landroid/arch/lifecycle/Lifecycle$Event;)V of the class Landroid/arch/lifecycle/ReflectiveGenericLifecycleObserver; to the sink invoke(Ljava/lang/Object;[Ljava/lang/Object;)Ljava/lang/Object;:NO LEAK
2019-41-28 16:41:49.147 [main] INFO  com.horndroid.z3.FSEngine - 15 Test if register 0 leaks at line 31 in method invokeCallback(Landroid/arch/lifecycle/ReflectiveGenericLifecycleObserver$MethodReference;Landroid/arch/lifecycle/LifecycleOwner;Landroid/arch/lifecycle/Lifecycle$Event;)V of the class Landroid/arch/lifecycle/ReflectiveGenericLifecycleObserver; to the sink invoke(Ljava/lang/Object;[Ljava/lang/Object;)Ljava/lang/Object;:NO LEAK
2019-43-28 16:43:44.513 [main] INFO  com.horndroid.z3.FSEngine - 16 [REF] Test if register 0 leaks at line 31 in method invokeCallback(Landroid/arch/lifecycle/ReflectiveGenericLifecycleObserver$MethodReference;Landroid/arch/lifecycle/LifecycleOwner;Landroid/arch/lifecycle/Lifecycle$Event;)V of the class Landroid/arch/lifecycle/ReflectiveGenericLifecycleObserver; to the sink invoke(Ljava/lang/Object;[Ljava/lang/Object;)Ljava/lang/Object;:NO LEAK
2019-45-28 16:45:39.361 [main] INFO  com.horndroid.z3.FSEngine - 17 Test if register 2 leaks at line 41 in method invokeCallback(Landroid/arch/lifecycle/ReflectiveGenericLifecycleObserver$MethodReference;Landroid/arch/lifecycle/LifecycleOwner;Landroid/arch/lifecycle/Lifecycle$Event;)V of the class Landroid/arch/lifecycle/ReflectiveGenericLifecycleObserver; to the sink invoke(Ljava/lang/Object;[Ljava/lang/Object;)Ljava/lang/Object;:NO LEAK
2019-47-28 16:47:33.953 [main] INFO  com.horndroid.z3.FSEngine - 18 [REF] Test if register 2 leaks at line 41 in method invokeCallback(Landroid/arch/lifecycle/ReflectiveGenericLifecycleObserver$MethodReference;Landroid/arch/lifecycle/LifecycleOwner;Landroid/arch/lifecycle/Lifecycle$Event;)V of the class Landroid/arch/lifecycle/ReflectiveGenericLifecycleObserver; to the sink invoke(Ljava/lang/Object;[Ljava/lang/Object;)Ljava/lang/Object;:NO LEAK
2019-49-28 16:49:28.271 [main] INFO  com.horndroid.z3.FSEngine - 19 Test if register 1 leaks at line 41 in method invokeCallback(Landroid/arch/lifecycle/ReflectiveGenericLifecycleObserver$MethodReference;Landroid/arch/lifecycle/LifecycleOwner;Landroid/arch/lifecycle/Lifecycle$Event;)V of the class Landroid/arch/lifecycle/ReflectiveGenericLifecycleObserver; to the sink invoke(Ljava/lang/Object;[Ljava/lang/Object;)Ljava/lang/Object;:NO LEAK
2019-51-28 16:51:22.814 [main] INFO  com.horndroid.z3.FSEngine - 20 [REF] Test if register 1 leaks at line 41 in method invokeCallback(Landroid/arch/lifecycle/ReflectiveGenericLifecycleObserver$MethodReference;Landroid/arch/lifecycle/LifecycleOwner;Landroid/arch/lifecycle/Lifecycle$Event;)V of the class Landroid/arch/lifecycle/ReflectiveGenericLifecycleObserver; to the sink invoke(Ljava/lang/Object;[Ljava/lang/Object;)Ljava/lang/Object;:NO LEAK
2019-53-28 16:53:17.479 [main] INFO  com.horndroid.z3.FSEngine - 21 Test if register 0 leaks at line 41 in method invokeCallback(Landroid/arch/lifecycle/ReflectiveGenericLifecycleObserver$MethodReference;Landroid/arch/lifecycle/LifecycleOwner;Landroid/arch/lifecycle/Lifecycle$Event;)V of the class Landroid/arch/lifecycle/ReflectiveGenericLifecycleObserver; to the sink invoke(Ljava/lang/Object;[Ljava/lang/Object;)Ljava/lang/Object;:NO LEAK
2019-55-28 16:55:11.802 [main] INFO  com.horndroid.z3.FSEngine - 22 [REF] Test if register 0 leaks at line 41 in method invokeCallback(Landroid/arch/lifecycle/ReflectiveGenericLifecycleObserver$MethodReference;Landroid/arch/lifecycle/LifecycleOwner;Landroid/arch/lifecycle/Lifecycle$Event;)V of the class Landroid/arch/lifecycle/ReflectiveGenericLifecycleObserver; to the sink invoke(Ljava/lang/Object;[Ljava/lang/Object;)Ljava/lang/Object;:NO LEAK
2019-55-28 16:55:11.803 [main] DEBUG com.horndroid.executors.HorndroidExecutor - ...done in 2411656 milliseconds
