apks/timetracker_COMPLEX.apk started
2019-16-28 20:16:18.178 [main] INFO  com.horndroid.Main - Starting fsHornDroid...
2019-16-28 20:16:18.183 [main] INFO  com.horndroid.Main - Flow Sensitive Analysis on 64 bitvectors size
2019-16-28 20:16:18.185 [main] DEBUG com.horndroid.executors.HorndroidExecutor - Parsing sources and sinks...
2019-16-28 20:16:18.705 [main] DEBUG com.horndroid.executors.HorndroidExecutor - done in 520 milliseconds
2019-16-28 20:16:18.705 [main] DEBUG com.horndroid.executors.HorndroidExecutor - Collecting apk files to process...
2019-16-28 20:16:18.705 [main] DEBUG com.horndroid.executors.HorndroidExecutor - done in 0 milliseconds
2019-16-28 20:16:18.750 [main] INFO  com.horndroid.executors.HorndroidExecutor - Analysing timetracker_COMPLEX.apk
2019-16-28 20:16:18.786 [main] DEBUG com.horndroid.executors.HorndroidExecutor - Parsing entry points...
2019-16-28 20:16:18.790 [main] DEBUG com.horndroid.executors.HorndroidExecutor - done in 3 milliseconds
2019-16-28 20:16:18.790 [main] DEBUG com.horndroid.executors.HorndroidExecutor - Parsing callbacks and disabled activities...
2019-16-28 20:16:18.790 [main] INFO  com.horndroid.util.SourceSinkParser - Running apktool to obtain manifest xml and layout files
2019-16-28 20:16:20.885 [main] INFO  com.horndroid.util.SourceSinkParser - Exit Code:0
2019-16-28 20:16:20.886 [main] INFO  com.horndroid.util.SourceSinkParser - STDOUT:I: Using Apktool 2.3.0 on timetracker_COMPLEX.apk
2019-16-28 20:16:20.886 [main] INFO  com.horndroid.util.SourceSinkParser - STDOUT:I: Loading resource table...
2019-16-28 20:16:20.886 [main] INFO  com.horndroid.util.SourceSinkParser - STDOUT:I: Decoding AndroidManifest.xml with resources...
2019-16-28 20:16:20.886 [main] INFO  com.horndroid.util.SourceSinkParser - STDOUT:I: Loading resource table from file: /tmp/1.apk
2019-16-28 20:16:20.886 [main] INFO  com.horndroid.util.SourceSinkParser - STDOUT:I: Regular manifest package...
2019-16-28 20:16:20.886 [main] INFO  com.horndroid.util.SourceSinkParser - STDOUT:I: Decoding file-resources...
2019-16-28 20:16:20.886 [main] INFO  com.horndroid.util.SourceSinkParser - STDOUT:I: Decoding values */* XMLs...
2019-16-28 20:16:20.886 [main] INFO  com.horndroid.util.SourceSinkParser - STDOUT:I: Copying raw classes.dex file...
2019-16-28 20:16:20.886 [main] INFO  com.horndroid.util.SourceSinkParser - STDOUT:I: Copying assets and libs...
2019-16-28 20:16:20.886 [main] INFO  com.horndroid.util.SourceSinkParser - STDOUT:I: Copying unknown files...
2019-16-28 20:16:20.887 [main] INFO  com.horndroid.util.SourceSinkParser - STDOUT:I: Copying original files...
2019-16-28 20:16:20.887 [main] INFO  com.horndroid.util.SourceSinkParser - Here is the standard error of the command (if any):

2019-16-28 20:16:20.887 [main] INFO  com.horndroid.util.SourceSinkParser - S: Please be aware this is a volatile directory and frameworks could go missing, please utilize --frame-path if the default storage directory is unavailable
2019-16-28 20:16:21.120 [main] DEBUG com.horndroid.executors.HorndroidExecutor - ...done in 2330 milliseconds
2019-16-28 20:16:21.121 [main] DEBUG com.horndroid.executors.HorndroidExecutor - Sorting classes...
2019-16-28 20:16:21.161 [main] DEBUG com.horndroid.executors.HorndroidExecutor - done in 40 milliseconds
2019-16-28 20:16:21.161 [main] DEBUG com.horndroid.executors.HorndroidExecutor - Collecting data for Horn Clause generation...
2019-16-28 20:16:21.432 [main] DEBUG com.horndroid.executors.HorndroidExecutor - done in 271 milliseconds
2019-16-28 20:16:21.432 [main] DEBUG com.horndroid.executors.HorndroidExecutor - Generating Horn Clauses..
2019-16-28 20:16:21.433 [main] INFO  com.horndroid.analysis.Analysis - Ready to start generating Horn Clauses:
2019-16-28 20:16:21.450 [main] INFO  com.horndroid.analysis.Analysis - Number of classes in APK : 202
2019-16-28 20:16:21.450 [main] INFO  com.horndroid.analysis.Analysis - Number of methods in APK: 1491
2019-16-28 20:16:21.450 [main] INFO  com.horndroid.analysis.Analysis - Number of instructions in APK: 51406
2019-16-28 20:16:21.450 [main] INFO  com.horndroid.analysis.Analysis - Number of instances in APK: 6552
2019-16-28 20:16:28.871 [main] INFO  com.horndroid.analysis.Analysis - Number of sources: 58
2019-16-28 20:16:28.871 [main] INFO  com.horndroid.analysis.Analysis - Number of sinks: 36
2019-16-28 20:16:28.871 [main] INFO  com.horndroid.analysis.Analysis - Number of classes : 202
2019-16-28 20:16:28.871 [main] INFO  com.horndroid.analysis.Analysis - Number of methods: 1491
2019-16-28 20:16:28.871 [main] INFO  com.horndroid.analysis.Analysis - Number of instructions: 51406
2019-16-28 20:16:28.872 [main] INFO  com.horndroid.analysis.Analysis - Number of instances : 6552
2019-34-28 22:34:13.826 [main] ERROR com.horndroid.analysis.FSInstructionAnalysis - Wrong offset for the parameters in the unknown method call!
2019-38-28 22:38:39.415 [main] ERROR com.horndroid.analysis.FSInstructionAnalysis - Wrong offset for the parameters in the unknown method call!
2019-41-28 22:41:17.755 [main] ERROR com.horndroid.analysis.FSInstructionAnalysis - Wrong offset for the parameters in the unknown method call!
2019-12-28 23:12:35.117 [main] ERROR com.horndroid.analysis.FSInstructionAnalysis - Wrong offset for the parameters in the unknown method call!
2019-12-28 23:12:37.453 [main] ERROR com.horndroid.analysis.FSInstructionAnalysis - Wrong offset for the parameters in the unknown method call!
2019-13-28 23:13:24.817 [main] ERROR com.horndroid.analysis.FSInstructionAnalysis - Wrong offset for the parameters in the unknown method call!
2019-13-28 23:13:27.293 [main] ERROR com.horndroid.analysis.FSInstructionAnalysis - Wrong offset for the parameters in the unknown method call!
