apks/timetracker_REACH.apk started
2019-56-29 04:56:40.574 [main] INFO  com.horndroid.Main - Starting fsHornDroid...
2019-56-29 04:56:40.578 [main] INFO  com.horndroid.Main - Flow Sensitive Analysis on 64 bitvectors size
2019-56-29 04:56:40.579 [main] DEBUG com.horndroid.executors.HorndroidExecutor - Parsing sources and sinks...
2019-56-29 04:56:41.120 [main] DEBUG com.horndroid.executors.HorndroidExecutor - done in 540 milliseconds
2019-56-29 04:56:41.120 [main] DEBUG com.horndroid.executors.HorndroidExecutor - Collecting apk files to process...
2019-56-29 04:56:41.121 [main] DEBUG com.horndroid.executors.HorndroidExecutor - done in 0 milliseconds
2019-56-29 04:56:41.155 [main] INFO  com.horndroid.executors.HorndroidExecutor - Analysing timetracker_REACH.apk
2019-56-29 04:56:41.182 [main] DEBUG com.horndroid.executors.HorndroidExecutor - Parsing entry points...
2019-56-29 04:56:41.185 [main] DEBUG com.horndroid.executors.HorndroidExecutor - done in 3 milliseconds
2019-56-29 04:56:41.186 [main] DEBUG com.horndroid.executors.HorndroidExecutor - Parsing callbacks and disabled activities...
2019-56-29 04:56:41.186 [main] INFO  com.horndroid.util.SourceSinkParser - Running apktool to obtain manifest xml and layout files
2019-56-29 04:56:43.092 [main] INFO  com.horndroid.util.SourceSinkParser - Exit Code:0
2019-56-29 04:56:43.092 [main] INFO  com.horndroid.util.SourceSinkParser - STDOUT:I: Using Apktool 2.3.0 on timetracker_REACH.apk
2019-56-29 04:56:43.092 [main] INFO  com.horndroid.util.SourceSinkParser - STDOUT:I: Loading resource table...
2019-56-29 04:56:43.093 [main] INFO  com.horndroid.util.SourceSinkParser - STDOUT:I: Decoding AndroidManifest.xml with resources...
2019-56-29 04:56:43.093 [main] INFO  com.horndroid.util.SourceSinkParser - STDOUT:I: Loading resource table from file: /tmp/1.apk
2019-56-29 04:56:43.093 [main] INFO  com.horndroid.util.SourceSinkParser - STDOUT:I: Regular manifest package...
2019-56-29 04:56:43.093 [main] INFO  com.horndroid.util.SourceSinkParser - STDOUT:I: Decoding file-resources...
2019-56-29 04:56:43.093 [main] INFO  com.horndroid.util.SourceSinkParser - STDOUT:I: Decoding values */* XMLs...
2019-56-29 04:56:43.094 [main] INFO  com.horndroid.util.SourceSinkParser - STDOUT:I: Copying raw classes.dex file...
2019-56-29 04:56:43.094 [main] INFO  com.horndroid.util.SourceSinkParser - STDOUT:I: Copying assets and libs...
2019-56-29 04:56:43.094 [main] INFO  com.horndroid.util.SourceSinkParser - STDOUT:I: Copying unknown files...
2019-56-29 04:56:43.094 [main] INFO  com.horndroid.util.SourceSinkParser - STDOUT:I: Copying original files...
2019-56-29 04:56:43.094 [main] INFO  com.horndroid.util.SourceSinkParser - Here is the standard error of the command (if any):

2019-56-29 04:56:43.094 [main] INFO  com.horndroid.util.SourceSinkParser - S: Please be aware this is a volatile directory and frameworks could go missing, please utilize --frame-path if the default storage directory is unavailable
2019-56-29 04:56:43.270 [main] DEBUG com.horndroid.executors.HorndroidExecutor - ...done in 2084 milliseconds
2019-56-29 04:56:43.271 [main] DEBUG com.horndroid.executors.HorndroidExecutor - Sorting classes...
2019-56-29 04:56:43.291 [main] DEBUG com.horndroid.executors.HorndroidExecutor - done in 20 milliseconds
2019-56-29 04:56:43.292 [main] DEBUG com.horndroid.executors.HorndroidExecutor - Collecting data for Horn Clause generation...
2019-56-29 04:56:43.512 [main] DEBUG com.horndroid.executors.HorndroidExecutor - done in 220 milliseconds
2019-56-29 04:56:43.512 [main] DEBUG com.horndroid.executors.HorndroidExecutor - Generating Horn Clauses..
2019-56-29 04:56:43.512 [main] INFO  com.horndroid.analysis.Analysis - Ready to start generating Horn Clauses:
2019-56-29 04:56:43.527 [main] INFO  com.horndroid.analysis.Analysis - Number of classes in APK : 202
2019-56-29 04:56:43.528 [main] INFO  com.horndroid.analysis.Analysis - Number of methods in APK: 1491
2019-56-29 04:56:43.528 [main] INFO  com.horndroid.analysis.Analysis - Number of instructions in APK: 42779
2019-56-29 04:56:43.528 [main] INFO  com.horndroid.analysis.Analysis - Number of instances in APK: 5510
2019-56-29 04:56:48.572 [main] INFO  com.horndroid.analysis.Analysis - Number of sources: 58
2019-56-29 04:56:48.572 [main] INFO  com.horndroid.analysis.Analysis - Number of sinks: 36
2019-56-29 04:56:48.572 [main] INFO  com.horndroid.analysis.Analysis - Number of classes : 202
2019-56-29 04:56:48.572 [main] INFO  com.horndroid.analysis.Analysis - Number of methods: 1491
2019-56-29 04:56:48.572 [main] INFO  com.horndroid.analysis.Analysis - Number of instructions: 42779
2019-56-29 04:56:48.572 [main] INFO  com.horndroid.analysis.Analysis - Number of instances : 5510
2019-11-29 06:11:57.894 [main] ERROR com.horndroid.analysis.FSInstructionAnalysis - Wrong offset for the parameters in the unknown method call!
2019-14-29 06:14:20.296 [main] ERROR com.horndroid.analysis.FSInstructionAnalysis - Wrong offset for the parameters in the unknown method call!
2019-15-29 06:15:43.055 [main] ERROR com.horndroid.analysis.FSInstructionAnalysis - Wrong offset for the parameters in the unknown method call!
2019-33-29 06:33:13.847 [main] ERROR com.horndroid.analysis.FSInstructionAnalysis - Wrong offset for the parameters in the unknown method call!
2019-33-29 06:33:15.628 [main] ERROR com.horndroid.analysis.FSInstructionAnalysis - Wrong offset for the parameters in the unknown method call!
2019-33-29 06:33:39.069 [main] ERROR com.horndroid.analysis.FSInstructionAnalysis - Wrong offset for the parameters in the unknown method call!
2019-33-29 06:33:41.131 [main] ERROR com.horndroid.analysis.FSInstructionAnalysis - Wrong offset for the parameters in the unknown method call!
2019-07-29 08:07:51.992 [main] ERROR com.horndroid.analysis.FSInstructionAnalysis - Wrong offset for the parameters in the unknown method call!
2019-09-29 08:09:24.865 [main] ERROR com.horndroid.analysis.FSInstructionAnalysis - Wrong offset for the parameters in the unknown method call!
2019-09-29 08:09:25.247 [main] ERROR com.horndroid.analysis.FSInstructionAnalysis - Wrong offset for the parameters in the unknown method call!
2019-09-29 08:09:33.040 [main] ERROR com.horndroid.analysis.FSInstructionAnalysis - Wrong offset for the parameters in the unknown method call!
