apks/variant0.apk started
2019-30-27 07:30:31.964 [main] INFO  com.horndroid.Main - Starting fsHornDroid...
2019-30-27 07:30:31.971 [main] INFO  com.horndroid.Main - Flow Sensitive Analysis on 64 bitvectors size
2019-30-27 07:30:31.972 [main] DEBUG com.horndroid.executors.HorndroidExecutor - Parsing sources and sinks...
2019-30-27 07:30:32.431 [main] DEBUG com.horndroid.executors.HorndroidExecutor - done in 458 milliseconds
2019-30-27 07:30:32.431 [main] DEBUG com.horndroid.executors.HorndroidExecutor - Collecting apk files to process...
2019-30-27 07:30:32.431 [main] DEBUG com.horndroid.executors.HorndroidExecutor - done in 0 milliseconds
2019-30-27 07:30:32.465 [main] INFO  com.horndroid.executors.HorndroidExecutor - Analysing variant0.apk
2019-30-27 07:30:32.498 [main] DEBUG com.horndroid.executors.HorndroidExecutor - Parsing entry points...
2019-30-27 07:30:32.502 [main] DEBUG com.horndroid.executors.HorndroidExecutor - done in 3 milliseconds
2019-30-27 07:30:32.503 [main] DEBUG com.horndroid.executors.HorndroidExecutor - Parsing callbacks and disabled activities...
2019-30-27 07:30:32.503 [main] INFO  com.horndroid.util.SourceSinkParser - Running apktool to obtain manifest xml and layout files
2019-30-27 07:30:34.868 [main] INFO  com.horndroid.util.SourceSinkParser - Exit Code:0
2019-30-27 07:30:34.868 [main] INFO  com.horndroid.util.SourceSinkParser - STDOUT:I: Using Apktool 2.3.0 on variant0.apk
2019-30-27 07:30:34.869 [main] INFO  com.horndroid.util.SourceSinkParser - STDOUT:I: Loading resource table...
2019-30-27 07:30:34.869 [main] INFO  com.horndroid.util.SourceSinkParser - STDOUT:I: Decoding AndroidManifest.xml with resources...
2019-30-27 07:30:34.869 [main] INFO  com.horndroid.util.SourceSinkParser - STDOUT:I: Loading resource table from file: /tmp/1.apk
2019-30-27 07:30:34.869 [main] INFO  com.horndroid.util.SourceSinkParser - STDOUT:I: Regular manifest package...
2019-30-27 07:30:34.869 [main] INFO  com.horndroid.util.SourceSinkParser - STDOUT:I: Decoding file-resources...
2019-30-27 07:30:34.869 [main] INFO  com.horndroid.util.SourceSinkParser - STDOUT:I: Decoding values */* XMLs...
2019-30-27 07:30:34.869 [main] INFO  com.horndroid.util.SourceSinkParser - STDOUT:I: Copying raw classes.dex file...
2019-30-27 07:30:34.869 [main] INFO  com.horndroid.util.SourceSinkParser - STDOUT:I: Copying assets and libs...
2019-30-27 07:30:34.869 [main] INFO  com.horndroid.util.SourceSinkParser - STDOUT:I: Copying unknown files...
2019-30-27 07:30:34.869 [main] INFO  com.horndroid.util.SourceSinkParser - STDOUT:I: Copying original files...
2019-30-27 07:30:34.870 [main] INFO  com.horndroid.util.SourceSinkParser - Here is the standard error of the command (if any):

2019-30-27 07:30:34.870 [main] INFO  com.horndroid.util.SourceSinkParser - S: Please be aware this is a volatile directory and frameworks could go missing, please utilize --frame-path if the default storage directory is unavailable
2019-30-27 07:30:35.287 [main] DEBUG com.horndroid.executors.HorndroidExecutor - ...done in 2784 milliseconds
2019-30-27 07:30:35.287 [main] DEBUG com.horndroid.executors.HorndroidExecutor - Sorting classes...
2019-30-27 07:30:35.321 [main] DEBUG com.horndroid.executors.HorndroidExecutor - done in 33 milliseconds
2019-30-27 07:30:35.321 [main] DEBUG com.horndroid.executors.HorndroidExecutor - Collecting data for Horn Clause generation...
2019-30-27 07:30:35.591 [main] DEBUG com.horndroid.executors.HorndroidExecutor - done in 269 milliseconds
2019-30-27 07:30:35.591 [main] DEBUG com.horndroid.executors.HorndroidExecutor - Generating Horn Clauses..
2019-30-27 07:30:35.591 [main] INFO  com.horndroid.analysis.Analysis - Ready to start generating Horn Clauses:
2019-30-27 07:30:35.597 [main] INFO  com.horndroid.analysis.Analysis - Number of classes in APK : 46
2019-30-27 07:30:35.597 [main] INFO  com.horndroid.analysis.Analysis - Number of methods in APK: 132
2019-30-27 07:30:35.597 [main] INFO  com.horndroid.analysis.Analysis - Number of instructions in APK: 1835
2019-30-27 07:30:35.597 [main] INFO  com.horndroid.analysis.Analysis - Number of instances in APK: 316
2019-30-27 07:30:35.704 [main] INFO  com.horndroid.analysis.Analysis - Number of sources: 54
2019-30-27 07:30:35.704 [main] INFO  com.horndroid.analysis.Analysis - Number of sinks: 36
2019-30-27 07:30:35.704 [main] INFO  com.horndroid.analysis.Analysis - Number of classes : 46
2019-30-27 07:30:35.704 [main] INFO  com.horndroid.analysis.Analysis - Number of methods: 132
2019-30-27 07:30:35.704 [main] INFO  com.horndroid.analysis.Analysis - Number of instructions: 1835
2019-30-27 07:30:35.704 [main] INFO  com.horndroid.analysis.Analysis - Number of instances : 316
2019-30-27 07:30:42.559 [main] DEBUG com.horndroid.executors.HorndroidExecutor - ...done in 6967 milliseconds
2019-30-27 07:30:42.559 [main] DEBUG com.horndroid.executors.HorndroidExecutor - Waiting for treads to terminate...
2019-30-27 07:30:42.559 [main] DEBUG com.horndroid.executors.HorndroidExecutor - ...done in 0 milliseconds
2019-30-27 07:30:42.560 [main] DEBUG com.horndroid.executors.HorndroidExecutor - Executing all queries...
2019-30-27 07:30:42.561 [main] INFO  com.horndroid.z3.FSEngine - Number of the generated queries: 26
2019-32-27 07:32:04.468 [main] INFO  com.horndroid.z3.FSEngine - 1 Test if register 3 leaks at line 19 in method invokeCallback(Landroid/arch/lifecycle/ReflectiveGenericLifecycleObserver$MethodReference;Landroid/arch/lifecycle/LifecycleOwner;Landroid/arch/lifecycle/Lifecycle$Event;)V of the class Landroid/arch/lifecycle/ReflectiveGenericLifecycleObserver; to the sink invoke(Ljava/lang/Object;[Ljava/lang/Object;)Ljava/lang/Object;:NO LEAK
