apks/VariantRoute0Subtype-debug.apk started
2019-57-11 15:57:08.817 [main] INFO  com.horndroid.Main - Starting fsHornDroid...
2019-57-11 15:57:08.821 [main] INFO  com.horndroid.Main - Flow Sensitive Analysis on 64 bitvectors size
2019-57-11 15:57:08.822 [main] DEBUG com.horndroid.executors.HorndroidExecutor - Parsing sources and sinks...
2019-57-11 15:57:09.343 [main] DEBUG com.horndroid.executors.HorndroidExecutor - done in 520 milliseconds
2019-57-11 15:57:09.343 [main] DEBUG com.horndroid.executors.HorndroidExecutor - Collecting apk files to process...
2019-57-11 15:57:09.344 [main] DEBUG com.horndroid.executors.HorndroidExecutor - done in 0 milliseconds
2019-57-11 15:57:09.407 [main] INFO  com.horndroid.executors.HorndroidExecutor - Analysing VariantRoute0Subtype-debug.apk
2019-57-11 15:57:09.463 [main] DEBUG com.horndroid.executors.HorndroidExecutor - Parsing entry points...
2019-57-11 15:57:09.470 [main] DEBUG com.horndroid.executors.HorndroidExecutor - done in 6 milliseconds
2019-57-11 15:57:09.470 [main] DEBUG com.horndroid.executors.HorndroidExecutor - Parsing callbacks and disabled activities...
2019-57-11 15:57:09.470 [main] INFO  com.horndroid.util.SourceSinkParser - Running apktool to obtain manifest xml and layout files
2019-57-11 15:57:11.966 [main] INFO  com.horndroid.util.SourceSinkParser - Exit Code:0
2019-57-11 15:57:11.966 [main] INFO  com.horndroid.util.SourceSinkParser - STDOUT:I: Using Apktool 2.3.0 on VariantRoute0Subtype-debug.apk
2019-57-11 15:57:11.967 [main] INFO  com.horndroid.util.SourceSinkParser - STDOUT:I: Loading resource table...
2019-57-11 15:57:11.967 [main] INFO  com.horndroid.util.SourceSinkParser - STDOUT:I: Decoding AndroidManifest.xml with resources...
2019-57-11 15:57:11.967 [main] INFO  com.horndroid.util.SourceSinkParser - STDOUT:I: Loading resource table from file: /tmp/1.apk
2019-57-11 15:57:11.967 [main] INFO  com.horndroid.util.SourceSinkParser - STDOUT:I: Regular manifest package...
2019-57-11 15:57:11.968 [main] INFO  com.horndroid.util.SourceSinkParser - STDOUT:I: Decoding file-resources...
2019-57-11 15:57:11.968 [main] INFO  com.horndroid.util.SourceSinkParser - STDOUT:I: Decoding values */* XMLs...
2019-57-11 15:57:11.968 [main] INFO  com.horndroid.util.SourceSinkParser - STDOUT:I: Copying raw classes.dex file...
2019-57-11 15:57:11.968 [main] INFO  com.horndroid.util.SourceSinkParser - STDOUT:I: Copying assets and libs...
2019-57-11 15:57:11.968 [main] INFO  com.horndroid.util.SourceSinkParser - STDOUT:I: Copying unknown files...
2019-57-11 15:57:11.969 [main] INFO  com.horndroid.util.SourceSinkParser - STDOUT:I: Copying original files...
2019-57-11 15:57:11.969 [main] INFO  com.horndroid.util.SourceSinkParser - Here is the standard error of the command (if any):

2019-57-11 15:57:11.969 [main] INFO  com.horndroid.util.SourceSinkParser - S: Please be aware this is a volatile directory and frameworks could go missing, please utilize --frame-path if the default storage directory is unavailable
2019-57-11 15:57:12.245 [main] DEBUG com.horndroid.executors.HorndroidExecutor - ...done in 2774 milliseconds
2019-57-11 15:57:12.245 [main] DEBUG com.horndroid.executors.HorndroidExecutor - Sorting classes...
2019-57-11 15:57:12.267 [main] DEBUG com.horndroid.executors.HorndroidExecutor - done in 21 milliseconds
2019-57-11 15:57:12.267 [main] DEBUG com.horndroid.executors.HorndroidExecutor - Collecting data for Horn Clause generation...
2019-57-11 15:57:12.385 [main] DEBUG com.horndroid.executors.HorndroidExecutor - done in 118 milliseconds
2019-57-11 15:57:12.386 [main] DEBUG com.horndroid.executors.HorndroidExecutor - Generating Horn Clauses..
2019-57-11 15:57:12.386 [main] INFO  com.horndroid.analysis.Analysis - Ready to start generating Horn Clauses:
2019-57-11 15:57:12.387 [main] INFO  com.horndroid.analysis.Analysis - Number of classes in APK : 17
2019-57-11 15:57:12.387 [main] INFO  com.horndroid.analysis.Analysis - Number of methods in APK: 23
2019-57-11 15:57:12.387 [main] INFO  com.horndroid.analysis.Analysis - Number of instructions in APK: 258
2019-57-11 15:57:12.387 [main] INFO  com.horndroid.analysis.Analysis - Number of instances in APK: 49
2019-57-11 15:57:12.424 [main] INFO  com.horndroid.analysis.Analysis - Number of sources: 15
2019-57-11 15:57:12.424 [main] INFO  com.horndroid.analysis.Analysis - Number of sinks: 8
2019-57-11 15:57:12.424 [main] INFO  com.horndroid.analysis.Analysis - Number of classes : 17
2019-57-11 15:57:12.425 [main] INFO  com.horndroid.analysis.Analysis - Number of methods: 23
2019-57-11 15:57:12.425 [main] INFO  com.horndroid.analysis.Analysis - Number of instructions: 258
2019-57-11 15:57:12.425 [main] INFO  com.horndroid.analysis.Analysis - Number of instances : 49
2019-57-11 15:57:12.546 [main] DEBUG com.horndroid.executors.HorndroidExecutor - ...done in 160 milliseconds
2019-57-11 15:57:12.546 [main] DEBUG com.horndroid.executors.HorndroidExecutor - Waiting for treads to terminate...
2019-57-11 15:57:12.546 [main] DEBUG com.horndroid.executors.HorndroidExecutor - ...done in 0 milliseconds
2019-57-11 15:57:12.546 [main] DEBUG com.horndroid.executors.HorndroidExecutor - Executing all queries...
2019-57-11 15:57:12.547 [main] INFO  com.horndroid.z3.FSEngine - Number of the generated queries: 8
2019-57-11 15:57:12.798 [main] INFO  com.horndroid.z3.FSEngine - 1 Test if register 1 leaks at line 22 in method onCreate(Landroid/os/Bundle;)V of the class Lcom/example/variantroute/MainActivity; to the sink d(Ljava/lang/String;Ljava/lang/String;)I:NO LEAK
2019-57-11 15:57:13.313 [main] INFO  com.horndroid.z3.FSEngine - 2 [REF] Test if register 1 leaks at line 22 in method onCreate(Landroid/os/Bundle;)V of the class Lcom/example/variantroute/MainActivity; to the sink d(Ljava/lang/String;Ljava/lang/String;)I:NO LEAK
2019-57-11 15:57:13.558 [main] INFO  com.horndroid.z3.FSEngine - 3 Test if register 0 leaks at line 22 in method onCreate(Landroid/os/Bundle;)V of the class Lcom/example/variantroute/MainActivity; to the sink d(Ljava/lang/String;Ljava/lang/String;)I:NO LEAK
2019-57-11 15:57:13.809 [main] INFO  com.horndroid.z3.FSEngine - 4 [REF] Test if register 0 leaks at line 22 in method onCreate(Landroid/os/Bundle;)V of the class Lcom/example/variantroute/MainActivity; to the sink d(Ljava/lang/String;Ljava/lang/String;)I:NO LEAK
2019-57-11 15:57:13.992 [main] INFO  com.horndroid.z3.FSEngine - 5 Test if register 3 leaks at line 6 in method buttonClicked(Landroid/view/View;)V of the class Lcom/example/variantroute/MainActivity; to the sink d(Ljava/lang/String;Ljava/lang/String;)I:NO LEAK
2019-57-11 15:57:14.244 [main] INFO  com.horndroid.z3.FSEngine - 6 [REF] Test if register 3 leaks at line 6 in method buttonClicked(Landroid/view/View;)V of the class Lcom/example/variantroute/MainActivity; to the sink d(Ljava/lang/String;Ljava/lang/String;)I:NO LEAK
2019-57-11 15:57:14.429 [main] INFO  com.horndroid.z3.FSEngine - 7 Test if register 2 leaks at line 6 in method buttonClicked(Landroid/view/View;)V of the class Lcom/example/variantroute/MainActivity; to the sink d(Ljava/lang/String;Ljava/lang/String;)I:NO LEAK
2019-57-11 15:57:14.674 [main] INFO  com.horndroid.z3.FSEngine - 8 [REF] Test if register 2 leaks at line 6 in method buttonClicked(Landroid/view/View;)V of the class Lcom/example/variantroute/MainActivity; to the sink d(Ljava/lang/String;Ljava/lang/String;)I:NO LEAK
2019-57-11 15:57:14.674 [main] DEBUG com.horndroid.executors.HorndroidExecutor - ...done in 2127 milliseconds
