apks/variant0sub3.apk started
2019-02-29 17:02:38.717 [main] INFO  com.horndroid.Main - Starting fsHornDroid...
2019-02-29 17:02:38.720 [main] INFO  com.horndroid.Main - Flow Sensitive Analysis on 64 bitvectors size
2019-02-29 17:02:38.722 [main] DEBUG com.horndroid.executors.HorndroidExecutor - Parsing sources and sinks...
2019-02-29 17:02:39.152 [main] DEBUG com.horndroid.executors.HorndroidExecutor - done in 430 milliseconds
2019-02-29 17:02:39.153 [main] DEBUG com.horndroid.executors.HorndroidExecutor - Collecting apk files to process...
2019-02-29 17:02:39.153 [main] DEBUG com.horndroid.executors.HorndroidExecutor - done in 0 milliseconds
2019-02-29 17:02:39.194 [main] INFO  com.horndroid.executors.HorndroidExecutor - Analysing variant0sub3.apk
2019-02-29 17:02:39.223 [main] DEBUG com.horndroid.executors.HorndroidExecutor - Parsing entry points...
2019-02-29 17:02:39.226 [main] DEBUG com.horndroid.executors.HorndroidExecutor - done in 3 milliseconds
2019-02-29 17:02:39.226 [main] DEBUG com.horndroid.executors.HorndroidExecutor - Parsing callbacks and disabled activities...
2019-02-29 17:02:39.227 [main] INFO  com.horndroid.util.SourceSinkParser - Running apktool to obtain manifest xml and layout files
2019-02-29 17:02:41.522 [main] INFO  com.horndroid.util.SourceSinkParser - Exit Code:0
2019-02-29 17:02:41.523 [main] INFO  com.horndroid.util.SourceSinkParser - STDOUT:I: Using Apktool 2.3.0 on variant0sub3.apk
2019-02-29 17:02:41.523 [main] INFO  com.horndroid.util.SourceSinkParser - STDOUT:I: Loading resource table...
2019-02-29 17:02:41.523 [main] INFO  com.horndroid.util.SourceSinkParser - STDOUT:I: Decoding AndroidManifest.xml with resources...
2019-02-29 17:02:41.523 [main] INFO  com.horndroid.util.SourceSinkParser - STDOUT:I: Loading resource table from file: /tmp/1.apk
2019-02-29 17:02:41.523 [main] INFO  com.horndroid.util.SourceSinkParser - STDOUT:I: Regular manifest package...
2019-02-29 17:02:41.523 [main] INFO  com.horndroid.util.SourceSinkParser - STDOUT:I: Decoding file-resources...
2019-02-29 17:02:41.523 [main] INFO  com.horndroid.util.SourceSinkParser - STDOUT:I: Decoding values */* XMLs...
2019-02-29 17:02:41.524 [main] INFO  com.horndroid.util.SourceSinkParser - STDOUT:I: Copying raw classes.dex file...
2019-02-29 17:02:41.524 [main] INFO  com.horndroid.util.SourceSinkParser - STDOUT:I: Copying assets and libs...
2019-02-29 17:02:41.524 [main] INFO  com.horndroid.util.SourceSinkParser - STDOUT:I: Copying unknown files...
2019-02-29 17:02:41.524 [main] INFO  com.horndroid.util.SourceSinkParser - STDOUT:I: Copying original files...
2019-02-29 17:02:41.524 [main] INFO  com.horndroid.util.SourceSinkParser - Here is the standard error of the command (if any):

2019-02-29 17:02:41.524 [main] INFO  com.horndroid.util.SourceSinkParser - S: Please be aware this is a volatile directory and frameworks could go missing, please utilize --frame-path if the default storage directory is unavailable
2019-02-29 17:02:41.806 [main] DEBUG com.horndroid.executors.HorndroidExecutor - ...done in 2579 milliseconds
2019-02-29 17:02:41.806 [main] DEBUG com.horndroid.executors.HorndroidExecutor - Sorting classes...
2019-02-29 17:02:41.825 [main] DEBUG com.horndroid.executors.HorndroidExecutor - done in 18 milliseconds
2019-02-29 17:02:41.825 [main] DEBUG com.horndroid.executors.HorndroidExecutor - Collecting data for Horn Clause generation...
2019-02-29 17:02:41.938 [main] DEBUG com.horndroid.executors.HorndroidExecutor - done in 112 milliseconds
2019-02-29 17:02:41.938 [main] DEBUG com.horndroid.executors.HorndroidExecutor - Generating Horn Clauses..
2019-02-29 17:02:41.938 [main] INFO  com.horndroid.analysis.Analysis - Ready to start generating Horn Clauses:
2019-02-29 17:02:41.939 [main] INFO  com.horndroid.analysis.Analysis - Number of classes in APK : 17
2019-02-29 17:02:41.940 [main] INFO  com.horndroid.analysis.Analysis - Number of methods in APK: 23
2019-02-29 17:02:41.940 [main] INFO  com.horndroid.analysis.Analysis - Number of instructions in APK: 258
2019-02-29 17:02:41.940 [main] INFO  com.horndroid.analysis.Analysis - Number of instances in APK: 49
2019-02-29 17:02:41.981 [main] INFO  com.horndroid.analysis.Analysis - Number of sources: 15
2019-02-29 17:02:41.981 [main] INFO  com.horndroid.analysis.Analysis - Number of sinks: 8
2019-02-29 17:02:41.981 [main] INFO  com.horndroid.analysis.Analysis - Number of classes : 17
2019-02-29 17:02:41.981 [main] INFO  com.horndroid.analysis.Analysis - Number of methods: 23
2019-02-29 17:02:41.981 [main] INFO  com.horndroid.analysis.Analysis - Number of instructions: 258
2019-02-29 17:02:41.981 [main] INFO  com.horndroid.analysis.Analysis - Number of instances : 49
2019-02-29 17:02:42.165 [main] DEBUG com.horndroid.executors.HorndroidExecutor - ...done in 227 milliseconds
2019-02-29 17:02:42.166 [main] DEBUG com.horndroid.executors.HorndroidExecutor - Waiting for treads to terminate...
2019-02-29 17:02:42.166 [main] DEBUG com.horndroid.executors.HorndroidExecutor - ...done in 0 milliseconds
2019-02-29 17:02:42.166 [main] DEBUG com.horndroid.executors.HorndroidExecutor - Executing all queries...
2019-02-29 17:02:42.167 [main] INFO  com.horndroid.z3.FSEngine - Number of the generated queries: 8
2019-02-29 17:02:42.492 [main] INFO  com.horndroid.z3.FSEngine - 1 Test if register 1 leaks at line 22 in method onCreate(Landroid/os/Bundle;)V of the class Lcom/example/variantroute/MainActivity; to the sink d(Ljava/lang/String;Ljava/lang/String;)I:NO LEAK
2019-02-29 17:02:42.966 [main] INFO  com.horndroid.z3.FSEngine - 2 [REF] Test if register 1 leaks at line 22 in method onCreate(Landroid/os/Bundle;)V of the class Lcom/example/variantroute/MainActivity; to the sink d(Ljava/lang/String;Ljava/lang/String;)I:NO LEAK
2019-02-29 17:02:43.216 [main] INFO  com.horndroid.z3.FSEngine - 3 Test if register 0 leaks at line 22 in method onCreate(Landroid/os/Bundle;)V of the class Lcom/example/variantroute/MainActivity; to the sink d(Ljava/lang/String;Ljava/lang/String;)I:NO LEAK
2019-02-29 17:02:43.469 [main] INFO  com.horndroid.z3.FSEngine - 4 [REF] Test if register 0 leaks at line 22 in method onCreate(Landroid/os/Bundle;)V of the class Lcom/example/variantroute/MainActivity; to the sink d(Ljava/lang/String;Ljava/lang/String;)I:NO LEAK
2019-02-29 17:02:43.650 [main] INFO  com.horndroid.z3.FSEngine - 5 Test if register 3 leaks at line 6 in method buttonClicked(Landroid/view/View;)V of the class Lcom/example/variantroute/MainActivity; to the sink d(Ljava/lang/String;Ljava/lang/String;)I:NO LEAK
2019-02-29 17:02:43.900 [main] INFO  com.horndroid.z3.FSEngine - 6 [REF] Test if register 3 leaks at line 6 in method buttonClicked(Landroid/view/View;)V of the class Lcom/example/variantroute/MainActivity; to the sink d(Ljava/lang/String;Ljava/lang/String;)I:NO LEAK
2019-02-29 17:02:44.082 [main] INFO  com.horndroid.z3.FSEngine - 7 Test if register 2 leaks at line 6 in method buttonClicked(Landroid/view/View;)V of the class Lcom/example/variantroute/MainActivity; to the sink d(Ljava/lang/String;Ljava/lang/String;)I:NO LEAK
2019-02-29 17:02:44.328 [main] INFO  com.horndroid.z3.FSEngine - 8 [REF] Test if register 2 leaks at line 6 in method buttonClicked(Landroid/view/View;)V of the class Lcom/example/variantroute/MainActivity; to the sink d(Ljava/lang/String;Ljava/lang/String;)I:NO LEAK
2019-02-29 17:02:44.328 [main] DEBUG com.horndroid.executors.HorndroidExecutor - ...done in 2162 milliseconds
