apks/variant0.apk started
2019-05-28 07:05:22.070 [main] INFO  com.horndroid.Main - Starting fsHornDroid...
2019-05-28 07:05:22.074 [main] INFO  com.horndroid.Main - Flow Sensitive Analysis on 64 bitvectors size
2019-05-28 07:05:22.075 [main] DEBUG com.horndroid.executors.HorndroidExecutor - Parsing sources and sinks...
2019-05-28 07:05:22.498 [main] DEBUG com.horndroid.executors.HorndroidExecutor - done in 422 milliseconds
2019-05-28 07:05:22.498 [main] DEBUG com.horndroid.executors.HorndroidExecutor - Collecting apk files to process...
2019-05-28 07:05:22.498 [main] DEBUG com.horndroid.executors.HorndroidExecutor - done in 0 milliseconds
2019-05-28 07:05:22.526 [main] INFO  com.horndroid.executors.HorndroidExecutor - Analysing variant0.apk
2019-05-28 07:05:22.555 [main] DEBUG com.horndroid.executors.HorndroidExecutor - Parsing entry points...
2019-05-28 07:05:22.558 [main] DEBUG com.horndroid.executors.HorndroidExecutor - done in 2 milliseconds
2019-05-28 07:05:22.558 [main] DEBUG com.horndroid.executors.HorndroidExecutor - Parsing callbacks and disabled activities...
2019-05-28 07:05:22.558 [main] INFO  com.horndroid.util.SourceSinkParser - Running apktool to obtain manifest xml and layout files
2019-05-28 07:05:25.017 [main] INFO  com.horndroid.util.SourceSinkParser - Exit Code:0
2019-05-28 07:05:25.018 [main] INFO  com.horndroid.util.SourceSinkParser - STDOUT:I: Using Apktool 2.3.0 on variant0.apk
2019-05-28 07:05:25.018 [main] INFO  com.horndroid.util.SourceSinkParser - STDOUT:I: Loading resource table...
2019-05-28 07:05:25.018 [main] INFO  com.horndroid.util.SourceSinkParser - STDOUT:I: Decoding AndroidManifest.xml with resources...
2019-05-28 07:05:25.018 [main] INFO  com.horndroid.util.SourceSinkParser - STDOUT:I: Loading resource table from file: /tmp/1.apk
2019-05-28 07:05:25.018 [main] INFO  com.horndroid.util.SourceSinkParser - STDOUT:I: Regular manifest package...
2019-05-28 07:05:25.019 [main] INFO  com.horndroid.util.SourceSinkParser - STDOUT:I: Decoding file-resources...
2019-05-28 07:05:25.019 [main] INFO  com.horndroid.util.SourceSinkParser - STDOUT:I: Decoding values */* XMLs...
2019-05-28 07:05:25.019 [main] INFO  com.horndroid.util.SourceSinkParser - STDOUT:I: Copying raw classes.dex file...
2019-05-28 07:05:25.019 [main] INFO  com.horndroid.util.SourceSinkParser - STDOUT:I: Copying assets and libs...
2019-05-28 07:05:25.019 [main] INFO  com.horndroid.util.SourceSinkParser - STDOUT:I: Copying unknown files...
2019-05-28 07:05:25.019 [main] INFO  com.horndroid.util.SourceSinkParser - STDOUT:I: Copying original files...
2019-05-28 07:05:25.019 [main] INFO  com.horndroid.util.SourceSinkParser - Here is the standard error of the command (if any):

2019-05-28 07:05:25.020 [main] INFO  com.horndroid.util.SourceSinkParser - S: Please be aware this is a volatile directory and frameworks could go missing, please utilize --frame-path if the default storage directory is unavailable
2019-05-28 07:05:25.428 [main] DEBUG com.horndroid.executors.HorndroidExecutor - ...done in 2870 milliseconds
2019-05-28 07:05:25.429 [main] DEBUG com.horndroid.executors.HorndroidExecutor - Sorting classes...
2019-05-28 07:05:25.456 [main] DEBUG com.horndroid.executors.HorndroidExecutor - done in 27 milliseconds
2019-05-28 07:05:25.456 [main] DEBUG com.horndroid.executors.HorndroidExecutor - Collecting data for Horn Clause generation...
2019-05-28 07:05:25.753 [main] DEBUG com.horndroid.executors.HorndroidExecutor - done in 296 milliseconds
2019-05-28 07:05:25.753 [main] DEBUG com.horndroid.executors.HorndroidExecutor - Generating Horn Clauses..
2019-05-28 07:05:25.753 [main] INFO  com.horndroid.analysis.Analysis - Ready to start generating Horn Clauses:
2019-05-28 07:05:25.762 [main] INFO  com.horndroid.analysis.Analysis - Number of classes in APK : 46
2019-05-28 07:05:25.763 [main] INFO  com.horndroid.analysis.Analysis - Number of methods in APK: 132
2019-05-28 07:05:25.763 [main] INFO  com.horndroid.analysis.Analysis - Number of instructions in APK: 1835
2019-05-28 07:05:25.763 [main] INFO  com.horndroid.analysis.Analysis - Number of instances in APK: 316
2019-05-28 07:05:25.879 [main] INFO  com.horndroid.analysis.Analysis - Number of sources: 54
2019-05-28 07:05:25.879 [main] INFO  com.horndroid.analysis.Analysis - Number of sinks: 36
2019-05-28 07:05:25.880 [main] INFO  com.horndroid.analysis.Analysis - Number of classes : 46
2019-05-28 07:05:25.880 [main] INFO  com.horndroid.analysis.Analysis - Number of methods: 132
2019-05-28 07:05:25.880 [main] INFO  com.horndroid.analysis.Analysis - Number of instructions: 1835
2019-05-28 07:05:25.880 [main] INFO  com.horndroid.analysis.Analysis - Number of instances : 316
2019-05-28 07:05:32.954 [main] DEBUG com.horndroid.executors.HorndroidExecutor - ...done in 7200 milliseconds
2019-05-28 07:05:32.954 [main] DEBUG com.horndroid.executors.HorndroidExecutor - Waiting for treads to terminate...
2019-05-28 07:05:32.954 [main] DEBUG com.horndroid.executors.HorndroidExecutor - ...done in 0 milliseconds
2019-05-28 07:05:32.954 [main] DEBUG com.horndroid.executors.HorndroidExecutor - Executing all queries...
2019-05-28 07:05:32.955 [main] INFO  com.horndroid.z3.FSEngine - Number of the generated queries: 26
2019-06-28 07:06:53.696 [main] INFO  com.horndroid.z3.FSEngine - 1 Test if register 3 leaks at line 19 in method invokeCallback(Landroid/arch/lifecycle/ReflectiveGenericLifecycleObserver$MethodReference;Landroid/arch/lifecycle/LifecycleOwner;Landroid/arch/lifecycle/Lifecycle$Event;)V of the class Landroid/arch/lifecycle/ReflectiveGenericLifecycleObserver; to the sink invoke(Ljava/lang/Object;[Ljava/lang/Object;)Ljava/lang/Object;:NO LEAK
2019-08-28 07:08:21.944 [main] INFO  com.horndroid.z3.FSEngine - 2 [REF] Test if register 3 leaks at line 19 in method invokeCallback(Landroid/arch/lifecycle/ReflectiveGenericLifecycleObserver$MethodReference;Landroid/arch/lifecycle/LifecycleOwner;Landroid/arch/lifecycle/Lifecycle$Event;)V of the class Landroid/arch/lifecycle/ReflectiveGenericLifecycleObserver; to the sink invoke(Ljava/lang/Object;[Ljava/lang/Object;)Ljava/lang/Object;:NO LEAK
2019-09-28 07:09:48.368 [main] INFO  com.horndroid.z3.FSEngine - 3 Test if register 0 leaks at line 19 in method invokeCallback(Landroid/arch/lifecycle/ReflectiveGenericLifecycleObserver$MethodReference;Landroid/arch/lifecycle/LifecycleOwner;Landroid/arch/lifecycle/Lifecycle$Event;)V of the class Landroid/arch/lifecycle/ReflectiveGenericLifecycleObserver; to the sink invoke(Ljava/lang/Object;[Ljava/lang/Object;)Ljava/lang/Object;:NO LEAK
2019-11-28 07:11:13.681 [main] INFO  com.horndroid.z3.FSEngine - 4 [REF] Test if register 0 leaks at line 19 in method invokeCallback(Landroid/arch/lifecycle/ReflectiveGenericLifecycleObserver$MethodReference;Landroid/arch/lifecycle/LifecycleOwner;Landroid/arch/lifecycle/Lifecycle$Event;)V of the class Landroid/arch/lifecycle/ReflectiveGenericLifecycleObserver; to the sink invoke(Ljava/lang/Object;[Ljava/lang/Object;)Ljava/lang/Object;:NO LEAK
2019-12-28 07:12:39.322 [main] INFO  com.horndroid.z3.FSEngine - 5 Test if register 5 leaks at line 19 in method invokeCallback(Landroid/arch/lifecycle/ReflectiveGenericLifecycleObserver$MethodReference;Landroid/arch/lifecycle/LifecycleOwner;Landroid/arch/lifecycle/Lifecycle$Event;)V of the class Landroid/arch/lifecycle/ReflectiveGenericLifecycleObserver; to the sink invoke(Ljava/lang/Object;[Ljava/lang/Object;)Ljava/lang/Object;:NO LEAK
2019-14-28 07:14:04.658 [main] INFO  com.horndroid.z3.FSEngine - 6 [REF] Test if register 5 leaks at line 19 in method invokeCallback(Landroid/arch/lifecycle/ReflectiveGenericLifecycleObserver$MethodReference;Landroid/arch/lifecycle/LifecycleOwner;Landroid/arch/lifecycle/Lifecycle$Event;)V of the class Landroid/arch/lifecycle/ReflectiveGenericLifecycleObserver; to the sink invoke(Ljava/lang/Object;[Ljava/lang/Object;)Ljava/lang/Object;:NO LEAK
2019-15-28 07:15:29.519 [main] INFO  com.horndroid.z3.FSEngine - 7 Test if register 0 leaks at line 31 in method invokeCallback(Landroid/arch/lifecycle/ReflectiveGenericLifecycleObserver$MethodReference;Landroid/arch/lifecycle/LifecycleOwner;Landroid/arch/lifecycle/Lifecycle$Event;)V of the class Landroid/arch/lifecycle/ReflectiveGenericLifecycleObserver; to the sink invoke(Ljava/lang/Object;[Ljava/lang/Object;)Ljava/lang/Object;:NO LEAK
2019-16-28 07:16:54.522 [main] INFO  com.horndroid.z3.FSEngine - 8 [REF] Test if register 0 leaks at line 31 in method invokeCallback(Landroid/arch/lifecycle/ReflectiveGenericLifecycleObserver$MethodReference;Landroid/arch/lifecycle/LifecycleOwner;Landroid/arch/lifecycle/Lifecycle$Event;)V of the class Landroid/arch/lifecycle/ReflectiveGenericLifecycleObserver; to the sink invoke(Ljava/lang/Object;[Ljava/lang/Object;)Ljava/lang/Object;:NO LEAK
2019-18-28 07:18:21.092 [main] INFO  com.horndroid.z3.FSEngine - 9 Test if register 7 leaks at line 31 in method invokeCallback(Landroid/arch/lifecycle/ReflectiveGenericLifecycleObserver$MethodReference;Landroid/arch/lifecycle/LifecycleOwner;Landroid/arch/lifecycle/Lifecycle$Event;)V of the class Landroid/arch/lifecycle/ReflectiveGenericLifecycleObserver; to the sink invoke(Ljava/lang/Object;[Ljava/lang/Object;)Ljava/lang/Object;:NO LEAK
2019-19-28 07:19:46.115 [main] INFO  com.horndroid.z3.FSEngine - 10 [REF] Test if register 7 leaks at line 31 in method invokeCallback(Landroid/arch/lifecycle/ReflectiveGenericLifecycleObserver$MethodReference;Landroid/arch/lifecycle/LifecycleOwner;Landroid/arch/lifecycle/Lifecycle$Event;)V of the class Landroid/arch/lifecycle/ReflectiveGenericLifecycleObserver; to the sink invoke(Ljava/lang/Object;[Ljava/lang/Object;)Ljava/lang/Object;:NO LEAK
2019-21-28 07:21:12.186 [main] INFO  com.horndroid.z3.FSEngine - 11 Test if register 5 leaks at line 31 in method invokeCallback(Landroid/arch/lifecycle/ReflectiveGenericLifecycleObserver$MethodReference;Landroid/arch/lifecycle/LifecycleOwner;Landroid/arch/lifecycle/Lifecycle$Event;)V of the class Landroid/arch/lifecycle/ReflectiveGenericLifecycleObserver; to the sink invoke(Ljava/lang/Object;[Ljava/lang/Object;)Ljava/lang/Object;:NO LEAK
2019-22-28 07:22:37.110 [main] INFO  com.horndroid.z3.FSEngine - 12 [REF] Test if register 5 leaks at line 31 in method invokeCallback(Landroid/arch/lifecycle/ReflectiveGenericLifecycleObserver$MethodReference;Landroid/arch/lifecycle/LifecycleOwner;Landroid/arch/lifecycle/Lifecycle$Event;)V of the class Landroid/arch/lifecycle/ReflectiveGenericLifecycleObserver; to the sink invoke(Ljava/lang/Object;[Ljava/lang/Object;)Ljava/lang/Object;:NO LEAK
2019-24-28 07:24:02.039 [main] INFO  com.horndroid.z3.FSEngine - 13 Test if register 7 leaks at line 41 in method invokeCallback(Landroid/arch/lifecycle/ReflectiveGenericLifecycleObserver$MethodReference;Landroid/arch/lifecycle/LifecycleOwner;Landroid/arch/lifecycle/Lifecycle$Event;)V of the class Landroid/arch/lifecycle/ReflectiveGenericLifecycleObserver; to the sink invoke(Ljava/lang/Object;[Ljava/lang/Object;)Ljava/lang/Object;:NO LEAK
2019-25-28 07:25:27.527 [main] INFO  com.horndroid.z3.FSEngine - 14 [REF] Test if register 7 leaks at line 41 in method invokeCallback(Landroid/arch/lifecycle/ReflectiveGenericLifecycleObserver$MethodReference;Landroid/arch/lifecycle/LifecycleOwner;Landroid/arch/lifecycle/Lifecycle$Event;)V of the class Landroid/arch/lifecycle/ReflectiveGenericLifecycleObserver; to the sink invoke(Ljava/lang/Object;[Ljava/lang/Object;)Ljava/lang/Object;:NO LEAK
2019-26-28 07:26:52.873 [main] INFO  com.horndroid.z3.FSEngine - 15 Test if register 6 leaks at line 41 in method invokeCallback(Landroid/arch/lifecycle/ReflectiveGenericLifecycleObserver$MethodReference;Landroid/arch/lifecycle/LifecycleOwner;Landroid/arch/lifecycle/Lifecycle$Event;)V of the class Landroid/arch/lifecycle/ReflectiveGenericLifecycleObserver; to the sink invoke(Ljava/lang/Object;[Ljava/lang/Object;)Ljava/lang/Object;:NO LEAK
2019-28-28 07:28:17.974 [main] INFO  com.horndroid.z3.FSEngine - 16 [REF] Test if register 6 leaks at line 41 in method invokeCallback(Landroid/arch/lifecycle/ReflectiveGenericLifecycleObserver$MethodReference;Landroid/arch/lifecycle/LifecycleOwner;Landroid/arch/lifecycle/Lifecycle$Event;)V of the class Landroid/arch/lifecycle/ReflectiveGenericLifecycleObserver; to the sink invoke(Ljava/lang/Object;[Ljava/lang/Object;)Ljava/lang/Object;:NO LEAK
2019-29-28 07:29:43.226 [main] INFO  com.horndroid.z3.FSEngine - 17 Test if register 5 leaks at line 41 in method invokeCallback(Landroid/arch/lifecycle/ReflectiveGenericLifecycleObserver$MethodReference;Landroid/arch/lifecycle/LifecycleOwner;Landroid/arch/lifecycle/Lifecycle$Event;)V of the class Landroid/arch/lifecycle/ReflectiveGenericLifecycleObserver; to the sink invoke(Ljava/lang/Object;[Ljava/lang/Object;)Ljava/lang/Object;:NO LEAK
2019-31-28 07:31:08.358 [main] INFO  com.horndroid.z3.FSEngine - 18 [REF] Test if register 5 leaks at line 41 in method invokeCallback(Landroid/arch/lifecycle/ReflectiveGenericLifecycleObserver$MethodReference;Landroid/arch/lifecycle/LifecycleOwner;Landroid/arch/lifecycle/Lifecycle$Event;)V of the class Landroid/arch/lifecycle/ReflectiveGenericLifecycleObserver; to the sink invoke(Ljava/lang/Object;[Ljava/lang/Object;)Ljava/lang/Object;:NO LEAK
2019-31-28 07:31:38.954 [main] INFO  com.horndroid.z3.FSEngine - 19 Test if register 0 leaks at line 4 in method buttonClicked(Landroid/view/View;)V of the class Lcom/example/variantroute/MainActivity; to the sink d(Ljava/lang/String;Ljava/lang/String;)I:NO LEAK
