apks/VariantRoute2Subtype-debug.apk started
2019-36-11 16:36:50.984 [main] INFO  com.horndroid.Main - Starting fsHornDroid...
2019-36-11 16:36:50.989 [main] INFO  com.horndroid.Main - Flow Sensitive Analysis on 64 bitvectors size
2019-36-11 16:36:50.990 [main] DEBUG com.horndroid.executors.HorndroidExecutor - Parsing sources and sinks...
2019-36-11 16:36:51.460 [main] DEBUG com.horndroid.executors.HorndroidExecutor - done in 469 milliseconds
2019-36-11 16:36:51.460 [main] DEBUG com.horndroid.executors.HorndroidExecutor - Collecting apk files to process...
2019-36-11 16:36:51.461 [main] DEBUG com.horndroid.executors.HorndroidExecutor - done in 0 milliseconds
2019-36-11 16:36:51.492 [main] INFO  com.horndroid.executors.HorndroidExecutor - Analysing VariantRoute2Subtype-debug.apk
2019-36-11 16:36:51.520 [main] DEBUG com.horndroid.executors.HorndroidExecutor - Parsing entry points...
2019-36-11 16:36:51.523 [main] DEBUG com.horndroid.executors.HorndroidExecutor - done in 3 milliseconds
2019-36-11 16:36:51.523 [main] DEBUG com.horndroid.executors.HorndroidExecutor - Parsing callbacks and disabled activities...
2019-36-11 16:36:51.523 [main] INFO  com.horndroid.util.SourceSinkParser - Running apktool to obtain manifest xml and layout files
2019-36-11 16:36:53.966 [main] INFO  com.horndroid.util.SourceSinkParser - Exit Code:0
2019-36-11 16:36:53.966 [main] INFO  com.horndroid.util.SourceSinkParser - STDOUT:I: Using Apktool 2.3.0 on VariantRoute2Subtype-debug.apk
2019-36-11 16:36:53.967 [main] INFO  com.horndroid.util.SourceSinkParser - STDOUT:I: Loading resource table...
2019-36-11 16:36:53.967 [main] INFO  com.horndroid.util.SourceSinkParser - STDOUT:I: Decoding AndroidManifest.xml with resources...
2019-36-11 16:36:53.967 [main] INFO  com.horndroid.util.SourceSinkParser - STDOUT:I: Loading resource table from file: /tmp/1.apk
2019-36-11 16:36:53.967 [main] INFO  com.horndroid.util.SourceSinkParser - STDOUT:I: Regular manifest package...
2019-36-11 16:36:53.967 [main] INFO  com.horndroid.util.SourceSinkParser - STDOUT:I: Decoding file-resources...
2019-36-11 16:36:53.968 [main] INFO  com.horndroid.util.SourceSinkParser - STDOUT:I: Decoding values */* XMLs...
2019-36-11 16:36:53.968 [main] INFO  com.horndroid.util.SourceSinkParser - STDOUT:I: Copying raw classes.dex file...
2019-36-11 16:36:53.968 [main] INFO  com.horndroid.util.SourceSinkParser - STDOUT:I: Copying assets and libs...
2019-36-11 16:36:53.968 [main] INFO  com.horndroid.util.SourceSinkParser - STDOUT:I: Copying unknown files...
2019-36-11 16:36:53.968 [main] INFO  com.horndroid.util.SourceSinkParser - STDOUT:I: Copying original files...
2019-36-11 16:36:53.968 [main] INFO  com.horndroid.util.SourceSinkParser - Here is the standard error of the command (if any):

2019-36-11 16:36:53.968 [main] INFO  com.horndroid.util.SourceSinkParser - S: Please be aware this is a volatile directory and frameworks could go missing, please utilize --frame-path if the default storage directory is unavailable
2019-36-11 16:36:54.238 [main] DEBUG com.horndroid.executors.HorndroidExecutor - ...done in 2714 milliseconds
2019-36-11 16:36:54.238 [main] DEBUG com.horndroid.executors.HorndroidExecutor - Sorting classes...
2019-36-11 16:36:54.255 [main] DEBUG com.horndroid.executors.HorndroidExecutor - done in 17 milliseconds
2019-36-11 16:36:54.255 [main] DEBUG com.horndroid.executors.HorndroidExecutor - Collecting data for Horn Clause generation...
2019-36-11 16:36:54.360 [main] DEBUG com.horndroid.executors.HorndroidExecutor - done in 104 milliseconds
2019-36-11 16:36:54.360 [main] DEBUG com.horndroid.executors.HorndroidExecutor - Generating Horn Clauses..
2019-36-11 16:36:54.360 [main] INFO  com.horndroid.analysis.Analysis - Ready to start generating Horn Clauses:
2019-36-11 16:36:54.361 [main] INFO  com.horndroid.analysis.Analysis - Number of classes in APK : 17
2019-36-11 16:36:54.361 [main] INFO  com.horndroid.analysis.Analysis - Number of methods in APK: 24
2019-36-11 16:36:54.362 [main] INFO  com.horndroid.analysis.Analysis - Number of instructions in APK: 268
2019-36-11 16:36:54.362 [main] INFO  com.horndroid.analysis.Analysis - Number of instances in APK: 52
2019-36-11 16:36:54.396 [main] INFO  com.horndroid.analysis.Analysis - Number of sources: 15
2019-36-11 16:36:54.397 [main] INFO  com.horndroid.analysis.Analysis - Number of sinks: 8
2019-36-11 16:36:54.397 [main] INFO  com.horndroid.analysis.Analysis - Number of classes : 17
2019-36-11 16:36:54.397 [main] INFO  com.horndroid.analysis.Analysis - Number of methods: 24
2019-36-11 16:36:54.397 [main] INFO  com.horndroid.analysis.Analysis - Number of instructions: 268
2019-36-11 16:36:54.397 [main] INFO  com.horndroid.analysis.Analysis - Number of instances : 52
2019-36-11 16:36:54.530 [main] DEBUG com.horndroid.executors.HorndroidExecutor - ...done in 169 milliseconds
2019-36-11 16:36:54.530 [main] DEBUG com.horndroid.executors.HorndroidExecutor - Waiting for treads to terminate...
2019-36-11 16:36:54.530 [main] DEBUG com.horndroid.executors.HorndroidExecutor - ...done in 0 milliseconds
2019-36-11 16:36:54.530 [main] DEBUG com.horndroid.executors.HorndroidExecutor - Executing all queries...
2019-36-11 16:36:54.531 [main] INFO  com.horndroid.z3.FSEngine - Number of the generated queries: 8
2019-36-11 16:36:54.840 [main] INFO  com.horndroid.z3.FSEngine - 1 Test if register 2 leaks at line 5 in method generateString()Ljava/lang/String; of the class Lcom/example/variantroute/MainActivity; to the sink d(Ljava/lang/String;Ljava/lang/String;)I:NO LEAK
2019-36-11 16:36:55.315 [main] INFO  com.horndroid.z3.FSEngine - 2 [REF] Test if register 2 leaks at line 5 in method generateString()Ljava/lang/String; of the class Lcom/example/variantroute/MainActivity; to the sink d(Ljava/lang/String;Ljava/lang/String;)I:NO LEAK
2019-36-11 16:36:55.630 [main] INFO  com.horndroid.z3.FSEngine - 3 Test if register 1 leaks at line 5 in method generateString()Ljava/lang/String; of the class Lcom/example/variantroute/MainActivity; to the sink d(Ljava/lang/String;Ljava/lang/String;)I:NO LEAK
2019-36-11 16:36:55.940 [main] INFO  com.horndroid.z3.FSEngine - 4 [REF] Test if register 1 leaks at line 5 in method generateString()Ljava/lang/String; of the class Lcom/example/variantroute/MainActivity; to the sink d(Ljava/lang/String;Ljava/lang/String;)I:NO LEAK
2019-36-11 16:36:56.137 [main] INFO  com.horndroid.z3.FSEngine - 5 Test if register 2 leaks at line 6 in method buttonClicked(Landroid/view/View;)V of the class Lcom/example/variantroute/MainActivity; to the sink d(Ljava/lang/String;Ljava/lang/String;)I:NO LEAK
2019-36-11 16:36:56.445 [main] INFO  com.horndroid.z3.FSEngine - 6 [REF] Test if register 2 leaks at line 6 in method buttonClicked(Landroid/view/View;)V of the class Lcom/example/variantroute/MainActivity; to the sink d(Ljava/lang/String;Ljava/lang/String;)I:NO LEAK
2019-36-11 16:36:56.642 [main] INFO  com.horndroid.z3.FSEngine - 7 Test if register 1 leaks at line 6 in method buttonClicked(Landroid/view/View;)V of the class Lcom/example/variantroute/MainActivity; to the sink d(Ljava/lang/String;Ljava/lang/String;)I:NO LEAK
2019-36-11 16:36:56.954 [main] INFO  com.horndroid.z3.FSEngine - 8 [REF] Test if register 1 leaks at line 6 in method buttonClicked(Landroid/view/View;)V of the class Lcom/example/variantroute/MainActivity; to the sink d(Ljava/lang/String;Ljava/lang/String;)I:NO LEAK
2019-36-11 16:36:56.954 [main] DEBUG com.horndroid.executors.HorndroidExecutor - ...done in 2423 milliseconds
