apks/variant0sub1.apk started
2019-32-29 14:32:49.753 [main] INFO  com.horndroid.Main - Starting fsHornDroid...
2019-32-29 14:32:49.757 [main] INFO  com.horndroid.Main - Flow Sensitive Analysis on 64 bitvectors size
2019-32-29 14:32:49.758 [main] DEBUG com.horndroid.executors.HorndroidExecutor - Parsing sources and sinks...
2019-32-29 14:32:50.263 [main] DEBUG com.horndroid.executors.HorndroidExecutor - done in 504 milliseconds
2019-32-29 14:32:50.263 [main] DEBUG com.horndroid.executors.HorndroidExecutor - Collecting apk files to process...
2019-32-29 14:32:50.263 [main] DEBUG com.horndroid.executors.HorndroidExecutor - done in 0 milliseconds
2019-32-29 14:32:50.295 [main] INFO  com.horndroid.executors.HorndroidExecutor - Analysing variant0sub1.apk
2019-32-29 14:32:50.327 [main] DEBUG com.horndroid.executors.HorndroidExecutor - Parsing entry points...
2019-32-29 14:32:50.330 [main] DEBUG com.horndroid.executors.HorndroidExecutor - done in 3 milliseconds
2019-32-29 14:32:50.330 [main] DEBUG com.horndroid.executors.HorndroidExecutor - Parsing callbacks and disabled activities...
2019-32-29 14:32:50.330 [main] INFO  com.horndroid.util.SourceSinkParser - Running apktool to obtain manifest xml and layout files
2019-32-29 14:32:52.990 [main] INFO  com.horndroid.util.SourceSinkParser - Exit Code:0
2019-32-29 14:32:52.990 [main] INFO  com.horndroid.util.SourceSinkParser - STDOUT:I: Using Apktool 2.3.0 on variant0sub1.apk
2019-32-29 14:32:52.990 [main] INFO  com.horndroid.util.SourceSinkParser - STDOUT:I: Loading resource table...
2019-32-29 14:32:52.991 [main] INFO  com.horndroid.util.SourceSinkParser - STDOUT:I: Decoding AndroidManifest.xml with resources...
2019-32-29 14:32:52.991 [main] INFO  com.horndroid.util.SourceSinkParser - STDOUT:I: Loading resource table from file: /tmp/1.apk
2019-32-29 14:32:52.991 [main] INFO  com.horndroid.util.SourceSinkParser - STDOUT:I: Regular manifest package...
2019-32-29 14:32:52.991 [main] INFO  com.horndroid.util.SourceSinkParser - STDOUT:I: Decoding file-resources...
2019-32-29 14:32:52.991 [main] INFO  com.horndroid.util.SourceSinkParser - STDOUT:I: Decoding values */* XMLs...
2019-32-29 14:32:52.991 [main] INFO  com.horndroid.util.SourceSinkParser - STDOUT:I: Copying raw classes.dex file...
2019-32-29 14:32:52.991 [main] INFO  com.horndroid.util.SourceSinkParser - STDOUT:I: Copying assets and libs...
2019-32-29 14:32:52.992 [main] INFO  com.horndroid.util.SourceSinkParser - STDOUT:I: Copying unknown files...
2019-32-29 14:32:52.992 [main] INFO  com.horndroid.util.SourceSinkParser - STDOUT:I: Copying original files...
2019-32-29 14:32:52.992 [main] INFO  com.horndroid.util.SourceSinkParser - Here is the standard error of the command (if any):

2019-32-29 14:32:52.992 [main] INFO  com.horndroid.util.SourceSinkParser - S: Please be aware this is a volatile directory and frameworks could go missing, please utilize --frame-path if the default storage directory is unavailable
2019-32-29 14:32:53.381 [main] DEBUG com.horndroid.executors.HorndroidExecutor - ...done in 3050 milliseconds
2019-32-29 14:32:53.381 [main] DEBUG com.horndroid.executors.HorndroidExecutor - Sorting classes...
2019-32-29 14:32:53.405 [main] DEBUG com.horndroid.executors.HorndroidExecutor - done in 23 milliseconds
2019-32-29 14:32:53.405 [main] DEBUG com.horndroid.executors.HorndroidExecutor - Collecting data for Horn Clause generation...
2019-32-29 14:32:53.732 [main] DEBUG com.horndroid.executors.HorndroidExecutor - done in 326 milliseconds
2019-32-29 14:32:53.732 [main] DEBUG com.horndroid.executors.HorndroidExecutor - Generating Horn Clauses..
2019-32-29 14:32:53.732 [main] INFO  com.horndroid.analysis.Analysis - Ready to start generating Horn Clauses:
2019-32-29 14:32:53.754 [main] INFO  com.horndroid.analysis.Analysis - Number of classes in APK : 46
2019-32-29 14:32:53.754 [main] INFO  com.horndroid.analysis.Analysis - Number of methods in APK: 133
2019-32-29 14:32:53.754 [main] INFO  com.horndroid.analysis.Analysis - Number of instructions in APK: 1951
2019-32-29 14:32:53.755 [main] INFO  com.horndroid.analysis.Analysis - Number of instances in APK: 316
2019-32-29 14:32:53.918 [main] INFO  com.horndroid.analysis.Analysis - Number of sources: 54
2019-32-29 14:32:53.918 [main] INFO  com.horndroid.analysis.Analysis - Number of sinks: 36
2019-32-29 14:32:53.918 [main] INFO  com.horndroid.analysis.Analysis - Number of classes : 46
2019-32-29 14:32:53.918 [main] INFO  com.horndroid.analysis.Analysis - Number of methods: 133
2019-32-29 14:32:53.918 [main] INFO  com.horndroid.analysis.Analysis - Number of instructions: 1951
2019-32-29 14:32:53.919 [main] INFO  com.horndroid.analysis.Analysis - Number of instances : 316
2019-33-29 14:33:02.120 [main] DEBUG com.horndroid.executors.HorndroidExecutor - ...done in 8387 milliseconds
2019-33-29 14:33:02.120 [main] DEBUG com.horndroid.executors.HorndroidExecutor - Waiting for treads to terminate...
2019-33-29 14:33:02.121 [main] DEBUG com.horndroid.executors.HorndroidExecutor - ...done in 0 milliseconds
2019-33-29 14:33:02.121 [main] DEBUG com.horndroid.executors.HorndroidExecutor - Executing all queries...
2019-33-29 14:33:02.122 [main] INFO  com.horndroid.z3.FSEngine - Number of the generated queries: 26
2019-34-29 14:34:24.303 [main] INFO  com.horndroid.z3.FSEngine - 1 Test if register 4 leaks at line 19 in method invokeCallback(Landroid/arch/lifecycle/ReflectiveGenericLifecycleObserver$MethodReference;Landroid/arch/lifecycle/LifecycleOwner;Landroid/arch/lifecycle/Lifecycle$Event;)V of the class Landroid/arch/lifecycle/ReflectiveGenericLifecycleObserver; to the sink invoke(Ljava/lang/Object;[Ljava/lang/Object;)Ljava/lang/Object;:NO LEAK
2019-36-29 14:36:05.789 [main] INFO  com.horndroid.z3.FSEngine - 2 [REF] Test if register 4 leaks at line 19 in method invokeCallback(Landroid/arch/lifecycle/ReflectiveGenericLifecycleObserver$MethodReference;Landroid/arch/lifecycle/LifecycleOwner;Landroid/arch/lifecycle/Lifecycle$Event;)V of the class Landroid/arch/lifecycle/ReflectiveGenericLifecycleObserver; to the sink invoke(Ljava/lang/Object;[Ljava/lang/Object;)Ljava/lang/Object;:NO LEAK
2019-37-29 14:37:44.945 [main] INFO  com.horndroid.z3.FSEngine - 3 Test if register 3 leaks at line 19 in method invokeCallback(Landroid/arch/lifecycle/ReflectiveGenericLifecycleObserver$MethodReference;Landroid/arch/lifecycle/LifecycleOwner;Landroid/arch/lifecycle/Lifecycle$Event;)V of the class Landroid/arch/lifecycle/ReflectiveGenericLifecycleObserver; to the sink invoke(Ljava/lang/Object;[Ljava/lang/Object;)Ljava/lang/Object;:NO LEAK
2019-39-29 14:39:24.895 [main] INFO  com.horndroid.z3.FSEngine - 4 [REF] Test if register 3 leaks at line 19 in method invokeCallback(Landroid/arch/lifecycle/ReflectiveGenericLifecycleObserver$MethodReference;Landroid/arch/lifecycle/LifecycleOwner;Landroid/arch/lifecycle/Lifecycle$Event;)V of the class Landroid/arch/lifecycle/ReflectiveGenericLifecycleObserver; to the sink invoke(Ljava/lang/Object;[Ljava/lang/Object;)Ljava/lang/Object;:NO LEAK
2019-41-29 14:41:02.651 [main] INFO  com.horndroid.z3.FSEngine - 5 Test if register 0 leaks at line 19 in method invokeCallback(Landroid/arch/lifecycle/ReflectiveGenericLifecycleObserver$MethodReference;Landroid/arch/lifecycle/LifecycleOwner;Landroid/arch/lifecycle/Lifecycle$Event;)V of the class Landroid/arch/lifecycle/ReflectiveGenericLifecycleObserver; to the sink invoke(Ljava/lang/Object;[Ljava/lang/Object;)Ljava/lang/Object;:NO LEAK
2019-42-29 14:42:41.115 [main] INFO  com.horndroid.z3.FSEngine - 6 [REF] Test if register 0 leaks at line 19 in method invokeCallback(Landroid/arch/lifecycle/ReflectiveGenericLifecycleObserver$MethodReference;Landroid/arch/lifecycle/LifecycleOwner;Landroid/arch/lifecycle/Lifecycle$Event;)V of the class Landroid/arch/lifecycle/ReflectiveGenericLifecycleObserver; to the sink invoke(Ljava/lang/Object;[Ljava/lang/Object;)Ljava/lang/Object;:NO LEAK
2019-44-29 14:44:19.996 [main] INFO  com.horndroid.z3.FSEngine - 7 Test if register 1 leaks at line 31 in method invokeCallback(Landroid/arch/lifecycle/ReflectiveGenericLifecycleObserver$MethodReference;Landroid/arch/lifecycle/LifecycleOwner;Landroid/arch/lifecycle/Lifecycle$Event;)V of the class Landroid/arch/lifecycle/ReflectiveGenericLifecycleObserver; to the sink invoke(Ljava/lang/Object;[Ljava/lang/Object;)Ljava/lang/Object;:NO LEAK
2019-45-29 14:45:58.426 [main] INFO  com.horndroid.z3.FSEngine - 8 [REF] Test if register 1 leaks at line 31 in method invokeCallback(Landroid/arch/lifecycle/ReflectiveGenericLifecycleObserver$MethodReference;Landroid/arch/lifecycle/LifecycleOwner;Landroid/arch/lifecycle/Lifecycle$Event;)V of the class Landroid/arch/lifecycle/ReflectiveGenericLifecycleObserver; to the sink invoke(Ljava/lang/Object;[Ljava/lang/Object;)Ljava/lang/Object;:NO LEAK
2019-47-29 14:47:35.524 [main] INFO  com.horndroid.z3.FSEngine - 9 Test if register 3 leaks at line 31 in method invokeCallback(Landroid/arch/lifecycle/ReflectiveGenericLifecycleObserver$MethodReference;Landroid/arch/lifecycle/LifecycleOwner;Landroid/arch/lifecycle/Lifecycle$Event;)V of the class Landroid/arch/lifecycle/ReflectiveGenericLifecycleObserver; to the sink invoke(Ljava/lang/Object;[Ljava/lang/Object;)Ljava/lang/Object;:NO LEAK
2019-49-29 14:49:14.681 [main] INFO  com.horndroid.z3.FSEngine - 10 [REF] Test if register 3 leaks at line 31 in method invokeCallback(Landroid/arch/lifecycle/ReflectiveGenericLifecycleObserver$MethodReference;Landroid/arch/lifecycle/LifecycleOwner;Landroid/arch/lifecycle/Lifecycle$Event;)V of the class Landroid/arch/lifecycle/ReflectiveGenericLifecycleObserver; to the sink invoke(Ljava/lang/Object;[Ljava/lang/Object;)Ljava/lang/Object;:NO LEAK
2019-50-29 14:50:53.318 [main] INFO  com.horndroid.z3.FSEngine - 11 Test if register 0 leaks at line 31 in method invokeCallback(Landroid/arch/lifecycle/ReflectiveGenericLifecycleObserver$MethodReference;Landroid/arch/lifecycle/LifecycleOwner;Landroid/arch/lifecycle/Lifecycle$Event;)V of the class Landroid/arch/lifecycle/ReflectiveGenericLifecycleObserver; to the sink invoke(Ljava/lang/Object;[Ljava/lang/Object;)Ljava/lang/Object;:NO LEAK
2019-52-29 14:52:31.421 [main] INFO  com.horndroid.z3.FSEngine - 12 [REF] Test if register 0 leaks at line 31 in method invokeCallback(Landroid/arch/lifecycle/ReflectiveGenericLifecycleObserver$MethodReference;Landroid/arch/lifecycle/LifecycleOwner;Landroid/arch/lifecycle/Lifecycle$Event;)V of the class Landroid/arch/lifecycle/ReflectiveGenericLifecycleObserver; to the sink invoke(Ljava/lang/Object;[Ljava/lang/Object;)Ljava/lang/Object;:NO LEAK
2019-54-29 14:54:10.177 [main] INFO  com.horndroid.z3.FSEngine - 13 Test if register 2 leaks at line 41 in method invokeCallback(Landroid/arch/lifecycle/ReflectiveGenericLifecycleObserver$MethodReference;Landroid/arch/lifecycle/LifecycleOwner;Landroid/arch/lifecycle/Lifecycle$Event;)V of the class Landroid/arch/lifecycle/ReflectiveGenericLifecycleObserver; to the sink invoke(Ljava/lang/Object;[Ljava/lang/Object;)Ljava/lang/Object;:NO LEAK
2019-55-29 14:55:47.824 [main] INFO  com.horndroid.z3.FSEngine - 14 [REF] Test if register 2 leaks at line 41 in method invokeCallback(Landroid/arch/lifecycle/ReflectiveGenericLifecycleObserver$MethodReference;Landroid/arch/lifecycle/LifecycleOwner;Landroid/arch/lifecycle/Lifecycle$Event;)V of the class Landroid/arch/lifecycle/ReflectiveGenericLifecycleObserver; to the sink invoke(Ljava/lang/Object;[Ljava/lang/Object;)Ljava/lang/Object;:NO LEAK
2019-57-29 14:57:27.364 [main] INFO  com.horndroid.z3.FSEngine - 15 Test if register 1 leaks at line 41 in method invokeCallback(Landroid/arch/lifecycle/ReflectiveGenericLifecycleObserver$MethodReference;Landroid/arch/lifecycle/LifecycleOwner;Landroid/arch/lifecycle/Lifecycle$Event;)V of the class Landroid/arch/lifecycle/ReflectiveGenericLifecycleObserver; to the sink invoke(Ljava/lang/Object;[Ljava/lang/Object;)Ljava/lang/Object;:NO LEAK
2019-59-29 14:59:05.198 [main] INFO  com.horndroid.z3.FSEngine - 16 [REF] Test if register 1 leaks at line 41 in method invokeCallback(Landroid/arch/lifecycle/ReflectiveGenericLifecycleObserver$MethodReference;Landroid/arch/lifecycle/LifecycleOwner;Landroid/arch/lifecycle/Lifecycle$Event;)V of the class Landroid/arch/lifecycle/ReflectiveGenericLifecycleObserver; to the sink invoke(Ljava/lang/Object;[Ljava/lang/Object;)Ljava/lang/Object;:NO LEAK
2019-00-29 15:00:44.930 [main] INFO  com.horndroid.z3.FSEngine - 17 Test if register 0 leaks at line 41 in method invokeCallback(Landroid/arch/lifecycle/ReflectiveGenericLifecycleObserver$MethodReference;Landroid/arch/lifecycle/LifecycleOwner;Landroid/arch/lifecycle/Lifecycle$Event;)V of the class Landroid/arch/lifecycle/ReflectiveGenericLifecycleObserver; to the sink invoke(Ljava/lang/Object;[Ljava/lang/Object;)Ljava/lang/Object;:NO LEAK
2019-02-29 15:02:22.550 [main] INFO  com.horndroid.z3.FSEngine - 18 [REF] Test if register 0 leaks at line 41 in method invokeCallback(Landroid/arch/lifecycle/ReflectiveGenericLifecycleObserver$MethodReference;Landroid/arch/lifecycle/LifecycleOwner;Landroid/arch/lifecycle/Lifecycle$Event;)V of the class Landroid/arch/lifecycle/ReflectiveGenericLifecycleObserver; to the sink invoke(Ljava/lang/Object;[Ljava/lang/Object;)Ljava/lang/Object;:NO LEAK
2019-04-29 15:04:01.217 [main] INFO  com.horndroid.z3.FSEngine - 19 Test if register 1 leaks at line 21 in method onCreate(Landroid/os/Bundle;)V of the class Lcom/example/variantroute/MainActivity; to the sink d(Ljava/lang/String;Ljava/lang/String;)I:NO LEAK
2019-05-29 15:05:47.974 [main] INFO  com.horndroid.z3.FSEngine - 20 [REF] Test if register 1 leaks at line 21 in method onCreate(Landroid/os/Bundle;)V of the class Lcom/example/variantroute/MainActivity; to the sink d(Ljava/lang/String;Ljava/lang/String;)I:NO LEAK
2019-07-29 15:07:26.651 [main] INFO  com.horndroid.z3.FSEngine - 21 Test if register 0 leaks at line 21 in method onCreate(Landroid/os/Bundle;)V of the class Lcom/example/variantroute/MainActivity; to the sink d(Ljava/lang/String;Ljava/lang/String;)I:NO LEAK
2019-09-29 15:09:11.156 [main] INFO  com.horndroid.z3.FSEngine - 22 [REF] Test if register 0 leaks at line 21 in method onCreate(Landroid/os/Bundle;)V of the class Lcom/example/variantroute/MainActivity; to the sink d(Ljava/lang/String;Ljava/lang/String;)I:NO LEAK
2019-09-29 15:09:46.462 [main] INFO  com.horndroid.z3.FSEngine - 23 Test if register 1 leaks at line 4 in method buttonClicked(Landroid/view/View;)V of the class Lcom/example/variantroute/MainActivity; to the sink d(Ljava/lang/String;Ljava/lang/String;)I:NO LEAK
