apks/VariantRoute4Subtype-debug.apk started
2019-56-12 06:56:23.396 [main] INFO  com.horndroid.Main - Starting fsHornDroid...
2019-56-12 06:56:23.400 [main] INFO  com.horndroid.Main - Flow Sensitive Analysis on 64 bitvectors size
2019-56-12 06:56:23.401 [main] DEBUG com.horndroid.executors.HorndroidExecutor - Parsing sources and sinks...
2019-56-12 06:56:23.982 [main] DEBUG com.horndroid.executors.HorndroidExecutor - done in 580 milliseconds
2019-56-12 06:56:23.982 [main] DEBUG com.horndroid.executors.HorndroidExecutor - Collecting apk files to process...
2019-56-12 06:56:23.982 [main] DEBUG com.horndroid.executors.HorndroidExecutor - done in 0 milliseconds
2019-56-12 06:56:24.037 [main] INFO  com.horndroid.executors.HorndroidExecutor - Analysing VariantRoute4Subtype-debug.apk
2019-56-12 06:56:24.078 [main] DEBUG com.horndroid.executors.HorndroidExecutor - Parsing entry points...
2019-56-12 06:56:24.082 [main] DEBUG com.horndroid.executors.HorndroidExecutor - done in 3 milliseconds
2019-56-12 06:56:24.082 [main] DEBUG com.horndroid.executors.HorndroidExecutor - Parsing callbacks and disabled activities...
2019-56-12 06:56:24.083 [main] INFO  com.horndroid.util.SourceSinkParser - Running apktool to obtain manifest xml and layout files
2019-56-12 06:56:26.346 [main] INFO  com.horndroid.util.SourceSinkParser - Exit Code:0
2019-56-12 06:56:26.346 [main] INFO  com.horndroid.util.SourceSinkParser - STDOUT:I: Using Apktool 2.3.0 on VariantRoute4Subtype-debug.apk
2019-56-12 06:56:26.346 [main] INFO  com.horndroid.util.SourceSinkParser - STDOUT:I: Loading resource table...
2019-56-12 06:56:26.346 [main] INFO  com.horndroid.util.SourceSinkParser - STDOUT:I: Decoding AndroidManifest.xml with resources...
2019-56-12 06:56:26.346 [main] INFO  com.horndroid.util.SourceSinkParser - STDOUT:I: Loading resource table from file: /tmp/1.apk
2019-56-12 06:56:26.346 [main] INFO  com.horndroid.util.SourceSinkParser - STDOUT:I: Regular manifest package...
2019-56-12 06:56:26.346 [main] INFO  com.horndroid.util.SourceSinkParser - STDOUT:I: Decoding file-resources...
2019-56-12 06:56:26.346 [main] INFO  com.horndroid.util.SourceSinkParser - STDOUT:I: Decoding values */* XMLs...
2019-56-12 06:56:26.347 [main] INFO  com.horndroid.util.SourceSinkParser - STDOUT:I: Copying raw classes.dex file...
2019-56-12 06:56:26.347 [main] INFO  com.horndroid.util.SourceSinkParser - STDOUT:I: Copying assets and libs...
2019-56-12 06:56:26.347 [main] INFO  com.horndroid.util.SourceSinkParser - STDOUT:I: Copying unknown files...
2019-56-12 06:56:26.347 [main] INFO  com.horndroid.util.SourceSinkParser - STDOUT:I: Copying original files...
2019-56-12 06:56:26.347 [main] INFO  com.horndroid.util.SourceSinkParser - Here is the standard error of the command (if any):

2019-56-12 06:56:26.347 [main] INFO  com.horndroid.util.SourceSinkParser - S: Please be aware this is a volatile directory and frameworks could go missing, please utilize --frame-path if the default storage directory is unavailable
2019-56-12 06:56:26.616 [main] DEBUG com.horndroid.executors.HorndroidExecutor - ...done in 2533 milliseconds
2019-56-12 06:56:26.616 [main] DEBUG com.horndroid.executors.HorndroidExecutor - Sorting classes...
2019-56-12 06:56:26.639 [main] DEBUG com.horndroid.executors.HorndroidExecutor - done in 22 milliseconds
2019-56-12 06:56:26.639 [main] DEBUG com.horndroid.executors.HorndroidExecutor - Collecting data for Horn Clause generation...
2019-56-12 06:56:26.761 [main] DEBUG com.horndroid.executors.HorndroidExecutor - done in 121 milliseconds
2019-56-12 06:56:26.761 [main] DEBUG com.horndroid.executors.HorndroidExecutor - Generating Horn Clauses..
2019-56-12 06:56:26.761 [main] INFO  com.horndroid.analysis.Analysis - Ready to start generating Horn Clauses:
2019-56-12 06:56:26.763 [main] INFO  com.horndroid.analysis.Analysis - Number of classes in APK : 17
2019-56-12 06:56:26.763 [main] INFO  com.horndroid.analysis.Analysis - Number of methods in APK: 24
2019-56-12 06:56:26.763 [main] INFO  com.horndroid.analysis.Analysis - Number of instructions in APK: 265
2019-56-12 06:56:26.763 [main] INFO  com.horndroid.analysis.Analysis - Number of instances in APK: 52
2019-56-12 06:56:26.804 [main] INFO  com.horndroid.analysis.Analysis - Number of sources: 15
2019-56-12 06:56:26.805 [main] INFO  com.horndroid.analysis.Analysis - Number of sinks: 8
2019-56-12 06:56:26.805 [main] INFO  com.horndroid.analysis.Analysis - Number of classes : 17
2019-56-12 06:56:26.805 [main] INFO  com.horndroid.analysis.Analysis - Number of methods: 24
2019-56-12 06:56:26.805 [main] INFO  com.horndroid.analysis.Analysis - Number of instructions: 265
2019-56-12 06:56:26.805 [main] INFO  com.horndroid.analysis.Analysis - Number of instances : 52
2019-56-12 06:56:26.939 [main] DEBUG com.horndroid.executors.HorndroidExecutor - ...done in 177 milliseconds
2019-56-12 06:56:26.939 [main] DEBUG com.horndroid.executors.HorndroidExecutor - Waiting for treads to terminate...
2019-56-12 06:56:26.939 [main] DEBUG com.horndroid.executors.HorndroidExecutor - ...done in 0 milliseconds
2019-56-12 06:56:26.939 [main] DEBUG com.horndroid.executors.HorndroidExecutor - Executing all queries...
2019-56-12 06:56:26.940 [main] INFO  com.horndroid.z3.FSEngine - Number of the generated queries: 4
2019-56-12 06:56:27.140 [main] INFO  com.horndroid.z3.FSEngine - 1 Test if register 2 leaks at line 5 in method button1Clicked(Landroid/view/View;)V of the class Lcom/example/variantroute/MainActivity; to the sink d(Ljava/lang/String;Ljava/lang/String;)I:NO LEAK
2019-56-12 06:56:27.576 [main] INFO  com.horndroid.z3.FSEngine - 2 [REF] Test if register 2 leaks at line 5 in method button1Clicked(Landroid/view/View;)V of the class Lcom/example/variantroute/MainActivity; to the sink d(Ljava/lang/String;Ljava/lang/String;)I:NO LEAK
2019-56-12 06:56:27.774 [main] INFO  com.horndroid.z3.FSEngine - 3 Test if register 1 leaks at line 5 in method button1Clicked(Landroid/view/View;)V of the class Lcom/example/variantroute/MainActivity; to the sink d(Ljava/lang/String;Ljava/lang/String;)I:NO LEAK
2019-56-12 06:56:27.973 [main] INFO  com.horndroid.z3.FSEngine - 4 [REF] Test if register 1 leaks at line 5 in method button1Clicked(Landroid/view/View;)V of the class Lcom/example/variantroute/MainActivity; to the sink d(Ljava/lang/String;Ljava/lang/String;)I:NO LEAK
2019-56-12 06:56:27.973 [main] DEBUG com.horndroid.executors.HorndroidExecutor - ...done in 1033 milliseconds
