apks/VariantRoute5Subtype-debug.apk started
2019-10-12 07:10:52.212 [main] INFO  com.horndroid.Main - Starting fsHornDroid...
2019-10-12 07:10:52.217 [main] INFO  com.horndroid.Main - Flow Sensitive Analysis on 64 bitvectors size
2019-10-12 07:10:52.218 [main] DEBUG com.horndroid.executors.HorndroidExecutor - Parsing sources and sinks...
2019-10-12 07:10:52.762 [main] DEBUG com.horndroid.executors.HorndroidExecutor - done in 543 milliseconds
2019-10-12 07:10:52.762 [main] DEBUG com.horndroid.executors.HorndroidExecutor - Collecting apk files to process...
2019-10-12 07:10:52.763 [main] DEBUG com.horndroid.executors.HorndroidExecutor - done in 0 milliseconds
2019-10-12 07:10:52.822 [main] INFO  com.horndroid.executors.HorndroidExecutor - Analysing VariantRoute5Subtype-debug.apk
2019-10-12 07:10:52.876 [main] DEBUG com.horndroid.executors.HorndroidExecutor - Parsing entry points...
2019-10-12 07:10:52.883 [main] DEBUG com.horndroid.executors.HorndroidExecutor - done in 6 milliseconds
2019-10-12 07:10:52.883 [main] DEBUG com.horndroid.executors.HorndroidExecutor - Parsing callbacks and disabled activities...
2019-10-12 07:10:52.884 [main] INFO  com.horndroid.util.SourceSinkParser - Running apktool to obtain manifest xml and layout files
2019-10-12 07:10:55.244 [main] INFO  com.horndroid.util.SourceSinkParser - Exit Code:0
2019-10-12 07:10:55.244 [main] INFO  com.horndroid.util.SourceSinkParser - STDOUT:I: Using Apktool 2.3.0 on VariantRoute5Subtype-debug.apk
2019-10-12 07:10:55.244 [main] INFO  com.horndroid.util.SourceSinkParser - STDOUT:I: Loading resource table...
2019-10-12 07:10:55.245 [main] INFO  com.horndroid.util.SourceSinkParser - STDOUT:I: Decoding AndroidManifest.xml with resources...
2019-10-12 07:10:55.245 [main] INFO  com.horndroid.util.SourceSinkParser - STDOUT:I: Loading resource table from file: /tmp/1.apk
2019-10-12 07:10:55.245 [main] INFO  com.horndroid.util.SourceSinkParser - STDOUT:I: Regular manifest package...
2019-10-12 07:10:55.245 [main] INFO  com.horndroid.util.SourceSinkParser - STDOUT:I: Decoding file-resources...
2019-10-12 07:10:55.245 [main] INFO  com.horndroid.util.SourceSinkParser - STDOUT:I: Decoding values */* XMLs...
2019-10-12 07:10:55.246 [main] INFO  com.horndroid.util.SourceSinkParser - STDOUT:I: Copying raw classes.dex file...
2019-10-12 07:10:55.246 [main] INFO  com.horndroid.util.SourceSinkParser - STDOUT:I: Copying assets and libs...
2019-10-12 07:10:55.246 [main] INFO  com.horndroid.util.SourceSinkParser - STDOUT:I: Copying unknown files...
2019-10-12 07:10:55.246 [main] INFO  com.horndroid.util.SourceSinkParser - STDOUT:I: Copying original files...
2019-10-12 07:10:55.246 [main] INFO  com.horndroid.util.SourceSinkParser - Here is the standard error of the command (if any):

2019-10-12 07:10:55.246 [main] INFO  com.horndroid.util.SourceSinkParser - S: Please be aware this is a volatile directory and frameworks could go missing, please utilize --frame-path if the default storage directory is unavailable
2019-10-12 07:10:55.519 [main] DEBUG com.horndroid.executors.HorndroidExecutor - ...done in 2635 milliseconds
2019-10-12 07:10:55.519 [main] DEBUG com.horndroid.executors.HorndroidExecutor - Sorting classes...
2019-10-12 07:10:55.552 [main] DEBUG com.horndroid.executors.HorndroidExecutor - done in 33 milliseconds
2019-10-12 07:10:55.553 [main] DEBUG com.horndroid.executors.HorndroidExecutor - Collecting data for Horn Clause generation...
2019-10-12 07:10:55.718 [main] DEBUG com.horndroid.executors.HorndroidExecutor - done in 165 milliseconds
2019-10-12 07:10:55.718 [main] DEBUG com.horndroid.executors.HorndroidExecutor - Generating Horn Clauses..
2019-10-12 07:10:55.718 [main] INFO  com.horndroid.analysis.Analysis - Ready to start generating Horn Clauses:
2019-10-12 07:10:55.720 [main] INFO  com.horndroid.analysis.Analysis - Number of classes in APK : 17
2019-10-12 07:10:55.720 [main] INFO  com.horndroid.analysis.Analysis - Number of methods in APK: 25
2019-10-12 07:10:55.720 [main] INFO  com.horndroid.analysis.Analysis - Number of instructions in APK: 267
2019-10-12 07:10:55.720 [main] INFO  com.horndroid.analysis.Analysis - Number of instances in APK: 52
2019-10-12 07:10:55.763 [main] INFO  com.horndroid.analysis.Analysis - Number of sources: 15
2019-10-12 07:10:55.763 [main] INFO  com.horndroid.analysis.Analysis - Number of sinks: 8
2019-10-12 07:10:55.763 [main] INFO  com.horndroid.analysis.Analysis - Number of classes : 17
2019-10-12 07:10:55.763 [main] INFO  com.horndroid.analysis.Analysis - Number of methods: 25
2019-10-12 07:10:55.764 [main] INFO  com.horndroid.analysis.Analysis - Number of instructions: 267
2019-10-12 07:10:55.764 [main] INFO  com.horndroid.analysis.Analysis - Number of instances : 52
2019-10-12 07:10:55.910 [main] DEBUG com.horndroid.executors.HorndroidExecutor - ...done in 191 milliseconds
2019-10-12 07:10:55.910 [main] DEBUG com.horndroid.executors.HorndroidExecutor - Waiting for treads to terminate...
2019-10-12 07:10:55.910 [main] DEBUG com.horndroid.executors.HorndroidExecutor - ...done in 0 milliseconds
2019-10-12 07:10:55.910 [main] DEBUG com.horndroid.executors.HorndroidExecutor - Executing all queries...
2019-10-12 07:10:55.911 [main] INFO  com.horndroid.z3.FSEngine - Number of the generated queries: 4
2019-10-12 07:10:56.110 [main] INFO  com.horndroid.z3.FSEngine - 1 Test if register 2 leaks at line 33 in method generateString()Ljava/lang/String; of the class Lcom/example/variantroute/MainActivity; to the sink d(Ljava/lang/String;Ljava/lang/String;)I:NO LEAK
2019-10-12 07:10:56.541 [main] INFO  com.horndroid.z3.FSEngine - 2 [REF] Test if register 2 leaks at line 33 in method generateString()Ljava/lang/String; of the class Lcom/example/variantroute/MainActivity; to the sink d(Ljava/lang/String;Ljava/lang/String;)I:NO LEAK
2019-10-12 07:10:56.747 [main] INFO  com.horndroid.z3.FSEngine - 3 Test if register 1 leaks at line 33 in method generateString()Ljava/lang/String; of the class Lcom/example/variantroute/MainActivity; to the sink d(Ljava/lang/String;Ljava/lang/String;)I:NO LEAK
2019-10-12 07:10:57.024 [main] INFO  com.horndroid.z3.FSEngine - 4 [REF] Test if register 1 leaks at line 33 in method generateString()Ljava/lang/String; of the class Lcom/example/variantroute/MainActivity; to the sink d(Ljava/lang/String;Ljava/lang/String;)I:NO LEAK
2019-10-12 07:10:57.024 [main] DEBUG com.horndroid.executors.HorndroidExecutor - ...done in 1114 milliseconds
