apks/VariantRoute1Subtype-debug.apk started
2019-09-11 16:09:41.267 [main] INFO  com.horndroid.Main - Starting fsHornDroid...
2019-09-11 16:09:41.271 [main] INFO  com.horndroid.Main - Flow Sensitive Analysis on 64 bitvectors size
2019-09-11 16:09:41.272 [main] DEBUG com.horndroid.executors.HorndroidExecutor - Parsing sources and sinks...
2019-09-11 16:09:41.768 [main] DEBUG com.horndroid.executors.HorndroidExecutor - done in 495 milliseconds
2019-09-11 16:09:41.768 [main] DEBUG com.horndroid.executors.HorndroidExecutor - Collecting apk files to process...
2019-09-11 16:09:41.768 [main] DEBUG com.horndroid.executors.HorndroidExecutor - done in 0 milliseconds
2019-09-11 16:09:41.798 [main] INFO  com.horndroid.executors.HorndroidExecutor - Analysing VariantRoute1Subtype-debug.apk
2019-09-11 16:09:41.825 [main] DEBUG com.horndroid.executors.HorndroidExecutor - Parsing entry points...
2019-09-11 16:09:41.828 [main] DEBUG com.horndroid.executors.HorndroidExecutor - done in 2 milliseconds
2019-09-11 16:09:41.829 [main] DEBUG com.horndroid.executors.HorndroidExecutor - Parsing callbacks and disabled activities...
2019-09-11 16:09:41.829 [main] INFO  com.horndroid.util.SourceSinkParser - Running apktool to obtain manifest xml and layout files
2019-09-11 16:09:44.362 [main] INFO  com.horndroid.util.SourceSinkParser - Exit Code:0
2019-09-11 16:09:44.363 [main] INFO  com.horndroid.util.SourceSinkParser - STDOUT:I: Using Apktool 2.3.0 on VariantRoute1Subtype-debug.apk
2019-09-11 16:09:44.363 [main] INFO  com.horndroid.util.SourceSinkParser - STDOUT:I: Loading resource table...
2019-09-11 16:09:44.363 [main] INFO  com.horndroid.util.SourceSinkParser - STDOUT:I: Decoding AndroidManifest.xml with resources...
2019-09-11 16:09:44.363 [main] INFO  com.horndroid.util.SourceSinkParser - STDOUT:I: Loading resource table from file: /tmp/1.apk
2019-09-11 16:09:44.363 [main] INFO  com.horndroid.util.SourceSinkParser - STDOUT:I: Regular manifest package...
2019-09-11 16:09:44.363 [main] INFO  com.horndroid.util.SourceSinkParser - STDOUT:I: Decoding file-resources...
2019-09-11 16:09:44.363 [main] INFO  com.horndroid.util.SourceSinkParser - STDOUT:I: Decoding values */* XMLs...
2019-09-11 16:09:44.363 [main] INFO  com.horndroid.util.SourceSinkParser - STDOUT:I: Copying raw classes.dex file...
2019-09-11 16:09:44.364 [main] INFO  com.horndroid.util.SourceSinkParser - STDOUT:I: Copying assets and libs...
2019-09-11 16:09:44.364 [main] INFO  com.horndroid.util.SourceSinkParser - STDOUT:I: Copying unknown files...
2019-09-11 16:09:44.364 [main] INFO  com.horndroid.util.SourceSinkParser - STDOUT:I: Copying original files...
2019-09-11 16:09:44.364 [main] INFO  com.horndroid.util.SourceSinkParser - Here is the standard error of the command (if any):

2019-09-11 16:09:44.364 [main] INFO  com.horndroid.util.SourceSinkParser - S: Please be aware this is a volatile directory and frameworks could go missing, please utilize --frame-path if the default storage directory is unavailable
2019-09-11 16:09:44.668 [main] DEBUG com.horndroid.executors.HorndroidExecutor - ...done in 2839 milliseconds
2019-09-11 16:09:44.668 [main] DEBUG com.horndroid.executors.HorndroidExecutor - Sorting classes...
2019-09-11 16:09:44.700 [main] DEBUG com.horndroid.executors.HorndroidExecutor - done in 32 milliseconds
2019-09-11 16:09:44.701 [main] DEBUG com.horndroid.executors.HorndroidExecutor - Collecting data for Horn Clause generation...
2019-09-11 16:09:44.887 [main] DEBUG com.horndroid.executors.HorndroidExecutor - done in 185 milliseconds
2019-09-11 16:09:44.887 [main] DEBUG com.horndroid.executors.HorndroidExecutor - Generating Horn Clauses..
2019-09-11 16:09:44.887 [main] INFO  com.horndroid.analysis.Analysis - Ready to start generating Horn Clauses:
2019-09-11 16:09:44.889 [main] INFO  com.horndroid.analysis.Analysis - Number of classes in APK : 17
2019-09-11 16:09:44.889 [main] INFO  com.horndroid.analysis.Analysis - Number of methods in APK: 23
2019-09-11 16:09:44.889 [main] INFO  com.horndroid.analysis.Analysis - Number of instructions in APK: 258
2019-09-11 16:09:44.890 [main] INFO  com.horndroid.analysis.Analysis - Number of instances in APK: 49
2019-09-11 16:09:44.953 [main] INFO  com.horndroid.analysis.Analysis - Number of sources: 15
2019-09-11 16:09:44.954 [main] INFO  com.horndroid.analysis.Analysis - Number of sinks: 8
2019-09-11 16:09:44.954 [main] INFO  com.horndroid.analysis.Analysis - Number of classes : 17
2019-09-11 16:09:44.954 [main] INFO  com.horndroid.analysis.Analysis - Number of methods: 23
2019-09-11 16:09:44.954 [main] INFO  com.horndroid.analysis.Analysis - Number of instructions: 258
2019-09-11 16:09:44.954 [main] INFO  com.horndroid.analysis.Analysis - Number of instances : 49
2019-09-11 16:09:45.104 [main] DEBUG com.horndroid.executors.HorndroidExecutor - ...done in 217 milliseconds
2019-09-11 16:09:45.105 [main] DEBUG com.horndroid.executors.HorndroidExecutor - Waiting for treads to terminate...
2019-09-11 16:09:45.105 [main] DEBUG com.horndroid.executors.HorndroidExecutor - ...done in 0 milliseconds
2019-09-11 16:09:45.105 [main] DEBUG com.horndroid.executors.HorndroidExecutor - Executing all queries...
2019-09-11 16:09:45.106 [main] INFO  com.horndroid.z3.FSEngine - Number of the generated queries: 8
2019-09-11 16:09:45.346 [main] INFO  com.horndroid.z3.FSEngine - 1 Test if register 2 leaks at line 5 in method onCreateView(Landroid/view/LayoutInflater;Landroid/view/ViewGroup;Landroid/os/Bundle;)Landroid/view/View; of the class Lcom/example/variantroute/MainActivity$SimpleFragment; to the sink d(Ljava/lang/String;Ljava/lang/String;)I:NO LEAK
2019-09-11 16:09:45.788 [main] INFO  com.horndroid.z3.FSEngine - 2 [REF] Test if register 2 leaks at line 5 in method onCreateView(Landroid/view/LayoutInflater;Landroid/view/ViewGroup;Landroid/os/Bundle;)Landroid/view/View; of the class Lcom/example/variantroute/MainActivity$SimpleFragment; to the sink d(Ljava/lang/String;Ljava/lang/String;)I:NO LEAK
2019-09-11 16:09:46.042 [main] INFO  com.horndroid.z3.FSEngine - 3 Test if register 1 leaks at line 5 in method onCreateView(Landroid/view/LayoutInflater;Landroid/view/ViewGroup;Landroid/os/Bundle;)Landroid/view/View; of the class Lcom/example/variantroute/MainActivity$SimpleFragment; to the sink d(Ljava/lang/String;Ljava/lang/String;)I:NO LEAK
2019-09-11 16:09:46.294 [main] INFO  com.horndroid.z3.FSEngine - 4 [REF] Test if register 1 leaks at line 5 in method onCreateView(Landroid/view/LayoutInflater;Landroid/view/ViewGroup;Landroid/os/Bundle;)Landroid/view/View; of the class Lcom/example/variantroute/MainActivity$SimpleFragment; to the sink d(Ljava/lang/String;Ljava/lang/String;)I:NO LEAK
2019-09-11 16:09:46.475 [main] INFO  com.horndroid.z3.FSEngine - 5 Test if register 3 leaks at line 6 in method buttonClicked(Landroid/view/View;)V of the class Lcom/example/variantroute/MainActivity; to the sink d(Ljava/lang/String;Ljava/lang/String;)I:NO LEAK
2019-09-11 16:09:46.728 [main] INFO  com.horndroid.z3.FSEngine - 6 [REF] Test if register 3 leaks at line 6 in method buttonClicked(Landroid/view/View;)V of the class Lcom/example/variantroute/MainActivity; to the sink d(Ljava/lang/String;Ljava/lang/String;)I:NO LEAK
2019-09-11 16:09:46.909 [main] INFO  com.horndroid.z3.FSEngine - 7 Test if register 2 leaks at line 6 in method buttonClicked(Landroid/view/View;)V of the class Lcom/example/variantroute/MainActivity; to the sink d(Ljava/lang/String;Ljava/lang/String;)I:NO LEAK
2019-09-11 16:09:47.159 [main] INFO  com.horndroid.z3.FSEngine - 8 [REF] Test if register 2 leaks at line 6 in method buttonClicked(Landroid/view/View;)V of the class Lcom/example/variantroute/MainActivity; to the sink d(Ljava/lang/String;Ljava/lang/String;)I:NO LEAK
2019-09-11 16:09:47.159 [main] DEBUG com.horndroid.executors.HorndroidExecutor - ...done in 2054 milliseconds
