apks/VariantRoute0origin-Subtype-debug.apk started
2019-40-19 13:40:16.289 [main] INFO  com.horndroid.Main - Starting fsHornDroid...
2019-40-19 13:40:16.292 [main] INFO  com.horndroid.Main - Flow Sensitive Analysis on 64 bitvectors size
2019-40-19 13:40:16.293 [main] DEBUG com.horndroid.executors.HorndroidExecutor - Parsing sources and sinks...
2019-40-19 13:40:16.940 [main] DEBUG com.horndroid.executors.HorndroidExecutor - done in 646 milliseconds
2019-40-19 13:40:16.940 [main] DEBUG com.horndroid.executors.HorndroidExecutor - Collecting apk files to process...
2019-40-19 13:40:16.941 [main] DEBUG com.horndroid.executors.HorndroidExecutor - done in 0 milliseconds
2019-40-19 13:40:16.989 [main] INFO  com.horndroid.executors.HorndroidExecutor - Analysing VariantRoute0origin-Subtype-debug.apk
2019-40-19 13:40:17.025 [main] DEBUG com.horndroid.executors.HorndroidExecutor - Parsing entry points...
2019-40-19 13:40:17.029 [main] DEBUG com.horndroid.executors.HorndroidExecutor - done in 3 milliseconds
2019-40-19 13:40:17.029 [main] DEBUG com.horndroid.executors.HorndroidExecutor - Parsing callbacks and disabled activities...
2019-40-19 13:40:17.029 [main] INFO  com.horndroid.util.SourceSinkParser - Running apktool to obtain manifest xml and layout files
2019-40-19 13:40:19.046 [main] INFO  com.horndroid.util.SourceSinkParser - Exit Code:0
2019-40-19 13:40:19.047 [main] INFO  com.horndroid.util.SourceSinkParser - STDOUT:I: Using Apktool 2.3.0 on VariantRoute0origin-Subtype-debug.apk
2019-40-19 13:40:19.047 [main] INFO  com.horndroid.util.SourceSinkParser - STDOUT:I: Loading resource table...
2019-40-19 13:40:19.047 [main] INFO  com.horndroid.util.SourceSinkParser - STDOUT:I: Decoding AndroidManifest.xml with resources...
2019-40-19 13:40:19.047 [main] INFO  com.horndroid.util.SourceSinkParser - STDOUT:I: Loading resource table from file: /tmp/1.apk
2019-40-19 13:40:19.047 [main] INFO  com.horndroid.util.SourceSinkParser - STDOUT:I: Regular manifest package...
2019-40-19 13:40:19.047 [main] INFO  com.horndroid.util.SourceSinkParser - STDOUT:I: Decoding file-resources...
2019-40-19 13:40:19.048 [main] INFO  com.horndroid.util.SourceSinkParser - STDOUT:I: Decoding values */* XMLs...
2019-40-19 13:40:19.048 [main] INFO  com.horndroid.util.SourceSinkParser - STDOUT:I: Copying raw classes.dex file...
2019-40-19 13:40:19.048 [main] INFO  com.horndroid.util.SourceSinkParser - STDOUT:I: Copying assets and libs...
2019-40-19 13:40:19.048 [main] INFO  com.horndroid.util.SourceSinkParser - STDOUT:I: Copying unknown files...
2019-40-19 13:40:19.048 [main] INFO  com.horndroid.util.SourceSinkParser - STDOUT:I: Copying original files...
2019-40-19 13:40:19.048 [main] INFO  com.horndroid.util.SourceSinkParser - Here is the standard error of the command (if any):

2019-40-19 13:40:19.049 [main] INFO  com.horndroid.util.SourceSinkParser - S: Please be aware this is a volatile directory and frameworks could go missing, please utilize --frame-path if the default storage directory is unavailable
2019-40-19 13:40:19.378 [main] DEBUG com.horndroid.executors.HorndroidExecutor - ...done in 2349 milliseconds
2019-40-19 13:40:19.378 [main] DEBUG com.horndroid.executors.HorndroidExecutor - Sorting classes...
2019-40-19 13:40:19.408 [main] DEBUG com.horndroid.executors.HorndroidExecutor - done in 28 milliseconds
2019-40-19 13:40:19.408 [main] DEBUG com.horndroid.executors.HorndroidExecutor - Collecting data for Horn Clause generation...
2019-40-19 13:40:19.536 [main] DEBUG com.horndroid.executors.HorndroidExecutor - done in 128 milliseconds
2019-40-19 13:40:19.536 [main] DEBUG com.horndroid.executors.HorndroidExecutor - Generating Horn Clauses..
2019-40-19 13:40:19.536 [main] INFO  com.horndroid.analysis.Analysis - Ready to start generating Horn Clauses:
2019-40-19 13:40:19.538 [main] INFO  com.horndroid.analysis.Analysis - Number of classes in APK : 17
2019-40-19 13:40:19.538 [main] INFO  com.horndroid.analysis.Analysis - Number of methods in APK: 23
2019-40-19 13:40:19.538 [main] INFO  com.horndroid.analysis.Analysis - Number of instructions in APK: 258
2019-40-19 13:40:19.538 [main] INFO  com.horndroid.analysis.Analysis - Number of instances in APK: 49
2019-40-19 13:40:19.576 [main] INFO  com.horndroid.analysis.Analysis - Number of sources: 15
2019-40-19 13:40:19.576 [main] INFO  com.horndroid.analysis.Analysis - Number of sinks: 8
2019-40-19 13:40:19.576 [main] INFO  com.horndroid.analysis.Analysis - Number of classes : 17
2019-40-19 13:40:19.577 [main] INFO  com.horndroid.analysis.Analysis - Number of methods: 23
2019-40-19 13:40:19.577 [main] INFO  com.horndroid.analysis.Analysis - Number of instructions: 258
2019-40-19 13:40:19.577 [main] INFO  com.horndroid.analysis.Analysis - Number of instances : 49
2019-40-19 13:40:19.707 [main] DEBUG com.horndroid.executors.HorndroidExecutor - ...done in 170 milliseconds
2019-40-19 13:40:19.707 [main] DEBUG com.horndroid.executors.HorndroidExecutor - Waiting for treads to terminate...
2019-40-19 13:40:19.708 [main] DEBUG com.horndroid.executors.HorndroidExecutor - ...done in 0 milliseconds
2019-40-19 13:40:19.708 [main] DEBUG com.horndroid.executors.HorndroidExecutor - Executing all queries...
2019-40-19 13:40:19.709 [main] INFO  com.horndroid.z3.FSEngine - Number of the generated queries: 8
2019-40-19 13:40:19.980 [main] INFO  com.horndroid.z3.FSEngine - 1 Test if register 1 leaks at line 8 in method <init>()V of the class Lcom/example/variantroute/MainActivity$SimpleFragment; to the sink d(Ljava/lang/String;Ljava/lang/String;)I:NO LEAK
2019-40-19 13:40:20.527 [main] INFO  com.horndroid.z3.FSEngine - 2 [REF] Test if register 1 leaks at line 8 in method <init>()V of the class Lcom/example/variantroute/MainActivity$SimpleFragment; to the sink d(Ljava/lang/String;Ljava/lang/String;)I:NO LEAK
2019-40-19 13:40:20.813 [main] INFO  com.horndroid.z3.FSEngine - 3 Test if register 0 leaks at line 8 in method <init>()V of the class Lcom/example/variantroute/MainActivity$SimpleFragment; to the sink d(Ljava/lang/String;Ljava/lang/String;)I:NO LEAK
2019-40-19 13:40:21.133 [main] INFO  com.horndroid.z3.FSEngine - 4 [REF] Test if register 0 leaks at line 8 in method <init>()V of the class Lcom/example/variantroute/MainActivity$SimpleFragment; to the sink d(Ljava/lang/String;Ljava/lang/String;)I:NO LEAK
2019-40-19 13:40:21.319 [main] INFO  com.horndroid.z3.FSEngine - 5 Test if register 3 leaks at line 6 in method buttonClicked(Landroid/view/View;)V of the class Lcom/example/variantroute/MainActivity; to the sink d(Ljava/lang/String;Ljava/lang/String;)I:NO LEAK
2019-40-19 13:40:21.598 [main] INFO  com.horndroid.z3.FSEngine - 6 [REF] Test if register 3 leaks at line 6 in method buttonClicked(Landroid/view/View;)V of the class Lcom/example/variantroute/MainActivity; to the sink d(Ljava/lang/String;Ljava/lang/String;)I:NO LEAK
2019-40-19 13:40:21.784 [main] INFO  com.horndroid.z3.FSEngine - 7 Test if register 2 leaks at line 6 in method buttonClicked(Landroid/view/View;)V of the class Lcom/example/variantroute/MainActivity; to the sink d(Ljava/lang/String;Ljava/lang/String;)I:NO LEAK
2019-40-19 13:40:22.062 [main] INFO  com.horndroid.z3.FSEngine - 8 [REF] Test if register 2 leaks at line 6 in method buttonClicked(Landroid/view/View;)V of the class Lcom/example/variantroute/MainActivity; to the sink d(Ljava/lang/String;Ljava/lang/String;)I:NO LEAK
2019-40-19 13:40:22.062 [main] DEBUG com.horndroid.executors.HorndroidExecutor - ...done in 2354 milliseconds
