/home/amit/muse/output/afh_download/schemas/COMPLEXREACHABILITY/afh_download
In file: ApplicationTest.java
Input operator: COMPLEXREACHABILITY
leak-0: ApplicationTest.ApplicationTest
In file: AlarmReceiver.java
Input operator: COMPLEXREACHABILITY
leak-1: AlarmReceiver.onReceive
leak-2: AlarmReceiver.buildPath
In file: LogUtil.java
Input operator: COMPLEXREACHABILITY
leak-3: LogUtil.makeLogTag
In file: Download.java
Input operator: COMPLEXREACHABILITY
leak-4: Download.onStartCommand
leak-5: Download.onStartCommand
leak-6: Download.onStartCommand
leak-7: Download.onStartCommand
leak-8: Download.onBind
leak-9: ParseURL.doInBackground
leak-10: ParseURL.onPostExecute
leak-11: ParseURL.onPostExecute
leak-12: Download.parseUrl
leak-13: Download.parseUrl
leak-14: Download.parseUrl
leak-15: Download.parseUrl
leak-16: Download.parseUrl
leak-17: Download.parseUrl
leak-18: Download.getFirstUrl
leak-19: Download.getFirstUrl
leak-20: Download.getBaseUrl
leak-21: Download.getMD5
leak-22: Download.getMD5
leak-23: Download.getMD5
leak-24: Download.getMD5
leak-25: Download.getDLUrl
leak-26: Download.getDLUrl
leak-27: Download.getDLUrl
leak-28: Download.getDLUrl
leak-29: Download.getDLUrl
leak-30: dlMd5.doInBackground
leak-31: dlMd5.doInBackground
leak-32: dlMd5.doInBackground
leak-33: downloadFirstThread.doInBackground
leak-34: downloadFirstThread.onPostExecute
leak-35: ParseURLDownload.doInBackground
leak-36: ParseURLDownload.onPostExecute
leak-37: ParseURLDownload.onPostExecute
leak-38: Download.download
leak-39: Download.download
leak-40: Download.download
leak-41: Download.download
leak-42: Download.download
leak-43: Download.download
leak-44: Download.download
leak-45: Download.download
leak-46: Download.download
leak-47: Download.download
leak-48: Download.download
leak-49: Download.download
leak-50: Download.download
leak-51: Download.download
leak-52: Download.download
leak-53: Download.download
In file: DirectoryPicker.java
Input operator: COMPLEXREACHABILITY
leak-54: DirectoryPicker.onCreate
leak-55: DirectoryPicker.onCreate
leak-56: DirectoryPicker.onCreate
leak-57: DirectoryPicker.onCreate
leak-58: 1.onClick
leak-59: DirectoryPicker.onCreate
leak-60: 1.onItemClick
leak-61: DirectoryPicker.onActivityResult
leak-62: DirectoryPicker.onActivityResult
leak-63: DirectoryPicker.returnDir
leak-64: DirectoryPicker.returnDir
leak-65: DirectoryPicker.filter
leak-66: DirectoryPicker.filter
leak-67: DirectoryPicker.names
leak-68: DirectoryPicker.names
In file: PrefsFragment.java
Input operator: COMPLEXREACHABILITY
leak-69: PrefsFragment.onCreate
leak-70: 1.onPreferenceClick
In file: SetPreferenceActivity.java
Input operator: COMPLEXREACHABILITY
leak-71: SetPreferenceActivity.onCreate
In file: MainActivity.java
Input operator: COMPLEXREACHABILITY
leak-72: MainActivity.onCreate
leak-73: MainActivity.onCreate
leak-74: MainActivity.onCreate
leak-75: MainActivity.onActivityResult
leak-76: MainActivity.setAlarm
leak-77: MainActivity.setAlarm
leak-78: MainActivity.setAlarm
leak-79: MainActivity.getPref
leak-80: MainActivity.setRecurringAlarm
leak-81: MainActivity.CancelAlarm
leak-82: MainActivity.run
leak-83: MainActivity.buildPath
leak-84: MainActivity.onCreateOptionsMenu
leak-85: MainActivity.onOptionsItemSelected
leak-86: MainActivity.onOptionsItemSelected
leak-87: MainActivity.onOptionsItemSelected
leak-88: MainActivity.onOptionsItemSelected
leak-89: 1.getCommandsToExecute
leak-90: MainActivity.onRequestPermissionsResult
leak-91: MainActivity.onPermissionsGranted
leak-92: MainActivity.onPermissionsDenied
leak-93: MainActivity.getBaseUrl
leak-94: MainActivity.readFile
leak-95: MainActivity.readFile
leak-96: MainActivity.readFile
leak-97: MainActivity.readFile
leak-98: MainActivity.writeFile
leak-99: MainActivity.writeFile
leak-100: MainActivity.writeFile
leak-101: MainActivity.setList
leak-102: MainActivity.setList
leak-103: MainActivity.setList
leak-104: MainActivity.setList
leak-105: MainActivity.setList
leak-106: MainActivity.setList
leak-107: MainActivity.setList
leak-108: MainActivity.setList
leak-109: MainActivity.setList
leak-110: MainActivity.setList
leak-111: MainActivity.setList
leak-112: MainActivity.setList
leak-113: MainActivity.setList
leak-114: MainActivity.setList
leak-115: MainActivity.setList
leak-116: MainActivity.setList
leak-117: 1.canDismiss
leak-118: 1.canDismiss
leak-119: 1.onDismiss
leak-120: 1.onDismiss
leak-121: 1.onClick
leak-122: 1.onClick
leak-123: 1.onClick
leak-124: 1.onClick
leak-125: 1.onItemClick
leak-126: 1.onItemClick
leak-127: 1.onItemClick
leak-128: MainActivity.message_dialog_yes_no
leak-129: 1.onClick
leak-130: ExecuteAsRootBase.execute
leak-131: ExecuteAsRootBase.execute
leak-132: ExecuteAsRootBase.execute
leak-133: ExecuteAsRootBase.execute
leak-134: ExecuteAsRootBase.execute
leak-135: ExecuteAsRootBase.execute
leak-136: ExecuteAsRootBase.execute
leak-137: ExecuteAsRootBase.execute
leak-138: ExecuteAsRootBase.execute
leak-139: ExecuteAsRootBase.execute
leak-140: ExecuteAsRootBase.execute
leak-141: MainActivity.onResume
leak-142: MainActivity.onPause
In file: BootReceiver.java
Input operator: COMPLEXREACHABILITY
leak-143: BootReceiver.onReceive
leak-144: BootReceiver.onReceive
leak-145: BootReceiver.onReceive
leak-146: BootReceiver.setRecurringAlarm
In file: MainActivityFragment.java
Input operator: COMPLEXREACHABILITY
leak-147: MainActivityFragment.MainActivityFragment
leak-148: MainActivityFragment.onCreateView
In file: SwipeDismissTouchListener.java
Input operator: COMPLEXREACHABILITY
leak-149: SwipeDismissTouchListener.SwipeDismissTouchListener
leak-150: SwipeDismissTouchListener.onTouch
leak-151: SwipeDismissTouchListener.onTouch
leak-152: SwipeDismissTouchListener.onTouch
leak-153: SwipeDismissTouchListener.onTouch
leak-154: SwipeDismissTouchListener.onTouch
leak-155: SwipeDismissTouchListener.onTouch
leak-156: SwipeDismissTouchListener.onTouch
leak-157: SwipeDismissTouchListener.onTouch
leak-158: SwipeDismissTouchListener.onTouch
leak-159: SwipeDismissTouchListener.onTouch
leak-160: 1.onAnimationEnd
leak-161: SwipeDismissTouchListener.onTouch
leak-162: SwipeDismissTouchListener.onTouch
leak-163: SwipeDismissTouchListener.onTouch
leak-164: SwipeDismissTouchListener.onTouch
leak-165: SwipeDismissTouchListener.onTouch
leak-166: SwipeDismissTouchListener.onTouch
leak-167: SwipeDismissTouchListener.onTouch
leak-168: SwipeDismissTouchListener.onTouch
leak-169: SwipeDismissTouchListener.onTouch
leak-170: SwipeDismissTouchListener.onTouch
leak-171: SwipeDismissTouchListener.performDismiss
leak-172: 1.onAnimationEnd
leak-173: 1.onAnimationUpdate
In file: AfterPermissionGranted.java
Input operator: COMPLEXREACHABILITY
In file: EasyPermissions.java
Input operator: COMPLEXREACHABILITY
leak-174: EasyPermissions.hasPermissions
leak-175: EasyPermissions.hasPermissions
leak-176: EasyPermissions.hasPermissions
leak-177: EasyPermissions.requestPermissions
leak-178: EasyPermissions.requestPermissions
leak-179: EasyPermissions.requestPermissions
leak-180: EasyPermissions.requestPermissions
leak-181: 1.onClick
leak-182: 1.onClick
leak-183: EasyPermissions.requestPermissions
leak-184: EasyPermissions.onRequestPermissionsResult
leak-185: EasyPermissions.onRequestPermissionsResult
leak-186: EasyPermissions.onRequestPermissionsResult
leak-187: EasyPermissions.onRequestPermissionsResult
leak-188: EasyPermissions.onRequestPermissionsResult
leak-189: EasyPermissions.onRequestPermissionsResult
leak-190: EasyPermissions.onRequestPermissionsResult
leak-191: EasyPermissions.shouldShowRequestPermissionRationale
leak-192: EasyPermissions.shouldShowRequestPermissionRationale
leak-193: EasyPermissions.shouldShowRequestPermissionRationale
leak-194: EasyPermissions.shouldShowRequestPermissionRationale
leak-195: EasyPermissions.executePermissionsRequest
leak-196: EasyPermissions.executePermissionsRequest
leak-197: EasyPermissions.executePermissionsRequest
leak-198: EasyPermissions.getActivity
leak-199: EasyPermissions.getActivity
leak-200: EasyPermissions.getActivity
leak-201: EasyPermissions.getActivity
leak-202: EasyPermissions.runAnnotatedMethods
leak-203: EasyPermissions.runAnnotatedMethods
leak-204: EasyPermissions.runAnnotatedMethods
leak-205: EasyPermissions.runAnnotatedMethods
leak-206: EasyPermissions.runAnnotatedMethods
leak-207: EasyPermissions.runAnnotatedMethods
leak-208: EasyPermissions.runAnnotatedMethods
leak-209: EasyPermissions.runAnnotatedMethods
leak-210: EasyPermissions.runAnnotatedMethods
leak-211: EasyPermissions.checkCallingObjectSuitability
leak-212: EasyPermissions.checkCallingObjectSuitability
leak-213: EasyPermissions.checkCallingObjectSuitability
In file: MD5.java
Input operator: COMPLEXREACHABILITY
leak-214: MD5.checkMD5
leak-215: MD5.checkMD5
leak-216: MD5.checkMD5
leak-217: MD5.calculateMD5
leak-218: MD5.calculateMD5
leak-219: MD5.calculateMD5
leak-220: MD5.calculateMD5
leak-221: MD5.calculateMD5
leak-222: MD5.calculateMD5
leak-223: MD5.calculateMD5
leak-224: MD5.calculateMD5
leak-225: MD5.calculateMD5
leak-226: MD5.calculateMD5
leak-227: MD5.calculateMD5
In file: SwipeDismissListViewTouchListener.java
Input operator: COMPLEXREACHABILITY
leak-228: SwipeDismissListViewTouchListener.SwipeDismissListViewTouchListener
leak-229: SwipeDismissListViewTouchListener.setEnabled
leak-230: SwipeDismissListViewTouchListener.makeScrollListener
leak-231: 1.onScrollStateChanged
leak-232: 1.onScroll
leak-233: SwipeDismissListViewTouchListener.onTouch
leak-234: SwipeDismissListViewTouchListener.onTouch
leak-235: SwipeDismissListViewTouchListener.onTouch
leak-236: SwipeDismissListViewTouchListener.onTouch
leak-237: SwipeDismissListViewTouchListener.onTouch
leak-238: SwipeDismissListViewTouchListener.onTouch
leak-239: SwipeDismissListViewTouchListener.onTouch
leak-240: SwipeDismissListViewTouchListener.onTouch
leak-241: SwipeDismissListViewTouchListener.onTouch
leak-242: SwipeDismissListViewTouchListener.onTouch
leak-243: SwipeDismissListViewTouchListener.onTouch
leak-244: SwipeDismissListViewTouchListener.onTouch
leak-245: SwipeDismissListViewTouchListener.onTouch
leak-246: SwipeDismissListViewTouchListener.onTouch
leak-247: SwipeDismissListViewTouchListener.onTouch
leak-248: SwipeDismissListViewTouchListener.onTouch
leak-249: SwipeDismissListViewTouchListener.onTouch
leak-250: SwipeDismissListViewTouchListener.onTouch
leak-251: 1.onAnimationEnd
leak-252: SwipeDismissListViewTouchListener.onTouch
leak-253: SwipeDismissListViewTouchListener.onTouch
leak-254: SwipeDismissListViewTouchListener.onTouch
leak-255: SwipeDismissListViewTouchListener.onTouch
leak-256: SwipeDismissListViewTouchListener.onTouch
leak-257: SwipeDismissListViewTouchListener.onTouch
leak-258: SwipeDismissListViewTouchListener.onTouch
leak-259: PendingDismissData.PendingDismissData
leak-260: PendingDismissData.compareTo
leak-261: SwipeDismissListViewTouchListener.performDismiss
leak-262: 1.onAnimationEnd
leak-263: 1.onAnimationEnd
leak-264: 1.onAnimationEnd
leak-265: 1.onAnimationEnd
leak-266: 1.onAnimationUpdate
In file: MyCustomAdapter.java
Input operator: COMPLEXREACHABILITY
leak-267: MyCustomAdapter.MyCustomAdapter
leak-268: MyCustomAdapter.getView
leak-269: MyCustomAdapter.getView
leak-270: MyCustomAdapter.getView
leak-271: MyCustomAdapter.getView
leak-272: MyCustomAdapter.getView
leak-273: MyCustomAdapter.getView
leak-274: MyCustomAdapter.getView
leak-275: MyCustomAdapter.getView
leak-276: MyCustomAdapter.getView
