/home/amit/muse/output/CalendarTrigger/schemas/COMPLEXREACHABILITY/CalendarTrigger
In file: MyLog.java
Input operator: COMPLEXREACHABILITY
leak-0: MyLog.LogFileName
leak-1: MyLog.SettingsFileName
leak-2: MyLog.ensureLogDirectory
leak-3: MyLog.ensureLogDirectory
leak-4: MyLog.ensureLogDirectory
leak-5: MyLog.ensureLogDirectory
leak-6: MyLog.MyLog
leak-7: MyLog.MyLog
leak-8: MyLog.MyLog
leak-9: MyLog.MyLog
leak-10: MyLog.MyLog
leak-11: MyLog.MyLog
leak-12: MyLog.MyLog
In file: ComparatorChain.java
Input operator: COMPLEXREACHABILITY
leak-13: ComparatorChain.ComparatorChain
leak-14: ComparatorChain.ComparatorChain
leak-15: ComparatorChain.ComparatorChain
leak-16: ComparatorChain.ComparatorChain
leak-17: ComparatorChain.ComparatorChain
leak-18: ComparatorChain.ComparatorChain
leak-19: ComparatorChain.addComparator
leak-20: ComparatorChain.addComparator
leak-21: ComparatorChain.addComparator
leak-22: ComparatorChain.setComparator
leak-23: ComparatorChain.setComparator
leak-24: ComparatorChain.setComparator
leak-25: ComparatorChain.setComparator
leak-26: ComparatorChain.setForwardSort
leak-27: ComparatorChain.setReverseSort
leak-28: ComparatorChain.size
leak-29: ComparatorChain.isLocked
leak-30: ComparatorChain.checkLocked
leak-31: ComparatorChain.checkLocked
leak-32: ComparatorChain.checkChainIntegrity
leak-33: ComparatorChain.checkChainIntegrity
leak-34: ComparatorChain.compare
leak-35: ComparatorChain.compare
leak-36: ComparatorChain.compare
leak-37: ComparatorChain.compare
leak-38: ComparatorChain.compare
leak-39: ComparatorChain.compare
leak-40: ComparatorChain.compare
leak-41: ComparatorChain.hashCode
leak-42: ComparatorChain.hashCode
leak-43: ComparatorChain.hashCode
leak-44: ComparatorChain.equals
leak-45: ComparatorChain.equals
leak-46: ComparatorChain.equals
leak-47: ComparatorChain.equals
leak-48: ComparatorChain.clear
In file: DirectoryFileComparator.java
Input operator: COMPLEXREACHABILITY
leak-49: DirectoryFileComparator.compare
leak-50: DirectoryFileComparator.compare
leak-51: DirectoryFileComparator.compare
In file: NameComparator.java
Input operator: COMPLEXREACHABILITY
leak-52: NameComparator.compare
In file: CreateClassDialog.java
Input operator: COMPLEXREACHABILITY
leak-53: CreateClassDialog.CreateClassDialog
leak-54: CreateClassDialog.onCreateView
leak-55: 1.onClick
leak-56: 1.onTextChanged
leak-57: 1.beforeTextChanged
leak-58: 1.afterTextChanged
leak-59: 1.afterTextChanged
leak-60: 1.afterTextChanged
leak-61: 1.onClick
In file: ActionStopFragment.java
Input operator: COMPLEXREACHABILITY
leak-62: ActionStopFragment.ActionStopFragment
leak-63: ActionStopFragment.newInstance
leak-64: ActionStopFragment.openThis
leak-65: ActionStopFragment.onCreateView
leak-66: ActionStopFragment.onResume
leak-67: 1.onLongClick
leak-68: 1.onLongClick
leak-69: 1.onLongClick
leak-70: 1.onCheckedChanged
leak-71: 1.onLongClick
leak-72: ActionStopFragment.onResume
leak-73: ActionStopFragment.onResume
leak-74: 1.onClick
leak-75: 1.onLongClick
leak-76: 1.onLongClick
leak-77: 1.onLongClick
leak-78: ActionStopFragment.onPause
leak-79: ActionStopFragment.onPause
leak-80: ActionStopFragment.onPause
leak-81: ActionStopFragment.onPause
In file: DisabledRadioButton.java
Input operator: COMPLEXREACHABILITY
leak-82: DisabledRadioButton.DisabledRadioButton
leak-83: DisabledRadioButton.DisabledRadioButton
leak-84: DisabledRadioButton.DisabledRadioButton
leak-85: DisabledRadioButton.DisabledRadioButton
leak-86: DisabledRadioButton.performClick
In file: FakeContact.java
Input operator: COMPLEXREACHABILITY
leak-87: FakeContact.onCreate
leak-88: FakeContact.doDumpOne
leak-89: FakeContact.doDumpOne
leak-90: FakeContact.doDumpOne
leak-91: FakeContact.doDumpOne
leak-92: FakeContact.doDumpOne
leak-93: FakeContact.doLogAll
leak-94: FakeContact.doLogAll
leak-95: FakeContact.doDumpAll
leak-96: FakeContact.doDumpAll
leak-97: FakeContact.doDumpAll
leak-98: FakeContact.doDumpAll
leak-99: FakeContact.doDumpAll
leak-100: FakeContact.reResume
leak-101: FakeContact.reResume
leak-102: FakeContact.reResume
leak-103: FakeContact.reResume
leak-104: FakeContact.reResume
leak-105: FakeContact.reResume
leak-106: FakeContact.reResume
leak-107: FakeContact.reResume
leak-108: FakeContact.reResume
leak-109: FakeContact.reResume
leak-110: FakeContact.reResume
leak-111: 1.onClick
leak-112: 1.onClick
leak-113: 1.onClick
leak-114: 1.onClick
leak-115: 1.onClick
leak-116: FakeContact.onResume
leak-117: FakeContact.onResume
leak-118: FakeContact.onResume
leak-119: FakeContact.onResume
leak-120: FakeContact.onBackPressed
leak-121: FakeContact.onBackPressed
leak-122: FakeContact.onBackPressed
leak-123: FakeContact.onPause
leak-124: FakeContact.onPause
leak-125: FakeContact.onPause
leak-126: FakeContact.onPause
leak-127: FakeContact.onPause
leak-128: FakeContact.onPause
leak-129: FakeContact.onPause
leak-130: FakeContact.onPause
leak-131: FakeContact.onPause
leak-132: FakeContact.onPause
leak-133: FakeContact.onPause
leak-134: FakeContact.onPause
leak-135: FakeContact.onPause
leak-136: FakeContact.onPause
leak-137: FakeContact.onPause
leak-138: FakeContact.onPause
leak-139: FakeContact.onPause
leak-140: FakeContact.onPause
leak-141: FakeContact.onPause
In file: ActionStartFragment.java
Input operator: COMPLEXREACHABILITY
leak-142: ActionStartFragment.ActionStartFragment
leak-143: ActionStartFragment.newInstance
leak-144: ActionStartFragment.openThis
leak-145: ActionStartFragment.onCreateView
leak-146: ActionStartFragment.onResume
leak-147: ActionStartFragment.onResume
leak-148: ActionStartFragment.onResume
leak-149: 1.onLongClick
leak-150: 1.onLongClick
leak-151: 1.onLongClick
leak-152: ActionStartFragment.onResume
leak-153: 1.onLongClick
leak-154: ActionStartFragment.onResume
leak-155: ActionStartFragment.onResume
leak-156: ActionStartFragment.onResume
leak-157: 1.onLongClick
leak-158: ActionStartFragment.onResume
leak-159: 1.onLongClick
leak-160: ActionStartFragment.onResume
leak-161: 1.onLongClick
leak-162: ActionStartFragment.onResume
leak-163: 1.onLongClick
leak-164: ActionStartFragment.onResume
leak-165: ActionStartFragment.onResume
leak-166: ActionStartFragment.onResume
leak-167: 1.onLongClick
leak-168: ActionStartFragment.onResume
leak-169: 1.onLongClick
leak-170: ActionStartFragment.onResume
leak-171: 1.onLongClick
leak-172: ActionStartFragment.onResume
leak-173: ActionStartFragment.onResume
leak-174: ActionStartFragment.onResume
leak-175: 1.onLongClick
leak-176: ActionStartFragment.onResume
leak-177: 1.onLongClick
leak-178: ActionStartFragment.onResume
leak-179: 1.onLongClick
leak-180: ActionStartFragment.onResume
leak-181: 1.onLongClick
leak-182: 1.onCheckedChanged
leak-183: 1.onLongClick
leak-184: ActionStartFragment.onResume
leak-185: ActionStartFragment.onResume
leak-186: 1.onClick
leak-187: 1.onLongClick
leak-188: 1.onLongClick
leak-189: 1.onLongClick
leak-190: ActionStartFragment.onPause
leak-191: ActionStartFragment.onPause
leak-192: ActionStartFragment.onPause
leak-193: ActionStartFragment.onPause
In file: ActionFragment.java
Input operator: COMPLEXREACHABILITY
leak-194: ActionFragment.ActionFragment
leak-195: ActionFragment.getDefaultDir
leak-196: ActionFragment.getFile
leak-197: ActionFragment.openThis
In file: ArrayAdapter.java
Input operator: COMPLEXREACHABILITY
leak-198: ArrayAdapter.ArrayAdapter
leak-199: ArrayAdapter.ArrayAdapter
leak-200: ArrayAdapter.ArrayAdapter
leak-201: ArrayAdapter.ArrayAdapter
leak-202: ArrayAdapter.ArrayAdapter
leak-203: ArrayAdapter.ArrayAdapter
leak-204: ArrayAdapter.add
leak-205: ArrayAdapter.add
leak-206: ArrayAdapter.add
leak-207: ArrayAdapter.add
leak-208: ArrayAdapter.addAll
leak-209: ArrayAdapter.addAll
leak-210: ArrayAdapter.addAll
leak-211: ArrayAdapter.addAll
leak-212: ArrayAdapter.addAll
leak-213: ArrayAdapter.addAll
leak-214: ArrayAdapter.addAll
leak-215: ArrayAdapter.addAll
leak-216: ArrayAdapter.insert
leak-217: ArrayAdapter.insert
leak-218: ArrayAdapter.insert
leak-219: ArrayAdapter.insert
leak-220: ArrayAdapter.remove
leak-221: ArrayAdapter.remove
leak-222: ArrayAdapter.remove
leak-223: ArrayAdapter.remove
leak-224: ArrayAdapter.clear
leak-225: ArrayAdapter.clear
leak-226: ArrayAdapter.clear
leak-227: ArrayAdapter.clear
leak-228: ArrayAdapter.clearNoNotification
leak-229: ArrayAdapter.clearNoNotification
leak-230: ArrayAdapter.clearNoNotification
leak-231: ArrayAdapter.clearNoNotification
leak-232: ArrayAdapter.sort
leak-233: ArrayAdapter.sort
leak-234: ArrayAdapter.sort
leak-235: ArrayAdapter.sort
leak-236: ArrayAdapter.notifyDataSetChanged
leak-237: ArrayAdapter.setNotifyOnChange
leak-238: ArrayAdapter.init
leak-239: ArrayAdapter.getContext
leak-240: ArrayAdapter.getCount
leak-241: ArrayAdapter.getItem
leak-242: ArrayAdapter.getPosition
leak-243: ArrayAdapter.getItemId
leak-244: ArrayAdapter.getView
leak-245: ArrayAdapter.createViewFromResource
leak-246: ArrayAdapter.createViewFromResource
leak-247: ArrayAdapter.createViewFromResource
leak-248: ArrayAdapter.createViewFromResource
leak-249: ArrayAdapter.createViewFromResource
leak-250: ArrayAdapter.createViewFromResource
leak-251: ArrayAdapter.createViewFromResource
leak-252: ArrayAdapter.createViewFromResource
leak-253: ArrayAdapter.createViewFromResource
leak-254: ArrayAdapter.setDropDownViewResource
leak-255: ArrayAdapter.getDropDownView
leak-256: ArrayAdapter.createFromResource
leak-257: ArrayAdapter.getFilter
leak-258: ArrayAdapter.getFilter
leak-259: ArrayFilter.performFiltering
leak-260: ArrayFilter.performFiltering
leak-261: ArrayFilter.performFiltering
leak-262: ArrayFilter.performFiltering
leak-263: ArrayFilter.performFiltering
leak-264: ArrayFilter.performFiltering
leak-265: ArrayFilter.performFiltering
leak-266: ArrayFilter.performFiltering
leak-267: ArrayFilter.performFiltering
leak-268: ArrayFilter.performFiltering
leak-269: ArrayFilter.performFiltering
leak-270: ArrayFilter.performFiltering
leak-271: ArrayFilter.publishResults
leak-272: ArrayFilter.publishResults
leak-273: ArrayFilter.publishResults
In file: MainActivity.java
Input operator: COMPLEXREACHABILITY
leak-274: MainActivity.onCreate
leak-275: MainActivity.onCreate
leak-276: MainActivity.onCreate
leak-277: MainActivity.onBackPressed
leak-278: MainActivity.onPrepareOptionsMenu
leak-279: MainActivity.onPrepareOptionsMenu
leak-280: MainActivity.onPrepareOptionsMenu
leak-281: MainActivity.onResume
leak-282: MainActivity.onOptionsItemSelected
leak-283: MainActivity.onOptionsItemSelected
leak-284: MainActivity.onOptionsItemSelected
leak-285: MainActivity.onOptionsItemSelected
In file: FileBrowserFragment.java
Input operator: COMPLEXREACHABILITY
leak-286: FileBrowserFragment.FileBrowserFragment
leak-287: FileBrowserFragment.setOwner
leak-288: FileBrowserFragment.onCreateView
leak-289: FileBrowserFragment.onViewCreated
leak-290: 1.onDirectoryOrFileClick
leak-291: 1.onDirectoryOrFileClick
leak-292: FileBrowserFragment.onViewCreated
leak-293: FileBrowserFragment.onViewCreated
In file: FileListView.java
Input operator: COMPLEXREACHABILITY
leak-294: FileListView.FileListView
leak-295: FileListView.setRowView
leak-296: FileListView.init
leak-297: FileListView.init
leak-298: FileListView.init
leak-299: FileListView.getAdapter
leak-300: FileListView.setDefaultFileExtentions
leak-301: FileListView.onItemClick
leak-302: FileListView.onItemClick
leak-303: FileListView.onItemClick
leak-304: FileListView.onItemClick
leak-305: FileListView.updateUI
leak-306: FileListView.updateUI
leak-307: FileListView.updateUI
leak-308: FileListView.updateUI
leak-309: FileListView.updateUI
leak-310: FileListView.updateUI
leak-311: FileListView.updateUI
leak-312: FileListView.updateUI
leak-313: FileListView.setTextViewDirectory
leak-314: FileListView.setTextViewFile
leak-315: FileListView.setOnDirectoryOrFileClickListener
leak-316: FileListView.getComparator
leak-317: FileListView.setComparator
leak-318: FileListView.setOnGetView
In file: DefineStartFragment.java
Input operator: COMPLEXREACHABILITY
leak-319: DefineStartFragment.DefineStartFragment
leak-320: DefineStartFragment.newInstance
leak-321: DefineStartFragment.onCreateView
leak-322: DefineStartFragment.onResume
leak-323: 1.onLongClick
leak-324: 1.onLongClick
leak-325: 1.onLongClick
leak-326: 1.onLongClick
leak-327: 1.onLongClick
leak-328: 1.onLongClick
leak-329: 1.onLongClick
leak-330: 1.onLongClick
leak-331: 1.onLongClick
leak-332: 1.onLongClick
leak-333: 1.onLongClick
leak-334: 1.onLongClick
leak-335: 1.onLongClick
leak-336: DefineStartFragment.onPause
leak-337: DefineStartFragment.onPause
leak-338: DefineStartFragment.onPause
leak-339: DefineStartFragment.onPause
leak-340: DefineStartFragment.onPause
leak-341: DefineStartFragment.onPause
leak-342: DefineStartFragment.onPause
leak-343: DefineStartFragment.onPause
leak-344: DefineStartFragment.onPause
leak-345: DefineStartFragment.onPause
In file: SettingsActivity.java
Input operator: COMPLEXREACHABILITY
leak-346: SettingsActivity.onCreate
leak-347: SettingsActivity.doReset
leak-348: SettingsActivity.setNextLocationState
leak-349: SettingsActivity.setNextLocationState
leak-350: 1.onLongClick
leak-351: SettingsActivity.setNextLocationState
leak-352: 1.onLongClick
leak-353: SettingsActivity.showLog
leak-354: SettingsActivity.showLog
leak-355: SettingsActivity.showLog
leak-356: SettingsActivity.showLog
leak-357: SettingsActivity.showLog
leak-358: SettingsActivity.showLog
leak-359: SettingsActivity.reResume
leak-360: SettingsActivity.reResume
leak-361: SettingsActivity.reResume
leak-362: 1.onLongClick
leak-363: 1.onLongClick
leak-364: 1.onLongClick
leak-365: 1.onLongClick
leak-366: 1.onLongClick
leak-367: 1.onLongClick
leak-368: SettingsActivity.reResume
leak-369: SettingsActivity.reResume
leak-370: 1.onLongClick
leak-371: SettingsActivity.reResume
leak-372: 1.onClick
leak-373: 1.onLongClick
leak-374: SettingsActivity.reResume
leak-375: 1.onClick
leak-376: 1.onLongClick
leak-377: 1.onClick
leak-378: 1.onLongClick
leak-379: SettingsActivity.reResume
leak-380: 1.onClick
leak-381: 1.onLongClick
leak-382: SettingsActivity.reResume
leak-383: 1.onClick
leak-384: 1.onLongClick
leak-385: SettingsActivity.reResume
leak-386: 1.onClick
leak-387: 1.onLongClick
leak-388: SettingsActivity.reResume
leak-389: 1.onClick
leak-390: 1.onLongClick
leak-391: SettingsActivity.reResume
leak-392: SettingsActivity.reResume
leak-393: 1.onClick
leak-394: 1.onClick
leak-395: 1.onClick
leak-396: 1.onLongClick
leak-397: 1.onLongClick
leak-398: 1.onLongClick
leak-399: 1.onClick
leak-400: 1.onClick
leak-401: 1.onLongClick
leak-402: 1.onClick
leak-403: 1.onLongClick
leak-404: SettingsActivity.reResume
leak-405: 1.onClick
leak-406: 1.onClick
leak-407: 1.onClick
leak-408: 1.onClick
leak-409: 1.onLongClick
leak-410: SettingsActivity.reResume
leak-411: 1.onClick
leak-412: 1.onLongClick
leak-413: SettingsActivity.reResume
leak-414: 1.onClick
leak-415: 1.onClick
leak-416: 1.onClick
leak-417: 1.onLongClick
leak-418: SettingsActivity.reResume
leak-419: 1.onClick
leak-420: 1.onLongClick
leak-421: SettingsActivity.reResume
leak-422: SettingsActivity.reResume
leak-423: 1.onClick
leak-424: SettingsActivity.onResume
leak-425: SettingsActivity.onResume
leak-426: SettingsActivity.onBackPressed
leak-427: SettingsActivity.onBackPressed
leak-428: SettingsActivity.onBackPressed
In file: FileSystemAdapter.java
Input operator: COMPLEXREACHABILITY
leak-429: FileSystemAdapter.FileSystemAdapter
leak-430: FileSystemAdapter.getView
leak-431: FileSystemAdapter.getView
leak-432: FileSystemAdapter.getView
leak-433: FileSystemAdapter.getView
leak-434: FileSystemAdapter.getView
leak-435: FileSystemAdapter.getView
leak-436: FileSystemAdapter.getView
leak-437: FileSystemAdapter.getView
leak-438: FileSystemAdapter.getView
leak-439: FileSystemAdapter.getView
leak-440: FileSystemAdapter.getFileExtention
leak-441: FileSystemAdapter.getFileExtention
leak-442: FileSystemAdapter.showFileSystem
leak-443: FileSystemAdapter.showFileSystem
leak-444: FileSystemAdapter.showFileSystem
leak-445: FileSystemAdapter.showFileSystem
leak-446: FileSystemAdapter.showFileSystem
leak-447: FileSystemAdapter.showFileSystem
leak-448: FileSystemAdapter.showFileSystem
leak-449: FileSystemAdapter.getRoot
leak-450: FileSystemAdapter.move
leak-451: FileSystemAdapter.move
leak-452: FileSystemAdapter.move
leak-453: FileSystemAdapter.move
leak-454: FileSystemAdapter.move
leak-455: FileSystemAdapter.move
leak-456: FileSystemAdapter.move
leak-457: FileSystemAdapter.move
leak-458: FileSystemAdapter.move
leak-459: FileSystemAdapter.addExtention
leak-460: FileSystemAdapter.clearExtentionMapping
leak-461: FileSystemAdapter.hasExtentions
leak-462: FileSystemAdapter.getPath
leak-463: FileSystemAdapter.setPath
leak-464: FileSystemAdapter.setOnGetView
In file: DefineClassFragment.java
Input operator: COMPLEXREACHABILITY
leak-465: calendarCheck.calendarCheck
leak-466: DefineClassFragment.DefineClassFragment
leak-467: DefineClassFragment.newInstance
leak-468: DefineClassFragment.onCreateView
leak-469: DefineClassFragment.onResume
leak-470: 1.onLongClick
leak-471: DefineClassFragment.onResume
leak-472: 1.onLongClick
leak-473: DefineClassFragment.onResume
leak-474: 1.onLongClick
leak-475: DefineClassFragment.onResume
leak-476: DefineClassFragment.onResume
leak-477: 1.onLongClick
leak-478: DefineClassFragment.onResume
leak-479: DefineClassFragment.onResume
leak-480: 1.onLongClick
leak-481: 1.onLongClick
leak-482: DefineClassFragment.onResume
leak-483: DefineClassFragment.onResume
leak-484: DefineClassFragment.onResume
leak-485: DefineClassFragment.onResume
leak-486: DefineClassFragment.onResume
leak-487: 1.onLongClick
leak-488: DefineClassFragment.onResume
leak-489: DefineClassFragment.onResume
leak-490: DefineClassFragment.onResume
leak-491: DefineClassFragment.onResume
leak-492: DefineClassFragment.onResume
leak-493: 1.onLongClick
leak-494: DefineClassFragment.onResume
leak-495: DefineClassFragment.onResume
leak-496: DefineClassFragment.onResume
leak-497: DefineClassFragment.onResume
leak-498: DefineClassFragment.onResume
leak-499: 1.onLongClick
leak-500: DefineClassFragment.onResume
leak-501: DefineClassFragment.onResume
leak-502: DefineClassFragment.onResume
leak-503: DefineClassFragment.onResume
leak-504: DefineClassFragment.onResume
leak-505: 1.onLongClick
leak-506: DefineClassFragment.onResume
leak-507: DefineClassFragment.onResume
leak-508: DefineClassFragment.onResume
leak-509: DefineClassFragment.onResume
leak-510: DefineClassFragment.onResume
leak-511: DefineClassFragment.onPause
leak-512: DefineClassFragment.onPause
leak-513: DefineClassFragment.onPause
leak-514: DefineClassFragment.onPause
leak-515: DefineClassFragment.onPause
leak-516: DefineClassFragment.onPause
leak-517: DefineClassFragment.onPause
leak-518: DefineClassFragment.onPause
leak-519: DefineClassFragment.onPause
leak-520: DefineClassFragment.onPause
leak-521: DefineClassFragment.onPause
leak-522: DefineClassFragment.onPause
leak-523: DefineClassFragment.onPause
In file: DefineStopFragment.java
Input operator: COMPLEXREACHABILITY
leak-524: DefineStopFragment.DefineStopFragment
leak-525: DefineStopFragment.newInstance
leak-526: DefineStopFragment.onCreateView
leak-527: DefineStopFragment.onResume
leak-528: 1.onLongClick
leak-529: 1.onLongClick
leak-530: 1.onLongClick
leak-531: 1.onLongClick
leak-532: 1.onLongClick
leak-533: 1.onLongClick
leak-534: 1.onLongClick
leak-535: 1.onLongClick
leak-536: 1.onLongClick
leak-537: 1.onLongClick
leak-538: 1.onLongClick
leak-539: 1.onLongClick
leak-540: 1.onLongClick
leak-541: 1.onLongClick
leak-542: 1.onLongClick
leak-543: DefineStopFragment.onPause
leak-544: DefineStopFragment.onPause
leak-545: DefineStopFragment.onPause
leak-546: DefineStopFragment.onPause
leak-547: DefineStopFragment.onPause
leak-548: DefineStopFragment.onPause
leak-549: DefineStopFragment.onPause
leak-550: DefineStopFragment.onPause
leak-551: DefineStopFragment.onPause
leak-552: DefineStopFragment.onPause
leak-553: DefineStopFragment.onPause
leak-554: DefineStopFragment.onPause
In file: FileData.java
Input operator: COMPLEXREACHABILITY
leak-555: FileData.FileData
In file: EditActivity.java
Input operator: COMPLEXREACHABILITY
leak-556: EditActivity.onCreate
leak-557: EditActivity.setButtonVisibility
leak-558: EditActivity.onResume
leak-559: 1.onLongClick
leak-560: 1.onClick
leak-561: 1.onLongClick
leak-562: 1.onClick
leak-563: 1.onLongClick
leak-564: 1.onClick
leak-565: 1.onLongClick
leak-566: 1.onClick
leak-567: 1.onLongClick
leak-568: 1.onClick
leak-569: 1.onLongClick
leak-570: 1.onClick
leak-571: 1.onLongClick
leak-572: 1.onClick
leak-573: 1.onLongClick
In file: CalendarProvider.java
Input operator: COMPLEXREACHABILITY
leak-574: CalendarProvider.CalendarProvider
leak-575: CalendarProvider.getInstancesQueryUri
leak-576: CalendarProvider.likeQuote
leak-577: CalendarProvider.selection
leak-578: CalendarProvider.selection
leak-579: CalendarProvider.selection
leak-580: CalendarProvider.selection
leak-581: CalendarProvider.selection
leak-582: CalendarProvider.selection
leak-583: CalendarProvider.selection
leak-584: CalendarProvider.selection
leak-585: CalendarProvider.selection
leak-586: CalendarProvider.nextActionTimes
leak-587: CalendarProvider.nextActionTimes
leak-588: CalendarProvider.nextActionTimes
leak-589: CalendarProvider.nextActionTimes
leak-590: CalendarProvider.nextActionTimes
leak-591: CalendarProvider.nextActionTimes
leak-592: CalendarProvider.nextActionTimes
leak-593: CalendarProvider.nextActionTimes
leak-594: CalendarProvider.nextActionTimes
leak-595: CalendarProvider.nextLocation
leak-596: CalendarProvider.nextLocation
leak-597: CalendarProvider.nextLocation
In file: ContactCreator.java
Input operator: COMPLEXREACHABILITY
leak-598: ContactCreator.ContactCreator
leak-599: ContactCreator.isUSstate
leak-600: ContactCreator.isUSstate
leak-601: ContactCreator.isUSstate
leak-602: ContactCreator.isUKcounty
leak-603: ContactCreator.isUKcounty
leak-604: ContactCreator.isUKcounty
leak-605: ContactCreator.isUKregion
leak-606: ContactCreator.isUKregion
leak-607: ContactCreator.isUKregion
leak-608: ContactCreator.lookupCountry
leak-609: mccEntry.mccEntry
leak-610: ContactCreator.lookupCountry
leak-611: ContactCreator.lookupCountry
leak-612: ContactCreator.createOrUpdateContact
leak-613: ContactCreator.createOrUpdateContact
leak-614: ContactCreator.createOrUpdateContact
leak-615: ContactCreator.createOrUpdateContact
leak-616: ContactCreator.createOrUpdateContact
leak-617: ContactCreator.isAtContact
leak-618: ContactCreator.isAtContact
leak-619: ContactCreator.isAtContact
leak-620: ContactCreator.isAtContact
leak-621: ContactCreator.isAtContact
leak-622: ContactCreator.isAtContact
leak-623: ContactCreator.isAtContact
leak-624: ContactCreator.isAtContact
leak-625: ContactCreator.isAtContact
leak-626: ContactCreator.isAtContact
leak-627: ContactCreator.splitAddress
leak-628: ContactCreator.splitAddress
leak-629: ContactCreator.splitAddress
leak-630: ContactCreator.splitAddress
leak-631: ContactCreator.splitAddress
leak-632: ContactCreator.splitAddress
leak-633: ContactCreator.splitAddress
leak-634: ContactCreator.splitAddress
leak-635: ContactCreator.splitAddress
leak-636: ContactCreator.splitAddress
leak-637: ContactCreator.splitAddress
leak-638: ContactCreator.splitAddress
leak-639: ContactCreator.splitAddress
leak-640: ContactCreator.splitAddress
leak-641: ContactCreator.splitAddress
leak-642: ContactCreator.splitAddress
leak-643: ContactCreator.splitAddress
leak-644: ContactCreator.splitAddress
leak-645: ContactCreator.splitAddress
leak-646: ContactCreator.splitAddress
leak-647: ContactCreator.splitAddress
leak-648: ContactCreator.splitAddress
leak-649: ContactCreator.splitAddress
leak-650: ContactCreator.splitAddress
leak-651: ContactCreator.splitAddress
leak-652: ContactCreator.splitAddress
leak-653: ContactCreator.splitAddress
leak-654: ContactCreator.makeContact
leak-655: ContactCreator.makeContact
leak-656: ContactCreator.makeContact
leak-657: ContactCreator.makeContact
leak-658: ContactCreator.makeContact
leak-659: ContactCreator.makeContact
leak-660: ContactCreator.makeContact
leak-661: ContactCreator.makeContact
leak-662: ContactCreator.makeContact
leak-663: ContactCreator.makeContact
leak-664: ContactCreator.makeContact
leak-665: ContactCreator.makeContact
leak-666: ContactCreator.makeContact
leak-667: ContactCreator.makeContact
leak-668: ContactCreator.makeContact
leak-669: ContactCreator.makeContact
leak-670: ContactCreator.makeContact
leak-671: ContactCreator.makeContact
leak-672: ContactCreator.makeContact
leak-673: ContactCreator.makeContact
leak-674: ContactCreator.makeContact
leak-675: ContactCreator.makeContact
leak-676: ContactCreator.makeContact
leak-677: ContactCreator.makeContact
leak-678: ContactCreator.makeContact
leak-679: ContactCreator.makeContact
leak-680: ContactCreator.makeContact
leak-681: ContactCreator.makeContact
leak-682: ContactCreator.makeContact
leak-683: ContactCreator.makeContact
leak-684: ContactCreator.makeContact
leak-685: ContactCreator.makeContact
leak-686: ContactCreator.makeContact
leak-687: ContactCreator.makeContact
leak-688: ContactCreator.makeContact
leak-689: ContactCreator.makeContact
leak-690: ContactCreator.makeContact
leak-691: ContactCreator.makeContact
leak-692: ContactCreator.makeContact
leak-693: ContactCreator.makeContact
leak-694: ContactCreator.makeContact
leak-695: ContactCreator.makeContact
leak-696: ContactCreator.makeContact
leak-697: ContactCreator.makeContact
leak-698: ContactCreator.makeContact
leak-699: ContactCreator.makeContact
leak-700: ContactCreator.makeContact
leak-701: ContactCreator.makeContact
leak-702: ContactCreator.makeContact
leak-703: ContactCreator.makeContact
leak-704: ContactCreator.makeContact
leak-705: ContactCreator.makeContact
leak-706: ContactCreator.makeContact
leak-707: ContactCreator.makeContact
leak-708: ContactCreator.makeContact
leak-709: ContactCreator.makeContact
leak-710: ContactCreator.makeContact
leak-711: ContactCreator.makeContact
leak-712: ContactCreator.makeContact
leak-713: ContactCreator.makeContact
leak-714: ContactCreator.makeContact
leak-715: ContactCreator.makeContact
leak-716: ContactCreator.putline
leak-717: ContactCreator.putline
leak-718: ContactCreator.putline
leak-719: ContactCreator.putline
leak-720: ContactCreator.addLine
leak-721: ContactCreator.addLine
leak-722: ContactCreator.dumpSingle
leak-723: ContactCreator.dumpSingle
leak-724: ContactCreator.dumpSingle
leak-725: ContactCreator.dumpSingle
leak-726: ContactCreator.dumpSingle
leak-727: ContactCreator.dumpSingle
leak-728: ContactCreator.dumpSingle
leak-729: ContactCreator.dumpSingle
leak-730: ContactCreator.dumpSingle
leak-731: ContactCreator.dumpSingle
leak-732: ContactCreator.dumpSingle
leak-733: ContactCreator.dumpSingle
leak-734: ContactCreator.dumpSingle
leak-735: ContactCreator.dumpSingle
leak-736: ContactCreator.dumpOneContact
leak-737: ContactCreator.dumpOneContact
leak-738: ContactCreator.dumpOneContact
leak-739: ContactCreator.dumpOneContact
leak-740: ContactCreator.dumpOneContact
leak-741: ContactCreator.dumpOneContact
leak-742: ContactCreator.dumpOneContact
leak-743: ContactCreator.dumpOneContact
leak-744: ContactCreator.dumpOneContact
leak-745: ContactCreator.dumpOneContact
leak-746: ContactCreator.dumpOneContact
leak-747: ContactCreator.dumpAllContacts
leak-748: ContactCreator.dumpAllContacts
leak-749: ContactCreator.dumpAllContacts
leak-750: ContactCreator.dumpAllContacts
leak-751: ContactCreator.logAllContacts
leak-752: ContactCreator.logAllContacts
leak-753: ContactCreator.logAllContacts
leak-754: ContactCreator.logAllContacts
In file: PrefsManager.java
Input operator: COMPLEXREACHABILITY
leak-755: PrefsManager.setDefaultDir
leak-756: PrefsManager.getDefaultDir
leak-757: PrefsManager.setLoggingMode
leak-758: PrefsManager.getLoggingMode
leak-759: PrefsManager.setLogCycleMode
leak-760: PrefsManager.getLogcycleMode
leak-761: PrefsManager.setLastCycleDate
leak-762: PrefsManager.getLastcycleDate
leak-763: PrefsManager.setNextLocationMode
leak-764: PrefsManager.getNextLocationMode
leak-765: PrefsManager.setMuteResult
leak-766: PrefsManager.getMuteResult
leak-767: PrefsManager.setPhoneState
leak-768: PrefsManager.getPhoneState
leak-769: PrefsManager.setNotifiedCannotReadPhoneState
leak-770: PrefsManager.getNotifiedCannotReadPhoneState
leak-771: PrefsManager.setLocationState
leak-772: PrefsManager.getLocationState
leak-773: PrefsManager.setStepCount
leak-774: PrefsManager.getStepCount
leak-775: PrefsManager.setOrientationState
leak-776: PrefsManager.getOrientationState
leak-777: PrefsManager.getNumClasses
leak-778: PrefsManager.getNumClasses
leak-779: PrefsManager.getNumClasses
leak-780: PrefsManager.isClassUsed
leak-781: PrefsManager.isClassUsed
leak-782: PrefsManager.getNewClass
leak-783: PrefsManager.getNewClass
leak-784: PrefsManager.getNewClass
leak-785: PrefsManager.setLastInvocationTime
leak-786: PrefsManager.getLastInvocationTime
leak-787: PrefsManager.setLastAlarmTime
leak-788: PrefsManager.getLastAlarmTime
leak-789: PrefsManager.getCurrentMode
leak-790: PrefsManager.getCurrentMode
leak-791: PrefsManager.getRingerStateName
leak-792: PrefsManager.getEnglishStateName
leak-793: PrefsManager.getRingerSetting
leak-794: PrefsManager.setUserRinger
leak-795: PrefsManager.getUserRinger
leak-796: PrefsManager.setLastRinger
leak-797: PrefsManager.getLastRinger
leak-798: PrefsManager.setClassName
leak-799: PrefsManager.getClassName
leak-800: PrefsManager.getClassName
leak-801: PrefsManager.getClassNum
leak-802: PrefsManager.getClassNum
leak-803: PrefsManager.getClassNum
leak-804: PrefsManager.getClassNum
leak-805: PrefsManager.setEventName
leak-806: PrefsManager.getEventName
leak-807: PrefsManager.setEventLocation
leak-808: PrefsManager.getEventLocation
leak-809: PrefsManager.setEventDescription
leak-810: PrefsManager.getEventDescription
leak-811: PrefsManager.setEventColour
leak-812: PrefsManager.getEventColour
leak-813: PrefsManager.putCalendars
leak-814: PrefsManager.putCalendars
leak-815: PrefsManager.getCalendars
leak-816: PrefsManager.getCalendars
leak-817: PrefsManager.setWhetherBusy
leak-818: PrefsManager.getWhetherBusy
leak-819: PrefsManager.setWhetherRecurrent
leak-820: PrefsManager.getWhetherRecurrent
leak-821: PrefsManager.setWhetherOrganiser
leak-822: PrefsManager.getWhetherOrganiser
leak-823: PrefsManager.setWhetherPublic
leak-824: PrefsManager.getWhetherPublic
leak-825: PrefsManager.setWhetherAttendees
leak-826: PrefsManager.getWhetherAttendees
leak-827: PrefsManager.setRingerAction
leak-828: PrefsManager.getRingerAction
leak-829: PrefsManager.setRestoreRinger
leak-830: PrefsManager.getRestoreRinger
leak-831: PrefsManager.setBeforeMinutes
leak-832: PrefsManager.getBeforeMinutes
leak-833: PrefsManager.setAfterOrientation
leak-834: PrefsManager.getAfterOrientation
leak-835: PrefsManager.setBeforeOrientation
leak-836: PrefsManager.getBeforeOrientation
leak-837: PrefsManager.setAfterConnection
leak-838: PrefsManager.getAfterConnection
leak-839: PrefsManager.setBeforeConnection
leak-840: PrefsManager.getBeforeConnection
leak-841: PrefsManager.setAfterMinutes
leak-842: PrefsManager.getAfterMinutes
leak-843: PrefsManager.setAfterSteps
leak-844: PrefsManager.getAfterSteps
leak-845: PrefsManager.setTargetSteps
leak-846: PrefsManager.getTargetSteps
leak-847: PrefsManager.setAfterMetres
leak-848: PrefsManager.getAfterMetres
leak-849: PrefsManager.setLatitude
leak-850: PrefsManager.getLatitude
leak-851: PrefsManager.setLongitude
leak-852: PrefsManager.getLongitude
leak-853: PrefsManager.setNotifyStart
leak-854: PrefsManager.getNotifyStart
leak-855: PrefsManager.setPlaysoundStart
leak-856: PrefsManager.getPlaysoundStart
leak-857: PrefsManager.setSoundFileStart
leak-858: PrefsManager.getSoundFileStart
leak-859: PrefsManager.setNotifyEnd
leak-860: PrefsManager.getNotifyEnd
leak-861: PrefsManager.setPlaysoundEnd
leak-862: PrefsManager.getPlaysoundEnd
leak-863: PrefsManager.setSoundFileEnd
leak-864: PrefsManager.getSoundFileEnd
leak-865: PrefsManager.setClassTriggered
leak-866: PrefsManager.isClassTriggered
leak-867: PrefsManager.setLastTriggerEnd
leak-868: PrefsManager.getLastTriggerEnd
leak-869: PrefsManager.setClassActive
leak-870: PrefsManager.isClassActive
leak-871: PrefsManager.setClassWaiting
leak-872: PrefsManager.isClassWaiting
leak-873: PrefsManager.setLastActive
leak-874: PrefsManager.getLastActive
leak-875: PrefsManager.removeClass
leak-876: PrefsManager.removeClass
leak-877: PrefsManager.saveClassSettings
leak-878: PrefsManager.saveSettings
leak-879: PrefsManager.saveSettings
leak-880: PrefsManager.saveSettings
leak-881: PrefsManager.saveSettings
leak-882: PrefsManager.saveSettings
leak-883: PrefsManager.saveSettings
leak-884: PrefsManager.loadSettings
leak-885: PrefsManager.loadSettings
leak-886: PrefsManager.loadSettings
leak-887: PrefsManager.loadSettings
leak-888: PrefsManager.loadSettings
leak-889: PrefsManager.loadSettings
leak-890: PrefsManager.loadSettings
leak-891: PrefsManager.loadSettings
leak-892: PrefsManager.loadSettings
leak-893: PrefsManager.loadSettings
leak-894: PrefsManager.loadSettings
leak-895: PrefsManager.loadSettings
leak-896: PrefsManager.loadSettings
leak-897: PrefsManager.loadSettings
leak-898: PrefsManager.loadSettings
leak-899: PrefsManager.loadSettings
leak-900: PrefsManager.loadSettings
leak-901: PrefsManager.loadSettings
leak-902: PrefsManager.loadSettings
leak-903: PrefsManager.loadSettings
leak-904: PrefsManager.loadSettings
leak-905: PrefsManager.loadSettings
leak-906: PrefsManager.loadSettings
leak-907: PrefsManager.loadSettings
leak-908: PrefsManager.loadSettings
leak-909: PrefsManager.loadSettings
leak-910: PrefsManager.loadSettings
leak-911: PrefsManager.loadSettings
leak-912: PrefsManager.loadSettings
leak-913: PrefsManager.loadSettings
leak-914: PrefsManager.loadSettings
leak-915: PrefsManager.loadSettings
leak-916: PrefsManager.loadSettings
leak-917: PrefsManager.loadSettings
leak-918: PrefsManager.loadSettings
leak-919: PrefsManager.loadSettings
leak-920: PrefsManager.loadSettings
leak-921: PrefsManager.loadSettings
leak-922: PrefsManager.loadSettings
leak-923: PrefsManager.loadSettings
leak-924: PrefsManager.loadSettings
leak-925: PrefsManager.loadSettings
leak-926: PrefsManager.loadSettings
leak-927: PrefsManager.loadSettings
leak-928: PrefsManager.loadSettings
leak-929: PrefsManager.loadSettings
leak-930: PrefsManager.loadSettings
leak-931: PrefsManager.loadSettings
leak-932: PrefsManager.loadSettings
leak-933: PrefsManager.loadSettings
leak-934: PrefsManager.loadSettings
leak-935: PrefsManager.loadSettings
leak-936: PrefsManager.loadSettings
leak-937: PrefsManager.loadSettings
leak-938: PrefsManager.loadSettings
leak-939: PrefsManager.loadSettings
leak-940: PrefsManager.loadSettings
leak-941: PrefsManager.loadSettings
leak-942: PrefsManager.loadSettings
leak-943: PrefsManager.loadSettings
leak-944: PrefsManager.loadSettings
leak-945: PrefsManager.loadSettings
leak-946: PrefsManager.loadSettings
leak-947: PrefsManager.loadSettings
leak-948: PrefsManager.loadSettings
leak-949: PrefsManager.loadSettings
leak-950: PrefsManager.loadSettings
leak-951: PrefsManager.loadSettings
leak-952: PrefsManager.loadSettings
leak-953: PrefsManager.loadSettings
leak-954: PrefsManager.loadSettings
leak-955: PrefsManager.loadSettings
leak-956: PrefsManager.loadSettings
leak-957: PrefsManager.loadSettings
leak-958: PrefsManager.loadSettings
leak-959: PrefsManager.loadSettings
In file: MuteService.java
Input operator: COMPLEXREACHABILITY
leak-960: MuteService.MuteService
leak-961: 1.handleMessage
leak-962: 1.handleMessage
leak-963: 1.handleMessage
leak-964: 1.handleMessage
leak-965: MuteService.lock
leak-966: MuteService.lock
leak-967: MuteService.unlock
leak-968: MuteService.unlock
leak-969: MuteService.unlock
leak-970: MuteService.unlock
leak-971: MuteService.unlock
leak-972: MuteService.doReset
leak-973: MuteService.doReset
leak-974: MuteService.doReset
leak-975: MuteService.onAccuracyChanged
leak-976: MuteService.onSensorChanged
leak-977: MuteService.onSensorChanged
leak-978: MuteService.onSensorChanged
leak-979: StartServiceReceiver.onReceive
leak-980: MuteService.emitNotification
leak-981: MuteService.emitNotification
leak-982: MuteService.PermissionFail
leak-983: MuteService.UpdatePhoneState
leak-984: MuteService.UpdatePhoneState
leak-985: MuteService.UpdatePhoneState
leak-986: MuteService.UpdatePhoneState
leak-987: MuteService.UpdatePhoneState
leak-988: MuteService.UpdatePhoneState
leak-989: MuteService.doLogCycling
leak-990: MuteService.doLogCycling
leak-991: MuteService.doLogCycling
leak-992: MuteService.doLogCycling
leak-993: MuteService.doLogCycling
leak-994: MuteService.doLogCycling
leak-995: MuteService.doLogCycling
leak-996: MuteService.doLogCycling
leak-997: MuteService.doLogCycling
leak-998: MuteService.doLogCycling
leak-999: MuteService.doLogCycling
leak-1000: MuteService.StartStepCounter
leak-1001: MuteService.StartStepCounter
leak-1002: MuteService.StartStepCounter
leak-1003: MuteService.StartStepCounter
leak-1004: MuteService.StartStepCounter
leak-1005: MuteService.StartStepCounter
leak-1006: MuteService.StartStepCounter
leak-1007: MuteService.StartStepCounter
leak-1008: MuteService.StartStepCounter
leak-1009: MuteService.LocationUpdates
leak-1010: MuteService.LocationUpdates
leak-1011: MuteService.LocationUpdates
leak-1012: MuteService.LocationUpdates
leak-1013: MuteService.LocationUpdates
leak-1014: MuteService.LocationUpdates
leak-1015: MuteService.LocationUpdates
leak-1016: MuteService.LocationUpdates
leak-1017: MuteService.LocationUpdates
leak-1018: MuteService.startLocationWait
leak-1019: MuteService.startLocationWait
leak-1020: MuteService.startLocationWait
leak-1021: MuteService.startLocationWait
leak-1022: MuteService.checkLocationWait
leak-1023: MuteService.checkLocationWait
leak-1024: MuteService.checkLocationWait
leak-1025: MuteService.checkLocationWait
leak-1026: MuteService.checkLocationWait
leak-1027: MuteService.checkLocationWait
leak-1028: MuteService.checkOrientationWait
leak-1029: MuteService.checkOrientationWait
leak-1030: MuteService.checkOrientationWait
leak-1031: MuteService.checkOrientationWait
leak-1032: MuteService.checkOrientationWait
leak-1033: MuteService.checkOrientationWait
leak-1034: MuteService.checkOrientationWait
leak-1035: MuteService.checkOrientationWait
leak-1036: MuteService.checkOrientationWait
leak-1037: MuteService.checkOrientationWait
leak-1038: MuteService.checkConnectionWait
leak-1039: MuteService.checkConnectionWait
leak-1040: MuteService.checkConnectionWait
leak-1041: MuteService.checkConnectionWait
leak-1042: MuteService.checkConnectionWait
leak-1043: MuteService.checkConnectionWait
leak-1044: MuteService.checkConnectionWait
leak-1045: MuteService.checkConnectionWait
leak-1046: MuteService.checkConnectionWait
leak-1047: MuteService.checkConnectionWait
leak-1048: MuteService.setCurrentRinger
leak-1049: MuteService.setCurrentRinger
leak-1050: MuteService.setCurrentRinger
leak-1051: MuteService.setCurrentRinger
leak-1052: MuteService.setCurrentRinger
leak-1053: MuteService.setCurrentRinger
leak-1054: MuteService.setCurrentRinger
leak-1055: MuteService.setCurrentRinger
leak-1056: MuteService.setCurrentRinger
leak-1057: MuteService.setCurrentRinger
leak-1058: MuteService.setCurrentRinger
leak-1059: MuteService.updateState
leak-1060: MuteService.updateState
leak-1061: MuteService.updateState
leak-1062: MuteService.updateState
leak-1063: MuteService.updateState
leak-1064: MuteService.updateState
leak-1065: MuteService.updateState
leak-1066: MuteService.updateState
leak-1067: MuteService.updateState
leak-1068: MuteService.updateState
leak-1069: MuteService.updateState
leak-1070: MuteService.updateState
leak-1071: MuteService.updateState
leak-1072: MuteService.updateState
leak-1073: MuteService.updateState
leak-1074: MuteService.updateState
leak-1075: MuteService.updateState
leak-1076: MuteService.updateState
leak-1077: MuteService.updateState
leak-1078: MuteService.updateState
leak-1079: MuteService.updateState
leak-1080: MuteService.updateState
leak-1081: MuteService.updateState
leak-1082: MuteService.updateState
leak-1083: MuteService.updateState
leak-1084: MuteService.updateState
leak-1085: MuteService.updateState
leak-1086: MuteService.updateState
leak-1087: MuteService.updateState
leak-1088: MuteService.updateState
leak-1089: MuteService.updateState
leak-1090: MuteService.updateState
leak-1091: MuteService.updateState
leak-1092: MuteService.updateState
leak-1093: MuteService.updateState
leak-1094: MuteService.updateState
leak-1095: MuteService.updateState
leak-1096: MuteService.updateState
leak-1097: MuteService.updateState
leak-1098: MuteService.updateState
leak-1099: MuteService.updateState
leak-1100: MuteService.updateState
leak-1101: MuteService.updateState
leak-1102: MuteService.updateState
leak-1103: MuteService.updateState
leak-1104: MuteService.updateState
leak-1105: MuteService.updateState
leak-1106: MuteService.updateState
leak-1107: MuteService.updateState
leak-1108: MuteService.updateState
leak-1109: MuteService.updateState
leak-1110: MuteService.updateState
leak-1111: MuteService.updateState
leak-1112: MuteService.updateState
leak-1113: MuteService.updateState
leak-1114: MuteService.updateState
leak-1115: MuteService.updateState
leak-1116: MuteService.updateState
leak-1117: MuteService.updateState
leak-1118: MuteService.updateState
leak-1119: MuteService.updateState
leak-1120: MuteService.updateState
leak-1121: MuteService.updateState
leak-1122: MuteService.updateState
leak-1123: MuteService.updateState
leak-1124: MuteService.updateState
leak-1125: MuteService.updateState
leak-1126: MuteService.updateState
leak-1127: MuteService.updateState
leak-1128: MuteService.updateState
leak-1129: MuteService.updateState
leak-1130: MuteService.updateState
leak-1131: MuteService.updateState
leak-1132: MuteService.updateState
leak-1133: MuteService.updateState
leak-1134: MuteService.updateState
leak-1135: MuteService.updateState
leak-1136: MuteService.updateState
leak-1137: MuteService.updateState
leak-1138: MuteService.updateState
leak-1139: MuteService.updateState
leak-1140: MuteService.onHandleIntent
leak-1141: MuteService.onHandleIntent
leak-1142: MuteService.startIfNecessary
