/home/amit/muse/output/device-explorer/schemas/COMPLEXREACHABILITY/device-explorer
In file: ItemDetailActivity.java
Input operator: COMPLEXREACHABILITY
leak-0: ItemDetailActivity.onCreate
leak-1: ItemDetailActivity.onCreate
leak-2: ItemDetailActivity.onCreate
leak-3: ItemDetailActivity.onOptionsItemSelected
In file: ItemListActivity.java
Input operator: COMPLEXREACHABILITY
leak-4: ItemListActivity.weHavePermission
leak-5: ItemListActivity.requestForResultContactsPermission
leak-6: ItemListActivity.onRequestPermissionsResult
leak-7: ItemListActivity.onRequestPermissionsResult
leak-8: ItemListActivity.onRequestPermissionsResult
leak-9: 1.onClick
leak-10: ItemListActivity.requestPermissionFirst
leak-11: ItemListActivity.requestPermissionFirst
leak-12: 1.onClick
leak-13: ItemListActivity.requestPermissionFirst
leak-14: ItemListActivity.onCreate
leak-15: ItemListActivity.onCreate
leak-16: ItemListActivity.onCreate
leak-17: ItemListActivity.onCreate
leak-18: ItemListActivity.onCreate
leak-19: ItemListActivity.getCpuUsageImage
leak-20: ItemListActivity.getCpuUsageImage
leak-21: ItemListActivity.getCpuUsageImage
leak-22: ItemListActivity.getCpuUsageImage
leak-23: ItemListActivity.getCpuUsageImage
leak-24: ItemListActivity.getCpuUsageImage
leak-25: ItemListActivity.getCpuUsageImage
leak-26: ItemListActivity.getCpuUsageImage
leak-27: ItemListActivity.getCpuUsageImage
leak-28: ItemListActivity.getCpuUsageImage
leak-29: ItemListActivity.getCpuUsageImage
leak-30: ItemListActivity.startApp
leak-31: 1.run
leak-32: 1.run
leak-33: 1.run
leak-34: 1.run
leak-35: 1.run
leak-36: ItemListActivity.startApp
leak-37: ItemListActivity.onItemSelected
leak-38: ItemListActivity.onItemSelected
leak-39: ItemListActivity.onItemSelected
In file: RVAdapter.java
Input operator: COMPLEXREACHABILITY
leak-40: RVAdapter.RVAdapter
leak-41: RVAdapter.onCreateViewHolder
leak-42: RVAdapter.onBindViewHolder
leak-43: RVAdapter.getItemCount
leak-44: RVAdapter.onAttachedToRecyclerView
leak-45: PersonViewHolder.PersonViewHolder
In file: Content.java
Input operator: COMPLEXREACHABILITY
leak-46: Content.addItem
leak-47: ItemDetails.ItemDetails
leak-48: ItemDetails.ItemDetails
leak-49: ItemDetails.ItemDetails
leak-50: ItemDetails.ItemDetails
leak-51: ItemDetails.getName
leak-52: ItemDetails.getDetail
leak-53: Item.Item
leak-54: Item.getLabel
leak-55: Item.getDetailedItems
leak-56: Item.toString
leak-57: PIS.PIS
leak-58: Content.formatBitmask
leak-59: Content.formatBitmask
leak-60: Content.formatBitmask
leak-61: Content.formatBitmask
leak-62: Content.formatBitmask
leak-63: BuildItem.getDetailedItems
leak-64: BuildItem.getDetailedItems
leak-65: BuildItem.getDetailedItems
leak-66: BuildItem.BuildItem
leak-67: BuildItem.getContents
leak-68: RuntimeItem.RuntimeItem
leak-69: RuntimeItem.getDetailedItems
leak-70: RuntimeItem.getContents
leak-71: ConfigurationInfoItem.getDetailedItems
leak-72: ConfigurationInfoItem.ConfigurationInfoItem
leak-73: ConfigurationInfoItem.getContents
leak-74: ConfigItem.getDetailedItems
leak-75: ConfigItem.ConfigItem
leak-76: ConfigItem.getConfig
leak-77: ConfigItem.getContents
leak-78: OpenGLItem.OpenGLItem
leak-79: OpenGLItem.getDetailedItems
leak-80: OpenGLItem.getDetailedItems
leak-81: OpenGLItem.getContents
leak-82: OpenGLItem.getContents
leak-83: OpenGLItem.getContents
leak-84: FileInfo.getDetailedItems
leak-85: FileInfo.FileInfo
leak-86: FileInfo.getContents
leak-87: InputDeviceInfo.InputDeviceInfo
leak-88: InputDeviceInfo.getDetailedItems
leak-89: InputDeviceInfo.getDetailedItems
leak-90: InputDeviceInfo.getContents
leak-91: InputDeviceInfo.getContents
leak-92: SensorsItem.SensorsItem
leak-93: SensorsItem.getDetailedItems
leak-94: SensorsItem.getDetailedItems
leak-95: SensorsItem.getContents
leak-96: SensorsItem.getContents
leak-97: BatteryItem.BatteryItem
leak-98: BatteryItem.getDetailedItems
leak-99: BatteryItem.getDetailedItems
leak-100: BatteryItem.getDetailedItems
leak-101: BatteryItem.getDetailedItems
leak-102: BatteryItem.getDetailedItems
leak-103: BatteryItem.getDetailedItems
leak-104: BatteryItem.getDetailedItems
leak-105: BatteryItem.getDetailedItems
leak-106: BatteryItem.getDetailedItems
leak-107: BatteryItem.getDetailedItems
leak-108: BatteryItem.getDetailedItems
leak-109: BatteryItem.getContents
leak-110: Content.weHavePermission
leak-111: IdsItem.IdsItem
leak-112: IdsItem.getDetailedItems
leak-113: IdsItem.getDetailedItems
leak-114: IdsItem.getDetailedItems
leak-115: IdsItem.getDetailedItems
leak-116: IdsItem.getContents
leak-117: EncryptItem.EncryptItem
leak-118: EncryptItem.getDetailedItems
leak-119: EncryptItem.getContents
leak-120: RootItem.RootItem
leak-121: RootItem.getDetailedItems
leak-122: RootItem.getContents
leak-123: Content.suAvailable
leak-124: Content.suAvailable
leak-125: Content.suAvailable
leak-126: Content.checkFile
leak-127: Content.checkFile
leak-128: Content.checkFile
leak-129: Content.checkFile
leak-130: Content.checkFile
leak-131: Content.checkRoot
leak-132: Content.checkRoot
leak-133: Content.checkRoot
leak-134: Content.checkRoot
leak-135: Content.checkRoot
leak-136: Content.checkRoot
leak-137: Content.checkRoot
leak-138: Content.getSystemProperty
leak-139: Content.getSystemProperty
leak-140: Content.getSystemProperty
leak-141: CamerasItem.CamerasItem
leak-142: CamerasItem.getDetailedItems
leak-143: CamerasItem.getDetailedItems
leak-144: CamerasItem.getContents
leak-145: CamerasItem.getContents
leak-146: DisplayMetricsItem.DisplayMetricsItem
leak-147: DisplayMetricsItem.getDetailedItems
leak-148: DisplayMetricsItem.getContents
leak-149: StorageItem.StorageItem
leak-150: StorageItem.getDetailedItems
leak-151: StorageItem.getContents
leak-152: StorageItem.formatStorage
leak-153: Content.readFile
leak-154: Content.readFile
leak-155: Content.readFile
leak-156: Content.readFile
leak-157: Content.readFile
leak-158: Content.readFile
leak-159: Content.init
leak-160: Content.formatFileSize
In file: ProcessorManager.java
Input operator: COMPLEXREACHABILITY
leak-161: ProcessorManager.ProcessorManager
leak-162: ProcessorManager.ProcessorManager
leak-163: ProcessorManager.ProcessorManager
leak-164: ProcessorManager.getUsage
leak-165: ProcessorManager.getUsage
leak-166: ProcessorManager.getUsage
leak-167: ProcessorManager.getUsage
leak-168: ProcessorManager.getUsage
leak-169: ProcessorManager.getUsage
leak-170: ProcessorManager.destroy
leak-171: ProcessorManager.destroy
leak-172: ProcessorManager.destroy
leak-173: ProcessorManager.destroy
In file: RecyclerItemClickListener.java
Input operator: COMPLEXREACHABILITY
leak-174: RecyclerItemClickListener.RecyclerItemClickListener
leak-175: 1.onSingleTapUp
leak-176: RecyclerItemClickListener.onInterceptTouchEvent
leak-177: RecyclerItemClickListener.onInterceptTouchEvent
leak-178: RecyclerItemClickListener.onTouchEvent
leak-179: RecyclerItemClickListener.onRequestDisallowInterceptTouchEvent
In file: FrequencyManager.java
Input operator: COMPLEXREACHABILITY
leak-180: FrequencyManager.FrequencyManager
leak-181: FrequencyManager.FrequencyManager
leak-182: FrequencyManager.FrequencyManager
leak-183: FrequencyManager.getFrequency
leak-184: FrequencyManager.getFrequency
leak-185: FrequencyManager.getFrequency
leak-186: FrequencyManager.getFrequency
leak-187: FrequencyManager.destroy
leak-188: FrequencyManager.destroy
leak-189: FrequencyManager.destroy
leak-190: FrequencyManager.destroy
In file: Fragment_RVAdapter.java
Input operator: COMPLEXREACHABILITY
leak-191: Fragment_RVAdapter.Fragment_RVAdapter
leak-192: Fragment_RVAdapter.onBindViewHolder
leak-193: Fragment_RVAdapter.onCreateViewHolder
leak-194: Fragment_RVAdapter.getItemCount
leak-195: Fragment_RVAdapter.onAttachedToRecyclerView
leak-196: ContentViewHolder.ContentViewHolder
In file: ItemListFragment.java
Input operator: COMPLEXREACHABILITY
leak-197: 1.onItemSelected
leak-198: ItemListFragment.ItemListFragment
leak-199: ItemListFragment.onCreateView
leak-200: 1.onItemClick
leak-201: ItemListFragment.onViewCreated
leak-202: ItemListFragment.onViewCreated
leak-203: ItemListFragment.onAttach
leak-204: ItemListFragment.onAttach
leak-205: ItemListFragment.onDetach
leak-206: ItemListFragment.onListItemClick
leak-207: ItemListFragment.onSaveInstanceState
leak-208: ItemListFragment.onSaveInstanceState
In file: ItemDetailFragment.java
Input operator: COMPLEXREACHABILITY
leak-209: ItemDetailFragment.ItemDetailFragment
leak-210: ItemDetailFragment.onCreate
leak-211: ItemDetailFragment.onCreate
leak-212: ItemDetailFragment.onCreateView
