/home/amit/muse/output/kaltura/schemas/COMPLEXREACHABILITY/kaltura
In file: Collector.java
Input operator: COMPLEXREACHABILITY
leak-0: Collector.getReport
leak-1: Collector.getReport
leak-2: Collector.getReport
leak-3: Collector.getReport
leak-4: Collector.Collector
leak-5: Collector.collect
leak-6: Collector.collect
leak-7: Collector.collect
leak-8: Collector.trebleInfo
leak-9: Collector.cameraOldAPI
leak-10: Collector.cameraOldAPI
leak-11: Collector.cameraOldAPI
leak-12: Collector.cameraOldAPI
leak-13: Collector.camera2API
leak-14: Collector.camera2API
leak-15: Collector.camera2API
leak-16: Collector.camera2API
leak-17: Collector.camera2API
leak-18: Collector.tech2API
leak-19: Collector.tech2API
leak-20: Collector.tech2API
leak-21: Collector.tech2API
leak-22: Collector.tech2API
leak-23: Collector.selfMounts
leak-24: Collector.selfMounts
leak-25: Collector.selfMounts
leak-26: Collector.selfMounts
leak-27: Collector.selfMounts
leak-28: Collector.selfMounts
leak-29: Collector.selfMounts
leak-30: Collector.dumpsysL
leak-31: Collector.systemFL
leak-32: Collector.systemFL
leak-33: Collector.systemFL
leak-34: Collector.systemFL
leak-35: Collector.systemFL
leak-36: Collector.systemFL
leak-37: Collector.systemFL
leak-38: Collector.systemArch
leak-39: Collector.systemArch
leak-40: Collector.systemArch
leak-41: Collector.meta
leak-42: Collector.displayInfo
leak-43: Collector.displayInfo
leak-44: Collector.displayInfo
leak-45: Collector.displayInfo
leak-46: Collector.displayInfo
leak-47: Collector.drmInfo
leak-48: Collector.classicDrmInfo
leak-49: Collector.classicDrmInfo
leak-50: Collector.classicDrmInfo
leak-51: Collector.classicDrmInfo
leak-52: Collector.jsonArray
leak-53: Collector.jsonArray
leak-54: Collector.jsonArray
leak-55: Collector.mediaCodecInfo
leak-56: Collector.mediaCodecInfo
leak-57: Collector.mediaCodecInfo
leak-58: Collector.mediaCodecInfo
leak-59: Collector.mediaCodecInfo
leak-60: Collector.mediaCodecInfo
leak-61: Collector.mediaCodecInfo
leak-62: Collector.mediaCodecInfo
leak-63: Collector.mediaCodecInfo
leak-64: 1.compare
leak-65: Collector.modularDrmInfo
leak-66: Collector.modularDrmInfo
leak-67: Collector.modularDrmInfo
leak-68: Collector.widevineModularDrmInfo
leak-69: Collector.widevineModularDrmInfo
leak-70: Collector.widevineModularDrmInfo
leak-71: Collector.widevineModularDrmInfo
leak-72: 1.onEvent
leak-73: 1.onEvent
leak-74: 1.onEvent
leak-75: Collector.widevineModularDrmInfo
leak-76: Collector.widevineModularDrmInfo
leak-77: Collector.widevineModularDrmInfo
leak-78: Collector.widevineModularDrmInfo
leak-79: Collector.widevineModularDrmInfo
leak-80: Collector.widevineModularDrmInfo
leak-81: Collector.widevineModularDrmInfo
leak-82: Collector.widevineModularDrmInfo
leak-83: Collector.androidInfo
leak-84: Collector.androidInfo
leak-85: Collector.androidInfo
leak-86: Collector.systemInfo
leak-87: Collector.securityProviders
leak-88: Collector.securityProviders
leak-89: Collector.rootInfo
leak-90: Collector.rootInfo
leak-91: Collector.rootInfo
leak-92: Collector.getRequestNonce
leak-93: Collector.getZpack
leak-94: Collector.getZpack
leak-95: Collector.getZpack
leak-96: Collector.getZpack
leak-97: Collector.getCpu
leak-98: Collector.getCpu
leak-99: Collector.getCpu
leak-100: Collector.getCpu
In file: MainActivity.java
Input operator: COMPLEXREACHABILITY
leak-101: MainActivity.showReport
leak-102: MainActivity.onCreate
leak-103: 1.onClick
leak-104: MainActivity.onCreateOptionsMenu
leak-105: MainActivity.onOptionsItemSelected
leak-106: MainActivity.onOptionsItemSelected
leak-107: MainActivity.showActionsDialog
leak-108: 1.onClick
leak-109: MainActivity.showZinfo
leak-110: MainActivity.showZinfo
leak-111: MainActivity.showZinfo
leak-112: MainActivity.startProvision
leak-113: MainActivity.provisionFailed
leak-114: MainActivity.provisionSuccessful
leak-115: MainActivity.shareReport
leak-116: MainActivity.intentWithText
leak-117: CollectorTask.doInBackground
leak-118: CollectorTask.onPostExecute
leak-119: CollectorTask.onPostExecute
leak-120: CollectorTask.onPostExecute
leak-121: ProvisionTask.ProvisionTask
leak-122: ProvisionTask.doInBackground
leak-123: ProvisionTask.doInBackground
leak-124: ProvisionTask.doInBackground
leak-125: ProvisionTask.onPostExecute
leak-126: ProvisionTask.onPostExecute
leak-127: ProvisionTask.onPostExecute
leak-128: ProvisionTask.provisionWidevine
leak-129: ProvisionTask.provisionWidevine
leak-130: ProvisionTask.provisionWidevine
leak-131: MainActivity.showIDs
leak-132: MainActivity.displayIDs
leak-133: MainActivity.displayIDs
leak-134: MainActivity.displayIDs
In file: Utils.java
Input operator: COMPLEXREACHABILITY
leak-135: Utils.getProp
leak-136: Utils.getProp
leak-137: Utils.getProp
leak-138: Utils.semicolonJson
leak-139: Utils.semicolonJson
leak-140: Utils.semicolonSortedJson
leak-141: Utils.semicolonSortedJson
leak-142: Utils.semicolonSortedJson
leak-143: Utils.getZinfo
leak-144: Utils.getZinfo
leak-145: Utils.getZinfo
leak-146: Utils.getZinfo
