/home/amit/muse/output/afh_download/schemas/SINK/afh_download
In file: ApplicationTest.java
Input operator: SINK
leak-0-0: ApplicationTest.ApplicationTest
In file: AlarmReceiver.java
Input operator: SINK
leak-2-0: AlarmReceiver.onReceive
leak-1-0: AlarmReceiver.onReceive
leak-2-1: AlarmReceiver.buildPath
leak-1-1: AlarmReceiver.buildPath
In file: LogUtil.java
Input operator: SINK
In file: Download.java
Input operator: SINK
leak-24-0: Download.onStartCommand
leak-23-0: Download.onStartCommand
leak-21-0: Download.onStartCommand
leak-19-0: Download.onStartCommand
leak-17-0: Download.onStartCommand
leak-15-0: Download.onStartCommand
leak-13-0: Download.onStartCommand
leak-12-0: Download.onStartCommand
leak-11-0: Download.onStartCommand
leak-10-0: Download.onStartCommand
leak-9-0: Download.onStartCommand
leak-8-0: Download.onStartCommand
leak-6-0: Download.onStartCommand
leak-4-0: Download.onStartCommand
leak-3-0: Download.onStartCommand
leak-24-1: Download.onBind
leak-23-1: Download.onBind
leak-21-1: Download.onBind
leak-19-1: Download.onBind
leak-17-1: Download.onBind
leak-15-1: Download.onBind
leak-13-1: Download.onBind
leak-12-1: Download.onBind
leak-11-1: Download.onBind
leak-10-1: Download.onBind
leak-9-1: Download.onBind
leak-8-1: Download.onBind
leak-6-1: Download.onBind
leak-4-1: Download.onBind
leak-3-1: Download.onBind
leak-7-0: ParseURL.doInBackground
leak-5-0: ParseURL.doInBackground
leak-24-2: ParseURL.doInBackground
leak-23-2: ParseURL.doInBackground
leak-21-2: ParseURL.doInBackground
leak-19-2: ParseURL.doInBackground
leak-17-2: ParseURL.doInBackground
leak-15-2: ParseURL.doInBackground
leak-13-2: ParseURL.doInBackground
leak-12-2: ParseURL.doInBackground
leak-11-2: ParseURL.doInBackground
leak-10-2: ParseURL.doInBackground
leak-9-2: ParseURL.doInBackground
leak-8-2: ParseURL.doInBackground
leak-6-2: ParseURL.doInBackground
leak-4-2: ParseURL.doInBackground
leak-3-2: ParseURL.doInBackground
leak-7-1: ParseURL.onPostExecute
leak-5-1: ParseURL.onPostExecute
leak-24-3: ParseURL.onPostExecute
leak-23-3: ParseURL.onPostExecute
leak-21-3: ParseURL.onPostExecute
leak-19-3: ParseURL.onPostExecute
leak-17-3: ParseURL.onPostExecute
leak-15-3: ParseURL.onPostExecute
leak-13-3: ParseURL.onPostExecute
leak-12-3: ParseURL.onPostExecute
leak-11-3: ParseURL.onPostExecute
leak-10-3: ParseURL.onPostExecute
leak-9-3: ParseURL.onPostExecute
leak-8-3: ParseURL.onPostExecute
leak-6-3: ParseURL.onPostExecute
leak-4-3: ParseURL.onPostExecute
leak-3-3: ParseURL.onPostExecute
leak-24-4: Download.parseUrl
leak-23-4: Download.parseUrl
leak-21-4: Download.parseUrl
leak-19-4: Download.parseUrl
leak-17-4: Download.parseUrl
leak-15-4: Download.parseUrl
leak-13-4: Download.parseUrl
leak-12-4: Download.parseUrl
leak-11-4: Download.parseUrl
leak-10-4: Download.parseUrl
leak-9-4: Download.parseUrl
leak-8-4: Download.parseUrl
leak-6-4: Download.parseUrl
leak-4-4: Download.parseUrl
leak-3-4: Download.parseUrl
leak-24-5: Download.getFirstUrl
leak-23-5: Download.getFirstUrl
leak-21-5: Download.getFirstUrl
leak-19-5: Download.getFirstUrl
leak-17-5: Download.getFirstUrl
leak-15-5: Download.getFirstUrl
leak-13-5: Download.getFirstUrl
leak-12-5: Download.getFirstUrl
leak-11-5: Download.getFirstUrl
leak-10-5: Download.getFirstUrl
leak-9-5: Download.getFirstUrl
leak-8-5: Download.getFirstUrl
leak-6-5: Download.getFirstUrl
leak-4-5: Download.getFirstUrl
leak-3-5: Download.getFirstUrl
leak-24-6: Download.getBaseUrl
leak-23-6: Download.getBaseUrl
leak-21-6: Download.getBaseUrl
leak-19-6: Download.getBaseUrl
leak-17-6: Download.getBaseUrl
leak-15-6: Download.getBaseUrl
leak-13-6: Download.getBaseUrl
leak-12-6: Download.getBaseUrl
leak-11-6: Download.getBaseUrl
leak-10-6: Download.getBaseUrl
leak-9-6: Download.getBaseUrl
leak-8-6: Download.getBaseUrl
leak-6-6: Download.getBaseUrl
leak-4-6: Download.getBaseUrl
leak-3-6: Download.getBaseUrl
leak-24-7: Download.getMD5
leak-23-7: Download.getMD5
leak-21-7: Download.getMD5
leak-19-7: Download.getMD5
leak-17-7: Download.getMD5
leak-15-7: Download.getMD5
leak-13-7: Download.getMD5
leak-12-7: Download.getMD5
leak-11-7: Download.getMD5
leak-10-7: Download.getMD5
leak-9-7: Download.getMD5
leak-8-7: Download.getMD5
leak-6-7: Download.getMD5
leak-4-7: Download.getMD5
leak-3-7: Download.getMD5
leak-24-8: Download.getDLUrl
leak-23-8: Download.getDLUrl
leak-21-8: Download.getDLUrl
leak-19-8: Download.getDLUrl
leak-17-8: Download.getDLUrl
leak-15-8: Download.getDLUrl
leak-13-8: Download.getDLUrl
leak-12-8: Download.getDLUrl
leak-11-8: Download.getDLUrl
leak-10-8: Download.getDLUrl
leak-9-8: Download.getDLUrl
leak-8-8: Download.getDLUrl
leak-6-8: Download.getDLUrl
leak-4-8: Download.getDLUrl
leak-3-8: Download.getDLUrl
leak-14-0: dlMd5.doInBackground
leak-24-9: dlMd5.doInBackground
leak-23-9: dlMd5.doInBackground
leak-21-9: dlMd5.doInBackground
leak-19-9: dlMd5.doInBackground
leak-17-9: dlMd5.doInBackground
leak-15-9: dlMd5.doInBackground
leak-13-9: dlMd5.doInBackground
leak-12-9: dlMd5.doInBackground
leak-11-9: dlMd5.doInBackground
leak-10-9: dlMd5.doInBackground
leak-9-9: dlMd5.doInBackground
leak-8-9: dlMd5.doInBackground
leak-6-9: dlMd5.doInBackground
leak-4-9: dlMd5.doInBackground
leak-3-9: dlMd5.doInBackground
leak-18-0: downloadFirstThread.doInBackground
leak-16-0: downloadFirstThread.doInBackground
leak-24-10: downloadFirstThread.doInBackground
leak-23-10: downloadFirstThread.doInBackground
leak-21-10: downloadFirstThread.doInBackground
leak-19-10: downloadFirstThread.doInBackground
leak-17-10: downloadFirstThread.doInBackground
leak-15-10: downloadFirstThread.doInBackground
leak-13-10: downloadFirstThread.doInBackground
leak-12-10: downloadFirstThread.doInBackground
leak-11-10: downloadFirstThread.doInBackground
leak-10-10: downloadFirstThread.doInBackground
leak-9-10: downloadFirstThread.doInBackground
leak-8-10: downloadFirstThread.doInBackground
leak-6-10: downloadFirstThread.doInBackground
leak-4-10: downloadFirstThread.doInBackground
leak-3-10: downloadFirstThread.doInBackground
leak-18-1: downloadFirstThread.onPostExecute
leak-16-1: downloadFirstThread.onPostExecute
leak-24-11: downloadFirstThread.onPostExecute
leak-23-11: downloadFirstThread.onPostExecute
leak-21-11: downloadFirstThread.onPostExecute
leak-19-11: downloadFirstThread.onPostExecute
leak-17-11: downloadFirstThread.onPostExecute
leak-15-11: downloadFirstThread.onPostExecute
leak-13-11: downloadFirstThread.onPostExecute
leak-12-11: downloadFirstThread.onPostExecute
leak-11-11: downloadFirstThread.onPostExecute
leak-10-11: downloadFirstThread.onPostExecute
leak-9-11: downloadFirstThread.onPostExecute
leak-8-11: downloadFirstThread.onPostExecute
leak-6-11: downloadFirstThread.onPostExecute
leak-4-11: downloadFirstThread.onPostExecute
leak-3-11: downloadFirstThread.onPostExecute
leak-22-0: ParseURLDownload.doInBackground
leak-20-0: ParseURLDownload.doInBackground
leak-24-12: ParseURLDownload.doInBackground
leak-23-12: ParseURLDownload.doInBackground
leak-21-12: ParseURLDownload.doInBackground
leak-19-12: ParseURLDownload.doInBackground
leak-17-12: ParseURLDownload.doInBackground
leak-15-12: ParseURLDownload.doInBackground
leak-13-12: ParseURLDownload.doInBackground
leak-12-12: ParseURLDownload.doInBackground
leak-11-12: ParseURLDownload.doInBackground
leak-10-12: ParseURLDownload.doInBackground
leak-9-12: ParseURLDownload.doInBackground
leak-8-12: ParseURLDownload.doInBackground
leak-6-12: ParseURLDownload.doInBackground
leak-4-12: ParseURLDownload.doInBackground
leak-3-12: ParseURLDownload.doInBackground
leak-22-1: ParseURLDownload.onPostExecute
leak-20-1: ParseURLDownload.onPostExecute
leak-24-13: ParseURLDownload.onPostExecute
leak-23-13: ParseURLDownload.onPostExecute
leak-21-13: ParseURLDownload.onPostExecute
leak-19-13: ParseURLDownload.onPostExecute
leak-17-13: ParseURLDownload.onPostExecute
leak-15-13: ParseURLDownload.onPostExecute
leak-13-13: ParseURLDownload.onPostExecute
leak-12-13: ParseURLDownload.onPostExecute
leak-11-13: ParseURLDownload.onPostExecute
leak-10-13: ParseURLDownload.onPostExecute
leak-9-13: ParseURLDownload.onPostExecute
leak-8-13: ParseURLDownload.onPostExecute
leak-6-13: ParseURLDownload.onPostExecute
leak-4-13: ParseURLDownload.onPostExecute
leak-3-13: ParseURLDownload.onPostExecute
leak-24-14: Download.download
leak-23-14: Download.download
leak-21-14: Download.download
leak-19-14: Download.download
leak-17-14: Download.download
leak-15-14: Download.download
leak-13-14: Download.download
leak-12-14: Download.download
leak-11-14: Download.download
leak-10-14: Download.download
leak-9-14: Download.download
leak-8-14: Download.download
leak-6-14: Download.download
leak-4-14: Download.download
leak-3-14: Download.download
In file: DirectoryPicker.java
Input operator: SINK
leak-31-0: DirectoryPicker.onCreate
leak-30-0: DirectoryPicker.onCreate
leak-29-0: DirectoryPicker.onCreate
leak-28-0: DirectoryPicker.onCreate
leak-25-0: DirectoryPicker.onCreate
leak-26-0: 1.onClick
leak-33-0: 1.onClick
leak-27-0: 1.onItemClick
leak-34-0: 1.onItemClick
leak-31-1: DirectoryPicker.onActivityResult
leak-30-1: DirectoryPicker.onActivityResult
leak-29-1: DirectoryPicker.onActivityResult
leak-28-1: DirectoryPicker.onActivityResult
leak-25-1: DirectoryPicker.onActivityResult
leak-31-2: DirectoryPicker.returnDir
leak-30-2: DirectoryPicker.returnDir
leak-29-2: DirectoryPicker.returnDir
leak-28-2: DirectoryPicker.returnDir
leak-25-2: DirectoryPicker.returnDir
leak-31-3: DirectoryPicker.filter
leak-30-3: DirectoryPicker.filter
leak-29-3: DirectoryPicker.filter
leak-28-3: DirectoryPicker.filter
leak-25-3: DirectoryPicker.filter
leak-31-4: DirectoryPicker.names
leak-30-4: DirectoryPicker.names
leak-29-4: DirectoryPicker.names
leak-28-4: DirectoryPicker.names
leak-25-4: DirectoryPicker.names
In file: PrefsFragment.java
Input operator: SINK
leak-34-0: PrefsFragment.onCreate
leak-35-0: 1.onPreferenceClick
leak-37-0: 1.onPreferenceClick
In file: SetPreferenceActivity.java
Input operator: SINK
leak-37-0: SetPreferenceActivity.onCreate
In file: MainActivity.java
Input operator: SINK
leak-65-0: MainActivity.onCreate
leak-64-0: MainActivity.onCreate
leak-63-0: MainActivity.onCreate
leak-60-0: MainActivity.onCreate
leak-55-0: MainActivity.onCreate
leak-54-0: MainActivity.onCreate
leak-53-0: MainActivity.onCreate
leak-52-0: MainActivity.onCreate
leak-51-0: MainActivity.onCreate
leak-50-0: MainActivity.onCreate
leak-49-0: MainActivity.onCreate
leak-47-0: MainActivity.onCreate
leak-46-0: MainActivity.onCreate
leak-45-0: MainActivity.onCreate
leak-44-0: MainActivity.onCreate
leak-43-0: MainActivity.onCreate
leak-42-0: MainActivity.onCreate
leak-41-0: MainActivity.onCreate
leak-40-0: MainActivity.onCreate
leak-39-0: MainActivity.onCreate
leak-38-0: MainActivity.onCreate
leak-65-1: MainActivity.onActivityResult
leak-64-1: MainActivity.onActivityResult
leak-63-1: MainActivity.onActivityResult
leak-60-1: MainActivity.onActivityResult
leak-55-1: MainActivity.onActivityResult
leak-54-1: MainActivity.onActivityResult
leak-53-1: MainActivity.onActivityResult
leak-52-1: MainActivity.onActivityResult
leak-51-1: MainActivity.onActivityResult
leak-50-1: MainActivity.onActivityResult
leak-49-1: MainActivity.onActivityResult
leak-47-1: MainActivity.onActivityResult
leak-46-1: MainActivity.onActivityResult
leak-45-1: MainActivity.onActivityResult
leak-44-1: MainActivity.onActivityResult
leak-43-1: MainActivity.onActivityResult
leak-42-1: MainActivity.onActivityResult
leak-41-1: MainActivity.onActivityResult
leak-40-1: MainActivity.onActivityResult
leak-39-1: MainActivity.onActivityResult
leak-38-1: MainActivity.onActivityResult
leak-65-2: MainActivity.setAlarm
leak-64-2: MainActivity.setAlarm
leak-63-2: MainActivity.setAlarm
leak-60-2: MainActivity.setAlarm
leak-55-2: MainActivity.setAlarm
leak-54-2: MainActivity.setAlarm
leak-53-2: MainActivity.setAlarm
leak-52-2: MainActivity.setAlarm
leak-51-2: MainActivity.setAlarm
leak-50-2: MainActivity.setAlarm
leak-49-2: MainActivity.setAlarm
leak-47-2: MainActivity.setAlarm
leak-46-2: MainActivity.setAlarm
leak-45-2: MainActivity.setAlarm
leak-44-2: MainActivity.setAlarm
leak-43-2: MainActivity.setAlarm
leak-42-2: MainActivity.setAlarm
leak-41-2: MainActivity.setAlarm
leak-40-2: MainActivity.setAlarm
leak-39-2: MainActivity.setAlarm
leak-38-2: MainActivity.setAlarm
leak-65-3: MainActivity.getPref
leak-64-3: MainActivity.getPref
leak-63-3: MainActivity.getPref
leak-60-3: MainActivity.getPref
leak-55-3: MainActivity.getPref
leak-54-3: MainActivity.getPref
leak-53-3: MainActivity.getPref
leak-52-3: MainActivity.getPref
leak-51-3: MainActivity.getPref
leak-50-3: MainActivity.getPref
leak-49-3: MainActivity.getPref
leak-47-3: MainActivity.getPref
leak-46-3: MainActivity.getPref
leak-45-3: MainActivity.getPref
leak-44-3: MainActivity.getPref
leak-43-3: MainActivity.getPref
leak-42-3: MainActivity.getPref
leak-41-3: MainActivity.getPref
leak-40-3: MainActivity.getPref
leak-39-3: MainActivity.getPref
leak-38-3: MainActivity.getPref
leak-65-4: MainActivity.setRecurringAlarm
leak-64-4: MainActivity.setRecurringAlarm
leak-63-4: MainActivity.setRecurringAlarm
leak-60-4: MainActivity.setRecurringAlarm
leak-55-4: MainActivity.setRecurringAlarm
leak-54-4: MainActivity.setRecurringAlarm
leak-53-4: MainActivity.setRecurringAlarm
leak-52-4: MainActivity.setRecurringAlarm
leak-51-4: MainActivity.setRecurringAlarm
leak-50-4: MainActivity.setRecurringAlarm
leak-49-4: MainActivity.setRecurringAlarm
leak-47-4: MainActivity.setRecurringAlarm
leak-46-4: MainActivity.setRecurringAlarm
leak-45-4: MainActivity.setRecurringAlarm
leak-44-4: MainActivity.setRecurringAlarm
leak-43-4: MainActivity.setRecurringAlarm
leak-42-4: MainActivity.setRecurringAlarm
leak-41-4: MainActivity.setRecurringAlarm
leak-40-4: MainActivity.setRecurringAlarm
leak-39-4: MainActivity.setRecurringAlarm
leak-38-4: MainActivity.setRecurringAlarm
leak-65-5: MainActivity.CancelAlarm
leak-64-5: MainActivity.CancelAlarm
leak-63-5: MainActivity.CancelAlarm
leak-60-5: MainActivity.CancelAlarm
leak-55-5: MainActivity.CancelAlarm
leak-54-5: MainActivity.CancelAlarm
leak-53-5: MainActivity.CancelAlarm
leak-52-5: MainActivity.CancelAlarm
leak-51-5: MainActivity.CancelAlarm
leak-50-5: MainActivity.CancelAlarm
leak-49-5: MainActivity.CancelAlarm
leak-47-5: MainActivity.CancelAlarm
leak-46-5: MainActivity.CancelAlarm
leak-45-5: MainActivity.CancelAlarm
leak-44-5: MainActivity.CancelAlarm
leak-43-5: MainActivity.CancelAlarm
leak-42-5: MainActivity.CancelAlarm
leak-41-5: MainActivity.CancelAlarm
leak-40-5: MainActivity.CancelAlarm
leak-39-5: MainActivity.CancelAlarm
leak-38-5: MainActivity.CancelAlarm
leak-65-6: MainActivity.run
leak-64-6: MainActivity.run
leak-63-6: MainActivity.run
leak-60-6: MainActivity.run
leak-55-6: MainActivity.run
leak-54-6: MainActivity.run
leak-53-6: MainActivity.run
leak-52-6: MainActivity.run
leak-51-6: MainActivity.run
leak-50-6: MainActivity.run
leak-49-6: MainActivity.run
leak-47-6: MainActivity.run
leak-46-6: MainActivity.run
leak-45-6: MainActivity.run
leak-44-6: MainActivity.run
leak-43-6: MainActivity.run
leak-42-6: MainActivity.run
leak-41-6: MainActivity.run
leak-40-6: MainActivity.run
leak-39-6: MainActivity.run
leak-38-6: MainActivity.run
leak-65-7: MainActivity.buildPath
leak-64-7: MainActivity.buildPath
leak-63-7: MainActivity.buildPath
leak-60-7: MainActivity.buildPath
leak-55-7: MainActivity.buildPath
leak-54-7: MainActivity.buildPath
leak-53-7: MainActivity.buildPath
leak-52-7: MainActivity.buildPath
leak-51-7: MainActivity.buildPath
leak-50-7: MainActivity.buildPath
leak-49-7: MainActivity.buildPath
leak-47-7: MainActivity.buildPath
leak-46-7: MainActivity.buildPath
leak-45-7: MainActivity.buildPath
leak-44-7: MainActivity.buildPath
leak-43-7: MainActivity.buildPath
leak-42-7: MainActivity.buildPath
leak-41-7: MainActivity.buildPath
leak-40-7: MainActivity.buildPath
leak-39-7: MainActivity.buildPath
leak-38-7: MainActivity.buildPath
leak-65-8: MainActivity.onCreateOptionsMenu
leak-64-8: MainActivity.onCreateOptionsMenu
leak-63-8: MainActivity.onCreateOptionsMenu
leak-60-8: MainActivity.onCreateOptionsMenu
leak-55-8: MainActivity.onCreateOptionsMenu
leak-54-8: MainActivity.onCreateOptionsMenu
leak-53-8: MainActivity.onCreateOptionsMenu
leak-52-8: MainActivity.onCreateOptionsMenu
leak-51-8: MainActivity.onCreateOptionsMenu
leak-50-8: MainActivity.onCreateOptionsMenu
leak-49-8: MainActivity.onCreateOptionsMenu
leak-47-8: MainActivity.onCreateOptionsMenu
leak-46-8: MainActivity.onCreateOptionsMenu
leak-45-8: MainActivity.onCreateOptionsMenu
leak-44-8: MainActivity.onCreateOptionsMenu
leak-43-8: MainActivity.onCreateOptionsMenu
leak-42-8: MainActivity.onCreateOptionsMenu
leak-41-8: MainActivity.onCreateOptionsMenu
leak-40-8: MainActivity.onCreateOptionsMenu
leak-39-8: MainActivity.onCreateOptionsMenu
leak-38-8: MainActivity.onCreateOptionsMenu
leak-65-9: MainActivity.onOptionsItemSelected
leak-64-9: MainActivity.onOptionsItemSelected
leak-63-9: MainActivity.onOptionsItemSelected
leak-60-9: MainActivity.onOptionsItemSelected
leak-55-9: MainActivity.onOptionsItemSelected
leak-54-9: MainActivity.onOptionsItemSelected
leak-53-9: MainActivity.onOptionsItemSelected
leak-52-9: MainActivity.onOptionsItemSelected
leak-51-9: MainActivity.onOptionsItemSelected
leak-50-9: MainActivity.onOptionsItemSelected
leak-49-9: MainActivity.onOptionsItemSelected
leak-47-9: MainActivity.onOptionsItemSelected
leak-46-9: MainActivity.onOptionsItemSelected
leak-45-9: MainActivity.onOptionsItemSelected
leak-44-9: MainActivity.onOptionsItemSelected
leak-43-9: MainActivity.onOptionsItemSelected
leak-42-9: MainActivity.onOptionsItemSelected
leak-41-9: MainActivity.onOptionsItemSelected
leak-40-9: MainActivity.onOptionsItemSelected
leak-39-9: MainActivity.onOptionsItemSelected
leak-38-9: MainActivity.onOptionsItemSelected
leak-48-0: 1.getCommandsToExecute
leak-67-0: 1.getCommandsToExecute
leak-65-10: MainActivity.onRequestPermissionsResult
leak-64-10: MainActivity.onRequestPermissionsResult
leak-63-10: MainActivity.onRequestPermissionsResult
leak-60-10: MainActivity.onRequestPermissionsResult
leak-55-10: MainActivity.onRequestPermissionsResult
leak-54-10: MainActivity.onRequestPermissionsResult
leak-53-10: MainActivity.onRequestPermissionsResult
leak-52-10: MainActivity.onRequestPermissionsResult
leak-51-10: MainActivity.onRequestPermissionsResult
leak-50-10: MainActivity.onRequestPermissionsResult
leak-49-10: MainActivity.onRequestPermissionsResult
leak-47-10: MainActivity.onRequestPermissionsResult
leak-46-10: MainActivity.onRequestPermissionsResult
leak-45-10: MainActivity.onRequestPermissionsResult
leak-44-10: MainActivity.onRequestPermissionsResult
leak-43-10: MainActivity.onRequestPermissionsResult
leak-42-10: MainActivity.onRequestPermissionsResult
leak-41-10: MainActivity.onRequestPermissionsResult
leak-40-10: MainActivity.onRequestPermissionsResult
leak-39-10: MainActivity.onRequestPermissionsResult
leak-38-10: MainActivity.onRequestPermissionsResult
leak-65-11: MainActivity.onPermissionsGranted
leak-64-11: MainActivity.onPermissionsGranted
leak-63-11: MainActivity.onPermissionsGranted
leak-60-11: MainActivity.onPermissionsGranted
leak-55-11: MainActivity.onPermissionsGranted
leak-54-11: MainActivity.onPermissionsGranted
leak-53-11: MainActivity.onPermissionsGranted
leak-52-11: MainActivity.onPermissionsGranted
leak-51-11: MainActivity.onPermissionsGranted
leak-50-11: MainActivity.onPermissionsGranted
leak-49-11: MainActivity.onPermissionsGranted
leak-47-11: MainActivity.onPermissionsGranted
leak-46-11: MainActivity.onPermissionsGranted
leak-45-11: MainActivity.onPermissionsGranted
leak-44-11: MainActivity.onPermissionsGranted
leak-43-11: MainActivity.onPermissionsGranted
leak-42-11: MainActivity.onPermissionsGranted
leak-41-11: MainActivity.onPermissionsGranted
leak-40-11: MainActivity.onPermissionsGranted
leak-39-11: MainActivity.onPermissionsGranted
leak-38-11: MainActivity.onPermissionsGranted
leak-65-12: MainActivity.onPermissionsDenied
leak-64-12: MainActivity.onPermissionsDenied
leak-63-12: MainActivity.onPermissionsDenied
leak-60-12: MainActivity.onPermissionsDenied
leak-55-12: MainActivity.onPermissionsDenied
leak-54-12: MainActivity.onPermissionsDenied
leak-53-12: MainActivity.onPermissionsDenied
leak-52-12: MainActivity.onPermissionsDenied
leak-51-12: MainActivity.onPermissionsDenied
leak-50-12: MainActivity.onPermissionsDenied
leak-49-12: MainActivity.onPermissionsDenied
leak-47-12: MainActivity.onPermissionsDenied
leak-46-12: MainActivity.onPermissionsDenied
leak-45-12: MainActivity.onPermissionsDenied
leak-44-12: MainActivity.onPermissionsDenied
leak-43-12: MainActivity.onPermissionsDenied
leak-42-12: MainActivity.onPermissionsDenied
leak-41-12: MainActivity.onPermissionsDenied
leak-40-12: MainActivity.onPermissionsDenied
leak-39-12: MainActivity.onPermissionsDenied
leak-38-12: MainActivity.onPermissionsDenied
leak-65-13: MainActivity.getBaseUrl
leak-64-13: MainActivity.getBaseUrl
leak-63-13: MainActivity.getBaseUrl
leak-60-13: MainActivity.getBaseUrl
leak-55-13: MainActivity.getBaseUrl
leak-54-13: MainActivity.getBaseUrl
leak-53-13: MainActivity.getBaseUrl
leak-52-13: MainActivity.getBaseUrl
leak-51-13: MainActivity.getBaseUrl
leak-50-13: MainActivity.getBaseUrl
leak-49-13: MainActivity.getBaseUrl
leak-47-13: MainActivity.getBaseUrl
leak-46-13: MainActivity.getBaseUrl
leak-45-13: MainActivity.getBaseUrl
leak-44-13: MainActivity.getBaseUrl
leak-43-13: MainActivity.getBaseUrl
leak-42-13: MainActivity.getBaseUrl
leak-41-13: MainActivity.getBaseUrl
leak-40-13: MainActivity.getBaseUrl
leak-39-13: MainActivity.getBaseUrl
leak-38-13: MainActivity.getBaseUrl
leak-65-14: MainActivity.readFile
leak-64-14: MainActivity.readFile
leak-63-14: MainActivity.readFile
leak-60-14: MainActivity.readFile
leak-55-14: MainActivity.readFile
leak-54-14: MainActivity.readFile
leak-53-14: MainActivity.readFile
leak-52-14: MainActivity.readFile
leak-51-14: MainActivity.readFile
leak-50-14: MainActivity.readFile
leak-49-14: MainActivity.readFile
leak-47-14: MainActivity.readFile
leak-46-14: MainActivity.readFile
leak-45-14: MainActivity.readFile
leak-44-14: MainActivity.readFile
leak-43-14: MainActivity.readFile
leak-42-14: MainActivity.readFile
leak-41-14: MainActivity.readFile
leak-40-14: MainActivity.readFile
leak-39-14: MainActivity.readFile
leak-38-14: MainActivity.readFile
leak-65-15: MainActivity.writeFile
leak-64-15: MainActivity.writeFile
leak-63-15: MainActivity.writeFile
leak-60-15: MainActivity.writeFile
leak-55-15: MainActivity.writeFile
leak-54-15: MainActivity.writeFile
leak-53-15: MainActivity.writeFile
leak-52-15: MainActivity.writeFile
leak-51-15: MainActivity.writeFile
leak-50-15: MainActivity.writeFile
leak-49-15: MainActivity.writeFile
leak-47-15: MainActivity.writeFile
leak-46-15: MainActivity.writeFile
leak-45-15: MainActivity.writeFile
leak-44-15: MainActivity.writeFile
leak-43-15: MainActivity.writeFile
leak-42-15: MainActivity.writeFile
leak-41-15: MainActivity.writeFile
leak-40-15: MainActivity.writeFile
leak-39-15: MainActivity.writeFile
leak-38-15: MainActivity.writeFile
leak-65-16: MainActivity.setList
leak-64-16: MainActivity.setList
leak-63-16: MainActivity.setList
leak-60-16: MainActivity.setList
leak-55-16: MainActivity.setList
leak-54-16: MainActivity.setList
leak-53-16: MainActivity.setList
leak-52-16: MainActivity.setList
leak-51-16: MainActivity.setList
leak-50-16: MainActivity.setList
leak-49-16: MainActivity.setList
leak-47-16: MainActivity.setList
leak-46-16: MainActivity.setList
leak-45-16: MainActivity.setList
leak-44-16: MainActivity.setList
leak-43-16: MainActivity.setList
leak-42-16: MainActivity.setList
leak-41-16: MainActivity.setList
leak-40-16: MainActivity.setList
leak-39-16: MainActivity.setList
leak-38-16: MainActivity.setList
leak-57-0: 1.canDismiss
leak-56-0: 1.canDismiss
leak-68-0: 1.canDismiss
leak-57-1: 1.onDismiss
leak-56-1: 1.onDismiss
leak-69-0: 1.onDismiss
leak-58-0: 1.onClick
leak-70-0: 1.onClick
leak-71-0: 1.onClick
leak-59-0: 1.onItemClick
leak-72-0: 1.onItemClick
leak-65-17: MainActivity.message_dialog_yes_no
leak-64-17: MainActivity.message_dialog_yes_no
leak-63-17: MainActivity.message_dialog_yes_no
leak-60-17: MainActivity.message_dialog_yes_no
leak-55-17: MainActivity.message_dialog_yes_no
leak-54-17: MainActivity.message_dialog_yes_no
leak-53-17: MainActivity.message_dialog_yes_no
leak-52-17: MainActivity.message_dialog_yes_no
leak-51-17: MainActivity.message_dialog_yes_no
leak-50-17: MainActivity.message_dialog_yes_no
leak-49-17: MainActivity.message_dialog_yes_no
leak-47-17: MainActivity.message_dialog_yes_no
leak-46-17: MainActivity.message_dialog_yes_no
leak-45-17: MainActivity.message_dialog_yes_no
leak-44-17: MainActivity.message_dialog_yes_no
leak-43-17: MainActivity.message_dialog_yes_no
leak-42-17: MainActivity.message_dialog_yes_no
leak-41-17: MainActivity.message_dialog_yes_no
leak-40-17: MainActivity.message_dialog_yes_no
leak-39-17: MainActivity.message_dialog_yes_no
leak-38-17: MainActivity.message_dialog_yes_no
leak-61-0: 1.onClick
leak-73-0: 1.onClick
leak-62-0: ExecuteAsRootBase.execute
leak-65-18: ExecuteAsRootBase.execute
leak-64-18: ExecuteAsRootBase.execute
leak-63-18: ExecuteAsRootBase.execute
leak-60-18: ExecuteAsRootBase.execute
leak-55-18: ExecuteAsRootBase.execute
leak-54-18: ExecuteAsRootBase.execute
leak-53-18: ExecuteAsRootBase.execute
leak-52-18: ExecuteAsRootBase.execute
leak-51-18: ExecuteAsRootBase.execute
leak-50-18: ExecuteAsRootBase.execute
leak-49-18: ExecuteAsRootBase.execute
leak-47-18: ExecuteAsRootBase.execute
leak-46-18: ExecuteAsRootBase.execute
leak-45-18: ExecuteAsRootBase.execute
leak-44-18: ExecuteAsRootBase.execute
leak-43-18: ExecuteAsRootBase.execute
leak-42-18: ExecuteAsRootBase.execute
leak-41-18: ExecuteAsRootBase.execute
leak-40-18: ExecuteAsRootBase.execute
leak-39-18: ExecuteAsRootBase.execute
leak-38-18: ExecuteAsRootBase.execute
leak-65-19: MainActivity.onResume
leak-64-19: MainActivity.onResume
leak-63-19: MainActivity.onResume
leak-60-19: MainActivity.onResume
leak-55-19: MainActivity.onResume
leak-54-19: MainActivity.onResume
leak-53-19: MainActivity.onResume
leak-52-19: MainActivity.onResume
leak-51-19: MainActivity.onResume
leak-50-19: MainActivity.onResume
leak-49-19: MainActivity.onResume
leak-47-19: MainActivity.onResume
leak-46-19: MainActivity.onResume
leak-45-19: MainActivity.onResume
leak-44-19: MainActivity.onResume
leak-43-19: MainActivity.onResume
leak-42-19: MainActivity.onResume
leak-41-19: MainActivity.onResume
leak-40-19: MainActivity.onResume
leak-39-19: MainActivity.onResume
leak-38-19: MainActivity.onResume
leak-65-20: MainActivity.onPause
leak-64-20: MainActivity.onPause
leak-63-20: MainActivity.onPause
leak-60-20: MainActivity.onPause
leak-55-20: MainActivity.onPause
leak-54-20: MainActivity.onPause
leak-53-20: MainActivity.onPause
leak-52-20: MainActivity.onPause
leak-51-20: MainActivity.onPause
leak-50-20: MainActivity.onPause
leak-49-20: MainActivity.onPause
leak-47-20: MainActivity.onPause
leak-46-20: MainActivity.onPause
leak-45-20: MainActivity.onPause
leak-44-20: MainActivity.onPause
leak-43-20: MainActivity.onPause
leak-42-20: MainActivity.onPause
leak-41-20: MainActivity.onPause
leak-40-20: MainActivity.onPause
leak-39-20: MainActivity.onPause
leak-38-20: MainActivity.onPause
In file: BootReceiver.java
Input operator: SINK
leak-74-0: BootReceiver.onReceive
leak-73-0: BootReceiver.onReceive
leak-74-1: BootReceiver.setRecurringAlarm
leak-73-1: BootReceiver.setRecurringAlarm
In file: MainActivityFragment.java
Input operator: SINK
leak-76-0: MainActivityFragment.MainActivityFragment
leak-75-0: MainActivityFragment.MainActivityFragment
leak-76-1: MainActivityFragment.onCreateView
leak-75-1: MainActivityFragment.onCreateView
In file: SwipeDismissTouchListener.java
Input operator: SINK
leak-80-0: SwipeDismissTouchListener.SwipeDismissTouchListener
leak-78-0: SwipeDismissTouchListener.SwipeDismissTouchListener
leak-77-0: SwipeDismissTouchListener.SwipeDismissTouchListener
leak-80-1: SwipeDismissTouchListener.onTouch
leak-78-1: SwipeDismissTouchListener.onTouch
leak-77-1: SwipeDismissTouchListener.onTouch
leak-79-0: 1.onAnimationEnd
leak-84-0: 1.onAnimationEnd
leak-80-2: SwipeDismissTouchListener.performDismiss
leak-78-2: SwipeDismissTouchListener.performDismiss
leak-77-2: SwipeDismissTouchListener.performDismiss
leak-81-0: 1.onAnimationEnd
leak-85-0: 1.onAnimationEnd
leak-82-0: 1.onAnimationUpdate
leak-86-0: 1.onAnimationUpdate
In file: AfterPermissionGranted.java
Input operator: SINK
In file: EasyPermissions.java
Input operator: SINK
leak-86-0: 1.onClick
leak-87-0: 1.onClick
In file: MD5.java
Input operator: SINK
In file: SwipeDismissListViewTouchListener.java
Input operator: SINK
leak-99-0: SwipeDismissListViewTouchListener.SwipeDismissListViewTouchListener
leak-98-0: SwipeDismissListViewTouchListener.SwipeDismissListViewTouchListener
leak-96-0: SwipeDismissListViewTouchListener.SwipeDismissListViewTouchListener
leak-93-0: SwipeDismissListViewTouchListener.SwipeDismissListViewTouchListener
leak-90-0: SwipeDismissListViewTouchListener.SwipeDismissListViewTouchListener
leak-89-0: SwipeDismissListViewTouchListener.SwipeDismissListViewTouchListener
leak-88-0: SwipeDismissListViewTouchListener.SwipeDismissListViewTouchListener
leak-99-1: SwipeDismissListViewTouchListener.setEnabled
leak-98-1: SwipeDismissListViewTouchListener.setEnabled
leak-96-1: SwipeDismissListViewTouchListener.setEnabled
leak-93-1: SwipeDismissListViewTouchListener.setEnabled
leak-90-1: SwipeDismissListViewTouchListener.setEnabled
leak-89-1: SwipeDismissListViewTouchListener.setEnabled
leak-88-1: SwipeDismissListViewTouchListener.setEnabled
leak-99-2: SwipeDismissListViewTouchListener.makeScrollListener
leak-98-2: SwipeDismissListViewTouchListener.makeScrollListener
leak-96-2: SwipeDismissListViewTouchListener.makeScrollListener
leak-93-2: SwipeDismissListViewTouchListener.makeScrollListener
leak-90-2: SwipeDismissListViewTouchListener.makeScrollListener
leak-89-2: SwipeDismissListViewTouchListener.makeScrollListener
leak-88-2: SwipeDismissListViewTouchListener.makeScrollListener
leak-92-0: 1.onScrollStateChanged
leak-91-0: 1.onScrollStateChanged
leak-103-0: 1.onScrollStateChanged
leak-92-1: 1.onScroll
leak-91-1: 1.onScroll
leak-104-0: 1.onScroll
leak-99-3: SwipeDismissListViewTouchListener.onTouch
leak-98-3: SwipeDismissListViewTouchListener.onTouch
leak-96-3: SwipeDismissListViewTouchListener.onTouch
leak-93-3: SwipeDismissListViewTouchListener.onTouch
leak-90-3: SwipeDismissListViewTouchListener.onTouch
leak-89-3: SwipeDismissListViewTouchListener.onTouch
leak-88-3: SwipeDismissListViewTouchListener.onTouch
leak-94-0: 1.onAnimationEnd
leak-105-0: 1.onAnimationEnd
leak-97-0: PendingDismissData.PendingDismissData
leak-95-0: PendingDismissData.PendingDismissData
leak-99-4: PendingDismissData.PendingDismissData
leak-98-4: PendingDismissData.PendingDismissData
leak-96-4: PendingDismissData.PendingDismissData
leak-93-4: PendingDismissData.PendingDismissData
leak-90-4: PendingDismissData.PendingDismissData
leak-89-4: PendingDismissData.PendingDismissData
leak-88-4: PendingDismissData.PendingDismissData
leak-97-1: PendingDismissData.compareTo
leak-95-1: PendingDismissData.compareTo
leak-99-5: PendingDismissData.compareTo
leak-98-5: PendingDismissData.compareTo
leak-96-5: PendingDismissData.compareTo
leak-93-5: PendingDismissData.compareTo
leak-90-5: PendingDismissData.compareTo
leak-89-5: PendingDismissData.compareTo
leak-88-5: PendingDismissData.compareTo
leak-99-6: SwipeDismissListViewTouchListener.performDismiss
leak-98-6: SwipeDismissListViewTouchListener.performDismiss
leak-96-6: SwipeDismissListViewTouchListener.performDismiss
leak-93-6: SwipeDismissListViewTouchListener.performDismiss
leak-90-6: SwipeDismissListViewTouchListener.performDismiss
leak-89-6: SwipeDismissListViewTouchListener.performDismiss
leak-88-6: SwipeDismissListViewTouchListener.performDismiss
leak-100-0: 1.onAnimationEnd
leak-106-0: 1.onAnimationEnd
leak-101-0: 1.onAnimationUpdate
leak-107-0: 1.onAnimationUpdate
In file: MyCustomAdapter.java
Input operator: SINK
leak-108-0: MyCustomAdapter.MyCustomAdapter
leak-107-0: MyCustomAdapter.MyCustomAdapter
leak-108-1: MyCustomAdapter.getView
leak-107-1: MyCustomAdapter.getView
