/home/amit/muse/output/BMI_Calculator/schemas/SINK/BMI_Calculator
In file: BMIMain.java
Input operator: SINK
leak-3-0: BMIMain.onCreate
leak-2-0: BMIMain.onCreate
leak-1-0: BMIMain.onCreate
leak-0-0: BMIMain.onCreate
leak-3-1: BMIMain.calculateClickHandler
leak-2-1: BMIMain.calculateClickHandler
leak-1-1: BMIMain.calculateClickHandler
leak-0-1: BMIMain.calculateClickHandler
leak-3-2: BMIMain.calculateBMI
leak-2-2: BMIMain.calculateBMI
leak-1-2: BMIMain.calculateBMI
leak-0-2: BMIMain.calculateBMI
leak-3-3: BMIMain.interpretBMI
leak-2-3: BMIMain.interpretBMI
leak-1-3: BMIMain.interpretBMI
leak-0-3: BMIMain.interpretBMI
leak-5-0: PlaceholderFragment.PlaceholderFragment
leak-4-0: PlaceholderFragment.PlaceholderFragment
leak-5-1: PlaceholderFragment.onCreateView
leak-4-1: PlaceholderFragment.onCreateView
