/home/amit/muse/output/device-explorer/schemas/SINK/device-explorer
In file: ItemDetailActivity.java
Input operator: SINK
leak-1-0: ItemDetailActivity.onCreate
leak-0-0: ItemDetailActivity.onCreate
leak-1-1: ItemDetailActivity.onOptionsItemSelected
leak-0-1: ItemDetailActivity.onOptionsItemSelected
In file: ItemListActivity.java
Input operator: SINK
leak-13-0: ItemListActivity.weHavePermission
leak-10-0: ItemListActivity.weHavePermission
leak-9-0: ItemListActivity.weHavePermission
leak-8-0: ItemListActivity.weHavePermission
leak-6-0: ItemListActivity.weHavePermission
leak-4-0: ItemListActivity.weHavePermission
leak-3-0: ItemListActivity.weHavePermission
leak-2-0: ItemListActivity.weHavePermission
leak-13-1: ItemListActivity.requestForResultContactsPermission
leak-10-1: ItemListActivity.requestForResultContactsPermission
leak-9-1: ItemListActivity.requestForResultContactsPermission
leak-8-1: ItemListActivity.requestForResultContactsPermission
leak-6-1: ItemListActivity.requestForResultContactsPermission
leak-4-1: ItemListActivity.requestForResultContactsPermission
leak-3-1: ItemListActivity.requestForResultContactsPermission
leak-2-1: ItemListActivity.requestForResultContactsPermission
leak-13-2: ItemListActivity.onRequestPermissionsResult
leak-10-2: ItemListActivity.onRequestPermissionsResult
leak-9-2: ItemListActivity.onRequestPermissionsResult
leak-8-2: ItemListActivity.onRequestPermissionsResult
leak-6-2: ItemListActivity.onRequestPermissionsResult
leak-4-2: ItemListActivity.onRequestPermissionsResult
leak-3-2: ItemListActivity.onRequestPermissionsResult
leak-2-2: ItemListActivity.onRequestPermissionsResult
leak-5-0: 1.onClick
leak-15-0: 1.onClick
leak-13-3: ItemListActivity.requestPermissionFirst
leak-10-3: ItemListActivity.requestPermissionFirst
leak-9-3: ItemListActivity.requestPermissionFirst
leak-8-3: ItemListActivity.requestPermissionFirst
leak-6-3: ItemListActivity.requestPermissionFirst
leak-4-3: ItemListActivity.requestPermissionFirst
leak-3-3: ItemListActivity.requestPermissionFirst
leak-2-3: ItemListActivity.requestPermissionFirst
leak-7-0: 1.onClick
leak-16-0: 1.onClick
leak-13-4: ItemListActivity.onCreate
leak-10-4: ItemListActivity.onCreate
leak-9-4: ItemListActivity.onCreate
leak-8-4: ItemListActivity.onCreate
leak-6-4: ItemListActivity.onCreate
leak-4-4: ItemListActivity.onCreate
leak-3-4: ItemListActivity.onCreate
leak-2-4: ItemListActivity.onCreate
leak-13-5: ItemListActivity.getCpuUsageImage
leak-10-5: ItemListActivity.getCpuUsageImage
leak-9-5: ItemListActivity.getCpuUsageImage
leak-8-5: ItemListActivity.getCpuUsageImage
leak-6-5: ItemListActivity.getCpuUsageImage
leak-4-5: ItemListActivity.getCpuUsageImage
leak-3-5: ItemListActivity.getCpuUsageImage
leak-2-5: ItemListActivity.getCpuUsageImage
leak-13-6: ItemListActivity.startApp
leak-10-6: ItemListActivity.startApp
leak-9-6: ItemListActivity.startApp
leak-8-6: ItemListActivity.startApp
leak-6-6: ItemListActivity.startApp
leak-4-6: ItemListActivity.startApp
leak-3-6: ItemListActivity.startApp
leak-2-6: ItemListActivity.startApp
leak-11-0: 1.run
leak-17-0: 1.run
leak-12-0: 1.run
leak-18-0: 1.run
leak-19-0: 1.run
leak-13-7: ItemListActivity.onItemSelected
leak-10-7: ItemListActivity.onItemSelected
leak-9-7: ItemListActivity.onItemSelected
leak-8-7: ItemListActivity.onItemSelected
leak-6-7: ItemListActivity.onItemSelected
leak-4-7: ItemListActivity.onItemSelected
leak-3-7: ItemListActivity.onItemSelected
leak-2-7: ItemListActivity.onItemSelected
In file: RVAdapter.java
Input operator: SINK
leak-23-0: RVAdapter.RVAdapter
leak-22-0: RVAdapter.RVAdapter
leak-21-0: RVAdapter.RVAdapter
leak-20-0: RVAdapter.RVAdapter
leak-19-0: RVAdapter.RVAdapter
leak-23-1: RVAdapter.onCreateViewHolder
leak-22-1: RVAdapter.onCreateViewHolder
leak-21-1: RVAdapter.onCreateViewHolder
leak-20-1: RVAdapter.onCreateViewHolder
leak-19-1: RVAdapter.onCreateViewHolder
leak-23-2: RVAdapter.onBindViewHolder
leak-22-2: RVAdapter.onBindViewHolder
leak-21-2: RVAdapter.onBindViewHolder
leak-20-2: RVAdapter.onBindViewHolder
leak-19-2: RVAdapter.onBindViewHolder
leak-23-3: RVAdapter.getItemCount
leak-22-3: RVAdapter.getItemCount
leak-21-3: RVAdapter.getItemCount
leak-20-3: RVAdapter.getItemCount
leak-19-3: RVAdapter.getItemCount
leak-23-4: RVAdapter.onAttachedToRecyclerView
leak-22-4: RVAdapter.onAttachedToRecyclerView
leak-21-4: RVAdapter.onAttachedToRecyclerView
leak-20-4: RVAdapter.onAttachedToRecyclerView
leak-19-4: RVAdapter.onAttachedToRecyclerView
leak-24-0: PersonViewHolder.PersonViewHolder
In file: Content.java
Input operator: SINK
leak-30-0: ItemDetails.ItemDetails
leak-29-0: ItemDetails.ItemDetails
leak-28-0: ItemDetails.ItemDetails
leak-27-0: ItemDetails.ItemDetails
leak-26-0: ItemDetails.ItemDetails
leak-25-0: ItemDetails.ItemDetails
leak-30-1: ItemDetails.ItemDetails
leak-29-1: ItemDetails.ItemDetails
leak-28-1: ItemDetails.ItemDetails
leak-27-1: ItemDetails.ItemDetails
leak-26-1: ItemDetails.ItemDetails
leak-25-1: ItemDetails.ItemDetails
leak-30-2: ItemDetails.ItemDetails
leak-29-2: ItemDetails.ItemDetails
leak-28-2: ItemDetails.ItemDetails
leak-27-2: ItemDetails.ItemDetails
leak-26-2: ItemDetails.ItemDetails
leak-25-2: ItemDetails.ItemDetails
leak-30-3: ItemDetails.ItemDetails
leak-29-3: ItemDetails.ItemDetails
leak-28-3: ItemDetails.ItemDetails
leak-27-3: ItemDetails.ItemDetails
leak-26-3: ItemDetails.ItemDetails
leak-25-3: ItemDetails.ItemDetails
leak-30-4: ItemDetails.getName
leak-29-4: ItemDetails.getName
leak-28-4: ItemDetails.getName
leak-27-4: ItemDetails.getName
leak-26-4: ItemDetails.getName
leak-25-4: ItemDetails.getName
leak-30-5: ItemDetails.getDetail
leak-29-5: ItemDetails.getDetail
leak-28-5: ItemDetails.getDetail
leak-27-5: ItemDetails.getDetail
leak-26-5: ItemDetails.getDetail
leak-25-5: ItemDetails.getDetail
leak-34-0: Item.Item
leak-33-0: Item.Item
leak-32-0: Item.Item
leak-31-0: Item.Item
leak-34-1: Item.getLabel
leak-33-1: Item.getLabel
leak-32-1: Item.getLabel
leak-31-1: Item.getLabel
leak-34-2: Item.getDetailedItems
leak-33-2: Item.getDetailedItems
leak-32-2: Item.getDetailedItems
leak-31-2: Item.getDetailedItems
leak-34-3: Item.toString
leak-33-3: Item.toString
leak-32-3: Item.toString
leak-31-3: Item.toString
leak-35-0: PIS.PIS
leak-38-0: BuildItem.getDetailedItems
leak-37-0: BuildItem.getDetailedItems
leak-36-0: BuildItem.getDetailedItems
leak-38-1: BuildItem.BuildItem
leak-37-1: BuildItem.BuildItem
leak-36-1: BuildItem.BuildItem
leak-38-2: BuildItem.getContents
leak-37-2: BuildItem.getContents
leak-36-2: BuildItem.getContents
leak-41-0: RuntimeItem.RuntimeItem
leak-40-0: RuntimeItem.RuntimeItem
leak-39-0: RuntimeItem.RuntimeItem
leak-41-1: RuntimeItem.getDetailedItems
leak-40-1: RuntimeItem.getDetailedItems
leak-39-1: RuntimeItem.getDetailedItems
leak-41-2: RuntimeItem.getContents
leak-40-2: RuntimeItem.getContents
leak-39-2: RuntimeItem.getContents
leak-44-0: ConfigurationInfoItem.getDetailedItems
leak-43-0: ConfigurationInfoItem.getDetailedItems
leak-42-0: ConfigurationInfoItem.getDetailedItems
leak-44-1: ConfigurationInfoItem.ConfigurationInfoItem
leak-43-1: ConfigurationInfoItem.ConfigurationInfoItem
leak-42-1: ConfigurationInfoItem.ConfigurationInfoItem
leak-44-2: ConfigurationInfoItem.getContents
leak-43-2: ConfigurationInfoItem.getContents
leak-42-2: ConfigurationInfoItem.getContents
leak-48-0: ConfigItem.getDetailedItems
leak-47-0: ConfigItem.getDetailedItems
leak-46-0: ConfigItem.getDetailedItems
leak-45-0: ConfigItem.getDetailedItems
leak-48-1: ConfigItem.ConfigItem
leak-47-1: ConfigItem.ConfigItem
leak-46-1: ConfigItem.ConfigItem
leak-45-1: ConfigItem.ConfigItem
leak-48-2: ConfigItem.getConfig
leak-47-2: ConfigItem.getConfig
leak-46-2: ConfigItem.getConfig
leak-45-2: ConfigItem.getConfig
leak-48-3: ConfigItem.getContents
leak-47-3: ConfigItem.getContents
leak-46-3: ConfigItem.getContents
leak-45-3: ConfigItem.getContents
leak-51-0: OpenGLItem.OpenGLItem
leak-50-0: OpenGLItem.OpenGLItem
leak-49-0: OpenGLItem.OpenGLItem
leak-51-1: OpenGLItem.getDetailedItems
leak-50-1: OpenGLItem.getDetailedItems
leak-49-1: OpenGLItem.getDetailedItems
leak-51-2: OpenGLItem.getContents
leak-50-2: OpenGLItem.getContents
leak-49-2: OpenGLItem.getContents
leak-54-0: FileInfo.getDetailedItems
leak-53-0: FileInfo.getDetailedItems
leak-52-0: FileInfo.getDetailedItems
leak-54-1: FileInfo.FileInfo
leak-53-1: FileInfo.FileInfo
leak-52-1: FileInfo.FileInfo
leak-54-2: FileInfo.getContents
leak-53-2: FileInfo.getContents
leak-52-2: FileInfo.getContents
leak-57-0: InputDeviceInfo.InputDeviceInfo
leak-56-0: InputDeviceInfo.InputDeviceInfo
leak-55-0: InputDeviceInfo.InputDeviceInfo
leak-57-1: InputDeviceInfo.getDetailedItems
leak-56-1: InputDeviceInfo.getDetailedItems
leak-55-1: InputDeviceInfo.getDetailedItems
leak-57-2: InputDeviceInfo.getContents
leak-56-2: InputDeviceInfo.getContents
leak-55-2: InputDeviceInfo.getContents
leak-60-0: SensorsItem.SensorsItem
leak-59-0: SensorsItem.SensorsItem
leak-58-0: SensorsItem.SensorsItem
leak-60-1: SensorsItem.getDetailedItems
leak-59-1: SensorsItem.getDetailedItems
leak-58-1: SensorsItem.getDetailedItems
leak-60-2: SensorsItem.getContents
leak-59-2: SensorsItem.getContents
leak-58-2: SensorsItem.getContents
leak-63-0: BatteryItem.BatteryItem
leak-62-0: BatteryItem.BatteryItem
leak-61-0: BatteryItem.BatteryItem
leak-63-1: BatteryItem.getDetailedItems
leak-62-1: BatteryItem.getDetailedItems
leak-61-1: BatteryItem.getDetailedItems
leak-63-2: BatteryItem.getContents
leak-62-2: BatteryItem.getContents
leak-61-2: BatteryItem.getContents
leak-66-0: IdsItem.IdsItem
leak-65-0: IdsItem.IdsItem
leak-64-0: IdsItem.IdsItem
leak-66-1: IdsItem.getDetailedItems
leak-65-1: IdsItem.getDetailedItems
leak-64-1: IdsItem.getDetailedItems
leak-66-2: IdsItem.getContents
leak-65-2: IdsItem.getContents
leak-64-2: IdsItem.getContents
leak-69-0: EncryptItem.EncryptItem
leak-68-0: EncryptItem.EncryptItem
leak-67-0: EncryptItem.EncryptItem
leak-69-1: EncryptItem.getDetailedItems
leak-68-1: EncryptItem.getDetailedItems
leak-67-1: EncryptItem.getDetailedItems
leak-69-2: EncryptItem.getContents
leak-68-2: EncryptItem.getContents
leak-67-2: EncryptItem.getContents
leak-72-0: RootItem.RootItem
leak-71-0: RootItem.RootItem
leak-70-0: RootItem.RootItem
leak-72-1: RootItem.getDetailedItems
leak-71-1: RootItem.getDetailedItems
leak-70-1: RootItem.getDetailedItems
leak-72-2: RootItem.getContents
leak-71-2: RootItem.getContents
leak-70-2: RootItem.getContents
leak-75-0: CamerasItem.CamerasItem
leak-74-0: CamerasItem.CamerasItem
leak-73-0: CamerasItem.CamerasItem
leak-75-1: CamerasItem.getDetailedItems
leak-74-1: CamerasItem.getDetailedItems
leak-73-1: CamerasItem.getDetailedItems
leak-75-2: CamerasItem.getContents
leak-74-2: CamerasItem.getContents
leak-73-2: CamerasItem.getContents
leak-78-0: DisplayMetricsItem.DisplayMetricsItem
leak-77-0: DisplayMetricsItem.DisplayMetricsItem
leak-76-0: DisplayMetricsItem.DisplayMetricsItem
leak-78-1: DisplayMetricsItem.getDetailedItems
leak-77-1: DisplayMetricsItem.getDetailedItems
leak-76-1: DisplayMetricsItem.getDetailedItems
leak-78-2: DisplayMetricsItem.getContents
leak-77-2: DisplayMetricsItem.getContents
leak-76-2: DisplayMetricsItem.getContents
leak-82-0: StorageItem.StorageItem
leak-81-0: StorageItem.StorageItem
leak-80-0: StorageItem.StorageItem
leak-79-0: StorageItem.StorageItem
leak-82-1: StorageItem.getDetailedItems
leak-81-1: StorageItem.getDetailedItems
leak-80-1: StorageItem.getDetailedItems
leak-79-1: StorageItem.getDetailedItems
leak-82-2: StorageItem.getContents
leak-81-2: StorageItem.getContents
leak-80-2: StorageItem.getContents
leak-79-2: StorageItem.getContents
leak-82-3: StorageItem.formatStorage
leak-81-3: StorageItem.formatStorage
leak-80-3: StorageItem.formatStorage
leak-79-3: StorageItem.formatStorage
In file: ProcessorManager.java
Input operator: SINK
leak-85-0: ProcessorManager.ProcessorManager
leak-84-0: ProcessorManager.ProcessorManager
leak-83-0: ProcessorManager.ProcessorManager
leak-85-1: ProcessorManager.getUsage
leak-84-1: ProcessorManager.getUsage
leak-83-1: ProcessorManager.getUsage
leak-85-2: ProcessorManager.destroy
leak-84-2: ProcessorManager.destroy
leak-83-2: ProcessorManager.destroy
In file: RecyclerItemClickListener.java
Input operator: SINK
leak-90-0: RecyclerItemClickListener.RecyclerItemClickListener
leak-89-0: RecyclerItemClickListener.RecyclerItemClickListener
leak-88-0: RecyclerItemClickListener.RecyclerItemClickListener
leak-86-0: RecyclerItemClickListener.RecyclerItemClickListener
leak-87-0: 1.onSingleTapUp
leak-92-0: 1.onSingleTapUp
leak-90-1: RecyclerItemClickListener.onInterceptTouchEvent
leak-89-1: RecyclerItemClickListener.onInterceptTouchEvent
leak-88-1: RecyclerItemClickListener.onInterceptTouchEvent
leak-86-1: RecyclerItemClickListener.onInterceptTouchEvent
leak-90-2: RecyclerItemClickListener.onTouchEvent
leak-89-2: RecyclerItemClickListener.onTouchEvent
leak-88-2: RecyclerItemClickListener.onTouchEvent
leak-86-2: RecyclerItemClickListener.onTouchEvent
leak-90-3: RecyclerItemClickListener.onRequestDisallowInterceptTouchEvent
leak-89-3: RecyclerItemClickListener.onRequestDisallowInterceptTouchEvent
leak-88-3: RecyclerItemClickListener.onRequestDisallowInterceptTouchEvent
leak-86-3: RecyclerItemClickListener.onRequestDisallowInterceptTouchEvent
In file: FrequencyManager.java
Input operator: SINK
leak-94-0: FrequencyManager.FrequencyManager
leak-93-0: FrequencyManager.FrequencyManager
leak-92-0: FrequencyManager.FrequencyManager
leak-94-1: FrequencyManager.getFrequency
leak-93-1: FrequencyManager.getFrequency
leak-92-1: FrequencyManager.getFrequency
leak-94-2: FrequencyManager.destroy
leak-93-2: FrequencyManager.destroy
leak-92-2: FrequencyManager.destroy
In file: Fragment_RVAdapter.java
Input operator: SINK
leak-99-0: Fragment_RVAdapter.Fragment_RVAdapter
leak-98-0: Fragment_RVAdapter.Fragment_RVAdapter
leak-97-0: Fragment_RVAdapter.Fragment_RVAdapter
leak-96-0: Fragment_RVAdapter.Fragment_RVAdapter
leak-95-0: Fragment_RVAdapter.Fragment_RVAdapter
leak-99-1: Fragment_RVAdapter.onBindViewHolder
leak-98-1: Fragment_RVAdapter.onBindViewHolder
leak-97-1: Fragment_RVAdapter.onBindViewHolder
leak-96-1: Fragment_RVAdapter.onBindViewHolder
leak-95-1: Fragment_RVAdapter.onBindViewHolder
leak-99-2: Fragment_RVAdapter.onCreateViewHolder
leak-98-2: Fragment_RVAdapter.onCreateViewHolder
leak-97-2: Fragment_RVAdapter.onCreateViewHolder
leak-96-2: Fragment_RVAdapter.onCreateViewHolder
leak-95-2: Fragment_RVAdapter.onCreateViewHolder
leak-99-3: Fragment_RVAdapter.getItemCount
leak-98-3: Fragment_RVAdapter.getItemCount
leak-97-3: Fragment_RVAdapter.getItemCount
leak-96-3: Fragment_RVAdapter.getItemCount
leak-95-3: Fragment_RVAdapter.getItemCount
leak-99-4: Fragment_RVAdapter.onAttachedToRecyclerView
leak-98-4: Fragment_RVAdapter.onAttachedToRecyclerView
leak-97-4: Fragment_RVAdapter.onAttachedToRecyclerView
leak-96-4: Fragment_RVAdapter.onAttachedToRecyclerView
leak-95-4: Fragment_RVAdapter.onAttachedToRecyclerView
leak-100-0: ContentViewHolder.ContentViewHolder
In file: ItemListFragment.java
Input operator: SINK
leak-101-0: 1.onItemSelected
leak-109-0: ItemListFragment.ItemListFragment
leak-108-0: ItemListFragment.ItemListFragment
leak-107-0: ItemListFragment.ItemListFragment
leak-106-0: ItemListFragment.ItemListFragment
leak-105-0: ItemListFragment.ItemListFragment
leak-103-0: ItemListFragment.ItemListFragment
leak-102-0: ItemListFragment.ItemListFragment
leak-109-1: ItemListFragment.onCreateView
leak-108-1: ItemListFragment.onCreateView
leak-107-1: ItemListFragment.onCreateView
leak-106-1: ItemListFragment.onCreateView
leak-105-1: ItemListFragment.onCreateView
leak-103-1: ItemListFragment.onCreateView
leak-102-1: ItemListFragment.onCreateView
leak-104-0: 1.onItemClick
leak-111-0: 1.onItemClick
leak-109-2: ItemListFragment.onViewCreated
leak-108-2: ItemListFragment.onViewCreated
leak-107-2: ItemListFragment.onViewCreated
leak-106-2: ItemListFragment.onViewCreated
leak-105-2: ItemListFragment.onViewCreated
leak-103-2: ItemListFragment.onViewCreated
leak-102-2: ItemListFragment.onViewCreated
leak-109-3: ItemListFragment.onAttach
leak-108-3: ItemListFragment.onAttach
leak-107-3: ItemListFragment.onAttach
leak-106-3: ItemListFragment.onAttach
leak-105-3: ItemListFragment.onAttach
leak-103-3: ItemListFragment.onAttach
leak-102-3: ItemListFragment.onAttach
leak-109-4: ItemListFragment.onDetach
leak-108-4: ItemListFragment.onDetach
leak-107-4: ItemListFragment.onDetach
leak-106-4: ItemListFragment.onDetach
leak-105-4: ItemListFragment.onDetach
leak-103-4: ItemListFragment.onDetach
leak-102-4: ItemListFragment.onDetach
leak-109-5: ItemListFragment.onListItemClick
leak-108-5: ItemListFragment.onListItemClick
leak-107-5: ItemListFragment.onListItemClick
leak-106-5: ItemListFragment.onListItemClick
leak-105-5: ItemListFragment.onListItemClick
leak-103-5: ItemListFragment.onListItemClick
leak-102-5: ItemListFragment.onListItemClick
leak-109-6: ItemListFragment.onSaveInstanceState
leak-108-6: ItemListFragment.onSaveInstanceState
leak-107-6: ItemListFragment.onSaveInstanceState
leak-106-6: ItemListFragment.onSaveInstanceState
leak-105-6: ItemListFragment.onSaveInstanceState
leak-103-6: ItemListFragment.onSaveInstanceState
leak-102-6: ItemListFragment.onSaveInstanceState
In file: ItemDetailFragment.java
Input operator: SINK
leak-113-0: ItemDetailFragment.ItemDetailFragment
leak-112-0: ItemDetailFragment.ItemDetailFragment
leak-111-0: ItemDetailFragment.ItemDetailFragment
leak-113-1: ItemDetailFragment.onCreate
leak-112-1: ItemDetailFragment.onCreate
leak-111-1: ItemDetailFragment.onCreate
leak-113-2: ItemDetailFragment.onCreateView
leak-112-2: ItemDetailFragment.onCreateView
leak-111-2: ItemDetailFragment.onCreateView
