/home/amit/muse/output/kaltura/schemas/SINK/kaltura
In file: Collector.java
Input operator: SINK
leak-25-0: Collector.Collector
leak-24-0: Collector.Collector
leak-23-0: Collector.Collector
leak-22-0: Collector.Collector
leak-21-0: Collector.Collector
leak-19-0: Collector.Collector
leak-18-0: Collector.Collector
leak-16-0: Collector.Collector
leak-15-0: Collector.Collector
leak-14-0: Collector.Collector
leak-13-0: Collector.Collector
leak-12-0: Collector.Collector
leak-11-0: Collector.Collector
leak-10-0: Collector.Collector
leak-9-0: Collector.Collector
leak-8-0: Collector.Collector
leak-7-0: Collector.Collector
leak-6-0: Collector.Collector
leak-5-0: Collector.Collector
leak-4-0: Collector.Collector
leak-3-0: Collector.Collector
leak-2-0: Collector.Collector
leak-1-0: Collector.Collector
leak-0-0: Collector.Collector
leak-25-1: Collector.collect
leak-24-1: Collector.collect
leak-23-1: Collector.collect
leak-22-1: Collector.collect
leak-21-1: Collector.collect
leak-19-1: Collector.collect
leak-18-1: Collector.collect
leak-16-1: Collector.collect
leak-15-1: Collector.collect
leak-14-1: Collector.collect
leak-13-1: Collector.collect
leak-12-1: Collector.collect
leak-11-1: Collector.collect
leak-10-1: Collector.collect
leak-9-1: Collector.collect
leak-8-1: Collector.collect
leak-7-1: Collector.collect
leak-6-1: Collector.collect
leak-5-1: Collector.collect
leak-4-1: Collector.collect
leak-3-1: Collector.collect
leak-2-1: Collector.collect
leak-1-1: Collector.collect
leak-0-1: Collector.collect
leak-25-2: Collector.trebleInfo
leak-24-2: Collector.trebleInfo
leak-23-2: Collector.trebleInfo
leak-22-2: Collector.trebleInfo
leak-21-2: Collector.trebleInfo
leak-19-2: Collector.trebleInfo
leak-18-2: Collector.trebleInfo
leak-16-2: Collector.trebleInfo
leak-15-2: Collector.trebleInfo
leak-14-2: Collector.trebleInfo
leak-13-2: Collector.trebleInfo
leak-12-2: Collector.trebleInfo
leak-11-2: Collector.trebleInfo
leak-10-2: Collector.trebleInfo
leak-9-2: Collector.trebleInfo
leak-8-2: Collector.trebleInfo
leak-7-2: Collector.trebleInfo
leak-6-2: Collector.trebleInfo
leak-5-2: Collector.trebleInfo
leak-4-2: Collector.trebleInfo
leak-3-2: Collector.trebleInfo
leak-2-2: Collector.trebleInfo
leak-1-2: Collector.trebleInfo
leak-0-2: Collector.trebleInfo
leak-25-3: Collector.cameraOldAPI
leak-24-3: Collector.cameraOldAPI
leak-23-3: Collector.cameraOldAPI
leak-22-3: Collector.cameraOldAPI
leak-21-3: Collector.cameraOldAPI
leak-19-3: Collector.cameraOldAPI
leak-18-3: Collector.cameraOldAPI
leak-16-3: Collector.cameraOldAPI
leak-15-3: Collector.cameraOldAPI
leak-14-3: Collector.cameraOldAPI
leak-13-3: Collector.cameraOldAPI
leak-12-3: Collector.cameraOldAPI
leak-11-3: Collector.cameraOldAPI
leak-10-3: Collector.cameraOldAPI
leak-9-3: Collector.cameraOldAPI
leak-8-3: Collector.cameraOldAPI
leak-7-3: Collector.cameraOldAPI
leak-6-3: Collector.cameraOldAPI
leak-5-3: Collector.cameraOldAPI
leak-4-3: Collector.cameraOldAPI
leak-3-3: Collector.cameraOldAPI
leak-2-3: Collector.cameraOldAPI
leak-1-3: Collector.cameraOldAPI
leak-0-3: Collector.cameraOldAPI
leak-25-4: Collector.camera2API
leak-24-4: Collector.camera2API
leak-23-4: Collector.camera2API
leak-22-4: Collector.camera2API
leak-21-4: Collector.camera2API
leak-19-4: Collector.camera2API
leak-18-4: Collector.camera2API
leak-16-4: Collector.camera2API
leak-15-4: Collector.camera2API
leak-14-4: Collector.camera2API
leak-13-4: Collector.camera2API
leak-12-4: Collector.camera2API
leak-11-4: Collector.camera2API
leak-10-4: Collector.camera2API
leak-9-4: Collector.camera2API
leak-8-4: Collector.camera2API
leak-7-4: Collector.camera2API
leak-6-4: Collector.camera2API
leak-5-4: Collector.camera2API
leak-4-4: Collector.camera2API
leak-3-4: Collector.camera2API
leak-2-4: Collector.camera2API
leak-1-4: Collector.camera2API
leak-0-4: Collector.camera2API
leak-25-5: Collector.tech2API
leak-24-5: Collector.tech2API
leak-23-5: Collector.tech2API
leak-22-5: Collector.tech2API
leak-21-5: Collector.tech2API
leak-19-5: Collector.tech2API
leak-18-5: Collector.tech2API
leak-16-5: Collector.tech2API
leak-15-5: Collector.tech2API
leak-14-5: Collector.tech2API
leak-13-5: Collector.tech2API
leak-12-5: Collector.tech2API
leak-11-5: Collector.tech2API
leak-10-5: Collector.tech2API
leak-9-5: Collector.tech2API
leak-8-5: Collector.tech2API
leak-7-5: Collector.tech2API
leak-6-5: Collector.tech2API
leak-5-5: Collector.tech2API
leak-4-5: Collector.tech2API
leak-3-5: Collector.tech2API
leak-2-5: Collector.tech2API
leak-1-5: Collector.tech2API
leak-0-5: Collector.tech2API
leak-25-6: Collector.selfMounts
leak-24-6: Collector.selfMounts
leak-23-6: Collector.selfMounts
leak-22-6: Collector.selfMounts
leak-21-6: Collector.selfMounts
leak-19-6: Collector.selfMounts
leak-18-6: Collector.selfMounts
leak-16-6: Collector.selfMounts
leak-15-6: Collector.selfMounts
leak-14-6: Collector.selfMounts
leak-13-6: Collector.selfMounts
leak-12-6: Collector.selfMounts
leak-11-6: Collector.selfMounts
leak-10-6: Collector.selfMounts
leak-9-6: Collector.selfMounts
leak-8-6: Collector.selfMounts
leak-7-6: Collector.selfMounts
leak-6-6: Collector.selfMounts
leak-5-6: Collector.selfMounts
leak-4-6: Collector.selfMounts
leak-3-6: Collector.selfMounts
leak-2-6: Collector.selfMounts
leak-1-6: Collector.selfMounts
leak-0-6: Collector.selfMounts
leak-25-7: Collector.dumpsysL
leak-24-7: Collector.dumpsysL
leak-23-7: Collector.dumpsysL
leak-22-7: Collector.dumpsysL
leak-21-7: Collector.dumpsysL
leak-19-7: Collector.dumpsysL
leak-18-7: Collector.dumpsysL
leak-16-7: Collector.dumpsysL
leak-15-7: Collector.dumpsysL
leak-14-7: Collector.dumpsysL
leak-13-7: Collector.dumpsysL
leak-12-7: Collector.dumpsysL
leak-11-7: Collector.dumpsysL
leak-10-7: Collector.dumpsysL
leak-9-7: Collector.dumpsysL
leak-8-7: Collector.dumpsysL
leak-7-7: Collector.dumpsysL
leak-6-7: Collector.dumpsysL
leak-5-7: Collector.dumpsysL
leak-4-7: Collector.dumpsysL
leak-3-7: Collector.dumpsysL
leak-2-7: Collector.dumpsysL
leak-1-7: Collector.dumpsysL
leak-0-7: Collector.dumpsysL
leak-25-8: Collector.systemFL
leak-24-8: Collector.systemFL
leak-23-8: Collector.systemFL
leak-22-8: Collector.systemFL
leak-21-8: Collector.systemFL
leak-19-8: Collector.systemFL
leak-18-8: Collector.systemFL
leak-16-8: Collector.systemFL
leak-15-8: Collector.systemFL
leak-14-8: Collector.systemFL
leak-13-8: Collector.systemFL
leak-12-8: Collector.systemFL
leak-11-8: Collector.systemFL
leak-10-8: Collector.systemFL
leak-9-8: Collector.systemFL
leak-8-8: Collector.systemFL
leak-7-8: Collector.systemFL
leak-6-8: Collector.systemFL
leak-5-8: Collector.systemFL
leak-4-8: Collector.systemFL
leak-3-8: Collector.systemFL
leak-2-8: Collector.systemFL
leak-1-8: Collector.systemFL
leak-0-8: Collector.systemFL
leak-25-9: Collector.systemArch
leak-24-9: Collector.systemArch
leak-23-9: Collector.systemArch
leak-22-9: Collector.systemArch
leak-21-9: Collector.systemArch
leak-19-9: Collector.systemArch
leak-18-9: Collector.systemArch
leak-16-9: Collector.systemArch
leak-15-9: Collector.systemArch
leak-14-9: Collector.systemArch
leak-13-9: Collector.systemArch
leak-12-9: Collector.systemArch
leak-11-9: Collector.systemArch
leak-10-9: Collector.systemArch
leak-9-9: Collector.systemArch
leak-8-9: Collector.systemArch
leak-7-9: Collector.systemArch
leak-6-9: Collector.systemArch
leak-5-9: Collector.systemArch
leak-4-9: Collector.systemArch
leak-3-9: Collector.systemArch
leak-2-9: Collector.systemArch
leak-1-9: Collector.systemArch
leak-0-9: Collector.systemArch
leak-25-10: Collector.meta
leak-24-10: Collector.meta
leak-23-10: Collector.meta
leak-22-10: Collector.meta
leak-21-10: Collector.meta
leak-19-10: Collector.meta
leak-18-10: Collector.meta
leak-16-10: Collector.meta
leak-15-10: Collector.meta
leak-14-10: Collector.meta
leak-13-10: Collector.meta
leak-12-10: Collector.meta
leak-11-10: Collector.meta
leak-10-10: Collector.meta
leak-9-10: Collector.meta
leak-8-10: Collector.meta
leak-7-10: Collector.meta
leak-6-10: Collector.meta
leak-5-10: Collector.meta
leak-4-10: Collector.meta
leak-3-10: Collector.meta
leak-2-10: Collector.meta
leak-1-10: Collector.meta
leak-0-10: Collector.meta
leak-25-11: Collector.displayInfo
leak-24-11: Collector.displayInfo
leak-23-11: Collector.displayInfo
leak-22-11: Collector.displayInfo
leak-21-11: Collector.displayInfo
leak-19-11: Collector.displayInfo
leak-18-11: Collector.displayInfo
leak-16-11: Collector.displayInfo
leak-15-11: Collector.displayInfo
leak-14-11: Collector.displayInfo
leak-13-11: Collector.displayInfo
leak-12-11: Collector.displayInfo
leak-11-11: Collector.displayInfo
leak-10-11: Collector.displayInfo
leak-9-11: Collector.displayInfo
leak-8-11: Collector.displayInfo
leak-7-11: Collector.displayInfo
leak-6-11: Collector.displayInfo
leak-5-11: Collector.displayInfo
leak-4-11: Collector.displayInfo
leak-3-11: Collector.displayInfo
leak-2-11: Collector.displayInfo
leak-1-11: Collector.displayInfo
leak-0-11: Collector.displayInfo
leak-25-12: Collector.drmInfo
leak-24-12: Collector.drmInfo
leak-23-12: Collector.drmInfo
leak-22-12: Collector.drmInfo
leak-21-12: Collector.drmInfo
leak-19-12: Collector.drmInfo
leak-18-12: Collector.drmInfo
leak-16-12: Collector.drmInfo
leak-15-12: Collector.drmInfo
leak-14-12: Collector.drmInfo
leak-13-12: Collector.drmInfo
leak-12-12: Collector.drmInfo
leak-11-12: Collector.drmInfo
leak-10-12: Collector.drmInfo
leak-9-12: Collector.drmInfo
leak-8-12: Collector.drmInfo
leak-7-12: Collector.drmInfo
leak-6-12: Collector.drmInfo
leak-5-12: Collector.drmInfo
leak-4-12: Collector.drmInfo
leak-3-12: Collector.drmInfo
leak-2-12: Collector.drmInfo
leak-1-12: Collector.drmInfo
leak-0-12: Collector.drmInfo
leak-25-13: Collector.classicDrmInfo
leak-24-13: Collector.classicDrmInfo
leak-23-13: Collector.classicDrmInfo
leak-22-13: Collector.classicDrmInfo
leak-21-13: Collector.classicDrmInfo
leak-19-13: Collector.classicDrmInfo
leak-18-13: Collector.classicDrmInfo
leak-16-13: Collector.classicDrmInfo
leak-15-13: Collector.classicDrmInfo
leak-14-13: Collector.classicDrmInfo
leak-13-13: Collector.classicDrmInfo
leak-12-13: Collector.classicDrmInfo
leak-11-13: Collector.classicDrmInfo
leak-10-13: Collector.classicDrmInfo
leak-9-13: Collector.classicDrmInfo
leak-8-13: Collector.classicDrmInfo
leak-7-13: Collector.classicDrmInfo
leak-6-13: Collector.classicDrmInfo
leak-5-13: Collector.classicDrmInfo
leak-4-13: Collector.classicDrmInfo
leak-3-13: Collector.classicDrmInfo
leak-2-13: Collector.classicDrmInfo
leak-1-13: Collector.classicDrmInfo
leak-0-13: Collector.classicDrmInfo
leak-25-14: Collector.jsonArray
leak-24-14: Collector.jsonArray
leak-23-14: Collector.jsonArray
leak-22-14: Collector.jsonArray
leak-21-14: Collector.jsonArray
leak-19-14: Collector.jsonArray
leak-18-14: Collector.jsonArray
leak-16-14: Collector.jsonArray
leak-15-14: Collector.jsonArray
leak-14-14: Collector.jsonArray
leak-13-14: Collector.jsonArray
leak-12-14: Collector.jsonArray
leak-11-14: Collector.jsonArray
leak-10-14: Collector.jsonArray
leak-9-14: Collector.jsonArray
leak-8-14: Collector.jsonArray
leak-7-14: Collector.jsonArray
leak-6-14: Collector.jsonArray
leak-5-14: Collector.jsonArray
leak-4-14: Collector.jsonArray
leak-3-14: Collector.jsonArray
leak-2-14: Collector.jsonArray
leak-1-14: Collector.jsonArray
leak-0-14: Collector.jsonArray
leak-25-15: Collector.mediaCodecInfo
leak-24-15: Collector.mediaCodecInfo
leak-23-15: Collector.mediaCodecInfo
leak-22-15: Collector.mediaCodecInfo
leak-21-15: Collector.mediaCodecInfo
leak-19-15: Collector.mediaCodecInfo
leak-18-15: Collector.mediaCodecInfo
leak-16-15: Collector.mediaCodecInfo
leak-15-15: Collector.mediaCodecInfo
leak-14-15: Collector.mediaCodecInfo
leak-13-15: Collector.mediaCodecInfo
leak-12-15: Collector.mediaCodecInfo
leak-11-15: Collector.mediaCodecInfo
leak-10-15: Collector.mediaCodecInfo
leak-9-15: Collector.mediaCodecInfo
leak-8-15: Collector.mediaCodecInfo
leak-7-15: Collector.mediaCodecInfo
leak-6-15: Collector.mediaCodecInfo
leak-5-15: Collector.mediaCodecInfo
leak-4-15: Collector.mediaCodecInfo
leak-3-15: Collector.mediaCodecInfo
leak-2-15: Collector.mediaCodecInfo
leak-1-15: Collector.mediaCodecInfo
leak-0-15: Collector.mediaCodecInfo
leak-25-16: Collector.mediaCodecInfo
leak-24-16: Collector.mediaCodecInfo
leak-23-16: Collector.mediaCodecInfo
leak-22-16: Collector.mediaCodecInfo
leak-21-16: Collector.mediaCodecInfo
leak-19-16: Collector.mediaCodecInfo
leak-18-16: Collector.mediaCodecInfo
leak-16-16: Collector.mediaCodecInfo
leak-15-16: Collector.mediaCodecInfo
leak-14-16: Collector.mediaCodecInfo
leak-13-16: Collector.mediaCodecInfo
leak-12-16: Collector.mediaCodecInfo
leak-11-16: Collector.mediaCodecInfo
leak-10-16: Collector.mediaCodecInfo
leak-9-16: Collector.mediaCodecInfo
leak-8-16: Collector.mediaCodecInfo
leak-7-16: Collector.mediaCodecInfo
leak-6-16: Collector.mediaCodecInfo
leak-5-16: Collector.mediaCodecInfo
leak-4-16: Collector.mediaCodecInfo
leak-3-16: Collector.mediaCodecInfo
leak-2-16: Collector.mediaCodecInfo
leak-1-16: Collector.mediaCodecInfo
leak-0-16: Collector.mediaCodecInfo
leak-17-0: 1.compare
leak-25-17: Collector.modularDrmInfo
leak-24-17: Collector.modularDrmInfo
leak-23-17: Collector.modularDrmInfo
leak-22-17: Collector.modularDrmInfo
leak-21-17: Collector.modularDrmInfo
leak-19-17: Collector.modularDrmInfo
leak-18-17: Collector.modularDrmInfo
leak-16-17: Collector.modularDrmInfo
leak-15-17: Collector.modularDrmInfo
leak-14-17: Collector.modularDrmInfo
leak-13-17: Collector.modularDrmInfo
leak-12-17: Collector.modularDrmInfo
leak-11-17: Collector.modularDrmInfo
leak-10-17: Collector.modularDrmInfo
leak-9-17: Collector.modularDrmInfo
leak-8-17: Collector.modularDrmInfo
leak-7-17: Collector.modularDrmInfo
leak-6-17: Collector.modularDrmInfo
leak-5-17: Collector.modularDrmInfo
leak-4-17: Collector.modularDrmInfo
leak-3-17: Collector.modularDrmInfo
leak-2-17: Collector.modularDrmInfo
leak-1-17: Collector.modularDrmInfo
leak-0-17: Collector.modularDrmInfo
leak-25-18: Collector.widevineModularDrmInfo
leak-24-18: Collector.widevineModularDrmInfo
leak-23-18: Collector.widevineModularDrmInfo
leak-22-18: Collector.widevineModularDrmInfo
leak-21-18: Collector.widevineModularDrmInfo
leak-19-18: Collector.widevineModularDrmInfo
leak-18-18: Collector.widevineModularDrmInfo
leak-16-18: Collector.widevineModularDrmInfo
leak-15-18: Collector.widevineModularDrmInfo
leak-14-18: Collector.widevineModularDrmInfo
leak-13-18: Collector.widevineModularDrmInfo
leak-12-18: Collector.widevineModularDrmInfo
leak-11-18: Collector.widevineModularDrmInfo
leak-10-18: Collector.widevineModularDrmInfo
leak-9-18: Collector.widevineModularDrmInfo
leak-8-18: Collector.widevineModularDrmInfo
leak-7-18: Collector.widevineModularDrmInfo
leak-6-18: Collector.widevineModularDrmInfo
leak-5-18: Collector.widevineModularDrmInfo
leak-4-18: Collector.widevineModularDrmInfo
leak-3-18: Collector.widevineModularDrmInfo
leak-2-18: Collector.widevineModularDrmInfo
leak-1-18: Collector.widevineModularDrmInfo
leak-0-18: Collector.widevineModularDrmInfo
leak-20-0: 1.onEvent
leak-27-0: 1.onEvent
leak-25-19: Collector.androidInfo
leak-24-19: Collector.androidInfo
leak-23-19: Collector.androidInfo
leak-22-19: Collector.androidInfo
leak-21-19: Collector.androidInfo
leak-19-19: Collector.androidInfo
leak-18-19: Collector.androidInfo
leak-16-19: Collector.androidInfo
leak-15-19: Collector.androidInfo
leak-14-19: Collector.androidInfo
leak-13-19: Collector.androidInfo
leak-12-19: Collector.androidInfo
leak-11-19: Collector.androidInfo
leak-10-19: Collector.androidInfo
leak-9-19: Collector.androidInfo
leak-8-19: Collector.androidInfo
leak-7-19: Collector.androidInfo
leak-6-19: Collector.androidInfo
leak-5-19: Collector.androidInfo
leak-4-19: Collector.androidInfo
leak-3-19: Collector.androidInfo
leak-2-19: Collector.androidInfo
leak-1-19: Collector.androidInfo
leak-0-19: Collector.androidInfo
leak-25-20: Collector.systemInfo
leak-24-20: Collector.systemInfo
leak-23-20: Collector.systemInfo
leak-22-20: Collector.systemInfo
leak-21-20: Collector.systemInfo
leak-19-20: Collector.systemInfo
leak-18-20: Collector.systemInfo
leak-16-20: Collector.systemInfo
leak-15-20: Collector.systemInfo
leak-14-20: Collector.systemInfo
leak-13-20: Collector.systemInfo
leak-12-20: Collector.systemInfo
leak-11-20: Collector.systemInfo
leak-10-20: Collector.systemInfo
leak-9-20: Collector.systemInfo
leak-8-20: Collector.systemInfo
leak-7-20: Collector.systemInfo
leak-6-20: Collector.systemInfo
leak-5-20: Collector.systemInfo
leak-4-20: Collector.systemInfo
leak-3-20: Collector.systemInfo
leak-2-20: Collector.systemInfo
leak-1-20: Collector.systemInfo
leak-0-20: Collector.systemInfo
leak-25-21: Collector.securityProviders
leak-24-21: Collector.securityProviders
leak-23-21: Collector.securityProviders
leak-22-21: Collector.securityProviders
leak-21-21: Collector.securityProviders
leak-19-21: Collector.securityProviders
leak-18-21: Collector.securityProviders
leak-16-21: Collector.securityProviders
leak-15-21: Collector.securityProviders
leak-14-21: Collector.securityProviders
leak-13-21: Collector.securityProviders
leak-12-21: Collector.securityProviders
leak-11-21: Collector.securityProviders
leak-10-21: Collector.securityProviders
leak-9-21: Collector.securityProviders
leak-8-21: Collector.securityProviders
leak-7-21: Collector.securityProviders
leak-6-21: Collector.securityProviders
leak-5-21: Collector.securityProviders
leak-4-21: Collector.securityProviders
leak-3-21: Collector.securityProviders
leak-2-21: Collector.securityProviders
leak-1-21: Collector.securityProviders
leak-0-21: Collector.securityProviders
leak-25-22: Collector.rootInfo
leak-24-22: Collector.rootInfo
leak-23-22: Collector.rootInfo
leak-22-22: Collector.rootInfo
leak-21-22: Collector.rootInfo
leak-19-22: Collector.rootInfo
leak-18-22: Collector.rootInfo
leak-16-22: Collector.rootInfo
leak-15-22: Collector.rootInfo
leak-14-22: Collector.rootInfo
leak-13-22: Collector.rootInfo
leak-12-22: Collector.rootInfo
leak-11-22: Collector.rootInfo
leak-10-22: Collector.rootInfo
leak-9-22: Collector.rootInfo
leak-8-22: Collector.rootInfo
leak-7-22: Collector.rootInfo
leak-6-22: Collector.rootInfo
leak-5-22: Collector.rootInfo
leak-4-22: Collector.rootInfo
leak-3-22: Collector.rootInfo
leak-2-22: Collector.rootInfo
leak-1-22: Collector.rootInfo
leak-0-22: Collector.rootInfo
leak-25-23: Collector.getRequestNonce
leak-24-23: Collector.getRequestNonce
leak-23-23: Collector.getRequestNonce
leak-22-23: Collector.getRequestNonce
leak-21-23: Collector.getRequestNonce
leak-19-23: Collector.getRequestNonce
leak-18-23: Collector.getRequestNonce
leak-16-23: Collector.getRequestNonce
leak-15-23: Collector.getRequestNonce
leak-14-23: Collector.getRequestNonce
leak-13-23: Collector.getRequestNonce
leak-12-23: Collector.getRequestNonce
leak-11-23: Collector.getRequestNonce
leak-10-23: Collector.getRequestNonce
leak-9-23: Collector.getRequestNonce
leak-8-23: Collector.getRequestNonce
leak-7-23: Collector.getRequestNonce
leak-6-23: Collector.getRequestNonce
leak-5-23: Collector.getRequestNonce
leak-4-23: Collector.getRequestNonce
leak-3-23: Collector.getRequestNonce
leak-2-23: Collector.getRequestNonce
leak-1-23: Collector.getRequestNonce
leak-0-23: Collector.getRequestNonce
In file: MainActivity.java
Input operator: SINK
leak-49-0: MainActivity.showReport
leak-48-0: MainActivity.showReport
leak-43-0: MainActivity.showReport
leak-41-0: MainActivity.showReport
leak-39-0: MainActivity.showReport
leak-38-0: MainActivity.showReport
leak-37-0: MainActivity.showReport
leak-36-0: MainActivity.showReport
leak-35-0: MainActivity.showReport
leak-34-0: MainActivity.showReport
leak-32-0: MainActivity.showReport
leak-31-0: MainActivity.showReport
leak-30-0: MainActivity.showReport
leak-28-0: MainActivity.showReport
leak-27-0: MainActivity.showReport
leak-49-1: MainActivity.onCreate
leak-48-1: MainActivity.onCreate
leak-43-1: MainActivity.onCreate
leak-41-1: MainActivity.onCreate
leak-39-1: MainActivity.onCreate
leak-38-1: MainActivity.onCreate
leak-37-1: MainActivity.onCreate
leak-36-1: MainActivity.onCreate
leak-35-1: MainActivity.onCreate
leak-34-1: MainActivity.onCreate
leak-32-1: MainActivity.onCreate
leak-31-1: MainActivity.onCreate
leak-30-1: MainActivity.onCreate
leak-28-1: MainActivity.onCreate
leak-27-1: MainActivity.onCreate
leak-29-0: 1.onClick
leak-51-0: 1.onClick
leak-49-2: MainActivity.onCreateOptionsMenu
leak-48-2: MainActivity.onCreateOptionsMenu
leak-43-2: MainActivity.onCreateOptionsMenu
leak-41-2: MainActivity.onCreateOptionsMenu
leak-39-2: MainActivity.onCreateOptionsMenu
leak-38-2: MainActivity.onCreateOptionsMenu
leak-37-2: MainActivity.onCreateOptionsMenu
leak-36-2: MainActivity.onCreateOptionsMenu
leak-35-2: MainActivity.onCreateOptionsMenu
leak-34-2: MainActivity.onCreateOptionsMenu
leak-32-2: MainActivity.onCreateOptionsMenu
leak-31-2: MainActivity.onCreateOptionsMenu
leak-30-2: MainActivity.onCreateOptionsMenu
leak-28-2: MainActivity.onCreateOptionsMenu
leak-27-2: MainActivity.onCreateOptionsMenu
leak-49-3: MainActivity.onOptionsItemSelected
leak-48-3: MainActivity.onOptionsItemSelected
leak-43-3: MainActivity.onOptionsItemSelected
leak-41-3: MainActivity.onOptionsItemSelected
leak-39-3: MainActivity.onOptionsItemSelected
leak-38-3: MainActivity.onOptionsItemSelected
leak-37-3: MainActivity.onOptionsItemSelected
leak-36-3: MainActivity.onOptionsItemSelected
leak-35-3: MainActivity.onOptionsItemSelected
leak-34-3: MainActivity.onOptionsItemSelected
leak-32-3: MainActivity.onOptionsItemSelected
leak-31-3: MainActivity.onOptionsItemSelected
leak-30-3: MainActivity.onOptionsItemSelected
leak-28-3: MainActivity.onOptionsItemSelected
leak-27-3: MainActivity.onOptionsItemSelected
leak-49-4: MainActivity.showActionsDialog
leak-48-4: MainActivity.showActionsDialog
leak-43-4: MainActivity.showActionsDialog
leak-41-4: MainActivity.showActionsDialog
leak-39-4: MainActivity.showActionsDialog
leak-38-4: MainActivity.showActionsDialog
leak-37-4: MainActivity.showActionsDialog
leak-36-4: MainActivity.showActionsDialog
leak-35-4: MainActivity.showActionsDialog
leak-34-4: MainActivity.showActionsDialog
leak-32-4: MainActivity.showActionsDialog
leak-31-4: MainActivity.showActionsDialog
leak-30-4: MainActivity.showActionsDialog
leak-28-4: MainActivity.showActionsDialog
leak-27-4: MainActivity.showActionsDialog
leak-33-0: 1.onClick
leak-52-0: 1.onClick
leak-49-5: MainActivity.showZinfo
leak-48-5: MainActivity.showZinfo
leak-43-5: MainActivity.showZinfo
leak-41-5: MainActivity.showZinfo
leak-39-5: MainActivity.showZinfo
leak-38-5: MainActivity.showZinfo
leak-37-5: MainActivity.showZinfo
leak-36-5: MainActivity.showZinfo
leak-35-5: MainActivity.showZinfo
leak-34-5: MainActivity.showZinfo
leak-32-5: MainActivity.showZinfo
leak-31-5: MainActivity.showZinfo
leak-30-5: MainActivity.showZinfo
leak-28-5: MainActivity.showZinfo
leak-27-5: MainActivity.showZinfo
leak-49-6: MainActivity.startProvision
leak-48-6: MainActivity.startProvision
leak-43-6: MainActivity.startProvision
leak-41-6: MainActivity.startProvision
leak-39-6: MainActivity.startProvision
leak-38-6: MainActivity.startProvision
leak-37-6: MainActivity.startProvision
leak-36-6: MainActivity.startProvision
leak-35-6: MainActivity.startProvision
leak-34-6: MainActivity.startProvision
leak-32-6: MainActivity.startProvision
leak-31-6: MainActivity.startProvision
leak-30-6: MainActivity.startProvision
leak-28-6: MainActivity.startProvision
leak-27-6: MainActivity.startProvision
leak-49-7: MainActivity.provisionFailed
leak-48-7: MainActivity.provisionFailed
leak-43-7: MainActivity.provisionFailed
leak-41-7: MainActivity.provisionFailed
leak-39-7: MainActivity.provisionFailed
leak-38-7: MainActivity.provisionFailed
leak-37-7: MainActivity.provisionFailed
leak-36-7: MainActivity.provisionFailed
leak-35-7: MainActivity.provisionFailed
leak-34-7: MainActivity.provisionFailed
leak-32-7: MainActivity.provisionFailed
leak-31-7: MainActivity.provisionFailed
leak-30-7: MainActivity.provisionFailed
leak-28-7: MainActivity.provisionFailed
leak-27-7: MainActivity.provisionFailed
leak-49-8: MainActivity.provisionSuccessful
leak-48-8: MainActivity.provisionSuccessful
leak-43-8: MainActivity.provisionSuccessful
leak-41-8: MainActivity.provisionSuccessful
leak-39-8: MainActivity.provisionSuccessful
leak-38-8: MainActivity.provisionSuccessful
leak-37-8: MainActivity.provisionSuccessful
leak-36-8: MainActivity.provisionSuccessful
leak-35-8: MainActivity.provisionSuccessful
leak-34-8: MainActivity.provisionSuccessful
leak-32-8: MainActivity.provisionSuccessful
leak-31-8: MainActivity.provisionSuccessful
leak-30-8: MainActivity.provisionSuccessful
leak-28-8: MainActivity.provisionSuccessful
leak-27-8: MainActivity.provisionSuccessful
leak-49-9: MainActivity.shareReport
leak-48-9: MainActivity.shareReport
leak-43-9: MainActivity.shareReport
leak-41-9: MainActivity.shareReport
leak-39-9: MainActivity.shareReport
leak-38-9: MainActivity.shareReport
leak-37-9: MainActivity.shareReport
leak-36-9: MainActivity.shareReport
leak-35-9: MainActivity.shareReport
leak-34-9: MainActivity.shareReport
leak-32-9: MainActivity.shareReport
leak-31-9: MainActivity.shareReport
leak-30-9: MainActivity.shareReport
leak-28-9: MainActivity.shareReport
leak-27-9: MainActivity.shareReport
leak-49-10: MainActivity.intentWithText
leak-48-10: MainActivity.intentWithText
leak-43-10: MainActivity.intentWithText
leak-41-10: MainActivity.intentWithText
leak-39-10: MainActivity.intentWithText
leak-38-10: MainActivity.intentWithText
leak-37-10: MainActivity.intentWithText
leak-36-10: MainActivity.intentWithText
leak-35-10: MainActivity.intentWithText
leak-34-10: MainActivity.intentWithText
leak-32-10: MainActivity.intentWithText
leak-31-10: MainActivity.intentWithText
leak-30-10: MainActivity.intentWithText
leak-28-10: MainActivity.intentWithText
leak-27-10: MainActivity.intentWithText
leak-42-0: CollectorTask.doInBackground
leak-40-0: CollectorTask.doInBackground
leak-49-11: CollectorTask.doInBackground
leak-48-11: CollectorTask.doInBackground
leak-43-11: CollectorTask.doInBackground
leak-41-11: CollectorTask.doInBackground
leak-39-11: CollectorTask.doInBackground
leak-38-11: CollectorTask.doInBackground
leak-37-11: CollectorTask.doInBackground
leak-36-11: CollectorTask.doInBackground
leak-35-11: CollectorTask.doInBackground
leak-34-11: CollectorTask.doInBackground
leak-32-11: CollectorTask.doInBackground
leak-31-11: CollectorTask.doInBackground
leak-30-11: CollectorTask.doInBackground
leak-28-11: CollectorTask.doInBackground
leak-27-11: CollectorTask.doInBackground
leak-42-1: CollectorTask.onPostExecute
leak-40-1: CollectorTask.onPostExecute
leak-49-12: CollectorTask.onPostExecute
leak-48-12: CollectorTask.onPostExecute
leak-43-12: CollectorTask.onPostExecute
leak-41-12: CollectorTask.onPostExecute
leak-39-12: CollectorTask.onPostExecute
leak-38-12: CollectorTask.onPostExecute
leak-37-12: CollectorTask.onPostExecute
leak-36-12: CollectorTask.onPostExecute
leak-35-12: CollectorTask.onPostExecute
leak-34-12: CollectorTask.onPostExecute
leak-32-12: CollectorTask.onPostExecute
leak-31-12: CollectorTask.onPostExecute
leak-30-12: CollectorTask.onPostExecute
leak-28-12: CollectorTask.onPostExecute
leak-27-12: CollectorTask.onPostExecute
leak-47-0: ProvisionTask.ProvisionTask
leak-46-0: ProvisionTask.ProvisionTask
leak-45-0: ProvisionTask.ProvisionTask
leak-44-0: ProvisionTask.ProvisionTask
leak-47-1: ProvisionTask.doInBackground
leak-46-1: ProvisionTask.doInBackground
leak-45-1: ProvisionTask.doInBackground
leak-44-1: ProvisionTask.doInBackground
leak-47-2: ProvisionTask.onPostExecute
leak-46-2: ProvisionTask.onPostExecute
leak-45-2: ProvisionTask.onPostExecute
leak-44-2: ProvisionTask.onPostExecute
leak-47-3: ProvisionTask.provisionWidevine
leak-46-3: ProvisionTask.provisionWidevine
leak-45-3: ProvisionTask.provisionWidevine
leak-44-3: ProvisionTask.provisionWidevine
leak-49-13: MainActivity.showIDs
leak-48-13: MainActivity.showIDs
leak-43-13: MainActivity.showIDs
leak-41-13: MainActivity.showIDs
leak-39-13: MainActivity.showIDs
leak-38-13: MainActivity.showIDs
leak-37-13: MainActivity.showIDs
leak-36-13: MainActivity.showIDs
leak-35-13: MainActivity.showIDs
leak-34-13: MainActivity.showIDs
leak-32-13: MainActivity.showIDs
leak-31-13: MainActivity.showIDs
leak-30-13: MainActivity.showIDs
leak-28-13: MainActivity.showIDs
leak-27-13: MainActivity.showIDs
leak-49-14: MainActivity.displayIDs
leak-48-14: MainActivity.displayIDs
leak-43-14: MainActivity.displayIDs
leak-41-14: MainActivity.displayIDs
leak-39-14: MainActivity.displayIDs
leak-38-14: MainActivity.displayIDs
leak-37-14: MainActivity.displayIDs
leak-36-14: MainActivity.displayIDs
leak-35-14: MainActivity.displayIDs
leak-34-14: MainActivity.displayIDs
leak-32-14: MainActivity.displayIDs
leak-31-14: MainActivity.displayIDs
leak-30-14: MainActivity.displayIDs
leak-28-14: MainActivity.displayIDs
leak-27-14: MainActivity.displayIDs
In file: Utils.java
Input operator: SINK
