/home/amit/muse/output/NasaApod/schemas/SINK/NasaApod
In file: API.java
Input operator: SINK
In file: Tls12SocketFactory.java
Input operator: SINK
leak-8-0: Tls12SocketFactory.Tls12SocketFactory
leak-7-0: Tls12SocketFactory.Tls12SocketFactory
leak-6-0: Tls12SocketFactory.Tls12SocketFactory
leak-5-0: Tls12SocketFactory.Tls12SocketFactory
leak-4-0: Tls12SocketFactory.Tls12SocketFactory
leak-3-0: Tls12SocketFactory.Tls12SocketFactory
leak-2-0: Tls12SocketFactory.Tls12SocketFactory
leak-1-0: Tls12SocketFactory.Tls12SocketFactory
leak-0-0: Tls12SocketFactory.Tls12SocketFactory
leak-8-1: Tls12SocketFactory.getDefaultCipherSuites
leak-7-1: Tls12SocketFactory.getDefaultCipherSuites
leak-6-1: Tls12SocketFactory.getDefaultCipherSuites
leak-5-1: Tls12SocketFactory.getDefaultCipherSuites
leak-4-1: Tls12SocketFactory.getDefaultCipherSuites
leak-3-1: Tls12SocketFactory.getDefaultCipherSuites
leak-2-1: Tls12SocketFactory.getDefaultCipherSuites
leak-1-1: Tls12SocketFactory.getDefaultCipherSuites
leak-0-1: Tls12SocketFactory.getDefaultCipherSuites
leak-8-2: Tls12SocketFactory.getSupportedCipherSuites
leak-7-2: Tls12SocketFactory.getSupportedCipherSuites
leak-6-2: Tls12SocketFactory.getSupportedCipherSuites
leak-5-2: Tls12SocketFactory.getSupportedCipherSuites
leak-4-2: Tls12SocketFactory.getSupportedCipherSuites
leak-3-2: Tls12SocketFactory.getSupportedCipherSuites
leak-2-2: Tls12SocketFactory.getSupportedCipherSuites
leak-1-2: Tls12SocketFactory.getSupportedCipherSuites
leak-0-2: Tls12SocketFactory.getSupportedCipherSuites
leak-8-3: Tls12SocketFactory.createSocket
leak-7-3: Tls12SocketFactory.createSocket
leak-6-3: Tls12SocketFactory.createSocket
leak-5-3: Tls12SocketFactory.createSocket
leak-4-3: Tls12SocketFactory.createSocket
leak-3-3: Tls12SocketFactory.createSocket
leak-2-3: Tls12SocketFactory.createSocket
leak-1-3: Tls12SocketFactory.createSocket
leak-0-3: Tls12SocketFactory.createSocket
leak-8-4: Tls12SocketFactory.createSocket
leak-7-4: Tls12SocketFactory.createSocket
leak-6-4: Tls12SocketFactory.createSocket
leak-5-4: Tls12SocketFactory.createSocket
leak-4-4: Tls12SocketFactory.createSocket
leak-3-4: Tls12SocketFactory.createSocket
leak-2-4: Tls12SocketFactory.createSocket
leak-1-4: Tls12SocketFactory.createSocket
leak-0-4: Tls12SocketFactory.createSocket
leak-8-5: Tls12SocketFactory.createSocket
leak-7-5: Tls12SocketFactory.createSocket
leak-6-5: Tls12SocketFactory.createSocket
leak-5-5: Tls12SocketFactory.createSocket
leak-4-5: Tls12SocketFactory.createSocket
leak-3-5: Tls12SocketFactory.createSocket
leak-2-5: Tls12SocketFactory.createSocket
leak-1-5: Tls12SocketFactory.createSocket
leak-0-5: Tls12SocketFactory.createSocket
leak-8-6: Tls12SocketFactory.createSocket
leak-7-6: Tls12SocketFactory.createSocket
leak-6-6: Tls12SocketFactory.createSocket
leak-5-6: Tls12SocketFactory.createSocket
leak-4-6: Tls12SocketFactory.createSocket
leak-3-6: Tls12SocketFactory.createSocket
leak-2-6: Tls12SocketFactory.createSocket
leak-1-6: Tls12SocketFactory.createSocket
leak-0-6: Tls12SocketFactory.createSocket
leak-8-7: Tls12SocketFactory.createSocket
leak-7-7: Tls12SocketFactory.createSocket
leak-6-7: Tls12SocketFactory.createSocket
leak-5-7: Tls12SocketFactory.createSocket
leak-4-7: Tls12SocketFactory.createSocket
leak-3-7: Tls12SocketFactory.createSocket
leak-2-7: Tls12SocketFactory.createSocket
leak-1-7: Tls12SocketFactory.createSocket
leak-0-7: Tls12SocketFactory.createSocket
leak-8-8: Tls12SocketFactory.patch
leak-7-8: Tls12SocketFactory.patch
leak-6-8: Tls12SocketFactory.patch
leak-5-8: Tls12SocketFactory.patch
leak-4-8: Tls12SocketFactory.patch
leak-3-8: Tls12SocketFactory.patch
leak-2-8: Tls12SocketFactory.patch
leak-1-8: Tls12SocketFactory.patch
leak-0-8: Tls12SocketFactory.patch
In file: NASAServices.java
Input operator: SINK
In file: MainActivity.java
Input operator: SINK
leak-15-0: MainActivity.onCreate
leak-14-0: MainActivity.onCreate
leak-13-0: MainActivity.onCreate
leak-12-0: MainActivity.onCreate
leak-11-0: MainActivity.onCreate
leak-9-0: MainActivity.onCreate
leak-10-0: 1.onItemClick
leak-17-0: 1.onItemClick
leak-15-1: MainActivity.onCreateOptionsMenu
leak-14-1: MainActivity.onCreateOptionsMenu
leak-13-1: MainActivity.onCreateOptionsMenu
leak-12-1: MainActivity.onCreateOptionsMenu
leak-11-1: MainActivity.onCreateOptionsMenu
leak-9-1: MainActivity.onCreateOptionsMenu
leak-15-2: MainActivity.onOptionsItemSelected
leak-14-2: MainActivity.onOptionsItemSelected
leak-13-2: MainActivity.onOptionsItemSelected
leak-12-2: MainActivity.onOptionsItemSelected
leak-11-2: MainActivity.onOptionsItemSelected
leak-9-2: MainActivity.onOptionsItemSelected
leak-15-3: MainActivity.enforceIconBar
leak-14-3: MainActivity.enforceIconBar
leak-13-3: MainActivity.enforceIconBar
leak-12-3: MainActivity.enforceIconBar
leak-11-3: MainActivity.enforceIconBar
leak-9-3: MainActivity.enforceIconBar
leak-15-4: MainActivity.getNasaAPODS
leak-14-4: MainActivity.getNasaAPODS
leak-13-4: MainActivity.getNasaAPODS
leak-12-4: MainActivity.getNasaAPODS
leak-11-4: MainActivity.getNasaAPODS
leak-9-4: MainActivity.getNasaAPODS
leak-15-5: MainActivity.picassoClearCache
leak-14-5: MainActivity.picassoClearCache
leak-13-5: MainActivity.picassoClearCache
leak-12-5: MainActivity.picassoClearCache
leak-11-5: MainActivity.picassoClearCache
leak-9-5: MainActivity.picassoClearCache
In file: ImageActivity.java
Input operator: SINK
leak-17-0: 1.run
leak-28-0: 1.run
leak-18-0: 1.run
leak-29-0: 1.run
leak-19-0: 1.run
leak-30-0: 1.run
leak-26-0: ImageActivity.onCreate
leak-25-0: ImageActivity.onCreate
leak-24-0: ImageActivity.onCreate
leak-23-0: ImageActivity.onCreate
leak-22-0: ImageActivity.onCreate
leak-20-0: ImageActivity.onCreate
leak-21-0: 1.onClick
leak-31-0: 1.onClick
leak-26-1: ImageActivity.onPostCreate
leak-25-1: ImageActivity.onPostCreate
leak-24-1: ImageActivity.onPostCreate
leak-23-1: ImageActivity.onPostCreate
leak-22-1: ImageActivity.onPostCreate
leak-20-1: ImageActivity.onPostCreate
leak-26-2: ImageActivity.toggle
leak-25-2: ImageActivity.toggle
leak-24-2: ImageActivity.toggle
leak-23-2: ImageActivity.toggle
leak-22-2: ImageActivity.toggle
leak-20-2: ImageActivity.toggle
leak-26-3: ImageActivity.hide
leak-25-3: ImageActivity.hide
leak-24-3: ImageActivity.hide
leak-23-3: ImageActivity.hide
leak-22-3: ImageActivity.hide
leak-20-3: ImageActivity.hide
leak-26-4: ImageActivity.show
leak-25-4: ImageActivity.show
leak-24-4: ImageActivity.show
leak-23-4: ImageActivity.show
leak-22-4: ImageActivity.show
leak-20-4: ImageActivity.show
leak-26-5: ImageActivity.delayedHide
leak-25-5: ImageActivity.delayedHide
leak-24-5: ImageActivity.delayedHide
leak-23-5: ImageActivity.delayedHide
leak-22-5: ImageActivity.delayedHide
leak-20-5: ImageActivity.delayedHide
In file: ViewActivity.java
Input operator: SINK
leak-42-0: ViewActivity.onCreate
leak-41-0: ViewActivity.onCreate
leak-40-0: ViewActivity.onCreate
leak-39-0: ViewActivity.onCreate
leak-38-0: ViewActivity.onCreate
leak-37-0: ViewActivity.onCreate
leak-36-0: ViewActivity.onCreate
leak-35-0: ViewActivity.onCreate
leak-34-0: ViewActivity.onCreate
leak-33-0: ViewActivity.onCreate
leak-31-0: ViewActivity.onCreate
leak-32-0: 1.onClick
leak-44-0: 1.onClick
leak-42-1: ViewActivity.onCreateOptionsMenu
leak-41-1: ViewActivity.onCreateOptionsMenu
leak-40-1: ViewActivity.onCreateOptionsMenu
leak-39-1: ViewActivity.onCreateOptionsMenu
leak-38-1: ViewActivity.onCreateOptionsMenu
leak-37-1: ViewActivity.onCreateOptionsMenu
leak-36-1: ViewActivity.onCreateOptionsMenu
leak-35-1: ViewActivity.onCreateOptionsMenu
leak-34-1: ViewActivity.onCreateOptionsMenu
leak-33-1: ViewActivity.onCreateOptionsMenu
leak-31-1: ViewActivity.onCreateOptionsMenu
leak-42-2: ViewActivity.onOptionsItemSelected
leak-41-2: ViewActivity.onOptionsItemSelected
leak-40-2: ViewActivity.onOptionsItemSelected
leak-39-2: ViewActivity.onOptionsItemSelected
leak-38-2: ViewActivity.onOptionsItemSelected
leak-37-2: ViewActivity.onOptionsItemSelected
leak-36-2: ViewActivity.onOptionsItemSelected
leak-35-2: ViewActivity.onOptionsItemSelected
leak-34-2: ViewActivity.onOptionsItemSelected
leak-33-2: ViewActivity.onOptionsItemSelected
leak-31-2: ViewActivity.onOptionsItemSelected
leak-42-3: ViewActivity.checkPermission
leak-41-3: ViewActivity.checkPermission
leak-40-3: ViewActivity.checkPermission
leak-39-3: ViewActivity.checkPermission
leak-38-3: ViewActivity.checkPermission
leak-37-3: ViewActivity.checkPermission
leak-36-3: ViewActivity.checkPermission
leak-35-3: ViewActivity.checkPermission
leak-34-3: ViewActivity.checkPermission
leak-33-3: ViewActivity.checkPermission
leak-31-3: ViewActivity.checkPermission
leak-42-4: ViewActivity.downloadPicasso
leak-41-4: ViewActivity.downloadPicasso
leak-40-4: ViewActivity.downloadPicasso
leak-39-4: ViewActivity.downloadPicasso
leak-38-4: ViewActivity.downloadPicasso
leak-37-4: ViewActivity.downloadPicasso
leak-36-4: ViewActivity.downloadPicasso
leak-35-4: ViewActivity.downloadPicasso
leak-34-4: ViewActivity.downloadPicasso
leak-33-4: ViewActivity.downloadPicasso
leak-31-4: ViewActivity.downloadPicasso
leak-42-5: ViewActivity.OlderVersions
leak-41-5: ViewActivity.OlderVersions
leak-40-5: ViewActivity.OlderVersions
leak-39-5: ViewActivity.OlderVersions
leak-38-5: ViewActivity.OlderVersions
leak-37-5: ViewActivity.OlderVersions
leak-36-5: ViewActivity.OlderVersions
leak-35-5: ViewActivity.OlderVersions
leak-34-5: ViewActivity.OlderVersions
leak-33-5: ViewActivity.OlderVersions
leak-31-5: ViewActivity.OlderVersions
leak-42-6: ViewActivity.onRequestPermissionsResult
leak-41-6: ViewActivity.onRequestPermissionsResult
leak-40-6: ViewActivity.onRequestPermissionsResult
leak-39-6: ViewActivity.onRequestPermissionsResult
leak-38-6: ViewActivity.onRequestPermissionsResult
leak-37-6: ViewActivity.onRequestPermissionsResult
leak-36-6: ViewActivity.onRequestPermissionsResult
leak-35-6: ViewActivity.onRequestPermissionsResult
leak-34-6: ViewActivity.onRequestPermissionsResult
leak-33-6: ViewActivity.onRequestPermissionsResult
leak-31-6: ViewActivity.onRequestPermissionsResult
leak-42-7: ViewActivity.CheckPermission
leak-41-7: ViewActivity.CheckPermission
leak-40-7: ViewActivity.CheckPermission
leak-39-7: ViewActivity.CheckPermission
leak-38-7: ViewActivity.CheckPermission
leak-37-7: ViewActivity.CheckPermission
leak-36-7: ViewActivity.CheckPermission
leak-35-7: ViewActivity.CheckPermission
leak-34-7: ViewActivity.CheckPermission
leak-33-7: ViewActivity.CheckPermission
leak-31-7: ViewActivity.CheckPermission
leak-42-8: ViewActivity.getImageNameApod
leak-41-8: ViewActivity.getImageNameApod
leak-40-8: ViewActivity.getImageNameApod
leak-39-8: ViewActivity.getImageNameApod
leak-38-8: ViewActivity.getImageNameApod
leak-37-8: ViewActivity.getImageNameApod
leak-36-8: ViewActivity.getImageNameApod
leak-35-8: ViewActivity.getImageNameApod
leak-34-8: ViewActivity.getImageNameApod
leak-33-8: ViewActivity.getImageNameApod
leak-31-8: ViewActivity.getImageNameApod
leak-42-9: ViewActivity.setDataNasaAPOD
leak-41-9: ViewActivity.setDataNasaAPOD
leak-40-9: ViewActivity.setDataNasaAPOD
leak-39-9: ViewActivity.setDataNasaAPOD
leak-38-9: ViewActivity.setDataNasaAPOD
leak-37-9: ViewActivity.setDataNasaAPOD
leak-36-9: ViewActivity.setDataNasaAPOD
leak-35-9: ViewActivity.setDataNasaAPOD
leak-34-9: ViewActivity.setDataNasaAPOD
leak-33-9: ViewActivity.setDataNasaAPOD
leak-31-9: ViewActivity.setDataNasaAPOD
leak-42-10: ViewActivity.getConcat
leak-41-10: ViewActivity.getConcat
leak-40-10: ViewActivity.getConcat
leak-39-10: ViewActivity.getConcat
leak-38-10: ViewActivity.getConcat
leak-37-10: ViewActivity.getConcat
leak-36-10: ViewActivity.getConcat
leak-35-10: ViewActivity.getConcat
leak-34-10: ViewActivity.getConcat
leak-33-10: ViewActivity.getConcat
leak-31-10: ViewActivity.getConcat
In file: NASA.java
Input operator: SINK
leak-60-0: NASA.NASA
leak-59-0: NASA.NASA
leak-58-0: NASA.NASA
leak-57-0: NASA.NASA
leak-56-0: NASA.NASA
leak-55-0: NASA.NASA
leak-54-0: NASA.NASA
leak-53-0: NASA.NASA
leak-52-0: NASA.NASA
leak-51-0: NASA.NASA
leak-50-0: NASA.NASA
leak-49-0: NASA.NASA
leak-48-0: NASA.NASA
leak-47-0: NASA.NASA
leak-46-0: NASA.NASA
leak-45-0: NASA.NASA
leak-44-0: NASA.NASA
leak-60-1: NASA.getCopyright
leak-59-1: NASA.getCopyright
leak-58-1: NASA.getCopyright
leak-57-1: NASA.getCopyright
leak-56-1: NASA.getCopyright
leak-55-1: NASA.getCopyright
leak-54-1: NASA.getCopyright
leak-53-1: NASA.getCopyright
leak-52-1: NASA.getCopyright
leak-51-1: NASA.getCopyright
leak-50-1: NASA.getCopyright
leak-49-1: NASA.getCopyright
leak-48-1: NASA.getCopyright
leak-47-1: NASA.getCopyright
leak-46-1: NASA.getCopyright
leak-45-1: NASA.getCopyright
leak-44-1: NASA.getCopyright
leak-60-2: NASA.setCopyright
leak-59-2: NASA.setCopyright
leak-58-2: NASA.setCopyright
leak-57-2: NASA.setCopyright
leak-56-2: NASA.setCopyright
leak-55-2: NASA.setCopyright
leak-54-2: NASA.setCopyright
leak-53-2: NASA.setCopyright
leak-52-2: NASA.setCopyright
leak-51-2: NASA.setCopyright
leak-50-2: NASA.setCopyright
leak-49-2: NASA.setCopyright
leak-48-2: NASA.setCopyright
leak-47-2: NASA.setCopyright
leak-46-2: NASA.setCopyright
leak-45-2: NASA.setCopyright
leak-44-2: NASA.setCopyright
leak-60-3: NASA.getDate
leak-59-3: NASA.getDate
leak-58-3: NASA.getDate
leak-57-3: NASA.getDate
leak-56-3: NASA.getDate
leak-55-3: NASA.getDate
leak-54-3: NASA.getDate
leak-53-3: NASA.getDate
leak-52-3: NASA.getDate
leak-51-3: NASA.getDate
leak-50-3: NASA.getDate
leak-49-3: NASA.getDate
leak-48-3: NASA.getDate
leak-47-3: NASA.getDate
leak-46-3: NASA.getDate
leak-45-3: NASA.getDate
leak-44-3: NASA.getDate
leak-60-4: NASA.setDate
leak-59-4: NASA.setDate
leak-58-4: NASA.setDate
leak-57-4: NASA.setDate
leak-56-4: NASA.setDate
leak-55-4: NASA.setDate
leak-54-4: NASA.setDate
leak-53-4: NASA.setDate
leak-52-4: NASA.setDate
leak-51-4: NASA.setDate
leak-50-4: NASA.setDate
leak-49-4: NASA.setDate
leak-48-4: NASA.setDate
leak-47-4: NASA.setDate
leak-46-4: NASA.setDate
leak-45-4: NASA.setDate
leak-44-4: NASA.setDate
leak-60-5: NASA.getExplanation
leak-59-5: NASA.getExplanation
leak-58-5: NASA.getExplanation
leak-57-5: NASA.getExplanation
leak-56-5: NASA.getExplanation
leak-55-5: NASA.getExplanation
leak-54-5: NASA.getExplanation
leak-53-5: NASA.getExplanation
leak-52-5: NASA.getExplanation
leak-51-5: NASA.getExplanation
leak-50-5: NASA.getExplanation
leak-49-5: NASA.getExplanation
leak-48-5: NASA.getExplanation
leak-47-5: NASA.getExplanation
leak-46-5: NASA.getExplanation
leak-45-5: NASA.getExplanation
leak-44-5: NASA.getExplanation
leak-60-6: NASA.setExplanation
leak-59-6: NASA.setExplanation
leak-58-6: NASA.setExplanation
leak-57-6: NASA.setExplanation
leak-56-6: NASA.setExplanation
leak-55-6: NASA.setExplanation
leak-54-6: NASA.setExplanation
leak-53-6: NASA.setExplanation
leak-52-6: NASA.setExplanation
leak-51-6: NASA.setExplanation
leak-50-6: NASA.setExplanation
leak-49-6: NASA.setExplanation
leak-48-6: NASA.setExplanation
leak-47-6: NASA.setExplanation
leak-46-6: NASA.setExplanation
leak-45-6: NASA.setExplanation
leak-44-6: NASA.setExplanation
leak-60-7: NASA.getHdurl
leak-59-7: NASA.getHdurl
leak-58-7: NASA.getHdurl
leak-57-7: NASA.getHdurl
leak-56-7: NASA.getHdurl
leak-55-7: NASA.getHdurl
leak-54-7: NASA.getHdurl
leak-53-7: NASA.getHdurl
leak-52-7: NASA.getHdurl
leak-51-7: NASA.getHdurl
leak-50-7: NASA.getHdurl
leak-49-7: NASA.getHdurl
leak-48-7: NASA.getHdurl
leak-47-7: NASA.getHdurl
leak-46-7: NASA.getHdurl
leak-45-7: NASA.getHdurl
leak-44-7: NASA.getHdurl
leak-60-8: NASA.setHdurl
leak-59-8: NASA.setHdurl
leak-58-8: NASA.setHdurl
leak-57-8: NASA.setHdurl
leak-56-8: NASA.setHdurl
leak-55-8: NASA.setHdurl
leak-54-8: NASA.setHdurl
leak-53-8: NASA.setHdurl
leak-52-8: NASA.setHdurl
leak-51-8: NASA.setHdurl
leak-50-8: NASA.setHdurl
leak-49-8: NASA.setHdurl
leak-48-8: NASA.setHdurl
leak-47-8: NASA.setHdurl
leak-46-8: NASA.setHdurl
leak-45-8: NASA.setHdurl
leak-44-8: NASA.setHdurl
leak-60-9: NASA.getMedia_type
leak-59-9: NASA.getMedia_type
leak-58-9: NASA.getMedia_type
leak-57-9: NASA.getMedia_type
leak-56-9: NASA.getMedia_type
leak-55-9: NASA.getMedia_type
leak-54-9: NASA.getMedia_type
leak-53-9: NASA.getMedia_type
leak-52-9: NASA.getMedia_type
leak-51-9: NASA.getMedia_type
leak-50-9: NASA.getMedia_type
leak-49-9: NASA.getMedia_type
leak-48-9: NASA.getMedia_type
leak-47-9: NASA.getMedia_type
leak-46-9: NASA.getMedia_type
leak-45-9: NASA.getMedia_type
leak-44-9: NASA.getMedia_type
leak-60-10: NASA.setMedia_type
leak-59-10: NASA.setMedia_type
leak-58-10: NASA.setMedia_type
leak-57-10: NASA.setMedia_type
leak-56-10: NASA.setMedia_type
leak-55-10: NASA.setMedia_type
leak-54-10: NASA.setMedia_type
leak-53-10: NASA.setMedia_type
leak-52-10: NASA.setMedia_type
leak-51-10: NASA.setMedia_type
leak-50-10: NASA.setMedia_type
leak-49-10: NASA.setMedia_type
leak-48-10: NASA.setMedia_type
leak-47-10: NASA.setMedia_type
leak-46-10: NASA.setMedia_type
leak-45-10: NASA.setMedia_type
leak-44-10: NASA.setMedia_type
leak-60-11: NASA.getService_version
leak-59-11: NASA.getService_version
leak-58-11: NASA.getService_version
leak-57-11: NASA.getService_version
leak-56-11: NASA.getService_version
leak-55-11: NASA.getService_version
leak-54-11: NASA.getService_version
leak-53-11: NASA.getService_version
leak-52-11: NASA.getService_version
leak-51-11: NASA.getService_version
leak-50-11: NASA.getService_version
leak-49-11: NASA.getService_version
leak-48-11: NASA.getService_version
leak-47-11: NASA.getService_version
leak-46-11: NASA.getService_version
leak-45-11: NASA.getService_version
leak-44-11: NASA.getService_version
leak-60-12: NASA.setService_version
leak-59-12: NASA.setService_version
leak-58-12: NASA.setService_version
leak-57-12: NASA.setService_version
leak-56-12: NASA.setService_version
leak-55-12: NASA.setService_version
leak-54-12: NASA.setService_version
leak-53-12: NASA.setService_version
leak-52-12: NASA.setService_version
leak-51-12: NASA.setService_version
leak-50-12: NASA.setService_version
leak-49-12: NASA.setService_version
leak-48-12: NASA.setService_version
leak-47-12: NASA.setService_version
leak-46-12: NASA.setService_version
leak-45-12: NASA.setService_version
leak-44-12: NASA.setService_version
leak-60-13: NASA.getTitle
leak-59-13: NASA.getTitle
leak-58-13: NASA.getTitle
leak-57-13: NASA.getTitle
leak-56-13: NASA.getTitle
leak-55-13: NASA.getTitle
leak-54-13: NASA.getTitle
leak-53-13: NASA.getTitle
leak-52-13: NASA.getTitle
leak-51-13: NASA.getTitle
leak-50-13: NASA.getTitle
leak-49-13: NASA.getTitle
leak-48-13: NASA.getTitle
leak-47-13: NASA.getTitle
leak-46-13: NASA.getTitle
leak-45-13: NASA.getTitle
leak-44-13: NASA.getTitle
leak-60-14: NASA.setTitle
leak-59-14: NASA.setTitle
leak-58-14: NASA.setTitle
leak-57-14: NASA.setTitle
leak-56-14: NASA.setTitle
leak-55-14: NASA.setTitle
leak-54-14: NASA.setTitle
leak-53-14: NASA.setTitle
leak-52-14: NASA.setTitle
leak-51-14: NASA.setTitle
leak-50-14: NASA.setTitle
leak-49-14: NASA.setTitle
leak-48-14: NASA.setTitle
leak-47-14: NASA.setTitle
leak-46-14: NASA.setTitle
leak-45-14: NASA.setTitle
leak-44-14: NASA.setTitle
leak-60-15: NASA.getUrl
leak-59-15: NASA.getUrl
leak-58-15: NASA.getUrl
leak-57-15: NASA.getUrl
leak-56-15: NASA.getUrl
leak-55-15: NASA.getUrl
leak-54-15: NASA.getUrl
leak-53-15: NASA.getUrl
leak-52-15: NASA.getUrl
leak-51-15: NASA.getUrl
leak-50-15: NASA.getUrl
leak-49-15: NASA.getUrl
leak-48-15: NASA.getUrl
leak-47-15: NASA.getUrl
leak-46-15: NASA.getUrl
leak-45-15: NASA.getUrl
leak-44-15: NASA.getUrl
leak-60-16: NASA.setUrl
leak-59-16: NASA.setUrl
leak-58-16: NASA.setUrl
leak-57-16: NASA.setUrl
leak-56-16: NASA.setUrl
leak-55-16: NASA.setUrl
leak-54-16: NASA.setUrl
leak-53-16: NASA.setUrl
leak-52-16: NASA.setUrl
leak-51-16: NASA.setUrl
leak-50-16: NASA.setUrl
leak-49-16: NASA.setUrl
leak-48-16: NASA.setUrl
leak-47-16: NASA.setUrl
leak-46-16: NASA.setUrl
leak-45-16: NASA.setUrl
leak-44-16: NASA.setUrl
In file: PicassoDownloader.java
Input operator: SINK
leak-65-0: PicassoDownloader.PicassoDownloader
leak-64-0: PicassoDownloader.PicassoDownloader
leak-63-0: PicassoDownloader.PicassoDownloader
leak-62-0: PicassoDownloader.PicassoDownloader
leak-61-0: PicassoDownloader.PicassoDownloader
leak-65-1: PicassoDownloader.onPrepareLoad
leak-64-1: PicassoDownloader.onPrepareLoad
leak-63-1: PicassoDownloader.onPrepareLoad
leak-62-1: PicassoDownloader.onPrepareLoad
leak-61-1: PicassoDownloader.onPrepareLoad
leak-65-2: PicassoDownloader.onBitmapLoaded
leak-64-2: PicassoDownloader.onBitmapLoaded
leak-63-2: PicassoDownloader.onBitmapLoaded
leak-62-2: PicassoDownloader.onBitmapLoaded
leak-61-2: PicassoDownloader.onBitmapLoaded
leak-65-3: PicassoDownloader.saveImage
leak-64-3: PicassoDownloader.saveImage
leak-63-3: PicassoDownloader.saveImage
leak-62-3: PicassoDownloader.saveImage
leak-61-3: PicassoDownloader.saveImage
leak-65-4: PicassoDownloader.onBitmapFailed
leak-64-4: PicassoDownloader.onBitmapFailed
leak-63-4: PicassoDownloader.onBitmapFailed
leak-62-4: PicassoDownloader.onBitmapFailed
leak-61-4: PicassoDownloader.onBitmapFailed
In file: MyAdapter.java
Input operator: SINK
leak-74-0: MyAdapter.addAll
leak-72-0: MyAdapter.addAll
leak-70-0: MyAdapter.addAll
leak-69-0: MyAdapter.addAll
leak-68-0: MyAdapter.addAll
leak-67-0: MyAdapter.addAll
leak-66-0: MyAdapter.addAll
leak-74-1: MyAdapter.MyAdapter
leak-72-1: MyAdapter.MyAdapter
leak-70-1: MyAdapter.MyAdapter
leak-69-1: MyAdapter.MyAdapter
leak-68-1: MyAdapter.MyAdapter
leak-67-1: MyAdapter.MyAdapter
leak-66-1: MyAdapter.MyAdapter
leak-74-2: MyAdapter.onCreateViewHolder
leak-72-2: MyAdapter.onCreateViewHolder
leak-70-2: MyAdapter.onCreateViewHolder
leak-69-2: MyAdapter.onCreateViewHolder
leak-68-2: MyAdapter.onCreateViewHolder
leak-67-2: MyAdapter.onCreateViewHolder
leak-66-2: MyAdapter.onCreateViewHolder
leak-74-3: MyAdapter.onBindViewHolder
leak-72-3: MyAdapter.onBindViewHolder
leak-70-3: MyAdapter.onBindViewHolder
leak-69-3: MyAdapter.onBindViewHolder
leak-68-3: MyAdapter.onBindViewHolder
leak-67-3: MyAdapter.onBindViewHolder
leak-66-3: MyAdapter.onBindViewHolder
leak-74-4: MyAdapter.getItemCount
leak-72-4: MyAdapter.getItemCount
leak-70-4: MyAdapter.getItemCount
leak-69-4: MyAdapter.getItemCount
leak-68-4: MyAdapter.getItemCount
leak-67-4: MyAdapter.getItemCount
leak-66-4: MyAdapter.getItemCount
leak-73-0: ViewHolder.ViewHolder
leak-71-0: ViewHolder.ViewHolder
leak-74-5: ViewHolder.ViewHolder
leak-72-5: ViewHolder.ViewHolder
leak-70-5: ViewHolder.ViewHolder
leak-69-5: ViewHolder.ViewHolder
leak-68-5: ViewHolder.ViewHolder
leak-67-5: ViewHolder.ViewHolder
leak-66-5: ViewHolder.ViewHolder
leak-73-1: ViewHolder.bind
leak-71-1: ViewHolder.bind
leak-74-6: ViewHolder.bind
leak-72-6: ViewHolder.bind
leak-70-6: ViewHolder.bind
leak-69-6: ViewHolder.bind
leak-68-6: ViewHolder.bind
leak-67-6: ViewHolder.bind
leak-66-6: ViewHolder.bind
leak-75-0: 1.onClick
leak-77-0: 1.onClick
leak-78-0: 1.onClick
In file: NasaController.java
Input operator: SINK
leak-78-0: NasaController.getNASAAPODS
leak-80-0: 1.onResponse
leak-79-0: 1.onResponse
leak-82-0: 1.onResponse
leak-80-1: 1.onFailure
leak-79-1: 1.onFailure
leak-83-0: 1.onFailure
